[2025-02-11T00:32:01.525+0000] {local_task_job_runner.py:123} INFO - ::group::Pre task execution logs
[2025-02-11T00:32:01.646+0000] {taskinstance.py:2613} INFO - Dependencies all met for dep_context=non-requeueable deps ti=<TaskInstance: IMPORTATION_ECRITURE_COMPTABLES_ARTICLE_dag.check_directory scheduled__2025-02-11T00:31:00+00:00 [queued]>
[2025-02-11T00:32:01.653+0000] {taskinstance.py:2613} INFO - Dependencies all met for dep_context=requeueable deps ti=<TaskInstance: IMPORTATION_ECRITURE_COMPTABLES_ARTICLE_dag.check_directory scheduled__2025-02-11T00:31:00+00:00 [queued]>
[2025-02-11T00:32:01.654+0000] {taskinstance.py:2866} INFO - Starting attempt 1 of 2
[2025-02-11T00:32:01.667+0000] {taskinstance.py:2889} INFO - Executing <Task(BranchPythonOperator): check_directory> on 2025-02-11 00:31:00+00:00
[2025-02-11T00:32:01.673+0000] {warnings.py:112} WARNING - /home/***/.local/lib/python3.12/site-packages/***/task/task_runner/standard_task_runner.py:70: DeprecationWarning: This process (pid=3767) is multi-threaded, use of fork() may lead to deadlocks in the child.
  pid = os.fork()

[2025-02-11T00:32:01.674+0000] {standard_task_runner.py:72} INFO - Started process 3769 to run task
[2025-02-11T00:32:01.675+0000] {standard_task_runner.py:104} INFO - Running: ['***', 'tasks', 'run', 'IMPORTATION_ECRITURE_COMPTABLES_ARTICLE_dag', 'check_directory', 'scheduled__2025-02-11T00:31:00+00:00', '--job-id', '1734', '--raw', '--subdir', 'DAGS_FOLDER/my_directory_and_file_checker.py', '--cfg-path', '/tmp/tmp4t38i2ec']
[2025-02-11T00:32:01.676+0000] {standard_task_runner.py:105} INFO - Job 1734: Subtask check_directory
[2025-02-11T00:32:01.717+0000] {task_command.py:467} INFO - Running <TaskInstance: IMPORTATION_ECRITURE_COMPTABLES_ARTICLE_dag.check_directory scheduled__2025-02-11T00:31:00+00:00 [running]> on host b6443be51f35
[2025-02-11T00:32:01.793+0000] {taskinstance.py:3132} INFO - Exporting env vars: AIRFLOW_CTX_DAG_OWNER='***' AIRFLOW_CTX_DAG_ID='IMPORTATION_ECRITURE_COMPTABLES_ARTICLE_dag' AIRFLOW_CTX_TASK_ID='check_directory' AIRFLOW_CTX_EXECUTION_DATE='2025-02-11T00:31:00+00:00' AIRFLOW_CTX_TRY_NUMBER='1' AIRFLOW_CTX_DAG_RUN_ID='scheduled__2025-02-11T00:31:00+00:00'
[2025-02-11T00:32:01.795+0000] {logging_mixin.py:190} INFO - Task instance is in running state
[2025-02-11T00:32:01.796+0000] {logging_mixin.py:190} INFO -  Previous state of the Task instance: queued
[2025-02-11T00:32:01.796+0000] {logging_mixin.py:190} INFO - Current task name:check_directory state:running start_date:2025-02-11 00:32:01.647381+00:00
[2025-02-11T00:32:01.797+0000] {logging_mixin.py:190} INFO - Dag name:IMPORTATION_ECRITURE_COMPTABLES_ARTICLE_dag and current dag run status:running
[2025-02-11T00:32:01.798+0000] {taskinstance.py:731} INFO - ::endgroup::
[2025-02-11T00:32:01.799+0000] {baseoperator.py:421} WARNING - BranchPythonOperator.execute cannot be called outside TaskInstance!
[2025-02-11T00:32:01.800+0000] {python.py:240} INFO - Done. Returned value was: check_file_in_directory
[2025-02-11T00:32:01.800+0000] {branch.py:38} INFO - Branch into check_file_in_directory
[2025-02-11T00:32:01.801+0000] {skipmixin.py:230} INFO - Following branch ('check_file_in_directory',)
[2025-02-11T00:32:01.810+0000] {skipmixin.py:278} INFO - Skipping tasks []
[2025-02-11T00:32:01.837+0000] {taskinstance.py:340} INFO - ::group::Post task execution logs
[2025-02-11T00:32:01.838+0000] {taskinstance.py:352} INFO - Marking task as SUCCESS. dag_id=IMPORTATION_ECRITURE_COMPTABLES_ARTICLE_dag, task_id=check_directory, run_id=scheduled__2025-02-11T00:31:00+00:00, execution_date=20250211T003100, start_date=20250211T003201, end_date=20250211T003201
[2025-02-11T00:32:01.846+0000] {logging_mixin.py:190} INFO - Task instance in success state
[2025-02-11T00:32:01.847+0000] {logging_mixin.py:190} INFO -  Previous state of the Task instance: running
[2025-02-11T00:32:01.848+0000] {logging_mixin.py:190} INFO - Dag name:IMPORTATION_ECRITURE_COMPTABLES_ARTICLE_dag queued_at:2025-02-11 00:32:00.237999+00:00
[2025-02-11T00:32:01.848+0000] {logging_mixin.py:190} INFO - Task hostname:b6443be51f35 operator:BranchPythonOperator
[2025-02-11T00:32:01.890+0000] {local_task_job_runner.py:266} INFO - Task exited with return code 0
[2025-02-11T00:32:01.917+0000] {taskinstance.py:3895} INFO - 1 downstream tasks scheduled from follow-on schedule check
[2025-02-11T00:32:01.920+0000] {local_task_job_runner.py:245} INFO - ::endgroup::
[2025-02-11T00:32:51.508+0000] {local_task_job_runner.py:123} INFO - ::group::Pre task execution logs
[2025-02-11T00:32:51.695+0000] {taskinstance.py:2613} INFO - Dependencies all met for dep_context=non-requeueable deps ti=<TaskInstance: IMPORTATION_ECRITURE_COMPTABLES_ARTICLE_dag.check_directory scheduled__2025-02-11T00:31:00+00:00 [queued]>
[2025-02-11T00:32:51.706+0000] {taskinstance.py:2613} INFO - Dependencies all met for dep_context=requeueable deps ti=<TaskInstance: IMPORTATION_ECRITURE_COMPTABLES_ARTICLE_dag.check_directory scheduled__2025-02-11T00:31:00+00:00 [queued]>
[2025-02-11T00:32:51.707+0000] {taskinstance.py:2866} INFO - Starting attempt 1 of 2
[2025-02-11T00:32:51.724+0000] {taskinstance.py:2889} INFO - Executing <Task(BranchPythonOperator): check_directory> on 2025-02-11 00:31:00+00:00
[2025-02-11T00:32:51.732+0000] {warnings.py:112} WARNING - /home/***/.local/lib/python3.12/site-packages/***/task/task_runner/standard_task_runner.py:70: DeprecationWarning: This process (pid=3786) is multi-threaded, use of fork() may lead to deadlocks in the child.
  pid = os.fork()

[2025-02-11T00:32:51.734+0000] {standard_task_runner.py:72} INFO - Started process 3788 to run task
[2025-02-11T00:32:51.733+0000] {standard_task_runner.py:104} INFO - Running: ['***', 'tasks', 'run', 'IMPORTATION_ECRITURE_COMPTABLES_ARTICLE_dag', 'check_directory', 'scheduled__2025-02-11T00:31:00+00:00', '--job-id', '1737', '--raw', '--subdir', 'DAGS_FOLDER/my_directory_and_file_checker.py', '--cfg-path', '/tmp/tmp4p9_y49n']
[2025-02-11T00:32:51.735+0000] {standard_task_runner.py:105} INFO - Job 1737: Subtask check_directory
[2025-02-11T00:32:51.789+0000] {task_command.py:467} INFO - Running <TaskInstance: IMPORTATION_ECRITURE_COMPTABLES_ARTICLE_dag.check_directory scheduled__2025-02-11T00:31:00+00:00 [running]> on host b6443be51f35
[2025-02-11T00:32:51.878+0000] {taskinstance.py:3132} INFO - Exporting env vars: AIRFLOW_CTX_DAG_OWNER='***' AIRFLOW_CTX_DAG_ID='IMPORTATION_ECRITURE_COMPTABLES_ARTICLE_dag' AIRFLOW_CTX_TASK_ID='check_directory' AIRFLOW_CTX_EXECUTION_DATE='2025-02-11T00:31:00+00:00' AIRFLOW_CTX_TRY_NUMBER='1' AIRFLOW_CTX_DAG_RUN_ID='scheduled__2025-02-11T00:31:00+00:00'
[2025-02-11T00:32:51.880+0000] {logging_mixin.py:190} INFO - Task instance is in running state
[2025-02-11T00:32:51.881+0000] {logging_mixin.py:190} INFO -  Previous state of the Task instance: queued
[2025-02-11T00:32:51.881+0000] {logging_mixin.py:190} INFO - Current task name:check_directory state:running start_date:2025-02-11 00:32:51.696921+00:00
[2025-02-11T00:32:51.882+0000] {logging_mixin.py:190} INFO - Dag name:IMPORTATION_ECRITURE_COMPTABLES_ARTICLE_dag and current dag run status:running
[2025-02-11T00:32:51.882+0000] {taskinstance.py:731} INFO - ::endgroup::
[2025-02-11T00:32:51.883+0000] {baseoperator.py:421} WARNING - BranchPythonOperator.execute cannot be called outside TaskInstance!
[2025-02-11T00:32:51.883+0000] {python.py:240} INFO - Done. Returned value was: check_file_in_directory
[2025-02-11T00:32:51.884+0000] {branch.py:38} INFO - Branch into check_file_in_directory
[2025-02-11T00:32:51.884+0000] {skipmixin.py:230} INFO - Following branch ('check_file_in_directory',)
[2025-02-11T00:32:51.902+0000] {skipmixin.py:278} INFO - Skipping tasks []
[2025-02-11T00:32:51.934+0000] {taskinstance.py:340} INFO - ::group::Post task execution logs
[2025-02-11T00:32:51.935+0000] {taskinstance.py:352} INFO - Marking task as SUCCESS. dag_id=IMPORTATION_ECRITURE_COMPTABLES_ARTICLE_dag, task_id=check_directory, run_id=scheduled__2025-02-11T00:31:00+00:00, execution_date=20250211T003100, start_date=20250211T003251, end_date=20250211T003251
[2025-02-11T00:32:51.955+0000] {logging_mixin.py:190} INFO - Task instance in success state
[2025-02-11T00:32:51.956+0000] {logging_mixin.py:190} INFO -  Previous state of the Task instance: running
[2025-02-11T00:32:51.956+0000] {logging_mixin.py:190} INFO - Dag name:IMPORTATION_ECRITURE_COMPTABLES_ARTICLE_dag queued_at:2025-02-11 00:32:49.636129+00:00
[2025-02-11T00:32:51.957+0000] {logging_mixin.py:190} INFO - Task hostname:b6443be51f35 operator:BranchPythonOperator
[2025-02-11T00:32:51.989+0000] {local_task_job_runner.py:266} INFO - Task exited with return code 0
[2025-02-11T00:32:52.036+0000] {taskinstance.py:3895} INFO - 1 downstream tasks scheduled from follow-on schedule check
[2025-02-11T00:32:52.039+0000] {local_task_job_runner.py:245} INFO - ::endgroup::
