[2025-02-09T12:07:45.443+0000] {local_task_job_runner.py:123} INFO - ::group::Pre task execution logs
[2025-02-09T12:07:45.460+0000] {taskinstance.py:2613} INFO - Dependencies all met for dep_context=non-requeueable deps ti=<TaskInstance: directory_and_file_verification_dag.verify_file_reliability manual__2025-02-09T12:07:39.535001+00:00 [queued]>
[2025-02-09T12:07:45.569+0000] {taskinstance.py:2613} INFO - Dependencies all met for dep_context=requeueable deps ti=<TaskInstance: directory_and_file_verification_dag.verify_file_reliability manual__2025-02-09T12:07:39.535001+00:00 [queued]>
[2025-02-09T12:07:45.569+0000] {taskinstance.py:2866} INFO - Starting attempt 1 of 1
[2025-02-09T12:07:45.580+0000] {taskinstance.py:2889} INFO - Executing <Task(BranchPythonOperator): verify_file_reliability> on 2025-02-09 12:07:39.535001+00:00
[2025-02-09T12:07:45.586+0000] {warnings.py:112} WARNING - /home/***/.local/lib/python3.12/site-packages/***/task/task_runner/standard_task_runner.py:70: DeprecationWarning: This process (pid=559) is multi-threaded, use of fork() may lead to deadlocks in the child.
  pid = os.fork()

[2025-02-09T12:07:45.588+0000] {standard_task_runner.py:72} INFO - Started process 561 to run task
[2025-02-09T12:07:45.588+0000] {standard_task_runner.py:104} INFO - Running: ['***', 'tasks', 'run', 'directory_and_file_verification_dag', 'verify_file_reliability', 'manual__2025-02-09T12:07:39.535001+00:00', '--job-id', '1510', '--raw', '--subdir', 'DAGS_FOLDER/my_directory_and_file_checker.py', '--cfg-path', '/tmp/tmpn5qsc31u']
[2025-02-09T12:07:45.589+0000] {standard_task_runner.py:105} INFO - Job 1510: Subtask verify_file_reliability
[2025-02-09T12:07:45.625+0000] {task_command.py:467} INFO - Running <TaskInstance: directory_and_file_verification_dag.verify_file_reliability manual__2025-02-09T12:07:39.535001+00:00 [running]> on host a6b46cf73464
[2025-02-09T12:07:45.690+0000] {taskinstance.py:3132} INFO - Exporting env vars: AIRFLOW_CTX_DAG_OWNER='***' AIRFLOW_CTX_DAG_ID='directory_and_file_verification_dag' AIRFLOW_CTX_TASK_ID='verify_file_reliability' AIRFLOW_CTX_EXECUTION_DATE='2025-02-09T12:07:39.535001+00:00' AIRFLOW_CTX_TRY_NUMBER='1' AIRFLOW_CTX_DAG_RUN_ID='manual__2025-02-09T12:07:39.535001+00:00'
[2025-02-09T12:07:45.691+0000] {logging_mixin.py:190} INFO - Task instance is in running state
[2025-02-09T12:07:45.692+0000] {logging_mixin.py:190} INFO -  Previous state of the Task instance: queued
[2025-02-09T12:07:45.692+0000] {logging_mixin.py:190} INFO - Current task name:verify_file_reliability state:running start_date:2025-02-09 12:07:45.461650+00:00
[2025-02-09T12:07:45.693+0000] {logging_mixin.py:190} INFO - Dag name:directory_and_file_verification_dag and current dag run status:running
[2025-02-09T12:07:45.694+0000] {taskinstance.py:731} INFO - ::endgroup::
[2025-02-09T12:07:45.694+0000] {baseoperator.py:421} WARNING - BranchPythonOperator.execute cannot be called outside TaskInstance!
[2025-02-09T12:07:45.695+0000] {logging_mixin.py:190} INFO - camarche22 /opt/***/files/in ['.csv'] ['utf-8', 'ISO-8859-1', 'Windows-1252']
[2025-02-09T12:07:45.706+0000] {my_directory_and_file_checker.py:139} ERROR - ❌ Erreur d'encodage (utf-8) pour Écritures_20250209_112100_20250209_120022_20250209_120523.csv: 'utf-8' codec can't decode byte 0xb0 in position 1: invalid start byte
[2025-02-09T12:07:45.726+0000] {logging_mixin.py:190} INFO - 
📂 Contenu du fichier (ISO-8859-1): Écritures_20250209_112100_20250209_120022_20250209_120523.csv
[2025-02-09T12:07:45.734+0000] {logging_mixin.py:190} INFO -   Date comptabilisation       N° lot Type écriture
0            31/12/2024  A-BNDK 2304    Production
1            31/12/2024  B-BNDK 2304    Production
2            31/12/2024  C-BNDK 2304    Production
3            31/12/2024  D-BNDK 2304    Production
4            31/12/2024  E-BNDK 2304    Production
[2025-02-09T12:07:46.586+0000] {logging_mixin.py:190} INFO - ✅Lignes  ('✅ Le fichier respecte les colonnes attendues et les types de données.', True) 9854
[2025-02-09T12:07:46.591+0000] {logging_mixin.py:190} INFO - merci
[2025-02-09T12:07:46.602+0000] {base.py:84} INFO - Retrieving connection 'mysql_conn'
[2025-02-09T12:07:46.615+0000] {logging_mixin.py:190} INFO - (('attendancedb',), ('caprostockdb',), ('information_schema',), ('mysql',), ('netvision_db',), ('performance_schema',), ('pointing_db',), ('posgpt_db',), ('pythondb',), ('sys',), ('testimportdb',))
[2025-02-09T12:07:46.648+0000] {logging_mixin.py:190} INFO - ⚠️ Données supprimées avant insertion.
[2025-02-09T12:07:47.097+0000] {sql.py:691} INFO - Loaded 1000 rows into temp_ecc so far
[2025-02-09T12:07:47.545+0000] {sql.py:691} INFO - Loaded 2000 rows into temp_ecc so far
[2025-02-09T12:07:48.076+0000] {sql.py:691} INFO - Loaded 3000 rows into temp_ecc so far
[2025-02-09T12:07:48.666+0000] {sql.py:691} INFO - Loaded 4000 rows into temp_ecc so far
[2025-02-09T12:07:49.329+0000] {sql.py:691} INFO - Loaded 5000 rows into temp_ecc so far
[2025-02-09T12:07:50.017+0000] {sql.py:691} INFO - Loaded 6000 rows into temp_ecc so far
[2025-02-09T12:07:51.039+0000] {sql.py:691} INFO - Loaded 7000 rows into temp_ecc so far
[2025-02-09T12:07:51.934+0000] {sql.py:691} INFO - Loaded 8000 rows into temp_ecc so far
[2025-02-09T12:07:52.802+0000] {sql.py:691} INFO - Loaded 9000 rows into temp_ecc so far
[2025-02-09T12:07:53.566+0000] {sql.py:694} INFO - Done loading. Loaded a total of 9854 rows into temp_ecc
[2025-02-09T12:07:53.569+0000] {logging_mixin.py:190} INFO - connexion sql reussie True
[2025-02-09T12:07:53.576+0000] {logging_mixin.py:190} INFO - ❌ Erreur lors du déplacement du fichier : [Errno 2] No such file or directory: '/opt/***/files/out/succes/Écritures_20250209_112100_20250209_120022_20250209_120523_20250209_120753.csv'
[2025-02-09T12:07:53.580+0000] {python.py:240} INFO - Done. Returned value was: end
[2025-02-09T12:07:53.581+0000] {branch.py:38} INFO - Branch into end
[2025-02-09T12:07:53.581+0000] {skipmixin.py:230} INFO - Following branch ('end',)
[2025-02-09T12:07:53.597+0000] {skipmixin.py:278} INFO - Skipping tasks []
[2025-02-09T12:07:53.635+0000] {taskinstance.py:340} INFO - ::group::Post task execution logs
[2025-02-09T12:07:53.636+0000] {taskinstance.py:352} INFO - Marking task as SUCCESS. dag_id=directory_and_file_verification_dag, task_id=verify_file_reliability, run_id=manual__2025-02-09T12:07:39.535001+00:00, execution_date=20250209T120739, start_date=20250209T120745, end_date=20250209T120753
[2025-02-09T12:07:53.650+0000] {logging_mixin.py:190} INFO - Task instance in success state
[2025-02-09T12:07:53.651+0000] {logging_mixin.py:190} INFO -  Previous state of the Task instance: running
[2025-02-09T12:07:53.652+0000] {logging_mixin.py:190} INFO - Dag name:directory_and_file_verification_dag queued_at:2025-02-09 12:07:39.540892+00:00
[2025-02-09T12:07:53.652+0000] {logging_mixin.py:190} INFO - Task hostname:a6b46cf73464 operator:BranchPythonOperator
[2025-02-09T12:07:53.675+0000] {local_task_job_runner.py:266} INFO - Task exited with return code 0
[2025-02-09T12:07:53.703+0000] {taskinstance.py:3895} INFO - 0 downstream tasks scheduled from follow-on schedule check
[2025-02-09T12:07:53.705+0000] {local_task_job_runner.py:245} INFO - ::endgroup::
