[2025-02-10T21:07:04.803+0000] {local_task_job_runner.py:123} INFO - ::group::Pre task execution logs
[2025-02-10T21:07:04.999+0000] {taskinstance.py:2613} INFO - Dependencies all met for dep_context=non-requeueable deps ti=<TaskInstance: IMPORTATION_ECRITURE_COMPTABLES_ARTICLE_dag.check_file_in_directory scheduled__2025-02-10T21:06:00+00:00 [queued]>
[2025-02-10T21:07:05.009+0000] {taskinstance.py:2613} INFO - Dependencies all met for dep_context=requeueable deps ti=<TaskInstance: IMPORTATION_ECRITURE_COMPTABLES_ARTICLE_dag.check_file_in_directory scheduled__2025-02-10T21:06:00+00:00 [queued]>
[2025-02-10T21:07:05.010+0000] {taskinstance.py:2866} INFO - Starting attempt 1 of 2
[2025-02-10T21:07:05.027+0000] {taskinstance.py:2889} INFO - Executing <Task(BranchPythonOperator): check_file_in_directory> on 2025-02-10 21:06:00+00:00
[2025-02-10T21:07:05.035+0000] {warnings.py:112} WARNING - /home/***/.local/lib/python3.12/site-packages/***/task/task_runner/standard_task_runner.py:70: DeprecationWarning: This process (pid=2288) is multi-threaded, use of fork() may lead to deadlocks in the child.
  pid = os.fork()

[2025-02-10T21:07:05.036+0000] {standard_task_runner.py:72} INFO - Started process 2290 to run task
[2025-02-10T21:07:05.037+0000] {standard_task_runner.py:104} INFO - Running: ['***', 'tasks', 'run', 'IMPORTATION_ECRITURE_COMPTABLES_ARTICLE_dag', 'check_file_in_directory', 'scheduled__2025-02-10T21:06:00+00:00', '--job-id', '1025', '--raw', '--subdir', 'DAGS_FOLDER/my_directory_and_file_checker.py', '--cfg-path', '/tmp/tmp1ehee9k6']
[2025-02-10T21:07:05.038+0000] {standard_task_runner.py:105} INFO - Job 1025: Subtask check_file_in_directory
[2025-02-10T21:07:05.087+0000] {task_command.py:467} INFO - Running <TaskInstance: IMPORTATION_ECRITURE_COMPTABLES_ARTICLE_dag.check_file_in_directory scheduled__2025-02-10T21:06:00+00:00 [running]> on host b6443be51f35
[2025-02-10T21:07:05.177+0000] {taskinstance.py:3132} INFO - Exporting env vars: AIRFLOW_CTX_DAG_OWNER='***' AIRFLOW_CTX_DAG_ID='IMPORTATION_ECRITURE_COMPTABLES_ARTICLE_dag' AIRFLOW_CTX_TASK_ID='check_file_in_directory' AIRFLOW_CTX_EXECUTION_DATE='2025-02-10T21:06:00+00:00' AIRFLOW_CTX_TRY_NUMBER='1' AIRFLOW_CTX_DAG_RUN_ID='scheduled__2025-02-10T21:06:00+00:00'
[2025-02-10T21:07:05.179+0000] {logging_mixin.py:190} INFO - Task instance is in running state
[2025-02-10T21:07:05.179+0000] {logging_mixin.py:190} INFO -  Previous state of the Task instance: queued
[2025-02-10T21:07:05.180+0000] {logging_mixin.py:190} INFO - Current task name:check_file_in_directory state:running start_date:2025-02-10 21:07:05.000030+00:00
[2025-02-10T21:07:05.181+0000] {logging_mixin.py:190} INFO - Dag name:IMPORTATION_ECRITURE_COMPTABLES_ARTICLE_dag and current dag run status:running
[2025-02-10T21:07:05.182+0000] {taskinstance.py:731} INFO - ::endgroup::
[2025-02-10T21:07:05.182+0000] {baseoperator.py:421} WARNING - BranchPythonOperator.execute cannot be called outside TaskInstance!
[2025-02-10T21:07:05.183+0000] {logging_mixin.py:190} INFO - ca marche /opt/***/files/in ['.csv']
[2025-02-10T21:07:05.187+0000] {python.py:240} INFO - Done. Returned value was: verify_file_reliability
[2025-02-10T21:07:05.188+0000] {branch.py:38} INFO - Branch into verify_file_reliability
[2025-02-10T21:07:05.188+0000] {skipmixin.py:230} INFO - Following branch ('verify_file_reliability',)
[2025-02-10T21:07:05.199+0000] {skipmixin.py:278} INFO - Skipping tasks []
[2025-02-10T21:07:05.231+0000] {taskinstance.py:340} INFO - ::group::Post task execution logs
[2025-02-10T21:07:05.232+0000] {taskinstance.py:352} INFO - Marking task as SUCCESS. dag_id=IMPORTATION_ECRITURE_COMPTABLES_ARTICLE_dag, task_id=check_file_in_directory, run_id=scheduled__2025-02-10T21:06:00+00:00, execution_date=20250210T210600, start_date=20250210T210705, end_date=20250210T210705
[2025-02-10T21:07:05.242+0000] {logging_mixin.py:190} INFO - Task instance in success state
[2025-02-10T21:07:05.243+0000] {logging_mixin.py:190} INFO -  Previous state of the Task instance: running
[2025-02-10T21:07:05.243+0000] {logging_mixin.py:190} INFO - Dag name:IMPORTATION_ECRITURE_COMPTABLES_ARTICLE_dag queued_at:2025-02-10 21:07:00.913956+00:00
[2025-02-10T21:07:05.244+0000] {logging_mixin.py:190} INFO - Task hostname:b6443be51f35 operator:BranchPythonOperator
[2025-02-10T21:07:05.292+0000] {local_task_job_runner.py:266} INFO - Task exited with return code 0
[2025-02-10T21:07:05.324+0000] {taskinstance.py:3895} INFO - 1 downstream tasks scheduled from follow-on schedule check
[2025-02-10T21:07:05.327+0000] {local_task_job_runner.py:245} INFO - ::endgroup::
[2025-02-10T21:07:50.430+0000] {local_task_job_runner.py:123} INFO - ::group::Pre task execution logs
[2025-02-10T21:07:50.450+0000] {taskinstance.py:2613} INFO - Dependencies all met for dep_context=non-requeueable deps ti=<TaskInstance: IMPORTATION_ECRITURE_COMPTABLES_ARTICLE_dag.check_file_in_directory scheduled__2025-02-10T21:06:00+00:00 [queued]>
[2025-02-10T21:07:50.577+0000] {taskinstance.py:2613} INFO - Dependencies all met for dep_context=requeueable deps ti=<TaskInstance: IMPORTATION_ECRITURE_COMPTABLES_ARTICLE_dag.check_file_in_directory scheduled__2025-02-10T21:06:00+00:00 [queued]>
[2025-02-10T21:07:50.578+0000] {taskinstance.py:2866} INFO - Starting attempt 1 of 2
[2025-02-10T21:07:50.591+0000] {taskinstance.py:2889} INFO - Executing <Task(BranchPythonOperator): check_file_in_directory> on 2025-02-10 21:06:00+00:00
[2025-02-10T21:07:50.598+0000] {warnings.py:112} WARNING - /home/***/.local/lib/python3.12/site-packages/***/task/task_runner/standard_task_runner.py:70: DeprecationWarning: This process (pid=2326) is multi-threaded, use of fork() may lead to deadlocks in the child.
  pid = os.fork()

[2025-02-10T21:07:50.599+0000] {standard_task_runner.py:72} INFO - Started process 2328 to run task
[2025-02-10T21:07:50.600+0000] {standard_task_runner.py:104} INFO - Running: ['***', 'tasks', 'run', 'IMPORTATION_ECRITURE_COMPTABLES_ARTICLE_dag', 'check_file_in_directory', 'scheduled__2025-02-10T21:06:00+00:00', '--job-id', '1031', '--raw', '--subdir', 'DAGS_FOLDER/my_directory_and_file_checker.py', '--cfg-path', '/tmp/tmp6ptnf3t5']
[2025-02-10T21:07:50.601+0000] {standard_task_runner.py:105} INFO - Job 1031: Subtask check_file_in_directory
[2025-02-10T21:07:50.654+0000] {task_command.py:467} INFO - Running <TaskInstance: IMPORTATION_ECRITURE_COMPTABLES_ARTICLE_dag.check_file_in_directory scheduled__2025-02-10T21:06:00+00:00 [running]> on host b6443be51f35
[2025-02-10T21:07:50.735+0000] {taskinstance.py:3132} INFO - Exporting env vars: AIRFLOW_CTX_DAG_OWNER='***' AIRFLOW_CTX_DAG_ID='IMPORTATION_ECRITURE_COMPTABLES_ARTICLE_dag' AIRFLOW_CTX_TASK_ID='check_file_in_directory' AIRFLOW_CTX_EXECUTION_DATE='2025-02-10T21:06:00+00:00' AIRFLOW_CTX_TRY_NUMBER='1' AIRFLOW_CTX_DAG_RUN_ID='scheduled__2025-02-10T21:06:00+00:00'
[2025-02-10T21:07:50.737+0000] {logging_mixin.py:190} INFO - Task instance is in running state
[2025-02-10T21:07:50.737+0000] {logging_mixin.py:190} INFO -  Previous state of the Task instance: queued
[2025-02-10T21:07:50.738+0000] {logging_mixin.py:190} INFO - Current task name:check_file_in_directory state:running start_date:2025-02-10 21:07:50.451897+00:00
[2025-02-10T21:07:50.738+0000] {logging_mixin.py:190} INFO - Dag name:IMPORTATION_ECRITURE_COMPTABLES_ARTICLE_dag and current dag run status:running
[2025-02-10T21:07:50.739+0000] {taskinstance.py:731} INFO - ::endgroup::
[2025-02-10T21:07:50.740+0000] {baseoperator.py:421} WARNING - BranchPythonOperator.execute cannot be called outside TaskInstance!
[2025-02-10T21:07:50.740+0000] {logging_mixin.py:190} INFO - ca marche /opt/***/files/in ['.csv']
[2025-02-10T21:07:50.742+0000] {python.py:240} INFO - Done. Returned value was: verify_file_reliability
[2025-02-10T21:07:50.742+0000] {branch.py:38} INFO - Branch into verify_file_reliability
[2025-02-10T21:07:50.743+0000] {skipmixin.py:230} INFO - Following branch ('verify_file_reliability',)
[2025-02-10T21:07:50.757+0000] {skipmixin.py:278} INFO - Skipping tasks []
[2025-02-10T21:07:50.783+0000] {taskinstance.py:340} INFO - ::group::Post task execution logs
[2025-02-10T21:07:50.784+0000] {taskinstance.py:352} INFO - Marking task as SUCCESS. dag_id=IMPORTATION_ECRITURE_COMPTABLES_ARTICLE_dag, task_id=check_file_in_directory, run_id=scheduled__2025-02-10T21:06:00+00:00, execution_date=20250210T210600, start_date=20250210T210750, end_date=20250210T210750
[2025-02-10T21:07:50.794+0000] {logging_mixin.py:190} INFO - Task instance in success state
[2025-02-10T21:07:50.795+0000] {logging_mixin.py:190} INFO -  Previous state of the Task instance: running
[2025-02-10T21:07:50.795+0000] {logging_mixin.py:190} INFO - Dag name:IMPORTATION_ECRITURE_COMPTABLES_ARTICLE_dag queued_at:2025-02-10 21:07:45.980426+00:00
[2025-02-10T21:07:50.796+0000] {logging_mixin.py:190} INFO - Task hostname:b6443be51f35 operator:BranchPythonOperator
[2025-02-10T21:07:50.816+0000] {local_task_job_runner.py:266} INFO - Task exited with return code 0
[2025-02-10T21:07:50.848+0000] {taskinstance.py:3895} INFO - 1 downstream tasks scheduled from follow-on schedule check
[2025-02-10T21:07:50.851+0000] {local_task_job_runner.py:245} INFO - ::endgroup::
