[2025-02-11T09:57:47.460+0000] {local_task_job_runner.py:123} INFO - ::group::Pre task execution logs
[2025-02-11T09:57:47.577+0000] {taskinstance.py:2613} INFO - Dependencies all met for dep_context=non-requeueable deps ti=<TaskInstance: IMPORTATION_ECRITURE_COMPTABLES_ARTICLE_dag.check_directory manual__2025-02-11T09:57:44.916938+00:00 [queued]>
[2025-02-11T09:57:47.584+0000] {taskinstance.py:2613} INFO - Dependencies all met for dep_context=requeueable deps ti=<TaskInstance: IMPORTATION_ECRITURE_COMPTABLES_ARTICLE_dag.check_directory manual__2025-02-11T09:57:44.916938+00:00 [queued]>
[2025-02-11T09:57:47.585+0000] {taskinstance.py:2866} INFO - Starting attempt 1 of 2
[2025-02-11T09:57:47.596+0000] {taskinstance.py:2889} INFO - Executing <Task(BranchPythonOperator): check_directory> on 2025-02-11 09:57:44.916938+00:00
[2025-02-11T09:57:47.601+0000] {warnings.py:112} WARNING - /home/***/.local/lib/python3.12/site-packages/***/task/task_runner/standard_task_runner.py:70: DeprecationWarning: This process (pid=6562) is multi-threaded, use of fork() may lead to deadlocks in the child.
  pid = os.fork()

[2025-02-11T09:57:47.603+0000] {standard_task_runner.py:72} INFO - Started process 6564 to run task
[2025-02-11T09:57:47.603+0000] {standard_task_runner.py:104} INFO - Running: ['***', 'tasks', 'run', 'IMPORTATION_ECRITURE_COMPTABLES_ARTICLE_dag', 'check_directory', 'manual__2025-02-11T09:57:44.916938+00:00', '--job-id', '2120', '--raw', '--subdir', 'DAGS_FOLDER/my_directory_and_file_checker.py', '--cfg-path', '/tmp/tmp476ecji0']
[2025-02-11T09:57:47.604+0000] {standard_task_runner.py:105} INFO - Job 2120: Subtask check_directory
[2025-02-11T09:57:47.642+0000] {task_command.py:467} INFO - Running <TaskInstance: IMPORTATION_ECRITURE_COMPTABLES_ARTICLE_dag.check_directory manual__2025-02-11T09:57:44.916938+00:00 [running]> on host b6443be51f35
[2025-02-11T09:57:47.705+0000] {taskinstance.py:3132} INFO - Exporting env vars: AIRFLOW_CTX_DAG_OWNER='***' AIRFLOW_CTX_DAG_ID='IMPORTATION_ECRITURE_COMPTABLES_ARTICLE_dag' AIRFLOW_CTX_TASK_ID='check_directory' AIRFLOW_CTX_EXECUTION_DATE='2025-02-11T09:57:44.916938+00:00' AIRFLOW_CTX_TRY_NUMBER='1' AIRFLOW_CTX_DAG_RUN_ID='manual__2025-02-11T09:57:44.916938+00:00'
[2025-02-11T09:57:47.706+0000] {logging_mixin.py:190} INFO - Task instance is in running state
[2025-02-11T09:57:47.707+0000] {logging_mixin.py:190} INFO -  Previous state of the Task instance: queued
[2025-02-11T09:57:47.708+0000] {logging_mixin.py:190} INFO - Current task name:check_directory state:running start_date:2025-02-11 09:57:47.578047+00:00
[2025-02-11T09:57:47.708+0000] {logging_mixin.py:190} INFO - Dag name:IMPORTATION_ECRITURE_COMPTABLES_ARTICLE_dag and current dag run status:running
[2025-02-11T09:57:47.709+0000] {taskinstance.py:731} INFO - ::endgroup::
[2025-02-11T09:57:47.709+0000] {baseoperator.py:421} WARNING - BranchPythonOperator.execute cannot be called outside TaskInstance!
[2025-02-11T09:57:47.710+0000] {python.py:240} INFO - Done. Returned value was: check_file_in_directory
[2025-02-11T09:57:47.711+0000] {branch.py:38} INFO - Branch into check_file_in_directory
[2025-02-11T09:57:47.712+0000] {skipmixin.py:230} INFO - Following branch ('check_file_in_directory',)
[2025-02-11T09:57:47.723+0000] {skipmixin.py:278} INFO - Skipping tasks []
[2025-02-11T09:57:47.745+0000] {taskinstance.py:340} INFO - ::group::Post task execution logs
[2025-02-11T09:57:47.746+0000] {taskinstance.py:352} INFO - Marking task as SUCCESS. dag_id=IMPORTATION_ECRITURE_COMPTABLES_ARTICLE_dag, task_id=check_directory, run_id=manual__2025-02-11T09:57:44.916938+00:00, execution_date=20250211T095744, start_date=20250211T095747, end_date=20250211T095747
[2025-02-11T09:57:47.753+0000] {logging_mixin.py:190} INFO - Task instance in success state
[2025-02-11T09:57:47.754+0000] {logging_mixin.py:190} INFO -  Previous state of the Task instance: running
[2025-02-11T09:57:47.755+0000] {logging_mixin.py:190} INFO - Dag name:IMPORTATION_ECRITURE_COMPTABLES_ARTICLE_dag queued_at:2025-02-11 09:57:44.926667+00:00
[2025-02-11T09:57:47.755+0000] {logging_mixin.py:190} INFO - Task hostname:b6443be51f35 operator:BranchPythonOperator
[2025-02-11T09:57:47.778+0000] {local_task_job_runner.py:266} INFO - Task exited with return code 0
[2025-02-11T09:57:47.803+0000] {taskinstance.py:3895} INFO - 1 downstream tasks scheduled from follow-on schedule check
[2025-02-11T09:57:47.806+0000] {local_task_job_runner.py:245} INFO - ::endgroup::
