[2025-02-10T22:35:04.470+0000] {local_task_job_runner.py:123} INFO - ::group::Pre task execution logs
[2025-02-10T22:35:04.609+0000] {taskinstance.py:2613} INFO - Dependencies all met for dep_context=non-requeueable deps ti=<TaskInstance: IMPORTATION_ECRITURE_COMPTABLES_ARTICLE_dag.check_file_in_directory scheduled__2025-02-10T22:34:00+00:00 [queued]>
[2025-02-10T22:35:04.619+0000] {taskinstance.py:2613} INFO - Dependencies all met for dep_context=requeueable deps ti=<TaskInstance: IMPORTATION_ECRITURE_COMPTABLES_ARTICLE_dag.check_file_in_directory scheduled__2025-02-10T22:34:00+00:00 [queued]>
[2025-02-10T22:35:04.620+0000] {taskinstance.py:2866} INFO - Starting attempt 1 of 2
[2025-02-10T22:35:04.635+0000] {taskinstance.py:2889} INFO - Executing <Task(BranchPythonOperator): check_file_in_directory> on 2025-02-10 22:34:00+00:00
[2025-02-10T22:35:04.642+0000] {warnings.py:112} WARNING - /home/***/.local/lib/python3.12/site-packages/***/task/task_runner/standard_task_runner.py:70: DeprecationWarning: This process (pid=357) is multi-threaded, use of fork() may lead to deadlocks in the child.
  pid = os.fork()

[2025-02-10T22:35:04.643+0000] {standard_task_runner.py:72} INFO - Started process 359 to run task
[2025-02-10T22:35:04.644+0000] {standard_task_runner.py:104} INFO - Running: ['***', 'tasks', 'run', 'IMPORTATION_ECRITURE_COMPTABLES_ARTICLE_dag', 'check_file_in_directory', 'scheduled__2025-02-10T22:34:00+00:00', '--job-id', '1258', '--raw', '--subdir', 'DAGS_FOLDER/my_directory_and_file_checker.py', '--cfg-path', '/tmp/tmpjw3cvoi_']
[2025-02-10T22:35:04.645+0000] {standard_task_runner.py:105} INFO - Job 1258: Subtask check_file_in_directory
[2025-02-10T22:35:04.689+0000] {task_command.py:467} INFO - Running <TaskInstance: IMPORTATION_ECRITURE_COMPTABLES_ARTICLE_dag.check_file_in_directory scheduled__2025-02-10T22:34:00+00:00 [running]> on host b6443be51f35
[2025-02-10T22:35:04.769+0000] {taskinstance.py:3132} INFO - Exporting env vars: AIRFLOW_CTX_DAG_OWNER='***' AIRFLOW_CTX_DAG_ID='IMPORTATION_ECRITURE_COMPTABLES_ARTICLE_dag' AIRFLOW_CTX_TASK_ID='check_file_in_directory' AIRFLOW_CTX_EXECUTION_DATE='2025-02-10T22:34:00+00:00' AIRFLOW_CTX_TRY_NUMBER='1' AIRFLOW_CTX_DAG_RUN_ID='scheduled__2025-02-10T22:34:00+00:00'
[2025-02-10T22:35:04.770+0000] {logging_mixin.py:190} INFO - Task instance is in running state
[2025-02-10T22:35:04.771+0000] {logging_mixin.py:190} INFO -  Previous state of the Task instance: queued
[2025-02-10T22:35:04.771+0000] {logging_mixin.py:190} INFO - Current task name:check_file_in_directory state:running start_date:2025-02-10 22:35:04.610568+00:00
[2025-02-10T22:35:04.772+0000] {logging_mixin.py:190} INFO - Dag name:IMPORTATION_ECRITURE_COMPTABLES_ARTICLE_dag and current dag run status:running
[2025-02-10T22:35:04.773+0000] {taskinstance.py:731} INFO - ::endgroup::
[2025-02-10T22:35:04.774+0000] {baseoperator.py:421} WARNING - BranchPythonOperator.execute cannot be called outside TaskInstance!
[2025-02-10T22:35:04.775+0000] {logging_mixin.py:190} INFO - ca marche /opt/***/files/in ['.csv']
[2025-02-10T22:35:04.779+0000] {python.py:240} INFO - Done. Returned value was: verify_file_reliability
[2025-02-10T22:35:04.780+0000] {branch.py:38} INFO - Branch into verify_file_reliability
[2025-02-10T22:35:04.780+0000] {skipmixin.py:230} INFO - Following branch ('verify_file_reliability',)
[2025-02-10T22:35:04.789+0000] {skipmixin.py:278} INFO - Skipping tasks []
[2025-02-10T22:35:04.814+0000] {taskinstance.py:340} INFO - ::group::Post task execution logs
[2025-02-10T22:35:04.815+0000] {taskinstance.py:352} INFO - Marking task as SUCCESS. dag_id=IMPORTATION_ECRITURE_COMPTABLES_ARTICLE_dag, task_id=check_file_in_directory, run_id=scheduled__2025-02-10T22:34:00+00:00, execution_date=20250210T223400, start_date=20250210T223504, end_date=20250210T223504
[2025-02-10T22:35:04.825+0000] {logging_mixin.py:190} INFO - Task instance in success state
[2025-02-10T22:35:04.826+0000] {logging_mixin.py:190} INFO -  Previous state of the Task instance: running
[2025-02-10T22:35:04.826+0000] {logging_mixin.py:190} INFO - Dag name:IMPORTATION_ECRITURE_COMPTABLES_ARTICLE_dag queued_at:2025-02-10 22:35:00.759767+00:00
[2025-02-10T22:35:04.827+0000] {logging_mixin.py:190} INFO - Task hostname:b6443be51f35 operator:BranchPythonOperator
[2025-02-10T22:35:04.859+0000] {local_task_job_runner.py:266} INFO - Task exited with return code 0
[2025-02-10T22:35:04.887+0000] {taskinstance.py:3895} INFO - 1 downstream tasks scheduled from follow-on schedule check
[2025-02-10T22:35:04.891+0000] {local_task_job_runner.py:245} INFO - ::endgroup::
[2025-02-10T22:35:37.404+0000] {local_task_job_runner.py:123} INFO - ::group::Pre task execution logs
[2025-02-10T22:35:37.424+0000] {taskinstance.py:2613} INFO - Dependencies all met for dep_context=non-requeueable deps ti=<TaskInstance: IMPORTATION_ECRITURE_COMPTABLES_ARTICLE_dag.check_file_in_directory scheduled__2025-02-10T22:34:00+00:00 [queued]>
[2025-02-10T22:35:37.531+0000] {taskinstance.py:2613} INFO - Dependencies all met for dep_context=requeueable deps ti=<TaskInstance: IMPORTATION_ECRITURE_COMPTABLES_ARTICLE_dag.check_file_in_directory scheduled__2025-02-10T22:34:00+00:00 [queued]>
[2025-02-10T22:35:37.532+0000] {taskinstance.py:2866} INFO - Starting attempt 1 of 2
[2025-02-10T22:35:37.545+0000] {taskinstance.py:2889} INFO - Executing <Task(BranchPythonOperator): check_file_in_directory> on 2025-02-10 22:34:00+00:00
[2025-02-10T22:35:37.550+0000] {warnings.py:112} WARNING - /home/***/.local/lib/python3.12/site-packages/***/task/task_runner/standard_task_runner.py:70: DeprecationWarning: This process (pid=388) is multi-threaded, use of fork() may lead to deadlocks in the child.
  pid = os.fork()

[2025-02-10T22:35:37.552+0000] {standard_task_runner.py:72} INFO - Started process 390 to run task
[2025-02-10T22:35:37.552+0000] {standard_task_runner.py:104} INFO - Running: ['***', 'tasks', 'run', 'IMPORTATION_ECRITURE_COMPTABLES_ARTICLE_dag', 'check_file_in_directory', 'scheduled__2025-02-10T22:34:00+00:00', '--job-id', '1264', '--raw', '--subdir', 'DAGS_FOLDER/my_directory_and_file_checker.py', '--cfg-path', '/tmp/tmpt3_3f35l']
[2025-02-10T22:35:37.553+0000] {standard_task_runner.py:105} INFO - Job 1264: Subtask check_file_in_directory
[2025-02-10T22:35:37.597+0000] {task_command.py:467} INFO - Running <TaskInstance: IMPORTATION_ECRITURE_COMPTABLES_ARTICLE_dag.check_file_in_directory scheduled__2025-02-10T22:34:00+00:00 [running]> on host b6443be51f35
[2025-02-10T22:35:37.665+0000] {taskinstance.py:3132} INFO - Exporting env vars: AIRFLOW_CTX_DAG_OWNER='***' AIRFLOW_CTX_DAG_ID='IMPORTATION_ECRITURE_COMPTABLES_ARTICLE_dag' AIRFLOW_CTX_TASK_ID='check_file_in_directory' AIRFLOW_CTX_EXECUTION_DATE='2025-02-10T22:34:00+00:00' AIRFLOW_CTX_TRY_NUMBER='1' AIRFLOW_CTX_DAG_RUN_ID='scheduled__2025-02-10T22:34:00+00:00'
[2025-02-10T22:35:37.666+0000] {logging_mixin.py:190} INFO - Task instance is in running state
[2025-02-10T22:35:37.667+0000] {logging_mixin.py:190} INFO -  Previous state of the Task instance: queued
[2025-02-10T22:35:37.668+0000] {logging_mixin.py:190} INFO - Current task name:check_file_in_directory state:running start_date:2025-02-10 22:35:37.425759+00:00
[2025-02-10T22:35:37.668+0000] {logging_mixin.py:190} INFO - Dag name:IMPORTATION_ECRITURE_COMPTABLES_ARTICLE_dag and current dag run status:running
[2025-02-10T22:35:37.669+0000] {taskinstance.py:731} INFO - ::endgroup::
[2025-02-10T22:35:37.670+0000] {baseoperator.py:421} WARNING - BranchPythonOperator.execute cannot be called outside TaskInstance!
[2025-02-10T22:35:37.671+0000] {logging_mixin.py:190} INFO - ca marche /opt/***/files/in ['.csv']
[2025-02-10T22:35:37.673+0000] {python.py:240} INFO - Done. Returned value was: verify_file_reliability
[2025-02-10T22:35:37.674+0000] {branch.py:38} INFO - Branch into verify_file_reliability
[2025-02-10T22:35:37.674+0000] {skipmixin.py:230} INFO - Following branch ('verify_file_reliability',)
[2025-02-10T22:35:37.686+0000] {skipmixin.py:278} INFO - Skipping tasks []
[2025-02-10T22:35:37.711+0000] {taskinstance.py:340} INFO - ::group::Post task execution logs
[2025-02-10T22:35:37.712+0000] {taskinstance.py:352} INFO - Marking task as SUCCESS. dag_id=IMPORTATION_ECRITURE_COMPTABLES_ARTICLE_dag, task_id=check_file_in_directory, run_id=scheduled__2025-02-10T22:34:00+00:00, execution_date=20250210T223400, start_date=20250210T223537, end_date=20250210T223537
[2025-02-10T22:35:37.721+0000] {logging_mixin.py:190} INFO - Task instance in success state
[2025-02-10T22:35:37.722+0000] {logging_mixin.py:190} INFO -  Previous state of the Task instance: running
[2025-02-10T22:35:37.722+0000] {logging_mixin.py:190} INFO - Dag name:IMPORTATION_ECRITURE_COMPTABLES_ARTICLE_dag queued_at:2025-02-10 22:35:31.126823+00:00
[2025-02-10T22:35:37.723+0000] {logging_mixin.py:190} INFO - Task hostname:b6443be51f35 operator:BranchPythonOperator
[2025-02-10T22:35:37.767+0000] {local_task_job_runner.py:266} INFO - Task exited with return code 0
[2025-02-10T22:35:37.795+0000] {taskinstance.py:3895} INFO - 1 downstream tasks scheduled from follow-on schedule check
[2025-02-10T22:35:37.797+0000] {local_task_job_runner.py:245} INFO - ::endgroup::
