[2025-02-14T01:13:57.735+0000] {local_task_job_runner.py:123} INFO - ::group::Pre task execution logs
[2025-02-14T01:13:57.853+0000] {taskinstance.py:2613} INFO - Dependencies all met for dep_context=non-requeueable deps ti=<TaskInstance: IMPORTATION_ECRITURE_COMPTABLES_ARTICLE_dag.check_directory manual__2025-02-14T01:13:55.183018+00:00 [queued]>
[2025-02-14T01:13:57.860+0000] {taskinstance.py:2613} INFO - Dependencies all met for dep_context=requeueable deps ti=<TaskInstance: IMPORTATION_ECRITURE_COMPTABLES_ARTICLE_dag.check_directory manual__2025-02-14T01:13:55.183018+00:00 [queued]>
[2025-02-14T01:13:57.861+0000] {taskinstance.py:2866} INFO - Starting attempt 1 of 2
[2025-02-14T01:13:57.874+0000] {taskinstance.py:2889} INFO - Executing <Task(BranchPythonOperator): check_directory> on 2025-02-14 01:13:55.183018+00:00
[2025-02-14T01:13:57.879+0000] {warnings.py:112} WARNING - /home/***/.local/lib/python3.12/site-packages/***/task/task_runner/standard_task_runner.py:70: DeprecationWarning: This process (pid=2619) is multi-threaded, use of fork() may lead to deadlocks in the child.
  pid = os.fork()

[2025-02-14T01:13:57.881+0000] {standard_task_runner.py:72} INFO - Started process 2621 to run task
[2025-02-14T01:13:57.881+0000] {standard_task_runner.py:104} INFO - Running: ['***', 'tasks', 'run', 'IMPORTATION_ECRITURE_COMPTABLES_ARTICLE_dag', 'check_directory', 'manual__2025-02-14T01:13:55.183018+00:00', '--job-id', '8964', '--raw', '--subdir', 'DAGS_FOLDER/my_directory_and_file_checker.py', '--cfg-path', '/tmp/tmp0kvnfja7']
[2025-02-14T01:13:57.882+0000] {standard_task_runner.py:105} INFO - Job 8964: Subtask check_directory
[2025-02-14T01:13:57.926+0000] {task_command.py:467} INFO - Running <TaskInstance: IMPORTATION_ECRITURE_COMPTABLES_ARTICLE_dag.check_directory manual__2025-02-14T01:13:55.183018+00:00 [running]> on host b6443be51f35
[2025-02-14T01:13:57.999+0000] {taskinstance.py:3132} INFO - Exporting env vars: AIRFLOW_CTX_DAG_OWNER='***' AIRFLOW_CTX_DAG_ID='IMPORTATION_ECRITURE_COMPTABLES_ARTICLE_dag' AIRFLOW_CTX_TASK_ID='check_directory' AIRFLOW_CTX_EXECUTION_DATE='2025-02-14T01:13:55.183018+00:00' AIRFLOW_CTX_TRY_NUMBER='1' AIRFLOW_CTX_DAG_RUN_ID='manual__2025-02-14T01:13:55.183018+00:00'
[2025-02-14T01:13:58.001+0000] {logging_mixin.py:190} INFO - Task instance is in running state
[2025-02-14T01:13:58.001+0000] {logging_mixin.py:190} INFO -  Previous state of the Task instance: queued
[2025-02-14T01:13:58.002+0000] {logging_mixin.py:190} INFO - Current task name:check_directory state:running start_date:2025-02-14 01:13:57.854287+00:00
[2025-02-14T01:13:58.003+0000] {logging_mixin.py:190} INFO - Dag name:IMPORTATION_ECRITURE_COMPTABLES_ARTICLE_dag and current dag run status:running
[2025-02-14T01:13:58.003+0000] {taskinstance.py:731} INFO - ::endgroup::
[2025-02-14T01:13:58.004+0000] {baseoperator.py:421} WARNING - BranchPythonOperator.execute cannot be called outside TaskInstance!
[2025-02-14T01:13:58.005+0000] {python.py:240} INFO - Done. Returned value was: check_file_in_directory
[2025-02-14T01:13:58.005+0000] {branch.py:38} INFO - Branch into check_file_in_directory
[2025-02-14T01:13:58.006+0000] {skipmixin.py:230} INFO - Following branch ('check_file_in_directory',)
[2025-02-14T01:13:58.019+0000] {skipmixin.py:278} INFO - Skipping tasks []
[2025-02-14T01:13:58.050+0000] {taskinstance.py:340} INFO - ::group::Post task execution logs
[2025-02-14T01:13:58.051+0000] {taskinstance.py:352} INFO - Marking task as SUCCESS. dag_id=IMPORTATION_ECRITURE_COMPTABLES_ARTICLE_dag, task_id=check_directory, run_id=manual__2025-02-14T01:13:55.183018+00:00, execution_date=20250214T011355, start_date=20250214T011357, end_date=20250214T011358
[2025-02-14T01:13:58.065+0000] {logging_mixin.py:190} INFO - Task instance in success state
[2025-02-14T01:13:58.066+0000] {logging_mixin.py:190} INFO -  Previous state of the Task instance: running
[2025-02-14T01:13:58.066+0000] {logging_mixin.py:190} INFO - Dag name:IMPORTATION_ECRITURE_COMPTABLES_ARTICLE_dag queued_at:2025-02-14 01:13:55.264632+00:00
[2025-02-14T01:13:58.067+0000] {logging_mixin.py:190} INFO - Task hostname:b6443be51f35 operator:BranchPythonOperator
[2025-02-14T01:13:58.097+0000] {local_task_job_runner.py:266} INFO - Task exited with return code 0
[2025-02-14T01:13:58.135+0000] {taskinstance.py:3895} INFO - 1 downstream tasks scheduled from follow-on schedule check
[2025-02-14T01:13:58.137+0000] {local_task_job_runner.py:245} INFO - ::endgroup::
