[2025-02-09T16:05:39.278+0000] {local_task_job_runner.py:123} INFO - ::group::Pre task execution logs
[2025-02-09T16:05:39.506+0000] {taskinstance.py:2613} INFO - Dependencies all met for dep_context=non-requeueable deps ti=<TaskInstance: directory_and_file_verification_dag.check_file_in_directory manual__2025-02-09T16:05:33.334936+00:00 [queued]>
[2025-02-09T16:05:39.525+0000] {taskinstance.py:2613} INFO - Dependencies all met for dep_context=requeueable deps ti=<TaskInstance: directory_and_file_verification_dag.check_file_in_directory manual__2025-02-09T16:05:33.334936+00:00 [queued]>
[2025-02-09T16:05:39.526+0000] {taskinstance.py:2866} INFO - Starting attempt 1 of 1
[2025-02-09T16:05:39.550+0000] {taskinstance.py:2889} INFO - Executing <Task(BranchPythonOperator): check_file_in_directory> on 2025-02-09 16:05:33.334936+00:00
[2025-02-09T16:05:39.563+0000] {warnings.py:112} WARNING - /home/***/.local/lib/python3.12/site-packages/***/task/task_runner/standard_task_runner.py:70: DeprecationWarning: This process (pid=603) is multi-threaded, use of fork() may lead to deadlocks in the child.
  pid = os.fork()

[2025-02-09T16:05:39.566+0000] {standard_task_runner.py:72} INFO - Started process 605 to run task
[2025-02-09T16:05:39.567+0000] {standard_task_runner.py:104} INFO - Running: ['***', 'tasks', 'run', 'directory_and_file_verification_dag', 'check_file_in_directory', 'manual__2025-02-09T16:05:33.334936+00:00', '--job-id', '39', '--raw', '--subdir', 'DAGS_FOLDER/my_directory_and_file_checker.py', '--cfg-path', '/tmp/tmp9x94ubb6']
[2025-02-09T16:05:39.568+0000] {standard_task_runner.py:105} INFO - Job 39: Subtask check_file_in_directory
[2025-02-09T16:05:39.636+0000] {task_command.py:467} INFO - Running <TaskInstance: directory_and_file_verification_dag.check_file_in_directory manual__2025-02-09T16:05:33.334936+00:00 [running]> on host d4cc7d48468b
[2025-02-09T16:05:39.899+0000] {taskinstance.py:3132} INFO - Exporting env vars: AIRFLOW_CTX_DAG_OWNER='***' AIRFLOW_CTX_DAG_ID='directory_and_file_verification_dag' AIRFLOW_CTX_TASK_ID='check_file_in_directory' AIRFLOW_CTX_EXECUTION_DATE='2025-02-09T16:05:33.334936+00:00' AIRFLOW_CTX_TRY_NUMBER='1' AIRFLOW_CTX_DAG_RUN_ID='manual__2025-02-09T16:05:33.334936+00:00'
[2025-02-09T16:05:39.915+0000] {logging_mixin.py:190} INFO - Task instance is in running state
[2025-02-09T16:05:39.917+0000] {logging_mixin.py:190} INFO -  Previous state of the Task instance: queued
[2025-02-09T16:05:39.920+0000] {logging_mixin.py:190} INFO - Current task name:check_file_in_directory state:running start_date:2025-02-09 16:05:39.507816+00:00
[2025-02-09T16:05:39.927+0000] {logging_mixin.py:190} INFO - Dag name:directory_and_file_verification_dag and current dag run status:running
[2025-02-09T16:05:39.939+0000] {taskinstance.py:731} INFO - ::endgroup::
[2025-02-09T16:05:39.942+0000] {baseoperator.py:421} WARNING - BranchPythonOperator.execute cannot be called outside TaskInstance!
[2025-02-09T16:05:39.950+0000] {logging_mixin.py:190} INFO - ca marche /opt/***/files/in ['.csv']
[2025-02-09T16:05:39.974+0000] {python.py:240} INFO - Done. Returned value was: verify_file_reliability
[2025-02-09T16:05:39.977+0000] {branch.py:38} INFO - Branch into verify_file_reliability
[2025-02-09T16:05:39.982+0000] {skipmixin.py:230} INFO - Following branch ('verify_file_reliability',)
[2025-02-09T16:05:40.024+0000] {skipmixin.py:278} INFO - Skipping tasks []
[2025-02-09T16:05:40.128+0000] {taskinstance.py:340} INFO - ::group::Post task execution logs
[2025-02-09T16:05:40.130+0000] {taskinstance.py:352} INFO - Marking task as SUCCESS. dag_id=directory_and_file_verification_dag, task_id=check_file_in_directory, run_id=manual__2025-02-09T16:05:33.334936+00:00, execution_date=20250209T160533, start_date=20250209T160539, end_date=20250209T160540
[2025-02-09T16:05:40.151+0000] {logging_mixin.py:190} INFO - Task instance in success state
[2025-02-09T16:05:40.152+0000] {logging_mixin.py:190} INFO -  Previous state of the Task instance: running
[2025-02-09T16:05:40.154+0000] {logging_mixin.py:190} INFO - Dag name:directory_and_file_verification_dag queued_at:2025-02-09 16:05:33.352646+00:00
[2025-02-09T16:05:40.155+0000] {logging_mixin.py:190} INFO - Task hostname:d4cc7d48468b operator:BranchPythonOperator
[2025-02-09T16:05:40.193+0000] {local_task_job_runner.py:266} INFO - Task exited with return code 0
[2025-02-09T16:05:40.275+0000] {taskinstance.py:3895} INFO - 1 downstream tasks scheduled from follow-on schedule check
[2025-02-09T16:05:40.279+0000] {local_task_job_runner.py:245} INFO - ::endgroup::
