[2025-01-27T13:00:45.562+0000] {local_task_job_runner.py:123} INFO - ::group::Pre task execution logs
[2025-01-27T13:00:45.578+0000] {taskinstance.py:2613} INFO - Dependencies all met for dep_context=non-requeueable deps ti=<TaskInstance: tutorial_dag.transform manual__2025-01-27T13:00:40.319294+00:00 [queued]>
[2025-01-27T13:00:45.589+0000] {taskinstance.py:2613} INFO - Dependencies all met for dep_context=requeueable deps ti=<TaskInstance: tutorial_dag.transform manual__2025-01-27T13:00:40.319294+00:00 [queued]>
[2025-01-27T13:00:45.590+0000] {taskinstance.py:2866} INFO - Starting attempt 1 of 3
[2025-01-27T13:00:45.607+0000] {taskinstance.py:2889} INFO - Executing <Task(PythonOperator): transform> on 2025-01-27 13:00:40.319294+00:00
[2025-01-27T13:00:45.615+0000] {warnings.py:112} WARNING - /home/***/.local/lib/python3.12/site-packages/***/task/task_runner/standard_task_runner.py:70: DeprecationWarning: This process (pid=155) is multi-threaded, use of fork() may lead to deadlocks in the child.
  pid = os.fork()

[2025-01-27T13:00:45.616+0000] {standard_task_runner.py:72} INFO - Started process 157 to run task
[2025-01-27T13:00:45.617+0000] {standard_task_runner.py:104} INFO - Running: ['***', 'tasks', 'run', 'tutorial_dag', 'transform', 'manual__2025-01-27T13:00:40.319294+00:00', '--job-id', '786', '--raw', '--subdir', '/home/***/.local/lib/python3.12/site-packages/***/example_dags/tutorial_dag.py', '--cfg-path', '/tmp/tmp0dqy4bv0']
[2025-01-27T13:00:45.618+0000] {standard_task_runner.py:105} INFO - Job 786: Subtask transform
[2025-01-27T13:00:45.890+0000] {task_command.py:467} INFO - Running <TaskInstance: tutorial_dag.transform manual__2025-01-27T13:00:40.319294+00:00 [running]> on host 340d747f4248
[2025-01-27T13:00:45.981+0000] {taskinstance.py:3132} INFO - Exporting env vars: AIRFLOW_CTX_DAG_OWNER='***' AIRFLOW_CTX_DAG_ID='tutorial_dag' AIRFLOW_CTX_TASK_ID='transform' AIRFLOW_CTX_EXECUTION_DATE='2025-01-27T13:00:40.319294+00:00' AIRFLOW_CTX_TRY_NUMBER='1' AIRFLOW_CTX_DAG_RUN_ID='manual__2025-01-27T13:00:40.319294+00:00'
[2025-01-27T13:00:45.982+0000] {logging_mixin.py:190} INFO - Task instance is in running state
[2025-01-27T13:00:45.983+0000] {logging_mixin.py:190} INFO -  Previous state of the Task instance: queued
[2025-01-27T13:00:45.983+0000] {logging_mixin.py:190} INFO - Current task name:transform state:running start_date:2025-01-27 13:00:45.579533+00:00
[2025-01-27T13:00:45.984+0000] {logging_mixin.py:190} INFO - Dag name:tutorial_dag and current dag run status:running
[2025-01-27T13:00:45.984+0000] {taskinstance.py:731} INFO - ::endgroup::
[2025-01-27T13:00:46.011+0000] {python.py:240} INFO - Done. Returned value was: None
[2025-01-27T13:00:46.022+0000] {taskinstance.py:340} INFO - ::group::Post task execution logs
[2025-01-27T13:00:46.023+0000] {taskinstance.py:352} INFO - Marking task as SUCCESS. dag_id=tutorial_dag, task_id=transform, run_id=manual__2025-01-27T13:00:40.319294+00:00, execution_date=20250127T130040, start_date=20250127T130045, end_date=20250127T130046
[2025-01-27T13:00:46.033+0000] {logging_mixin.py:190} INFO - Task instance in success state
[2025-01-27T13:00:46.033+0000] {logging_mixin.py:190} INFO -  Previous state of the Task instance: running
[2025-01-27T13:00:46.034+0000] {logging_mixin.py:190} INFO - Dag name:tutorial_dag queued_at:2025-01-27 13:00:40.355886+00:00
[2025-01-27T13:00:46.034+0000] {logging_mixin.py:190} INFO - Task hostname:340d747f4248 operator:PythonOperator
[2025-01-27T13:00:46.073+0000] {local_task_job_runner.py:266} INFO - Task exited with return code 0
[2025-01-27T13:00:46.249+0000] {taskinstance.py:3895} INFO - 1 downstream tasks scheduled from follow-on schedule check
[2025-01-27T13:00:46.252+0000] {local_task_job_runner.py:245} INFO - ::endgroup::
