[2025-02-10T22:46:01.481+0000] {local_task_job_runner.py:123} INFO - ::group::Pre task execution logs
[2025-02-10T22:46:01.627+0000] {taskinstance.py:2613} INFO - Dependencies all met for dep_context=non-requeueable deps ti=<TaskInstance: IMPORTATION_ECRITURE_COMPTABLES_ARTICLE_dag.check_directory scheduled__2025-02-10T22:45:00+00:00 [queued]>
[2025-02-10T22:46:01.636+0000] {taskinstance.py:2613} INFO - Dependencies all met for dep_context=requeueable deps ti=<TaskInstance: IMPORTATION_ECRITURE_COMPTABLES_ARTICLE_dag.check_directory scheduled__2025-02-10T22:45:00+00:00 [queued]>
[2025-02-10T22:46:01.636+0000] {taskinstance.py:2866} INFO - Starting attempt 1 of 2
[2025-02-10T22:46:01.650+0000] {taskinstance.py:2889} INFO - Executing <Task(BranchPythonOperator): check_directory> on 2025-02-10 22:45:00+00:00
[2025-02-10T22:46:01.657+0000] {warnings.py:112} WARNING - /home/***/.local/lib/python3.12/site-packages/***/task/task_runner/standard_task_runner.py:70: DeprecationWarning: This process (pid=650) is multi-threaded, use of fork() may lead to deadlocks in the child.
  pid = os.fork()

[2025-02-10T22:46:01.659+0000] {standard_task_runner.py:72} INFO - Started process 652 to run task
[2025-02-10T22:46:01.659+0000] {standard_task_runner.py:104} INFO - Running: ['***', 'tasks', 'run', 'IMPORTATION_ECRITURE_COMPTABLES_ARTICLE_dag', 'check_directory', 'scheduled__2025-02-10T22:45:00+00:00', '--job-id', '1296', '--raw', '--subdir', 'DAGS_FOLDER/my_directory_and_file_checker.py', '--cfg-path', '/tmp/tmp005uvo64']
[2025-02-10T22:46:01.660+0000] {standard_task_runner.py:105} INFO - Job 1296: Subtask check_directory
[2025-02-10T22:46:01.702+0000] {task_command.py:467} INFO - Running <TaskInstance: IMPORTATION_ECRITURE_COMPTABLES_ARTICLE_dag.check_directory scheduled__2025-02-10T22:45:00+00:00 [running]> on host b6443be51f35
[2025-02-10T22:46:01.773+0000] {taskinstance.py:3132} INFO - Exporting env vars: AIRFLOW_CTX_DAG_OWNER='***' AIRFLOW_CTX_DAG_ID='IMPORTATION_ECRITURE_COMPTABLES_ARTICLE_dag' AIRFLOW_CTX_TASK_ID='check_directory' AIRFLOW_CTX_EXECUTION_DATE='2025-02-10T22:45:00+00:00' AIRFLOW_CTX_TRY_NUMBER='1' AIRFLOW_CTX_DAG_RUN_ID='scheduled__2025-02-10T22:45:00+00:00'
[2025-02-10T22:46:01.774+0000] {logging_mixin.py:190} INFO - Task instance is in running state
[2025-02-10T22:46:01.775+0000] {logging_mixin.py:190} INFO -  Previous state of the Task instance: queued
[2025-02-10T22:46:01.775+0000] {logging_mixin.py:190} INFO - Current task name:check_directory state:running start_date:2025-02-10 22:46:01.628011+00:00
[2025-02-10T22:46:01.776+0000] {logging_mixin.py:190} INFO - Dag name:IMPORTATION_ECRITURE_COMPTABLES_ARTICLE_dag and current dag run status:running
[2025-02-10T22:46:01.776+0000] {taskinstance.py:731} INFO - ::endgroup::
[2025-02-10T22:46:01.777+0000] {baseoperator.py:421} WARNING - BranchPythonOperator.execute cannot be called outside TaskInstance!
[2025-02-10T22:46:01.778+0000] {python.py:240} INFO - Done. Returned value was: check_file_in_directory
[2025-02-10T22:46:01.779+0000] {branch.py:38} INFO - Branch into check_file_in_directory
[2025-02-10T22:46:01.780+0000] {skipmixin.py:230} INFO - Following branch ('check_file_in_directory',)
[2025-02-10T22:46:01.789+0000] {skipmixin.py:278} INFO - Skipping tasks []
[2025-02-10T22:46:01.818+0000] {taskinstance.py:340} INFO - ::group::Post task execution logs
[2025-02-10T22:46:01.819+0000] {taskinstance.py:352} INFO - Marking task as SUCCESS. dag_id=IMPORTATION_ECRITURE_COMPTABLES_ARTICLE_dag, task_id=check_directory, run_id=scheduled__2025-02-10T22:45:00+00:00, execution_date=20250210T224500, start_date=20250210T224601, end_date=20250210T224601
[2025-02-10T22:46:01.827+0000] {logging_mixin.py:190} INFO - Task instance in success state
[2025-02-10T22:46:01.828+0000] {logging_mixin.py:190} INFO -  Previous state of the Task instance: running
[2025-02-10T22:46:01.829+0000] {logging_mixin.py:190} INFO - Dag name:IMPORTATION_ECRITURE_COMPTABLES_ARTICLE_dag queued_at:2025-02-10 22:46:00.169867+00:00
[2025-02-10T22:46:01.829+0000] {logging_mixin.py:190} INFO - Task hostname:b6443be51f35 operator:BranchPythonOperator
[2025-02-10T22:46:01.874+0000] {local_task_job_runner.py:266} INFO - Task exited with return code 0
[2025-02-10T22:46:01.901+0000] {taskinstance.py:3895} INFO - 1 downstream tasks scheduled from follow-on schedule check
[2025-02-10T22:46:01.903+0000] {local_task_job_runner.py:245} INFO - ::endgroup::
[2025-02-10T22:46:43.569+0000] {local_task_job_runner.py:123} INFO - ::group::Pre task execution logs
[2025-02-10T22:46:43.718+0000] {taskinstance.py:2613} INFO - Dependencies all met for dep_context=non-requeueable deps ti=<TaskInstance: IMPORTATION_ECRITURE_COMPTABLES_ARTICLE_dag.check_directory scheduled__2025-02-10T22:45:00+00:00 [queued]>
[2025-02-10T22:46:43.727+0000] {taskinstance.py:2613} INFO - Dependencies all met for dep_context=requeueable deps ti=<TaskInstance: IMPORTATION_ECRITURE_COMPTABLES_ARTICLE_dag.check_directory scheduled__2025-02-10T22:45:00+00:00 [queued]>
[2025-02-10T22:46:43.728+0000] {taskinstance.py:2866} INFO - Starting attempt 1 of 2
[2025-02-10T22:46:43.746+0000] {taskinstance.py:2889} INFO - Executing <Task(BranchPythonOperator): check_directory> on 2025-02-10 22:45:00+00:00
[2025-02-10T22:46:43.752+0000] {warnings.py:112} WARNING - /home/***/.local/lib/python3.12/site-packages/***/task/task_runner/standard_task_runner.py:70: DeprecationWarning: This process (pid=688) is multi-threaded, use of fork() may lead to deadlocks in the child.
  pid = os.fork()

[2025-02-10T22:46:43.754+0000] {standard_task_runner.py:72} INFO - Started process 690 to run task
[2025-02-10T22:46:43.755+0000] {standard_task_runner.py:104} INFO - Running: ['***', 'tasks', 'run', 'IMPORTATION_ECRITURE_COMPTABLES_ARTICLE_dag', 'check_directory', 'scheduled__2025-02-10T22:45:00+00:00', '--job-id', '1302', '--raw', '--subdir', 'DAGS_FOLDER/my_directory_and_file_checker.py', '--cfg-path', '/tmp/tmpnm6c7xn3']
[2025-02-10T22:46:43.756+0000] {standard_task_runner.py:105} INFO - Job 1302: Subtask check_directory
[2025-02-10T22:46:43.810+0000] {task_command.py:467} INFO - Running <TaskInstance: IMPORTATION_ECRITURE_COMPTABLES_ARTICLE_dag.check_directory scheduled__2025-02-10T22:45:00+00:00 [running]> on host b6443be51f35
[2025-02-10T22:46:43.898+0000] {taskinstance.py:3132} INFO - Exporting env vars: AIRFLOW_CTX_DAG_OWNER='***' AIRFLOW_CTX_DAG_ID='IMPORTATION_ECRITURE_COMPTABLES_ARTICLE_dag' AIRFLOW_CTX_TASK_ID='check_directory' AIRFLOW_CTX_EXECUTION_DATE='2025-02-10T22:45:00+00:00' AIRFLOW_CTX_TRY_NUMBER='1' AIRFLOW_CTX_DAG_RUN_ID='scheduled__2025-02-10T22:45:00+00:00'
[2025-02-10T22:46:43.900+0000] {logging_mixin.py:190} INFO - Task instance is in running state
[2025-02-10T22:46:43.901+0000] {logging_mixin.py:190} INFO -  Previous state of the Task instance: queued
[2025-02-10T22:46:43.901+0000] {logging_mixin.py:190} INFO - Current task name:check_directory state:running start_date:2025-02-10 22:46:43.719088+00:00
[2025-02-10T22:46:43.902+0000] {logging_mixin.py:190} INFO - Dag name:IMPORTATION_ECRITURE_COMPTABLES_ARTICLE_dag and current dag run status:running
[2025-02-10T22:46:43.903+0000] {taskinstance.py:731} INFO - ::endgroup::
[2025-02-10T22:46:43.903+0000] {baseoperator.py:421} WARNING - BranchPythonOperator.execute cannot be called outside TaskInstance!
[2025-02-10T22:46:43.905+0000] {python.py:240} INFO - Done. Returned value was: check_file_in_directory
[2025-02-10T22:46:43.906+0000] {branch.py:38} INFO - Branch into check_file_in_directory
[2025-02-10T22:46:43.907+0000] {skipmixin.py:230} INFO - Following branch ('check_file_in_directory',)
[2025-02-10T22:46:43.920+0000] {skipmixin.py:278} INFO - Skipping tasks []
[2025-02-10T22:46:43.949+0000] {taskinstance.py:340} INFO - ::group::Post task execution logs
[2025-02-10T22:46:43.950+0000] {taskinstance.py:352} INFO - Marking task as SUCCESS. dag_id=IMPORTATION_ECRITURE_COMPTABLES_ARTICLE_dag, task_id=check_directory, run_id=scheduled__2025-02-10T22:45:00+00:00, execution_date=20250210T224500, start_date=20250210T224643, end_date=20250210T224643
[2025-02-10T22:46:43.960+0000] {logging_mixin.py:190} INFO - Task instance in success state
[2025-02-10T22:46:43.961+0000] {logging_mixin.py:190} INFO -  Previous state of the Task instance: running
[2025-02-10T22:46:43.961+0000] {logging_mixin.py:190} INFO - Dag name:IMPORTATION_ECRITURE_COMPTABLES_ARTICLE_dag queued_at:2025-02-10 22:46:41.413868+00:00
[2025-02-10T22:46:43.962+0000] {logging_mixin.py:190} INFO - Task hostname:b6443be51f35 operator:BranchPythonOperator
[2025-02-10T22:46:44.010+0000] {local_task_job_runner.py:266} INFO - Task exited with return code 0
[2025-02-10T22:46:44.047+0000] {taskinstance.py:3895} INFO - 1 downstream tasks scheduled from follow-on schedule check
[2025-02-10T22:46:44.050+0000] {local_task_job_runner.py:245} INFO - ::endgroup::
