[2025-02-14T00:36:01.452+0000] {local_task_job_runner.py:123} INFO - ::group::Pre task execution logs
[2025-02-14T00:36:01.569+0000] {taskinstance.py:2613} INFO - Dependencies all met for dep_context=non-requeueable deps ti=<TaskInstance: IMPORTATION_ECRITURE_COMPTABLES_ARTICLE_dag.check_directory scheduled__2025-02-14T00:35:00+00:00 [queued]>
[2025-02-14T00:36:01.576+0000] {taskinstance.py:2613} INFO - Dependencies all met for dep_context=requeueable deps ti=<TaskInstance: IMPORTATION_ECRITURE_COMPTABLES_ARTICLE_dag.check_directory scheduled__2025-02-14T00:35:00+00:00 [queued]>
[2025-02-14T00:36:01.577+0000] {taskinstance.py:2866} INFO - Starting attempt 1 of 2
[2025-02-14T00:36:01.588+0000] {taskinstance.py:2889} INFO - Executing <Task(BranchPythonOperator): check_directory> on 2025-02-14 00:35:00+00:00
[2025-02-14T00:36:01.593+0000] {warnings.py:112} WARNING - /home/***/.local/lib/python3.12/site-packages/***/task/task_runner/standard_task_runner.py:70: DeprecationWarning: This process (pid=1528) is multi-threaded, use of fork() may lead to deadlocks in the child.
  pid = os.fork()

[2025-02-14T00:36:01.595+0000] {standard_task_runner.py:72} INFO - Started process 1530 to run task
[2025-02-14T00:36:01.595+0000] {standard_task_runner.py:104} INFO - Running: ['***', 'tasks', 'run', 'IMPORTATION_ECRITURE_COMPTABLES_ARTICLE_dag', 'check_directory', 'scheduled__2025-02-14T00:35:00+00:00', '--job-id', '8811', '--raw', '--subdir', 'DAGS_FOLDER/my_directory_and_file_checker.py', '--cfg-path', '/tmp/tmps0iocwh6']
[2025-02-14T00:36:01.596+0000] {standard_task_runner.py:105} INFO - Job 8811: Subtask check_directory
[2025-02-14T00:36:01.638+0000] {task_command.py:467} INFO - Running <TaskInstance: IMPORTATION_ECRITURE_COMPTABLES_ARTICLE_dag.check_directory scheduled__2025-02-14T00:35:00+00:00 [running]> on host b6443be51f35
[2025-02-14T00:36:01.700+0000] {taskinstance.py:3132} INFO - Exporting env vars: AIRFLOW_CTX_DAG_OWNER='***' AIRFLOW_CTX_DAG_ID='IMPORTATION_ECRITURE_COMPTABLES_ARTICLE_dag' AIRFLOW_CTX_TASK_ID='check_directory' AIRFLOW_CTX_EXECUTION_DATE='2025-02-14T00:35:00+00:00' AIRFLOW_CTX_TRY_NUMBER='1' AIRFLOW_CTX_DAG_RUN_ID='scheduled__2025-02-14T00:35:00+00:00'
[2025-02-14T00:36:01.701+0000] {logging_mixin.py:190} INFO - Task instance is in running state
[2025-02-14T00:36:01.702+0000] {logging_mixin.py:190} INFO -  Previous state of the Task instance: queued
[2025-02-14T00:36:01.702+0000] {logging_mixin.py:190} INFO - Current task name:check_directory state:running start_date:2025-02-14 00:36:01.570716+00:00
[2025-02-14T00:36:01.703+0000] {logging_mixin.py:190} INFO - Dag name:IMPORTATION_ECRITURE_COMPTABLES_ARTICLE_dag and current dag run status:running
[2025-02-14T00:36:01.703+0000] {taskinstance.py:731} INFO - ::endgroup::
[2025-02-14T00:36:01.704+0000] {baseoperator.py:421} WARNING - BranchPythonOperator.execute cannot be called outside TaskInstance!
[2025-02-14T00:36:01.705+0000] {python.py:240} INFO - Done. Returned value was: check_file_in_directory
[2025-02-14T00:36:01.706+0000] {branch.py:38} INFO - Branch into check_file_in_directory
[2025-02-14T00:36:01.707+0000] {skipmixin.py:230} INFO - Following branch ('check_file_in_directory',)
[2025-02-14T00:36:01.715+0000] {skipmixin.py:278} INFO - Skipping tasks []
[2025-02-14T00:36:01.738+0000] {taskinstance.py:340} INFO - ::group::Post task execution logs
[2025-02-14T00:36:01.739+0000] {taskinstance.py:352} INFO - Marking task as SUCCESS. dag_id=IMPORTATION_ECRITURE_COMPTABLES_ARTICLE_dag, task_id=check_directory, run_id=scheduled__2025-02-14T00:35:00+00:00, execution_date=20250214T003500, start_date=20250214T003601, end_date=20250214T003601
[2025-02-14T00:36:01.748+0000] {logging_mixin.py:190} INFO - Task instance in success state
[2025-02-14T00:36:01.749+0000] {logging_mixin.py:190} INFO -  Previous state of the Task instance: running
[2025-02-14T00:36:01.750+0000] {logging_mixin.py:190} INFO - Dag name:IMPORTATION_ECRITURE_COMPTABLES_ARTICLE_dag queued_at:2025-02-14 00:36:00.104216+00:00
[2025-02-14T00:36:01.750+0000] {logging_mixin.py:190} INFO - Task hostname:b6443be51f35 operator:BranchPythonOperator
[2025-02-14T00:36:01.770+0000] {local_task_job_runner.py:266} INFO - Task exited with return code 0
[2025-02-14T00:36:01.805+0000] {taskinstance.py:3895} INFO - 1 downstream tasks scheduled from follow-on schedule check
[2025-02-14T00:36:01.807+0000] {local_task_job_runner.py:245} INFO - ::endgroup::
[2025-02-14T00:36:27.009+0000] {local_task_job_runner.py:123} INFO - ::group::Pre task execution logs
[2025-02-14T00:36:27.130+0000] {taskinstance.py:2613} INFO - Dependencies all met for dep_context=non-requeueable deps ti=<TaskInstance: IMPORTATION_ECRITURE_COMPTABLES_ARTICLE_dag.check_directory scheduled__2025-02-14T00:35:00+00:00 [queued]>
[2025-02-14T00:36:27.138+0000] {taskinstance.py:2613} INFO - Dependencies all met for dep_context=requeueable deps ti=<TaskInstance: IMPORTATION_ECRITURE_COMPTABLES_ARTICLE_dag.check_directory scheduled__2025-02-14T00:35:00+00:00 [queued]>
[2025-02-14T00:36:27.139+0000] {taskinstance.py:2866} INFO - Starting attempt 1 of 2
[2025-02-14T00:36:27.152+0000] {taskinstance.py:2889} INFO - Executing <Task(BranchPythonOperator): check_directory> on 2025-02-14 00:35:00+00:00
[2025-02-14T00:36:27.157+0000] {warnings.py:112} WARNING - /home/***/.local/lib/python3.12/site-packages/***/task/task_runner/standard_task_runner.py:70: DeprecationWarning: This process (pid=1547) is multi-threaded, use of fork() may lead to deadlocks in the child.
  pid = os.fork()

[2025-02-14T00:36:27.159+0000] {standard_task_runner.py:72} INFO - Started process 1549 to run task
[2025-02-14T00:36:27.159+0000] {standard_task_runner.py:104} INFO - Running: ['***', 'tasks', 'run', 'IMPORTATION_ECRITURE_COMPTABLES_ARTICLE_dag', 'check_directory', 'scheduled__2025-02-14T00:35:00+00:00', '--job-id', '8814', '--raw', '--subdir', 'DAGS_FOLDER/my_directory_and_file_checker.py', '--cfg-path', '/tmp/tmp8e3bp9fp']
[2025-02-14T00:36:27.161+0000] {standard_task_runner.py:105} INFO - Job 8814: Subtask check_directory
[2025-02-14T00:36:27.203+0000] {task_command.py:467} INFO - Running <TaskInstance: IMPORTATION_ECRITURE_COMPTABLES_ARTICLE_dag.check_directory scheduled__2025-02-14T00:35:00+00:00 [running]> on host b6443be51f35
[2025-02-14T00:36:27.280+0000] {taskinstance.py:3132} INFO - Exporting env vars: AIRFLOW_CTX_DAG_OWNER='***' AIRFLOW_CTX_DAG_ID='IMPORTATION_ECRITURE_COMPTABLES_ARTICLE_dag' AIRFLOW_CTX_TASK_ID='check_directory' AIRFLOW_CTX_EXECUTION_DATE='2025-02-14T00:35:00+00:00' AIRFLOW_CTX_TRY_NUMBER='1' AIRFLOW_CTX_DAG_RUN_ID='scheduled__2025-02-14T00:35:00+00:00'
[2025-02-14T00:36:27.282+0000] {logging_mixin.py:190} INFO - Task instance is in running state
[2025-02-14T00:36:27.282+0000] {logging_mixin.py:190} INFO -  Previous state of the Task instance: queued
[2025-02-14T00:36:27.283+0000] {logging_mixin.py:190} INFO - Current task name:check_directory state:running start_date:2025-02-14 00:36:27.131674+00:00
[2025-02-14T00:36:27.283+0000] {logging_mixin.py:190} INFO - Dag name:IMPORTATION_ECRITURE_COMPTABLES_ARTICLE_dag and current dag run status:running
[2025-02-14T00:36:27.284+0000] {taskinstance.py:731} INFO - ::endgroup::
[2025-02-14T00:36:27.284+0000] {baseoperator.py:421} WARNING - BranchPythonOperator.execute cannot be called outside TaskInstance!
[2025-02-14T00:36:27.285+0000] {python.py:240} INFO - Done. Returned value was: check_file_in_directory
[2025-02-14T00:36:27.286+0000] {branch.py:38} INFO - Branch into check_file_in_directory
[2025-02-14T00:36:27.286+0000] {skipmixin.py:230} INFO - Following branch ('check_file_in_directory',)
[2025-02-14T00:36:27.299+0000] {skipmixin.py:278} INFO - Skipping tasks []
[2025-02-14T00:36:27.325+0000] {taskinstance.py:340} INFO - ::group::Post task execution logs
[2025-02-14T00:36:27.326+0000] {taskinstance.py:352} INFO - Marking task as SUCCESS. dag_id=IMPORTATION_ECRITURE_COMPTABLES_ARTICLE_dag, task_id=check_directory, run_id=scheduled__2025-02-14T00:35:00+00:00, execution_date=20250214T003500, start_date=20250214T003627, end_date=20250214T003627
[2025-02-14T00:36:27.335+0000] {logging_mixin.py:190} INFO - Task instance in success state
[2025-02-14T00:36:27.335+0000] {logging_mixin.py:190} INFO -  Previous state of the Task instance: running
[2025-02-14T00:36:27.336+0000] {logging_mixin.py:190} INFO - Dag name:IMPORTATION_ECRITURE_COMPTABLES_ARTICLE_dag queued_at:2025-02-14 00:36:25.654151+00:00
[2025-02-14T00:36:27.336+0000] {logging_mixin.py:190} INFO - Task hostname:b6443be51f35 operator:BranchPythonOperator
[2025-02-14T00:36:27.374+0000] {local_task_job_runner.py:266} INFO - Task exited with return code 0
[2025-02-14T00:36:27.409+0000] {taskinstance.py:3895} INFO - 1 downstream tasks scheduled from follow-on schedule check
[2025-02-14T00:36:27.412+0000] {local_task_job_runner.py:245} INFO - ::endgroup::
