[2025-02-13T22:52:03.364+0000] {local_task_job_runner.py:123} INFO - ::group::Pre task execution logs
[2025-02-13T22:52:03.480+0000] {taskinstance.py:2613} INFO - Dependencies all met for dep_context=non-requeueable deps ti=<TaskInstance: IMPORTATION_ECRITURE_COMPTABLES_ARTICLE_dag.check_file_in_directory scheduled__2025-02-13T22:51:00+00:00 [queued]>
[2025-02-13T22:52:03.488+0000] {taskinstance.py:2613} INFO - Dependencies all met for dep_context=requeueable deps ti=<TaskInstance: IMPORTATION_ECRITURE_COMPTABLES_ARTICLE_dag.check_file_in_directory scheduled__2025-02-13T22:51:00+00:00 [queued]>
[2025-02-13T22:52:03.489+0000] {taskinstance.py:2866} INFO - Starting attempt 1 of 2
[2025-02-13T22:52:03.501+0000] {taskinstance.py:2889} INFO - Executing <Task(BranchPythonOperator): check_file_in_directory> on 2025-02-13 22:51:00+00:00
[2025-02-13T22:52:03.506+0000] {warnings.py:112} WARNING - /home/***/.local/lib/python3.12/site-packages/***/task/task_runner/standard_task_runner.py:70: DeprecationWarning: This process (pid=880) is multi-threaded, use of fork() may lead to deadlocks in the child.
  pid = os.fork()

[2025-02-13T22:52:03.508+0000] {standard_task_runner.py:72} INFO - Started process 882 to run task
[2025-02-13T22:52:03.508+0000] {standard_task_runner.py:104} INFO - Running: ['***', 'tasks', 'run', 'IMPORTATION_ECRITURE_COMPTABLES_ARTICLE_dag', 'check_file_in_directory', 'scheduled__2025-02-13T22:51:00+00:00', '--job-id', '8396', '--raw', '--subdir', 'DAGS_FOLDER/my_directory_and_file_checker.py', '--cfg-path', '/tmp/tmpe98r_vbo']
[2025-02-13T22:52:03.509+0000] {standard_task_runner.py:105} INFO - Job 8396: Subtask check_file_in_directory
[2025-02-13T22:52:03.545+0000] {task_command.py:467} INFO - Running <TaskInstance: IMPORTATION_ECRITURE_COMPTABLES_ARTICLE_dag.check_file_in_directory scheduled__2025-02-13T22:51:00+00:00 [running]> on host b6443be51f35
[2025-02-13T22:52:03.613+0000] {taskinstance.py:3132} INFO - Exporting env vars: AIRFLOW_CTX_DAG_OWNER='***' AIRFLOW_CTX_DAG_ID='IMPORTATION_ECRITURE_COMPTABLES_ARTICLE_dag' AIRFLOW_CTX_TASK_ID='check_file_in_directory' AIRFLOW_CTX_EXECUTION_DATE='2025-02-13T22:51:00+00:00' AIRFLOW_CTX_TRY_NUMBER='1' AIRFLOW_CTX_DAG_RUN_ID='scheduled__2025-02-13T22:51:00+00:00'
[2025-02-13T22:52:03.614+0000] {logging_mixin.py:190} INFO - Task instance is in running state
[2025-02-13T22:52:03.614+0000] {logging_mixin.py:190} INFO -  Previous state of the Task instance: queued
[2025-02-13T22:52:03.615+0000] {logging_mixin.py:190} INFO - Current task name:check_file_in_directory state:running start_date:2025-02-13 22:52:03.480913+00:00
[2025-02-13T22:52:03.616+0000] {logging_mixin.py:190} INFO - Dag name:IMPORTATION_ECRITURE_COMPTABLES_ARTICLE_dag and current dag run status:running
[2025-02-13T22:52:03.616+0000] {taskinstance.py:731} INFO - ::endgroup::
[2025-02-13T22:52:03.617+0000] {baseoperator.py:421} WARNING - BranchPythonOperator.execute cannot be called outside TaskInstance!
[2025-02-13T22:52:03.618+0000] {logging_mixin.py:190} INFO - ca marche /opt/***/files/in ['.csv']
[2025-02-13T22:52:03.621+0000] {python.py:240} INFO - Done. Returned value was: verify_file_reliability
[2025-02-13T22:52:03.621+0000] {branch.py:38} INFO - Branch into verify_file_reliability
[2025-02-13T22:52:03.622+0000] {skipmixin.py:230} INFO - Following branch ('verify_file_reliability',)
[2025-02-13T22:52:03.629+0000] {skipmixin.py:278} INFO - Skipping tasks []
[2025-02-13T22:52:03.650+0000] {taskinstance.py:340} INFO - ::group::Post task execution logs
[2025-02-13T22:52:03.651+0000] {taskinstance.py:352} INFO - Marking task as SUCCESS. dag_id=IMPORTATION_ECRITURE_COMPTABLES_ARTICLE_dag, task_id=check_file_in_directory, run_id=scheduled__2025-02-13T22:51:00+00:00, execution_date=20250213T225100, start_date=20250213T225203, end_date=20250213T225203
[2025-02-13T22:52:03.658+0000] {logging_mixin.py:190} INFO - Task instance in success state
[2025-02-13T22:52:03.659+0000] {logging_mixin.py:190} INFO -  Previous state of the Task instance: running
[2025-02-13T22:52:03.660+0000] {logging_mixin.py:190} INFO - Dag name:IMPORTATION_ECRITURE_COMPTABLES_ARTICLE_dag queued_at:2025-02-13 22:52:00.045915+00:00
[2025-02-13T22:52:03.660+0000] {logging_mixin.py:190} INFO - Task hostname:b6443be51f35 operator:BranchPythonOperator
[2025-02-13T22:52:03.683+0000] {local_task_job_runner.py:266} INFO - Task exited with return code 0
[2025-02-13T22:52:03.704+0000] {taskinstance.py:3895} INFO - 1 downstream tasks scheduled from follow-on schedule check
[2025-02-13T22:52:03.706+0000] {local_task_job_runner.py:245} INFO - ::endgroup::
[2025-02-13T22:52:27.136+0000] {local_task_job_runner.py:123} INFO - ::group::Pre task execution logs
[2025-02-13T22:52:27.302+0000] {taskinstance.py:2613} INFO - Dependencies all met for dep_context=non-requeueable deps ti=<TaskInstance: IMPORTATION_ECRITURE_COMPTABLES_ARTICLE_dag.check_file_in_directory scheduled__2025-02-13T22:51:00+00:00 [queued]>
[2025-02-13T22:52:27.312+0000] {taskinstance.py:2613} INFO - Dependencies all met for dep_context=requeueable deps ti=<TaskInstance: IMPORTATION_ECRITURE_COMPTABLES_ARTICLE_dag.check_file_in_directory scheduled__2025-02-13T22:51:00+00:00 [queued]>
[2025-02-13T22:52:27.313+0000] {taskinstance.py:2866} INFO - Starting attempt 1 of 2
[2025-02-13T22:52:27.328+0000] {taskinstance.py:2889} INFO - Executing <Task(BranchPythonOperator): check_file_in_directory> on 2025-02-13 22:51:00+00:00
[2025-02-13T22:52:27.334+0000] {warnings.py:112} WARNING - /home/***/.local/lib/python3.12/site-packages/***/task/task_runner/standard_task_runner.py:70: DeprecationWarning: This process (pid=899) is multi-threaded, use of fork() may lead to deadlocks in the child.
  pid = os.fork()

[2025-02-13T22:52:27.336+0000] {standard_task_runner.py:72} INFO - Started process 901 to run task
[2025-02-13T22:52:27.336+0000] {standard_task_runner.py:104} INFO - Running: ['***', 'tasks', 'run', 'IMPORTATION_ECRITURE_COMPTABLES_ARTICLE_dag', 'check_file_in_directory', 'scheduled__2025-02-13T22:51:00+00:00', '--job-id', '8399', '--raw', '--subdir', 'DAGS_FOLDER/my_directory_and_file_checker.py', '--cfg-path', '/tmp/tmpjl56mnc7']
[2025-02-13T22:52:27.337+0000] {standard_task_runner.py:105} INFO - Job 8399: Subtask check_file_in_directory
[2025-02-13T22:52:27.388+0000] {task_command.py:467} INFO - Running <TaskInstance: IMPORTATION_ECRITURE_COMPTABLES_ARTICLE_dag.check_file_in_directory scheduled__2025-02-13T22:51:00+00:00 [running]> on host b6443be51f35
[2025-02-13T22:52:27.470+0000] {taskinstance.py:3132} INFO - Exporting env vars: AIRFLOW_CTX_DAG_OWNER='***' AIRFLOW_CTX_DAG_ID='IMPORTATION_ECRITURE_COMPTABLES_ARTICLE_dag' AIRFLOW_CTX_TASK_ID='check_file_in_directory' AIRFLOW_CTX_EXECUTION_DATE='2025-02-13T22:51:00+00:00' AIRFLOW_CTX_TRY_NUMBER='1' AIRFLOW_CTX_DAG_RUN_ID='scheduled__2025-02-13T22:51:00+00:00'
[2025-02-13T22:52:27.472+0000] {logging_mixin.py:190} INFO - Task instance is in running state
[2025-02-13T22:52:27.473+0000] {logging_mixin.py:190} INFO -  Previous state of the Task instance: queued
[2025-02-13T22:52:27.474+0000] {logging_mixin.py:190} INFO - Current task name:check_file_in_directory state:running start_date:2025-02-13 22:52:27.303805+00:00
[2025-02-13T22:52:27.474+0000] {logging_mixin.py:190} INFO - Dag name:IMPORTATION_ECRITURE_COMPTABLES_ARTICLE_dag and current dag run status:running
[2025-02-13T22:52:27.475+0000] {taskinstance.py:731} INFO - ::endgroup::
[2025-02-13T22:52:27.476+0000] {baseoperator.py:421} WARNING - BranchPythonOperator.execute cannot be called outside TaskInstance!
[2025-02-13T22:52:27.477+0000] {logging_mixin.py:190} INFO - ca marche /opt/***/files/in ['.csv']
[2025-02-13T22:52:27.482+0000] {python.py:240} INFO - Done. Returned value was: verify_file_reliability
[2025-02-13T22:52:27.483+0000] {branch.py:38} INFO - Branch into verify_file_reliability
[2025-02-13T22:52:27.484+0000] {skipmixin.py:230} INFO - Following branch ('verify_file_reliability',)
[2025-02-13T22:52:27.496+0000] {skipmixin.py:278} INFO - Skipping tasks []
[2025-02-13T22:52:27.522+0000] {taskinstance.py:340} INFO - ::group::Post task execution logs
[2025-02-13T22:52:27.523+0000] {taskinstance.py:352} INFO - Marking task as SUCCESS. dag_id=IMPORTATION_ECRITURE_COMPTABLES_ARTICLE_dag, task_id=check_file_in_directory, run_id=scheduled__2025-02-13T22:51:00+00:00, execution_date=20250213T225100, start_date=20250213T225227, end_date=20250213T225227
[2025-02-13T22:52:27.533+0000] {logging_mixin.py:190} INFO - Task instance in success state
[2025-02-13T22:52:27.534+0000] {logging_mixin.py:190} INFO -  Previous state of the Task instance: running
[2025-02-13T22:52:27.535+0000] {logging_mixin.py:190} INFO - Dag name:IMPORTATION_ECRITURE_COMPTABLES_ARTICLE_dag queued_at:2025-02-13 22:52:22.277763+00:00
[2025-02-13T22:52:27.535+0000] {logging_mixin.py:190} INFO - Task hostname:b6443be51f35 operator:BranchPythonOperator
[2025-02-13T22:52:27.552+0000] {local_task_job_runner.py:266} INFO - Task exited with return code 0
[2025-02-13T22:52:27.578+0000] {taskinstance.py:3895} INFO - 1 downstream tasks scheduled from follow-on schedule check
[2025-02-13T22:52:27.581+0000] {local_task_job_runner.py:245} INFO - ::endgroup::
