[2025-02-07T22:42:34.935+0000] {local_task_job_runner.py:123} INFO - ::group::Pre task execution logs
[2025-02-07T22:42:35.414+0000] {taskinstance.py:2613} INFO - Dependencies all met for dep_context=non-requeueable deps ti=<TaskInstance: directory_and_file_verification_dag.check_file_in_directory scheduled__2025-02-07T10:00:00+00:00 [queued]>
[2025-02-07T22:42:35.458+0000] {taskinstance.py:2613} INFO - Dependencies all met for dep_context=requeueable deps ti=<TaskInstance: directory_and_file_verification_dag.check_file_in_directory scheduled__2025-02-07T10:00:00+00:00 [queued]>
[2025-02-07T22:42:35.475+0000] {taskinstance.py:2866} INFO - Starting attempt 1 of 1
[2025-02-07T22:42:35.538+0000] {taskinstance.py:2889} INFO - Executing <Task(BranchPythonOperator): check_file_in_directory> on 2025-02-07 10:00:00+00:00
[2025-02-07T22:42:35.589+0000] {warnings.py:112} WARNING - /home/***/.local/lib/python3.12/site-packages/***/task/task_runner/standard_task_runner.py:70: DeprecationWarning: This process (pid=20093) is multi-threaded, use of fork() may lead to deadlocks in the child.
  pid = os.fork()

[2025-02-07T22:42:35.603+0000] {standard_task_runner.py:72} INFO - Started process 20131 to run task
[2025-02-07T22:42:35.601+0000] {standard_task_runner.py:104} INFO - Running: ['***', 'tasks', 'run', 'directory_and_file_verification_dag', 'check_file_in_directory', 'scheduled__2025-02-07T10:00:00+00:00', '--job-id', '1067', '--raw', '--subdir', 'DAGS_FOLDER/my_directory_and_file_checker.py', '--cfg-path', '/tmp/tmppy84rpqe']
[2025-02-07T22:42:35.614+0000] {standard_task_runner.py:105} INFO - Job 1067: Subtask check_file_in_directory
[2025-02-07T22:42:35.758+0000] {task_command.py:467} INFO - Running <TaskInstance: directory_and_file_verification_dag.check_file_in_directory scheduled__2025-02-07T10:00:00+00:00 [running]> on host 003b7fbea265
[2025-02-07T22:42:36.084+0000] {taskinstance.py:3132} INFO - Exporting env vars: AIRFLOW_CTX_DAG_OWNER='***' AIRFLOW_CTX_DAG_ID='directory_and_file_verification_dag' AIRFLOW_CTX_TASK_ID='check_file_in_directory' AIRFLOW_CTX_EXECUTION_DATE='2025-02-07T10:00:00+00:00' AIRFLOW_CTX_TRY_NUMBER='1' AIRFLOW_CTX_DAG_RUN_ID='scheduled__2025-02-07T10:00:00+00:00'
[2025-02-07T22:42:36.088+0000] {logging_mixin.py:190} INFO - Task instance is in running state
[2025-02-07T22:42:36.089+0000] {logging_mixin.py:190} INFO -  Previous state of the Task instance: queued
[2025-02-07T22:42:36.090+0000] {logging_mixin.py:190} INFO - Current task name:check_file_in_directory state:running start_date:2025-02-07 22:42:35.423000+00:00
[2025-02-07T22:42:36.090+0000] {logging_mixin.py:190} INFO - Dag name:directory_and_file_verification_dag and current dag run status:running
[2025-02-07T22:42:36.091+0000] {taskinstance.py:731} INFO - ::endgroup::
[2025-02-07T22:42:36.093+0000] {baseoperator.py:421} WARNING - BranchPythonOperator.execute cannot be called outside TaskInstance!
[2025-02-07T22:42:36.103+0000] {python.py:240} INFO - Done. Returned value was: end
[2025-02-07T22:42:36.105+0000] {branch.py:38} INFO - Branch into end
[2025-02-07T22:42:36.108+0000] {skipmixin.py:230} INFO - Following branch ('end',)
[2025-02-07T22:42:36.162+0000] {skipmixin.py:278} INFO - Skipping tasks [('verify_file_reliability', -1)]
[2025-02-07T22:42:36.236+0000] {taskinstance.py:340} INFO - ::group::Post task execution logs
[2025-02-07T22:42:36.239+0000] {taskinstance.py:352} INFO - Marking task as SUCCESS. dag_id=directory_and_file_verification_dag, task_id=check_file_in_directory, run_id=scheduled__2025-02-07T10:00:00+00:00, execution_date=20250207T100000, start_date=20250207T224235, end_date=20250207T224236
[2025-02-07T22:42:36.262+0000] {logging_mixin.py:190} INFO - Task instance in success state
[2025-02-07T22:42:36.266+0000] {logging_mixin.py:190} INFO -  Previous state of the Task instance: running
[2025-02-07T22:42:36.267+0000] {logging_mixin.py:190} INFO - Dag name:directory_and_file_verification_dag queued_at:2025-02-07 22:41:57.969309+00:00
[2025-02-07T22:42:36.268+0000] {logging_mixin.py:190} INFO - Task hostname:003b7fbea265 operator:BranchPythonOperator
[2025-02-07T22:42:36.329+0000] {local_task_job_runner.py:266} INFO - Task exited with return code 0
[2025-02-07T22:42:36.435+0000] {taskinstance.py:3895} INFO - 0 downstream tasks scheduled from follow-on schedule check
[2025-02-07T22:42:36.473+0000] {local_task_job_runner.py:245} INFO - ::endgroup::
[2025-02-07T22:43:59.706+0000] {local_task_job_runner.py:123} INFO - ::group::Pre task execution logs
[2025-02-07T22:44:00.153+0000] {taskinstance.py:2613} INFO - Dependencies all met for dep_context=non-requeueable deps ti=<TaskInstance: directory_and_file_verification_dag.check_file_in_directory scheduled__2025-02-07T10:00:00+00:00 [queued]>
[2025-02-07T22:44:00.192+0000] {taskinstance.py:2613} INFO - Dependencies all met for dep_context=requeueable deps ti=<TaskInstance: directory_and_file_verification_dag.check_file_in_directory scheduled__2025-02-07T10:00:00+00:00 [queued]>
[2025-02-07T22:44:00.194+0000] {taskinstance.py:2866} INFO - Starting attempt 1 of 1
[2025-02-07T22:44:00.236+0000] {taskinstance.py:2889} INFO - Executing <Task(BranchPythonOperator): check_file_in_directory> on 2025-02-07 10:00:00+00:00
[2025-02-07T22:44:00.248+0000] {warnings.py:112} WARNING - /home/***/.local/lib/python3.12/site-packages/***/task/task_runner/standard_task_runner.py:70: DeprecationWarning: This process (pid=20298) is multi-threaded, use of fork() may lead to deadlocks in the child.
  pid = os.fork()

[2025-02-07T22:44:00.250+0000] {standard_task_runner.py:72} INFO - Started process 20337 to run task
[2025-02-07T22:44:00.254+0000] {standard_task_runner.py:104} INFO - Running: ['***', 'tasks', 'run', 'directory_and_file_verification_dag', 'check_file_in_directory', 'scheduled__2025-02-07T10:00:00+00:00', '--job-id', '1115', '--raw', '--subdir', 'DAGS_FOLDER/my_directory_and_file_checker.py', '--cfg-path', '/tmp/tmpvld697yi']
[2025-02-07T22:44:00.257+0000] {standard_task_runner.py:105} INFO - Job 1115: Subtask check_file_in_directory
[2025-02-07T22:44:00.424+0000] {task_command.py:467} INFO - Running <TaskInstance: directory_and_file_verification_dag.check_file_in_directory scheduled__2025-02-07T10:00:00+00:00 [running]> on host 003b7fbea265
[2025-02-07T22:44:00.725+0000] {taskinstance.py:3132} INFO - Exporting env vars: AIRFLOW_CTX_DAG_OWNER='***' AIRFLOW_CTX_DAG_ID='directory_and_file_verification_dag' AIRFLOW_CTX_TASK_ID='check_file_in_directory' AIRFLOW_CTX_EXECUTION_DATE='2025-02-07T10:00:00+00:00' AIRFLOW_CTX_TRY_NUMBER='1' AIRFLOW_CTX_DAG_RUN_ID='scheduled__2025-02-07T10:00:00+00:00'
[2025-02-07T22:44:00.734+0000] {logging_mixin.py:190} INFO - Task instance is in running state
[2025-02-07T22:44:00.736+0000] {logging_mixin.py:190} INFO -  Previous state of the Task instance: queued
[2025-02-07T22:44:00.738+0000] {logging_mixin.py:190} INFO - Current task name:check_file_in_directory state:running start_date:2025-02-07 22:44:00.157482+00:00
[2025-02-07T22:44:00.739+0000] {logging_mixin.py:190} INFO - Dag name:directory_and_file_verification_dag and current dag run status:running
[2025-02-07T22:44:00.740+0000] {taskinstance.py:731} INFO - ::endgroup::
[2025-02-07T22:44:00.742+0000] {baseoperator.py:421} WARNING - BranchPythonOperator.execute cannot be called outside TaskInstance!
[2025-02-07T22:44:00.744+0000] {python.py:240} INFO - Done. Returned value was: end
[2025-02-07T22:44:00.745+0000] {branch.py:38} INFO - Branch into end
[2025-02-07T22:44:00.747+0000] {skipmixin.py:230} INFO - Following branch ('end',)
[2025-02-07T22:44:00.765+0000] {skipmixin.py:278} INFO - Skipping tasks [('verify_file_reliability', -1)]
[2025-02-07T22:44:00.902+0000] {taskinstance.py:340} INFO - ::group::Post task execution logs
[2025-02-07T22:44:00.911+0000] {taskinstance.py:352} INFO - Marking task as SUCCESS. dag_id=directory_and_file_verification_dag, task_id=check_file_in_directory, run_id=scheduled__2025-02-07T10:00:00+00:00, execution_date=20250207T100000, start_date=20250207T224400, end_date=20250207T224400
[2025-02-07T22:44:00.941+0000] {logging_mixin.py:190} INFO - Task instance in success state
[2025-02-07T22:44:00.954+0000] {logging_mixin.py:190} INFO -  Previous state of the Task instance: running
[2025-02-07T22:44:00.981+0000] {logging_mixin.py:190} INFO - Dag name:directory_and_file_verification_dag queued_at:2025-02-07 22:43:29.203710+00:00
[2025-02-07T22:44:00.986+0000] {logging_mixin.py:190} INFO - Task hostname:003b7fbea265 operator:BranchPythonOperator
[2025-02-07T22:44:01.053+0000] {local_task_job_runner.py:266} INFO - Task exited with return code 0
[2025-02-07T22:44:01.082+0000] {taskinstance.py:3895} INFO - 0 downstream tasks scheduled from follow-on schedule check
[2025-02-07T22:44:01.088+0000] {local_task_job_runner.py:245} INFO - ::endgroup::
[2025-02-07T23:12:03.310+0000] {local_task_job_runner.py:123} INFO - ::group::Pre task execution logs
[2025-02-07T23:12:03.681+0000] {taskinstance.py:2613} INFO - Dependencies all met for dep_context=non-requeueable deps ti=<TaskInstance: directory_and_file_verification_dag.check_file_in_directory scheduled__2025-02-07T10:00:00+00:00 [queued]>
[2025-02-07T23:12:03.707+0000] {taskinstance.py:2613} INFO - Dependencies all met for dep_context=requeueable deps ti=<TaskInstance: directory_and_file_verification_dag.check_file_in_directory scheduled__2025-02-07T10:00:00+00:00 [queued]>
[2025-02-07T23:12:03.708+0000] {taskinstance.py:2866} INFO - Starting attempt 1 of 1
[2025-02-07T23:12:03.744+0000] {taskinstance.py:2889} INFO - Executing <Task(BranchPythonOperator): check_file_in_directory> on 2025-02-07 10:00:00+00:00
[2025-02-07T23:12:03.783+0000] {warnings.py:112} WARNING - /home/***/.local/lib/python3.12/site-packages/***/task/task_runner/standard_task_runner.py:70: DeprecationWarning: This process (pid=20870) is multi-threaded, use of fork() may lead to deadlocks in the child.
  pid = os.fork()

[2025-02-07T23:12:03.786+0000] {standard_task_runner.py:72} INFO - Started process 20887 to run task
[2025-02-07T23:12:03.789+0000] {standard_task_runner.py:104} INFO - Running: ['***', 'tasks', 'run', 'directory_and_file_verification_dag', 'check_file_in_directory', 'scheduled__2025-02-07T10:00:00+00:00', '--job-id', '1162', '--raw', '--subdir', 'DAGS_FOLDER/my_directory_and_file_checker.py', '--cfg-path', '/tmp/tmp02vyb7ym']
[2025-02-07T23:12:03.794+0000] {standard_task_runner.py:105} INFO - Job 1162: Subtask check_file_in_directory
[2025-02-07T23:12:04.003+0000] {task_command.py:467} INFO - Running <TaskInstance: directory_and_file_verification_dag.check_file_in_directory scheduled__2025-02-07T10:00:00+00:00 [running]> on host 003b7fbea265
[2025-02-07T23:12:04.288+0000] {taskinstance.py:3132} INFO - Exporting env vars: AIRFLOW_CTX_DAG_OWNER='***' AIRFLOW_CTX_DAG_ID='directory_and_file_verification_dag' AIRFLOW_CTX_TASK_ID='check_file_in_directory' AIRFLOW_CTX_EXECUTION_DATE='2025-02-07T10:00:00+00:00' AIRFLOW_CTX_TRY_NUMBER='1' AIRFLOW_CTX_DAG_RUN_ID='scheduled__2025-02-07T10:00:00+00:00'
[2025-02-07T23:12:04.292+0000] {logging_mixin.py:190} INFO - Task instance is in running state
[2025-02-07T23:12:04.293+0000] {logging_mixin.py:190} INFO -  Previous state of the Task instance: queued
[2025-02-07T23:12:04.304+0000] {logging_mixin.py:190} INFO - Current task name:check_file_in_directory state:running start_date:2025-02-07 23:12:03.682858+00:00
[2025-02-07T23:12:04.305+0000] {logging_mixin.py:190} INFO - Dag name:directory_and_file_verification_dag and current dag run status:running
[2025-02-07T23:12:04.306+0000] {taskinstance.py:731} INFO - ::endgroup::
[2025-02-07T23:12:04.307+0000] {baseoperator.py:421} WARNING - BranchPythonOperator.execute cannot be called outside TaskInstance!
[2025-02-07T23:12:04.314+0000] {python.py:240} INFO - Done. Returned value was: end
[2025-02-07T23:12:04.324+0000] {branch.py:38} INFO - Branch into end
[2025-02-07T23:12:04.326+0000] {skipmixin.py:230} INFO - Following branch ('end',)
[2025-02-07T23:12:04.358+0000] {skipmixin.py:278} INFO - Skipping tasks [('verify_file_reliability', -1)]
[2025-02-07T23:12:04.440+0000] {taskinstance.py:340} INFO - ::group::Post task execution logs
[2025-02-07T23:12:04.442+0000] {taskinstance.py:352} INFO - Marking task as SUCCESS. dag_id=directory_and_file_verification_dag, task_id=check_file_in_directory, run_id=scheduled__2025-02-07T10:00:00+00:00, execution_date=20250207T100000, start_date=20250207T231203, end_date=20250207T231204
[2025-02-07T23:12:04.482+0000] {logging_mixin.py:190} INFO - Task instance in success state
[2025-02-07T23:12:04.490+0000] {logging_mixin.py:190} INFO -  Previous state of the Task instance: running
[2025-02-07T23:12:04.493+0000] {logging_mixin.py:190} INFO - Dag name:directory_and_file_verification_dag queued_at:2025-02-07 23:11:23.096001+00:00
[2025-02-07T23:12:04.494+0000] {logging_mixin.py:190} INFO - Task hostname:003b7fbea265 operator:BranchPythonOperator
[2025-02-07T23:12:04.571+0000] {local_task_job_runner.py:266} INFO - Task exited with return code 0
[2025-02-07T23:12:04.666+0000] {taskinstance.py:3895} INFO - 0 downstream tasks scheduled from follow-on schedule check
[2025-02-07T23:12:04.681+0000] {local_task_job_runner.py:245} INFO - ::endgroup::
[2025-02-07T23:15:25.915+0000] {local_task_job_runner.py:123} INFO - ::group::Pre task execution logs
[2025-02-07T23:15:25.981+0000] {taskinstance.py:2613} INFO - Dependencies all met for dep_context=non-requeueable deps ti=<TaskInstance: directory_and_file_verification_dag.check_file_in_directory scheduled__2025-02-07T10:00:00+00:00 [queued]>
[2025-02-07T23:15:26.021+0000] {taskinstance.py:2613} INFO - Dependencies all met for dep_context=requeueable deps ti=<TaskInstance: directory_and_file_verification_dag.check_file_in_directory scheduled__2025-02-07T10:00:00+00:00 [queued]>
[2025-02-07T23:15:26.022+0000] {taskinstance.py:2866} INFO - Starting attempt 1 of 1
[2025-02-07T23:15:26.068+0000] {taskinstance.py:2889} INFO - Executing <Task(BranchPythonOperator): check_file_in_directory> on 2025-02-07 10:00:00+00:00
[2025-02-07T23:15:26.088+0000] {warnings.py:112} WARNING - /home/***/.local/lib/python3.12/site-packages/***/task/task_runner/standard_task_runner.py:70: DeprecationWarning: This process (pid=167) is multi-threaded, use of fork() may lead to deadlocks in the child.
  pid = os.fork()

[2025-02-07T23:15:26.092+0000] {standard_task_runner.py:104} INFO - Running: ['***', 'tasks', 'run', 'directory_and_file_verification_dag', 'check_file_in_directory', 'scheduled__2025-02-07T10:00:00+00:00', '--job-id', '1198', '--raw', '--subdir', 'DAGS_FOLDER/my_directory_and_file_checker.py', '--cfg-path', '/tmp/tmp2ekgfncu']
[2025-02-07T23:15:26.096+0000] {standard_task_runner.py:105} INFO - Job 1198: Subtask check_file_in_directory
[2025-02-07T23:15:26.095+0000] {standard_task_runner.py:72} INFO - Started process 171 to run task
[2025-02-07T23:15:26.208+0000] {task_command.py:467} INFO - Running <TaskInstance: directory_and_file_verification_dag.check_file_in_directory scheduled__2025-02-07T10:00:00+00:00 [running]> on host 003b7fbea265
[2025-02-07T23:15:26.966+0000] {taskinstance.py:3132} INFO - Exporting env vars: AIRFLOW_CTX_DAG_OWNER='***' AIRFLOW_CTX_DAG_ID='directory_and_file_verification_dag' AIRFLOW_CTX_TASK_ID='check_file_in_directory' AIRFLOW_CTX_EXECUTION_DATE='2025-02-07T10:00:00+00:00' AIRFLOW_CTX_TRY_NUMBER='1' AIRFLOW_CTX_DAG_RUN_ID='scheduled__2025-02-07T10:00:00+00:00'
[2025-02-07T23:15:26.968+0000] {logging_mixin.py:190} INFO - Task instance is in running state
[2025-02-07T23:15:26.975+0000] {logging_mixin.py:190} INFO -  Previous state of the Task instance: queued
[2025-02-07T23:15:26.979+0000] {logging_mixin.py:190} INFO - Current task name:check_file_in_directory state:running start_date:2025-02-07 23:15:25.982955+00:00
[2025-02-07T23:15:26.985+0000] {logging_mixin.py:190} INFO - Dag name:directory_and_file_verification_dag and current dag run status:running
[2025-02-07T23:15:26.986+0000] {taskinstance.py:731} INFO - ::endgroup::
[2025-02-07T23:15:26.990+0000] {baseoperator.py:421} WARNING - BranchPythonOperator.execute cannot be called outside TaskInstance!
[2025-02-07T23:15:26.995+0000] {python.py:240} INFO - Done. Returned value was: end
[2025-02-07T23:15:26.996+0000] {branch.py:38} INFO - Branch into end
[2025-02-07T23:15:26.998+0000] {skipmixin.py:230} INFO - Following branch ('end',)
[2025-02-07T23:15:27.042+0000] {skipmixin.py:278} INFO - Skipping tasks [('verify_file_reliability', -1)]
[2025-02-07T23:15:27.108+0000] {taskinstance.py:340} INFO - ::group::Post task execution logs
[2025-02-07T23:15:27.109+0000] {taskinstance.py:352} INFO - Marking task as SUCCESS. dag_id=directory_and_file_verification_dag, task_id=check_file_in_directory, run_id=scheduled__2025-02-07T10:00:00+00:00, execution_date=20250207T100000, start_date=20250207T231525, end_date=20250207T231527
[2025-02-07T23:15:27.135+0000] {logging_mixin.py:190} INFO - Task instance in success state
[2025-02-07T23:15:27.136+0000] {logging_mixin.py:190} INFO -  Previous state of the Task instance: running
[2025-02-07T23:15:27.136+0000] {logging_mixin.py:190} INFO - Dag name:directory_and_file_verification_dag queued_at:2025-02-07 23:14:48.587496+00:00
[2025-02-07T23:15:27.137+0000] {logging_mixin.py:190} INFO - Task hostname:003b7fbea265 operator:BranchPythonOperator
[2025-02-07T23:15:27.178+0000] {local_task_job_runner.py:266} INFO - Task exited with return code 0
[2025-02-07T23:15:27.265+0000] {taskinstance.py:3895} INFO - 0 downstream tasks scheduled from follow-on schedule check
[2025-02-07T23:15:27.314+0000] {local_task_job_runner.py:245} INFO - ::endgroup::
