[2025-02-07T22:42:35.316+0000] {local_task_job_runner.py:123} INFO - ::group::Pre task execution logs
[2025-02-07T22:42:35.781+0000] {taskinstance.py:2613} INFO - Dependencies all met for dep_context=non-requeueable deps ti=<TaskInstance: directory_and_file_verification_dag.check_file_in_directory scheduled__2025-02-07T13:00:00+00:00 [queued]>
[2025-02-07T22:42:35.825+0000] {taskinstance.py:2613} INFO - Dependencies all met for dep_context=requeueable deps ti=<TaskInstance: directory_and_file_verification_dag.check_file_in_directory scheduled__2025-02-07T13:00:00+00:00 [queued]>
[2025-02-07T22:42:35.826+0000] {taskinstance.py:2866} INFO - Starting attempt 1 of 1
[2025-02-07T22:42:35.872+0000] {taskinstance.py:2889} INFO - Executing <Task(BranchPythonOperator): check_file_in_directory> on 2025-02-07 13:00:00+00:00
[2025-02-07T22:42:35.904+0000] {warnings.py:112} WARNING - /home/***/.local/lib/python3.12/site-packages/***/task/task_runner/standard_task_runner.py:70: DeprecationWarning: This process (pid=20101) is multi-threaded, use of fork() may lead to deadlocks in the child.
  pid = os.fork()

[2025-02-07T22:42:35.908+0000] {standard_task_runner.py:72} INFO - Started process 20133 to run task
[2025-02-07T22:42:35.917+0000] {standard_task_runner.py:104} INFO - Running: ['***', 'tasks', 'run', 'directory_and_file_verification_dag', 'check_file_in_directory', 'scheduled__2025-02-07T13:00:00+00:00', '--job-id', '1068', '--raw', '--subdir', 'DAGS_FOLDER/my_directory_and_file_checker.py', '--cfg-path', '/tmp/tmpy5n2eqko']
[2025-02-07T22:42:35.931+0000] {standard_task_runner.py:105} INFO - Job 1068: Subtask check_file_in_directory
[2025-02-07T22:42:36.135+0000] {task_command.py:467} INFO - Running <TaskInstance: directory_and_file_verification_dag.check_file_in_directory scheduled__2025-02-07T13:00:00+00:00 [running]> on host 003b7fbea265
[2025-02-07T22:42:36.397+0000] {taskinstance.py:3132} INFO - Exporting env vars: AIRFLOW_CTX_DAG_OWNER='***' AIRFLOW_CTX_DAG_ID='directory_and_file_verification_dag' AIRFLOW_CTX_TASK_ID='check_file_in_directory' AIRFLOW_CTX_EXECUTION_DATE='2025-02-07T13:00:00+00:00' AIRFLOW_CTX_TRY_NUMBER='1' AIRFLOW_CTX_DAG_RUN_ID='scheduled__2025-02-07T13:00:00+00:00'
[2025-02-07T22:42:36.403+0000] {logging_mixin.py:190} INFO - Task instance is in running state
[2025-02-07T22:42:36.413+0000] {logging_mixin.py:190} INFO -  Previous state of the Task instance: queued
[2025-02-07T22:42:36.417+0000] {logging_mixin.py:190} INFO - Current task name:check_file_in_directory state:running start_date:2025-02-07 22:42:35.782611+00:00
[2025-02-07T22:42:36.418+0000] {logging_mixin.py:190} INFO - Dag name:directory_and_file_verification_dag and current dag run status:running
[2025-02-07T22:42:36.424+0000] {taskinstance.py:731} INFO - ::endgroup::
[2025-02-07T22:42:36.427+0000] {baseoperator.py:421} WARNING - BranchPythonOperator.execute cannot be called outside TaskInstance!
[2025-02-07T22:42:36.433+0000] {python.py:240} INFO - Done. Returned value was: end
[2025-02-07T22:42:36.436+0000] {branch.py:38} INFO - Branch into end
[2025-02-07T22:42:36.438+0000] {skipmixin.py:230} INFO - Following branch ('end',)
[2025-02-07T22:42:36.503+0000] {skipmixin.py:278} INFO - Skipping tasks [('verify_file_reliability', -1)]
[2025-02-07T22:42:36.651+0000] {taskinstance.py:340} INFO - ::group::Post task execution logs
[2025-02-07T22:42:36.652+0000] {taskinstance.py:352} INFO - Marking task as SUCCESS. dag_id=directory_and_file_verification_dag, task_id=check_file_in_directory, run_id=scheduled__2025-02-07T13:00:00+00:00, execution_date=20250207T130000, start_date=20250207T224235, end_date=20250207T224236
[2025-02-07T22:42:36.681+0000] {logging_mixin.py:190} INFO - Task instance in success state
[2025-02-07T22:42:36.686+0000] {logging_mixin.py:190} INFO -  Previous state of the Task instance: running
[2025-02-07T22:42:36.687+0000] {logging_mixin.py:190} INFO - Dag name:directory_and_file_verification_dag queued_at:2025-02-07 22:41:59.496112+00:00
[2025-02-07T22:42:36.694+0000] {logging_mixin.py:190} INFO - Task hostname:003b7fbea265 operator:BranchPythonOperator
[2025-02-07T22:42:36.735+0000] {local_task_job_runner.py:266} INFO - Task exited with return code 0
[2025-02-07T22:42:36.837+0000] {taskinstance.py:3895} INFO - 0 downstream tasks scheduled from follow-on schedule check
[2025-02-07T22:42:36.864+0000] {local_task_job_runner.py:245} INFO - ::endgroup::
[2025-02-07T22:43:59.667+0000] {local_task_job_runner.py:123} INFO - ::group::Pre task execution logs
[2025-02-07T22:44:00.129+0000] {taskinstance.py:2613} INFO - Dependencies all met for dep_context=non-requeueable deps ti=<TaskInstance: directory_and_file_verification_dag.check_file_in_directory scheduled__2025-02-07T13:00:00+00:00 [queued]>
[2025-02-07T22:44:00.152+0000] {taskinstance.py:2613} INFO - Dependencies all met for dep_context=requeueable deps ti=<TaskInstance: directory_and_file_verification_dag.check_file_in_directory scheduled__2025-02-07T13:00:00+00:00 [queued]>
[2025-02-07T22:44:00.153+0000] {taskinstance.py:2866} INFO - Starting attempt 1 of 1
[2025-02-07T22:44:00.188+0000] {taskinstance.py:2889} INFO - Executing <Task(BranchPythonOperator): check_file_in_directory> on 2025-02-07 13:00:00+00:00
[2025-02-07T22:44:00.214+0000] {warnings.py:112} WARNING - /home/***/.local/lib/python3.12/site-packages/***/task/task_runner/standard_task_runner.py:70: DeprecationWarning: This process (pid=20297) is multi-threaded, use of fork() may lead to deadlocks in the child.
  pid = os.fork()

[2025-02-07T22:44:00.216+0000] {standard_task_runner.py:72} INFO - Started process 20334 to run task
[2025-02-07T22:44:00.221+0000] {standard_task_runner.py:104} INFO - Running: ['***', 'tasks', 'run', 'directory_and_file_verification_dag', 'check_file_in_directory', 'scheduled__2025-02-07T13:00:00+00:00', '--job-id', '1114', '--raw', '--subdir', 'DAGS_FOLDER/my_directory_and_file_checker.py', '--cfg-path', '/tmp/tmpcgmz1zlh']
[2025-02-07T22:44:00.224+0000] {standard_task_runner.py:105} INFO - Job 1114: Subtask check_file_in_directory
[2025-02-07T22:44:00.352+0000] {task_command.py:467} INFO - Running <TaskInstance: directory_and_file_verification_dag.check_file_in_directory scheduled__2025-02-07T13:00:00+00:00 [running]> on host 003b7fbea265
[2025-02-07T22:44:00.637+0000] {taskinstance.py:3132} INFO - Exporting env vars: AIRFLOW_CTX_DAG_OWNER='***' AIRFLOW_CTX_DAG_ID='directory_and_file_verification_dag' AIRFLOW_CTX_TASK_ID='check_file_in_directory' AIRFLOW_CTX_EXECUTION_DATE='2025-02-07T13:00:00+00:00' AIRFLOW_CTX_TRY_NUMBER='1' AIRFLOW_CTX_DAG_RUN_ID='scheduled__2025-02-07T13:00:00+00:00'
[2025-02-07T22:44:00.643+0000] {logging_mixin.py:190} INFO - Task instance is in running state
[2025-02-07T22:44:00.644+0000] {logging_mixin.py:190} INFO -  Previous state of the Task instance: queued
[2025-02-07T22:44:00.645+0000] {logging_mixin.py:190} INFO - Current task name:check_file_in_directory state:running start_date:2025-02-07 22:44:00.131508+00:00
[2025-02-07T22:44:00.645+0000] {logging_mixin.py:190} INFO - Dag name:directory_and_file_verification_dag and current dag run status:running
[2025-02-07T22:44:00.646+0000] {taskinstance.py:731} INFO - ::endgroup::
[2025-02-07T22:44:00.647+0000] {baseoperator.py:421} WARNING - BranchPythonOperator.execute cannot be called outside TaskInstance!
[2025-02-07T22:44:00.653+0000] {python.py:240} INFO - Done. Returned value was: end
[2025-02-07T22:44:00.658+0000] {branch.py:38} INFO - Branch into end
[2025-02-07T22:44:00.660+0000] {skipmixin.py:230} INFO - Following branch ('end',)
[2025-02-07T22:44:00.685+0000] {skipmixin.py:278} INFO - Skipping tasks [('verify_file_reliability', -1)]
[2025-02-07T22:44:00.773+0000] {taskinstance.py:340} INFO - ::group::Post task execution logs
[2025-02-07T22:44:00.774+0000] {taskinstance.py:352} INFO - Marking task as SUCCESS. dag_id=directory_and_file_verification_dag, task_id=check_file_in_directory, run_id=scheduled__2025-02-07T13:00:00+00:00, execution_date=20250207T130000, start_date=20250207T224400, end_date=20250207T224400
[2025-02-07T22:44:00.798+0000] {logging_mixin.py:190} INFO - Task instance in success state
[2025-02-07T22:44:00.804+0000] {logging_mixin.py:190} INFO -  Previous state of the Task instance: running
[2025-02-07T22:44:00.806+0000] {logging_mixin.py:190} INFO - Dag name:directory_and_file_verification_dag queued_at:2025-02-07 22:43:30.567599+00:00
[2025-02-07T22:44:00.807+0000] {logging_mixin.py:190} INFO - Task hostname:003b7fbea265 operator:BranchPythonOperator
[2025-02-07T22:44:00.850+0000] {local_task_job_runner.py:266} INFO - Task exited with return code 0
[2025-02-07T22:44:00.870+0000] {local_task_job_runner.py:245} INFO - ::endgroup::
[2025-02-07T23:12:03.896+0000] {local_task_job_runner.py:123} INFO - ::group::Pre task execution logs
[2025-02-07T23:12:04.451+0000] {taskinstance.py:2613} INFO - Dependencies all met for dep_context=non-requeueable deps ti=<TaskInstance: directory_and_file_verification_dag.check_file_in_directory scheduled__2025-02-07T13:00:00+00:00 [queued]>
[2025-02-07T23:12:04.493+0000] {taskinstance.py:2613} INFO - Dependencies all met for dep_context=requeueable deps ti=<TaskInstance: directory_and_file_verification_dag.check_file_in_directory scheduled__2025-02-07T13:00:00+00:00 [queued]>
[2025-02-07T23:12:04.494+0000] {taskinstance.py:2866} INFO - Starting attempt 1 of 1
[2025-02-07T23:12:04.561+0000] {taskinstance.py:2889} INFO - Executing <Task(BranchPythonOperator): check_file_in_directory> on 2025-02-07 13:00:00+00:00
[2025-02-07T23:12:04.584+0000] {warnings.py:112} WARNING - /home/***/.local/lib/python3.12/site-packages/***/task/task_runner/standard_task_runner.py:70: DeprecationWarning: This process (pid=20879) is multi-threaded, use of fork() may lead to deadlocks in the child.
  pid = os.fork()

[2025-02-07T23:12:04.587+0000] {standard_task_runner.py:72} INFO - Started process 20891 to run task
[2025-02-07T23:12:04.591+0000] {standard_task_runner.py:104} INFO - Running: ['***', 'tasks', 'run', 'directory_and_file_verification_dag', 'check_file_in_directory', 'scheduled__2025-02-07T13:00:00+00:00', '--job-id', '1164', '--raw', '--subdir', 'DAGS_FOLDER/my_directory_and_file_checker.py', '--cfg-path', '/tmp/tmpwhrrb5l7']
[2025-02-07T23:12:04.600+0000] {standard_task_runner.py:105} INFO - Job 1164: Subtask check_file_in_directory
[2025-02-07T23:12:04.757+0000] {task_command.py:467} INFO - Running <TaskInstance: directory_and_file_verification_dag.check_file_in_directory scheduled__2025-02-07T13:00:00+00:00 [running]> on host 003b7fbea265
[2025-02-07T23:12:04.980+0000] {taskinstance.py:3132} INFO - Exporting env vars: AIRFLOW_CTX_DAG_OWNER='***' AIRFLOW_CTX_DAG_ID='directory_and_file_verification_dag' AIRFLOW_CTX_TASK_ID='check_file_in_directory' AIRFLOW_CTX_EXECUTION_DATE='2025-02-07T13:00:00+00:00' AIRFLOW_CTX_TRY_NUMBER='1' AIRFLOW_CTX_DAG_RUN_ID='scheduled__2025-02-07T13:00:00+00:00'
[2025-02-07T23:12:04.982+0000] {logging_mixin.py:190} INFO - Task instance is in running state
[2025-02-07T23:12:04.983+0000] {logging_mixin.py:190} INFO -  Previous state of the Task instance: queued
[2025-02-07T23:12:04.987+0000] {logging_mixin.py:190} INFO - Current task name:check_file_in_directory state:running start_date:2025-02-07 23:12:04.452666+00:00
[2025-02-07T23:12:04.988+0000] {logging_mixin.py:190} INFO - Dag name:directory_and_file_verification_dag and current dag run status:running
[2025-02-07T23:12:04.989+0000] {taskinstance.py:731} INFO - ::endgroup::
[2025-02-07T23:12:04.990+0000] {baseoperator.py:421} WARNING - BranchPythonOperator.execute cannot be called outside TaskInstance!
[2025-02-07T23:12:04.993+0000] {python.py:240} INFO - Done. Returned value was: end
[2025-02-07T23:12:04.995+0000] {branch.py:38} INFO - Branch into end
[2025-02-07T23:12:04.997+0000] {skipmixin.py:230} INFO - Following branch ('end',)
[2025-02-07T23:12:05.015+0000] {skipmixin.py:278} INFO - Skipping tasks [('verify_file_reliability', -1)]
[2025-02-07T23:12:05.081+0000] {taskinstance.py:340} INFO - ::group::Post task execution logs
[2025-02-07T23:12:05.083+0000] {taskinstance.py:352} INFO - Marking task as SUCCESS. dag_id=directory_and_file_verification_dag, task_id=check_file_in_directory, run_id=scheduled__2025-02-07T13:00:00+00:00, execution_date=20250207T130000, start_date=20250207T231204, end_date=20250207T231205
[2025-02-07T23:12:05.103+0000] {logging_mixin.py:190} INFO - Task instance in success state
[2025-02-07T23:12:05.104+0000] {logging_mixin.py:190} INFO -  Previous state of the Task instance: running
[2025-02-07T23:12:05.104+0000] {logging_mixin.py:190} INFO - Dag name:directory_and_file_verification_dag queued_at:2025-02-07 23:11:24.913433+00:00
[2025-02-07T23:12:05.105+0000] {logging_mixin.py:190} INFO - Task hostname:003b7fbea265 operator:BranchPythonOperator
[2025-02-07T23:12:05.148+0000] {local_task_job_runner.py:266} INFO - Task exited with return code 0
[2025-02-07T23:12:05.195+0000] {taskinstance.py:3895} INFO - 0 downstream tasks scheduled from follow-on schedule check
[2025-02-07T23:12:05.201+0000] {local_task_job_runner.py:245} INFO - ::endgroup::
