[2025-02-12T23:29:01.748+0000] {local_task_job_runner.py:123} INFO - ::group::Pre task execution logs
[2025-02-12T23:29:01.851+0000] {taskinstance.py:2613} INFO - Dependencies all met for dep_context=non-requeueable deps ti=<TaskInstance: IMPORTATION_ECRITURE_COMPTABLES_ARTICLE_dag.check_directory scheduled__2025-02-12T23:28:00+00:00 [queued]>
[2025-02-12T23:29:01.857+0000] {taskinstance.py:2613} INFO - Dependencies all met for dep_context=requeueable deps ti=<TaskInstance: IMPORTATION_ECRITURE_COMPTABLES_ARTICLE_dag.check_directory scheduled__2025-02-12T23:28:00+00:00 [queued]>
[2025-02-12T23:29:01.858+0000] {taskinstance.py:2866} INFO - Starting attempt 1 of 2
[2025-02-12T23:29:01.869+0000] {taskinstance.py:2889} INFO - Executing <Task(BranchPythonOperator): check_directory> on 2025-02-12 23:28:00+00:00
[2025-02-12T23:29:01.874+0000] {warnings.py:112} WARNING - /home/***/.local/lib/python3.12/site-packages/***/task/task_runner/standard_task_runner.py:70: DeprecationWarning: This process (pid=2082) is multi-threaded, use of fork() may lead to deadlocks in the child.
  pid = os.fork()

[2025-02-12T23:29:01.875+0000] {standard_task_runner.py:72} INFO - Started process 2084 to run task
[2025-02-12T23:29:01.875+0000] {standard_task_runner.py:104} INFO - Running: ['***', 'tasks', 'run', 'IMPORTATION_ECRITURE_COMPTABLES_ARTICLE_dag', 'check_directory', 'scheduled__2025-02-12T23:28:00+00:00', '--job-id', '5747', '--raw', '--subdir', 'DAGS_FOLDER/my_directory_and_file_checker.py', '--cfg-path', '/tmp/tmpiw6miiak']
[2025-02-12T23:29:01.876+0000] {standard_task_runner.py:105} INFO - Job 5747: Subtask check_directory
[2025-02-12T23:29:01.911+0000] {task_command.py:467} INFO - Running <TaskInstance: IMPORTATION_ECRITURE_COMPTABLES_ARTICLE_dag.check_directory scheduled__2025-02-12T23:28:00+00:00 [running]> on host b6443be51f35
[2025-02-12T23:29:01.971+0000] {taskinstance.py:3132} INFO - Exporting env vars: AIRFLOW_CTX_DAG_OWNER='***' AIRFLOW_CTX_DAG_ID='IMPORTATION_ECRITURE_COMPTABLES_ARTICLE_dag' AIRFLOW_CTX_TASK_ID='check_directory' AIRFLOW_CTX_EXECUTION_DATE='2025-02-12T23:28:00+00:00' AIRFLOW_CTX_TRY_NUMBER='1' AIRFLOW_CTX_DAG_RUN_ID='scheduled__2025-02-12T23:28:00+00:00'
[2025-02-12T23:29:01.972+0000] {logging_mixin.py:190} INFO - Task instance is in running state
[2025-02-12T23:29:01.973+0000] {logging_mixin.py:190} INFO -  Previous state of the Task instance: queued
[2025-02-12T23:29:01.973+0000] {logging_mixin.py:190} INFO - Current task name:check_directory state:running start_date:2025-02-12 23:29:01.852595+00:00
[2025-02-12T23:29:01.974+0000] {logging_mixin.py:190} INFO - Dag name:IMPORTATION_ECRITURE_COMPTABLES_ARTICLE_dag and current dag run status:running
[2025-02-12T23:29:01.974+0000] {taskinstance.py:731} INFO - ::endgroup::
[2025-02-12T23:29:01.975+0000] {baseoperator.py:421} WARNING - BranchPythonOperator.execute cannot be called outside TaskInstance!
[2025-02-12T23:29:01.976+0000] {python.py:240} INFO - Done. Returned value was: check_file_in_directory
[2025-02-12T23:29:01.977+0000] {branch.py:38} INFO - Branch into check_file_in_directory
[2025-02-12T23:29:01.978+0000] {skipmixin.py:230} INFO - Following branch ('check_file_in_directory',)
[2025-02-12T23:29:01.986+0000] {skipmixin.py:278} INFO - Skipping tasks []
[2025-02-12T23:29:02.009+0000] {taskinstance.py:340} INFO - ::group::Post task execution logs
[2025-02-12T23:29:02.009+0000] {taskinstance.py:352} INFO - Marking task as SUCCESS. dag_id=IMPORTATION_ECRITURE_COMPTABLES_ARTICLE_dag, task_id=check_directory, run_id=scheduled__2025-02-12T23:28:00+00:00, execution_date=20250212T232800, start_date=20250212T232901, end_date=20250212T232902
[2025-02-12T23:29:02.018+0000] {logging_mixin.py:190} INFO - Task instance in success state
[2025-02-12T23:29:02.019+0000] {logging_mixin.py:190} INFO -  Previous state of the Task instance: running
[2025-02-12T23:29:02.019+0000] {logging_mixin.py:190} INFO - Dag name:IMPORTATION_ECRITURE_COMPTABLES_ARTICLE_dag queued_at:2025-02-12 23:29:00.656931+00:00
[2025-02-12T23:29:02.020+0000] {logging_mixin.py:190} INFO - Task hostname:b6443be51f35 operator:BranchPythonOperator
[2025-02-12T23:29:02.051+0000] {local_task_job_runner.py:266} INFO - Task exited with return code 0
[2025-02-12T23:29:02.073+0000] {taskinstance.py:3895} INFO - 1 downstream tasks scheduled from follow-on schedule check
[2025-02-12T23:29:02.076+0000] {local_task_job_runner.py:245} INFO - ::endgroup::
[2025-02-12T23:29:35.857+0000] {local_task_job_runner.py:123} INFO - ::group::Pre task execution logs
[2025-02-12T23:29:35.974+0000] {taskinstance.py:2613} INFO - Dependencies all met for dep_context=non-requeueable deps ti=<TaskInstance: IMPORTATION_ECRITURE_COMPTABLES_ARTICLE_dag.check_directory scheduled__2025-02-12T23:28:00+00:00 [queued]>
[2025-02-12T23:29:35.980+0000] {taskinstance.py:2613} INFO - Dependencies all met for dep_context=requeueable deps ti=<TaskInstance: IMPORTATION_ECRITURE_COMPTABLES_ARTICLE_dag.check_directory scheduled__2025-02-12T23:28:00+00:00 [queued]>
[2025-02-12T23:29:35.981+0000] {taskinstance.py:2866} INFO - Starting attempt 1 of 2
[2025-02-12T23:29:35.992+0000] {taskinstance.py:2889} INFO - Executing <Task(BranchPythonOperator): check_directory> on 2025-02-12 23:28:00+00:00
[2025-02-12T23:29:35.997+0000] {warnings.py:112} WARNING - /home/***/.local/lib/python3.12/site-packages/***/task/task_runner/standard_task_runner.py:70: DeprecationWarning: This process (pid=2105) is multi-threaded, use of fork() may lead to deadlocks in the child.
  pid = os.fork()

[2025-02-12T23:29:35.999+0000] {standard_task_runner.py:72} INFO - Started process 2107 to run task
[2025-02-12T23:29:35.999+0000] {standard_task_runner.py:104} INFO - Running: ['***', 'tasks', 'run', 'IMPORTATION_ECRITURE_COMPTABLES_ARTICLE_dag', 'check_directory', 'scheduled__2025-02-12T23:28:00+00:00', '--job-id', '5751', '--raw', '--subdir', 'DAGS_FOLDER/my_directory_and_file_checker.py', '--cfg-path', '/tmp/tmp5_v5so66']
[2025-02-12T23:29:36.000+0000] {standard_task_runner.py:105} INFO - Job 5751: Subtask check_directory
[2025-02-12T23:29:36.036+0000] {task_command.py:467} INFO - Running <TaskInstance: IMPORTATION_ECRITURE_COMPTABLES_ARTICLE_dag.check_directory scheduled__2025-02-12T23:28:00+00:00 [running]> on host b6443be51f35
[2025-02-12T23:29:36.097+0000] {taskinstance.py:3132} INFO - Exporting env vars: AIRFLOW_CTX_DAG_OWNER='***' AIRFLOW_CTX_DAG_ID='IMPORTATION_ECRITURE_COMPTABLES_ARTICLE_dag' AIRFLOW_CTX_TASK_ID='check_directory' AIRFLOW_CTX_EXECUTION_DATE='2025-02-12T23:28:00+00:00' AIRFLOW_CTX_TRY_NUMBER='1' AIRFLOW_CTX_DAG_RUN_ID='scheduled__2025-02-12T23:28:00+00:00'
[2025-02-12T23:29:36.098+0000] {logging_mixin.py:190} INFO - Task instance is in running state
[2025-02-12T23:29:36.099+0000] {logging_mixin.py:190} INFO -  Previous state of the Task instance: queued
[2025-02-12T23:29:36.099+0000] {logging_mixin.py:190} INFO - Current task name:check_directory state:running start_date:2025-02-12 23:29:35.974997+00:00
[2025-02-12T23:29:36.100+0000] {logging_mixin.py:190} INFO - Dag name:IMPORTATION_ECRITURE_COMPTABLES_ARTICLE_dag and current dag run status:running
[2025-02-12T23:29:36.101+0000] {taskinstance.py:731} INFO - ::endgroup::
[2025-02-12T23:29:36.101+0000] {baseoperator.py:421} WARNING - BranchPythonOperator.execute cannot be called outside TaskInstance!
[2025-02-12T23:29:36.102+0000] {python.py:240} INFO - Done. Returned value was: check_file_in_directory
[2025-02-12T23:29:36.103+0000] {branch.py:38} INFO - Branch into check_file_in_directory
[2025-02-12T23:29:36.104+0000] {skipmixin.py:230} INFO - Following branch ('check_file_in_directory',)
[2025-02-12T23:29:36.115+0000] {skipmixin.py:278} INFO - Skipping tasks []
[2025-02-12T23:29:36.138+0000] {taskinstance.py:340} INFO - ::group::Post task execution logs
[2025-02-12T23:29:36.139+0000] {taskinstance.py:352} INFO - Marking task as SUCCESS. dag_id=IMPORTATION_ECRITURE_COMPTABLES_ARTICLE_dag, task_id=check_directory, run_id=scheduled__2025-02-12T23:28:00+00:00, execution_date=20250212T232800, start_date=20250212T232935, end_date=20250212T232936
[2025-02-12T23:29:36.147+0000] {logging_mixin.py:190} INFO - Task instance in success state
[2025-02-12T23:29:36.148+0000] {logging_mixin.py:190} INFO -  Previous state of the Task instance: running
[2025-02-12T23:29:36.149+0000] {logging_mixin.py:190} INFO - Dag name:IMPORTATION_ECRITURE_COMPTABLES_ARTICLE_dag queued_at:2025-02-12 23:29:34.615296+00:00
[2025-02-12T23:29:36.150+0000] {logging_mixin.py:190} INFO - Task hostname:b6443be51f35 operator:BranchPythonOperator
[2025-02-12T23:29:36.174+0000] {local_task_job_runner.py:266} INFO - Task exited with return code 0
[2025-02-12T23:29:36.198+0000] {taskinstance.py:3895} INFO - 1 downstream tasks scheduled from follow-on schedule check
[2025-02-12T23:29:36.201+0000] {local_task_job_runner.py:245} INFO - ::endgroup::
