[2025-02-02T16:12:50.699+0000] {local_task_job_runner.py:123} INFO - ::group::Pre task execution logs
[2025-02-02T16:12:50.720+0000] {taskinstance.py:2613} INFO - Dependencies all met for dep_context=non-requeueable deps ti=<TaskInstance: directory_and_file_verification_dag.verify_file_reliability manual__2025-02-02T16:12:43.555037+00:00 [queued]>
[2025-02-02T16:12:50.729+0000] {taskinstance.py:2613} INFO - Dependencies all met for dep_context=requeueable deps ti=<TaskInstance: directory_and_file_verification_dag.verify_file_reliability manual__2025-02-02T16:12:43.555037+00:00 [queued]>
[2025-02-02T16:12:50.730+0000] {taskinstance.py:2866} INFO - Starting attempt 1 of 1
[2025-02-02T16:12:50.744+0000] {taskinstance.py:2889} INFO - Executing <Task(BranchPythonOperator): verify_file_reliability> on 2025-02-02 16:12:43.555037+00:00
[2025-02-02T16:12:50.751+0000] {warnings.py:112} WARNING - /home/***/.local/lib/python3.12/site-packages/***/task/task_runner/standard_task_runner.py:70: DeprecationWarning: This process (pid=637) is multi-threaded, use of fork() may lead to deadlocks in the child.
  pid = os.fork()

[2025-02-02T16:12:50.753+0000] {standard_task_runner.py:72} INFO - Started process 639 to run task
[2025-02-02T16:12:50.753+0000] {standard_task_runner.py:104} INFO - Running: ['***', 'tasks', 'run', 'directory_and_file_verification_dag', 'verify_file_reliability', 'manual__2025-02-02T16:12:43.555037+00:00', '--job-id', '248', '--raw', '--subdir', 'DAGS_FOLDER/my_directory_and_file_checker.py', '--cfg-path', '/tmp/tmprprseapm']
[2025-02-02T16:12:50.754+0000] {standard_task_runner.py:105} INFO - Job 248: Subtask verify_file_reliability
[2025-02-02T16:12:50.977+0000] {task_command.py:467} INFO - Running <TaskInstance: directory_and_file_verification_dag.verify_file_reliability manual__2025-02-02T16:12:43.555037+00:00 [running]> on host 003b7fbea265
[2025-02-02T16:12:51.042+0000] {taskinstance.py:3132} INFO - Exporting env vars: AIRFLOW_CTX_DAG_OWNER='***' AIRFLOW_CTX_DAG_ID='directory_and_file_verification_dag' AIRFLOW_CTX_TASK_ID='verify_file_reliability' AIRFLOW_CTX_EXECUTION_DATE='2025-02-02T16:12:43.555037+00:00' AIRFLOW_CTX_TRY_NUMBER='1' AIRFLOW_CTX_DAG_RUN_ID='manual__2025-02-02T16:12:43.555037+00:00'
[2025-02-02T16:12:51.043+0000] {logging_mixin.py:190} INFO - Task instance is in running state
[2025-02-02T16:12:51.044+0000] {logging_mixin.py:190} INFO -  Previous state of the Task instance: queued
[2025-02-02T16:12:51.044+0000] {logging_mixin.py:190} INFO - Current task name:verify_file_reliability state:running start_date:2025-02-02 16:12:50.721068+00:00
[2025-02-02T16:12:51.045+0000] {logging_mixin.py:190} INFO - Dag name:directory_and_file_verification_dag and current dag run status:running
[2025-02-02T16:12:51.046+0000] {taskinstance.py:731} INFO - ::endgroup::
[2025-02-02T16:12:51.047+0000] {baseoperator.py:421} WARNING - BranchPythonOperator.execute cannot be called outside TaskInstance!
[2025-02-02T16:12:51.055+0000] {my_directory_and_file_checker.py:57} ERROR - ❌ Erreur d'encodage (utf-8) pour Écritures comptables article.csv: 'utf-8' codec can't decode byte 0xb0 in position 1: invalid start byte
[2025-02-02T16:12:51.117+0000] {logging_mixin.py:190} INFO - 
📂 Contenu du fichier (ISO-8859-1): Écritures comptables article.csv
[2025-02-02T16:12:51.146+0000] {logging_mixin.py:190} INFO -   Date comptabilisation       N° lot  ... KOR par Réception KOR INPUT
0            31/12/2024  A-BNDK 2304  ...             0,000     0,000
1            31/12/2024  B-BNDK 2304  ...             0,000     0,000
2            31/12/2024  C-BNDK 2304  ...             0,000     0,000
3            31/12/2024  D-BNDK 2304  ...             0,000     0,000
4            31/12/2024  E-BNDK 2304  ...             0,000     0,000

[5 rows x 27 columns]
[2025-02-02T16:12:51.148+0000] {logging_mixin.py:190} INFO - Boris200223 <class 'NoneType'>
[2025-02-02T16:12:51.149+0000] {logging_mixin.py:190} INFO - /opt/***/files/Écritures comptables article.csv Écritures comptables article.csv  non traité Boris None
[2025-02-02T16:12:51.150+0000] {python.py:240} INFO - Done. Returned value was: None
[2025-02-02T16:12:51.151+0000] {branch.py:38} INFO - Branch into None
[2025-02-02T16:12:51.151+0000] {skipmixin.py:230} INFO - Following branch ()
[2025-02-02T16:12:51.160+0000] {skipmixin.py:278} INFO - Skipping tasks [('end', -1)]
[2025-02-02T16:12:51.180+0000] {taskinstance.py:340} INFO - ::group::Post task execution logs
[2025-02-02T16:12:51.182+0000] {taskinstance.py:352} INFO - Marking task as SUCCESS. dag_id=directory_and_file_verification_dag, task_id=verify_file_reliability, run_id=manual__2025-02-02T16:12:43.555037+00:00, execution_date=20250202T161243, start_date=20250202T161250, end_date=20250202T161251
[2025-02-02T16:12:51.192+0000] {logging_mixin.py:190} INFO - Task instance in success state
[2025-02-02T16:12:51.193+0000] {logging_mixin.py:190} INFO -  Previous state of the Task instance: running
[2025-02-02T16:12:51.193+0000] {logging_mixin.py:190} INFO - Dag name:directory_and_file_verification_dag queued_at:2025-02-02 16:12:43.565741+00:00
[2025-02-02T16:12:51.194+0000] {logging_mixin.py:190} INFO - Task hostname:003b7fbea265 operator:BranchPythonOperator
[2025-02-02T16:12:51.209+0000] {local_task_job_runner.py:266} INFO - Task exited with return code 0
[2025-02-02T16:12:51.223+0000] {taskinstance.py:3895} INFO - 0 downstream tasks scheduled from follow-on schedule check
[2025-02-02T16:12:51.227+0000] {local_task_job_runner.py:245} INFO - ::endgroup::
