[2025-02-02T13:09:42.168+0000] {local_task_job_runner.py:123} INFO - ::group::Pre task execution logs
[2025-02-02T13:09:42.196+0000] {taskinstance.py:2613} INFO - Dependencies all met for dep_context=non-requeueable deps ti=<TaskInstance: directory_and_file_verification_dag.check_directory manual__2025-02-02T13:09:38.477216+00:00 [queued]>
[2025-02-02T13:09:42.208+0000] {taskinstance.py:2613} INFO - Dependencies all met for dep_context=requeueable deps ti=<TaskInstance: directory_and_file_verification_dag.check_directory manual__2025-02-02T13:09:38.477216+00:00 [queued]>
[2025-02-02T13:09:42.209+0000] {taskinstance.py:2866} INFO - Starting attempt 1 of 1
[2025-02-02T13:09:42.227+0000] {taskinstance.py:2889} INFO - Executing <Task(BranchPythonOperator): check_directory> on 2025-02-02 13:09:38.477216+00:00
[2025-02-02T13:09:42.238+0000] {warnings.py:112} WARNING - /home/***/.local/lib/python3.12/site-packages/***/task/task_runner/standard_task_runner.py:70: DeprecationWarning: This process (pid=2194) is multi-threaded, use of fork() may lead to deadlocks in the child.
  pid = os.fork()

[2025-02-02T13:09:42.242+0000] {standard_task_runner.py:104} INFO - Running: ['***', 'tasks', 'run', 'directory_and_file_verification_dag', 'check_directory', 'manual__2025-02-02T13:09:38.477216+00:00', '--job-id', '120', '--raw', '--subdir', 'DAGS_FOLDER/my_directory_and_file_checker.py', '--cfg-path', '/tmp/tmphzqdqncw']
[2025-02-02T13:09:42.244+0000] {standard_task_runner.py:105} INFO - Job 120: Subtask check_directory
[2025-02-02T13:09:42.245+0000] {standard_task_runner.py:72} INFO - Started process 2197 to run task
[2025-02-02T13:09:42.338+0000] {task_command.py:467} INFO - Running <TaskInstance: directory_and_file_verification_dag.check_directory manual__2025-02-02T13:09:38.477216+00:00 [running]> on host 003b7fbea265
[2025-02-02T13:09:42.775+0000] {taskinstance.py:3132} INFO - Exporting env vars: AIRFLOW_CTX_DAG_OWNER='***' AIRFLOW_CTX_DAG_ID='directory_and_file_verification_dag' AIRFLOW_CTX_TASK_ID='check_directory' AIRFLOW_CTX_EXECUTION_DATE='2025-02-02T13:09:38.477216+00:00' AIRFLOW_CTX_TRY_NUMBER='1' AIRFLOW_CTX_DAG_RUN_ID='manual__2025-02-02T13:09:38.477216+00:00'
[2025-02-02T13:09:42.776+0000] {logging_mixin.py:190} INFO - Task instance is in running state
[2025-02-02T13:09:42.777+0000] {logging_mixin.py:190} INFO -  Previous state of the Task instance: queued
[2025-02-02T13:09:42.777+0000] {logging_mixin.py:190} INFO - Current task name:check_directory state:running start_date:2025-02-02 13:09:42.197812+00:00
[2025-02-02T13:09:42.778+0000] {logging_mixin.py:190} INFO - Dag name:directory_and_file_verification_dag and current dag run status:running
[2025-02-02T13:09:42.778+0000] {taskinstance.py:731} INFO - ::endgroup::
[2025-02-02T13:09:42.779+0000] {baseoperator.py:421} WARNING - BranchPythonOperator.execute cannot be called outside TaskInstance!
[2025-02-02T13:09:42.781+0000] {logging_mixin.py:190} INFO - borusss ['Écritures comptables article.csv', 'Écritures comptables article.csv.bak', 'Écritures comptables article.xlsx']
[2025-02-02T13:09:42.781+0000] {python.py:240} INFO - Done. Returned value was: check_file_in_directory
[2025-02-02T13:09:42.782+0000] {branch.py:38} INFO - Branch into check_file_in_directory
[2025-02-02T13:09:42.783+0000] {skipmixin.py:230} INFO - Following branch ('check_file_in_directory',)
[2025-02-02T13:09:42.799+0000] {skipmixin.py:278} INFO - Skipping tasks []
[2025-02-02T13:09:42.833+0000] {taskinstance.py:340} INFO - ::group::Post task execution logs
[2025-02-02T13:09:42.834+0000] {taskinstance.py:352} INFO - Marking task as SUCCESS. dag_id=directory_and_file_verification_dag, task_id=check_directory, run_id=manual__2025-02-02T13:09:38.477216+00:00, execution_date=20250202T130938, start_date=20250202T130942, end_date=20250202T130942
[2025-02-02T13:09:42.848+0000] {logging_mixin.py:190} INFO - Task instance in success state
[2025-02-02T13:09:42.849+0000] {logging_mixin.py:190} INFO -  Previous state of the Task instance: running
[2025-02-02T13:09:42.850+0000] {logging_mixin.py:190} INFO - Dag name:directory_and_file_verification_dag queued_at:2025-02-02 13:09:38.495488+00:00
[2025-02-02T13:09:42.852+0000] {logging_mixin.py:190} INFO - Task hostname:003b7fbea265 operator:BranchPythonOperator
[2025-02-02T13:09:42.871+0000] {local_task_job_runner.py:266} INFO - Task exited with return code 0
[2025-02-02T13:09:43.080+0000] {taskinstance.py:3895} INFO - 1 downstream tasks scheduled from follow-on schedule check
[2025-02-02T13:09:43.083+0000] {local_task_job_runner.py:245} INFO - ::endgroup::
