[2025-02-14T00:36:03.466+0000] {local_task_job_runner.py:123} INFO - ::group::Pre task execution logs
[2025-02-14T00:36:03.579+0000] {taskinstance.py:2613} INFO - Dependencies all met for dep_context=non-requeueable deps ti=<TaskInstance: IMPORTATION_ECRITURE_COMPTABLES_ARTICLE_dag.check_file_in_directory scheduled__2025-02-14T00:35:00+00:00 [queued]>
[2025-02-14T00:36:03.586+0000] {taskinstance.py:2613} INFO - Dependencies all met for dep_context=requeueable deps ti=<TaskInstance: IMPORTATION_ECRITURE_COMPTABLES_ARTICLE_dag.check_file_in_directory scheduled__2025-02-14T00:35:00+00:00 [queued]>
[2025-02-14T00:36:03.587+0000] {taskinstance.py:2866} INFO - Starting attempt 1 of 2
[2025-02-14T00:36:03.598+0000] {taskinstance.py:2889} INFO - Executing <Task(BranchPythonOperator): check_file_in_directory> on 2025-02-14 00:35:00+00:00
[2025-02-14T00:36:03.604+0000] {warnings.py:112} WARNING - /home/***/.local/lib/python3.12/site-packages/***/task/task_runner/standard_task_runner.py:70: DeprecationWarning: This process (pid=1532) is multi-threaded, use of fork() may lead to deadlocks in the child.
  pid = os.fork()

[2025-02-14T00:36:03.605+0000] {standard_task_runner.py:72} INFO - Started process 1534 to run task
[2025-02-14T00:36:03.605+0000] {standard_task_runner.py:104} INFO - Running: ['***', 'tasks', 'run', 'IMPORTATION_ECRITURE_COMPTABLES_ARTICLE_dag', 'check_file_in_directory', 'scheduled__2025-02-14T00:35:00+00:00', '--job-id', '8812', '--raw', '--subdir', 'DAGS_FOLDER/my_directory_and_file_checker.py', '--cfg-path', '/tmp/tmp47v76xdx']
[2025-02-14T00:36:03.607+0000] {standard_task_runner.py:105} INFO - Job 8812: Subtask check_file_in_directory
[2025-02-14T00:36:03.644+0000] {task_command.py:467} INFO - Running <TaskInstance: IMPORTATION_ECRITURE_COMPTABLES_ARTICLE_dag.check_file_in_directory scheduled__2025-02-14T00:35:00+00:00 [running]> on host b6443be51f35
[2025-02-14T00:36:03.706+0000] {taskinstance.py:3132} INFO - Exporting env vars: AIRFLOW_CTX_DAG_OWNER='***' AIRFLOW_CTX_DAG_ID='IMPORTATION_ECRITURE_COMPTABLES_ARTICLE_dag' AIRFLOW_CTX_TASK_ID='check_file_in_directory' AIRFLOW_CTX_EXECUTION_DATE='2025-02-14T00:35:00+00:00' AIRFLOW_CTX_TRY_NUMBER='1' AIRFLOW_CTX_DAG_RUN_ID='scheduled__2025-02-14T00:35:00+00:00'
[2025-02-14T00:36:03.707+0000] {logging_mixin.py:190} INFO - Task instance is in running state
[2025-02-14T00:36:03.708+0000] {logging_mixin.py:190} INFO -  Previous state of the Task instance: queued
[2025-02-14T00:36:03.709+0000] {logging_mixin.py:190} INFO - Current task name:check_file_in_directory state:running start_date:2025-02-14 00:36:03.580055+00:00
[2025-02-14T00:36:03.709+0000] {logging_mixin.py:190} INFO - Dag name:IMPORTATION_ECRITURE_COMPTABLES_ARTICLE_dag and current dag run status:running
[2025-02-14T00:36:03.710+0000] {taskinstance.py:731} INFO - ::endgroup::
[2025-02-14T00:36:03.711+0000] {baseoperator.py:421} WARNING - BranchPythonOperator.execute cannot be called outside TaskInstance!
[2025-02-14T00:36:03.711+0000] {logging_mixin.py:190} INFO - ca marche /opt/***/files/in ['.csv']
[2025-02-14T00:36:03.715+0000] {python.py:240} INFO - Done. Returned value was: verify_file_reliability
[2025-02-14T00:36:03.715+0000] {branch.py:38} INFO - Branch into verify_file_reliability
[2025-02-14T00:36:03.716+0000] {skipmixin.py:230} INFO - Following branch ('verify_file_reliability',)
[2025-02-14T00:36:03.724+0000] {skipmixin.py:278} INFO - Skipping tasks []
[2025-02-14T00:36:03.750+0000] {taskinstance.py:340} INFO - ::group::Post task execution logs
[2025-02-14T00:36:03.751+0000] {taskinstance.py:352} INFO - Marking task as SUCCESS. dag_id=IMPORTATION_ECRITURE_COMPTABLES_ARTICLE_dag, task_id=check_file_in_directory, run_id=scheduled__2025-02-14T00:35:00+00:00, execution_date=20250214T003500, start_date=20250214T003603, end_date=20250214T003603
[2025-02-14T00:36:03.760+0000] {logging_mixin.py:190} INFO - Task instance in success state
[2025-02-14T00:36:03.761+0000] {logging_mixin.py:190} INFO -  Previous state of the Task instance: running
[2025-02-14T00:36:03.762+0000] {logging_mixin.py:190} INFO - Dag name:IMPORTATION_ECRITURE_COMPTABLES_ARTICLE_dag queued_at:2025-02-14 00:36:00.104216+00:00
[2025-02-14T00:36:03.762+0000] {logging_mixin.py:190} INFO - Task hostname:b6443be51f35 operator:BranchPythonOperator
[2025-02-14T00:36:03.781+0000] {local_task_job_runner.py:266} INFO - Task exited with return code 0
[2025-02-14T00:36:03.802+0000] {taskinstance.py:3895} INFO - 1 downstream tasks scheduled from follow-on schedule check
[2025-02-14T00:36:03.805+0000] {local_task_job_runner.py:245} INFO - ::endgroup::
[2025-02-14T00:36:29.649+0000] {local_task_job_runner.py:123} INFO - ::group::Pre task execution logs
[2025-02-14T00:36:29.673+0000] {taskinstance.py:2613} INFO - Dependencies all met for dep_context=non-requeueable deps ti=<TaskInstance: IMPORTATION_ECRITURE_COMPTABLES_ARTICLE_dag.check_file_in_directory scheduled__2025-02-14T00:35:00+00:00 [queued]>
[2025-02-14T00:36:29.828+0000] {taskinstance.py:2613} INFO - Dependencies all met for dep_context=requeueable deps ti=<TaskInstance: IMPORTATION_ECRITURE_COMPTABLES_ARTICLE_dag.check_file_in_directory scheduled__2025-02-14T00:35:00+00:00 [queued]>
[2025-02-14T00:36:29.829+0000] {taskinstance.py:2866} INFO - Starting attempt 1 of 2
[2025-02-14T00:36:29.844+0000] {taskinstance.py:2889} INFO - Executing <Task(BranchPythonOperator): check_file_in_directory> on 2025-02-14 00:35:00+00:00
[2025-02-14T00:36:29.850+0000] {warnings.py:112} WARNING - /home/***/.local/lib/python3.12/site-packages/***/task/task_runner/standard_task_runner.py:70: DeprecationWarning: This process (pid=1552) is multi-threaded, use of fork() may lead to deadlocks in the child.
  pid = os.fork()

[2025-02-14T00:36:29.852+0000] {standard_task_runner.py:72} INFO - Started process 1556 to run task
[2025-02-14T00:36:29.852+0000] {standard_task_runner.py:104} INFO - Running: ['***', 'tasks', 'run', 'IMPORTATION_ECRITURE_COMPTABLES_ARTICLE_dag', 'check_file_in_directory', 'scheduled__2025-02-14T00:35:00+00:00', '--job-id', '8815', '--raw', '--subdir', 'DAGS_FOLDER/my_directory_and_file_checker.py', '--cfg-path', '/tmp/tmppcsxgsbq']
[2025-02-14T00:36:29.854+0000] {standard_task_runner.py:105} INFO - Job 8815: Subtask check_file_in_directory
[2025-02-14T00:36:29.905+0000] {task_command.py:467} INFO - Running <TaskInstance: IMPORTATION_ECRITURE_COMPTABLES_ARTICLE_dag.check_file_in_directory scheduled__2025-02-14T00:35:00+00:00 [running]> on host b6443be51f35
[2025-02-14T00:36:29.989+0000] {taskinstance.py:3132} INFO - Exporting env vars: AIRFLOW_CTX_DAG_OWNER='***' AIRFLOW_CTX_DAG_ID='IMPORTATION_ECRITURE_COMPTABLES_ARTICLE_dag' AIRFLOW_CTX_TASK_ID='check_file_in_directory' AIRFLOW_CTX_EXECUTION_DATE='2025-02-14T00:35:00+00:00' AIRFLOW_CTX_TRY_NUMBER='1' AIRFLOW_CTX_DAG_RUN_ID='scheduled__2025-02-14T00:35:00+00:00'
[2025-02-14T00:36:29.991+0000] {logging_mixin.py:190} INFO - Task instance is in running state
[2025-02-14T00:36:29.991+0000] {logging_mixin.py:190} INFO -  Previous state of the Task instance: queued
[2025-02-14T00:36:29.992+0000] {logging_mixin.py:190} INFO - Current task name:check_file_in_directory state:running start_date:2025-02-14 00:36:29.674140+00:00
[2025-02-14T00:36:29.993+0000] {logging_mixin.py:190} INFO - Dag name:IMPORTATION_ECRITURE_COMPTABLES_ARTICLE_dag and current dag run status:running
[2025-02-14T00:36:29.993+0000] {taskinstance.py:731} INFO - ::endgroup::
[2025-02-14T00:36:29.994+0000] {baseoperator.py:421} WARNING - BranchPythonOperator.execute cannot be called outside TaskInstance!
[2025-02-14T00:36:29.995+0000] {logging_mixin.py:190} INFO - ca marche /opt/***/files/in ['.csv']
[2025-02-14T00:36:29.998+0000] {python.py:240} INFO - Done. Returned value was: verify_file_reliability
[2025-02-14T00:36:29.999+0000] {branch.py:38} INFO - Branch into verify_file_reliability
[2025-02-14T00:36:29.999+0000] {skipmixin.py:230} INFO - Following branch ('verify_file_reliability',)
[2025-02-14T00:36:30.013+0000] {skipmixin.py:278} INFO - Skipping tasks []
[2025-02-14T00:36:30.040+0000] {taskinstance.py:340} INFO - ::group::Post task execution logs
[2025-02-14T00:36:30.040+0000] {taskinstance.py:352} INFO - Marking task as SUCCESS. dag_id=IMPORTATION_ECRITURE_COMPTABLES_ARTICLE_dag, task_id=check_file_in_directory, run_id=scheduled__2025-02-14T00:35:00+00:00, execution_date=20250214T003500, start_date=20250214T003629, end_date=20250214T003630
[2025-02-14T00:36:30.050+0000] {logging_mixin.py:190} INFO - Task instance in success state
[2025-02-14T00:36:30.051+0000] {logging_mixin.py:190} INFO -  Previous state of the Task instance: running
[2025-02-14T00:36:30.051+0000] {logging_mixin.py:190} INFO - Dag name:IMPORTATION_ECRITURE_COMPTABLES_ARTICLE_dag queued_at:2025-02-14 00:36:25.654151+00:00
[2025-02-14T00:36:30.051+0000] {logging_mixin.py:190} INFO - Task hostname:b6443be51f35 operator:BranchPythonOperator
[2025-02-14T00:36:30.068+0000] {local_task_job_runner.py:266} INFO - Task exited with return code 0
[2025-02-14T00:36:30.098+0000] {taskinstance.py:3895} INFO - 1 downstream tasks scheduled from follow-on schedule check
[2025-02-14T00:36:30.100+0000] {local_task_job_runner.py:245} INFO - ::endgroup::
