[2025-02-10T00:34:03.968+0000] {local_task_job_runner.py:123} INFO - ::group::Pre task execution logs
[2025-02-10T00:34:03.996+0000] {taskinstance.py:2613} INFO - Dependencies all met for dep_context=non-requeueable deps ti=<TaskInstance: directory_and_file_verification_dag.verify_file_reliability manual__2025-02-10T00:33:57.773466+00:00 [queued]>
[2025-02-10T00:34:04.191+0000] {taskinstance.py:2613} INFO - Dependencies all met for dep_context=requeueable deps ti=<TaskInstance: directory_and_file_verification_dag.verify_file_reliability manual__2025-02-10T00:33:57.773466+00:00 [queued]>
[2025-02-10T00:34:04.192+0000] {taskinstance.py:2866} INFO - Starting attempt 1 of 1
[2025-02-10T00:34:04.208+0000] {taskinstance.py:2889} INFO - Executing <Task(BranchPythonOperator): verify_file_reliability> on 2025-02-10 00:33:57.773466+00:00
[2025-02-10T00:34:04.217+0000] {warnings.py:112} WARNING - /home/***/.local/lib/python3.12/site-packages/***/task/task_runner/standard_task_runner.py:70: DeprecationWarning: This process (pid=463) is multi-threaded, use of fork() may lead to deadlocks in the child.
  pid = os.fork()

[2025-02-10T00:34:04.219+0000] {standard_task_runner.py:72} INFO - Started process 465 to run task
[2025-02-10T00:34:04.220+0000] {standard_task_runner.py:104} INFO - Running: ['***', 'tasks', 'run', 'directory_and_file_verification_dag', 'verify_file_reliability', 'manual__2025-02-10T00:33:57.773466+00:00', '--job-id', '152', '--raw', '--subdir', 'DAGS_FOLDER/my_directory_and_file_checker.py', '--cfg-path', '/tmp/tmpcjlc04hj']
[2025-02-10T00:34:04.221+0000] {standard_task_runner.py:105} INFO - Job 152: Subtask verify_file_reliability
[2025-02-10T00:34:04.283+0000] {task_command.py:467} INFO - Running <TaskInstance: directory_and_file_verification_dag.verify_file_reliability manual__2025-02-10T00:33:57.773466+00:00 [running]> on host b6443be51f35
[2025-02-10T00:34:04.395+0000] {taskinstance.py:3132} INFO - Exporting env vars: AIRFLOW_CTX_DAG_OWNER='***' AIRFLOW_CTX_DAG_ID='directory_and_file_verification_dag' AIRFLOW_CTX_TASK_ID='verify_file_reliability' AIRFLOW_CTX_EXECUTION_DATE='2025-02-10T00:33:57.773466+00:00' AIRFLOW_CTX_TRY_NUMBER='1' AIRFLOW_CTX_DAG_RUN_ID='manual__2025-02-10T00:33:57.773466+00:00'
[2025-02-10T00:34:04.397+0000] {logging_mixin.py:190} INFO - Task instance is in running state
[2025-02-10T00:34:04.398+0000] {logging_mixin.py:190} INFO -  Previous state of the Task instance: queued
[2025-02-10T00:34:04.399+0000] {logging_mixin.py:190} INFO - Current task name:verify_file_reliability state:running start_date:2025-02-10 00:34:03.997563+00:00
[2025-02-10T00:34:04.399+0000] {logging_mixin.py:190} INFO - Dag name:directory_and_file_verification_dag and current dag run status:running
[2025-02-10T00:34:04.400+0000] {taskinstance.py:731} INFO - ::endgroup::
[2025-02-10T00:34:04.400+0000] {baseoperator.py:421} WARNING - BranchPythonOperator.execute cannot be called outside TaskInstance!
[2025-02-10T00:34:04.402+0000] {logging_mixin.py:190} INFO - camarche22 /opt/***/files/in ['.csv'] ['utf-8', 'ISO-8859-1', 'Windows-1252']
[2025-02-10T00:34:04.418+0000] {logging_mixin.py:190} INFO - 
📂 Contenu du fichier (utf-8): Écritures comptables article - Copie.csv
[2025-02-10T00:34:04.434+0000] {logging_mixin.py:190} INFO -   Date comptabilisation      N° lot Type écriture N° document  N° séquence
0            16/12/2024         NaN         Vente   BL1900145        15735
1            16/12/2024         NaN         Vente      107012        15734
2            11/01/2025  16LABCDE24    Production   RPO000460        15733
3            11/01/2025  16LABCDE24    Production   RPO000460        15731
[2025-02-10T00:34:04.435+0000] {logging_mixin.py:190} INFO - Erreur Type de donnée invalide dans la colonne  Ligne 0 : accounting_date': 16/12/2024 n'est pas du type <class 'datetime.date'>
[2025-02-10T00:34:04.438+0000] {logging_mixin.py:190} INFO - Erreur Type de donnée invalide dans la colonne  Ligne 1 : accounting_date': 16/12/2024 n'est pas du type <class 'datetime.date'>
[2025-02-10T00:34:04.441+0000] {logging_mixin.py:190} INFO - Erreur Type de donnée invalide dans la colonne  Ligne 2 : accounting_date': 11/01/2025 n'est pas du type <class 'datetime.date'>
[2025-02-10T00:34:04.444+0000] {logging_mixin.py:190} INFO - Erreur Type de donnée invalide dans la colonne  Ligne 3 : accounting_date': 11/01/2025 n'est pas du type <class 'datetime.date'>
[2025-02-10T00:34:04.450+0000] {logging_mixin.py:190} INFO - ✅Lignes  ('✅ Le fichier respecte les colonnes attendues et les types de données.', False) 4
[2025-02-10T00:34:04.454+0000] {logging_mixin.py:190} INFO - Merde
[2025-02-10T00:34:04.458+0000] {python.py:240} INFO - Done. Returned value was: end
[2025-02-10T00:34:04.459+0000] {branch.py:38} INFO - Branch into end
[2025-02-10T00:34:04.459+0000] {skipmixin.py:230} INFO - Following branch ('end',)
[2025-02-10T00:34:04.486+0000] {skipmixin.py:278} INFO - Skipping tasks [('import_temp_ecc_to_ecc', -1)]
[2025-02-10T00:34:04.521+0000] {taskinstance.py:340} INFO - ::group::Post task execution logs
[2025-02-10T00:34:04.522+0000] {taskinstance.py:352} INFO - Marking task as SUCCESS. dag_id=directory_and_file_verification_dag, task_id=verify_file_reliability, run_id=manual__2025-02-10T00:33:57.773466+00:00, execution_date=20250210T003357, start_date=20250210T003403, end_date=20250210T003404
[2025-02-10T00:34:04.533+0000] {logging_mixin.py:190} INFO - Task instance in success state
[2025-02-10T00:34:04.534+0000] {logging_mixin.py:190} INFO -  Previous state of the Task instance: running
[2025-02-10T00:34:04.535+0000] {logging_mixin.py:190} INFO - Dag name:directory_and_file_verification_dag queued_at:2025-02-10 00:33:57.783117+00:00
[2025-02-10T00:34:04.535+0000] {logging_mixin.py:190} INFO - Task hostname:b6443be51f35 operator:BranchPythonOperator
[2025-02-10T00:34:04.554+0000] {local_task_job_runner.py:266} INFO - Task exited with return code 0
[2025-02-10T00:34:04.592+0000] {taskinstance.py:3895} INFO - 0 downstream tasks scheduled from follow-on schedule check
[2025-02-10T00:34:04.598+0000] {local_task_job_runner.py:245} INFO - ::endgroup::
