[2025-02-07T22:42:13.812+0000] {local_task_job_runner.py:123} INFO - ::group::Pre task execution logs
[2025-02-07T22:42:13.920+0000] {taskinstance.py:2613} INFO - Dependencies all met for dep_context=non-requeueable deps ti=<TaskInstance: directory_and_file_verification_dag.check_directory scheduled__2025-02-07T08:00:00+00:00 [queued]>
[2025-02-07T22:42:13.984+0000] {taskinstance.py:2613} INFO - Dependencies all met for dep_context=requeueable deps ti=<TaskInstance: directory_and_file_verification_dag.check_directory scheduled__2025-02-07T08:00:00+00:00 [queued]>
[2025-02-07T22:42:13.998+0000] {taskinstance.py:2866} INFO - Starting attempt 1 of 1
[2025-02-07T22:42:15.599+0000] {taskinstance.py:2889} INFO - Executing <Task(BranchPythonOperator): check_directory> on 2025-02-07 08:00:00+00:00
[2025-02-07T22:42:15.697+0000] {standard_task_runner.py:104} INFO - Running: ['***', 'tasks', 'run', 'directory_and_file_verification_dag', 'check_directory', 'scheduled__2025-02-07T08:00:00+00:00', '--job-id', '1050', '--raw', '--subdir', 'DAGS_FOLDER/my_directory_and_file_checker.py', '--cfg-path', '/tmp/tmpqf_fc_6j']
[2025-02-07T22:42:15.705+0000] {warnings.py:112} WARNING - /home/***/.local/lib/python3.12/site-packages/***/task/task_runner/standard_task_runner.py:70: DeprecationWarning: This process (pid=20024) is multi-threaded, use of fork() may lead to deadlocks in the child.
  pid = os.fork()

[2025-02-07T22:42:15.708+0000] {standard_task_runner.py:72} INFO - Started process 20072 to run task
[2025-02-07T22:42:15.707+0000] {standard_task_runner.py:105} INFO - Job 1050: Subtask check_directory
[2025-02-07T22:42:16.006+0000] {task_command.py:467} INFO - Running <TaskInstance: directory_and_file_verification_dag.check_directory scheduled__2025-02-07T08:00:00+00:00 [running]> on host 003b7fbea265
[2025-02-07T22:42:16.560+0000] {taskinstance.py:3132} INFO - Exporting env vars: AIRFLOW_CTX_DAG_OWNER='***' AIRFLOW_CTX_DAG_ID='directory_and_file_verification_dag' AIRFLOW_CTX_TASK_ID='check_directory' AIRFLOW_CTX_EXECUTION_DATE='2025-02-07T08:00:00+00:00' AIRFLOW_CTX_TRY_NUMBER='1' AIRFLOW_CTX_DAG_RUN_ID='scheduled__2025-02-07T08:00:00+00:00'
[2025-02-07T22:42:16.575+0000] {logging_mixin.py:190} INFO - Task instance is in running state
[2025-02-07T22:42:16.577+0000] {logging_mixin.py:190} INFO -  Previous state of the Task instance: queued
[2025-02-07T22:42:16.578+0000] {logging_mixin.py:190} INFO - Current task name:check_directory state:running start_date:2025-02-07 22:42:13.935915+00:00
[2025-02-07T22:42:16.579+0000] {logging_mixin.py:190} INFO - Dag name:directory_and_file_verification_dag and current dag run status:running
[2025-02-07T22:42:16.580+0000] {taskinstance.py:731} INFO - ::endgroup::
[2025-02-07T22:42:16.581+0000] {baseoperator.py:421} WARNING - BranchPythonOperator.execute cannot be called outside TaskInstance!
[2025-02-07T22:42:16.584+0000] {logging_mixin.py:190} INFO - borusss ['in', 'logs', 'out', 'statu_date_execution.txt', 'succes_date_execution.txt', 'test', 'Écritures - Copie.csv.bak', 'Écritures comptables article.csv.bak', 'Écritures.csv.bak']
[2025-02-07T22:42:16.586+0000] {python.py:240} INFO - Done. Returned value was: check_file_in_directory
[2025-02-07T22:42:16.596+0000] {branch.py:38} INFO - Branch into check_file_in_directory
[2025-02-07T22:42:16.610+0000] {skipmixin.py:230} INFO - Following branch ('check_file_in_directory',)
[2025-02-07T22:42:16.736+0000] {skipmixin.py:278} INFO - Skipping tasks []
[2025-02-07T22:42:16.887+0000] {taskinstance.py:340} INFO - ::group::Post task execution logs
[2025-02-07T22:42:16.895+0000] {taskinstance.py:352} INFO - Marking task as SUCCESS. dag_id=directory_and_file_verification_dag, task_id=check_directory, run_id=scheduled__2025-02-07T08:00:00+00:00, execution_date=20250207T080000, start_date=20250207T224213, end_date=20250207T224216
[2025-02-07T22:42:16.935+0000] {logging_mixin.py:190} INFO - Task instance in success state
[2025-02-07T22:42:16.938+0000] {logging_mixin.py:190} INFO -  Previous state of the Task instance: running
[2025-02-07T22:42:16.945+0000] {logging_mixin.py:190} INFO - Dag name:directory_and_file_verification_dag queued_at:2025-02-07 22:41:57.186790+00:00
[2025-02-07T22:42:16.956+0000] {logging_mixin.py:190} INFO - Task hostname:003b7fbea265 operator:BranchPythonOperator
[2025-02-07T22:42:17.155+0000] {local_task_job_runner.py:266} INFO - Task exited with return code 0
[2025-02-07T22:42:17.333+0000] {taskinstance.py:3895} INFO - 1 downstream tasks scheduled from follow-on schedule check
[2025-02-07T22:42:17.352+0000] {local_task_job_runner.py:245} INFO - ::endgroup::
[2025-02-07T22:43:39.428+0000] {local_task_job_runner.py:123} INFO - ::group::Pre task execution logs
[2025-02-07T22:43:39.513+0000] {taskinstance.py:2613} INFO - Dependencies all met for dep_context=non-requeueable deps ti=<TaskInstance: directory_and_file_verification_dag.check_directory scheduled__2025-02-07T08:00:00+00:00 [queued]>
[2025-02-07T22:43:39.630+0000] {taskinstance.py:2613} INFO - Dependencies all met for dep_context=requeueable deps ti=<TaskInstance: directory_and_file_verification_dag.check_directory scheduled__2025-02-07T08:00:00+00:00 [queued]>
[2025-02-07T22:43:39.642+0000] {taskinstance.py:2866} INFO - Starting attempt 1 of 1
[2025-02-07T22:43:41.564+0000] {taskinstance.py:2889} INFO - Executing <Task(BranchPythonOperator): check_directory> on 2025-02-07 08:00:00+00:00
[2025-02-07T22:43:41.766+0000] {warnings.py:112} WARNING - /home/***/.local/lib/python3.12/site-packages/***/task/task_runner/standard_task_runner.py:70: DeprecationWarning: This process (pid=20222) is multi-threaded, use of fork() may lead to deadlocks in the child.
  pid = os.fork()

[2025-02-07T22:43:41.783+0000] {standard_task_runner.py:72} INFO - Started process 20272 to run task
[2025-02-07T22:43:41.799+0000] {standard_task_runner.py:104} INFO - Running: ['***', 'tasks', 'run', 'directory_and_file_verification_dag', 'check_directory', 'scheduled__2025-02-07T08:00:00+00:00', '--job-id', '1094', '--raw', '--subdir', 'DAGS_FOLDER/my_directory_and_file_checker.py', '--cfg-path', '/tmp/tmpi2_rs8p3']
[2025-02-07T22:43:41.816+0000] {standard_task_runner.py:105} INFO - Job 1094: Subtask check_directory
[2025-02-07T22:43:42.452+0000] {task_command.py:467} INFO - Running <TaskInstance: directory_and_file_verification_dag.check_directory scheduled__2025-02-07T08:00:00+00:00 [running]> on host 003b7fbea265
[2025-02-07T22:43:43.380+0000] {taskinstance.py:3132} INFO - Exporting env vars: AIRFLOW_CTX_DAG_OWNER='***' AIRFLOW_CTX_DAG_ID='directory_and_file_verification_dag' AIRFLOW_CTX_TASK_ID='check_directory' AIRFLOW_CTX_EXECUTION_DATE='2025-02-07T08:00:00+00:00' AIRFLOW_CTX_TRY_NUMBER='1' AIRFLOW_CTX_DAG_RUN_ID='scheduled__2025-02-07T08:00:00+00:00'
[2025-02-07T22:43:43.384+0000] {logging_mixin.py:190} INFO - Task instance is in running state
[2025-02-07T22:43:43.400+0000] {logging_mixin.py:190} INFO -  Previous state of the Task instance: queued
[2025-02-07T22:43:43.401+0000] {logging_mixin.py:190} INFO - Current task name:check_directory state:running start_date:2025-02-07 22:43:39.524719+00:00
[2025-02-07T22:43:43.402+0000] {logging_mixin.py:190} INFO - Dag name:directory_and_file_verification_dag and current dag run status:running
[2025-02-07T22:43:43.403+0000] {taskinstance.py:731} INFO - ::endgroup::
[2025-02-07T22:43:43.404+0000] {baseoperator.py:421} WARNING - BranchPythonOperator.execute cannot be called outside TaskInstance!
[2025-02-07T22:43:43.408+0000] {logging_mixin.py:190} INFO - borusss ['in', 'logs', 'out', 'statu_date_execution.txt', 'succes_date_execution.txt', 'test', 'Écritures - Copie.csv.bak', 'Écritures comptables article.csv.bak', 'Écritures.csv.bak']
[2025-02-07T22:43:43.409+0000] {python.py:240} INFO - Done. Returned value was: check_file_in_directory
[2025-02-07T22:43:43.409+0000] {branch.py:38} INFO - Branch into check_file_in_directory
[2025-02-07T22:43:43.410+0000] {skipmixin.py:230} INFO - Following branch ('check_file_in_directory',)
[2025-02-07T22:43:43.451+0000] {skipmixin.py:278} INFO - Skipping tasks []
[2025-02-07T22:43:43.694+0000] {taskinstance.py:340} INFO - ::group::Post task execution logs
[2025-02-07T22:43:43.699+0000] {taskinstance.py:352} INFO - Marking task as SUCCESS. dag_id=directory_and_file_verification_dag, task_id=check_directory, run_id=scheduled__2025-02-07T08:00:00+00:00, execution_date=20250207T080000, start_date=20250207T224339, end_date=20250207T224343
[2025-02-07T22:43:43.797+0000] {logging_mixin.py:190} INFO - Task instance in success state
[2025-02-07T22:43:43.799+0000] {logging_mixin.py:190} INFO -  Previous state of the Task instance: running
[2025-02-07T22:43:43.800+0000] {logging_mixin.py:190} INFO - Dag name:directory_and_file_verification_dag queued_at:2025-02-07 22:43:28.299065+00:00
[2025-02-07T22:43:43.801+0000] {logging_mixin.py:190} INFO - Task hostname:003b7fbea265 operator:BranchPythonOperator
[2025-02-07T22:43:43.877+0000] {local_task_job_runner.py:266} INFO - Task exited with return code 0
[2025-02-07T22:43:44.456+0000] {taskinstance.py:3895} INFO - 1 downstream tasks scheduled from follow-on schedule check
[2025-02-07T22:43:44.481+0000] {local_task_job_runner.py:245} INFO - ::endgroup::
[2025-02-07T23:11:37.476+0000] {local_task_job_runner.py:123} INFO - ::group::Pre task execution logs
[2025-02-07T23:11:37.625+0000] {taskinstance.py:2613} INFO - Dependencies all met for dep_context=non-requeueable deps ti=<TaskInstance: directory_and_file_verification_dag.check_directory scheduled__2025-02-07T08:00:00+00:00 [queued]>
[2025-02-07T23:11:37.744+0000] {taskinstance.py:2613} INFO - Dependencies all met for dep_context=requeueable deps ti=<TaskInstance: directory_and_file_verification_dag.check_directory scheduled__2025-02-07T08:00:00+00:00 [queued]>
[2025-02-07T23:11:37.764+0000] {taskinstance.py:2866} INFO - Starting attempt 1 of 1
[2025-02-07T23:11:39.778+0000] {taskinstance.py:2889} INFO - Executing <Task(BranchPythonOperator): check_directory> on 2025-02-07 08:00:00+00:00
[2025-02-07T23:11:39.844+0000] {warnings.py:112} WARNING - /home/***/.local/lib/python3.12/site-packages/***/task/task_runner/standard_task_runner.py:70: DeprecationWarning: This process (pid=20778) is multi-threaded, use of fork() may lead to deadlocks in the child.
  pid = os.fork()

[2025-02-07T23:11:39.882+0000] {standard_task_runner.py:72} INFO - Started process 20822 to run task
[2025-02-07T23:11:39.890+0000] {standard_task_runner.py:104} INFO - Running: ['***', 'tasks', 'run', 'directory_and_file_verification_dag', 'check_directory', 'scheduled__2025-02-07T08:00:00+00:00', '--job-id', '1143', '--raw', '--subdir', 'DAGS_FOLDER/my_directory_and_file_checker.py', '--cfg-path', '/tmp/tmp8icei4r8']
[2025-02-07T23:11:39.903+0000] {standard_task_runner.py:105} INFO - Job 1143: Subtask check_directory
[2025-02-07T23:11:40.277+0000] {task_command.py:467} INFO - Running <TaskInstance: directory_and_file_verification_dag.check_directory scheduled__2025-02-07T08:00:00+00:00 [running]> on host 003b7fbea265
[2025-02-07T23:11:40.846+0000] {taskinstance.py:3132} INFO - Exporting env vars: AIRFLOW_CTX_DAG_OWNER='***' AIRFLOW_CTX_DAG_ID='directory_and_file_verification_dag' AIRFLOW_CTX_TASK_ID='check_directory' AIRFLOW_CTX_EXECUTION_DATE='2025-02-07T08:00:00+00:00' AIRFLOW_CTX_TRY_NUMBER='1' AIRFLOW_CTX_DAG_RUN_ID='scheduled__2025-02-07T08:00:00+00:00'
[2025-02-07T23:11:40.889+0000] {logging_mixin.py:190} INFO - Task instance is in running state
[2025-02-07T23:11:40.911+0000] {logging_mixin.py:190} INFO -  Previous state of the Task instance: queued
[2025-02-07T23:11:40.913+0000] {logging_mixin.py:190} INFO - Current task name:check_directory state:running start_date:2025-02-07 23:11:37.640536+00:00
[2025-02-07T23:11:40.914+0000] {logging_mixin.py:190} INFO - Dag name:directory_and_file_verification_dag and current dag run status:running
[2025-02-07T23:11:40.915+0000] {taskinstance.py:731} INFO - ::endgroup::
[2025-02-07T23:11:40.917+0000] {baseoperator.py:421} WARNING - BranchPythonOperator.execute cannot be called outside TaskInstance!
[2025-02-07T23:11:40.971+0000] {logging_mixin.py:190} INFO - borusss ['in', 'logs', 'out', 'statu_date_execution.txt', 'succes_date_execution.txt', 'test', 'Écritures - Copie.csv.bak', 'Écritures comptables article.csv.bak', 'Écritures.csv.bak']
[2025-02-07T23:11:40.977+0000] {python.py:240} INFO - Done. Returned value was: check_file_in_directory
[2025-02-07T23:11:40.981+0000] {branch.py:38} INFO - Branch into check_file_in_directory
[2025-02-07T23:11:40.984+0000] {skipmixin.py:230} INFO - Following branch ('check_file_in_directory',)
[2025-02-07T23:11:41.167+0000] {skipmixin.py:278} INFO - Skipping tasks []
[2025-02-07T23:11:41.759+0000] {taskinstance.py:340} INFO - ::group::Post task execution logs
[2025-02-07T23:11:41.764+0000] {taskinstance.py:352} INFO - Marking task as SUCCESS. dag_id=directory_and_file_verification_dag, task_id=check_directory, run_id=scheduled__2025-02-07T08:00:00+00:00, execution_date=20250207T080000, start_date=20250207T231137, end_date=20250207T231141
[2025-02-07T23:11:41.855+0000] {logging_mixin.py:190} INFO - Task instance in success state
[2025-02-07T23:11:41.863+0000] {logging_mixin.py:190} INFO -  Previous state of the Task instance: running
[2025-02-07T23:11:41.875+0000] {logging_mixin.py:190} INFO - Dag name:directory_and_file_verification_dag queued_at:2025-02-07 23:11:22.078632+00:00
[2025-02-07T23:11:41.878+0000] {logging_mixin.py:190} INFO - Task hostname:003b7fbea265 operator:BranchPythonOperator
[2025-02-07T23:11:41.981+0000] {local_task_job_runner.py:266} INFO - Task exited with return code 0
[2025-02-07T23:11:42.067+0000] {local_task_job_runner.py:245} INFO - ::endgroup::
[2025-02-07T23:15:12.140+0000] {local_task_job_runner.py:123} INFO - ::group::Pre task execution logs
[2025-02-07T23:15:12.285+0000] {taskinstance.py:2613} INFO - Dependencies all met for dep_context=non-requeueable deps ti=<TaskInstance: directory_and_file_verification_dag.check_directory scheduled__2025-02-07T08:00:00+00:00 [queued]>
[2025-02-07T23:15:12.626+0000] {taskinstance.py:2613} INFO - Dependencies all met for dep_context=requeueable deps ti=<TaskInstance: directory_and_file_verification_dag.check_directory scheduled__2025-02-07T08:00:00+00:00 [queued]>
[2025-02-07T23:15:12.629+0000] {taskinstance.py:2866} INFO - Starting attempt 1 of 1
[2025-02-07T23:15:13.743+0000] {taskinstance.py:2889} INFO - Executing <Task(BranchPythonOperator): check_directory> on 2025-02-07 08:00:00+00:00
[2025-02-07T23:15:13.779+0000] {warnings.py:112} WARNING - /home/***/.local/lib/python3.12/site-packages/***/task/task_runner/standard_task_runner.py:70: DeprecationWarning: This process (pid=98) is multi-threaded, use of fork() may lead to deadlocks in the child.
  pid = os.fork()

[2025-02-07T23:15:13.810+0000] {standard_task_runner.py:72} INFO - Started process 149 to run task
[2025-02-07T23:15:13.828+0000] {standard_task_runner.py:104} INFO - Running: ['***', 'tasks', 'run', 'directory_and_file_verification_dag', 'check_directory', 'scheduled__2025-02-07T08:00:00+00:00', '--job-id', '1191', '--raw', '--subdir', 'DAGS_FOLDER/my_directory_and_file_checker.py', '--cfg-path', '/tmp/tmpmz77mij3']
[2025-02-07T23:15:13.835+0000] {standard_task_runner.py:105} INFO - Job 1191: Subtask check_directory
[2025-02-07T23:15:14.062+0000] {task_command.py:467} INFO - Running <TaskInstance: directory_and_file_verification_dag.check_directory scheduled__2025-02-07T08:00:00+00:00 [running]> on host 003b7fbea265
[2025-02-07T23:15:14.809+0000] {taskinstance.py:3132} INFO - Exporting env vars: AIRFLOW_CTX_DAG_OWNER='***' AIRFLOW_CTX_DAG_ID='directory_and_file_verification_dag' AIRFLOW_CTX_TASK_ID='check_directory' AIRFLOW_CTX_EXECUTION_DATE='2025-02-07T08:00:00+00:00' AIRFLOW_CTX_TRY_NUMBER='1' AIRFLOW_CTX_DAG_RUN_ID='scheduled__2025-02-07T08:00:00+00:00'
[2025-02-07T23:15:14.859+0000] {logging_mixin.py:190} INFO - Task instance is in running state
[2025-02-07T23:15:14.865+0000] {logging_mixin.py:190} INFO -  Previous state of the Task instance: queued
[2025-02-07T23:15:14.904+0000] {logging_mixin.py:190} INFO - Current task name:check_directory state:running start_date:2025-02-07 23:15:12.348090+00:00
[2025-02-07T23:15:14.909+0000] {logging_mixin.py:190} INFO - Dag name:directory_and_file_verification_dag and current dag run status:running
[2025-02-07T23:15:14.914+0000] {taskinstance.py:731} INFO - ::endgroup::
[2025-02-07T23:15:14.918+0000] {baseoperator.py:421} WARNING - BranchPythonOperator.execute cannot be called outside TaskInstance!
[2025-02-07T23:15:14.942+0000] {logging_mixin.py:190} INFO - borusss ['in', 'logs', 'out', 'statu_date_execution.txt', 'succes_date_execution.txt', 'test', 'Écritures - Copie.csv.bak', 'Écritures comptables article.csv.bak', 'Écritures.csv.bak']
[2025-02-07T23:15:14.956+0000] {python.py:240} INFO - Done. Returned value was: check_file_in_directory
[2025-02-07T23:15:14.957+0000] {branch.py:38} INFO - Branch into check_file_in_directory
[2025-02-07T23:15:14.976+0000] {skipmixin.py:230} INFO - Following branch ('check_file_in_directory',)
[2025-02-07T23:15:15.118+0000] {skipmixin.py:278} INFO - Skipping tasks []
[2025-02-07T23:15:15.486+0000] {taskinstance.py:340} INFO - ::group::Post task execution logs
[2025-02-07T23:15:15.488+0000] {taskinstance.py:352} INFO - Marking task as SUCCESS. dag_id=directory_and_file_verification_dag, task_id=check_directory, run_id=scheduled__2025-02-07T08:00:00+00:00, execution_date=20250207T080000, start_date=20250207T231512, end_date=20250207T231515
[2025-02-07T23:15:15.577+0000] {logging_mixin.py:190} INFO - Task instance in success state
[2025-02-07T23:15:15.578+0000] {logging_mixin.py:190} INFO -  Previous state of the Task instance: running
[2025-02-07T23:15:15.579+0000] {logging_mixin.py:190} INFO - Dag name:directory_and_file_verification_dag queued_at:2025-02-07 23:14:46.337473+00:00
[2025-02-07T23:15:15.581+0000] {logging_mixin.py:190} INFO - Task hostname:003b7fbea265 operator:BranchPythonOperator
[2025-02-07T23:15:15.687+0000] {local_task_job_runner.py:266} INFO - Task exited with return code 0
[2025-02-07T23:15:15.982+0000] {taskinstance.py:3895} INFO - 1 downstream tasks scheduled from follow-on schedule check
[2025-02-07T23:15:16.016+0000] {local_task_job_runner.py:245} INFO - ::endgroup::
