[2025-02-10T20:40:22.632+0000] {local_task_job_runner.py:123} INFO - ::group::Pre task execution logs
[2025-02-10T20:40:22.854+0000] {taskinstance.py:2613} INFO - Dependencies all met for dep_context=non-requeueable deps ti=<TaskInstance: IMPORTATION_ECRITURE_COMPTABLES_ARTICLE_dag.check_file_in_directory manual__2025-02-10T20:40:17.420662+00:00 [queued]>
[2025-02-10T20:40:22.869+0000] {taskinstance.py:2613} INFO - Dependencies all met for dep_context=requeueable deps ti=<TaskInstance: IMPORTATION_ECRITURE_COMPTABLES_ARTICLE_dag.check_file_in_directory manual__2025-02-10T20:40:17.420662+00:00 [queued]>
[2025-02-10T20:40:22.870+0000] {taskinstance.py:2866} INFO - Starting attempt 1 of 2
[2025-02-10T20:40:22.891+0000] {taskinstance.py:2889} INFO - Executing <Task(BranchPythonOperator): check_file_in_directory> on 2025-02-10 20:40:17.420662+00:00
[2025-02-10T20:40:22.901+0000] {warnings.py:112} WARNING - /home/***/.local/lib/python3.12/site-packages/***/task/task_runner/standard_task_runner.py:70: DeprecationWarning: This process (pid=1441) is multi-threaded, use of fork() may lead to deadlocks in the child.
  pid = os.fork()

[2025-02-10T20:40:22.903+0000] {standard_task_runner.py:72} INFO - Started process 1443 to run task
[2025-02-10T20:40:22.904+0000] {standard_task_runner.py:104} INFO - Running: ['***', 'tasks', 'run', 'IMPORTATION_ECRITURE_COMPTABLES_ARTICLE_dag', 'check_file_in_directory', 'manual__2025-02-10T20:40:17.420662+00:00', '--job-id', '899', '--raw', '--subdir', 'DAGS_FOLDER/my_directory_and_file_checker.py', '--cfg-path', '/tmp/tmpyiv4rt79']
[2025-02-10T20:40:22.906+0000] {standard_task_runner.py:105} INFO - Job 899: Subtask check_file_in_directory
[2025-02-10T20:40:22.960+0000] {task_command.py:467} INFO - Running <TaskInstance: IMPORTATION_ECRITURE_COMPTABLES_ARTICLE_dag.check_file_in_directory manual__2025-02-10T20:40:17.420662+00:00 [running]> on host b6443be51f35
[2025-02-10T20:40:23.063+0000] {taskinstance.py:3132} INFO - Exporting env vars: AIRFLOW_CTX_DAG_OWNER='***' AIRFLOW_CTX_DAG_ID='IMPORTATION_ECRITURE_COMPTABLES_ARTICLE_dag' AIRFLOW_CTX_TASK_ID='check_file_in_directory' AIRFLOW_CTX_EXECUTION_DATE='2025-02-10T20:40:17.420662+00:00' AIRFLOW_CTX_TRY_NUMBER='1' AIRFLOW_CTX_DAG_RUN_ID='manual__2025-02-10T20:40:17.420662+00:00'
[2025-02-10T20:40:23.064+0000] {logging_mixin.py:190} INFO - Task instance is in running state
[2025-02-10T20:40:23.065+0000] {logging_mixin.py:190} INFO -  Previous state of the Task instance: queued
[2025-02-10T20:40:23.065+0000] {logging_mixin.py:190} INFO - Current task name:check_file_in_directory state:running start_date:2025-02-10 20:40:22.855699+00:00
[2025-02-10T20:40:23.066+0000] {logging_mixin.py:190} INFO - Dag name:IMPORTATION_ECRITURE_COMPTABLES_ARTICLE_dag and current dag run status:running
[2025-02-10T20:40:23.067+0000] {taskinstance.py:731} INFO - ::endgroup::
[2025-02-10T20:40:23.068+0000] {baseoperator.py:421} WARNING - BranchPythonOperator.execute cannot be called outside TaskInstance!
[2025-02-10T20:40:23.069+0000] {logging_mixin.py:190} INFO - ca marche /opt/***/files/in ['.csv']
[2025-02-10T20:40:23.072+0000] {python.py:240} INFO - Done. Returned value was: verify_file_reliability
[2025-02-10T20:40:23.072+0000] {branch.py:38} INFO - Branch into verify_file_reliability
[2025-02-10T20:40:23.073+0000] {skipmixin.py:230} INFO - Following branch ('verify_file_reliability',)
[2025-02-10T20:40:23.085+0000] {skipmixin.py:278} INFO - Skipping tasks []
[2025-02-10T20:40:23.115+0000] {taskinstance.py:340} INFO - ::group::Post task execution logs
[2025-02-10T20:40:23.116+0000] {taskinstance.py:352} INFO - Marking task as SUCCESS. dag_id=IMPORTATION_ECRITURE_COMPTABLES_ARTICLE_dag, task_id=check_file_in_directory, run_id=manual__2025-02-10T20:40:17.420662+00:00, execution_date=20250210T204017, start_date=20250210T204022, end_date=20250210T204023
[2025-02-10T20:40:23.127+0000] {logging_mixin.py:190} INFO - Task instance in success state
[2025-02-10T20:40:23.128+0000] {logging_mixin.py:190} INFO -  Previous state of the Task instance: running
[2025-02-10T20:40:23.128+0000] {logging_mixin.py:190} INFO - Dag name:IMPORTATION_ECRITURE_COMPTABLES_ARTICLE_dag queued_at:2025-02-10 20:40:17.434452+00:00
[2025-02-10T20:40:23.129+0000] {logging_mixin.py:190} INFO - Task hostname:b6443be51f35 operator:BranchPythonOperator
[2025-02-10T20:40:23.159+0000] {local_task_job_runner.py:266} INFO - Task exited with return code 0
[2025-02-10T20:40:23.193+0000] {taskinstance.py:3895} INFO - 0 downstream tasks scheduled from follow-on schedule check
[2025-02-10T20:40:23.196+0000] {local_task_job_runner.py:245} INFO - ::endgroup::
