[2025-02-11T00:40:02.451+0000] {local_task_job_runner.py:123} INFO - ::group::Pre task execution logs
[2025-02-11T00:40:02.604+0000] {taskinstance.py:2613} INFO - Dependencies all met for dep_context=non-requeueable deps ti=<TaskInstance: IMPORTATION_ECRITURE_COMPTABLES_ARTICLE_dag.check_directory scheduled__2025-02-11T00:39:00+00:00 [queued]>
[2025-02-11T00:40:02.614+0000] {taskinstance.py:2613} INFO - Dependencies all met for dep_context=requeueable deps ti=<TaskInstance: IMPORTATION_ECRITURE_COMPTABLES_ARTICLE_dag.check_directory scheduled__2025-02-11T00:39:00+00:00 [queued]>
[2025-02-11T00:40:02.614+0000] {taskinstance.py:2866} INFO - Starting attempt 1 of 2
[2025-02-11T00:40:02.632+0000] {taskinstance.py:2889} INFO - Executing <Task(BranchPythonOperator): check_directory> on 2025-02-11 00:39:00+00:00
[2025-02-11T00:40:02.640+0000] {warnings.py:112} WARNING - /home/***/.local/lib/python3.12/site-packages/***/task/task_runner/standard_task_runner.py:70: DeprecationWarning: This process (pid=3985) is multi-threaded, use of fork() may lead to deadlocks in the child.
  pid = os.fork()

[2025-02-11T00:40:02.642+0000] {standard_task_runner.py:72} INFO - Started process 3987 to run task
[2025-02-11T00:40:02.642+0000] {standard_task_runner.py:104} INFO - Running: ['***', 'tasks', 'run', 'IMPORTATION_ECRITURE_COMPTABLES_ARTICLE_dag', 'check_directory', 'scheduled__2025-02-11T00:39:00+00:00', '--job-id', '1764', '--raw', '--subdir', 'DAGS_FOLDER/my_directory_and_file_checker.py', '--cfg-path', '/tmp/tmp50_n6v0w']
[2025-02-11T00:40:02.644+0000] {standard_task_runner.py:105} INFO - Job 1764: Subtask check_directory
[2025-02-11T00:40:02.707+0000] {task_command.py:467} INFO - Running <TaskInstance: IMPORTATION_ECRITURE_COMPTABLES_ARTICLE_dag.check_directory scheduled__2025-02-11T00:39:00+00:00 [running]> on host b6443be51f35
[2025-02-11T00:40:02.831+0000] {taskinstance.py:3132} INFO - Exporting env vars: AIRFLOW_CTX_DAG_OWNER='***' AIRFLOW_CTX_DAG_ID='IMPORTATION_ECRITURE_COMPTABLES_ARTICLE_dag' AIRFLOW_CTX_TASK_ID='check_directory' AIRFLOW_CTX_EXECUTION_DATE='2025-02-11T00:39:00+00:00' AIRFLOW_CTX_TRY_NUMBER='1' AIRFLOW_CTX_DAG_RUN_ID='scheduled__2025-02-11T00:39:00+00:00'
[2025-02-11T00:40:02.832+0000] {logging_mixin.py:190} INFO - Task instance is in running state
[2025-02-11T00:40:02.833+0000] {logging_mixin.py:190} INFO -  Previous state of the Task instance: queued
[2025-02-11T00:40:02.833+0000] {logging_mixin.py:190} INFO - Current task name:check_directory state:running start_date:2025-02-11 00:40:02.605381+00:00
[2025-02-11T00:40:02.834+0000] {logging_mixin.py:190} INFO - Dag name:IMPORTATION_ECRITURE_COMPTABLES_ARTICLE_dag and current dag run status:running
[2025-02-11T00:40:02.835+0000] {taskinstance.py:731} INFO - ::endgroup::
[2025-02-11T00:40:02.835+0000] {baseoperator.py:421} WARNING - BranchPythonOperator.execute cannot be called outside TaskInstance!
[2025-02-11T00:40:02.837+0000] {python.py:240} INFO - Done. Returned value was: check_file_in_directory
[2025-02-11T00:40:02.838+0000] {branch.py:38} INFO - Branch into check_file_in_directory
[2025-02-11T00:40:02.838+0000] {skipmixin.py:230} INFO - Following branch ('check_file_in_directory',)
[2025-02-11T00:40:02.850+0000] {skipmixin.py:278} INFO - Skipping tasks []
[2025-02-11T00:40:02.883+0000] {taskinstance.py:340} INFO - ::group::Post task execution logs
[2025-02-11T00:40:02.883+0000] {taskinstance.py:352} INFO - Marking task as SUCCESS. dag_id=IMPORTATION_ECRITURE_COMPTABLES_ARTICLE_dag, task_id=check_directory, run_id=scheduled__2025-02-11T00:39:00+00:00, execution_date=20250211T003900, start_date=20250211T004002, end_date=20250211T004002
[2025-02-11T00:40:02.895+0000] {logging_mixin.py:190} INFO - Task instance in success state
[2025-02-11T00:40:02.895+0000] {logging_mixin.py:190} INFO -  Previous state of the Task instance: running
[2025-02-11T00:40:02.896+0000] {logging_mixin.py:190} INFO - Dag name:IMPORTATION_ECRITURE_COMPTABLES_ARTICLE_dag queued_at:2025-02-11 00:40:00.762811+00:00
[2025-02-11T00:40:02.896+0000] {logging_mixin.py:190} INFO - Task hostname:b6443be51f35 operator:BranchPythonOperator
[2025-02-11T00:40:02.943+0000] {local_task_job_runner.py:266} INFO - Task exited with return code 0
[2025-02-11T00:40:02.976+0000] {taskinstance.py:3895} INFO - 1 downstream tasks scheduled from follow-on schedule check
[2025-02-11T00:40:02.979+0000] {local_task_job_runner.py:245} INFO - ::endgroup::
[2025-02-11T00:40:36.692+0000] {local_task_job_runner.py:123} INFO - ::group::Pre task execution logs
[2025-02-11T00:40:36.887+0000] {taskinstance.py:2613} INFO - Dependencies all met for dep_context=non-requeueable deps ti=<TaskInstance: IMPORTATION_ECRITURE_COMPTABLES_ARTICLE_dag.check_directory scheduled__2025-02-11T00:39:00+00:00 [queued]>
[2025-02-11T00:40:36.895+0000] {taskinstance.py:2613} INFO - Dependencies all met for dep_context=requeueable deps ti=<TaskInstance: IMPORTATION_ECRITURE_COMPTABLES_ARTICLE_dag.check_directory scheduled__2025-02-11T00:39:00+00:00 [queued]>
[2025-02-11T00:40:36.896+0000] {taskinstance.py:2866} INFO - Starting attempt 1 of 2
[2025-02-11T00:40:36.915+0000] {taskinstance.py:2889} INFO - Executing <Task(BranchPythonOperator): check_directory> on 2025-02-11 00:39:00+00:00
[2025-02-11T00:40:36.923+0000] {warnings.py:112} WARNING - /home/***/.local/lib/python3.12/site-packages/***/task/task_runner/standard_task_runner.py:70: DeprecationWarning: This process (pid=4016) is multi-threaded, use of fork() may lead to deadlocks in the child.
  pid = os.fork()

[2025-02-11T00:40:36.924+0000] {standard_task_runner.py:72} INFO - Started process 4018 to run task
[2025-02-11T00:40:36.925+0000] {standard_task_runner.py:104} INFO - Running: ['***', 'tasks', 'run', 'IMPORTATION_ECRITURE_COMPTABLES_ARTICLE_dag', 'check_directory', 'scheduled__2025-02-11T00:39:00+00:00', '--job-id', '1770', '--raw', '--subdir', 'DAGS_FOLDER/my_directory_and_file_checker.py', '--cfg-path', '/tmp/tmplqndekpo']
[2025-02-11T00:40:36.927+0000] {standard_task_runner.py:105} INFO - Job 1770: Subtask check_directory
[2025-02-11T00:40:36.984+0000] {task_command.py:467} INFO - Running <TaskInstance: IMPORTATION_ECRITURE_COMPTABLES_ARTICLE_dag.check_directory scheduled__2025-02-11T00:39:00+00:00 [running]> on host b6443be51f35
[2025-02-11T00:40:37.085+0000] {taskinstance.py:3132} INFO - Exporting env vars: AIRFLOW_CTX_DAG_OWNER='***' AIRFLOW_CTX_DAG_ID='IMPORTATION_ECRITURE_COMPTABLES_ARTICLE_dag' AIRFLOW_CTX_TASK_ID='check_directory' AIRFLOW_CTX_EXECUTION_DATE='2025-02-11T00:39:00+00:00' AIRFLOW_CTX_TRY_NUMBER='1' AIRFLOW_CTX_DAG_RUN_ID='scheduled__2025-02-11T00:39:00+00:00'
[2025-02-11T00:40:37.089+0000] {logging_mixin.py:190} INFO - Task instance is in running state
[2025-02-11T00:40:37.090+0000] {logging_mixin.py:190} INFO -  Previous state of the Task instance: queued
[2025-02-11T00:40:37.091+0000] {logging_mixin.py:190} INFO - Current task name:check_directory state:running start_date:2025-02-11 00:40:36.887912+00:00
[2025-02-11T00:40:37.092+0000] {logging_mixin.py:190} INFO - Dag name:IMPORTATION_ECRITURE_COMPTABLES_ARTICLE_dag and current dag run status:running
[2025-02-11T00:40:37.092+0000] {taskinstance.py:731} INFO - ::endgroup::
[2025-02-11T00:40:37.093+0000] {baseoperator.py:421} WARNING - BranchPythonOperator.execute cannot be called outside TaskInstance!
[2025-02-11T00:40:37.094+0000] {python.py:240} INFO - Done. Returned value was: check_file_in_directory
[2025-02-11T00:40:37.095+0000] {branch.py:38} INFO - Branch into check_file_in_directory
[2025-02-11T00:40:37.095+0000] {skipmixin.py:230} INFO - Following branch ('check_file_in_directory',)
[2025-02-11T00:40:37.112+0000] {skipmixin.py:278} INFO - Skipping tasks []
[2025-02-11T00:40:37.143+0000] {taskinstance.py:340} INFO - ::group::Post task execution logs
[2025-02-11T00:40:37.144+0000] {taskinstance.py:352} INFO - Marking task as SUCCESS. dag_id=IMPORTATION_ECRITURE_COMPTABLES_ARTICLE_dag, task_id=check_directory, run_id=scheduled__2025-02-11T00:39:00+00:00, execution_date=20250211T003900, start_date=20250211T004036, end_date=20250211T004037
[2025-02-11T00:40:37.154+0000] {logging_mixin.py:190} INFO - Task instance in success state
[2025-02-11T00:40:37.155+0000] {logging_mixin.py:190} INFO -  Previous state of the Task instance: running
[2025-02-11T00:40:37.156+0000] {logging_mixin.py:190} INFO - Dag name:IMPORTATION_ECRITURE_COMPTABLES_ARTICLE_dag queued_at:2025-02-11 00:40:34.787610+00:00
[2025-02-11T00:40:37.157+0000] {logging_mixin.py:190} INFO - Task hostname:b6443be51f35 operator:BranchPythonOperator
[2025-02-11T00:40:37.180+0000] {local_task_job_runner.py:266} INFO - Task exited with return code 0
[2025-02-11T00:40:37.217+0000] {taskinstance.py:3895} INFO - 1 downstream tasks scheduled from follow-on schedule check
[2025-02-11T00:40:37.221+0000] {local_task_job_runner.py:245} INFO - ::endgroup::
