[2025-02-01T20:00:12.750+0000] {local_task_job_runner.py:123} INFO - ::group::Pre task execution logs
[2025-02-01T20:00:12.780+0000] {taskinstance.py:2613} INFO - Dependencies all met for dep_context=non-requeueable deps ti=<TaskInstance: directory_and_file_verification_dag.check_directory manual__2025-02-01T20:00:09.665978+00:00 [queued]>
[2025-02-01T20:00:12.792+0000] {taskinstance.py:2613} INFO - Dependencies all met for dep_context=requeueable deps ti=<TaskInstance: directory_and_file_verification_dag.check_directory manual__2025-02-01T20:00:09.665978+00:00 [queued]>
[2025-02-01T20:00:12.793+0000] {taskinstance.py:2866} INFO - Starting attempt 1 of 1
[2025-02-01T20:00:12.820+0000] {taskinstance.py:2889} INFO - Executing <Task(BranchPythonOperator): check_directory> on 2025-02-01 20:00:09.665978+00:00
[2025-02-01T20:00:12.830+0000] {warnings.py:112} WARNING - /home/***/.local/lib/python3.12/site-packages/***/task/task_runner/standard_task_runner.py:70: DeprecationWarning: This process (pid=914) is multi-threaded, use of fork() may lead to deadlocks in the child.
  pid = os.fork()

[2025-02-01T20:00:12.832+0000] {standard_task_runner.py:72} INFO - Started process 916 to run task
[2025-02-01T20:00:12.833+0000] {standard_task_runner.py:104} INFO - Running: ['***', 'tasks', 'run', 'directory_and_file_verification_dag', 'check_directory', 'manual__2025-02-01T20:00:09.665978+00:00', '--job-id', '85', '--raw', '--subdir', 'DAGS_FOLDER/my_directory_and_file_checker.py', '--cfg-path', '/tmp/tmpr6pepd3p']
[2025-02-01T20:00:12.834+0000] {standard_task_runner.py:105} INFO - Job 85: Subtask check_directory
[2025-02-01T20:00:12.899+0000] {task_command.py:467} INFO - Running <TaskInstance: directory_and_file_verification_dag.check_directory manual__2025-02-01T20:00:09.665978+00:00 [running]> on host f85a165ecee3
[2025-02-01T20:00:13.219+0000] {taskinstance.py:3132} INFO - Exporting env vars: AIRFLOW_CTX_DAG_OWNER='***' AIRFLOW_CTX_DAG_ID='directory_and_file_verification_dag' AIRFLOW_CTX_TASK_ID='check_directory' AIRFLOW_CTX_EXECUTION_DATE='2025-02-01T20:00:09.665978+00:00' AIRFLOW_CTX_TRY_NUMBER='1' AIRFLOW_CTX_DAG_RUN_ID='manual__2025-02-01T20:00:09.665978+00:00'
[2025-02-01T20:00:13.221+0000] {logging_mixin.py:190} INFO - Task instance is in running state
[2025-02-01T20:00:13.221+0000] {logging_mixin.py:190} INFO -  Previous state of the Task instance: queued
[2025-02-01T20:00:13.222+0000] {logging_mixin.py:190} INFO - Current task name:check_directory state:running start_date:2025-02-01 20:00:12.781091+00:00
[2025-02-01T20:00:13.223+0000] {logging_mixin.py:190} INFO - Dag name:directory_and_file_verification_dag and current dag run status:running
[2025-02-01T20:00:13.224+0000] {taskinstance.py:731} INFO - ::endgroup::
[2025-02-01T20:00:13.224+0000] {baseoperator.py:421} WARNING - BranchPythonOperator.execute cannot be called outside TaskInstance!
[2025-02-01T20:00:13.225+0000] {python.py:240} INFO - Done. Returned value was: end
[2025-02-01T20:00:13.226+0000] {branch.py:38} INFO - Branch into end
[2025-02-01T20:00:13.227+0000] {skipmixin.py:230} INFO - Following branch ('end',)
[2025-02-01T20:00:13.242+0000] {skipmixin.py:278} INFO - Skipping tasks [('check_file_in_directory', -1)]
[2025-02-01T20:00:13.281+0000] {taskinstance.py:340} INFO - ::group::Post task execution logs
[2025-02-01T20:00:13.282+0000] {taskinstance.py:352} INFO - Marking task as SUCCESS. dag_id=directory_and_file_verification_dag, task_id=check_directory, run_id=manual__2025-02-01T20:00:09.665978+00:00, execution_date=20250201T200009, start_date=20250201T200012, end_date=20250201T200013
[2025-02-01T20:00:13.294+0000] {logging_mixin.py:190} INFO - Task instance in success state
[2025-02-01T20:00:13.294+0000] {logging_mixin.py:190} INFO -  Previous state of the Task instance: running
[2025-02-01T20:00:13.295+0000] {logging_mixin.py:190} INFO - Dag name:directory_and_file_verification_dag queued_at:2025-02-01 20:00:09.687568+00:00
[2025-02-01T20:00:13.296+0000] {logging_mixin.py:190} INFO - Task hostname:f85a165ecee3 operator:BranchPythonOperator
[2025-02-01T20:00:13.330+0000] {local_task_job_runner.py:266} INFO - Task exited with return code 0
[2025-02-01T20:00:13.530+0000] {taskinstance.py:3895} INFO - 0 downstream tasks scheduled from follow-on schedule check
[2025-02-01T20:00:13.537+0000] {local_task_job_runner.py:245} INFO - ::endgroup::
