[2025-02-13T16:29:05.845+0000] {local_task_job_runner.py:123} INFO - ::group::Pre task execution logs
[2025-02-13T16:29:05.985+0000] {taskinstance.py:2613} INFO - Dependencies all met for dep_context=non-requeueable deps ti=<TaskInstance: IMPORTATION_ECRITURE_COMPTABLES_ARTICLE_dag.check_file_in_directory scheduled__2025-02-13T16:28:00+00:00 [queued]>
[2025-02-13T16:29:05.994+0000] {taskinstance.py:2613} INFO - Dependencies all met for dep_context=requeueable deps ti=<TaskInstance: IMPORTATION_ECRITURE_COMPTABLES_ARTICLE_dag.check_file_in_directory scheduled__2025-02-13T16:28:00+00:00 [queued]>
[2025-02-13T16:29:05.995+0000] {taskinstance.py:2866} INFO - Starting attempt 1 of 2
[2025-02-13T16:29:06.011+0000] {taskinstance.py:2889} INFO - Executing <Task(BranchPythonOperator): check_file_in_directory> on 2025-02-13 16:28:00+00:00
[2025-02-13T16:29:06.020+0000] {warnings.py:112} WARNING - /home/***/.local/lib/python3.12/site-packages/***/task/task_runner/standard_task_runner.py:70: DeprecationWarning: This process (pid=16455) is multi-threaded, use of fork() may lead to deadlocks in the child.
  pid = os.fork()

[2025-02-13T16:29:06.022+0000] {standard_task_runner.py:72} INFO - Started process 16457 to run task
[2025-02-13T16:29:06.022+0000] {standard_task_runner.py:104} INFO - Running: ['***', 'tasks', 'run', 'IMPORTATION_ECRITURE_COMPTABLES_ARTICLE_dag', 'check_file_in_directory', 'scheduled__2025-02-13T16:28:00+00:00', '--job-id', '7768', '--raw', '--subdir', 'DAGS_FOLDER/my_directory_and_file_checker.py', '--cfg-path', '/tmp/tmpsipqm4yv']
[2025-02-13T16:29:06.023+0000] {standard_task_runner.py:105} INFO - Job 7768: Subtask check_file_in_directory
[2025-02-13T16:29:06.067+0000] {task_command.py:467} INFO - Running <TaskInstance: IMPORTATION_ECRITURE_COMPTABLES_ARTICLE_dag.check_file_in_directory scheduled__2025-02-13T16:28:00+00:00 [running]> on host b6443be51f35
[2025-02-13T16:29:06.151+0000] {taskinstance.py:3132} INFO - Exporting env vars: AIRFLOW_CTX_DAG_OWNER='***' AIRFLOW_CTX_DAG_ID='IMPORTATION_ECRITURE_COMPTABLES_ARTICLE_dag' AIRFLOW_CTX_TASK_ID='check_file_in_directory' AIRFLOW_CTX_EXECUTION_DATE='2025-02-13T16:28:00+00:00' AIRFLOW_CTX_TRY_NUMBER='1' AIRFLOW_CTX_DAG_RUN_ID='scheduled__2025-02-13T16:28:00+00:00'
[2025-02-13T16:29:06.153+0000] {logging_mixin.py:190} INFO - Task instance is in running state
[2025-02-13T16:29:06.154+0000] {logging_mixin.py:190} INFO -  Previous state of the Task instance: queued
[2025-02-13T16:29:06.154+0000] {logging_mixin.py:190} INFO - Current task name:check_file_in_directory state:running start_date:2025-02-13 16:29:05.986125+00:00
[2025-02-13T16:29:06.155+0000] {logging_mixin.py:190} INFO - Dag name:IMPORTATION_ECRITURE_COMPTABLES_ARTICLE_dag and current dag run status:running
[2025-02-13T16:29:06.155+0000] {taskinstance.py:731} INFO - ::endgroup::
[2025-02-13T16:29:06.156+0000] {baseoperator.py:421} WARNING - BranchPythonOperator.execute cannot be called outside TaskInstance!
[2025-02-13T16:29:06.157+0000] {logging_mixin.py:190} INFO - ca marche /opt/***/files/in ['.csv']
[2025-02-13T16:29:06.160+0000] {python.py:240} INFO - Done. Returned value was: verify_file_reliability
[2025-02-13T16:29:06.160+0000] {branch.py:38} INFO - Branch into verify_file_reliability
[2025-02-13T16:29:06.161+0000] {skipmixin.py:230} INFO - Following branch ('verify_file_reliability',)
[2025-02-13T16:29:06.171+0000] {skipmixin.py:278} INFO - Skipping tasks []
[2025-02-13T16:29:06.197+0000] {taskinstance.py:340} INFO - ::group::Post task execution logs
[2025-02-13T16:29:06.198+0000] {taskinstance.py:352} INFO - Marking task as SUCCESS. dag_id=IMPORTATION_ECRITURE_COMPTABLES_ARTICLE_dag, task_id=check_file_in_directory, run_id=scheduled__2025-02-13T16:28:00+00:00, execution_date=20250213T162800, start_date=20250213T162905, end_date=20250213T162906
[2025-02-13T16:29:06.207+0000] {logging_mixin.py:190} INFO - Task instance in success state
[2025-02-13T16:29:06.208+0000] {logging_mixin.py:190} INFO -  Previous state of the Task instance: running
[2025-02-13T16:29:06.208+0000] {logging_mixin.py:190} INFO - Dag name:IMPORTATION_ECRITURE_COMPTABLES_ARTICLE_dag queued_at:2025-02-13 16:29:00.572293+00:00
[2025-02-13T16:29:06.209+0000] {logging_mixin.py:190} INFO - Task hostname:b6443be51f35 operator:BranchPythonOperator
[2025-02-13T16:29:06.237+0000] {local_task_job_runner.py:266} INFO - Task exited with return code 0
[2025-02-13T16:29:06.263+0000] {taskinstance.py:3895} INFO - 1 downstream tasks scheduled from follow-on schedule check
[2025-02-13T16:29:06.266+0000] {local_task_job_runner.py:245} INFO - ::endgroup::
[2025-02-13T16:29:58.416+0000] {local_task_job_runner.py:123} INFO - ::group::Pre task execution logs
[2025-02-13T16:29:58.666+0000] {taskinstance.py:2613} INFO - Dependencies all met for dep_context=non-requeueable deps ti=<TaskInstance: IMPORTATION_ECRITURE_COMPTABLES_ARTICLE_dag.check_file_in_directory scheduled__2025-02-13T16:28:00+00:00 [queued]>
[2025-02-13T16:29:58.683+0000] {taskinstance.py:2613} INFO - Dependencies all met for dep_context=requeueable deps ti=<TaskInstance: IMPORTATION_ECRITURE_COMPTABLES_ARTICLE_dag.check_file_in_directory scheduled__2025-02-13T16:28:00+00:00 [queued]>
[2025-02-13T16:29:58.684+0000] {taskinstance.py:2866} INFO - Starting attempt 1 of 2
[2025-02-13T16:29:58.704+0000] {taskinstance.py:2889} INFO - Executing <Task(BranchPythonOperator): check_file_in_directory> on 2025-02-13 16:28:00+00:00
[2025-02-13T16:29:58.712+0000] {warnings.py:112} WARNING - /home/***/.local/lib/python3.12/site-packages/***/task/task_runner/standard_task_runner.py:70: DeprecationWarning: This process (pid=16478) is multi-threaded, use of fork() may lead to deadlocks in the child.
  pid = os.fork()

[2025-02-13T16:29:58.714+0000] {standard_task_runner.py:72} INFO - Started process 16487 to run task
[2025-02-13T16:29:58.715+0000] {standard_task_runner.py:104} INFO - Running: ['***', 'tasks', 'run', 'IMPORTATION_ECRITURE_COMPTABLES_ARTICLE_dag', 'check_file_in_directory', 'scheduled__2025-02-13T16:28:00+00:00', '--job-id', '7772', '--raw', '--subdir', 'DAGS_FOLDER/my_directory_and_file_checker.py', '--cfg-path', '/tmp/tmpcof3lgdg']
[2025-02-13T16:29:58.717+0000] {standard_task_runner.py:105} INFO - Job 7772: Subtask check_file_in_directory
[2025-02-13T16:29:58.774+0000] {task_command.py:467} INFO - Running <TaskInstance: IMPORTATION_ECRITURE_COMPTABLES_ARTICLE_dag.check_file_in_directory scheduled__2025-02-13T16:28:00+00:00 [running]> on host b6443be51f35
[2025-02-13T16:29:58.905+0000] {taskinstance.py:3132} INFO - Exporting env vars: AIRFLOW_CTX_DAG_OWNER='***' AIRFLOW_CTX_DAG_ID='IMPORTATION_ECRITURE_COMPTABLES_ARTICLE_dag' AIRFLOW_CTX_TASK_ID='check_file_in_directory' AIRFLOW_CTX_EXECUTION_DATE='2025-02-13T16:28:00+00:00' AIRFLOW_CTX_TRY_NUMBER='1' AIRFLOW_CTX_DAG_RUN_ID='scheduled__2025-02-13T16:28:00+00:00'
[2025-02-13T16:29:58.908+0000] {logging_mixin.py:190} INFO - Task instance is in running state
[2025-02-13T16:29:58.908+0000] {logging_mixin.py:190} INFO -  Previous state of the Task instance: queued
[2025-02-13T16:29:58.909+0000] {logging_mixin.py:190} INFO - Current task name:check_file_in_directory state:running start_date:2025-02-13 16:29:58.666840+00:00
[2025-02-13T16:29:58.910+0000] {logging_mixin.py:190} INFO - Dag name:IMPORTATION_ECRITURE_COMPTABLES_ARTICLE_dag and current dag run status:running
[2025-02-13T16:29:58.910+0000] {taskinstance.py:731} INFO - ::endgroup::
[2025-02-13T16:29:58.911+0000] {baseoperator.py:421} WARNING - BranchPythonOperator.execute cannot be called outside TaskInstance!
[2025-02-13T16:29:58.912+0000] {logging_mixin.py:190} INFO - ca marche /opt/***/files/in ['.csv']
[2025-02-13T16:29:58.914+0000] {python.py:240} INFO - Done. Returned value was: verify_file_reliability
[2025-02-13T16:29:58.914+0000] {branch.py:38} INFO - Branch into verify_file_reliability
[2025-02-13T16:29:58.915+0000] {skipmixin.py:230} INFO - Following branch ('verify_file_reliability',)
[2025-02-13T16:29:58.930+0000] {skipmixin.py:278} INFO - Skipping tasks []
[2025-02-13T16:29:58.975+0000] {taskinstance.py:340} INFO - ::group::Post task execution logs
[2025-02-13T16:29:58.976+0000] {taskinstance.py:352} INFO - Marking task as SUCCESS. dag_id=IMPORTATION_ECRITURE_COMPTABLES_ARTICLE_dag, task_id=check_file_in_directory, run_id=scheduled__2025-02-13T16:28:00+00:00, execution_date=20250213T162800, start_date=20250213T162958, end_date=20250213T162958
[2025-02-13T16:29:58.998+0000] {logging_mixin.py:190} INFO - Task instance in success state
[2025-02-13T16:29:58.999+0000] {logging_mixin.py:190} INFO -  Previous state of the Task instance: running
[2025-02-13T16:29:59.000+0000] {logging_mixin.py:190} INFO - Dag name:IMPORTATION_ECRITURE_COMPTABLES_ARTICLE_dag queued_at:2025-02-13 16:29:52.991474+00:00
[2025-02-13T16:29:59.001+0000] {logging_mixin.py:190} INFO - Task hostname:b6443be51f35 operator:BranchPythonOperator
[2025-02-13T16:29:59.050+0000] {local_task_job_runner.py:266} INFO - Task exited with return code 0
[2025-02-13T16:29:59.098+0000] {taskinstance.py:3895} INFO - 1 downstream tasks scheduled from follow-on schedule check
[2025-02-13T16:29:59.100+0000] {local_task_job_runner.py:245} INFO - ::endgroup::
