[2025-01-26T22:43:17.257+0000] {local_task_job_runner.py:123} INFO - ::group::Pre task execution logs
[2025-01-26T22:43:17.278+0000] {taskinstance.py:2613} INFO - Dependencies all met for dep_context=non-requeueable deps ti=<TaskInstance: excel_to_mysql_stock_capro.excel_to_mysql_stock_capro manual__2025-01-26T22:36:29.974689+00:00 [queued]>
[2025-01-26T22:43:17.289+0000] {taskinstance.py:2613} INFO - Dependencies all met for dep_context=requeueable deps ti=<TaskInstance: excel_to_mysql_stock_capro.excel_to_mysql_stock_capro manual__2025-01-26T22:36:29.974689+00:00 [queued]>
[2025-01-26T22:43:17.290+0000] {taskinstance.py:2866} INFO - Starting attempt 3 of 4
[2025-01-26T22:43:17.309+0000] {taskinstance.py:2889} INFO - Executing <Task(PythonOperator): excel_to_mysql_stock_capro> on 2025-01-26 22:36:29.974689+00:00
[2025-01-26T22:43:17.319+0000] {warnings.py:112} WARNING - /home/***/.local/lib/python3.12/site-packages/***/task/task_runner/standard_task_runner.py:70: DeprecationWarning: This process (pid=274) is multi-threaded, use of fork() may lead to deadlocks in the child.
  pid = os.fork()

[2025-01-26T22:43:17.321+0000] {standard_task_runner.py:72} INFO - Started process 276 to run task
[2025-01-26T22:43:17.321+0000] {standard_task_runner.py:104} INFO - Running: ['***', 'tasks', 'run', 'excel_to_mysql_stock_capro', 'excel_to_mysql_stock_capro', 'manual__2025-01-26T22:36:29.974689+00:00', '--job-id', '770', '--raw', '--subdir', 'DAGS_FOLDER/read_import_excel_file_database_mysql.py', '--cfg-path', '/tmp/tmpkkzfgaul']
[2025-01-26T22:43:17.323+0000] {standard_task_runner.py:105} INFO - Job 770: Subtask excel_to_mysql_stock_capro
[2025-01-26T22:43:17.617+0000] {task_command.py:467} INFO - Running <TaskInstance: excel_to_mysql_stock_capro.excel_to_mysql_stock_capro manual__2025-01-26T22:36:29.974689+00:00 [running]> on host 340d747f4248
[2025-01-26T22:43:17.715+0000] {taskinstance.py:3132} INFO - Exporting env vars: AIRFLOW_CTX_DAG_OWNER='***' AIRFLOW_CTX_DAG_ID='excel_to_mysql_stock_capro' AIRFLOW_CTX_TASK_ID='excel_to_mysql_stock_capro' AIRFLOW_CTX_EXECUTION_DATE='2025-01-26T22:36:29.974689+00:00' AIRFLOW_CTX_TRY_NUMBER='3' AIRFLOW_CTX_DAG_RUN_ID='manual__2025-01-26T22:36:29.974689+00:00'
[2025-01-26T22:43:17.716+0000] {logging_mixin.py:190} INFO - Task instance is in running state
[2025-01-26T22:43:17.717+0000] {logging_mixin.py:190} INFO -  Previous state of the Task instance: queued
[2025-01-26T22:43:17.718+0000] {logging_mixin.py:190} INFO - Current task name:excel_to_mysql_stock_capro state:running start_date:2025-01-26 22:43:17.278819+00:00
[2025-01-26T22:43:17.718+0000] {logging_mixin.py:190} INFO - Dag name:excel_to_mysql_stock_capro and current dag run status:running
[2025-01-26T22:43:17.719+0000] {taskinstance.py:731} INFO - ::endgroup::
[2025-01-26T22:43:17.720+0000] {python.py:240} INFO - Done. Returned value was: None
[2025-01-26T22:43:17.731+0000] {taskinstance.py:340} INFO - ::group::Post task execution logs
[2025-01-26T22:43:17.732+0000] {taskinstance.py:352} INFO - Marking task as SUCCESS. dag_id=excel_to_mysql_stock_capro, task_id=excel_to_mysql_stock_capro, run_id=manual__2025-01-26T22:36:29.974689+00:00, execution_date=20250126T223629, start_date=20250126T224317, end_date=20250126T224317
[2025-01-26T22:43:17.744+0000] {logging_mixin.py:190} INFO - Task instance in success state
[2025-01-26T22:43:17.745+0000] {logging_mixin.py:190} INFO -  Previous state of the Task instance: running
[2025-01-26T22:43:17.745+0000] {logging_mixin.py:190} INFO - Dag name:excel_to_mysql_stock_capro queued_at:2025-01-26 22:43:14.925848+00:00
[2025-01-26T22:43:17.746+0000] {logging_mixin.py:190} INFO - Task hostname:340d747f4248 operator:PythonOperator
[2025-01-26T22:43:17.778+0000] {local_task_job_runner.py:266} INFO - Task exited with return code 0
[2025-01-26T22:43:17.940+0000] {taskinstance.py:3895} INFO - 0 downstream tasks scheduled from follow-on schedule check
[2025-01-26T22:43:17.944+0000] {local_task_job_runner.py:245} INFO - ::endgroup::
