[2025-02-12T23:39:38.556+0000] {local_task_job_runner.py:123} INFO - ::group::Pre task execution logs
[2025-02-12T23:39:38.681+0000] {taskinstance.py:2613} INFO - Dependencies all met for dep_context=non-requeueable deps ti=<TaskInstance: IMPORTATION_ECRITURE_COMPTABLES_ARTICLE_dag.check_file_in_directory manual__2025-02-12T23:39:33.725356+00:00 [queued]>
[2025-02-12T23:39:38.691+0000] {taskinstance.py:2613} INFO - Dependencies all met for dep_context=requeueable deps ti=<TaskInstance: IMPORTATION_ECRITURE_COMPTABLES_ARTICLE_dag.check_file_in_directory manual__2025-02-12T23:39:33.725356+00:00 [queued]>
[2025-02-12T23:39:38.692+0000] {taskinstance.py:2866} INFO - Starting attempt 1 of 2
[2025-02-12T23:39:38.708+0000] {taskinstance.py:2889} INFO - Executing <Task(BranchPythonOperator): check_file_in_directory> on 2025-02-12 23:39:33.725356+00:00
[2025-02-12T23:39:38.714+0000] {warnings.py:112} WARNING - /home/***/.local/lib/python3.12/site-packages/***/task/task_runner/standard_task_runner.py:70: DeprecationWarning: This process (pid=2415) is multi-threaded, use of fork() may lead to deadlocks in the child.
  pid = os.fork()

[2025-02-12T23:39:38.715+0000] {standard_task_runner.py:72} INFO - Started process 2419 to run task
[2025-02-12T23:39:38.716+0000] {standard_task_runner.py:104} INFO - Running: ['***', 'tasks', 'run', 'IMPORTATION_ECRITURE_COMPTABLES_ARTICLE_dag', 'check_file_in_directory', 'manual__2025-02-12T23:39:33.725356+00:00', '--job-id', '5797', '--raw', '--subdir', 'DAGS_FOLDER/my_directory_and_file_checker.py', '--cfg-path', '/tmp/tmp0249avrk']
[2025-02-12T23:39:38.717+0000] {standard_task_runner.py:105} INFO - Job 5797: Subtask check_file_in_directory
[2025-02-12T23:39:38.761+0000] {task_command.py:467} INFO - Running <TaskInstance: IMPORTATION_ECRITURE_COMPTABLES_ARTICLE_dag.check_file_in_directory manual__2025-02-12T23:39:33.725356+00:00 [running]> on host b6443be51f35
[2025-02-12T23:39:38.832+0000] {taskinstance.py:3132} INFO - Exporting env vars: AIRFLOW_CTX_DAG_OWNER='***' AIRFLOW_CTX_DAG_ID='IMPORTATION_ECRITURE_COMPTABLES_ARTICLE_dag' AIRFLOW_CTX_TASK_ID='check_file_in_directory' AIRFLOW_CTX_EXECUTION_DATE='2025-02-12T23:39:33.725356+00:00' AIRFLOW_CTX_TRY_NUMBER='1' AIRFLOW_CTX_DAG_RUN_ID='manual__2025-02-12T23:39:33.725356+00:00'
[2025-02-12T23:39:38.833+0000] {logging_mixin.py:190} INFO - Task instance is in running state
[2025-02-12T23:39:38.834+0000] {logging_mixin.py:190} INFO -  Previous state of the Task instance: queued
[2025-02-12T23:39:38.835+0000] {logging_mixin.py:190} INFO - Current task name:check_file_in_directory state:running start_date:2025-02-12 23:39:38.682745+00:00
[2025-02-12T23:39:38.835+0000] {logging_mixin.py:190} INFO - Dag name:IMPORTATION_ECRITURE_COMPTABLES_ARTICLE_dag and current dag run status:running
[2025-02-12T23:39:38.836+0000] {taskinstance.py:731} INFO - ::endgroup::
[2025-02-12T23:39:38.836+0000] {baseoperator.py:421} WARNING - BranchPythonOperator.execute cannot be called outside TaskInstance!
[2025-02-12T23:39:38.837+0000] {logging_mixin.py:190} INFO - ca marche /opt/***/files/in ['.csv']
[2025-02-12T23:39:38.841+0000] {python.py:240} INFO - Done. Returned value was: verify_file_reliability
[2025-02-12T23:39:38.841+0000] {branch.py:38} INFO - Branch into verify_file_reliability
[2025-02-12T23:39:38.842+0000] {skipmixin.py:230} INFO - Following branch ('verify_file_reliability',)
[2025-02-12T23:39:38.854+0000] {skipmixin.py:278} INFO - Skipping tasks []
[2025-02-12T23:39:38.879+0000] {taskinstance.py:340} INFO - ::group::Post task execution logs
[2025-02-12T23:39:38.880+0000] {taskinstance.py:352} INFO - Marking task as SUCCESS. dag_id=IMPORTATION_ECRITURE_COMPTABLES_ARTICLE_dag, task_id=check_file_in_directory, run_id=manual__2025-02-12T23:39:33.725356+00:00, execution_date=20250212T233933, start_date=20250212T233938, end_date=20250212T233938
[2025-02-12T23:39:38.889+0000] {logging_mixin.py:190} INFO - Task instance in success state
[2025-02-12T23:39:38.890+0000] {logging_mixin.py:190} INFO -  Previous state of the Task instance: running
[2025-02-12T23:39:38.890+0000] {logging_mixin.py:190} INFO - Dag name:IMPORTATION_ECRITURE_COMPTABLES_ARTICLE_dag queued_at:2025-02-12 23:39:33.750501+00:00
[2025-02-12T23:39:38.891+0000] {logging_mixin.py:190} INFO - Task hostname:b6443be51f35 operator:BranchPythonOperator
[2025-02-12T23:39:38.931+0000] {local_task_job_runner.py:266} INFO - Task exited with return code 0
[2025-02-12T23:39:38.940+0000] {local_task_job_runner.py:245} INFO - ::endgroup::
