[2025-02-11T00:55:01.982+0000] {local_task_job_runner.py:123} INFO - ::group::Pre task execution logs
[2025-02-11T00:55:02.149+0000] {taskinstance.py:2613} INFO - Dependencies all met for dep_context=non-requeueable deps ti=<TaskInstance: IMPORTATION_ECRITURE_COMPTABLES_ARTICLE_dag.check_directory scheduled__2025-02-11T00:54:00+00:00 [queued]>
[2025-02-11T00:55:02.158+0000] {taskinstance.py:2613} INFO - Dependencies all met for dep_context=requeueable deps ti=<TaskInstance: IMPORTATION_ECRITURE_COMPTABLES_ARTICLE_dag.check_directory scheduled__2025-02-11T00:54:00+00:00 [queued]>
[2025-02-11T00:55:02.158+0000] {taskinstance.py:2866} INFO - Starting attempt 1 of 2
[2025-02-11T00:55:02.177+0000] {taskinstance.py:2889} INFO - Executing <Task(BranchPythonOperator): check_directory> on 2025-02-11 00:54:00+00:00
[2025-02-11T00:55:02.186+0000] {warnings.py:112} WARNING - /home/***/.local/lib/python3.12/site-packages/***/task/task_runner/standard_task_runner.py:70: DeprecationWarning: This process (pid=4381) is multi-threaded, use of fork() may lead to deadlocks in the child.
  pid = os.fork()

[2025-02-11T00:55:02.188+0000] {standard_task_runner.py:72} INFO - Started process 4383 to run task
[2025-02-11T00:55:02.188+0000] {standard_task_runner.py:104} INFO - Running: ['***', 'tasks', 'run', 'IMPORTATION_ECRITURE_COMPTABLES_ARTICLE_dag', 'check_directory', 'scheduled__2025-02-11T00:54:00+00:00', '--job-id', '1815', '--raw', '--subdir', 'DAGS_FOLDER/my_directory_and_file_checker.py', '--cfg-path', '/tmp/tmpb544hu7k']
[2025-02-11T00:55:02.189+0000] {standard_task_runner.py:105} INFO - Job 1815: Subtask check_directory
[2025-02-11T00:55:02.244+0000] {task_command.py:467} INFO - Running <TaskInstance: IMPORTATION_ECRITURE_COMPTABLES_ARTICLE_dag.check_directory scheduled__2025-02-11T00:54:00+00:00 [running]> on host b6443be51f35
[2025-02-11T00:55:02.373+0000] {taskinstance.py:3132} INFO - Exporting env vars: AIRFLOW_CTX_DAG_OWNER='***' AIRFLOW_CTX_DAG_ID='IMPORTATION_ECRITURE_COMPTABLES_ARTICLE_dag' AIRFLOW_CTX_TASK_ID='check_directory' AIRFLOW_CTX_EXECUTION_DATE='2025-02-11T00:54:00+00:00' AIRFLOW_CTX_TRY_NUMBER='1' AIRFLOW_CTX_DAG_RUN_ID='scheduled__2025-02-11T00:54:00+00:00'
[2025-02-11T00:55:02.375+0000] {logging_mixin.py:190} INFO - Task instance is in running state
[2025-02-11T00:55:02.376+0000] {logging_mixin.py:190} INFO -  Previous state of the Task instance: queued
[2025-02-11T00:55:02.376+0000] {logging_mixin.py:190} INFO - Current task name:check_directory state:running start_date:2025-02-11 00:55:02.150266+00:00
[2025-02-11T00:55:02.377+0000] {logging_mixin.py:190} INFO - Dag name:IMPORTATION_ECRITURE_COMPTABLES_ARTICLE_dag and current dag run status:running
[2025-02-11T00:55:02.378+0000] {taskinstance.py:731} INFO - ::endgroup::
[2025-02-11T00:55:02.378+0000] {baseoperator.py:421} WARNING - BranchPythonOperator.execute cannot be called outside TaskInstance!
[2025-02-11T00:55:02.379+0000] {python.py:240} INFO - Done. Returned value was: check_file_in_directory
[2025-02-11T00:55:02.380+0000] {branch.py:38} INFO - Branch into check_file_in_directory
[2025-02-11T00:55:02.380+0000] {skipmixin.py:230} INFO - Following branch ('check_file_in_directory',)
[2025-02-11T00:55:02.394+0000] {skipmixin.py:278} INFO - Skipping tasks []
[2025-02-11T00:55:02.428+0000] {taskinstance.py:340} INFO - ::group::Post task execution logs
[2025-02-11T00:55:02.429+0000] {taskinstance.py:352} INFO - Marking task as SUCCESS. dag_id=IMPORTATION_ECRITURE_COMPTABLES_ARTICLE_dag, task_id=check_directory, run_id=scheduled__2025-02-11T00:54:00+00:00, execution_date=20250211T005400, start_date=20250211T005502, end_date=20250211T005502
[2025-02-11T00:55:02.444+0000] {logging_mixin.py:190} INFO - Task instance in success state
[2025-02-11T00:55:02.445+0000] {logging_mixin.py:190} INFO -  Previous state of the Task instance: running
[2025-02-11T00:55:02.446+0000] {logging_mixin.py:190} INFO - Dag name:IMPORTATION_ECRITURE_COMPTABLES_ARTICLE_dag queued_at:2025-02-11 00:55:00.236626+00:00
[2025-02-11T00:55:02.446+0000] {logging_mixin.py:190} INFO - Task hostname:b6443be51f35 operator:BranchPythonOperator
[2025-02-11T00:55:02.485+0000] {local_task_job_runner.py:266} INFO - Task exited with return code 0
[2025-02-11T00:55:02.523+0000] {taskinstance.py:3895} INFO - 1 downstream tasks scheduled from follow-on schedule check
[2025-02-11T00:55:02.525+0000] {local_task_job_runner.py:245} INFO - ::endgroup::
[2025-02-11T00:55:58.477+0000] {local_task_job_runner.py:123} INFO - ::group::Pre task execution logs
[2025-02-11T00:55:58.653+0000] {taskinstance.py:2613} INFO - Dependencies all met for dep_context=non-requeueable deps ti=<TaskInstance: IMPORTATION_ECRITURE_COMPTABLES_ARTICLE_dag.check_directory scheduled__2025-02-11T00:54:00+00:00 [queued]>
[2025-02-11T00:55:58.664+0000] {taskinstance.py:2613} INFO - Dependencies all met for dep_context=requeueable deps ti=<TaskInstance: IMPORTATION_ECRITURE_COMPTABLES_ARTICLE_dag.check_directory scheduled__2025-02-11T00:54:00+00:00 [queued]>
[2025-02-11T00:55:58.665+0000] {taskinstance.py:2866} INFO - Starting attempt 1 of 2
[2025-02-11T00:55:58.686+0000] {taskinstance.py:2889} INFO - Executing <Task(BranchPythonOperator): check_directory> on 2025-02-11 00:54:00+00:00
[2025-02-11T00:55:58.693+0000] {warnings.py:112} WARNING - /home/***/.local/lib/python3.12/site-packages/***/task/task_runner/standard_task_runner.py:70: DeprecationWarning: This process (pid=4419) is multi-threaded, use of fork() may lead to deadlocks in the child.
  pid = os.fork()

[2025-02-11T00:55:58.695+0000] {standard_task_runner.py:72} INFO - Started process 4421 to run task
[2025-02-11T00:55:58.695+0000] {standard_task_runner.py:104} INFO - Running: ['***', 'tasks', 'run', 'IMPORTATION_ECRITURE_COMPTABLES_ARTICLE_dag', 'check_directory', 'scheduled__2025-02-11T00:54:00+00:00', '--job-id', '1821', '--raw', '--subdir', 'DAGS_FOLDER/my_directory_and_file_checker.py', '--cfg-path', '/tmp/tmpn4tdpco7']
[2025-02-11T00:55:58.696+0000] {standard_task_runner.py:105} INFO - Job 1821: Subtask check_directory
[2025-02-11T00:55:58.752+0000] {task_command.py:467} INFO - Running <TaskInstance: IMPORTATION_ECRITURE_COMPTABLES_ARTICLE_dag.check_directory scheduled__2025-02-11T00:54:00+00:00 [running]> on host b6443be51f35
[2025-02-11T00:55:58.851+0000] {taskinstance.py:3132} INFO - Exporting env vars: AIRFLOW_CTX_DAG_OWNER='***' AIRFLOW_CTX_DAG_ID='IMPORTATION_ECRITURE_COMPTABLES_ARTICLE_dag' AIRFLOW_CTX_TASK_ID='check_directory' AIRFLOW_CTX_EXECUTION_DATE='2025-02-11T00:54:00+00:00' AIRFLOW_CTX_TRY_NUMBER='1' AIRFLOW_CTX_DAG_RUN_ID='scheduled__2025-02-11T00:54:00+00:00'
[2025-02-11T00:55:58.852+0000] {logging_mixin.py:190} INFO - Task instance is in running state
[2025-02-11T00:55:58.853+0000] {logging_mixin.py:190} INFO -  Previous state of the Task instance: queued
[2025-02-11T00:55:58.854+0000] {logging_mixin.py:190} INFO - Current task name:check_directory state:running start_date:2025-02-11 00:55:58.654484+00:00
[2025-02-11T00:55:58.855+0000] {logging_mixin.py:190} INFO - Dag name:IMPORTATION_ECRITURE_COMPTABLES_ARTICLE_dag and current dag run status:running
[2025-02-11T00:55:58.855+0000] {taskinstance.py:731} INFO - ::endgroup::
[2025-02-11T00:55:58.856+0000] {baseoperator.py:421} WARNING - BranchPythonOperator.execute cannot be called outside TaskInstance!
[2025-02-11T00:55:58.858+0000] {python.py:240} INFO - Done. Returned value was: check_file_in_directory
[2025-02-11T00:55:58.859+0000] {branch.py:38} INFO - Branch into check_file_in_directory
[2025-02-11T00:55:58.860+0000] {skipmixin.py:230} INFO - Following branch ('check_file_in_directory',)
[2025-02-11T00:55:58.876+0000] {skipmixin.py:278} INFO - Skipping tasks []
[2025-02-11T00:55:58.918+0000] {taskinstance.py:340} INFO - ::group::Post task execution logs
[2025-02-11T00:55:58.919+0000] {taskinstance.py:352} INFO - Marking task as SUCCESS. dag_id=IMPORTATION_ECRITURE_COMPTABLES_ARTICLE_dag, task_id=check_directory, run_id=scheduled__2025-02-11T00:54:00+00:00, execution_date=20250211T005400, start_date=20250211T005558, end_date=20250211T005558
[2025-02-11T00:55:58.930+0000] {logging_mixin.py:190} INFO - Task instance in success state
[2025-02-11T00:55:58.931+0000] {logging_mixin.py:190} INFO -  Previous state of the Task instance: running
[2025-02-11T00:55:58.932+0000] {logging_mixin.py:190} INFO - Dag name:IMPORTATION_ECRITURE_COMPTABLES_ARTICLE_dag queued_at:2025-02-11 00:55:56.326588+00:00
[2025-02-11T00:55:58.933+0000] {logging_mixin.py:190} INFO - Task hostname:b6443be51f35 operator:BranchPythonOperator
[2025-02-11T00:55:58.951+0000] {local_task_job_runner.py:266} INFO - Task exited with return code 0
[2025-02-11T00:55:58.991+0000] {taskinstance.py:3895} INFO - 1 downstream tasks scheduled from follow-on schedule check
[2025-02-11T00:55:58.994+0000] {local_task_job_runner.py:245} INFO - ::endgroup::
