[2025-02-10T23:08:01.839+0000] {local_task_job_runner.py:123} INFO - ::group::Pre task execution logs
[2025-02-10T23:08:01.968+0000] {taskinstance.py:2613} INFO - Dependencies all met for dep_context=non-requeueable deps ti=<TaskInstance: IMPORTATION_ECRITURE_COMPTABLES_ARTICLE_dag.check_directory scheduled__2025-02-10T23:07:00+00:00 [queued]>
[2025-02-10T23:08:01.976+0000] {taskinstance.py:2613} INFO - Dependencies all met for dep_context=requeueable deps ti=<TaskInstance: IMPORTATION_ECRITURE_COMPTABLES_ARTICLE_dag.check_directory scheduled__2025-02-10T23:07:00+00:00 [queued]>
[2025-02-10T23:08:01.976+0000] {taskinstance.py:2866} INFO - Starting attempt 1 of 2
[2025-02-10T23:08:01.989+0000] {taskinstance.py:2889} INFO - Executing <Task(BranchPythonOperator): check_directory> on 2025-02-10 23:07:00+00:00
[2025-02-10T23:08:01.996+0000] {warnings.py:112} WARNING - /home/***/.local/lib/python3.12/site-packages/***/task/task_runner/standard_task_runner.py:70: DeprecationWarning: This process (pid=1318) is multi-threaded, use of fork() may lead to deadlocks in the child.
  pid = os.fork()

[2025-02-10T23:08:01.998+0000] {standard_task_runner.py:72} INFO - Started process 1320 to run task
[2025-02-10T23:08:01.999+0000] {standard_task_runner.py:104} INFO - Running: ['***', 'tasks', 'run', 'IMPORTATION_ECRITURE_COMPTABLES_ARTICLE_dag', 'check_directory', 'scheduled__2025-02-10T23:07:00+00:00', '--job-id', '1392', '--raw', '--subdir', 'DAGS_FOLDER/my_directory_and_file_checker.py', '--cfg-path', '/tmp/tmp3ig8u_ju']
[2025-02-10T23:08:02.001+0000] {standard_task_runner.py:105} INFO - Job 1392: Subtask check_directory
[2025-02-10T23:08:02.047+0000] {task_command.py:467} INFO - Running <TaskInstance: IMPORTATION_ECRITURE_COMPTABLES_ARTICLE_dag.check_directory scheduled__2025-02-10T23:07:00+00:00 [running]> on host b6443be51f35
[2025-02-10T23:08:02.131+0000] {taskinstance.py:3132} INFO - Exporting env vars: AIRFLOW_CTX_DAG_OWNER='***' AIRFLOW_CTX_DAG_ID='IMPORTATION_ECRITURE_COMPTABLES_ARTICLE_dag' AIRFLOW_CTX_TASK_ID='check_directory' AIRFLOW_CTX_EXECUTION_DATE='2025-02-10T23:07:00+00:00' AIRFLOW_CTX_TRY_NUMBER='1' AIRFLOW_CTX_DAG_RUN_ID='scheduled__2025-02-10T23:07:00+00:00'
[2025-02-10T23:08:02.133+0000] {logging_mixin.py:190} INFO - Task instance is in running state
[2025-02-10T23:08:02.133+0000] {logging_mixin.py:190} INFO -  Previous state of the Task instance: queued
[2025-02-10T23:08:02.134+0000] {logging_mixin.py:190} INFO - Current task name:check_directory state:running start_date:2025-02-10 23:08:01.969669+00:00
[2025-02-10T23:08:02.134+0000] {logging_mixin.py:190} INFO - Dag name:IMPORTATION_ECRITURE_COMPTABLES_ARTICLE_dag and current dag run status:running
[2025-02-10T23:08:02.135+0000] {taskinstance.py:731} INFO - ::endgroup::
[2025-02-10T23:08:02.136+0000] {baseoperator.py:421} WARNING - BranchPythonOperator.execute cannot be called outside TaskInstance!
[2025-02-10T23:08:02.137+0000] {python.py:240} INFO - Done. Returned value was: check_file_in_directory
[2025-02-10T23:08:02.137+0000] {branch.py:38} INFO - Branch into check_file_in_directory
[2025-02-10T23:08:02.138+0000] {skipmixin.py:230} INFO - Following branch ('check_file_in_directory',)
[2025-02-10T23:08:02.149+0000] {skipmixin.py:278} INFO - Skipping tasks []
[2025-02-10T23:08:02.176+0000] {taskinstance.py:340} INFO - ::group::Post task execution logs
[2025-02-10T23:08:02.177+0000] {taskinstance.py:352} INFO - Marking task as SUCCESS. dag_id=IMPORTATION_ECRITURE_COMPTABLES_ARTICLE_dag, task_id=check_directory, run_id=scheduled__2025-02-10T23:07:00+00:00, execution_date=20250210T230700, start_date=20250210T230801, end_date=20250210T230802
[2025-02-10T23:08:02.186+0000] {logging_mixin.py:190} INFO - Task instance in success state
[2025-02-10T23:08:02.187+0000] {logging_mixin.py:190} INFO -  Previous state of the Task instance: running
[2025-02-10T23:08:02.188+0000] {logging_mixin.py:190} INFO - Dag name:IMPORTATION_ECRITURE_COMPTABLES_ARTICLE_dag queued_at:2025-02-10 23:08:00.485574+00:00
[2025-02-10T23:08:02.188+0000] {logging_mixin.py:190} INFO - Task hostname:b6443be51f35 operator:BranchPythonOperator
[2025-02-10T23:08:02.213+0000] {local_task_job_runner.py:266} INFO - Task exited with return code 0
[2025-02-10T23:08:02.243+0000] {taskinstance.py:3895} INFO - 1 downstream tasks scheduled from follow-on schedule check
[2025-02-10T23:08:02.246+0000] {local_task_job_runner.py:245} INFO - ::endgroup::
[2025-02-10T23:08:54.995+0000] {local_task_job_runner.py:123} INFO - ::group::Pre task execution logs
[2025-02-10T23:08:55.150+0000] {taskinstance.py:2613} INFO - Dependencies all met for dep_context=non-requeueable deps ti=<TaskInstance: IMPORTATION_ECRITURE_COMPTABLES_ARTICLE_dag.check_directory scheduled__2025-02-10T23:07:00+00:00 [queued]>
[2025-02-10T23:08:55.161+0000] {taskinstance.py:2613} INFO - Dependencies all met for dep_context=requeueable deps ti=<TaskInstance: IMPORTATION_ECRITURE_COMPTABLES_ARTICLE_dag.check_directory scheduled__2025-02-10T23:07:00+00:00 [queued]>
[2025-02-10T23:08:55.161+0000] {taskinstance.py:2866} INFO - Starting attempt 1 of 2
[2025-02-10T23:08:55.176+0000] {taskinstance.py:2889} INFO - Executing <Task(BranchPythonOperator): check_directory> on 2025-02-10 23:07:00+00:00
[2025-02-10T23:08:55.182+0000] {warnings.py:112} WARNING - /home/***/.local/lib/python3.12/site-packages/***/task/task_runner/standard_task_runner.py:70: DeprecationWarning: This process (pid=1349) is multi-threaded, use of fork() may lead to deadlocks in the child.
  pid = os.fork()

[2025-02-10T23:08:55.184+0000] {standard_task_runner.py:72} INFO - Started process 1351 to run task
[2025-02-10T23:08:55.184+0000] {standard_task_runner.py:104} INFO - Running: ['***', 'tasks', 'run', 'IMPORTATION_ECRITURE_COMPTABLES_ARTICLE_dag', 'check_directory', 'scheduled__2025-02-10T23:07:00+00:00', '--job-id', '1398', '--raw', '--subdir', 'DAGS_FOLDER/my_directory_and_file_checker.py', '--cfg-path', '/tmp/tmpah0q6su8']
[2025-02-10T23:08:55.186+0000] {standard_task_runner.py:105} INFO - Job 1398: Subtask check_directory
[2025-02-10T23:08:55.232+0000] {task_command.py:467} INFO - Running <TaskInstance: IMPORTATION_ECRITURE_COMPTABLES_ARTICLE_dag.check_directory scheduled__2025-02-10T23:07:00+00:00 [running]> on host b6443be51f35
[2025-02-10T23:08:55.310+0000] {taskinstance.py:3132} INFO - Exporting env vars: AIRFLOW_CTX_DAG_OWNER='***' AIRFLOW_CTX_DAG_ID='IMPORTATION_ECRITURE_COMPTABLES_ARTICLE_dag' AIRFLOW_CTX_TASK_ID='check_directory' AIRFLOW_CTX_EXECUTION_DATE='2025-02-10T23:07:00+00:00' AIRFLOW_CTX_TRY_NUMBER='1' AIRFLOW_CTX_DAG_RUN_ID='scheduled__2025-02-10T23:07:00+00:00'
[2025-02-10T23:08:55.311+0000] {logging_mixin.py:190} INFO - Task instance is in running state
[2025-02-10T23:08:55.312+0000] {logging_mixin.py:190} INFO -  Previous state of the Task instance: queued
[2025-02-10T23:08:55.312+0000] {logging_mixin.py:190} INFO - Current task name:check_directory state:running start_date:2025-02-10 23:08:55.151355+00:00
[2025-02-10T23:08:55.313+0000] {logging_mixin.py:190} INFO - Dag name:IMPORTATION_ECRITURE_COMPTABLES_ARTICLE_dag and current dag run status:running
[2025-02-10T23:08:55.314+0000] {taskinstance.py:731} INFO - ::endgroup::
[2025-02-10T23:08:55.314+0000] {baseoperator.py:421} WARNING - BranchPythonOperator.execute cannot be called outside TaskInstance!
[2025-02-10T23:08:55.316+0000] {python.py:240} INFO - Done. Returned value was: check_file_in_directory
[2025-02-10T23:08:55.316+0000] {branch.py:38} INFO - Branch into check_file_in_directory
[2025-02-10T23:08:55.317+0000] {skipmixin.py:230} INFO - Following branch ('check_file_in_directory',)
[2025-02-10T23:08:55.330+0000] {skipmixin.py:278} INFO - Skipping tasks []
[2025-02-10T23:08:55.357+0000] {taskinstance.py:340} INFO - ::group::Post task execution logs
[2025-02-10T23:08:55.358+0000] {taskinstance.py:352} INFO - Marking task as SUCCESS. dag_id=IMPORTATION_ECRITURE_COMPTABLES_ARTICLE_dag, task_id=check_directory, run_id=scheduled__2025-02-10T23:07:00+00:00, execution_date=20250210T230700, start_date=20250210T230855, end_date=20250210T230855
[2025-02-10T23:08:55.367+0000] {logging_mixin.py:190} INFO - Task instance in success state
[2025-02-10T23:08:55.368+0000] {logging_mixin.py:190} INFO -  Previous state of the Task instance: running
[2025-02-10T23:08:55.369+0000] {logging_mixin.py:190} INFO - Dag name:IMPORTATION_ECRITURE_COMPTABLES_ARTICLE_dag queued_at:2025-02-10 23:08:53.388803+00:00
[2025-02-10T23:08:55.369+0000] {logging_mixin.py:190} INFO - Task hostname:b6443be51f35 operator:BranchPythonOperator
[2025-02-10T23:08:55.400+0000] {local_task_job_runner.py:266} INFO - Task exited with return code 0
[2025-02-10T23:08:55.430+0000] {taskinstance.py:3895} INFO - 1 downstream tasks scheduled from follow-on schedule check
[2025-02-10T23:08:55.433+0000] {local_task_job_runner.py:245} INFO - ::endgroup::
