[2025-02-07T22:42:17.472+0000] {local_task_job_runner.py:123} INFO - ::group::Pre task execution logs
[2025-02-07T22:42:17.580+0000] {taskinstance.py:2613} INFO - Dependencies all met for dep_context=non-requeueable deps ti=<TaskInstance: directory_and_file_verification_dag.check_directory scheduled__2025-02-07T12:00:00+00:00 [queued]>
[2025-02-07T22:42:17.624+0000] {taskinstance.py:2613} INFO - Dependencies all met for dep_context=requeueable deps ti=<TaskInstance: directory_and_file_verification_dag.check_directory scheduled__2025-02-07T12:00:00+00:00 [queued]>
[2025-02-07T22:42:17.626+0000] {taskinstance.py:2866} INFO - Starting attempt 1 of 1
[2025-02-07T22:42:17.926+0000] {taskinstance.py:2889} INFO - Executing <Task(BranchPythonOperator): check_directory> on 2025-02-07 12:00:00+00:00
[2025-02-07T22:42:17.970+0000] {warnings.py:112} WARNING - /home/***/.local/lib/python3.12/site-packages/***/task/task_runner/standard_task_runner.py:70: DeprecationWarning: This process (pid=20031) is multi-threaded, use of fork() may lead to deadlocks in the child.
  pid = os.fork()

[2025-02-07T22:42:17.972+0000] {standard_task_runner.py:72} INFO - Started process 20087 to run task
[2025-02-07T22:42:18.080+0000] {standard_task_runner.py:104} INFO - Running: ['***', 'tasks', 'run', 'directory_and_file_verification_dag', 'check_directory', 'scheduled__2025-02-07T12:00:00+00:00', '--job-id', '1052', '--raw', '--subdir', 'DAGS_FOLDER/my_directory_and_file_checker.py', '--cfg-path', '/tmp/tmpdfex334c']
[2025-02-07T22:42:18.097+0000] {standard_task_runner.py:105} INFO - Job 1052: Subtask check_directory
[2025-02-07T22:42:18.291+0000] {task_command.py:467} INFO - Running <TaskInstance: directory_and_file_verification_dag.check_directory scheduled__2025-02-07T12:00:00+00:00 [running]> on host 003b7fbea265
[2025-02-07T22:42:20.046+0000] {taskinstance.py:3132} INFO - Exporting env vars: AIRFLOW_CTX_DAG_OWNER='***' AIRFLOW_CTX_DAG_ID='directory_and_file_verification_dag' AIRFLOW_CTX_TASK_ID='check_directory' AIRFLOW_CTX_EXECUTION_DATE='2025-02-07T12:00:00+00:00' AIRFLOW_CTX_TRY_NUMBER='1' AIRFLOW_CTX_DAG_RUN_ID='scheduled__2025-02-07T12:00:00+00:00'
[2025-02-07T22:42:20.048+0000] {logging_mixin.py:190} INFO - Task instance is in running state
[2025-02-07T22:42:20.049+0000] {logging_mixin.py:190} INFO -  Previous state of the Task instance: queued
[2025-02-07T22:42:20.050+0000] {logging_mixin.py:190} INFO - Current task name:check_directory state:running start_date:2025-02-07 22:42:17.584389+00:00
[2025-02-07T22:42:20.051+0000] {logging_mixin.py:190} INFO - Dag name:directory_and_file_verification_dag and current dag run status:running
[2025-02-07T22:42:20.051+0000] {taskinstance.py:731} INFO - ::endgroup::
[2025-02-07T22:42:20.052+0000] {baseoperator.py:421} WARNING - BranchPythonOperator.execute cannot be called outside TaskInstance!
[2025-02-07T22:42:20.055+0000] {logging_mixin.py:190} INFO - borusss ['in', 'logs', 'out', 'statu_date_execution.txt', 'succes_date_execution.txt', 'test', 'Écritures - Copie.csv.bak', 'Écritures comptables article.csv.bak', 'Écritures.csv.bak']
[2025-02-07T22:42:20.056+0000] {python.py:240} INFO - Done. Returned value was: check_file_in_directory
[2025-02-07T22:42:20.057+0000] {branch.py:38} INFO - Branch into check_file_in_directory
[2025-02-07T22:42:20.061+0000] {skipmixin.py:230} INFO - Following branch ('check_file_in_directory',)
[2025-02-07T22:42:20.132+0000] {skipmixin.py:278} INFO - Skipping tasks []
[2025-02-07T22:42:20.374+0000] {taskinstance.py:340} INFO - ::group::Post task execution logs
[2025-02-07T22:42:20.382+0000] {taskinstance.py:352} INFO - Marking task as SUCCESS. dag_id=directory_and_file_verification_dag, task_id=check_directory, run_id=scheduled__2025-02-07T12:00:00+00:00, execution_date=20250207T120000, start_date=20250207T224217, end_date=20250207T224220
[2025-02-07T22:42:20.565+0000] {logging_mixin.py:190} INFO - Task instance in success state
[2025-02-07T22:42:20.572+0000] {logging_mixin.py:190} INFO -  Previous state of the Task instance: running
[2025-02-07T22:42:20.585+0000] {logging_mixin.py:190} INFO - Dag name:directory_and_file_verification_dag queued_at:2025-02-07 22:41:59.021512+00:00
[2025-02-07T22:42:20.587+0000] {logging_mixin.py:190} INFO - Task hostname:003b7fbea265 operator:BranchPythonOperator
[2025-02-07T22:42:20.698+0000] {local_task_job_runner.py:266} INFO - Task exited with return code 0
[2025-02-07T22:42:20.877+0000] {taskinstance.py:3895} INFO - 1 downstream tasks scheduled from follow-on schedule check
[2025-02-07T22:42:20.904+0000] {local_task_job_runner.py:245} INFO - ::endgroup::
[2025-02-07T22:43:44.956+0000] {local_task_job_runner.py:123} INFO - ::group::Pre task execution logs
[2025-02-07T22:43:46.165+0000] {taskinstance.py:2613} INFO - Dependencies all met for dep_context=non-requeueable deps ti=<TaskInstance: directory_and_file_verification_dag.check_directory scheduled__2025-02-07T12:00:00+00:00 [queued]>
[2025-02-07T22:43:46.192+0000] {taskinstance.py:2613} INFO - Dependencies all met for dep_context=requeueable deps ti=<TaskInstance: directory_and_file_verification_dag.check_directory scheduled__2025-02-07T12:00:00+00:00 [queued]>
[2025-02-07T22:43:46.194+0000] {taskinstance.py:2866} INFO - Starting attempt 1 of 1
[2025-02-07T22:43:46.282+0000] {taskinstance.py:2889} INFO - Executing <Task(BranchPythonOperator): check_directory> on 2025-02-07 12:00:00+00:00
[2025-02-07T22:43:46.316+0000] {warnings.py:112} WARNING - /home/***/.local/lib/python3.12/site-packages/***/task/task_runner/standard_task_runner.py:70: DeprecationWarning: This process (pid=20229) is multi-threaded, use of fork() may lead to deadlocks in the child.
  pid = os.fork()

[2025-02-07T22:43:46.345+0000] {standard_task_runner.py:72} INFO - Started process 20289 to run task
[2025-02-07T22:43:46.370+0000] {standard_task_runner.py:104} INFO - Running: ['***', 'tasks', 'run', 'directory_and_file_verification_dag', 'check_directory', 'scheduled__2025-02-07T12:00:00+00:00', '--job-id', '1100', '--raw', '--subdir', 'DAGS_FOLDER/my_directory_and_file_checker.py', '--cfg-path', '/tmp/tmp7jvzv0ei']
[2025-02-07T22:43:46.401+0000] {standard_task_runner.py:105} INFO - Job 1100: Subtask check_directory
[2025-02-07T22:43:46.695+0000] {task_command.py:467} INFO - Running <TaskInstance: directory_and_file_verification_dag.check_directory scheduled__2025-02-07T12:00:00+00:00 [running]> on host 003b7fbea265
[2025-02-07T22:43:47.292+0000] {taskinstance.py:3132} INFO - Exporting env vars: AIRFLOW_CTX_DAG_OWNER='***' AIRFLOW_CTX_DAG_ID='directory_and_file_verification_dag' AIRFLOW_CTX_TASK_ID='check_directory' AIRFLOW_CTX_EXECUTION_DATE='2025-02-07T12:00:00+00:00' AIRFLOW_CTX_TRY_NUMBER='1' AIRFLOW_CTX_DAG_RUN_ID='scheduled__2025-02-07T12:00:00+00:00'
[2025-02-07T22:43:47.298+0000] {logging_mixin.py:190} INFO - Task instance is in running state
[2025-02-07T22:43:47.300+0000] {logging_mixin.py:190} INFO -  Previous state of the Task instance: queued
[2025-02-07T22:43:47.300+0000] {logging_mixin.py:190} INFO - Current task name:check_directory state:running start_date:2025-02-07 22:43:46.167971+00:00
[2025-02-07T22:43:47.301+0000] {logging_mixin.py:190} INFO - Dag name:directory_and_file_verification_dag and current dag run status:running
[2025-02-07T22:43:47.302+0000] {taskinstance.py:731} INFO - ::endgroup::
[2025-02-07T22:43:47.303+0000] {baseoperator.py:421} WARNING - BranchPythonOperator.execute cannot be called outside TaskInstance!
[2025-02-07T22:43:47.306+0000] {logging_mixin.py:190} INFO - borusss ['in', 'logs', 'out', 'statu_date_execution.txt', 'succes_date_execution.txt', 'test', 'Écritures - Copie.csv.bak', 'Écritures comptables article.csv.bak', 'Écritures.csv.bak']
[2025-02-07T22:43:47.310+0000] {python.py:240} INFO - Done. Returned value was: check_file_in_directory
[2025-02-07T22:43:47.311+0000] {branch.py:38} INFO - Branch into check_file_in_directory
[2025-02-07T22:43:47.312+0000] {skipmixin.py:230} INFO - Following branch ('check_file_in_directory',)
[2025-02-07T22:43:47.393+0000] {skipmixin.py:278} INFO - Skipping tasks []
[2025-02-07T22:43:47.576+0000] {taskinstance.py:340} INFO - ::group::Post task execution logs
[2025-02-07T22:43:47.579+0000] {taskinstance.py:352} INFO - Marking task as SUCCESS. dag_id=directory_and_file_verification_dag, task_id=check_directory, run_id=scheduled__2025-02-07T12:00:00+00:00, execution_date=20250207T120000, start_date=20250207T224346, end_date=20250207T224347
[2025-02-07T22:43:47.632+0000] {logging_mixin.py:190} INFO - Task instance in success state
[2025-02-07T22:43:47.635+0000] {logging_mixin.py:190} INFO -  Previous state of the Task instance: running
[2025-02-07T22:43:47.643+0000] {logging_mixin.py:190} INFO - Dag name:directory_and_file_verification_dag queued_at:2025-02-07 22:43:30.149411+00:00
[2025-02-07T22:43:47.644+0000] {logging_mixin.py:190} INFO - Task hostname:003b7fbea265 operator:BranchPythonOperator
[2025-02-07T22:43:47.693+0000] {local_task_job_runner.py:266} INFO - Task exited with return code 0
[2025-02-07T22:43:47.735+0000] {local_task_job_runner.py:245} INFO - ::endgroup::
[2025-02-07T23:11:45.567+0000] {local_task_job_runner.py:123} INFO - ::group::Pre task execution logs
[2025-02-07T23:11:46.693+0000] {taskinstance.py:2613} INFO - Dependencies all met for dep_context=non-requeueable deps ti=<TaskInstance: directory_and_file_verification_dag.check_directory scheduled__2025-02-07T12:00:00+00:00 [queued]>
[2025-02-07T23:11:46.782+0000] {taskinstance.py:2613} INFO - Dependencies all met for dep_context=requeueable deps ti=<TaskInstance: directory_and_file_verification_dag.check_directory scheduled__2025-02-07T12:00:00+00:00 [queued]>
[2025-02-07T23:11:46.787+0000] {taskinstance.py:2866} INFO - Starting attempt 1 of 1
[2025-02-07T23:11:46.921+0000] {taskinstance.py:2889} INFO - Executing <Task(BranchPythonOperator): check_directory> on 2025-02-07 12:00:00+00:00
[2025-02-07T23:11:47.008+0000] {warnings.py:112} WARNING - /home/***/.local/lib/python3.12/site-packages/***/task/task_runner/standard_task_runner.py:70: DeprecationWarning: This process (pid=20786) is multi-threaded, use of fork() may lead to deadlocks in the child.
  pid = os.fork()

[2025-02-07T23:11:47.012+0000] {standard_task_runner.py:72} INFO - Started process 20838 to run task
[2025-02-07T23:11:47.007+0000] {standard_task_runner.py:104} INFO - Running: ['***', 'tasks', 'run', 'directory_and_file_verification_dag', 'check_directory', 'scheduled__2025-02-07T12:00:00+00:00', '--job-id', '1149', '--raw', '--subdir', 'DAGS_FOLDER/my_directory_and_file_checker.py', '--cfg-path', '/tmp/tmpwxae4eyd']
[2025-02-07T23:11:47.020+0000] {standard_task_runner.py:105} INFO - Job 1149: Subtask check_directory
[2025-02-07T23:11:47.371+0000] {task_command.py:467} INFO - Running <TaskInstance: directory_and_file_verification_dag.check_directory scheduled__2025-02-07T12:00:00+00:00 [running]> on host 003b7fbea265
[2025-02-07T23:11:48.010+0000] {taskinstance.py:3132} INFO - Exporting env vars: AIRFLOW_CTX_DAG_OWNER='***' AIRFLOW_CTX_DAG_ID='directory_and_file_verification_dag' AIRFLOW_CTX_TASK_ID='check_directory' AIRFLOW_CTX_EXECUTION_DATE='2025-02-07T12:00:00+00:00' AIRFLOW_CTX_TRY_NUMBER='1' AIRFLOW_CTX_DAG_RUN_ID='scheduled__2025-02-07T12:00:00+00:00'
[2025-02-07T23:11:48.018+0000] {logging_mixin.py:190} INFO - Task instance is in running state
[2025-02-07T23:11:48.066+0000] {logging_mixin.py:190} INFO -  Previous state of the Task instance: queued
[2025-02-07T23:11:48.068+0000] {logging_mixin.py:190} INFO - Current task name:check_directory state:running start_date:2025-02-07 23:11:46.711386+00:00
[2025-02-07T23:11:48.083+0000] {logging_mixin.py:190} INFO - Dag name:directory_and_file_verification_dag and current dag run status:running
[2025-02-07T23:11:48.084+0000] {taskinstance.py:731} INFO - ::endgroup::
[2025-02-07T23:11:48.085+0000] {baseoperator.py:421} WARNING - BranchPythonOperator.execute cannot be called outside TaskInstance!
[2025-02-07T23:11:48.097+0000] {logging_mixin.py:190} INFO - borusss ['in', 'logs', 'out', 'statu_date_execution.txt', 'succes_date_execution.txt', 'test', 'Écritures - Copie.csv.bak', 'Écritures comptables article.csv.bak', 'Écritures.csv.bak']
[2025-02-07T23:11:48.111+0000] {python.py:240} INFO - Done. Returned value was: check_file_in_directory
[2025-02-07T23:11:48.113+0000] {branch.py:38} INFO - Branch into check_file_in_directory
[2025-02-07T23:11:48.115+0000] {skipmixin.py:230} INFO - Following branch ('check_file_in_directory',)
[2025-02-07T23:11:48.236+0000] {skipmixin.py:278} INFO - Skipping tasks []
[2025-02-07T23:11:48.387+0000] {taskinstance.py:340} INFO - ::group::Post task execution logs
[2025-02-07T23:11:48.408+0000] {taskinstance.py:352} INFO - Marking task as SUCCESS. dag_id=directory_and_file_verification_dag, task_id=check_directory, run_id=scheduled__2025-02-07T12:00:00+00:00, execution_date=20250207T120000, start_date=20250207T231146, end_date=20250207T231148
[2025-02-07T23:11:48.513+0000] {logging_mixin.py:190} INFO - Task instance in success state
[2025-02-07T23:11:48.525+0000] {logging_mixin.py:190} INFO -  Previous state of the Task instance: running
[2025-02-07T23:11:48.546+0000] {logging_mixin.py:190} INFO - Dag name:directory_and_file_verification_dag queued_at:2025-02-07 23:11:24.120366+00:00
[2025-02-07T23:11:48.564+0000] {logging_mixin.py:190} INFO - Task hostname:003b7fbea265 operator:BranchPythonOperator
[2025-02-07T23:11:48.720+0000] {local_task_job_runner.py:266} INFO - Task exited with return code 0
[2025-02-07T23:11:48.762+0000] {local_task_job_runner.py:245} INFO - ::endgroup::
[2025-02-07T23:15:17.129+0000] {local_task_job_runner.py:123} INFO - ::group::Pre task execution logs
[2025-02-07T23:15:18.029+0000] {taskinstance.py:2613} INFO - Dependencies all met for dep_context=non-requeueable deps ti=<TaskInstance: directory_and_file_verification_dag.check_directory scheduled__2025-02-07T12:00:00+00:00 [None]>
[2025-02-07T23:15:18.139+0000] {taskinstance.py:2613} INFO - Dependencies all met for dep_context=requeueable deps ti=<TaskInstance: directory_and_file_verification_dag.check_directory scheduled__2025-02-07T12:00:00+00:00 [None]>
[2025-02-07T23:15:18.157+0000] {taskinstance.py:2866} INFO - Starting attempt 1 of 1
[2025-02-07T23:15:19.171+0000] {taskinstance.py:2889} INFO - Executing <Task(BranchPythonOperator): check_directory> on 2025-02-07 12:00:00+00:00
[2025-02-07T23:15:19.201+0000] {warnings.py:112} WARNING - /home/***/.local/lib/python3.12/site-packages/***/task/task_runner/standard_task_runner.py:70: DeprecationWarning: This process (pid=106) is multi-threaded, use of fork() may lead to deadlocks in the child.
  pid = os.fork()

[2025-02-07T23:15:19.206+0000] {standard_task_runner.py:72} INFO - Started process 165 to run task
[2025-02-07T23:15:19.205+0000] {standard_task_runner.py:104} INFO - Running: ['***', 'tasks', 'run', 'directory_and_file_verification_dag', 'check_directory', 'scheduled__2025-02-07T12:00:00+00:00', '--job-id', '1196', '--raw', '--subdir', 'DAGS_FOLDER/my_directory_and_file_checker.py', '--cfg-path', '/tmp/tmp2w9u4v4v']
[2025-02-07T23:15:19.228+0000] {standard_task_runner.py:105} INFO - Job 1196: Subtask check_directory
[2025-02-07T23:15:19.467+0000] {task_command.py:467} INFO - Running <TaskInstance: directory_and_file_verification_dag.check_directory scheduled__2025-02-07T12:00:00+00:00 [running]> on host 003b7fbea265
[2025-02-07T23:15:19.798+0000] {taskinstance.py:3132} INFO - Exporting env vars: AIRFLOW_CTX_DAG_OWNER='***' AIRFLOW_CTX_DAG_ID='directory_and_file_verification_dag' AIRFLOW_CTX_TASK_ID='check_directory' AIRFLOW_CTX_EXECUTION_DATE='2025-02-07T12:00:00+00:00' AIRFLOW_CTX_TRY_NUMBER='1' AIRFLOW_CTX_DAG_RUN_ID='scheduled__2025-02-07T12:00:00+00:00'
[2025-02-07T23:15:19.814+0000] {logging_mixin.py:190} INFO - Task instance is in running state
[2025-02-07T23:15:19.817+0000] {logging_mixin.py:190} INFO -  Previous state of the Task instance: queued
[2025-02-07T23:15:19.819+0000] {logging_mixin.py:190} INFO - Current task name:check_directory state:running start_date:2025-02-07 23:15:18.040156+00:00
[2025-02-07T23:15:19.828+0000] {logging_mixin.py:190} INFO - Dag name:directory_and_file_verification_dag and current dag run status:running
[2025-02-07T23:15:19.845+0000] {taskinstance.py:731} INFO - ::endgroup::
[2025-02-07T23:15:19.848+0000] {baseoperator.py:421} WARNING - BranchPythonOperator.execute cannot be called outside TaskInstance!
[2025-02-07T23:15:19.868+0000] {logging_mixin.py:190} INFO - borusss ['in', 'logs', 'out', 'statu_date_execution.txt', 'succes_date_execution.txt', 'test', 'Écritures - Copie.csv.bak', 'Écritures comptables article.csv.bak', 'Écritures.csv.bak']
[2025-02-07T23:15:19.879+0000] {python.py:240} INFO - Done. Returned value was: check_file_in_directory
[2025-02-07T23:15:19.884+0000] {branch.py:38} INFO - Branch into check_file_in_directory
[2025-02-07T23:15:19.889+0000] {skipmixin.py:230} INFO - Following branch ('check_file_in_directory',)
[2025-02-07T23:15:19.976+0000] {skipmixin.py:278} INFO - Skipping tasks []
[2025-02-07T23:15:20.158+0000] {taskinstance.py:340} INFO - ::group::Post task execution logs
[2025-02-07T23:15:20.161+0000] {taskinstance.py:352} INFO - Marking task as SUCCESS. dag_id=directory_and_file_verification_dag, task_id=check_directory, run_id=scheduled__2025-02-07T12:00:00+00:00, execution_date=20250207T120000, start_date=20250207T231518, end_date=20250207T231520
[2025-02-07T23:15:20.326+0000] {logging_mixin.py:190} INFO - Task instance in success state
[2025-02-07T23:15:20.336+0000] {logging_mixin.py:190} INFO -  Previous state of the Task instance: running
[2025-02-07T23:15:20.353+0000] {logging_mixin.py:190} INFO - Dag name:directory_and_file_verification_dag queued_at:2025-02-07 23:14:52.050995+00:00
[2025-02-07T23:15:20.365+0000] {logging_mixin.py:190} INFO - Task hostname:003b7fbea265 operator:BranchPythonOperator
[2025-02-07T23:15:20.458+0000] {local_task_job_runner.py:266} INFO - Task exited with return code 0
[2025-02-07T23:15:20.633+0000] {taskinstance.py:3895} INFO - 1 downstream tasks scheduled from follow-on schedule check
[2025-02-07T23:15:20.647+0000] {local_task_job_runner.py:245} INFO - ::endgroup::
