[2025-02-07T22:42:36.246+0000] {local_task_job_runner.py:123} INFO - ::group::Pre task execution logs
[2025-02-07T22:42:36.721+0000] {taskinstance.py:2613} INFO - Dependencies all met for dep_context=non-requeueable deps ti=<TaskInstance: directory_and_file_verification_dag.check_file_in_directory scheduled__2025-02-07T11:00:00+00:00 [queued]>
[2025-02-07T22:42:36.796+0000] {taskinstance.py:2613} INFO - Dependencies all met for dep_context=requeueable deps ti=<TaskInstance: directory_and_file_verification_dag.check_file_in_directory scheduled__2025-02-07T11:00:00+00:00 [queued]>
[2025-02-07T22:42:36.799+0000] {taskinstance.py:2866} INFO - Starting attempt 1 of 1
[2025-02-07T22:42:36.859+0000] {taskinstance.py:2889} INFO - Executing <Task(BranchPythonOperator): check_file_in_directory> on 2025-02-07 11:00:00+00:00
[2025-02-07T22:42:36.878+0000] {warnings.py:112} WARNING - /home/***/.local/lib/python3.12/site-packages/***/task/task_runner/standard_task_runner.py:70: DeprecationWarning: This process (pid=20113) is multi-threaded, use of fork() may lead to deadlocks in the child.
  pid = os.fork()

[2025-02-07T22:42:36.881+0000] {standard_task_runner.py:72} INFO - Started process 20139 to run task
[2025-02-07T22:42:36.889+0000] {standard_task_runner.py:104} INFO - Running: ['***', 'tasks', 'run', 'directory_and_file_verification_dag', 'check_file_in_directory', 'scheduled__2025-02-07T11:00:00+00:00', '--job-id', '1071', '--raw', '--subdir', 'DAGS_FOLDER/my_directory_and_file_checker.py', '--cfg-path', '/tmp/tmpejp8x9n5']
[2025-02-07T22:42:36.892+0000] {standard_task_runner.py:105} INFO - Job 1071: Subtask check_file_in_directory
[2025-02-07T22:42:37.107+0000] {task_command.py:467} INFO - Running <TaskInstance: directory_and_file_verification_dag.check_file_in_directory scheduled__2025-02-07T11:00:00+00:00 [running]> on host 003b7fbea265
[2025-02-07T22:42:37.305+0000] {taskinstance.py:3132} INFO - Exporting env vars: AIRFLOW_CTX_DAG_OWNER='***' AIRFLOW_CTX_DAG_ID='directory_and_file_verification_dag' AIRFLOW_CTX_TASK_ID='check_file_in_directory' AIRFLOW_CTX_EXECUTION_DATE='2025-02-07T11:00:00+00:00' AIRFLOW_CTX_TRY_NUMBER='1' AIRFLOW_CTX_DAG_RUN_ID='scheduled__2025-02-07T11:00:00+00:00'
[2025-02-07T22:42:37.307+0000] {logging_mixin.py:190} INFO - Task instance is in running state
[2025-02-07T22:42:37.309+0000] {logging_mixin.py:190} INFO -  Previous state of the Task instance: queued
[2025-02-07T22:42:37.310+0000] {logging_mixin.py:190} INFO - Current task name:check_file_in_directory state:running start_date:2025-02-07 22:42:36.727299+00:00
[2025-02-07T22:42:37.311+0000] {logging_mixin.py:190} INFO - Dag name:directory_and_file_verification_dag and current dag run status:running
[2025-02-07T22:42:37.312+0000] {taskinstance.py:731} INFO - ::endgroup::
[2025-02-07T22:42:37.313+0000] {baseoperator.py:421} WARNING - BranchPythonOperator.execute cannot be called outside TaskInstance!
[2025-02-07T22:42:37.318+0000] {python.py:240} INFO - Done. Returned value was: end
[2025-02-07T22:42:37.323+0000] {branch.py:38} INFO - Branch into end
[2025-02-07T22:42:37.324+0000] {skipmixin.py:230} INFO - Following branch ('end',)
[2025-02-07T22:42:37.357+0000] {skipmixin.py:278} INFO - Skipping tasks [('verify_file_reliability', -1)]
[2025-02-07T22:42:37.421+0000] {taskinstance.py:340} INFO - ::group::Post task execution logs
[2025-02-07T22:42:37.422+0000] {taskinstance.py:352} INFO - Marking task as SUCCESS. dag_id=directory_and_file_verification_dag, task_id=check_file_in_directory, run_id=scheduled__2025-02-07T11:00:00+00:00, execution_date=20250207T110000, start_date=20250207T224236, end_date=20250207T224237
[2025-02-07T22:42:37.448+0000] {logging_mixin.py:190} INFO - Task instance in success state
[2025-02-07T22:42:37.449+0000] {logging_mixin.py:190} INFO -  Previous state of the Task instance: running
[2025-02-07T22:42:37.450+0000] {logging_mixin.py:190} INFO - Dag name:directory_and_file_verification_dag queued_at:2025-02-07 22:41:58.378358+00:00
[2025-02-07T22:42:37.451+0000] {logging_mixin.py:190} INFO - Task hostname:003b7fbea265 operator:BranchPythonOperator
[2025-02-07T22:42:37.518+0000] {local_task_job_runner.py:266} INFO - Task exited with return code 0
[2025-02-07T22:42:37.613+0000] {taskinstance.py:3895} INFO - 0 downstream tasks scheduled from follow-on schedule check
[2025-02-07T22:42:37.619+0000] {local_task_job_runner.py:245} INFO - ::endgroup::
[2025-02-07T22:43:59.250+0000] {local_task_job_runner.py:123} INFO - ::group::Pre task execution logs
[2025-02-07T22:43:59.772+0000] {taskinstance.py:2613} INFO - Dependencies all met for dep_context=non-requeueable deps ti=<TaskInstance: directory_and_file_verification_dag.check_file_in_directory scheduled__2025-02-07T11:00:00+00:00 [queued]>
[2025-02-07T22:43:59.813+0000] {taskinstance.py:2613} INFO - Dependencies all met for dep_context=requeueable deps ti=<TaskInstance: directory_and_file_verification_dag.check_file_in_directory scheduled__2025-02-07T11:00:00+00:00 [queued]>
[2025-02-07T22:43:59.815+0000] {taskinstance.py:2866} INFO - Starting attempt 1 of 1
[2025-02-07T22:43:59.872+0000] {taskinstance.py:2889} INFO - Executing <Task(BranchPythonOperator): check_file_in_directory> on 2025-02-07 11:00:00+00:00
[2025-02-07T22:43:59.891+0000] {warnings.py:112} WARNING - /home/***/.local/lib/python3.12/site-packages/***/task/task_runner/standard_task_runner.py:70: DeprecationWarning: This process (pid=20295) is multi-threaded, use of fork() may lead to deadlocks in the child.
  pid = os.fork()

[2025-02-07T22:43:59.893+0000] {standard_task_runner.py:72} INFO - Started process 20329 to run task
[2025-02-07T22:43:59.904+0000] {standard_task_runner.py:104} INFO - Running: ['***', 'tasks', 'run', 'directory_and_file_verification_dag', 'check_file_in_directory', 'scheduled__2025-02-07T11:00:00+00:00', '--job-id', '1112', '--raw', '--subdir', 'DAGS_FOLDER/my_directory_and_file_checker.py', '--cfg-path', '/tmp/tmpcgkq53qm']
[2025-02-07T22:43:59.906+0000] {standard_task_runner.py:105} INFO - Job 1112: Subtask check_file_in_directory
[2025-02-07T22:44:00.089+0000] {task_command.py:467} INFO - Running <TaskInstance: directory_and_file_verification_dag.check_file_in_directory scheduled__2025-02-07T11:00:00+00:00 [running]> on host 003b7fbea265
[2025-02-07T22:44:00.312+0000] {taskinstance.py:3132} INFO - Exporting env vars: AIRFLOW_CTX_DAG_OWNER='***' AIRFLOW_CTX_DAG_ID='directory_and_file_verification_dag' AIRFLOW_CTX_TASK_ID='check_file_in_directory' AIRFLOW_CTX_EXECUTION_DATE='2025-02-07T11:00:00+00:00' AIRFLOW_CTX_TRY_NUMBER='1' AIRFLOW_CTX_DAG_RUN_ID='scheduled__2025-02-07T11:00:00+00:00'
[2025-02-07T22:44:00.317+0000] {logging_mixin.py:190} INFO - Task instance is in running state
[2025-02-07T22:44:00.318+0000] {logging_mixin.py:190} INFO -  Previous state of the Task instance: queued
[2025-02-07T22:44:00.319+0000] {logging_mixin.py:190} INFO - Current task name:check_file_in_directory state:running start_date:2025-02-07 22:43:59.773821+00:00
[2025-02-07T22:44:00.320+0000] {logging_mixin.py:190} INFO - Dag name:directory_and_file_verification_dag and current dag run status:running
[2025-02-07T22:44:00.320+0000] {taskinstance.py:731} INFO - ::endgroup::
[2025-02-07T22:44:00.323+0000] {baseoperator.py:421} WARNING - BranchPythonOperator.execute cannot be called outside TaskInstance!
[2025-02-07T22:44:00.331+0000] {python.py:240} INFO - Done. Returned value was: end
[2025-02-07T22:44:00.332+0000] {branch.py:38} INFO - Branch into end
[2025-02-07T22:44:00.334+0000] {skipmixin.py:230} INFO - Following branch ('end',)
[2025-02-07T22:44:00.383+0000] {skipmixin.py:278} INFO - Skipping tasks [('verify_file_reliability', -1)]
[2025-02-07T22:44:00.496+0000] {taskinstance.py:340} INFO - ::group::Post task execution logs
[2025-02-07T22:44:00.521+0000] {taskinstance.py:352} INFO - Marking task as SUCCESS. dag_id=directory_and_file_verification_dag, task_id=check_file_in_directory, run_id=scheduled__2025-02-07T11:00:00+00:00, execution_date=20250207T110000, start_date=20250207T224359, end_date=20250207T224400
[2025-02-07T22:44:00.556+0000] {logging_mixin.py:190} INFO - Task instance in success state
[2025-02-07T22:44:00.560+0000] {logging_mixin.py:190} INFO -  Previous state of the Task instance: running
[2025-02-07T22:44:00.562+0000] {logging_mixin.py:190} INFO - Dag name:directory_and_file_verification_dag queued_at:2025-02-07 22:43:29.674537+00:00
[2025-02-07T22:44:00.570+0000] {logging_mixin.py:190} INFO - Task hostname:003b7fbea265 operator:BranchPythonOperator
[2025-02-07T22:44:00.631+0000] {local_task_job_runner.py:266} INFO - Task exited with return code 0
[2025-02-07T22:44:00.695+0000] {taskinstance.py:3895} INFO - 0 downstream tasks scheduled from follow-on schedule check
[2025-02-07T22:44:00.707+0000] {local_task_job_runner.py:245} INFO - ::endgroup::
[2025-02-07T23:12:03.453+0000] {local_task_job_runner.py:123} INFO - ::group::Pre task execution logs
[2025-02-07T23:12:03.865+0000] {taskinstance.py:2613} INFO - Dependencies all met for dep_context=non-requeueable deps ti=<TaskInstance: directory_and_file_verification_dag.check_file_in_directory scheduled__2025-02-07T11:00:00+00:00 [queued]>
[2025-02-07T23:12:03.922+0000] {taskinstance.py:2613} INFO - Dependencies all met for dep_context=requeueable deps ti=<TaskInstance: directory_and_file_verification_dag.check_file_in_directory scheduled__2025-02-07T11:00:00+00:00 [queued]>
[2025-02-07T23:12:03.923+0000] {taskinstance.py:2866} INFO - Starting attempt 1 of 1
[2025-02-07T23:12:04.005+0000] {taskinstance.py:2889} INFO - Executing <Task(BranchPythonOperator): check_file_in_directory> on 2025-02-07 11:00:00+00:00
[2025-02-07T23:12:04.029+0000] {warnings.py:112} WARNING - /home/***/.local/lib/python3.12/site-packages/***/task/task_runner/standard_task_runner.py:70: DeprecationWarning: This process (pid=20878) is multi-threaded, use of fork() may lead to deadlocks in the child.
  pid = os.fork()

[2025-02-07T23:12:04.033+0000] {standard_task_runner.py:72} INFO - Started process 20889 to run task
[2025-02-07T23:12:04.041+0000] {standard_task_runner.py:104} INFO - Running: ['***', 'tasks', 'run', 'directory_and_file_verification_dag', 'check_file_in_directory', 'scheduled__2025-02-07T11:00:00+00:00', '--job-id', '1163', '--raw', '--subdir', 'DAGS_FOLDER/my_directory_and_file_checker.py', '--cfg-path', '/tmp/tmpjnp_srrs']
[2025-02-07T23:12:04.044+0000] {standard_task_runner.py:105} INFO - Job 1163: Subtask check_file_in_directory
[2025-02-07T23:12:04.193+0000] {task_command.py:467} INFO - Running <TaskInstance: directory_and_file_verification_dag.check_file_in_directory scheduled__2025-02-07T11:00:00+00:00 [running]> on host 003b7fbea265
[2025-02-07T23:12:04.486+0000] {taskinstance.py:3132} INFO - Exporting env vars: AIRFLOW_CTX_DAG_OWNER='***' AIRFLOW_CTX_DAG_ID='directory_and_file_verification_dag' AIRFLOW_CTX_TASK_ID='check_file_in_directory' AIRFLOW_CTX_EXECUTION_DATE='2025-02-07T11:00:00+00:00' AIRFLOW_CTX_TRY_NUMBER='1' AIRFLOW_CTX_DAG_RUN_ID='scheduled__2025-02-07T11:00:00+00:00'
[2025-02-07T23:12:04.494+0000] {logging_mixin.py:190} INFO - Task instance is in running state
[2025-02-07T23:12:04.495+0000] {logging_mixin.py:190} INFO -  Previous state of the Task instance: queued
[2025-02-07T23:12:04.496+0000] {logging_mixin.py:190} INFO - Current task name:check_file_in_directory state:running start_date:2025-02-07 23:12:03.874669+00:00
[2025-02-07T23:12:04.498+0000] {logging_mixin.py:190} INFO - Dag name:directory_and_file_verification_dag and current dag run status:running
[2025-02-07T23:12:04.508+0000] {taskinstance.py:731} INFO - ::endgroup::
[2025-02-07T23:12:04.513+0000] {baseoperator.py:421} WARNING - BranchPythonOperator.execute cannot be called outside TaskInstance!
[2025-02-07T23:12:04.517+0000] {python.py:240} INFO - Done. Returned value was: end
[2025-02-07T23:12:04.518+0000] {branch.py:38} INFO - Branch into end
[2025-02-07T23:12:04.524+0000] {skipmixin.py:230} INFO - Following branch ('end',)
[2025-02-07T23:12:04.552+0000] {skipmixin.py:278} INFO - Skipping tasks [('verify_file_reliability', -1)]
[2025-02-07T23:12:04.669+0000] {taskinstance.py:340} INFO - ::group::Post task execution logs
[2025-02-07T23:12:04.672+0000] {taskinstance.py:352} INFO - Marking task as SUCCESS. dag_id=directory_and_file_verification_dag, task_id=check_file_in_directory, run_id=scheduled__2025-02-07T11:00:00+00:00, execution_date=20250207T110000, start_date=20250207T231203, end_date=20250207T231204
[2025-02-07T23:12:04.698+0000] {logging_mixin.py:190} INFO - Task instance in success state
[2025-02-07T23:12:04.701+0000] {logging_mixin.py:190} INFO -  Previous state of the Task instance: running
[2025-02-07T23:12:04.708+0000] {logging_mixin.py:190} INFO - Dag name:directory_and_file_verification_dag queued_at:2025-02-07 23:11:23.526049+00:00
[2025-02-07T23:12:04.711+0000] {logging_mixin.py:190} INFO - Task hostname:003b7fbea265 operator:BranchPythonOperator
[2025-02-07T23:12:04.790+0000] {local_task_job_runner.py:266} INFO - Task exited with return code 0
[2025-02-07T23:12:04.867+0000] {taskinstance.py:3895} INFO - 0 downstream tasks scheduled from follow-on schedule check
[2025-02-07T23:12:04.880+0000] {local_task_job_runner.py:245} INFO - ::endgroup::
