[2025-02-07T06:56:04.308+0000] {local_task_job_runner.py:123} INFO - ::group::Pre task execution logs
[2025-02-07T06:56:04.328+0000] {taskinstance.py:2613} INFO - Dependencies all met for dep_context=non-requeueable deps ti=<TaskInstance: directory_and_file_verification_dag.verify_file_reliability manual__2025-02-07T06:55:56.258813+00:00 [queued]>
[2025-02-07T06:56:04.341+0000] {taskinstance.py:2613} INFO - Dependencies all met for dep_context=requeueable deps ti=<TaskInstance: directory_and_file_verification_dag.verify_file_reliability manual__2025-02-07T06:55:56.258813+00:00 [queued]>
[2025-02-07T06:56:04.342+0000] {taskinstance.py:2866} INFO - Starting attempt 1 of 1
[2025-02-07T06:56:04.356+0000] {taskinstance.py:2889} INFO - Executing <Task(BranchPythonOperator): verify_file_reliability> on 2025-02-07 06:55:56.258813+00:00
[2025-02-07T06:56:04.363+0000] {warnings.py:112} WARNING - /home/***/.local/lib/python3.12/site-packages/***/task/task_runner/standard_task_runner.py:70: DeprecationWarning: This process (pid=10574) is multi-threaded, use of fork() may lead to deadlocks in the child.
  pid = os.fork()

[2025-02-07T06:56:04.365+0000] {standard_task_runner.py:72} INFO - Started process 10576 to run task
[2025-02-07T06:56:04.366+0000] {standard_task_runner.py:104} INFO - Running: ['***', 'tasks', 'run', 'directory_and_file_verification_dag', 'verify_file_reliability', 'manual__2025-02-07T06:55:56.258813+00:00', '--job-id', '775', '--raw', '--subdir', 'DAGS_FOLDER/my_directory_and_file_checker.py', '--cfg-path', '/tmp/tmpd5ankam7']
[2025-02-07T06:56:04.368+0000] {standard_task_runner.py:105} INFO - Job 775: Subtask verify_file_reliability
[2025-02-07T06:56:04.412+0000] {task_command.py:467} INFO - Running <TaskInstance: directory_and_file_verification_dag.verify_file_reliability manual__2025-02-07T06:55:56.258813+00:00 [running]> on host 003b7fbea265
[2025-02-07T06:56:04.666+0000] {taskinstance.py:3132} INFO - Exporting env vars: AIRFLOW_CTX_DAG_OWNER='***' AIRFLOW_CTX_DAG_ID='directory_and_file_verification_dag' AIRFLOW_CTX_TASK_ID='verify_file_reliability' AIRFLOW_CTX_EXECUTION_DATE='2025-02-07T06:55:56.258813+00:00' AIRFLOW_CTX_TRY_NUMBER='1' AIRFLOW_CTX_DAG_RUN_ID='manual__2025-02-07T06:55:56.258813+00:00'
[2025-02-07T06:56:04.667+0000] {logging_mixin.py:190} INFO - Task instance is in running state
[2025-02-07T06:56:04.668+0000] {logging_mixin.py:190} INFO -  Previous state of the Task instance: queued
[2025-02-07T06:56:04.669+0000] {logging_mixin.py:190} INFO - Current task name:verify_file_reliability state:running start_date:2025-02-07 06:56:04.329353+00:00
[2025-02-07T06:56:04.669+0000] {logging_mixin.py:190} INFO - Dag name:directory_and_file_verification_dag and current dag run status:running
[2025-02-07T06:56:04.670+0000] {taskinstance.py:731} INFO - ::endgroup::
[2025-02-07T06:56:04.671+0000] {baseoperator.py:421} WARNING - BranchPythonOperator.execute cannot be called outside TaskInstance!
[2025-02-07T06:56:04.682+0000] {my_directory_and_file_checker.py:101} ERROR - ❌ Erreur d'encodage (utf-8) pour Écritures.csv: 'utf-8' codec can't decode byte 0xb0 in position 1: invalid start byte
[2025-02-07T06:56:04.690+0000] {logging_mixin.py:190} INFO - 
📂 Contenu du fichier (ISO-8859-1): Écritures.csv
[2025-02-07T06:56:04.696+0000] {logging_mixin.py:190} INFO -   Date comptabilisation       N° lot Type écriture
0            31/12/2024  A-BNDK 2304    Production
1            31/12/2024  B-BNDK 2304    Production
2            31/12/2024  D-BNDK 2304    Production
3            31/12/2024  E-BNDK 2304    Production
[2025-02-07T06:56:04.703+0000] {logging_mixin.py:190} INFO - borisPanda3 <class 'pandas.core.frame.DataFrame'>   Accounting_Date   Lot_Number Type_ecriture
0      31/12/2024  A-BNDK 2304    Production
1      31/12/2024  B-BNDK 2304    Production
2      31/12/2024  D-BNDK 2304    Production
3      31/12/2024  E-BNDK 2304    Production
[2025-02-07T06:56:04.735+0000] {logging_mixin.py:190} INFO - ✅Lignes  ('✅ Le fichier respecte les colonnes attendues et les types de données.', True) 4
[2025-02-07T06:56:04.739+0000] {logging_mixin.py:190} INFO - merci
[2025-02-07T06:56:04.748+0000] {base.py:84} INFO - Retrieving connection 'mysql_conn'
[2025-02-07T06:56:04.763+0000] {logging_mixin.py:190} INFO - (('attendancedb',), ('caprostockdb',), ('information_schema',), ('mysql',), ('netvision_db',), ('performance_schema',), ('pointing_db',), ('posgpt_db',), ('pythondb',), ('sys',), ('testimportdb',))
[2025-02-07T06:56:04.766+0000] {logging_mixin.py:190} INFO - rrrrrrrrrr [('2024-12-31', 'A-BNDK 2304', 'Production'), ('2024-12-31', 'B-BNDK 2304', 'Production'), ('2024-12-31', 'D-BNDK 2304', 'Production'), ('2024-12-31', 'E-BNDK 2304', 'Production')]
[2025-02-07T06:56:04.777+0000] {sql.py:694} INFO - Done loading. Loaded a total of 4 rows into temp_ecc
[2025-02-07T06:56:04.777+0000] {logging_mixin.py:190} INFO - connexion sql echoue
[2025-02-07T06:56:04.778+0000] {python.py:240} INFO - Done. Returned value was: None
[2025-02-07T06:56:04.778+0000] {branch.py:38} INFO - Branch into None
[2025-02-07T06:56:04.779+0000] {skipmixin.py:230} INFO - Following branch ()
[2025-02-07T06:56:04.788+0000] {skipmixin.py:278} INFO - Skipping tasks [('end', -1)]
[2025-02-07T06:56:04.806+0000] {taskinstance.py:340} INFO - ::group::Post task execution logs
[2025-02-07T06:56:04.806+0000] {taskinstance.py:352} INFO - Marking task as SUCCESS. dag_id=directory_and_file_verification_dag, task_id=verify_file_reliability, run_id=manual__2025-02-07T06:55:56.258813+00:00, execution_date=20250207T065556, start_date=20250207T065604, end_date=20250207T065604
[2025-02-07T06:56:04.815+0000] {logging_mixin.py:190} INFO - Task instance in success state
[2025-02-07T06:56:04.816+0000] {logging_mixin.py:190} INFO -  Previous state of the Task instance: running
[2025-02-07T06:56:04.816+0000] {logging_mixin.py:190} INFO - Dag name:directory_and_file_verification_dag queued_at:2025-02-07 06:55:56.372875+00:00
[2025-02-07T06:56:04.817+0000] {logging_mixin.py:190} INFO - Task hostname:003b7fbea265 operator:BranchPythonOperator
[2025-02-07T06:56:04.861+0000] {local_task_job_runner.py:266} INFO - Task exited with return code 0
[2025-02-07T06:56:04.877+0000] {taskinstance.py:3895} INFO - 0 downstream tasks scheduled from follow-on schedule check
[2025-02-07T06:56:04.880+0000] {local_task_job_runner.py:245} INFO - ::endgroup::
