[2025-02-09T21:03:02.119+0000] {local_task_job_runner.py:123} INFO - ::group::Pre task execution logs
[2025-02-09T21:03:02.187+0000] {taskinstance.py:2613} INFO - Dependencies all met for dep_context=non-requeueable deps ti=<TaskInstance: directory_and_file_verification_dag.check_directory manual__2025-02-09T21:02:53.464118+00:00 [queued]>
[2025-02-09T21:03:02.218+0000] {taskinstance.py:2613} INFO - Dependencies all met for dep_context=requeueable deps ti=<TaskInstance: directory_and_file_verification_dag.check_directory manual__2025-02-09T21:02:53.464118+00:00 [queued]>
[2025-02-09T21:03:02.220+0000] {taskinstance.py:2866} INFO - Starting attempt 1 of 1
[2025-02-09T21:03:02.933+0000] {taskinstance.py:2889} INFO - Executing <Task(BranchPythonOperator): check_directory> on 2025-02-09 21:02:53.464118+00:00
[2025-02-09T21:03:03.011+0000] {warnings.py:112} WARNING - /home/***/.local/lib/python3.12/site-packages/***/task/task_runner/standard_task_runner.py:70: DeprecationWarning: This process (pid=3054) is multi-threaded, use of fork() may lead to deadlocks in the child.
  pid = os.fork()

[2025-02-09T21:03:03.025+0000] {standard_task_runner.py:72} INFO - Started process 3063 to run task
[2025-02-09T21:03:03.017+0000] {standard_task_runner.py:104} INFO - Running: ['***', 'tasks', 'run', 'directory_and_file_verification_dag', 'check_directory', 'manual__2025-02-09T21:02:53.464118+00:00', '--job-id', '95', '--raw', '--subdir', 'DAGS_FOLDER/my_directory_and_file_checker.py', '--cfg-path', '/tmp/tmpyksl6gax']
[2025-02-09T21:03:03.032+0000] {standard_task_runner.py:105} INFO - Job 95: Subtask check_directory
[2025-02-09T21:03:03.511+0000] {task_command.py:467} INFO - Running <TaskInstance: directory_and_file_verification_dag.check_directory manual__2025-02-09T21:02:53.464118+00:00 [running]> on host b6443be51f35
[2025-02-09T21:03:03.940+0000] {taskinstance.py:3132} INFO - Exporting env vars: AIRFLOW_CTX_DAG_OWNER='***' AIRFLOW_CTX_DAG_ID='directory_and_file_verification_dag' AIRFLOW_CTX_TASK_ID='check_directory' AIRFLOW_CTX_EXECUTION_DATE='2025-02-09T21:02:53.464118+00:00' AIRFLOW_CTX_TRY_NUMBER='1' AIRFLOW_CTX_DAG_RUN_ID='manual__2025-02-09T21:02:53.464118+00:00'
[2025-02-09T21:03:03.954+0000] {logging_mixin.py:190} INFO - Task instance is in running state
[2025-02-09T21:03:03.955+0000] {logging_mixin.py:190} INFO -  Previous state of the Task instance: queued
[2025-02-09T21:03:03.970+0000] {logging_mixin.py:190} INFO - Current task name:check_directory state:running start_date:2025-02-09 21:03:02.190237+00:00
[2025-02-09T21:03:03.972+0000] {logging_mixin.py:190} INFO - Dag name:directory_and_file_verification_dag and current dag run status:running
[2025-02-09T21:03:03.973+0000] {taskinstance.py:731} INFO - ::endgroup::
[2025-02-09T21:03:03.975+0000] {baseoperator.py:421} WARNING - BranchPythonOperator.execute cannot be called outside TaskInstance!
[2025-02-09T21:03:03.978+0000] {python.py:240} INFO - Done. Returned value was: check_file_in_directory
[2025-02-09T21:03:03.980+0000] {branch.py:38} INFO - Branch into check_file_in_directory
[2025-02-09T21:03:03.981+0000] {skipmixin.py:230} INFO - Following branch ('check_file_in_directory',)
[2025-02-09T21:03:04.051+0000] {skipmixin.py:278} INFO - Skipping tasks []
[2025-02-09T21:03:04.216+0000] {taskinstance.py:340} INFO - ::group::Post task execution logs
[2025-02-09T21:03:04.242+0000] {taskinstance.py:352} INFO - Marking task as SUCCESS. dag_id=directory_and_file_verification_dag, task_id=check_directory, run_id=manual__2025-02-09T21:02:53.464118+00:00, execution_date=20250209T210253, start_date=20250209T210302, end_date=20250209T210304
[2025-02-09T21:03:04.286+0000] {logging_mixin.py:190} INFO - Task instance in success state
[2025-02-09T21:03:04.318+0000] {logging_mixin.py:190} INFO -  Previous state of the Task instance: running
[2025-02-09T21:03:04.431+0000] {logging_mixin.py:190} INFO - Dag name:directory_and_file_verification_dag queued_at:2025-02-09 21:02:53.521555+00:00
[2025-02-09T21:03:04.483+0000] {logging_mixin.py:190} INFO - Task hostname:b6443be51f35 operator:BranchPythonOperator
[2025-02-09T21:03:04.643+0000] {local_task_job_runner.py:266} INFO - Task exited with return code 0
[2025-02-09T21:03:04.691+0000] {local_task_job_runner.py:245} INFO - ::endgroup::
