[2025-02-10T22:35:02.092+0000] {local_task_job_runner.py:123} INFO - ::group::Pre task execution logs
[2025-02-10T22:35:02.223+0000] {taskinstance.py:2613} INFO - Dependencies all met for dep_context=non-requeueable deps ti=<TaskInstance: IMPORTATION_ECRITURE_COMPTABLES_ARTICLE_dag.check_directory scheduled__2025-02-10T22:34:00+00:00 [queued]>
[2025-02-10T22:35:02.231+0000] {taskinstance.py:2613} INFO - Dependencies all met for dep_context=requeueable deps ti=<TaskInstance: IMPORTATION_ECRITURE_COMPTABLES_ARTICLE_dag.check_directory scheduled__2025-02-10T22:34:00+00:00 [queued]>
[2025-02-10T22:35:02.232+0000] {taskinstance.py:2866} INFO - Starting attempt 1 of 2
[2025-02-10T22:35:02.243+0000] {taskinstance.py:2889} INFO - Executing <Task(BranchPythonOperator): check_directory> on 2025-02-10 22:34:00+00:00
[2025-02-10T22:35:02.248+0000] {warnings.py:112} WARNING - /home/***/.local/lib/python3.12/site-packages/***/task/task_runner/standard_task_runner.py:70: DeprecationWarning: This process (pid=353) is multi-threaded, use of fork() may lead to deadlocks in the child.
  pid = os.fork()

[2025-02-10T22:35:02.249+0000] {standard_task_runner.py:72} INFO - Started process 355 to run task
[2025-02-10T22:35:02.250+0000] {standard_task_runner.py:104} INFO - Running: ['***', 'tasks', 'run', 'IMPORTATION_ECRITURE_COMPTABLES_ARTICLE_dag', 'check_directory', 'scheduled__2025-02-10T22:34:00+00:00', '--job-id', '1257', '--raw', '--subdir', 'DAGS_FOLDER/my_directory_and_file_checker.py', '--cfg-path', '/tmp/tmp79z7wv6e']
[2025-02-10T22:35:02.251+0000] {standard_task_runner.py:105} INFO - Job 1257: Subtask check_directory
[2025-02-10T22:35:02.290+0000] {task_command.py:467} INFO - Running <TaskInstance: IMPORTATION_ECRITURE_COMPTABLES_ARTICLE_dag.check_directory scheduled__2025-02-10T22:34:00+00:00 [running]> on host b6443be51f35
[2025-02-10T22:35:02.362+0000] {taskinstance.py:3132} INFO - Exporting env vars: AIRFLOW_CTX_DAG_OWNER='***' AIRFLOW_CTX_DAG_ID='IMPORTATION_ECRITURE_COMPTABLES_ARTICLE_dag' AIRFLOW_CTX_TASK_ID='check_directory' AIRFLOW_CTX_EXECUTION_DATE='2025-02-10T22:34:00+00:00' AIRFLOW_CTX_TRY_NUMBER='1' AIRFLOW_CTX_DAG_RUN_ID='scheduled__2025-02-10T22:34:00+00:00'
[2025-02-10T22:35:02.364+0000] {logging_mixin.py:190} INFO - Task instance is in running state
[2025-02-10T22:35:02.365+0000] {logging_mixin.py:190} INFO -  Previous state of the Task instance: queued
[2025-02-10T22:35:02.365+0000] {logging_mixin.py:190} INFO - Current task name:check_directory state:running start_date:2025-02-10 22:35:02.224220+00:00
[2025-02-10T22:35:02.365+0000] {logging_mixin.py:190} INFO - Dag name:IMPORTATION_ECRITURE_COMPTABLES_ARTICLE_dag and current dag run status:running
[2025-02-10T22:35:02.366+0000] {taskinstance.py:731} INFO - ::endgroup::
[2025-02-10T22:35:02.366+0000] {baseoperator.py:421} WARNING - BranchPythonOperator.execute cannot be called outside TaskInstance!
[2025-02-10T22:35:02.368+0000] {python.py:240} INFO - Done. Returned value was: check_file_in_directory
[2025-02-10T22:35:02.368+0000] {branch.py:38} INFO - Branch into check_file_in_directory
[2025-02-10T22:35:02.369+0000] {skipmixin.py:230} INFO - Following branch ('check_file_in_directory',)
[2025-02-10T22:35:02.378+0000] {skipmixin.py:278} INFO - Skipping tasks []
[2025-02-10T22:35:02.401+0000] {taskinstance.py:340} INFO - ::group::Post task execution logs
[2025-02-10T22:35:02.402+0000] {taskinstance.py:352} INFO - Marking task as SUCCESS. dag_id=IMPORTATION_ECRITURE_COMPTABLES_ARTICLE_dag, task_id=check_directory, run_id=scheduled__2025-02-10T22:34:00+00:00, execution_date=20250210T223400, start_date=20250210T223502, end_date=20250210T223502
[2025-02-10T22:35:02.413+0000] {logging_mixin.py:190} INFO - Task instance in success state
[2025-02-10T22:35:02.413+0000] {logging_mixin.py:190} INFO -  Previous state of the Task instance: running
[2025-02-10T22:35:02.414+0000] {logging_mixin.py:190} INFO - Dag name:IMPORTATION_ECRITURE_COMPTABLES_ARTICLE_dag queued_at:2025-02-10 22:35:00.759767+00:00
[2025-02-10T22:35:02.414+0000] {logging_mixin.py:190} INFO - Task hostname:b6443be51f35 operator:BranchPythonOperator
[2025-02-10T22:35:02.425+0000] {local_task_job_runner.py:266} INFO - Task exited with return code 0
[2025-02-10T22:35:02.455+0000] {taskinstance.py:3895} INFO - 1 downstream tasks scheduled from follow-on schedule check
[2025-02-10T22:35:02.459+0000] {local_task_job_runner.py:245} INFO - ::endgroup::
[2025-02-10T22:35:34.409+0000] {local_task_job_runner.py:123} INFO - ::group::Pre task execution logs
[2025-02-10T22:35:34.445+0000] {taskinstance.py:2613} INFO - Dependencies all met for dep_context=non-requeueable deps ti=<TaskInstance: IMPORTATION_ECRITURE_COMPTABLES_ARTICLE_dag.check_directory scheduled__2025-02-10T22:34:00+00:00 [queued]>
[2025-02-10T22:35:34.462+0000] {taskinstance.py:2613} INFO - Dependencies all met for dep_context=requeueable deps ti=<TaskInstance: IMPORTATION_ECRITURE_COMPTABLES_ARTICLE_dag.check_directory scheduled__2025-02-10T22:34:00+00:00 [queued]>
[2025-02-10T22:35:34.463+0000] {taskinstance.py:2866} INFO - Starting attempt 1 of 2
[2025-02-10T22:35:34.705+0000] {taskinstance.py:2889} INFO - Executing <Task(BranchPythonOperator): check_directory> on 2025-02-10 22:34:00+00:00
[2025-02-10T22:35:34.713+0000] {warnings.py:112} WARNING - /home/***/.local/lib/python3.12/site-packages/***/task/task_runner/standard_task_runner.py:70: DeprecationWarning: This process (pid=381) is multi-threaded, use of fork() may lead to deadlocks in the child.
  pid = os.fork()

[2025-02-10T22:35:34.715+0000] {standard_task_runner.py:72} INFO - Started process 384 to run task
[2025-02-10T22:35:34.716+0000] {standard_task_runner.py:104} INFO - Running: ['***', 'tasks', 'run', 'IMPORTATION_ECRITURE_COMPTABLES_ARTICLE_dag', 'check_directory', 'scheduled__2025-02-10T22:34:00+00:00', '--job-id', '1263', '--raw', '--subdir', 'DAGS_FOLDER/my_directory_and_file_checker.py', '--cfg-path', '/tmp/tmpq96gtigm']
[2025-02-10T22:35:34.718+0000] {standard_task_runner.py:105} INFO - Job 1263: Subtask check_directory
[2025-02-10T22:35:34.781+0000] {task_command.py:467} INFO - Running <TaskInstance: IMPORTATION_ECRITURE_COMPTABLES_ARTICLE_dag.check_directory scheduled__2025-02-10T22:34:00+00:00 [running]> on host b6443be51f35
[2025-02-10T22:35:34.872+0000] {taskinstance.py:3132} INFO - Exporting env vars: AIRFLOW_CTX_DAG_OWNER='***' AIRFLOW_CTX_DAG_ID='IMPORTATION_ECRITURE_COMPTABLES_ARTICLE_dag' AIRFLOW_CTX_TASK_ID='check_directory' AIRFLOW_CTX_EXECUTION_DATE='2025-02-10T22:34:00+00:00' AIRFLOW_CTX_TRY_NUMBER='1' AIRFLOW_CTX_DAG_RUN_ID='scheduled__2025-02-10T22:34:00+00:00'
[2025-02-10T22:35:34.874+0000] {logging_mixin.py:190} INFO - Task instance is in running state
[2025-02-10T22:35:34.875+0000] {logging_mixin.py:190} INFO -  Previous state of the Task instance: queued
[2025-02-10T22:35:34.876+0000] {logging_mixin.py:190} INFO - Current task name:check_directory state:running start_date:2025-02-10 22:35:34.446016+00:00
[2025-02-10T22:35:34.877+0000] {logging_mixin.py:190} INFO - Dag name:IMPORTATION_ECRITURE_COMPTABLES_ARTICLE_dag and current dag run status:running
[2025-02-10T22:35:34.878+0000] {taskinstance.py:731} INFO - ::endgroup::
[2025-02-10T22:35:34.879+0000] {baseoperator.py:421} WARNING - BranchPythonOperator.execute cannot be called outside TaskInstance!
[2025-02-10T22:35:34.880+0000] {python.py:240} INFO - Done. Returned value was: check_file_in_directory
[2025-02-10T22:35:34.881+0000] {branch.py:38} INFO - Branch into check_file_in_directory
[2025-02-10T22:35:34.881+0000] {skipmixin.py:230} INFO - Following branch ('check_file_in_directory',)
[2025-02-10T22:35:34.899+0000] {skipmixin.py:278} INFO - Skipping tasks []
[2025-02-10T22:35:34.934+0000] {taskinstance.py:340} INFO - ::group::Post task execution logs
[2025-02-10T22:35:34.935+0000] {taskinstance.py:352} INFO - Marking task as SUCCESS. dag_id=IMPORTATION_ECRITURE_COMPTABLES_ARTICLE_dag, task_id=check_directory, run_id=scheduled__2025-02-10T22:34:00+00:00, execution_date=20250210T223400, start_date=20250210T223534, end_date=20250210T223534
[2025-02-10T22:35:34.949+0000] {logging_mixin.py:190} INFO - Task instance in success state
[2025-02-10T22:35:34.949+0000] {logging_mixin.py:190} INFO -  Previous state of the Task instance: running
[2025-02-10T22:35:34.950+0000] {logging_mixin.py:190} INFO - Dag name:IMPORTATION_ECRITURE_COMPTABLES_ARTICLE_dag queued_at:2025-02-10 22:35:31.126823+00:00
[2025-02-10T22:35:34.950+0000] {logging_mixin.py:190} INFO - Task hostname:b6443be51f35 operator:BranchPythonOperator
[2025-02-10T22:35:34.972+0000] {local_task_job_runner.py:266} INFO - Task exited with return code 0
[2025-02-10T22:35:35.015+0000] {taskinstance.py:3895} INFO - 1 downstream tasks scheduled from follow-on schedule check
[2025-02-10T22:35:35.018+0000] {local_task_job_runner.py:245} INFO - ::endgroup::
