[2025-02-10T16:59:07.650+0000] {local_task_job_runner.py:123} INFO - ::group::Pre task execution logs
[2025-02-10T16:59:07.787+0000] {taskinstance.py:2613} INFO - Dependencies all met for dep_context=non-requeueable deps ti=<TaskInstance: IMPORTATION_ECRITURE_COMPTABLES_ARTICLE_dag.verify_file_reliability scheduled__2025-02-10T16:58:00+00:00 [queued]>
[2025-02-10T16:59:07.797+0000] {taskinstance.py:2613} INFO - Dependencies all met for dep_context=requeueable deps ti=<TaskInstance: IMPORTATION_ECRITURE_COMPTABLES_ARTICLE_dag.verify_file_reliability scheduled__2025-02-10T16:58:00+00:00 [queued]>
[2025-02-10T16:59:07.798+0000] {taskinstance.py:2866} INFO - Starting attempt 1 of 2
[2025-02-10T16:59:07.814+0000] {taskinstance.py:2889} INFO - Executing <Task(BranchPythonOperator): verify_file_reliability> on 2025-02-10 16:58:00+00:00
[2025-02-10T16:59:07.820+0000] {warnings.py:112} WARNING - /home/***/.local/lib/python3.12/site-packages/***/task/task_runner/standard_task_runner.py:70: DeprecationWarning: This process (pid=9177) is multi-threaded, use of fork() may lead to deadlocks in the child.
  pid = os.fork()

[2025-02-10T16:59:07.822+0000] {standard_task_runner.py:72} INFO - Started process 9179 to run task
[2025-02-10T16:59:07.822+0000] {standard_task_runner.py:104} INFO - Running: ['***', 'tasks', 'run', 'IMPORTATION_ECRITURE_COMPTABLES_ARTICLE_dag', 'verify_file_reliability', 'scheduled__2025-02-10T16:58:00+00:00', '--job-id', '653', '--raw', '--subdir', 'DAGS_FOLDER/my_directory_and_file_checker.py', '--cfg-path', '/tmp/tmpynpm_0ny']
[2025-02-10T16:59:07.824+0000] {standard_task_runner.py:105} INFO - Job 653: Subtask verify_file_reliability
[2025-02-10T16:59:07.873+0000] {task_command.py:467} INFO - Running <TaskInstance: IMPORTATION_ECRITURE_COMPTABLES_ARTICLE_dag.verify_file_reliability scheduled__2025-02-10T16:58:00+00:00 [running]> on host b6443be51f35
[2025-02-10T16:59:07.972+0000] {taskinstance.py:3132} INFO - Exporting env vars: AIRFLOW_CTX_DAG_OWNER='***' AIRFLOW_CTX_DAG_ID='IMPORTATION_ECRITURE_COMPTABLES_ARTICLE_dag' AIRFLOW_CTX_TASK_ID='verify_file_reliability' AIRFLOW_CTX_EXECUTION_DATE='2025-02-10T16:58:00+00:00' AIRFLOW_CTX_TRY_NUMBER='1' AIRFLOW_CTX_DAG_RUN_ID='scheduled__2025-02-10T16:58:00+00:00'
[2025-02-10T16:59:07.973+0000] {logging_mixin.py:190} INFO - Task instance is in running state
[2025-02-10T16:59:07.974+0000] {logging_mixin.py:190} INFO -  Previous state of the Task instance: queued
[2025-02-10T16:59:07.974+0000] {logging_mixin.py:190} INFO - Current task name:verify_file_reliability state:running start_date:2025-02-10 16:59:07.788284+00:00
[2025-02-10T16:59:07.975+0000] {logging_mixin.py:190} INFO - Dag name:IMPORTATION_ECRITURE_COMPTABLES_ARTICLE_dag and current dag run status:running
[2025-02-10T16:59:07.975+0000] {taskinstance.py:731} INFO - ::endgroup::
[2025-02-10T16:59:07.976+0000] {baseoperator.py:421} WARNING - BranchPythonOperator.execute cannot be called outside TaskInstance!
[2025-02-10T16:59:07.977+0000] {logging_mixin.py:190} INFO - camarche22 /opt/***/files/in ['.csv'] ['utf-8', 'ISO-8859-1', 'Windows-1252']
[2025-02-10T16:59:08.024+0000] {logging_mixin.py:190} INFO - 
📂 Contenu du fichier (utf-8): Écritures comptables article (11).csv
[2025-02-10T16:59:08.078+0000] {logging_mixin.py:190} INFO -   Date comptabilisation      N° lot  ... KOR par Réception KOR INPUT
0            24/01/2025  26LABCDE24  ...                 0         0
1            24/01/2025  26LABCDE24  ...                 0         0
2            24/01/2025  26LABCDE24  ...                 0         0
3            24/01/2025  26LABCDE24  ...                 0         0
4            24/01/2025  26LABCDE24  ...                 0         0

[5 rows x 27 columns]
[2025-02-10T16:59:08.079+0000] {logging_mixin.py:190} INFO - ❌ Colonnes manquantes : description, created_at, kor_by_reception, quantity_in_sac, store_code, quantity_reserved, total_cost_not_included, total_cost_actual, quantity_invoiced, kor_input, order_type, quantity, is_open, unit_code, sequence_number, created_by, package_number, lettering_writingsales_amount_actual, remaining_quantity
[2025-02-10T16:59:08.080+0000] {logging_mixin.py:190} INFO - ❌ BORISColonnes manquantes : accounting_date, lot_number, type_ecriture, type_document, document_number, article_number, type_document, type_document, article_number, type_document, type_document, article_number, type_document, type_document, type_document, type_document, type_document, type_document, type_document, type_document, type_document, type_document, type_document, type_document, variant_code, variant_code, variant_code
[2025-02-10T16:59:08.081+0000] {logging_mixin.py:190} INFO - /opt/***/files/in/Écritures comptables article (11).csv Écritures comptables article (11).csv /opt/***/files/in/Écritures comptables article (11).csv non traité Boris :None
[2025-02-10T16:59:08.084+0000] {python.py:240} INFO - Done. Returned value was: None
[2025-02-10T16:59:08.085+0000] {branch.py:38} INFO - Branch into None
[2025-02-10T16:59:08.086+0000] {skipmixin.py:230} INFO - Following branch ()
[2025-02-10T16:59:08.098+0000] {skipmixin.py:278} INFO - Skipping tasks [('end', -1), ('import_temp_ecc_to_ecc', -1)]
[2025-02-10T16:59:08.123+0000] {taskinstance.py:340} INFO - ::group::Post task execution logs
[2025-02-10T16:59:08.124+0000] {taskinstance.py:352} INFO - Marking task as SUCCESS. dag_id=IMPORTATION_ECRITURE_COMPTABLES_ARTICLE_dag, task_id=verify_file_reliability, run_id=scheduled__2025-02-10T16:58:00+00:00, execution_date=20250210T165800, start_date=20250210T165907, end_date=20250210T165908
[2025-02-10T16:59:08.135+0000] {logging_mixin.py:190} INFO - Task instance in success state
[2025-02-10T16:59:08.136+0000] {logging_mixin.py:190} INFO -  Previous state of the Task instance: running
[2025-02-10T16:59:08.136+0000] {logging_mixin.py:190} INFO - Dag name:IMPORTATION_ECRITURE_COMPTABLES_ARTICLE_dag queued_at:2025-02-10 16:59:00.911970+00:00
[2025-02-10T16:59:08.136+0000] {logging_mixin.py:190} INFO - Task hostname:b6443be51f35 operator:BranchPythonOperator
[2025-02-10T16:59:08.158+0000] {local_task_job_runner.py:266} INFO - Task exited with return code 0
[2025-02-10T16:59:08.175+0000] {taskinstance.py:3895} INFO - 0 downstream tasks scheduled from follow-on schedule check
[2025-02-10T16:59:08.177+0000] {local_task_job_runner.py:245} INFO - ::endgroup::
