[2025-02-11T00:20:03.474+0000] {local_task_job_runner.py:123} INFO - ::group::Pre task execution logs
[2025-02-11T00:20:03.600+0000] {taskinstance.py:2613} INFO - Dependencies all met for dep_context=non-requeueable deps ti=<TaskInstance: IMPORTATION_ECRITURE_COMPTABLES_ARTICLE_dag.check_file_in_directory scheduled__2025-02-11T00:19:00+00:00 [queued]>
[2025-02-11T00:20:03.609+0000] {taskinstance.py:2613} INFO - Dependencies all met for dep_context=requeueable deps ti=<TaskInstance: IMPORTATION_ECRITURE_COMPTABLES_ARTICLE_dag.check_file_in_directory scheduled__2025-02-11T00:19:00+00:00 [queued]>
[2025-02-11T00:20:03.610+0000] {taskinstance.py:2866} INFO - Starting attempt 1 of 2
[2025-02-11T00:20:03.623+0000] {taskinstance.py:2889} INFO - Executing <Task(BranchPythonOperator): check_file_in_directory> on 2025-02-11 00:19:00+00:00
[2025-02-11T00:20:03.628+0000] {warnings.py:112} WARNING - /home/***/.local/lib/python3.12/site-packages/***/task/task_runner/standard_task_runner.py:70: DeprecationWarning: This process (pid=3410) is multi-threaded, use of fork() may lead to deadlocks in the child.
  pid = os.fork()

[2025-02-11T00:20:03.630+0000] {standard_task_runner.py:72} INFO - Started process 3412 to run task
[2025-02-11T00:20:03.630+0000] {standard_task_runner.py:104} INFO - Running: ['***', 'tasks', 'run', 'IMPORTATION_ECRITURE_COMPTABLES_ARTICLE_dag', 'check_file_in_directory', 'scheduled__2025-02-11T00:19:00+00:00', '--job-id', '1684', '--raw', '--subdir', 'DAGS_FOLDER/my_directory_and_file_checker.py', '--cfg-path', '/tmp/tmpdtm6s24d']
[2025-02-11T00:20:03.631+0000] {standard_task_runner.py:105} INFO - Job 1684: Subtask check_file_in_directory
[2025-02-11T00:20:03.673+0000] {task_command.py:467} INFO - Running <TaskInstance: IMPORTATION_ECRITURE_COMPTABLES_ARTICLE_dag.check_file_in_directory scheduled__2025-02-11T00:19:00+00:00 [running]> on host b6443be51f35
[2025-02-11T00:20:03.746+0000] {taskinstance.py:3132} INFO - Exporting env vars: AIRFLOW_CTX_DAG_OWNER='***' AIRFLOW_CTX_DAG_ID='IMPORTATION_ECRITURE_COMPTABLES_ARTICLE_dag' AIRFLOW_CTX_TASK_ID='check_file_in_directory' AIRFLOW_CTX_EXECUTION_DATE='2025-02-11T00:19:00+00:00' AIRFLOW_CTX_TRY_NUMBER='1' AIRFLOW_CTX_DAG_RUN_ID='scheduled__2025-02-11T00:19:00+00:00'
[2025-02-11T00:20:03.747+0000] {logging_mixin.py:190} INFO - Task instance is in running state
[2025-02-11T00:20:03.748+0000] {logging_mixin.py:190} INFO -  Previous state of the Task instance: queued
[2025-02-11T00:20:03.748+0000] {logging_mixin.py:190} INFO - Current task name:check_file_in_directory state:running start_date:2025-02-11 00:20:03.600841+00:00
[2025-02-11T00:20:03.749+0000] {logging_mixin.py:190} INFO - Dag name:IMPORTATION_ECRITURE_COMPTABLES_ARTICLE_dag and current dag run status:running
[2025-02-11T00:20:03.750+0000] {taskinstance.py:731} INFO - ::endgroup::
[2025-02-11T00:20:03.751+0000] {baseoperator.py:421} WARNING - BranchPythonOperator.execute cannot be called outside TaskInstance!
[2025-02-11T00:20:03.752+0000] {logging_mixin.py:190} INFO - ca marche /opt/***/files/in ['.csv']
[2025-02-11T00:20:03.756+0000] {python.py:240} INFO - Done. Returned value was: verify_file_reliability
[2025-02-11T00:20:03.756+0000] {branch.py:38} INFO - Branch into verify_file_reliability
[2025-02-11T00:20:03.757+0000] {skipmixin.py:230} INFO - Following branch ('verify_file_reliability',)
[2025-02-11T00:20:03.766+0000] {skipmixin.py:278} INFO - Skipping tasks []
[2025-02-11T00:20:03.795+0000] {taskinstance.py:340} INFO - ::group::Post task execution logs
[2025-02-11T00:20:03.796+0000] {taskinstance.py:352} INFO - Marking task as SUCCESS. dag_id=IMPORTATION_ECRITURE_COMPTABLES_ARTICLE_dag, task_id=check_file_in_directory, run_id=scheduled__2025-02-11T00:19:00+00:00, execution_date=20250211T001900, start_date=20250211T002003, end_date=20250211T002003
[2025-02-11T00:20:03.811+0000] {logging_mixin.py:190} INFO - Task instance in success state
[2025-02-11T00:20:03.812+0000] {logging_mixin.py:190} INFO -  Previous state of the Task instance: running
[2025-02-11T00:20:03.812+0000] {logging_mixin.py:190} INFO - Dag name:IMPORTATION_ECRITURE_COMPTABLES_ARTICLE_dag queued_at:2025-02-11 00:20:00.162264+00:00
[2025-02-11T00:20:03.813+0000] {logging_mixin.py:190} INFO - Task hostname:b6443be51f35 operator:BranchPythonOperator
[2025-02-11T00:20:03.845+0000] {local_task_job_runner.py:266} INFO - Task exited with return code 0
[2025-02-11T00:20:03.878+0000] {taskinstance.py:3895} INFO - 1 downstream tasks scheduled from follow-on schedule check
[2025-02-11T00:20:03.883+0000] {local_task_job_runner.py:245} INFO - ::endgroup::
[2025-02-11T00:20:38.557+0000] {local_task_job_runner.py:123} INFO - ::group::Pre task execution logs
[2025-02-11T00:20:38.699+0000] {taskinstance.py:2613} INFO - Dependencies all met for dep_context=non-requeueable deps ti=<TaskInstance: IMPORTATION_ECRITURE_COMPTABLES_ARTICLE_dag.check_file_in_directory scheduled__2025-02-11T00:19:00+00:00 [queued]>
[2025-02-11T00:20:38.710+0000] {taskinstance.py:2613} INFO - Dependencies all met for dep_context=requeueable deps ti=<TaskInstance: IMPORTATION_ECRITURE_COMPTABLES_ARTICLE_dag.check_file_in_directory scheduled__2025-02-11T00:19:00+00:00 [queued]>
[2025-02-11T00:20:38.710+0000] {taskinstance.py:2866} INFO - Starting attempt 1 of 2
[2025-02-11T00:20:38.728+0000] {taskinstance.py:2889} INFO - Executing <Task(BranchPythonOperator): check_file_in_directory> on 2025-02-11 00:19:00+00:00
[2025-02-11T00:20:38.736+0000] {warnings.py:112} WARNING - /home/***/.local/lib/python3.12/site-packages/***/task/task_runner/standard_task_runner.py:70: DeprecationWarning: This process (pid=3441) is multi-threaded, use of fork() may lead to deadlocks in the child.
  pid = os.fork()

[2025-02-11T00:20:38.738+0000] {standard_task_runner.py:72} INFO - Started process 3443 to run task
[2025-02-11T00:20:38.739+0000] {standard_task_runner.py:104} INFO - Running: ['***', 'tasks', 'run', 'IMPORTATION_ECRITURE_COMPTABLES_ARTICLE_dag', 'check_file_in_directory', 'scheduled__2025-02-11T00:19:00+00:00', '--job-id', '1690', '--raw', '--subdir', 'DAGS_FOLDER/my_directory_and_file_checker.py', '--cfg-path', '/tmp/tmpku_qbzq6']
[2025-02-11T00:20:38.740+0000] {standard_task_runner.py:105} INFO - Job 1690: Subtask check_file_in_directory
[2025-02-11T00:20:38.795+0000] {task_command.py:467} INFO - Running <TaskInstance: IMPORTATION_ECRITURE_COMPTABLES_ARTICLE_dag.check_file_in_directory scheduled__2025-02-11T00:19:00+00:00 [running]> on host b6443be51f35
[2025-02-11T00:20:38.883+0000] {taskinstance.py:3132} INFO - Exporting env vars: AIRFLOW_CTX_DAG_OWNER='***' AIRFLOW_CTX_DAG_ID='IMPORTATION_ECRITURE_COMPTABLES_ARTICLE_dag' AIRFLOW_CTX_TASK_ID='check_file_in_directory' AIRFLOW_CTX_EXECUTION_DATE='2025-02-11T00:19:00+00:00' AIRFLOW_CTX_TRY_NUMBER='1' AIRFLOW_CTX_DAG_RUN_ID='scheduled__2025-02-11T00:19:00+00:00'
[2025-02-11T00:20:38.884+0000] {logging_mixin.py:190} INFO - Task instance is in running state
[2025-02-11T00:20:38.885+0000] {logging_mixin.py:190} INFO -  Previous state of the Task instance: queued
[2025-02-11T00:20:38.885+0000] {logging_mixin.py:190} INFO - Current task name:check_file_in_directory state:running start_date:2025-02-11 00:20:38.700581+00:00
[2025-02-11T00:20:38.886+0000] {logging_mixin.py:190} INFO - Dag name:IMPORTATION_ECRITURE_COMPTABLES_ARTICLE_dag and current dag run status:running
[2025-02-11T00:20:38.886+0000] {taskinstance.py:731} INFO - ::endgroup::
[2025-02-11T00:20:38.887+0000] {baseoperator.py:421} WARNING - BranchPythonOperator.execute cannot be called outside TaskInstance!
[2025-02-11T00:20:38.889+0000] {logging_mixin.py:190} INFO - ca marche /opt/***/files/in ['.csv']
[2025-02-11T00:20:38.893+0000] {python.py:240} INFO - Done. Returned value was: verify_file_reliability
[2025-02-11T00:20:38.894+0000] {branch.py:38} INFO - Branch into verify_file_reliability
[2025-02-11T00:20:38.895+0000] {skipmixin.py:230} INFO - Following branch ('verify_file_reliability',)
[2025-02-11T00:20:38.908+0000] {skipmixin.py:278} INFO - Skipping tasks []
[2025-02-11T00:20:38.936+0000] {taskinstance.py:340} INFO - ::group::Post task execution logs
[2025-02-11T00:20:38.937+0000] {taskinstance.py:352} INFO - Marking task as SUCCESS. dag_id=IMPORTATION_ECRITURE_COMPTABLES_ARTICLE_dag, task_id=check_file_in_directory, run_id=scheduled__2025-02-11T00:19:00+00:00, execution_date=20250211T001900, start_date=20250211T002038, end_date=20250211T002038
[2025-02-11T00:20:38.947+0000] {logging_mixin.py:190} INFO - Task instance in success state
[2025-02-11T00:20:38.948+0000] {logging_mixin.py:190} INFO -  Previous state of the Task instance: running
[2025-02-11T00:20:38.949+0000] {logging_mixin.py:190} INFO - Dag name:IMPORTATION_ECRITURE_COMPTABLES_ARTICLE_dag queued_at:2025-02-11 00:20:33.478146+00:00
[2025-02-11T00:20:38.949+0000] {logging_mixin.py:190} INFO - Task hostname:b6443be51f35 operator:BranchPythonOperator
[2025-02-11T00:20:38.994+0000] {local_task_job_runner.py:266} INFO - Task exited with return code 0
[2025-02-11T00:20:39.028+0000] {taskinstance.py:3895} INFO - 1 downstream tasks scheduled from follow-on schedule check
[2025-02-11T00:20:39.030+0000] {local_task_job_runner.py:245} INFO - ::endgroup::
