[2025-02-07T22:20:52.039+0000] {local_task_job_runner.py:123} INFO - ::group::Pre task execution logs
[2025-02-07T22:20:52.242+0000] {taskinstance.py:2613} INFO - Dependencies all met for dep_context=non-requeueable deps ti=<TaskInstance: directory_and_file_verification_dag.verify_file_reliability scheduled__2025-02-07T00:00:00+00:00 [queued]>
[2025-02-07T22:20:52.255+0000] {taskinstance.py:2613} INFO - Dependencies all met for dep_context=requeueable deps ti=<TaskInstance: directory_and_file_verification_dag.verify_file_reliability scheduled__2025-02-07T00:00:00+00:00 [queued]>
[2025-02-07T22:20:52.256+0000] {taskinstance.py:2866} INFO - Starting attempt 1 of 1
[2025-02-07T22:20:52.272+0000] {taskinstance.py:2889} INFO - Executing <Task(BranchPythonOperator): verify_file_reliability> on 2025-02-07 00:00:00+00:00
[2025-02-07T22:20:52.282+0000] {warnings.py:112} WARNING - /home/***/.local/lib/python3.12/site-packages/***/task/task_runner/standard_task_runner.py:70: DeprecationWarning: This process (pid=19140) is multi-threaded, use of fork() may lead to deadlocks in the child.
  pid = os.fork()

[2025-02-07T22:20:52.284+0000] {standard_task_runner.py:72} INFO - Started process 19142 to run task
[2025-02-07T22:20:52.285+0000] {standard_task_runner.py:104} INFO - Running: ['***', 'tasks', 'run', 'directory_and_file_verification_dag', 'verify_file_reliability', 'scheduled__2025-02-07T00:00:00+00:00', '--job-id', '883', '--raw', '--subdir', 'DAGS_FOLDER/my_directory_and_file_checker.py', '--cfg-path', '/tmp/tmp9ffhlu1c']
[2025-02-07T22:20:52.286+0000] {standard_task_runner.py:105} INFO - Job 883: Subtask verify_file_reliability
[2025-02-07T22:20:52.351+0000] {task_command.py:467} INFO - Running <TaskInstance: directory_and_file_verification_dag.verify_file_reliability scheduled__2025-02-07T00:00:00+00:00 [running]> on host 003b7fbea265
[2025-02-07T22:20:52.499+0000] {taskinstance.py:3132} INFO - Exporting env vars: AIRFLOW_CTX_DAG_OWNER='***' AIRFLOW_CTX_DAG_ID='directory_and_file_verification_dag' AIRFLOW_CTX_TASK_ID='verify_file_reliability' AIRFLOW_CTX_EXECUTION_DATE='2025-02-07T00:00:00+00:00' AIRFLOW_CTX_TRY_NUMBER='1' AIRFLOW_CTX_DAG_RUN_ID='scheduled__2025-02-07T00:00:00+00:00'
[2025-02-07T22:20:52.502+0000] {logging_mixin.py:190} INFO - Task instance is in running state
[2025-02-07T22:20:52.503+0000] {logging_mixin.py:190} INFO -  Previous state of the Task instance: queued
[2025-02-07T22:20:52.504+0000] {logging_mixin.py:190} INFO - Current task name:verify_file_reliability state:running start_date:2025-02-07 22:20:52.243641+00:00
[2025-02-07T22:20:52.504+0000] {logging_mixin.py:190} INFO - Dag name:directory_and_file_verification_dag and current dag run status:running
[2025-02-07T22:20:52.505+0000] {taskinstance.py:731} INFO - ::endgroup::
[2025-02-07T22:20:52.506+0000] {baseoperator.py:421} WARNING - BranchPythonOperator.execute cannot be called outside TaskInstance!
[2025-02-07T22:20:52.519+0000] {my_directory_and_file_checker.py:103} ERROR - ❌ Erreur d'encodage (utf-8) pour Écritures.csv: 'utf-8' codec can't decode byte 0xb0 in position 1: invalid start byte
[2025-02-07T22:20:52.548+0000] {logging_mixin.py:190} INFO - 
📂 Contenu du fichier (ISO-8859-1): Écritures.csv
[2025-02-07T22:20:52.558+0000] {logging_mixin.py:190} INFO -   Date comptabilisation       N° lot Type écriture
0            31/12/2024  A-BNDK 2304    Production
1            31/12/2024  B-BNDK 2304    Production
2            31/12/2024  C-BNDK 2304    Production
3            31/12/2024  D-BNDK 2304    Production
4            31/12/2024  E-BNDK 2304    Production
[2025-02-07T22:20:52.570+0000] {logging_mixin.py:190} INFO - borisPanda3 <class 'pandas.core.frame.DataFrame'>   Accounting_Date   Lot_Number Type_ecriture
0      31/12/2024  A-BNDK 2304    Production
1      31/12/2024  B-BNDK 2304    Production
2      31/12/2024  C-BNDK 2304    Production
3      31/12/2024  D-BNDK 2304    Production
4      31/12/2024  E-BNDK 2304    Production
[2025-02-07T22:22:53.969+0000] {job.py:229} INFO - Heartbeat recovered after 14.24 seconds
[2025-02-07T22:23:07.122+0000] {job.py:229} INFO - Heartbeat recovered after 24.77 seconds
[2025-02-07T22:24:01.202+0000] {job.py:229} INFO - Heartbeat recovered after 12.88 seconds
[2025-02-07T22:25:11.067+0000] {job.py:229} INFO - Heartbeat recovered after 16.43 seconds
[2025-02-07T22:25:18.371+0000] {job.py:229} INFO - Heartbeat recovered after 15.46 seconds
[2025-02-07T22:25:27.368+0000] {logging_mixin.py:190} INFO - ✅Lignes  ('✅ Le fichier respecte les colonnes attendues et les types de données.', True) 9854
[2025-02-07T22:25:27.740+0000] {logging_mixin.py:190} INFO - merci
[2025-02-07T22:25:30.852+0000] {base.py:84} INFO - Retrieving connection 'mysql_conn'
[2025-02-07T22:25:32.821+0000] {logging_mixin.py:190} INFO - (('attendancedb',), ('caprostockdb',), ('information_schema',), ('mysql',), ('netvision_db',), ('performance_schema',), ('pointing_db',), ('posgpt_db',), ('pythondb',), ('sys',), ('testimportdb',))
[2025-02-07T22:25:34.836+0000] {logging_mixin.py:190} INFO - ⚠️ Données supprimées avant insertion.
[2025-02-07T22:25:38.381+0000] {sql.py:691} INFO - Loaded 1000 rows into temp_ecc so far
[2025-02-07T22:25:41.843+0000] {sql.py:691} INFO - Loaded 2000 rows into temp_ecc so far
[2025-02-07T22:25:44.876+0000] {sql.py:691} INFO - Loaded 3000 rows into temp_ecc so far
[2025-02-07T22:25:48.788+0000] {sql.py:691} INFO - Loaded 4000 rows into temp_ecc so far
[2025-02-07T22:25:52.272+0000] {sql.py:691} INFO - Loaded 5000 rows into temp_ecc so far
[2025-02-07T22:25:56.830+0000] {sql.py:691} INFO - Loaded 6000 rows into temp_ecc so far
[2025-02-07T22:26:01.520+0000] {sql.py:691} INFO - Loaded 7000 rows into temp_ecc so far
[2025-02-07T22:26:04.439+0000] {sql.py:691} INFO - Loaded 8000 rows into temp_ecc so far
[2025-02-07T22:26:08.121+0000] {sql.py:691} INFO - Loaded 9000 rows into temp_ecc so far
[2025-02-07T22:26:11.434+0000] {sql.py:694} INFO - Done loading. Loaded a total of 9854 rows into temp_ecc
[2025-02-07T22:26:11.452+0000] {logging_mixin.py:190} INFO - connexion sql reussie True
[2025-02-07T22:26:11.813+0000] {logging_mixin.py:190} INFO - Afficher   Accounting_Date   Lot_Number Type_ecriture
0      2024-12-31  A-BNDK 2304    Production
1      2024-12-31  B-BNDK 2304    Production
2      2024-12-31  C-BNDK 2304    Production
3      2024-12-31  D-BNDK 2304    Production
4      2024-12-31  E-BNDK 2304    Production
[2025-02-07T22:26:11.878+0000] {python.py:240} INFO - Done. Returned value was: end
[2025-02-07T22:26:11.893+0000] {branch.py:38} INFO - Branch into end
[2025-02-07T22:26:11.982+0000] {skipmixin.py:230} INFO - Following branch ('end',)
[2025-02-07T22:26:12.941+0000] {skipmixin.py:278} INFO - Skipping tasks []
[2025-02-07T22:26:13.783+0000] {taskinstance.py:340} INFO - ::group::Post task execution logs
[2025-02-07T22:26:13.802+0000] {taskinstance.py:352} INFO - Marking task as SUCCESS. dag_id=directory_and_file_verification_dag, task_id=verify_file_reliability, run_id=scheduled__2025-02-07T00:00:00+00:00, execution_date=20250207T000000, start_date=20250207T222052, end_date=20250207T222613
[2025-02-07T22:26:14.192+0000] {logging_mixin.py:190} INFO - Task instance in success state
[2025-02-07T22:26:14.193+0000] {logging_mixin.py:190} INFO -  Previous state of the Task instance: running
[2025-02-07T22:26:14.195+0000] {logging_mixin.py:190} INFO - Dag name:directory_and_file_verification_dag queued_at:2025-02-07 22:20:44.113842+00:00
[2025-02-07T22:26:14.196+0000] {logging_mixin.py:190} INFO - Task hostname:003b7fbea265 operator:BranchPythonOperator
[2025-02-07T22:26:14.490+0000] {local_task_job_runner.py:266} INFO - Task exited with return code 0
[2025-02-07T22:26:15.290+0000] {taskinstance.py:3895} INFO - 0 downstream tasks scheduled from follow-on schedule check
[2025-02-07T22:26:15.329+0000] {local_task_job_runner.py:245} INFO - ::endgroup::
[2025-02-07T22:26:15.457+0000] {standard_task_runner.py:217} INFO - Process not found (most likely exited), stop collecting metrics
