[2025-02-07T22:23:06.606+0000] {local_task_job_runner.py:123} INFO - ::group::Pre task execution logs
[2025-02-07T22:23:06.804+0000] {taskinstance.py:2613} INFO - Dependencies all met for dep_context=non-requeueable deps ti=<TaskInstance: directory_and_file_verification_dag.verify_file_reliability scheduled__2025-02-07T00:03:00+00:00 [queued]>
[2025-02-07T22:23:07.685+0000] {taskinstance.py:2613} INFO - Dependencies all met for dep_context=requeueable deps ti=<TaskInstance: directory_and_file_verification_dag.verify_file_reliability scheduled__2025-02-07T00:03:00+00:00 [queued]>
[2025-02-07T22:23:07.687+0000] {taskinstance.py:2866} INFO - Starting attempt 1 of 1
[2025-02-07T22:23:07.825+0000] {taskinstance.py:2889} INFO - Executing <Task(BranchPythonOperator): verify_file_reliability> on 2025-02-07 00:03:00+00:00
[2025-02-07T22:23:07.865+0000] {warnings.py:112} WARNING - /home/***/.local/lib/python3.12/site-packages/***/task/task_runner/standard_task_runner.py:70: DeprecationWarning: This process (pid=19247) is multi-threaded, use of fork() may lead to deadlocks in the child.
  pid = os.fork()

[2025-02-07T22:23:07.882+0000] {standard_task_runner.py:72} INFO - Started process 19287 to run task
[2025-02-07T22:23:07.889+0000] {standard_task_runner.py:104} INFO - Running: ['***', 'tasks', 'run', 'directory_and_file_verification_dag', 'verify_file_reliability', 'scheduled__2025-02-07T00:03:00+00:00', '--job-id', '909', '--raw', '--subdir', 'DAGS_FOLDER/my_directory_and_file_checker.py', '--cfg-path', '/tmp/tmpwqre8eg7']
[2025-02-07T22:23:07.901+0000] {standard_task_runner.py:105} INFO - Job 909: Subtask verify_file_reliability
[2025-02-07T22:23:08.322+0000] {task_command.py:467} INFO - Running <TaskInstance: directory_and_file_verification_dag.verify_file_reliability scheduled__2025-02-07T00:03:00+00:00 [running]> on host 003b7fbea265
[2025-02-07T22:23:09.300+0000] {taskinstance.py:3132} INFO - Exporting env vars: AIRFLOW_CTX_DAG_OWNER='***' AIRFLOW_CTX_DAG_ID='directory_and_file_verification_dag' AIRFLOW_CTX_TASK_ID='verify_file_reliability' AIRFLOW_CTX_EXECUTION_DATE='2025-02-07T00:03:00+00:00' AIRFLOW_CTX_TRY_NUMBER='1' AIRFLOW_CTX_DAG_RUN_ID='scheduled__2025-02-07T00:03:00+00:00'
[2025-02-07T22:23:09.316+0000] {logging_mixin.py:190} INFO - Task instance is in running state
[2025-02-07T22:23:09.318+0000] {logging_mixin.py:190} INFO -  Previous state of the Task instance: queued
[2025-02-07T22:23:09.330+0000] {logging_mixin.py:190} INFO - Current task name:verify_file_reliability state:running start_date:2025-02-07 22:23:06.810198+00:00
[2025-02-07T22:23:09.334+0000] {logging_mixin.py:190} INFO - Dag name:directory_and_file_verification_dag and current dag run status:running
[2025-02-07T22:23:09.335+0000] {taskinstance.py:731} INFO - ::endgroup::
[2025-02-07T22:23:09.350+0000] {baseoperator.py:421} WARNING - BranchPythonOperator.execute cannot be called outside TaskInstance!
[2025-02-07T22:23:09.644+0000] {my_directory_and_file_checker.py:103} ERROR - ❌ Erreur d'encodage (utf-8) pour Écritures.csv: 'utf-8' codec can't decode byte 0xb0 in position 1: invalid start byte
[2025-02-07T22:23:09.987+0000] {logging_mixin.py:190} INFO - 
📂 Contenu du fichier (ISO-8859-1): Écritures.csv
[2025-02-07T22:23:10.218+0000] {logging_mixin.py:190} INFO -   Date comptabilisation       N° lot Type écriture
0            31/12/2024  A-BNDK 2304    Production
1            31/12/2024  B-BNDK 2304    Production
2            31/12/2024  C-BNDK 2304    Production
3            31/12/2024  D-BNDK 2304    Production
4            31/12/2024  E-BNDK 2304    Production
[2025-02-07T22:23:10.296+0000] {logging_mixin.py:190} INFO - borisPanda3 <class 'pandas.core.frame.DataFrame'>   Accounting_Date   Lot_Number Type_ecriture
0      31/12/2024  A-BNDK 2304    Production
1      31/12/2024  B-BNDK 2304    Production
2      31/12/2024  C-BNDK 2304    Production
3      31/12/2024  D-BNDK 2304    Production
4      31/12/2024  E-BNDK 2304    Production
[2025-02-07T22:24:07.733+0000] {job.py:229} INFO - Heartbeat recovered after 11.38 seconds
[2025-02-07T22:25:14.461+0000] {job.py:229} INFO - Heartbeat recovered after 14.08 seconds
[2025-02-07T22:27:34.351+0000] {job.py:229} INFO - Heartbeat recovered after 16.66 seconds
[2025-02-07T22:28:13.102+0000] {job.py:229} INFO - Heartbeat recovered after 13.13 seconds
[2025-02-07T22:28:18.245+0000] {job.py:229} INFO - Heartbeat recovered after 12.67 seconds
[2025-02-07T22:29:37.741+0000] {logging_mixin.py:190} INFO - ✅Lignes  ('✅ Le fichier respecte les colonnes attendues et les types de données.', True) 9854
[2025-02-07T22:29:37.949+0000] {logging_mixin.py:190} INFO - merci
[2025-02-07T22:29:38.084+0000] {base.py:84} INFO - Retrieving connection 'mysql_conn'
[2025-02-07T22:29:38.458+0000] {logging_mixin.py:190} INFO - (('attendancedb',), ('caprostockdb',), ('information_schema',), ('mysql',), ('netvision_db',), ('performance_schema',), ('pointing_db',), ('posgpt_db',), ('pythondb',), ('sys',), ('testimportdb',))
[2025-02-07T22:29:38.868+0000] {logging_mixin.py:190} INFO - ⚠️ Données supprimées avant insertion.
[2025-02-07T22:29:42.628+0000] {sql.py:691} INFO - Loaded 1000 rows into temp_ecc so far
[2025-02-07T22:29:44.996+0000] {sql.py:691} INFO - Loaded 2000 rows into temp_ecc so far
[2025-02-07T22:29:48.197+0000] {sql.py:691} INFO - Loaded 3000 rows into temp_ecc so far
[2025-02-07T22:29:52.883+0000] {sql.py:691} INFO - Loaded 4000 rows into temp_ecc so far
[2025-02-07T22:29:57.052+0000] {sql.py:691} INFO - Loaded 5000 rows into temp_ecc so far
[2025-02-07T22:30:00.182+0000] {sql.py:691} INFO - Loaded 6000 rows into temp_ecc so far
[2025-02-07T22:30:03.226+0000] {sql.py:691} INFO - Loaded 7000 rows into temp_ecc so far
[2025-02-07T22:30:07.333+0000] {sql.py:691} INFO - Loaded 8000 rows into temp_ecc so far
[2025-02-07T22:30:10.259+0000] {sql.py:691} INFO - Loaded 9000 rows into temp_ecc so far
[2025-02-07T22:30:11.811+0000] {sql.py:694} INFO - Done loading. Loaded a total of 9854 rows into temp_ecc
[2025-02-07T22:30:11.814+0000] {logging_mixin.py:190} INFO - connexion sql reussie True
[2025-02-07T22:30:11.837+0000] {logging_mixin.py:190} INFO - Afficher   Accounting_Date   Lot_Number Type_ecriture
0      2024-12-31  A-BNDK 2304    Production
1      2024-12-31  B-BNDK 2304    Production
2      2024-12-31  C-BNDK 2304    Production
3      2024-12-31  D-BNDK 2304    Production
4      2024-12-31  E-BNDK 2304    Production
[2025-02-07T22:30:11.838+0000] {python.py:240} INFO - Done. Returned value was: end
[2025-02-07T22:30:11.839+0000] {branch.py:38} INFO - Branch into end
[2025-02-07T22:30:11.845+0000] {skipmixin.py:230} INFO - Following branch ('end',)
[2025-02-07T22:30:11.885+0000] {skipmixin.py:278} INFO - Skipping tasks []
[2025-02-07T22:30:12.100+0000] {taskinstance.py:340} INFO - ::group::Post task execution logs
[2025-02-07T22:30:12.102+0000] {taskinstance.py:352} INFO - Marking task as SUCCESS. dag_id=directory_and_file_verification_dag, task_id=verify_file_reliability, run_id=scheduled__2025-02-07T00:03:00+00:00, execution_date=20250207T000300, start_date=20250207T222306, end_date=20250207T223012
[2025-02-07T22:30:12.246+0000] {logging_mixin.py:190} INFO - Task instance in success state
[2025-02-07T22:30:12.246+0000] {logging_mixin.py:190} INFO -  Previous state of the Task instance: running
[2025-02-07T22:30:12.248+0000] {logging_mixin.py:190} INFO - Dag name:directory_and_file_verification_dag queued_at:2025-02-07 22:21:14.970213+00:00
[2025-02-07T22:30:12.248+0000] {logging_mixin.py:190} INFO - Task hostname:003b7fbea265 operator:BranchPythonOperator
[2025-02-07T22:30:12.311+0000] {local_task_job_runner.py:266} INFO - Task exited with return code 0
[2025-02-07T22:30:12.465+0000] {taskinstance.py:3895} INFO - 0 downstream tasks scheduled from follow-on schedule check
[2025-02-07T22:30:12.469+0000] {local_task_job_runner.py:245} INFO - ::endgroup::
