[2025-02-13T22:32:02.232+0000] {local_task_job_runner.py:123} INFO - ::group::Pre task execution logs
[2025-02-13T22:32:02.365+0000] {taskinstance.py:2613} INFO - Dependencies all met for dep_context=non-requeueable deps ti=<TaskInstance: IMPORTATION_ECRITURE_COMPTABLES_ARTICLE_dag.check_directory scheduled__2025-02-13T22:31:00+00:00 [queued]>
[2025-02-13T22:32:02.372+0000] {taskinstance.py:2613} INFO - Dependencies all met for dep_context=requeueable deps ti=<TaskInstance: IMPORTATION_ECRITURE_COMPTABLES_ARTICLE_dag.check_directory scheduled__2025-02-13T22:31:00+00:00 [queued]>
[2025-02-13T22:32:02.373+0000] {taskinstance.py:2866} INFO - Starting attempt 1 of 2
[2025-02-13T22:32:02.387+0000] {taskinstance.py:2889} INFO - Executing <Task(BranchPythonOperator): check_directory> on 2025-02-13 22:31:00+00:00
[2025-02-13T22:32:02.393+0000] {warnings.py:112} WARNING - /home/***/.local/lib/python3.12/site-packages/***/task/task_runner/standard_task_runner.py:70: DeprecationWarning: This process (pid=251) is multi-threaded, use of fork() may lead to deadlocks in the child.
  pid = os.fork()

[2025-02-13T22:32:02.395+0000] {standard_task_runner.py:72} INFO - Started process 253 to run task
[2025-02-13T22:32:02.396+0000] {standard_task_runner.py:104} INFO - Running: ['***', 'tasks', 'run', 'IMPORTATION_ECRITURE_COMPTABLES_ARTICLE_dag', 'check_directory', 'scheduled__2025-02-13T22:31:00+00:00', '--job-id', '8302', '--raw', '--subdir', 'DAGS_FOLDER/my_directory_and_file_checker.py', '--cfg-path', '/tmp/tmpmrytphbk']
[2025-02-13T22:32:02.397+0000] {standard_task_runner.py:105} INFO - Job 8302: Subtask check_directory
[2025-02-13T22:32:02.444+0000] {task_command.py:467} INFO - Running <TaskInstance: IMPORTATION_ECRITURE_COMPTABLES_ARTICLE_dag.check_directory scheduled__2025-02-13T22:31:00+00:00 [running]> on host b6443be51f35
[2025-02-13T22:32:02.525+0000] {taskinstance.py:3132} INFO - Exporting env vars: AIRFLOW_CTX_DAG_OWNER='***' AIRFLOW_CTX_DAG_ID='IMPORTATION_ECRITURE_COMPTABLES_ARTICLE_dag' AIRFLOW_CTX_TASK_ID='check_directory' AIRFLOW_CTX_EXECUTION_DATE='2025-02-13T22:31:00+00:00' AIRFLOW_CTX_TRY_NUMBER='1' AIRFLOW_CTX_DAG_RUN_ID='scheduled__2025-02-13T22:31:00+00:00'
[2025-02-13T22:32:02.526+0000] {logging_mixin.py:190} INFO - Task instance is in running state
[2025-02-13T22:32:02.527+0000] {logging_mixin.py:190} INFO -  Previous state of the Task instance: queued
[2025-02-13T22:32:02.527+0000] {logging_mixin.py:190} INFO - Current task name:check_directory state:running start_date:2025-02-13 22:32:02.365835+00:00
[2025-02-13T22:32:02.528+0000] {logging_mixin.py:190} INFO - Dag name:IMPORTATION_ECRITURE_COMPTABLES_ARTICLE_dag and current dag run status:running
[2025-02-13T22:32:02.528+0000] {taskinstance.py:731} INFO - ::endgroup::
[2025-02-13T22:32:02.529+0000] {baseoperator.py:421} WARNING - BranchPythonOperator.execute cannot be called outside TaskInstance!
[2025-02-13T22:32:02.530+0000] {python.py:240} INFO - Done. Returned value was: check_file_in_directory
[2025-02-13T22:32:02.530+0000] {branch.py:38} INFO - Branch into check_file_in_directory
[2025-02-13T22:32:02.531+0000] {skipmixin.py:230} INFO - Following branch ('check_file_in_directory',)
[2025-02-13T22:32:02.540+0000] {skipmixin.py:278} INFO - Skipping tasks []
[2025-02-13T22:32:02.567+0000] {taskinstance.py:340} INFO - ::group::Post task execution logs
[2025-02-13T22:32:02.568+0000] {taskinstance.py:352} INFO - Marking task as SUCCESS. dag_id=IMPORTATION_ECRITURE_COMPTABLES_ARTICLE_dag, task_id=check_directory, run_id=scheduled__2025-02-13T22:31:00+00:00, execution_date=20250213T223100, start_date=20250213T223202, end_date=20250213T223202
[2025-02-13T22:32:02.579+0000] {logging_mixin.py:190} INFO - Task instance in success state
[2025-02-13T22:32:02.580+0000] {logging_mixin.py:190} INFO -  Previous state of the Task instance: running
[2025-02-13T22:32:02.580+0000] {logging_mixin.py:190} INFO - Dag name:IMPORTATION_ECRITURE_COMPTABLES_ARTICLE_dag queued_at:2025-02-13 22:32:00.725192+00:00
[2025-02-13T22:32:02.581+0000] {logging_mixin.py:190} INFO - Task hostname:b6443be51f35 operator:BranchPythonOperator
[2025-02-13T22:32:02.610+0000] {local_task_job_runner.py:266} INFO - Task exited with return code 0
[2025-02-13T22:32:02.647+0000] {taskinstance.py:3895} INFO - 1 downstream tasks scheduled from follow-on schedule check
[2025-02-13T22:32:02.649+0000] {local_task_job_runner.py:245} INFO - ::endgroup::
[2025-02-13T22:32:38.813+0000] {local_task_job_runner.py:123} INFO - ::group::Pre task execution logs
[2025-02-13T22:32:38.836+0000] {taskinstance.py:2613} INFO - Dependencies all met for dep_context=non-requeueable deps ti=<TaskInstance: IMPORTATION_ECRITURE_COMPTABLES_ARTICLE_dag.check_directory scheduled__2025-02-13T22:31:00+00:00 [queued]>
[2025-02-13T22:32:38.845+0000] {taskinstance.py:2613} INFO - Dependencies all met for dep_context=requeueable deps ti=<TaskInstance: IMPORTATION_ECRITURE_COMPTABLES_ARTICLE_dag.check_directory scheduled__2025-02-13T22:31:00+00:00 [queued]>
[2025-02-13T22:32:38.845+0000] {taskinstance.py:2866} INFO - Starting attempt 1 of 2
[2025-02-13T22:32:39.043+0000] {taskinstance.py:2889} INFO - Executing <Task(BranchPythonOperator): check_directory> on 2025-02-13 22:31:00+00:00
[2025-02-13T22:32:39.052+0000] {warnings.py:112} WARNING - /home/***/.local/lib/python3.12/site-packages/***/task/task_runner/standard_task_runner.py:70: DeprecationWarning: This process (pid=274) is multi-threaded, use of fork() may lead to deadlocks in the child.
  pid = os.fork()

[2025-02-13T22:32:39.054+0000] {standard_task_runner.py:72} INFO - Started process 276 to run task
[2025-02-13T22:32:39.054+0000] {standard_task_runner.py:104} INFO - Running: ['***', 'tasks', 'run', 'IMPORTATION_ECRITURE_COMPTABLES_ARTICLE_dag', 'check_directory', 'scheduled__2025-02-13T22:31:00+00:00', '--job-id', '8306', '--raw', '--subdir', 'DAGS_FOLDER/my_directory_and_file_checker.py', '--cfg-path', '/tmp/tmp3n62uaof']
[2025-02-13T22:32:39.055+0000] {standard_task_runner.py:105} INFO - Job 8306: Subtask check_directory
[2025-02-13T22:32:39.119+0000] {task_command.py:467} INFO - Running <TaskInstance: IMPORTATION_ECRITURE_COMPTABLES_ARTICLE_dag.check_directory scheduled__2025-02-13T22:31:00+00:00 [running]> on host b6443be51f35
[2025-02-13T22:32:39.234+0000] {taskinstance.py:3132} INFO - Exporting env vars: AIRFLOW_CTX_DAG_OWNER='***' AIRFLOW_CTX_DAG_ID='IMPORTATION_ECRITURE_COMPTABLES_ARTICLE_dag' AIRFLOW_CTX_TASK_ID='check_directory' AIRFLOW_CTX_EXECUTION_DATE='2025-02-13T22:31:00+00:00' AIRFLOW_CTX_TRY_NUMBER='1' AIRFLOW_CTX_DAG_RUN_ID='scheduled__2025-02-13T22:31:00+00:00'
[2025-02-13T22:32:39.236+0000] {logging_mixin.py:190} INFO - Task instance is in running state
[2025-02-13T22:32:39.237+0000] {logging_mixin.py:190} INFO -  Previous state of the Task instance: queued
[2025-02-13T22:32:39.237+0000] {logging_mixin.py:190} INFO - Current task name:check_directory state:running start_date:2025-02-13 22:32:38.837584+00:00
[2025-02-13T22:32:39.237+0000] {logging_mixin.py:190} INFO - Dag name:IMPORTATION_ECRITURE_COMPTABLES_ARTICLE_dag and current dag run status:running
[2025-02-13T22:32:39.238+0000] {taskinstance.py:731} INFO - ::endgroup::
[2025-02-13T22:32:39.238+0000] {baseoperator.py:421} WARNING - BranchPythonOperator.execute cannot be called outside TaskInstance!
[2025-02-13T22:32:39.240+0000] {python.py:240} INFO - Done. Returned value was: check_file_in_directory
[2025-02-13T22:32:39.241+0000] {branch.py:38} INFO - Branch into check_file_in_directory
[2025-02-13T22:32:39.241+0000] {skipmixin.py:230} INFO - Following branch ('check_file_in_directory',)
[2025-02-13T22:32:39.258+0000] {skipmixin.py:278} INFO - Skipping tasks []
[2025-02-13T22:32:39.292+0000] {taskinstance.py:340} INFO - ::group::Post task execution logs
[2025-02-13T22:32:39.293+0000] {taskinstance.py:352} INFO - Marking task as SUCCESS. dag_id=IMPORTATION_ECRITURE_COMPTABLES_ARTICLE_dag, task_id=check_directory, run_id=scheduled__2025-02-13T22:31:00+00:00, execution_date=20250213T223100, start_date=20250213T223238, end_date=20250213T223239
[2025-02-13T22:32:39.305+0000] {logging_mixin.py:190} INFO - Task instance in success state
[2025-02-13T22:32:39.305+0000] {logging_mixin.py:190} INFO -  Previous state of the Task instance: running
[2025-02-13T22:32:39.306+0000] {logging_mixin.py:190} INFO - Dag name:IMPORTATION_ECRITURE_COMPTABLES_ARTICLE_dag queued_at:2025-02-13 22:32:37.212597+00:00
[2025-02-13T22:32:39.306+0000] {logging_mixin.py:190} INFO - Task hostname:b6443be51f35 operator:BranchPythonOperator
[2025-02-13T22:32:39.350+0000] {local_task_job_runner.py:266} INFO - Task exited with return code 0
[2025-02-13T22:32:39.360+0000] {local_task_job_runner.py:245} INFO - ::endgroup::
