[2025-02-09T15:35:00.985+0000] {local_task_job_runner.py:123} INFO - ::group::Pre task execution logs
[2025-02-09T15:35:01.019+0000] {taskinstance.py:2613} INFO - Dependencies all met for dep_context=non-requeueable deps ti=<TaskInstance: directory_and_file_verification_dag.verify_file_reliability manual__2025-02-09T15:34:52.181924+00:00 [queued]>
[2025-02-09T15:35:01.218+0000] {taskinstance.py:2613} INFO - Dependencies all met for dep_context=requeueable deps ti=<TaskInstance: directory_and_file_verification_dag.verify_file_reliability manual__2025-02-09T15:34:52.181924+00:00 [queued]>
[2025-02-09T15:35:01.219+0000] {taskinstance.py:2866} INFO - Starting attempt 1 of 1
[2025-02-09T15:35:01.259+0000] {taskinstance.py:2889} INFO - Executing <Task(BranchPythonOperator): verify_file_reliability> on 2025-02-09 15:34:52.181924+00:00
[2025-02-09T15:35:01.269+0000] {warnings.py:112} WARNING - /home/***/.local/lib/python3.12/site-packages/***/task/task_runner/standard_task_runner.py:70: DeprecationWarning: This process (pid=139) is multi-threaded, use of fork() may lead to deadlocks in the child.
  pid = os.fork()

[2025-02-09T15:35:01.272+0000] {standard_task_runner.py:72} INFO - Started process 141 to run task
[2025-02-09T15:35:01.273+0000] {standard_task_runner.py:104} INFO - Running: ['***', 'tasks', 'run', 'directory_and_file_verification_dag', 'verify_file_reliability', 'manual__2025-02-09T15:34:52.181924+00:00', '--job-id', '14', '--raw', '--subdir', 'DAGS_FOLDER/my_directory_and_file_checker.py', '--cfg-path', '/tmp/tmpw0961py5']
[2025-02-09T15:35:01.274+0000] {standard_task_runner.py:105} INFO - Job 14: Subtask verify_file_reliability
[2025-02-09T15:35:01.368+0000] {task_command.py:467} INFO - Running <TaskInstance: directory_and_file_verification_dag.verify_file_reliability manual__2025-02-09T15:34:52.181924+00:00 [running]> on host d4cc7d48468b
[2025-02-09T15:35:01.490+0000] {taskinstance.py:3132} INFO - Exporting env vars: AIRFLOW_CTX_DAG_OWNER='***' AIRFLOW_CTX_DAG_ID='directory_and_file_verification_dag' AIRFLOW_CTX_TASK_ID='verify_file_reliability' AIRFLOW_CTX_EXECUTION_DATE='2025-02-09T15:34:52.181924+00:00' AIRFLOW_CTX_TRY_NUMBER='1' AIRFLOW_CTX_DAG_RUN_ID='manual__2025-02-09T15:34:52.181924+00:00'
[2025-02-09T15:35:01.493+0000] {logging_mixin.py:190} INFO - Task instance is in running state
[2025-02-09T15:35:01.494+0000] {logging_mixin.py:190} INFO -  Previous state of the Task instance: queued
[2025-02-09T15:35:01.495+0000] {logging_mixin.py:190} INFO - Current task name:verify_file_reliability state:running start_date:2025-02-09 15:35:01.019943+00:00
[2025-02-09T15:35:01.496+0000] {logging_mixin.py:190} INFO - Dag name:directory_and_file_verification_dag and current dag run status:running
[2025-02-09T15:35:01.499+0000] {taskinstance.py:731} INFO - ::endgroup::
[2025-02-09T15:35:01.500+0000] {baseoperator.py:421} WARNING - BranchPythonOperator.execute cannot be called outside TaskInstance!
[2025-02-09T15:35:01.503+0000] {logging_mixin.py:190} INFO - camarche22 /opt/***/files/in ['.csv'] ['utf-8', 'ISO-8859-1', 'Windows-1252']
[2025-02-09T15:35:01.514+0000] {my_directory_and_file_checker.py:139} ERROR - ❌ Erreur d'encodage (utf-8) pour Écritures.csv: 'utf-8' codec can't decode byte 0xb0 in position 1: invalid start byte
[2025-02-09T15:35:01.549+0000] {logging_mixin.py:190} INFO - 
📂 Contenu du fichier (ISO-8859-1): Écritures.csv
[2025-02-09T15:35:01.559+0000] {logging_mixin.py:190} INFO -   Date comptabilisation       N° lot Type écriture
0            31/12/2024  A-BNDK 2304    Production
1            31/12/2024  B-BNDK 2304    Production
2            31/12/2024  C-BNDK 2304    Production
3            31/12/2024  D-BNDK 2304    Production
4            31/12/2024  E-BNDK 2304    Production
[2025-02-09T15:35:02.863+0000] {logging_mixin.py:190} INFO - ✅Lignes  ('✅ Le fichier respecte les colonnes attendues et les types de données.', True) 9854
[2025-02-09T15:35:02.867+0000] {logging_mixin.py:190} INFO - merci
[2025-02-09T15:35:02.880+0000] {logging_mixin.py:190} INFO - ❌ Erreur de connexion : The conn_id `mysql_conn` isn't defined
[2025-02-09T15:35:02.884+0000] {logging_mixin.py:190} INFO - connexion sql echoue
[2025-02-09T15:35:02.897+0000] {logging_mixin.py:190} INFO - ❌ Erreur lors du déplacement du fichier : [Errno 2] No such file or directory: '/opt/***/files/out/error/Écritures_20250209_153502.csv'
[2025-02-09T15:35:02.900+0000] {python.py:240} INFO - Done. Returned value was: None
[2025-02-09T15:35:02.901+0000] {branch.py:38} INFO - Branch into None
[2025-02-09T15:35:02.901+0000] {skipmixin.py:230} INFO - Following branch ()
[2025-02-09T15:35:02.916+0000] {skipmixin.py:278} INFO - Skipping tasks [('end', -1)]
[2025-02-09T15:35:02.939+0000] {taskinstance.py:340} INFO - ::group::Post task execution logs
[2025-02-09T15:35:02.940+0000] {taskinstance.py:352} INFO - Marking task as SUCCESS. dag_id=directory_and_file_verification_dag, task_id=verify_file_reliability, run_id=manual__2025-02-09T15:34:52.181924+00:00, execution_date=20250209T153452, start_date=20250209T153501, end_date=20250209T153502
[2025-02-09T15:35:02.951+0000] {logging_mixin.py:190} INFO - Task instance in success state
[2025-02-09T15:35:02.952+0000] {logging_mixin.py:190} INFO -  Previous state of the Task instance: running
[2025-02-09T15:35:02.953+0000] {logging_mixin.py:190} INFO - Dag name:directory_and_file_verification_dag queued_at:2025-02-09 15:34:52.195288+00:00
[2025-02-09T15:35:02.953+0000] {logging_mixin.py:190} INFO - Task hostname:d4cc7d48468b operator:BranchPythonOperator
[2025-02-09T15:35:02.975+0000] {local_task_job_runner.py:266} INFO - Task exited with return code 0
[2025-02-09T15:35:02.996+0000] {taskinstance.py:3895} INFO - 0 downstream tasks scheduled from follow-on schedule check
[2025-02-09T15:35:02.999+0000] {local_task_job_runner.py:245} INFO - ::endgroup::
