[2025-02-10T21:27:02.452+0000] {local_task_job_runner.py:123} INFO - ::group::Pre task execution logs
[2025-02-10T21:27:02.802+0000] {taskinstance.py:2613} INFO - Dependencies all met for dep_context=non-requeueable deps ti=<TaskInstance: IMPORTATION_ECRITURE_COMPTABLES_ARTICLE_dag.check_directory scheduled__2025-02-10T21:26:00+00:00 [queued]>
[2025-02-10T21:27:02.813+0000] {taskinstance.py:2613} INFO - Dependencies all met for dep_context=requeueable deps ti=<TaskInstance: IMPORTATION_ECRITURE_COMPTABLES_ARTICLE_dag.check_directory scheduled__2025-02-10T21:26:00+00:00 [queued]>
[2025-02-10T21:27:02.814+0000] {taskinstance.py:2866} INFO - Starting attempt 1 of 2
[2025-02-10T21:27:02.832+0000] {taskinstance.py:2889} INFO - Executing <Task(BranchPythonOperator): check_directory> on 2025-02-10 21:26:00+00:00
[2025-02-10T21:27:02.843+0000] {warnings.py:112} WARNING - /home/***/.local/lib/python3.12/site-packages/***/task/task_runner/standard_task_runner.py:70: DeprecationWarning: This process (pid=2885) is multi-threaded, use of fork() may lead to deadlocks in the child.
  pid = os.fork()

[2025-02-10T21:27:02.846+0000] {standard_task_runner.py:72} INFO - Started process 2887 to run task
[2025-02-10T21:27:02.846+0000] {standard_task_runner.py:104} INFO - Running: ['***', 'tasks', 'run', 'IMPORTATION_ECRITURE_COMPTABLES_ARTICLE_dag', 'check_directory', 'scheduled__2025-02-10T21:26:00+00:00', '--job-id', '1111', '--raw', '--subdir', 'DAGS_FOLDER/my_directory_and_file_checker.py', '--cfg-path', '/tmp/tmpplmplx1_']
[2025-02-10T21:27:02.848+0000] {standard_task_runner.py:105} INFO - Job 1111: Subtask check_directory
[2025-02-10T21:27:02.910+0000] {task_command.py:467} INFO - Running <TaskInstance: IMPORTATION_ECRITURE_COMPTABLES_ARTICLE_dag.check_directory scheduled__2025-02-10T21:26:00+00:00 [running]> on host b6443be51f35
[2025-02-10T21:27:03.019+0000] {taskinstance.py:3132} INFO - Exporting env vars: AIRFLOW_CTX_DAG_OWNER='***' AIRFLOW_CTX_DAG_ID='IMPORTATION_ECRITURE_COMPTABLES_ARTICLE_dag' AIRFLOW_CTX_TASK_ID='check_directory' AIRFLOW_CTX_EXECUTION_DATE='2025-02-10T21:26:00+00:00' AIRFLOW_CTX_TRY_NUMBER='1' AIRFLOW_CTX_DAG_RUN_ID='scheduled__2025-02-10T21:26:00+00:00'
[2025-02-10T21:27:03.021+0000] {logging_mixin.py:190} INFO - Task instance is in running state
[2025-02-10T21:27:03.022+0000] {logging_mixin.py:190} INFO -  Previous state of the Task instance: queued
[2025-02-10T21:27:03.023+0000] {logging_mixin.py:190} INFO - Current task name:check_directory state:running start_date:2025-02-10 21:27:02.803749+00:00
[2025-02-10T21:27:03.024+0000] {logging_mixin.py:190} INFO - Dag name:IMPORTATION_ECRITURE_COMPTABLES_ARTICLE_dag and current dag run status:running
[2025-02-10T21:27:03.025+0000] {taskinstance.py:731} INFO - ::endgroup::
[2025-02-10T21:27:03.027+0000] {baseoperator.py:421} WARNING - BranchPythonOperator.execute cannot be called outside TaskInstance!
[2025-02-10T21:27:03.028+0000] {python.py:240} INFO - Done. Returned value was: check_file_in_directory
[2025-02-10T21:27:03.029+0000] {branch.py:38} INFO - Branch into check_file_in_directory
[2025-02-10T21:27:03.031+0000] {skipmixin.py:230} INFO - Following branch ('check_file_in_directory',)
[2025-02-10T21:27:03.046+0000] {skipmixin.py:278} INFO - Skipping tasks []
[2025-02-10T21:27:03.083+0000] {taskinstance.py:340} INFO - ::group::Post task execution logs
[2025-02-10T21:27:03.084+0000] {taskinstance.py:352} INFO - Marking task as SUCCESS. dag_id=IMPORTATION_ECRITURE_COMPTABLES_ARTICLE_dag, task_id=check_directory, run_id=scheduled__2025-02-10T21:26:00+00:00, execution_date=20250210T212600, start_date=20250210T212702, end_date=20250210T212703
[2025-02-10T21:27:03.097+0000] {logging_mixin.py:190} INFO - Task instance in success state
[2025-02-10T21:27:03.098+0000] {logging_mixin.py:190} INFO -  Previous state of the Task instance: running
[2025-02-10T21:27:03.099+0000] {logging_mixin.py:190} INFO - Dag name:IMPORTATION_ECRITURE_COMPTABLES_ARTICLE_dag queued_at:2025-02-10 21:27:00.419458+00:00
[2025-02-10T21:27:03.100+0000] {logging_mixin.py:190} INFO - Task hostname:b6443be51f35 operator:BranchPythonOperator
[2025-02-10T21:27:03.144+0000] {local_task_job_runner.py:266} INFO - Task exited with return code 0
[2025-02-10T21:27:03.188+0000] {taskinstance.py:3895} INFO - 1 downstream tasks scheduled from follow-on schedule check
[2025-02-10T21:27:03.191+0000] {local_task_job_runner.py:245} INFO - ::endgroup::
