[2025-02-11T17:11:03.544+0000] {local_task_job_runner.py:123} INFO - ::group::Pre task execution logs
[2025-02-11T17:11:03.661+0000] {taskinstance.py:2613} INFO - Dependencies all met for dep_context=non-requeueable deps ti=<TaskInstance: IMPORTATION_ECRITURE_COMPTABLES_ARTICLE_dag.check_file_in_directory scheduled__2025-02-11T17:10:00+00:00 [queued]>
[2025-02-11T17:11:03.669+0000] {taskinstance.py:2613} INFO - Dependencies all met for dep_context=requeueable deps ti=<TaskInstance: IMPORTATION_ECRITURE_COMPTABLES_ARTICLE_dag.check_file_in_directory scheduled__2025-02-11T17:10:00+00:00 [queued]>
[2025-02-11T17:11:03.670+0000] {taskinstance.py:2866} INFO - Starting attempt 1 of 2
[2025-02-11T17:11:03.681+0000] {taskinstance.py:2889} INFO - Executing <Task(BranchPythonOperator): check_file_in_directory> on 2025-02-11 17:10:00+00:00
[2025-02-11T17:11:03.686+0000] {warnings.py:112} WARNING - /home/***/.local/lib/python3.12/site-packages/***/task/task_runner/standard_task_runner.py:70: DeprecationWarning: This process (pid=3445) is multi-threaded, use of fork() may lead to deadlocks in the child.
  pid = os.fork()

[2025-02-11T17:11:03.687+0000] {standard_task_runner.py:72} INFO - Started process 3447 to run task
[2025-02-11T17:11:03.687+0000] {standard_task_runner.py:104} INFO - Running: ['***', 'tasks', 'run', 'IMPORTATION_ECRITURE_COMPTABLES_ARTICLE_dag', 'check_file_in_directory', 'scheduled__2025-02-11T17:10:00+00:00', '--job-id', '3351', '--raw', '--subdir', 'DAGS_FOLDER/my_directory_and_file_checker.py', '--cfg-path', '/tmp/tmpst5p2293']
[2025-02-11T17:11:03.688+0000] {standard_task_runner.py:105} INFO - Job 3351: Subtask check_file_in_directory
[2025-02-11T17:11:03.723+0000] {task_command.py:467} INFO - Running <TaskInstance: IMPORTATION_ECRITURE_COMPTABLES_ARTICLE_dag.check_file_in_directory scheduled__2025-02-11T17:10:00+00:00 [running]> on host b6443be51f35
[2025-02-11T17:11:03.785+0000] {taskinstance.py:3132} INFO - Exporting env vars: AIRFLOW_CTX_DAG_OWNER='***' AIRFLOW_CTX_DAG_ID='IMPORTATION_ECRITURE_COMPTABLES_ARTICLE_dag' AIRFLOW_CTX_TASK_ID='check_file_in_directory' AIRFLOW_CTX_EXECUTION_DATE='2025-02-11T17:10:00+00:00' AIRFLOW_CTX_TRY_NUMBER='1' AIRFLOW_CTX_DAG_RUN_ID='scheduled__2025-02-11T17:10:00+00:00'
[2025-02-11T17:11:03.786+0000] {logging_mixin.py:190} INFO - Task instance is in running state
[2025-02-11T17:11:03.787+0000] {logging_mixin.py:190} INFO -  Previous state of the Task instance: queued
[2025-02-11T17:11:03.787+0000] {logging_mixin.py:190} INFO - Current task name:check_file_in_directory state:running start_date:2025-02-11 17:11:03.662716+00:00
[2025-02-11T17:11:03.788+0000] {logging_mixin.py:190} INFO - Dag name:IMPORTATION_ECRITURE_COMPTABLES_ARTICLE_dag and current dag run status:running
[2025-02-11T17:11:03.788+0000] {taskinstance.py:731} INFO - ::endgroup::
[2025-02-11T17:11:03.789+0000] {baseoperator.py:421} WARNING - BranchPythonOperator.execute cannot be called outside TaskInstance!
[2025-02-11T17:11:03.790+0000] {logging_mixin.py:190} INFO - ca marche /opt/***/files/in ['.csv']
[2025-02-11T17:11:03.792+0000] {python.py:240} INFO - Done. Returned value was: verify_file_reliability
[2025-02-11T17:11:03.793+0000] {branch.py:38} INFO - Branch into verify_file_reliability
[2025-02-11T17:11:03.794+0000] {skipmixin.py:230} INFO - Following branch ('verify_file_reliability',)
[2025-02-11T17:11:03.801+0000] {skipmixin.py:278} INFO - Skipping tasks []
[2025-02-11T17:11:03.824+0000] {taskinstance.py:340} INFO - ::group::Post task execution logs
[2025-02-11T17:11:03.825+0000] {taskinstance.py:352} INFO - Marking task as SUCCESS. dag_id=IMPORTATION_ECRITURE_COMPTABLES_ARTICLE_dag, task_id=check_file_in_directory, run_id=scheduled__2025-02-11T17:10:00+00:00, execution_date=20250211T171000, start_date=20250211T171103, end_date=20250211T171103
[2025-02-11T17:11:03.832+0000] {logging_mixin.py:190} INFO - Task instance in success state
[2025-02-11T17:11:03.833+0000] {logging_mixin.py:190} INFO -  Previous state of the Task instance: running
[2025-02-11T17:11:03.834+0000] {logging_mixin.py:190} INFO - Dag name:IMPORTATION_ECRITURE_COMPTABLES_ARTICLE_dag queued_at:2025-02-11 17:11:00.553921+00:00
[2025-02-11T17:11:03.834+0000] {logging_mixin.py:190} INFO - Task hostname:b6443be51f35 operator:BranchPythonOperator
[2025-02-11T17:11:03.863+0000] {local_task_job_runner.py:266} INFO - Task exited with return code 0
[2025-02-11T17:11:03.884+0000] {taskinstance.py:3895} INFO - 1 downstream tasks scheduled from follow-on schedule check
[2025-02-11T17:11:03.887+0000] {local_task_job_runner.py:245} INFO - ::endgroup::
