[2025-02-12T09:17:04.483+0000] {local_task_job_runner.py:123} INFO - ::group::Pre task execution logs
[2025-02-12T09:17:04.659+0000] {taskinstance.py:2613} INFO - Dependencies all met for dep_context=non-requeueable deps ti=<TaskInstance: IMPORTATION_ECRITURE_COMPTABLES_ARTICLE_dag.check_file_in_directory scheduled__2025-02-12T09:16:00+00:00 [queued]>
[2025-02-12T09:17:04.671+0000] {taskinstance.py:2613} INFO - Dependencies all met for dep_context=requeueable deps ti=<TaskInstance: IMPORTATION_ECRITURE_COMPTABLES_ARTICLE_dag.check_file_in_directory scheduled__2025-02-12T09:16:00+00:00 [queued]>
[2025-02-12T09:17:04.672+0000] {taskinstance.py:2866} INFO - Starting attempt 1 of 2
[2025-02-12T09:17:04.689+0000] {taskinstance.py:2889} INFO - Executing <Task(BranchPythonOperator): check_file_in_directory> on 2025-02-12 09:16:00+00:00
[2025-02-12T09:17:04.697+0000] {warnings.py:112} WARNING - /home/***/.local/lib/python3.12/site-packages/***/task/task_runner/standard_task_runner.py:70: DeprecationWarning: This process (pid=452) is multi-threaded, use of fork() may lead to deadlocks in the child.
  pid = os.fork()

[2025-02-12T09:17:04.699+0000] {standard_task_runner.py:72} INFO - Started process 454 to run task
[2025-02-12T09:17:04.700+0000] {standard_task_runner.py:104} INFO - Running: ['***', 'tasks', 'run', 'IMPORTATION_ECRITURE_COMPTABLES_ARTICLE_dag', 'check_file_in_directory', 'scheduled__2025-02-12T09:16:00+00:00', '--job-id', '3733', '--raw', '--subdir', 'DAGS_FOLDER/my_directory_and_file_checker.py', '--cfg-path', '/tmp/tmpwk8x2sn8']
[2025-02-12T09:17:04.701+0000] {standard_task_runner.py:105} INFO - Job 3733: Subtask check_file_in_directory
[2025-02-12T09:17:04.755+0000] {task_command.py:467} INFO - Running <TaskInstance: IMPORTATION_ECRITURE_COMPTABLES_ARTICLE_dag.check_file_in_directory scheduled__2025-02-12T09:16:00+00:00 [running]> on host b6443be51f35
[2025-02-12T09:17:04.888+0000] {taskinstance.py:3132} INFO - Exporting env vars: AIRFLOW_CTX_DAG_OWNER='***' AIRFLOW_CTX_DAG_ID='IMPORTATION_ECRITURE_COMPTABLES_ARTICLE_dag' AIRFLOW_CTX_TASK_ID='check_file_in_directory' AIRFLOW_CTX_EXECUTION_DATE='2025-02-12T09:16:00+00:00' AIRFLOW_CTX_TRY_NUMBER='1' AIRFLOW_CTX_DAG_RUN_ID='scheduled__2025-02-12T09:16:00+00:00'
[2025-02-12T09:17:04.890+0000] {logging_mixin.py:190} INFO - Task instance is in running state
[2025-02-12T09:17:04.891+0000] {logging_mixin.py:190} INFO -  Previous state of the Task instance: queued
[2025-02-12T09:17:04.891+0000] {logging_mixin.py:190} INFO - Current task name:check_file_in_directory state:running start_date:2025-02-12 09:17:04.660083+00:00
[2025-02-12T09:17:04.892+0000] {logging_mixin.py:190} INFO - Dag name:IMPORTATION_ECRITURE_COMPTABLES_ARTICLE_dag and current dag run status:running
[2025-02-12T09:17:04.892+0000] {taskinstance.py:731} INFO - ::endgroup::
[2025-02-12T09:17:04.893+0000] {baseoperator.py:421} WARNING - BranchPythonOperator.execute cannot be called outside TaskInstance!
[2025-02-12T09:17:04.894+0000] {logging_mixin.py:190} INFO - ca marche /opt/***/files/in ['.csv']
[2025-02-12T09:17:04.896+0000] {python.py:240} INFO - Done. Returned value was: verify_file_reliability
[2025-02-12T09:17:04.897+0000] {branch.py:38} INFO - Branch into verify_file_reliability
[2025-02-12T09:17:04.898+0000] {skipmixin.py:230} INFO - Following branch ('verify_file_reliability',)
[2025-02-12T09:17:04.913+0000] {skipmixin.py:278} INFO - Skipping tasks []
[2025-02-12T09:17:04.947+0000] {taskinstance.py:340} INFO - ::group::Post task execution logs
[2025-02-12T09:17:04.948+0000] {taskinstance.py:352} INFO - Marking task as SUCCESS. dag_id=IMPORTATION_ECRITURE_COMPTABLES_ARTICLE_dag, task_id=check_file_in_directory, run_id=scheduled__2025-02-12T09:16:00+00:00, execution_date=20250212T091600, start_date=20250212T091704, end_date=20250212T091704
[2025-02-12T09:17:04.961+0000] {logging_mixin.py:190} INFO - Task instance in success state
[2025-02-12T09:17:04.962+0000] {logging_mixin.py:190} INFO -  Previous state of the Task instance: running
[2025-02-12T09:17:04.963+0000] {logging_mixin.py:190} INFO - Dag name:IMPORTATION_ECRITURE_COMPTABLES_ARTICLE_dag queued_at:2025-02-12 09:17:00.083720+00:00
[2025-02-12T09:17:04.963+0000] {logging_mixin.py:190} INFO - Task hostname:b6443be51f35 operator:BranchPythonOperator
[2025-02-12T09:17:04.998+0000] {local_task_job_runner.py:266} INFO - Task exited with return code 0
[2025-02-12T09:17:05.009+0000] {local_task_job_runner.py:245} INFO - ::endgroup::
