[2025-02-01T20:02:44.807+0000] {local_task_job_runner.py:123} INFO - ::group::Pre task execution logs
[2025-02-01T20:02:44.833+0000] {taskinstance.py:2613} INFO - Dependencies all met for dep_context=non-requeueable deps ti=<TaskInstance: directory_and_file_verification_dag.check_directory manual__2025-02-01T20:02:41.679315+00:00 [queued]>
[2025-02-01T20:02:44.842+0000] {taskinstance.py:2613} INFO - Dependencies all met for dep_context=requeueable deps ti=<TaskInstance: directory_and_file_verification_dag.check_directory manual__2025-02-01T20:02:41.679315+00:00 [queued]>
[2025-02-01T20:02:44.843+0000] {taskinstance.py:2866} INFO - Starting attempt 1 of 1
[2025-02-01T20:02:44.862+0000] {taskinstance.py:2889} INFO - Executing <Task(BranchPythonOperator): check_directory> on 2025-02-01 20:02:41.679315+00:00
[2025-02-01T20:02:44.869+0000] {warnings.py:112} WARNING - /home/***/.local/lib/python3.12/site-packages/***/task/task_runner/standard_task_runner.py:70: DeprecationWarning: This process (pid=953) is multi-threaded, use of fork() may lead to deadlocks in the child.
  pid = os.fork()

[2025-02-01T20:02:44.870+0000] {standard_task_runner.py:72} INFO - Started process 955 to run task
[2025-02-01T20:02:44.871+0000] {standard_task_runner.py:104} INFO - Running: ['***', 'tasks', 'run', 'directory_and_file_verification_dag', 'check_directory', 'manual__2025-02-01T20:02:41.679315+00:00', '--job-id', '86', '--raw', '--subdir', 'DAGS_FOLDER/my_directory_and_file_checker.py', '--cfg-path', '/tmp/tmpa9iyrl9v']
[2025-02-01T20:02:44.872+0000] {standard_task_runner.py:105} INFO - Job 86: Subtask check_directory
[2025-02-01T20:02:44.938+0000] {task_command.py:467} INFO - Running <TaskInstance: directory_and_file_verification_dag.check_directory manual__2025-02-01T20:02:41.679315+00:00 [running]> on host f85a165ecee3
[2025-02-01T20:02:45.281+0000] {taskinstance.py:3132} INFO - Exporting env vars: AIRFLOW_CTX_DAG_OWNER='***' AIRFLOW_CTX_DAG_ID='directory_and_file_verification_dag' AIRFLOW_CTX_TASK_ID='check_directory' AIRFLOW_CTX_EXECUTION_DATE='2025-02-01T20:02:41.679315+00:00' AIRFLOW_CTX_TRY_NUMBER='1' AIRFLOW_CTX_DAG_RUN_ID='manual__2025-02-01T20:02:41.679315+00:00'
[2025-02-01T20:02:45.282+0000] {logging_mixin.py:190} INFO - Task instance is in running state
[2025-02-01T20:02:45.283+0000] {logging_mixin.py:190} INFO -  Previous state of the Task instance: queued
[2025-02-01T20:02:45.284+0000] {logging_mixin.py:190} INFO - Current task name:check_directory state:running start_date:2025-02-01 20:02:44.834246+00:00
[2025-02-01T20:02:45.284+0000] {logging_mixin.py:190} INFO - Dag name:directory_and_file_verification_dag and current dag run status:running
[2025-02-01T20:02:45.284+0000] {taskinstance.py:731} INFO - ::endgroup::
[2025-02-01T20:02:45.285+0000] {baseoperator.py:421} WARNING - BranchPythonOperator.execute cannot be called outside TaskInstance!
[2025-02-01T20:02:45.286+0000] {logging_mixin.py:190} INFO - boris2025
[2025-02-01T20:02:45.286+0000] {python.py:240} INFO - Done. Returned value was: end
[2025-02-01T20:02:45.287+0000] {branch.py:38} INFO - Branch into end
[2025-02-01T20:02:45.287+0000] {skipmixin.py:230} INFO - Following branch ('end',)
[2025-02-01T20:02:45.300+0000] {skipmixin.py:278} INFO - Skipping tasks [('check_file_in_directory', -1)]
[2025-02-01T20:02:45.335+0000] {taskinstance.py:340} INFO - ::group::Post task execution logs
[2025-02-01T20:02:45.336+0000] {taskinstance.py:352} INFO - Marking task as SUCCESS. dag_id=directory_and_file_verification_dag, task_id=check_directory, run_id=manual__2025-02-01T20:02:41.679315+00:00, execution_date=20250201T200241, start_date=20250201T200244, end_date=20250201T200245
[2025-02-01T20:02:45.346+0000] {logging_mixin.py:190} INFO - Task instance in success state
[2025-02-01T20:02:45.346+0000] {logging_mixin.py:190} INFO -  Previous state of the Task instance: running
[2025-02-01T20:02:45.347+0000] {logging_mixin.py:190} INFO - Dag name:directory_and_file_verification_dag queued_at:2025-02-01 20:02:41.718959+00:00
[2025-02-01T20:02:45.347+0000] {logging_mixin.py:190} INFO - Task hostname:f85a165ecee3 operator:BranchPythonOperator
[2025-02-01T20:02:45.367+0000] {local_task_job_runner.py:266} INFO - Task exited with return code 0
[2025-02-01T20:02:45.573+0000] {taskinstance.py:3895} INFO - 0 downstream tasks scheduled from follow-on schedule check
[2025-02-01T20:02:45.582+0000] {local_task_job_runner.py:245} INFO - ::endgroup::
