[2025-02-07T22:23:12.984+0000] {local_task_job_runner.py:123} INFO - ::group::Pre task execution logs
[2025-02-07T22:23:14.595+0000] {taskinstance.py:2613} INFO - Dependencies all met for dep_context=non-requeueable deps ti=<TaskInstance: directory_and_file_verification_dag.check_file_in_directory scheduled__2025-02-07T00:02:00+00:00 [queued]>
[2025-02-07T22:23:14.773+0000] {taskinstance.py:2613} INFO - Dependencies all met for dep_context=requeueable deps ti=<TaskInstance: directory_and_file_verification_dag.check_file_in_directory scheduled__2025-02-07T00:02:00+00:00 [queued]>
[2025-02-07T22:23:14.776+0000] {taskinstance.py:2866} INFO - Starting attempt 1 of 1
[2025-02-07T22:23:14.999+0000] {taskinstance.py:2889} INFO - Executing <Task(BranchPythonOperator): check_file_in_directory> on 2025-02-07 00:02:00+00:00
[2025-02-07T22:23:15.054+0000] {warnings.py:112} WARNING - /home/***/.local/lib/python3.12/site-packages/***/task/task_runner/standard_task_runner.py:70: DeprecationWarning: This process (pid=19234) is multi-threaded, use of fork() may lead to deadlocks in the child.
  pid = os.fork()

[2025-02-07T22:23:15.081+0000] {standard_task_runner.py:72} INFO - Started process 19302 to run task
[2025-02-07T22:23:15.118+0000] {standard_task_runner.py:104} INFO - Running: ['***', 'tasks', 'run', 'directory_and_file_verification_dag', 'check_file_in_directory', 'scheduled__2025-02-07T00:02:00+00:00', '--job-id', '913', '--raw', '--subdir', 'DAGS_FOLDER/my_directory_and_file_checker.py', '--cfg-path', '/tmp/tmpj5j7lyqr']
[2025-02-07T22:23:15.120+0000] {standard_task_runner.py:105} INFO - Job 913: Subtask check_file_in_directory
[2025-02-07T22:23:15.588+0000] {task_command.py:467} INFO - Running <TaskInstance: directory_and_file_verification_dag.check_file_in_directory scheduled__2025-02-07T00:02:00+00:00 [running]> on host 003b7fbea265
[2025-02-07T22:23:16.458+0000] {taskinstance.py:3132} INFO - Exporting env vars: AIRFLOW_CTX_DAG_OWNER='***' AIRFLOW_CTX_DAG_ID='directory_and_file_verification_dag' AIRFLOW_CTX_TASK_ID='check_file_in_directory' AIRFLOW_CTX_EXECUTION_DATE='2025-02-07T00:02:00+00:00' AIRFLOW_CTX_TRY_NUMBER='1' AIRFLOW_CTX_DAG_RUN_ID='scheduled__2025-02-07T00:02:00+00:00'
[2025-02-07T22:23:16.462+0000] {logging_mixin.py:190} INFO - Task instance is in running state
[2025-02-07T22:23:16.463+0000] {logging_mixin.py:190} INFO -  Previous state of the Task instance: queued
[2025-02-07T22:23:16.465+0000] {logging_mixin.py:190} INFO - Current task name:check_file_in_directory state:running start_date:2025-02-07 22:23:14.611616+00:00
[2025-02-07T22:23:16.466+0000] {logging_mixin.py:190} INFO - Dag name:directory_and_file_verification_dag and current dag run status:running
[2025-02-07T22:23:16.467+0000] {taskinstance.py:731} INFO - ::endgroup::
[2025-02-07T22:23:16.468+0000] {baseoperator.py:421} WARNING - BranchPythonOperator.execute cannot be called outside TaskInstance!
[2025-02-07T22:23:16.472+0000] {python.py:240} INFO - Done. Returned value was: verify_file_reliability
[2025-02-07T22:23:16.473+0000] {branch.py:38} INFO - Branch into verify_file_reliability
[2025-02-07T22:23:16.475+0000] {skipmixin.py:230} INFO - Following branch ('verify_file_reliability',)
[2025-02-07T22:23:16.579+0000] {skipmixin.py:278} INFO - Skipping tasks []
[2025-02-07T22:23:16.944+0000] {taskinstance.py:340} INFO - ::group::Post task execution logs
[2025-02-07T22:23:16.976+0000] {taskinstance.py:352} INFO - Marking task as SUCCESS. dag_id=directory_and_file_verification_dag, task_id=check_file_in_directory, run_id=scheduled__2025-02-07T00:02:00+00:00, execution_date=20250207T000200, start_date=20250207T222314, end_date=20250207T222316
[2025-02-07T22:23:17.236+0000] {logging_mixin.py:190} INFO - Task instance in success state
[2025-02-07T22:23:17.250+0000] {logging_mixin.py:190} INFO -  Previous state of the Task instance: running
[2025-02-07T22:23:17.255+0000] {logging_mixin.py:190} INFO - Dag name:directory_and_file_verification_dag queued_at:2025-02-07 22:21:14.839141+00:00
[2025-02-07T22:23:17.258+0000] {logging_mixin.py:190} INFO - Task hostname:003b7fbea265 operator:BranchPythonOperator
[2025-02-07T22:23:17.312+0000] {local_task_job_runner.py:266} INFO - Task exited with return code 0
[2025-02-07T22:23:17.556+0000] {taskinstance.py:3895} INFO - 1 downstream tasks scheduled from follow-on schedule check
[2025-02-07T22:23:17.582+0000] {local_task_job_runner.py:245} INFO - ::endgroup::
