[2025-02-11T15:45:05.728+0000] {local_task_job_runner.py:123} INFO - ::group::Pre task execution logs
[2025-02-11T15:45:05.899+0000] {taskinstance.py:2613} INFO - Dependencies all met for dep_context=non-requeueable deps ti=<TaskInstance: IMPORTATION_ECRITURE_COMPTABLES_ARTICLE_dag.check_file_in_directory scheduled__2025-02-11T15:44:00+00:00 [queued]>
[2025-02-11T15:45:05.909+0000] {taskinstance.py:2613} INFO - Dependencies all met for dep_context=requeueable deps ti=<TaskInstance: IMPORTATION_ECRITURE_COMPTABLES_ARTICLE_dag.check_file_in_directory scheduled__2025-02-11T15:44:00+00:00 [queued]>
[2025-02-11T15:45:05.910+0000] {taskinstance.py:2866} INFO - Starting attempt 1 of 2
[2025-02-11T15:45:05.925+0000] {taskinstance.py:2889} INFO - Executing <Task(BranchPythonOperator): check_file_in_directory> on 2025-02-11 15:44:00+00:00
[2025-02-11T15:45:05.933+0000] {warnings.py:112} WARNING - /home/***/.local/lib/python3.12/site-packages/***/task/task_runner/standard_task_runner.py:70: DeprecationWarning: This process (pid=927) is multi-threaded, use of fork() may lead to deadlocks in the child.
  pid = os.fork()

[2025-02-11T15:45:05.934+0000] {standard_task_runner.py:72} INFO - Started process 929 to run task
[2025-02-11T15:45:05.935+0000] {standard_task_runner.py:104} INFO - Running: ['***', 'tasks', 'run', 'IMPORTATION_ECRITURE_COMPTABLES_ARTICLE_dag', 'check_file_in_directory', 'scheduled__2025-02-11T15:44:00+00:00', '--job-id', '3003', '--raw', '--subdir', 'DAGS_FOLDER/my_directory_and_file_checker.py', '--cfg-path', '/tmp/tmp4x8vj3xw']
[2025-02-11T15:45:05.936+0000] {standard_task_runner.py:105} INFO - Job 3003: Subtask check_file_in_directory
[2025-02-11T15:45:05.991+0000] {task_command.py:467} INFO - Running <TaskInstance: IMPORTATION_ECRITURE_COMPTABLES_ARTICLE_dag.check_file_in_directory scheduled__2025-02-11T15:44:00+00:00 [running]> on host b6443be51f35
[2025-02-11T15:45:06.105+0000] {taskinstance.py:3132} INFO - Exporting env vars: AIRFLOW_CTX_DAG_OWNER='***' AIRFLOW_CTX_DAG_ID='IMPORTATION_ECRITURE_COMPTABLES_ARTICLE_dag' AIRFLOW_CTX_TASK_ID='check_file_in_directory' AIRFLOW_CTX_EXECUTION_DATE='2025-02-11T15:44:00+00:00' AIRFLOW_CTX_TRY_NUMBER='1' AIRFLOW_CTX_DAG_RUN_ID='scheduled__2025-02-11T15:44:00+00:00'
[2025-02-11T15:45:06.107+0000] {logging_mixin.py:190} INFO - Task instance is in running state
[2025-02-11T15:45:06.107+0000] {logging_mixin.py:190} INFO -  Previous state of the Task instance: queued
[2025-02-11T15:45:06.108+0000] {logging_mixin.py:190} INFO - Current task name:check_file_in_directory state:running start_date:2025-02-11 15:45:05.900303+00:00
[2025-02-11T15:45:06.108+0000] {logging_mixin.py:190} INFO - Dag name:IMPORTATION_ECRITURE_COMPTABLES_ARTICLE_dag and current dag run status:running
[2025-02-11T15:45:06.109+0000] {taskinstance.py:731} INFO - ::endgroup::
[2025-02-11T15:45:06.110+0000] {baseoperator.py:421} WARNING - BranchPythonOperator.execute cannot be called outside TaskInstance!
[2025-02-11T15:45:06.111+0000] {logging_mixin.py:190} INFO - ca marche /opt/***/files/in ['.csv']
[2025-02-11T15:45:06.113+0000] {python.py:240} INFO - Done. Returned value was: verify_file_reliability
[2025-02-11T15:45:06.114+0000] {branch.py:38} INFO - Branch into verify_file_reliability
[2025-02-11T15:45:06.114+0000] {skipmixin.py:230} INFO - Following branch ('verify_file_reliability',)
[2025-02-11T15:45:06.124+0000] {skipmixin.py:278} INFO - Skipping tasks []
[2025-02-11T15:45:06.156+0000] {taskinstance.py:340} INFO - ::group::Post task execution logs
[2025-02-11T15:45:06.157+0000] {taskinstance.py:352} INFO - Marking task as SUCCESS. dag_id=IMPORTATION_ECRITURE_COMPTABLES_ARTICLE_dag, task_id=check_file_in_directory, run_id=scheduled__2025-02-11T15:44:00+00:00, execution_date=20250211T154400, start_date=20250211T154505, end_date=20250211T154506
[2025-02-11T15:45:06.168+0000] {logging_mixin.py:190} INFO - Task instance in success state
[2025-02-11T15:45:06.169+0000] {logging_mixin.py:190} INFO -  Previous state of the Task instance: running
[2025-02-11T15:45:06.169+0000] {logging_mixin.py:190} INFO - Dag name:IMPORTATION_ECRITURE_COMPTABLES_ARTICLE_dag queued_at:2025-02-11 15:45:01.048694+00:00
[2025-02-11T15:45:06.169+0000] {logging_mixin.py:190} INFO - Task hostname:b6443be51f35 operator:BranchPythonOperator
[2025-02-11T15:45:06.190+0000] {local_task_job_runner.py:266} INFO - Task exited with return code 0
[2025-02-11T15:45:06.225+0000] {taskinstance.py:3895} INFO - 1 downstream tasks scheduled from follow-on schedule check
[2025-02-11T15:45:06.229+0000] {local_task_job_runner.py:245} INFO - ::endgroup::
[2025-02-11T15:45:34.196+0000] {local_task_job_runner.py:123} INFO - ::group::Pre task execution logs
[2025-02-11T15:45:34.368+0000] {taskinstance.py:2613} INFO - Dependencies all met for dep_context=non-requeueable deps ti=<TaskInstance: IMPORTATION_ECRITURE_COMPTABLES_ARTICLE_dag.check_file_in_directory scheduled__2025-02-11T15:44:00+00:00 [queued]>
[2025-02-11T15:45:34.382+0000] {taskinstance.py:2613} INFO - Dependencies all met for dep_context=requeueable deps ti=<TaskInstance: IMPORTATION_ECRITURE_COMPTABLES_ARTICLE_dag.check_file_in_directory scheduled__2025-02-11T15:44:00+00:00 [queued]>
[2025-02-11T15:45:34.383+0000] {taskinstance.py:2866} INFO - Starting attempt 1 of 2
[2025-02-11T15:45:34.400+0000] {taskinstance.py:2889} INFO - Executing <Task(BranchPythonOperator): check_file_in_directory> on 2025-02-11 15:44:00+00:00
[2025-02-11T15:45:34.411+0000] {warnings.py:112} WARNING - /home/***/.local/lib/python3.12/site-packages/***/task/task_runner/standard_task_runner.py:70: DeprecationWarning: This process (pid=950) is multi-threaded, use of fork() may lead to deadlocks in the child.
  pid = os.fork()

[2025-02-11T15:45:34.414+0000] {standard_task_runner.py:72} INFO - Started process 952 to run task
[2025-02-11T15:45:34.414+0000] {standard_task_runner.py:104} INFO - Running: ['***', 'tasks', 'run', 'IMPORTATION_ECRITURE_COMPTABLES_ARTICLE_dag', 'check_file_in_directory', 'scheduled__2025-02-11T15:44:00+00:00', '--job-id', '3007', '--raw', '--subdir', 'DAGS_FOLDER/my_directory_and_file_checker.py', '--cfg-path', '/tmp/tmp5u2_9swg']
[2025-02-11T15:45:34.415+0000] {standard_task_runner.py:105} INFO - Job 3007: Subtask check_file_in_directory
[2025-02-11T15:45:34.470+0000] {task_command.py:467} INFO - Running <TaskInstance: IMPORTATION_ECRITURE_COMPTABLES_ARTICLE_dag.check_file_in_directory scheduled__2025-02-11T15:44:00+00:00 [running]> on host b6443be51f35
[2025-02-11T15:45:34.575+0000] {taskinstance.py:3132} INFO - Exporting env vars: AIRFLOW_CTX_DAG_OWNER='***' AIRFLOW_CTX_DAG_ID='IMPORTATION_ECRITURE_COMPTABLES_ARTICLE_dag' AIRFLOW_CTX_TASK_ID='check_file_in_directory' AIRFLOW_CTX_EXECUTION_DATE='2025-02-11T15:44:00+00:00' AIRFLOW_CTX_TRY_NUMBER='1' AIRFLOW_CTX_DAG_RUN_ID='scheduled__2025-02-11T15:44:00+00:00'
[2025-02-11T15:45:34.577+0000] {logging_mixin.py:190} INFO - Task instance is in running state
[2025-02-11T15:45:34.578+0000] {logging_mixin.py:190} INFO -  Previous state of the Task instance: queued
[2025-02-11T15:45:34.578+0000] {logging_mixin.py:190} INFO - Current task name:check_file_in_directory state:running start_date:2025-02-11 15:45:34.369237+00:00
[2025-02-11T15:45:34.579+0000] {logging_mixin.py:190} INFO - Dag name:IMPORTATION_ECRITURE_COMPTABLES_ARTICLE_dag and current dag run status:running
[2025-02-11T15:45:34.580+0000] {taskinstance.py:731} INFO - ::endgroup::
[2025-02-11T15:45:34.581+0000] {baseoperator.py:421} WARNING - BranchPythonOperator.execute cannot be called outside TaskInstance!
[2025-02-11T15:45:34.582+0000] {logging_mixin.py:190} INFO - ca marche /opt/***/files/in ['.csv']
[2025-02-11T15:45:34.586+0000] {python.py:240} INFO - Done. Returned value was: verify_file_reliability
[2025-02-11T15:45:34.587+0000] {branch.py:38} INFO - Branch into verify_file_reliability
[2025-02-11T15:45:34.587+0000] {skipmixin.py:230} INFO - Following branch ('verify_file_reliability',)
[2025-02-11T15:45:34.599+0000] {skipmixin.py:278} INFO - Skipping tasks []
[2025-02-11T15:45:34.633+0000] {taskinstance.py:340} INFO - ::group::Post task execution logs
[2025-02-11T15:45:34.634+0000] {taskinstance.py:352} INFO - Marking task as SUCCESS. dag_id=IMPORTATION_ECRITURE_COMPTABLES_ARTICLE_dag, task_id=check_file_in_directory, run_id=scheduled__2025-02-11T15:44:00+00:00, execution_date=20250211T154400, start_date=20250211T154534, end_date=20250211T154534
[2025-02-11T15:45:34.645+0000] {logging_mixin.py:190} INFO - Task instance in success state
[2025-02-11T15:45:34.646+0000] {logging_mixin.py:190} INFO -  Previous state of the Task instance: running
[2025-02-11T15:45:34.646+0000] {logging_mixin.py:190} INFO - Dag name:IMPORTATION_ECRITURE_COMPTABLES_ARTICLE_dag queued_at:2025-02-11 15:45:29.484368+00:00
[2025-02-11T15:45:34.647+0000] {logging_mixin.py:190} INFO - Task hostname:b6443be51f35 operator:BranchPythonOperator
[2025-02-11T15:45:34.670+0000] {local_task_job_runner.py:266} INFO - Task exited with return code 0
[2025-02-11T15:45:34.708+0000] {taskinstance.py:3895} INFO - 1 downstream tasks scheduled from follow-on schedule check
[2025-02-11T15:45:34.712+0000] {local_task_job_runner.py:245} INFO - ::endgroup::
