[2025-02-05T00:07:25.645+0000] {local_task_job_runner.py:123} INFO - ::group::Pre task execution logs
[2025-02-05T00:07:25.662+0000] {taskinstance.py:2613} INFO - Dependencies all met for dep_context=non-requeueable deps ti=<TaskInstance: directory_and_file_verification_dag.check_file_in_directory manual__2025-02-05T00:07:20.081498+00:00 [queued]>
[2025-02-05T00:07:25.670+0000] {taskinstance.py:2613} INFO - Dependencies all met for dep_context=requeueable deps ti=<TaskInstance: directory_and_file_verification_dag.check_file_in_directory manual__2025-02-05T00:07:20.081498+00:00 [queued]>
[2025-02-05T00:07:25.671+0000] {taskinstance.py:2866} INFO - Starting attempt 1 of 1
[2025-02-05T00:07:25.784+0000] {taskinstance.py:2889} INFO - Executing <Task(BranchPythonOperator): check_file_in_directory> on 2025-02-05 00:07:20.081498+00:00
[2025-02-05T00:07:25.790+0000] {warnings.py:112} WARNING - /home/***/.local/lib/python3.12/site-packages/***/task/task_runner/standard_task_runner.py:70: DeprecationWarning: This process (pid=1086) is multi-threaded, use of fork() may lead to deadlocks in the child.
  pid = os.fork()

[2025-02-05T00:07:25.791+0000] {standard_task_runner.py:72} INFO - Started process 1088 to run task
[2025-02-05T00:07:25.791+0000] {standard_task_runner.py:104} INFO - Running: ['***', 'tasks', 'run', 'directory_and_file_verification_dag', 'check_file_in_directory', 'manual__2025-02-05T00:07:20.081498+00:00', '--job-id', '515', '--raw', '--subdir', 'DAGS_FOLDER/my_directory_and_file_checker.py', '--cfg-path', '/tmp/tmpao_jcmtk']
[2025-02-05T00:07:25.792+0000] {standard_task_runner.py:105} INFO - Job 515: Subtask check_file_in_directory
[2025-02-05T00:07:25.832+0000] {task_command.py:467} INFO - Running <TaskInstance: directory_and_file_verification_dag.check_file_in_directory manual__2025-02-05T00:07:20.081498+00:00 [running]> on host 003b7fbea265
[2025-02-05T00:07:25.894+0000] {taskinstance.py:3132} INFO - Exporting env vars: AIRFLOW_CTX_DAG_OWNER='***' AIRFLOW_CTX_DAG_ID='directory_and_file_verification_dag' AIRFLOW_CTX_TASK_ID='check_file_in_directory' AIRFLOW_CTX_EXECUTION_DATE='2025-02-05T00:07:20.081498+00:00' AIRFLOW_CTX_TRY_NUMBER='1' AIRFLOW_CTX_DAG_RUN_ID='manual__2025-02-05T00:07:20.081498+00:00'
[2025-02-05T00:07:25.896+0000] {logging_mixin.py:190} INFO - Task instance is in running state
[2025-02-05T00:07:25.897+0000] {logging_mixin.py:190} INFO -  Previous state of the Task instance: queued
[2025-02-05T00:07:25.897+0000] {logging_mixin.py:190} INFO - Current task name:check_file_in_directory state:running start_date:2025-02-05 00:07:25.663143+00:00
[2025-02-05T00:07:25.898+0000] {logging_mixin.py:190} INFO - Dag name:directory_and_file_verification_dag and current dag run status:running
[2025-02-05T00:07:25.899+0000] {taskinstance.py:731} INFO - ::endgroup::
[2025-02-05T00:07:25.899+0000] {baseoperator.py:421} WARNING - BranchPythonOperator.execute cannot be called outside TaskInstance!
[2025-02-05T00:07:25.903+0000] {python.py:240} INFO - Done. Returned value was: verify_file_reliability
[2025-02-05T00:07:25.904+0000] {branch.py:38} INFO - Branch into verify_file_reliability
[2025-02-05T00:07:25.904+0000] {skipmixin.py:230} INFO - Following branch ('verify_file_reliability',)
[2025-02-05T00:07:25.916+0000] {skipmixin.py:278} INFO - Skipping tasks []
[2025-02-05T00:07:25.941+0000] {taskinstance.py:340} INFO - ::group::Post task execution logs
[2025-02-05T00:07:25.942+0000] {taskinstance.py:352} INFO - Marking task as SUCCESS. dag_id=directory_and_file_verification_dag, task_id=check_file_in_directory, run_id=manual__2025-02-05T00:07:20.081498+00:00, execution_date=20250205T000720, start_date=20250205T000725, end_date=20250205T000725
[2025-02-05T00:07:25.951+0000] {logging_mixin.py:190} INFO - Task instance in success state
[2025-02-05T00:07:25.952+0000] {logging_mixin.py:190} INFO -  Previous state of the Task instance: running
[2025-02-05T00:07:25.952+0000] {logging_mixin.py:190} INFO - Dag name:directory_and_file_verification_dag queued_at:2025-02-05 00:07:20.101235+00:00
[2025-02-05T00:07:25.953+0000] {logging_mixin.py:190} INFO - Task hostname:003b7fbea265 operator:BranchPythonOperator
[2025-02-05T00:07:25.967+0000] {local_task_job_runner.py:266} INFO - Task exited with return code 0
[2025-02-05T00:07:25.992+0000] {taskinstance.py:3895} INFO - 1 downstream tasks scheduled from follow-on schedule check
[2025-02-05T00:07:25.994+0000] {local_task_job_runner.py:245} INFO - ::endgroup::
