[2025-02-07T10:51:00.570+0000] {local_task_job_runner.py:123} INFO - ::group::Pre task execution logs
[2025-02-07T10:51:00.596+0000] {taskinstance.py:2613} INFO - Dependencies all met for dep_context=non-requeueable deps ti=<TaskInstance: directory_and_file_verification_dag.verify_file_reliability manual__2025-02-07T10:50:52.106518+00:00 [queued]>
[2025-02-07T10:51:00.609+0000] {taskinstance.py:2613} INFO - Dependencies all met for dep_context=requeueable deps ti=<TaskInstance: directory_and_file_verification_dag.verify_file_reliability manual__2025-02-07T10:50:52.106518+00:00 [queued]>
[2025-02-07T10:51:00.609+0000] {taskinstance.py:2866} INFO - Starting attempt 1 of 1
[2025-02-07T10:51:00.625+0000] {taskinstance.py:2889} INFO - Executing <Task(BranchPythonOperator): verify_file_reliability> on 2025-02-07 10:50:52.106518+00:00
[2025-02-07T10:51:00.633+0000] {warnings.py:112} WARNING - /home/***/.local/lib/python3.12/site-packages/***/task/task_runner/standard_task_runner.py:70: DeprecationWarning: This process (pid=13130) is multi-threaded, use of fork() may lead to deadlocks in the child.
  pid = os.fork()

[2025-02-07T10:51:00.636+0000] {standard_task_runner.py:72} INFO - Started process 13132 to run task
[2025-02-07T10:51:00.636+0000] {standard_task_runner.py:104} INFO - Running: ['***', 'tasks', 'run', 'directory_and_file_verification_dag', 'verify_file_reliability', 'manual__2025-02-07T10:50:52.106518+00:00', '--job-id', '799', '--raw', '--subdir', 'DAGS_FOLDER/my_directory_and_file_checker.py', '--cfg-path', '/tmp/tmpf9n65a75']
[2025-02-07T10:51:00.638+0000] {standard_task_runner.py:105} INFO - Job 799: Subtask verify_file_reliability
[2025-02-07T10:51:00.687+0000] {task_command.py:467} INFO - Running <TaskInstance: directory_and_file_verification_dag.verify_file_reliability manual__2025-02-07T10:50:52.106518+00:00 [running]> on host 003b7fbea265
[2025-02-07T10:51:00.975+0000] {taskinstance.py:3132} INFO - Exporting env vars: AIRFLOW_CTX_DAG_OWNER='***' AIRFLOW_CTX_DAG_ID='directory_and_file_verification_dag' AIRFLOW_CTX_TASK_ID='verify_file_reliability' AIRFLOW_CTX_EXECUTION_DATE='2025-02-07T10:50:52.106518+00:00' AIRFLOW_CTX_TRY_NUMBER='1' AIRFLOW_CTX_DAG_RUN_ID='manual__2025-02-07T10:50:52.106518+00:00'
[2025-02-07T10:51:00.976+0000] {logging_mixin.py:190} INFO - Task instance is in running state
[2025-02-07T10:51:00.977+0000] {logging_mixin.py:190} INFO -  Previous state of the Task instance: queued
[2025-02-07T10:51:00.977+0000] {logging_mixin.py:190} INFO - Current task name:verify_file_reliability state:running start_date:2025-02-07 10:51:00.597112+00:00
[2025-02-07T10:51:00.978+0000] {logging_mixin.py:190} INFO - Dag name:directory_and_file_verification_dag and current dag run status:running
[2025-02-07T10:51:00.979+0000] {taskinstance.py:731} INFO - ::endgroup::
[2025-02-07T10:51:00.980+0000] {baseoperator.py:421} WARNING - BranchPythonOperator.execute cannot be called outside TaskInstance!
[2025-02-07T10:51:00.994+0000] {my_directory_and_file_checker.py:101} ERROR - ❌ Erreur d'encodage (utf-8) pour Écritures.csv: 'utf-8' codec can't decode byte 0xb0 in position 1: invalid start byte
[2025-02-07T10:51:01.011+0000] {logging_mixin.py:190} INFO - 
📂 Contenu du fichier (ISO-8859-1): Écritures.csv
[2025-02-07T10:51:01.022+0000] {logging_mixin.py:190} INFO -   Date comptabilisation       N° lot Type écriture
0            31/12/2024  A-BNDK 2304    Production
1            31/12/2024  B-BNDK 2304    Production
2            31/12/2024  C-BNDK 2304    Production
3            31/12/2024  D-BNDK 2304    Production
4            31/12/2024  E-BNDK 2304    Production
[2025-02-07T10:51:01.029+0000] {logging_mixin.py:190} INFO - borisPanda3 <class 'pandas.core.frame.DataFrame'>   Accounting_Date   Lot_Number Type_ecriture
0      31/12/2024  A-BNDK 2304    Production
1      31/12/2024  B-BNDK 2304    Production
2      31/12/2024  C-BNDK 2304    Production
3      31/12/2024  D-BNDK 2304    Production
4      31/12/2024  E-BNDK 2304    Production
[2025-02-07T10:52:08.605+0000] {logging_mixin.py:190} INFO - ✅Lignes  ('✅ Le fichier respecte les colonnes attendues et les types de données.', True) 9854
[2025-02-07T10:52:08.609+0000] {logging_mixin.py:190} INFO - merci
[2025-02-07T10:52:08.621+0000] {base.py:84} INFO - Retrieving connection 'mysql_conn'
[2025-02-07T10:52:08.640+0000] {logging_mixin.py:190} INFO - (('attendancedb',), ('caprostockdb',), ('information_schema',), ('mysql',), ('netvision_db',), ('performance_schema',), ('pointing_db',), ('posgpt_db',), ('pythondb',), ('sys',), ('testimportdb',))
[2025-02-07T10:52:09.377+0000] {sql.py:691} INFO - Loaded 1000 rows into temp_ecc so far
[2025-02-07T10:52:10.008+0000] {sql.py:691} INFO - Loaded 2000 rows into temp_ecc so far
[2025-02-07T10:52:10.666+0000] {sql.py:691} INFO - Loaded 3000 rows into temp_ecc so far
[2025-02-07T10:52:11.368+0000] {sql.py:691} INFO - Loaded 4000 rows into temp_ecc so far
[2025-02-07T10:52:12.042+0000] {sql.py:691} INFO - Loaded 5000 rows into temp_ecc so far
[2025-02-07T10:52:12.778+0000] {sql.py:691} INFO - Loaded 6000 rows into temp_ecc so far
[2025-02-07T10:52:13.469+0000] {sql.py:691} INFO - Loaded 7000 rows into temp_ecc so far
[2025-02-07T10:52:14.146+0000] {sql.py:691} INFO - Loaded 8000 rows into temp_ecc so far
[2025-02-07T10:52:14.773+0000] {sql.py:691} INFO - Loaded 9000 rows into temp_ecc so far
[2025-02-07T10:52:15.317+0000] {sql.py:694} INFO - Done loading. Loaded a total of 9854 rows into temp_ecc
[2025-02-07T10:52:15.318+0000] {logging_mixin.py:190} INFO - connexion sql reussie True
[2025-02-07T10:52:15.327+0000] {logging_mixin.py:190} INFO - Afficher   Accounting_Date   Lot_Number Type_ecriture
0      2024-12-31  A-BNDK 2304    Production
1      2024-12-31  B-BNDK 2304    Production
2      2024-12-31  C-BNDK 2304    Production
3      2024-12-31  D-BNDK 2304    Production
4      2024-12-31  E-BNDK 2304    Production
[2025-02-07T10:52:15.328+0000] {python.py:240} INFO - Done. Returned value was: end
[2025-02-07T10:52:15.329+0000] {branch.py:38} INFO - Branch into end
[2025-02-07T10:52:15.330+0000] {skipmixin.py:230} INFO - Following branch ('end',)
[2025-02-07T10:52:15.342+0000] {skipmixin.py:278} INFO - Skipping tasks []
[2025-02-07T10:52:15.370+0000] {taskinstance.py:340} INFO - ::group::Post task execution logs
[2025-02-07T10:52:15.371+0000] {taskinstance.py:352} INFO - Marking task as SUCCESS. dag_id=directory_and_file_verification_dag, task_id=verify_file_reliability, run_id=manual__2025-02-07T10:50:52.106518+00:00, execution_date=20250207T105052, start_date=20250207T105100, end_date=20250207T105215
[2025-02-07T10:52:15.382+0000] {logging_mixin.py:190} INFO - Task instance in success state
[2025-02-07T10:52:15.382+0000] {logging_mixin.py:190} INFO -  Previous state of the Task instance: running
[2025-02-07T10:52:15.383+0000] {logging_mixin.py:190} INFO - Dag name:directory_and_file_verification_dag queued_at:2025-02-07 10:50:52.145450+00:00
[2025-02-07T10:52:15.383+0000] {logging_mixin.py:190} INFO - Task hostname:003b7fbea265 operator:BranchPythonOperator
[2025-02-07T10:52:15.404+0000] {local_task_job_runner.py:266} INFO - Task exited with return code 0
[2025-02-07T10:52:15.427+0000] {taskinstance.py:3895} INFO - 0 downstream tasks scheduled from follow-on schedule check
[2025-02-07T10:52:15.429+0000] {local_task_job_runner.py:245} INFO - ::endgroup::
