[2025-02-11T00:20:01.441+0000] {local_task_job_runner.py:123} INFO - ::group::Pre task execution logs
[2025-02-11T00:20:01.553+0000] {taskinstance.py:2613} INFO - Dependencies all met for dep_context=non-requeueable deps ti=<TaskInstance: IMPORTATION_ECRITURE_COMPTABLES_ARTICLE_dag.check_directory scheduled__2025-02-11T00:19:00+00:00 [queued]>
[2025-02-11T00:20:01.560+0000] {taskinstance.py:2613} INFO - Dependencies all met for dep_context=requeueable deps ti=<TaskInstance: IMPORTATION_ECRITURE_COMPTABLES_ARTICLE_dag.check_directory scheduled__2025-02-11T00:19:00+00:00 [queued]>
[2025-02-11T00:20:01.561+0000] {taskinstance.py:2866} INFO - Starting attempt 1 of 2
[2025-02-11T00:20:01.574+0000] {taskinstance.py:2889} INFO - Executing <Task(BranchPythonOperator): check_directory> on 2025-02-11 00:19:00+00:00
[2025-02-11T00:20:01.579+0000] {warnings.py:112} WARNING - /home/***/.local/lib/python3.12/site-packages/***/task/task_runner/standard_task_runner.py:70: DeprecationWarning: This process (pid=3406) is multi-threaded, use of fork() may lead to deadlocks in the child.
  pid = os.fork()

[2025-02-11T00:20:01.581+0000] {standard_task_runner.py:72} INFO - Started process 3408 to run task
[2025-02-11T00:20:01.582+0000] {standard_task_runner.py:104} INFO - Running: ['***', 'tasks', 'run', 'IMPORTATION_ECRITURE_COMPTABLES_ARTICLE_dag', 'check_directory', 'scheduled__2025-02-11T00:19:00+00:00', '--job-id', '1683', '--raw', '--subdir', 'DAGS_FOLDER/my_directory_and_file_checker.py', '--cfg-path', '/tmp/tmpd7n1xjxt']
[2025-02-11T00:20:01.583+0000] {standard_task_runner.py:105} INFO - Job 1683: Subtask check_directory
[2025-02-11T00:20:01.634+0000] {task_command.py:467} INFO - Running <TaskInstance: IMPORTATION_ECRITURE_COMPTABLES_ARTICLE_dag.check_directory scheduled__2025-02-11T00:19:00+00:00 [running]> on host b6443be51f35
[2025-02-11T00:20:01.734+0000] {taskinstance.py:3132} INFO - Exporting env vars: AIRFLOW_CTX_DAG_OWNER='***' AIRFLOW_CTX_DAG_ID='IMPORTATION_ECRITURE_COMPTABLES_ARTICLE_dag' AIRFLOW_CTX_TASK_ID='check_directory' AIRFLOW_CTX_EXECUTION_DATE='2025-02-11T00:19:00+00:00' AIRFLOW_CTX_TRY_NUMBER='1' AIRFLOW_CTX_DAG_RUN_ID='scheduled__2025-02-11T00:19:00+00:00'
[2025-02-11T00:20:01.736+0000] {logging_mixin.py:190} INFO - Task instance is in running state
[2025-02-11T00:20:01.736+0000] {logging_mixin.py:190} INFO -  Previous state of the Task instance: queued
[2025-02-11T00:20:01.737+0000] {logging_mixin.py:190} INFO - Current task name:check_directory state:running start_date:2025-02-11 00:20:01.554803+00:00
[2025-02-11T00:20:01.737+0000] {logging_mixin.py:190} INFO - Dag name:IMPORTATION_ECRITURE_COMPTABLES_ARTICLE_dag and current dag run status:running
[2025-02-11T00:20:01.738+0000] {taskinstance.py:731} INFO - ::endgroup::
[2025-02-11T00:20:01.738+0000] {baseoperator.py:421} WARNING - BranchPythonOperator.execute cannot be called outside TaskInstance!
[2025-02-11T00:20:01.739+0000] {python.py:240} INFO - Done. Returned value was: check_file_in_directory
[2025-02-11T00:20:01.740+0000] {branch.py:38} INFO - Branch into check_file_in_directory
[2025-02-11T00:20:01.740+0000] {skipmixin.py:230} INFO - Following branch ('check_file_in_directory',)
[2025-02-11T00:20:01.752+0000] {skipmixin.py:278} INFO - Skipping tasks []
[2025-02-11T00:20:01.783+0000] {taskinstance.py:340} INFO - ::group::Post task execution logs
[2025-02-11T00:20:01.784+0000] {taskinstance.py:352} INFO - Marking task as SUCCESS. dag_id=IMPORTATION_ECRITURE_COMPTABLES_ARTICLE_dag, task_id=check_directory, run_id=scheduled__2025-02-11T00:19:00+00:00, execution_date=20250211T001900, start_date=20250211T002001, end_date=20250211T002001
[2025-02-11T00:20:01.794+0000] {logging_mixin.py:190} INFO - Task instance in success state
[2025-02-11T00:20:01.795+0000] {logging_mixin.py:190} INFO -  Previous state of the Task instance: running
[2025-02-11T00:20:01.795+0000] {logging_mixin.py:190} INFO - Dag name:IMPORTATION_ECRITURE_COMPTABLES_ARTICLE_dag queued_at:2025-02-11 00:20:00.162264+00:00
[2025-02-11T00:20:01.796+0000] {logging_mixin.py:190} INFO - Task hostname:b6443be51f35 operator:BranchPythonOperator
[2025-02-11T00:20:01.837+0000] {local_task_job_runner.py:266} INFO - Task exited with return code 0
[2025-02-11T00:20:01.878+0000] {taskinstance.py:3895} INFO - 1 downstream tasks scheduled from follow-on schedule check
[2025-02-11T00:20:01.881+0000] {local_task_job_runner.py:245} INFO - ::endgroup::
[2025-02-11T00:20:35.735+0000] {local_task_job_runner.py:123} INFO - ::group::Pre task execution logs
[2025-02-11T00:20:35.900+0000] {taskinstance.py:2613} INFO - Dependencies all met for dep_context=non-requeueable deps ti=<TaskInstance: IMPORTATION_ECRITURE_COMPTABLES_ARTICLE_dag.check_directory scheduled__2025-02-11T00:19:00+00:00 [queued]>
[2025-02-11T00:20:35.914+0000] {taskinstance.py:2613} INFO - Dependencies all met for dep_context=requeueable deps ti=<TaskInstance: IMPORTATION_ECRITURE_COMPTABLES_ARTICLE_dag.check_directory scheduled__2025-02-11T00:19:00+00:00 [queued]>
[2025-02-11T00:20:35.915+0000] {taskinstance.py:2866} INFO - Starting attempt 1 of 2
[2025-02-11T00:20:35.934+0000] {taskinstance.py:2889} INFO - Executing <Task(BranchPythonOperator): check_directory> on 2025-02-11 00:19:00+00:00
[2025-02-11T00:20:35.942+0000] {warnings.py:112} WARNING - /home/***/.local/lib/python3.12/site-packages/***/task/task_runner/standard_task_runner.py:70: DeprecationWarning: This process (pid=3435) is multi-threaded, use of fork() may lead to deadlocks in the child.
  pid = os.fork()

[2025-02-11T00:20:35.944+0000] {standard_task_runner.py:72} INFO - Started process 3439 to run task
[2025-02-11T00:20:35.944+0000] {standard_task_runner.py:104} INFO - Running: ['***', 'tasks', 'run', 'IMPORTATION_ECRITURE_COMPTABLES_ARTICLE_dag', 'check_directory', 'scheduled__2025-02-11T00:19:00+00:00', '--job-id', '1689', '--raw', '--subdir', 'DAGS_FOLDER/my_directory_and_file_checker.py', '--cfg-path', '/tmp/tmp2xmyzgzt']
[2025-02-11T00:20:35.946+0000] {standard_task_runner.py:105} INFO - Job 1689: Subtask check_directory
[2025-02-11T00:20:36.006+0000] {task_command.py:467} INFO - Running <TaskInstance: IMPORTATION_ECRITURE_COMPTABLES_ARTICLE_dag.check_directory scheduled__2025-02-11T00:19:00+00:00 [running]> on host b6443be51f35
[2025-02-11T00:20:36.112+0000] {taskinstance.py:3132} INFO - Exporting env vars: AIRFLOW_CTX_DAG_OWNER='***' AIRFLOW_CTX_DAG_ID='IMPORTATION_ECRITURE_COMPTABLES_ARTICLE_dag' AIRFLOW_CTX_TASK_ID='check_directory' AIRFLOW_CTX_EXECUTION_DATE='2025-02-11T00:19:00+00:00' AIRFLOW_CTX_TRY_NUMBER='1' AIRFLOW_CTX_DAG_RUN_ID='scheduled__2025-02-11T00:19:00+00:00'
[2025-02-11T00:20:36.114+0000] {logging_mixin.py:190} INFO - Task instance is in running state
[2025-02-11T00:20:36.115+0000] {logging_mixin.py:190} INFO -  Previous state of the Task instance: queued
[2025-02-11T00:20:36.116+0000] {logging_mixin.py:190} INFO - Current task name:check_directory state:running start_date:2025-02-11 00:20:35.901864+00:00
[2025-02-11T00:20:36.117+0000] {logging_mixin.py:190} INFO - Dag name:IMPORTATION_ECRITURE_COMPTABLES_ARTICLE_dag and current dag run status:running
[2025-02-11T00:20:36.117+0000] {taskinstance.py:731} INFO - ::endgroup::
[2025-02-11T00:20:36.118+0000] {baseoperator.py:421} WARNING - BranchPythonOperator.execute cannot be called outside TaskInstance!
[2025-02-11T00:20:36.119+0000] {python.py:240} INFO - Done. Returned value was: check_file_in_directory
[2025-02-11T00:20:36.120+0000] {branch.py:38} INFO - Branch into check_file_in_directory
[2025-02-11T00:20:36.122+0000] {skipmixin.py:230} INFO - Following branch ('check_file_in_directory',)
[2025-02-11T00:20:36.141+0000] {skipmixin.py:278} INFO - Skipping tasks []
[2025-02-11T00:20:36.173+0000] {taskinstance.py:340} INFO - ::group::Post task execution logs
[2025-02-11T00:20:36.174+0000] {taskinstance.py:352} INFO - Marking task as SUCCESS. dag_id=IMPORTATION_ECRITURE_COMPTABLES_ARTICLE_dag, task_id=check_directory, run_id=scheduled__2025-02-11T00:19:00+00:00, execution_date=20250211T001900, start_date=20250211T002035, end_date=20250211T002036
[2025-02-11T00:20:36.186+0000] {logging_mixin.py:190} INFO - Task instance in success state
[2025-02-11T00:20:36.188+0000] {logging_mixin.py:190} INFO -  Previous state of the Task instance: running
[2025-02-11T00:20:36.189+0000] {logging_mixin.py:190} INFO - Dag name:IMPORTATION_ECRITURE_COMPTABLES_ARTICLE_dag queued_at:2025-02-11 00:20:33.478146+00:00
[2025-02-11T00:20:36.189+0000] {logging_mixin.py:190} INFO - Task hostname:b6443be51f35 operator:BranchPythonOperator
[2025-02-11T00:20:36.201+0000] {local_task_job_runner.py:266} INFO - Task exited with return code 0
[2025-02-11T00:20:36.242+0000] {taskinstance.py:3895} INFO - 1 downstream tasks scheduled from follow-on schedule check
[2025-02-11T00:20:36.245+0000] {local_task_job_runner.py:245} INFO - ::endgroup::
