[2025-02-10T21:40:08.755+0000] {local_task_job_runner.py:123} INFO - ::group::Pre task execution logs
[2025-02-10T21:40:08.951+0000] {taskinstance.py:2613} INFO - Dependencies all met for dep_context=non-requeueable deps ti=<TaskInstance: IMPORTATION_ECRITURE_COMPTABLES_ARTICLE_dag.verify_file_reliability scheduled__2025-02-10T21:39:00+00:00 [queued]>
[2025-02-10T21:40:08.964+0000] {taskinstance.py:2613} INFO - Dependencies all met for dep_context=requeueable deps ti=<TaskInstance: IMPORTATION_ECRITURE_COMPTABLES_ARTICLE_dag.verify_file_reliability scheduled__2025-02-10T21:39:00+00:00 [queued]>
[2025-02-10T21:40:08.965+0000] {taskinstance.py:2866} INFO - Starting attempt 1 of 2
[2025-02-10T21:40:08.984+0000] {taskinstance.py:2889} INFO - Executing <Task(BranchPythonOperator): verify_file_reliability> on 2025-02-10 21:39:00+00:00
[2025-02-10T21:40:08.993+0000] {warnings.py:112} WARNING - /home/***/.local/lib/python3.12/site-packages/***/task/task_runner/standard_task_runner.py:70: DeprecationWarning: This process (pid=3268) is multi-threaded, use of fork() may lead to deadlocks in the child.
  pid = os.fork()

[2025-02-10T21:40:08.995+0000] {standard_task_runner.py:72} INFO - Started process 3270 to run task
[2025-02-10T21:40:08.995+0000] {standard_task_runner.py:104} INFO - Running: ['***', 'tasks', 'run', 'IMPORTATION_ECRITURE_COMPTABLES_ARTICLE_dag', 'verify_file_reliability', 'scheduled__2025-02-10T21:39:00+00:00', '--job-id', '1164', '--raw', '--subdir', 'DAGS_FOLDER/my_directory_and_file_checker.py', '--cfg-path', '/tmp/tmpu80a27qx']
[2025-02-10T21:40:08.996+0000] {standard_task_runner.py:105} INFO - Job 1164: Subtask verify_file_reliability
[2025-02-10T21:40:09.053+0000] {task_command.py:467} INFO - Running <TaskInstance: IMPORTATION_ECRITURE_COMPTABLES_ARTICLE_dag.verify_file_reliability scheduled__2025-02-10T21:39:00+00:00 [running]> on host b6443be51f35
[2025-02-10T21:40:09.174+0000] {taskinstance.py:3132} INFO - Exporting env vars: AIRFLOW_CTX_DAG_OWNER='***' AIRFLOW_CTX_DAG_ID='IMPORTATION_ECRITURE_COMPTABLES_ARTICLE_dag' AIRFLOW_CTX_TASK_ID='verify_file_reliability' AIRFLOW_CTX_EXECUTION_DATE='2025-02-10T21:39:00+00:00' AIRFLOW_CTX_TRY_NUMBER='1' AIRFLOW_CTX_DAG_RUN_ID='scheduled__2025-02-10T21:39:00+00:00'
[2025-02-10T21:40:09.176+0000] {logging_mixin.py:190} INFO - Task instance is in running state
[2025-02-10T21:40:09.178+0000] {logging_mixin.py:190} INFO -  Previous state of the Task instance: queued
[2025-02-10T21:40:09.178+0000] {logging_mixin.py:190} INFO - Current task name:verify_file_reliability state:running start_date:2025-02-10 21:40:08.952852+00:00
[2025-02-10T21:40:09.179+0000] {logging_mixin.py:190} INFO - Dag name:IMPORTATION_ECRITURE_COMPTABLES_ARTICLE_dag and current dag run status:running
[2025-02-10T21:40:09.179+0000] {taskinstance.py:731} INFO - ::endgroup::
[2025-02-10T21:40:09.180+0000] {baseoperator.py:421} WARNING - BranchPythonOperator.execute cannot be called outside TaskInstance!
[2025-02-10T21:40:09.181+0000] {logging_mixin.py:190} INFO - camarche22 /opt/***/files/in ['.csv'] ['utf-8', 'ISO-8859-1', 'Windows-1252'] {'accounting_date': <class 'datetime.date'>, 'lot_number': <class 'str'>, 'type_ecriture': <class 'str'>, 'type_document': <class 'str'>, 'document_number': <class 'str'>, 'article_number': <class 'str'>, 'variant_code': <class 'str'>, 'description': <class 'str'>, 'package_number': <class 'str'>, 'store_code': <class 'str'>, 'unit_code': <class 'str'>, 'created_by': <class 'str'>, 'quantity': <class 'str'>, 'quantity_in_sac': <class 'int'>, 'quantity_invoiced': <class 'str'>, 'remaining_quantity': <class 'str'>, 'quantity_reserved': <class 'int'>, 'lettering_writingsales_amount_actual': <class 'int'>, 'total_cost_actual': <class 'int'>, 'total_cost_not_included': <class 'int'>, 'is_open': <class 'str'>, 'order_type': <class 'str'>, 'created_at': <class 'str'>, 'sequence_number': <class 'datetime.datetime'>, 'kor_by_reception': <class 'str'>, 'kor_input': <class 'str'>} {'Date comptabilisation': 'accounting_date', 'N° lot': 'lot_number', 'Type écriture': 'type_ecriture', 'Type document': 'type_document', 'N° document': 'document_number', 'N° article': 'article_number', 'Code variante': 'variant_code', 'Description': 'description', 'N° Package': 'package_number', 'Code magasin': 'store_code', 'Code unité': 'unit_code', 'Créé par': 'created_by', 'Quantité': 'quantity', 'Quantite en sac': 'quantity_in_sac', 'Quantité facturée': 'quantity_invoiced', 'Quantité restante': 'remaining_quantity', 'Quantité réservée': 'quantity_reserved', 'Ecriture lettrage': 'lettering_writingsales_amount_actual', 'Montant vente (réel)': 'total_cost_actual', 'Coût total (réel)': 'total_cost_not_included', 'Coût total (non incorp.)': 'is_open', 'Ouvert': 'order_type', 'Type de commande': 'created_at', 'Créé à': 'sequence_number', 'N° séquence': 'kor_by_reception', 'N° séquenceKOR par Réception': 'kor_input'}
[2025-02-10T21:40:09.234+0000] {logging_mixin.py:190} INFO - 
📂 Contenu du fichier (utf-8): Écritures comptables article (11).csv
[2025-02-10T21:40:09.280+0000] {logging_mixin.py:190} INFO -   Date comptabilisation      N° lot  ... KOR par Réception KOR INPUT
0            24/01/2025  26LABCDE24  ...                 0         0
1            24/01/2025  26LABCDE24  ...                 0         0
2            24/01/2025  26LABCDE24  ...                 0         0
3            24/01/2025  26LABCDE24  ...                 0         0
4            24/01/2025  26LABCDE24  ...                 0         0

[5 rows x 27 columns]
[2025-02-10T21:40:09.282+0000] {logging_mixin.py:190} INFO - ❌ Colonnes manquantes : kor_input
[2025-02-10T21:40:09.283+0000] {logging_mixin.py:190} INFO - ❌ BORISColonnes trouvees : accounting_date, lot_number, type_ecriture, type_document, document_number, article_number, variant_code, description, package_number, store_code, unit_code, created_by, quantity, quantity_in_sac, quantity_invoiced, remaining_quantity, quantity_reserved, lettering_writingsales_amount_actual, total_cost_actual, total_cost_not_included, is_open, order_type, created_at, sequence_number, kor_by_reception, KOR par Réception, KOR INPUT
[2025-02-10T21:40:09.285+0000] {logging_mixin.py:190} INFO - /opt/***/files/in/Écritures comptables article (11).csv Écritures comptables article (11).csv /opt/***/files/in/Écritures comptables article (11).csv non traité Boris :None
[2025-02-10T21:40:09.289+0000] {python.py:240} INFO - Done. Returned value was: None
[2025-02-10T21:40:09.290+0000] {branch.py:38} INFO - Branch into None
[2025-02-10T21:40:09.290+0000] {skipmixin.py:230} INFO - Following branch ()
[2025-02-10T21:40:09.305+0000] {skipmixin.py:278} INFO - Skipping tasks [('import_temp_ecc_to_ecc', -1), ('end', -1)]
[2025-02-10T21:40:09.331+0000] {taskinstance.py:340} INFO - ::group::Post task execution logs
[2025-02-10T21:40:09.332+0000] {taskinstance.py:352} INFO - Marking task as SUCCESS. dag_id=IMPORTATION_ECRITURE_COMPTABLES_ARTICLE_dag, task_id=verify_file_reliability, run_id=scheduled__2025-02-10T21:39:00+00:00, execution_date=20250210T213900, start_date=20250210T214008, end_date=20250210T214009
[2025-02-10T21:40:09.344+0000] {logging_mixin.py:190} INFO - Task instance in success state
[2025-02-10T21:40:09.344+0000] {logging_mixin.py:190} INFO -  Previous state of the Task instance: running
[2025-02-10T21:40:09.345+0000] {logging_mixin.py:190} INFO - Dag name:IMPORTATION_ECRITURE_COMPTABLES_ARTICLE_dag queued_at:2025-02-10 21:40:00.770290+00:00
[2025-02-10T21:40:09.346+0000] {logging_mixin.py:190} INFO - Task hostname:b6443be51f35 operator:BranchPythonOperator
[2025-02-10T21:40:09.371+0000] {local_task_job_runner.py:266} INFO - Task exited with return code 0
[2025-02-10T21:40:09.389+0000] {taskinstance.py:3895} INFO - 0 downstream tasks scheduled from follow-on schedule check
[2025-02-10T21:40:09.391+0000] {local_task_job_runner.py:245} INFO - ::endgroup::
[2025-02-10T21:41:03.874+0000] {local_task_job_runner.py:123} INFO - ::group::Pre task execution logs
[2025-02-10T21:41:04.040+0000] {taskinstance.py:2613} INFO - Dependencies all met for dep_context=non-requeueable deps ti=<TaskInstance: IMPORTATION_ECRITURE_COMPTABLES_ARTICLE_dag.verify_file_reliability scheduled__2025-02-10T21:39:00+00:00 [queued]>
[2025-02-10T21:41:04.054+0000] {taskinstance.py:2613} INFO - Dependencies all met for dep_context=requeueable deps ti=<TaskInstance: IMPORTATION_ECRITURE_COMPTABLES_ARTICLE_dag.verify_file_reliability scheduled__2025-02-10T21:39:00+00:00 [queued]>
[2025-02-10T21:41:04.055+0000] {taskinstance.py:2866} INFO - Starting attempt 1 of 2
[2025-02-10T21:41:04.071+0000] {taskinstance.py:2889} INFO - Executing <Task(BranchPythonOperator): verify_file_reliability> on 2025-02-10 21:39:00+00:00
[2025-02-10T21:41:04.079+0000] {warnings.py:112} WARNING - /home/***/.local/lib/python3.12/site-packages/***/task/task_runner/standard_task_runner.py:70: DeprecationWarning: This process (pid=3301) is multi-threaded, use of fork() may lead to deadlocks in the child.
  pid = os.fork()

[2025-02-10T21:41:04.081+0000] {standard_task_runner.py:72} INFO - Started process 3305 to run task
[2025-02-10T21:41:04.082+0000] {standard_task_runner.py:104} INFO - Running: ['***', 'tasks', 'run', 'IMPORTATION_ECRITURE_COMPTABLES_ARTICLE_dag', 'verify_file_reliability', 'scheduled__2025-02-10T21:39:00+00:00', '--job-id', '1171', '--raw', '--subdir', 'DAGS_FOLDER/my_directory_and_file_checker.py', '--cfg-path', '/tmp/tmpqtvm2uo2']
[2025-02-10T21:41:04.084+0000] {standard_task_runner.py:105} INFO - Job 1171: Subtask verify_file_reliability
[2025-02-10T21:41:04.148+0000] {task_command.py:467} INFO - Running <TaskInstance: IMPORTATION_ECRITURE_COMPTABLES_ARTICLE_dag.verify_file_reliability scheduled__2025-02-10T21:39:00+00:00 [running]> on host b6443be51f35
[2025-02-10T21:41:04.272+0000] {taskinstance.py:3132} INFO - Exporting env vars: AIRFLOW_CTX_DAG_OWNER='***' AIRFLOW_CTX_DAG_ID='IMPORTATION_ECRITURE_COMPTABLES_ARTICLE_dag' AIRFLOW_CTX_TASK_ID='verify_file_reliability' AIRFLOW_CTX_EXECUTION_DATE='2025-02-10T21:39:00+00:00' AIRFLOW_CTX_TRY_NUMBER='1' AIRFLOW_CTX_DAG_RUN_ID='scheduled__2025-02-10T21:39:00+00:00'
[2025-02-10T21:41:04.274+0000] {logging_mixin.py:190} INFO - Task instance is in running state
[2025-02-10T21:41:04.275+0000] {logging_mixin.py:190} INFO -  Previous state of the Task instance: queued
[2025-02-10T21:41:04.275+0000] {logging_mixin.py:190} INFO - Current task name:verify_file_reliability state:running start_date:2025-02-10 21:41:04.042087+00:00
[2025-02-10T21:41:04.276+0000] {logging_mixin.py:190} INFO - Dag name:IMPORTATION_ECRITURE_COMPTABLES_ARTICLE_dag and current dag run status:running
[2025-02-10T21:41:04.276+0000] {taskinstance.py:731} INFO - ::endgroup::
[2025-02-10T21:41:04.277+0000] {baseoperator.py:421} WARNING - BranchPythonOperator.execute cannot be called outside TaskInstance!
[2025-02-10T21:41:04.278+0000] {logging_mixin.py:190} INFO - camarche22 /opt/***/files/in ['.csv'] ['utf-8', 'ISO-8859-1', 'Windows-1252'] {'accounting_date': <class 'datetime.date'>, 'lot_number': <class 'str'>, 'type_ecriture': <class 'str'>, 'type_document': <class 'str'>, 'document_number': <class 'str'>, 'article_number': <class 'str'>, 'variant_code': <class 'str'>, 'description': <class 'str'>, 'package_number': <class 'str'>, 'store_code': <class 'str'>, 'unit_code': <class 'str'>, 'created_by': <class 'str'>, 'quantity': <class 'str'>, 'quantity_in_sac': <class 'int'>, 'quantity_invoiced': <class 'str'>, 'remaining_quantity': <class 'str'>, 'quantity_reserved': <class 'int'>, 'lettering_writingsales_amount_actual': <class 'int'>, 'total_cost_actual': <class 'int'>, 'total_cost_not_included': <class 'int'>, 'is_open': <class 'str'>, 'order_type': <class 'str'>, 'created_at': <class 'str'>, 'sequence_number': <class 'datetime.datetime'>, 'kor_by_reception': <class 'str'>, 'kor_input': <class 'str'>} {'Date comptabilisation': 'accounting_date', 'N° lot': 'lot_number', 'Type écriture': 'type_ecriture', 'Type document': 'type_document', 'N° document': 'document_number', 'N° article': 'article_number', 'Code variante': 'variant_code', 'Description': 'description', 'N° Package': 'package_number', 'Code magasin': 'store_code', 'Code unité': 'unit_code', 'Créé par': 'created_by', 'Quantité': 'quantity', 'Quantite en sac': 'quantity_in_sac', 'Quantité facturée': 'quantity_invoiced', 'Quantité restante': 'remaining_quantity', 'Quantité réservée': 'quantity_reserved', 'Ecriture lettrage': 'lettering_writingsales_amount_actual', 'Montant vente (réel)': 'total_cost_actual', 'Coût total (réel)': 'total_cost_not_included', 'Coût total (non incorp.)': 'is_open', 'Ouvert': 'order_type', 'Type de commande': 'created_at', 'Créé à': 'sequence_number', 'N° séquence': 'kor_by_reception', 'KOR par Réception': 'kor_input'}
[2025-02-10T21:41:04.336+0000] {logging_mixin.py:190} INFO - 
📂 Contenu du fichier (utf-8): Écritures comptables article (11).csv
[2025-02-10T21:41:04.385+0000] {logging_mixin.py:190} INFO -   Date comptabilisation      N° lot  ... KOR par Réception KOR INPUT
0            24/01/2025  26LABCDE24  ...                 0         0
1            24/01/2025  26LABCDE24  ...                 0         0
2            24/01/2025  26LABCDE24  ...                 0         0
3            24/01/2025  26LABCDE24  ...                 0         0
4            24/01/2025  26LABCDE24  ...                 0         0

[5 rows x 27 columns]
[2025-02-10T21:41:05.189+0000] {logging_mixin.py:190} INFO - Erreur Type de donnée invalide dans la colonne ' Ligne 0 : is_open': 0 n'est pas du type <class 'str'>
[2025-02-10T21:41:05.196+0000] {logging_mixin.py:190} INFO - Merde
[2025-02-10T21:41:05.203+0000] {python.py:240} INFO - Done. Returned value was: end
[2025-02-10T21:41:05.204+0000] {branch.py:38} INFO - Branch into end
[2025-02-10T21:41:05.205+0000] {skipmixin.py:230} INFO - Following branch ('end',)
[2025-02-10T21:41:05.225+0000] {skipmixin.py:278} INFO - Skipping tasks [('import_temp_ecc_to_ecc', -1)]
[2025-02-10T21:41:05.270+0000] {taskinstance.py:340} INFO - ::group::Post task execution logs
[2025-02-10T21:41:05.271+0000] {taskinstance.py:352} INFO - Marking task as SUCCESS. dag_id=IMPORTATION_ECRITURE_COMPTABLES_ARTICLE_dag, task_id=verify_file_reliability, run_id=scheduled__2025-02-10T21:39:00+00:00, execution_date=20250210T213900, start_date=20250210T214104, end_date=20250210T214105
[2025-02-10T21:41:05.285+0000] {logging_mixin.py:190} INFO - Task instance in success state
[2025-02-10T21:41:05.286+0000] {logging_mixin.py:190} INFO -  Previous state of the Task instance: running
[2025-02-10T21:41:05.286+0000] {logging_mixin.py:190} INFO - Dag name:IMPORTATION_ECRITURE_COMPTABLES_ARTICLE_dag queued_at:2025-02-10 21:40:55.623422+00:00
[2025-02-10T21:41:05.287+0000] {logging_mixin.py:190} INFO - Task hostname:b6443be51f35 operator:BranchPythonOperator
[2025-02-10T21:41:05.305+0000] {local_task_job_runner.py:266} INFO - Task exited with return code 0
[2025-02-10T21:41:05.338+0000] {taskinstance.py:3895} INFO - 0 downstream tasks scheduled from follow-on schedule check
[2025-02-10T21:41:05.344+0000] {local_task_job_runner.py:245} INFO - ::endgroup::
