[2025-02-10T22:25:02.620+0000] {local_task_job_runner.py:123} INFO - ::group::Pre task execution logs
[2025-02-10T22:25:02.797+0000] {taskinstance.py:2613} INFO - Dependencies all met for dep_context=non-requeueable deps ti=<TaskInstance: IMPORTATION_ECRITURE_COMPTABLES_ARTICLE_dag.verify_file_reliability scheduled__2025-02-10T21:46:00+00:00 [queued]>
[2025-02-10T22:25:02.807+0000] {taskinstance.py:2613} INFO - Dependencies all met for dep_context=requeueable deps ti=<TaskInstance: IMPORTATION_ECRITURE_COMPTABLES_ARTICLE_dag.verify_file_reliability scheduled__2025-02-10T21:46:00+00:00 [queued]>
[2025-02-10T22:25:02.816+0000] {taskinstance.py:2866} INFO - Starting attempt 1 of 2
[2025-02-10T22:25:02.841+0000] {taskinstance.py:2889} INFO - Executing <Task(BranchPythonOperator): verify_file_reliability> on 2025-02-10 21:46:00+00:00
[2025-02-10T22:25:02.847+0000] {warnings.py:112} WARNING - /home/***/.local/lib/python3.12/site-packages/***/task/task_runner/standard_task_runner.py:70: DeprecationWarning: This process (pid=85) is multi-threaded, use of fork() may lead to deadlocks in the child.
  pid = os.fork()

[2025-02-10T22:25:02.848+0000] {standard_task_runner.py:72} INFO - Started process 93 to run task
[2025-02-10T22:25:02.849+0000] {standard_task_runner.py:104} INFO - Running: ['***', 'tasks', 'run', 'IMPORTATION_ECRITURE_COMPTABLES_ARTICLE_dag', 'verify_file_reliability', 'scheduled__2025-02-10T21:46:00+00:00', '--job-id', '1224', '--raw', '--subdir', 'DAGS_FOLDER/my_directory_and_file_checker.py', '--cfg-path', '/tmp/tmpoyxvmpql']
[2025-02-10T22:25:02.850+0000] {standard_task_runner.py:105} INFO - Job 1224: Subtask verify_file_reliability
[2025-02-10T22:25:02.899+0000] {task_command.py:467} INFO - Running <TaskInstance: IMPORTATION_ECRITURE_COMPTABLES_ARTICLE_dag.verify_file_reliability scheduled__2025-02-10T21:46:00+00:00 [running]> on host b6443be51f35
[2025-02-10T22:25:03.231+0000] {taskinstance.py:3132} INFO - Exporting env vars: AIRFLOW_CTX_DAG_OWNER='***' AIRFLOW_CTX_DAG_ID='IMPORTATION_ECRITURE_COMPTABLES_ARTICLE_dag' AIRFLOW_CTX_TASK_ID='verify_file_reliability' AIRFLOW_CTX_EXECUTION_DATE='2025-02-10T21:46:00+00:00' AIRFLOW_CTX_TRY_NUMBER='1' AIRFLOW_CTX_DAG_RUN_ID='scheduled__2025-02-10T21:46:00+00:00'
[2025-02-10T22:25:03.233+0000] {logging_mixin.py:190} INFO - Task instance is in running state
[2025-02-10T22:25:03.233+0000] {logging_mixin.py:190} INFO -  Previous state of the Task instance: queued
[2025-02-10T22:25:03.234+0000] {logging_mixin.py:190} INFO - Current task name:verify_file_reliability state:running start_date:2025-02-10 22:25:02.798656+00:00
[2025-02-10T22:25:03.234+0000] {logging_mixin.py:190} INFO - Dag name:IMPORTATION_ECRITURE_COMPTABLES_ARTICLE_dag and current dag run status:running
[2025-02-10T22:25:03.235+0000] {taskinstance.py:731} INFO - ::endgroup::
[2025-02-10T22:25:03.235+0000] {baseoperator.py:421} WARNING - BranchPythonOperator.execute cannot be called outside TaskInstance!
[2025-02-10T22:25:03.236+0000] {logging_mixin.py:190} INFO - camarche22 /opt/***/files/in ['.csv'] ['utf-8', 'ISO-8859-1', 'Windows-1252'] {'accounting_date': <class 'datetime.date'>, 'lot_number': <class 'str'>, 'type_ecriture': <class 'str'>, 'type_document': <class 'str'>, 'document_number': <class 'str'>, 'article_number': <class 'str'>, 'variant_code': <class 'str'>, 'description': <class 'str'>, 'package_number': <class 'str'>, 'store_code': <class 'str'>, 'unit_code': <class 'str'>, 'created_by': <class 'str'>, 'quantity': <class 'str'>, 'quantity_in_sac': <class 'int'>, 'quantity_invoiced': <class 'str'>, 'remaining_quantity': <class 'str'>, 'quantity_reserved': <class 'int'>, 'lettering_writingsales_amount_actual': <class 'int'>, 'total_cost_actual': <class 'int'>, 'total_cost_not_included': <class 'int'>, 'is_open': <class 'str'>, 'order_type': <class 'int'>, 'created_at': <class 'str'>, 'sequence_number': <class 'datetime.datetime'>, 'kor_by_reception': <class 'str'>, 'kor_input': <class 'str'>} {'Date comptabilisation': 'accounting_date', 'N° lot': 'lot_number', 'Type écriture': 'type_ecriture', 'Type document': 'type_document', 'N° document': 'document_number', 'N° article': 'article_number', 'Code variante': 'variant_code', 'Description': 'description', 'N° Package': 'package_number', 'Code magasin': 'store_code', 'Code unité': 'unit_code', 'Créé par': 'created_by', 'Quantité': 'quantity', 'Quantite en sac': 'quantity_in_sac', 'Quantité facturée': 'quantity_invoiced', 'Quantité restante': 'remaining_quantity', 'Quantité réservée': 'quantity_reserved', 'Ecriture lettrage': 'lettering_writingsales_amount_actual', 'Montant vente (réel)': 'total_cost_actual', 'Coût total (réel)': 'total_cost_not_included', 'Coût total (non incorp.)': 'is_open', 'Ouvert': 'order_type', 'Type de commande': 'created_at', 'Créé à': 'sequence_number', 'N° séquence': 'kor_by_reception', 'KOR par Réception': 'kor_input'}
[2025-02-10T22:25:03.923+0000] {logging_mixin.py:190} INFO - 
📂 Contenu du fichier (utf-8): Écritures comptables article (11).csv
[2025-02-10T22:25:03.980+0000] {logging_mixin.py:190} INFO -   Date comptabilisation      N° lot  ... KOR par Réception KOR INPUT
0            24/01/2025  26LABCDE24  ...                 0         0
1            24/01/2025  26LABCDE24  ...                 0         0
2            24/01/2025  26LABCDE24  ...                 0         0
3            24/01/2025  26LABCDE24  ...                 0         0
4            24/01/2025  26LABCDE24  ...                 0         0

[5 rows x 27 columns]
[2025-02-10T22:25:04.471+0000] {logging_mixin.py:190} INFO - Erreur Type de donnée invalide dans la colonne ' Ligne 0 : is_open': 0 n'est pas du type <class 'str'>
[2025-02-10T22:25:04.628+0000] {logging_mixin.py:190} INFO - Merde
[2025-02-10T22:25:04.679+0000] {python.py:240} INFO - Done. Returned value was: end
[2025-02-10T22:25:04.680+0000] {branch.py:38} INFO - Branch into end
[2025-02-10T22:25:04.680+0000] {skipmixin.py:230} INFO - Following branch ('end',)
[2025-02-10T22:25:04.691+0000] {skipmixin.py:278} INFO - Skipping tasks [('import_temp_ecc_to_ecc', -1)]
[2025-02-10T22:25:04.741+0000] {taskinstance.py:340} INFO - ::group::Post task execution logs
[2025-02-10T22:25:04.742+0000] {taskinstance.py:352} INFO - Marking task as SUCCESS. dag_id=IMPORTATION_ECRITURE_COMPTABLES_ARTICLE_dag, task_id=verify_file_reliability, run_id=scheduled__2025-02-10T21:46:00+00:00, execution_date=20250210T214600, start_date=20250210T222502, end_date=20250210T222504
[2025-02-10T22:25:04.771+0000] {logging_mixin.py:190} INFO - Task instance in success state
[2025-02-10T22:25:04.772+0000] {logging_mixin.py:190} INFO -  Previous state of the Task instance: running
[2025-02-10T22:25:04.772+0000] {logging_mixin.py:190} INFO - Dag name:IMPORTATION_ECRITURE_COMPTABLES_ARTICLE_dag queued_at:2025-02-10 22:24:52.292291+00:00
[2025-02-10T22:25:04.773+0000] {logging_mixin.py:190} INFO - Task hostname:b6443be51f35 operator:BranchPythonOperator
[2025-02-10T22:25:04.793+0000] {local_task_job_runner.py:266} INFO - Task exited with return code 0
[2025-02-10T22:25:04.813+0000] {taskinstance.py:3895} INFO - 0 downstream tasks scheduled from follow-on schedule check
[2025-02-10T22:25:04.816+0000] {local_task_job_runner.py:245} INFO - ::endgroup::
