[2025-01-27T13:00:43.195+0000] {local_task_job_runner.py:123} INFO - ::group::Pre task execution logs
[2025-01-27T13:00:43.218+0000] {taskinstance.py:2613} INFO - Dependencies all met for dep_context=non-requeueable deps ti=<TaskInstance: tutorial_dag.extract manual__2025-01-27T13:00:40.319294+00:00 [queued]>
[2025-01-27T13:00:43.230+0000] {taskinstance.py:2613} INFO - Dependencies all met for dep_context=requeueable deps ti=<TaskInstance: tutorial_dag.extract manual__2025-01-27T13:00:40.319294+00:00 [queued]>
[2025-01-27T13:00:43.231+0000] {taskinstance.py:2866} INFO - Starting attempt 1 of 3
[2025-01-27T13:00:43.252+0000] {taskinstance.py:2889} INFO - Executing <Task(PythonOperator): extract> on 2025-01-27 13:00:40.319294+00:00
[2025-01-27T13:00:43.259+0000] {warnings.py:112} WARNING - /home/***/.local/lib/python3.12/site-packages/***/task/task_runner/standard_task_runner.py:70: DeprecationWarning: This process (pid=151) is multi-threaded, use of fork() may lead to deadlocks in the child.
  pid = os.fork()

[2025-01-27T13:00:43.262+0000] {standard_task_runner.py:72} INFO - Started process 153 to run task
[2025-01-27T13:00:43.262+0000] {standard_task_runner.py:104} INFO - Running: ['***', 'tasks', 'run', 'tutorial_dag', 'extract', 'manual__2025-01-27T13:00:40.319294+00:00', '--job-id', '785', '--raw', '--subdir', '/home/***/.local/lib/python3.12/site-packages/***/example_dags/tutorial_dag.py', '--cfg-path', '/tmp/tmpan50u5lo']
[2025-01-27T13:00:43.263+0000] {standard_task_runner.py:105} INFO - Job 785: Subtask extract
[2025-01-27T13:00:43.530+0000] {task_command.py:467} INFO - Running <TaskInstance: tutorial_dag.extract manual__2025-01-27T13:00:40.319294+00:00 [running]> on host 340d747f4248
[2025-01-27T13:00:43.617+0000] {taskinstance.py:3132} INFO - Exporting env vars: AIRFLOW_CTX_DAG_OWNER='***' AIRFLOW_CTX_DAG_ID='tutorial_dag' AIRFLOW_CTX_TASK_ID='extract' AIRFLOW_CTX_EXECUTION_DATE='2025-01-27T13:00:40.319294+00:00' AIRFLOW_CTX_TRY_NUMBER='1' AIRFLOW_CTX_DAG_RUN_ID='manual__2025-01-27T13:00:40.319294+00:00'
[2025-01-27T13:00:43.618+0000] {logging_mixin.py:190} INFO - Task instance is in running state
[2025-01-27T13:00:43.618+0000] {logging_mixin.py:190} INFO -  Previous state of the Task instance: queued
[2025-01-27T13:00:43.619+0000] {logging_mixin.py:190} INFO - Current task name:extract state:running start_date:2025-01-27 13:00:43.219762+00:00
[2025-01-27T13:00:43.619+0000] {logging_mixin.py:190} INFO - Dag name:tutorial_dag and current dag run status:running
[2025-01-27T13:00:43.620+0000] {taskinstance.py:731} INFO - ::endgroup::
[2025-01-27T13:00:43.633+0000] {python.py:240} INFO - Done. Returned value was: None
[2025-01-27T13:00:43.642+0000] {taskinstance.py:340} INFO - ::group::Post task execution logs
[2025-01-27T13:00:43.643+0000] {taskinstance.py:352} INFO - Marking task as SUCCESS. dag_id=tutorial_dag, task_id=extract, run_id=manual__2025-01-27T13:00:40.319294+00:00, execution_date=20250127T130040, start_date=20250127T130043, end_date=20250127T130043
[2025-01-27T13:00:43.653+0000] {logging_mixin.py:190} INFO - Task instance in success state
[2025-01-27T13:00:43.654+0000] {logging_mixin.py:190} INFO -  Previous state of the Task instance: running
[2025-01-27T13:00:43.654+0000] {logging_mixin.py:190} INFO - Dag name:tutorial_dag queued_at:2025-01-27 13:00:40.355886+00:00
[2025-01-27T13:00:43.655+0000] {logging_mixin.py:190} INFO - Task hostname:340d747f4248 operator:PythonOperator
[2025-01-27T13:00:43.680+0000] {local_task_job_runner.py:266} INFO - Task exited with return code 0
[2025-01-27T13:00:43.876+0000] {taskinstance.py:3895} INFO - 1 downstream tasks scheduled from follow-on schedule check
[2025-01-27T13:00:43.879+0000] {local_task_job_runner.py:245} INFO - ::endgroup::
