[2025-02-13T22:37:02.088+0000] {local_task_job_runner.py:123} INFO - ::group::Pre task execution logs
[2025-02-13T22:37:02.110+0000] {taskinstance.py:2613} INFO - Dependencies all met for dep_context=non-requeueable deps ti=<TaskInstance: IMPORTATION_ECRITURE_COMPTABLES_ARTICLE_dag.check_directory scheduled__2025-02-13T22:36:00+00:00 [queued]>
[2025-02-13T22:37:02.124+0000] {taskinstance.py:2613} INFO - Dependencies all met for dep_context=requeueable deps ti=<TaskInstance: IMPORTATION_ECRITURE_COMPTABLES_ARTICLE_dag.check_directory scheduled__2025-02-13T22:36:00+00:00 [queued]>
[2025-02-13T22:37:02.124+0000] {taskinstance.py:2866} INFO - Starting attempt 1 of 2
[2025-02-13T22:37:02.349+0000] {taskinstance.py:2889} INFO - Executing <Task(BranchPythonOperator): check_directory> on 2025-02-13 22:36:00+00:00
[2025-02-13T22:37:02.361+0000] {standard_task_runner.py:104} INFO - Running: ['***', 'tasks', 'run', 'IMPORTATION_ECRITURE_COMPTABLES_ARTICLE_dag', 'check_directory', 'scheduled__2025-02-13T22:36:00+00:00', '--job-id', '8331', '--raw', '--subdir', 'DAGS_FOLDER/my_directory_and_file_checker.py', '--cfg-path', '/tmp/tmpw0nk0cap']
[2025-02-13T22:37:02.364+0000] {standard_task_runner.py:105} INFO - Job 8331: Subtask check_directory
[2025-02-13T22:37:02.360+0000] {warnings.py:112} WARNING - /home/***/.local/lib/python3.12/site-packages/***/task/task_runner/standard_task_runner.py:70: DeprecationWarning: This process (pid=429) is multi-threaded, use of fork() may lead to deadlocks in the child.
  pid = os.fork()

[2025-02-13T22:37:02.365+0000] {standard_task_runner.py:72} INFO - Started process 435 to run task
[2025-02-13T22:37:02.444+0000] {task_command.py:467} INFO - Running <TaskInstance: IMPORTATION_ECRITURE_COMPTABLES_ARTICLE_dag.check_directory scheduled__2025-02-13T22:36:00+00:00 [running]> on host b6443be51f35
[2025-02-13T22:37:02.563+0000] {taskinstance.py:3132} INFO - Exporting env vars: AIRFLOW_CTX_DAG_OWNER='***' AIRFLOW_CTX_DAG_ID='IMPORTATION_ECRITURE_COMPTABLES_ARTICLE_dag' AIRFLOW_CTX_TASK_ID='check_directory' AIRFLOW_CTX_EXECUTION_DATE='2025-02-13T22:36:00+00:00' AIRFLOW_CTX_TRY_NUMBER='1' AIRFLOW_CTX_DAG_RUN_ID='scheduled__2025-02-13T22:36:00+00:00'
[2025-02-13T22:37:02.565+0000] {logging_mixin.py:190} INFO - Task instance is in running state
[2025-02-13T22:37:02.565+0000] {logging_mixin.py:190} INFO -  Previous state of the Task instance: queued
[2025-02-13T22:37:02.566+0000] {logging_mixin.py:190} INFO - Current task name:check_directory state:running start_date:2025-02-13 22:37:02.111714+00:00
[2025-02-13T22:37:02.566+0000] {logging_mixin.py:190} INFO - Dag name:IMPORTATION_ECRITURE_COMPTABLES_ARTICLE_dag and current dag run status:running
[2025-02-13T22:37:02.567+0000] {taskinstance.py:731} INFO - ::endgroup::
[2025-02-13T22:37:02.567+0000] {baseoperator.py:421} WARNING - BranchPythonOperator.execute cannot be called outside TaskInstance!
[2025-02-13T22:37:02.568+0000] {python.py:240} INFO - Done. Returned value was: check_file_in_directory
[2025-02-13T22:37:02.569+0000] {branch.py:38} INFO - Branch into check_file_in_directory
[2025-02-13T22:37:02.570+0000] {skipmixin.py:230} INFO - Following branch ('check_file_in_directory',)
[2025-02-13T22:37:02.588+0000] {skipmixin.py:278} INFO - Skipping tasks []
[2025-02-13T22:37:02.635+0000] {taskinstance.py:340} INFO - ::group::Post task execution logs
[2025-02-13T22:37:02.636+0000] {taskinstance.py:352} INFO - Marking task as SUCCESS. dag_id=IMPORTATION_ECRITURE_COMPTABLES_ARTICLE_dag, task_id=check_directory, run_id=scheduled__2025-02-13T22:36:00+00:00, execution_date=20250213T223600, start_date=20250213T223702, end_date=20250213T223702
[2025-02-13T22:37:02.654+0000] {logging_mixin.py:190} INFO - Task instance in success state
[2025-02-13T22:37:02.655+0000] {logging_mixin.py:190} INFO -  Previous state of the Task instance: running
[2025-02-13T22:37:02.656+0000] {logging_mixin.py:190} INFO - Dag name:IMPORTATION_ECRITURE_COMPTABLES_ARTICLE_dag queued_at:2025-02-13 22:37:00.311750+00:00
[2025-02-13T22:37:02.657+0000] {logging_mixin.py:190} INFO - Task hostname:b6443be51f35 operator:BranchPythonOperator
[2025-02-13T22:37:02.702+0000] {local_task_job_runner.py:266} INFO - Task exited with return code 0
[2025-02-13T22:37:02.755+0000] {taskinstance.py:3895} INFO - 0 downstream tasks scheduled from follow-on schedule check
[2025-02-13T22:37:02.758+0000] {local_task_job_runner.py:245} INFO - ::endgroup::
