[2025-02-12T23:39:05.099+0000] {local_task_job_runner.py:123} INFO - ::group::Pre task execution logs
[2025-02-12T23:39:05.298+0000] {taskinstance.py:2613} INFO - Dependencies all met for dep_context=non-requeueable deps ti=<TaskInstance: IMPORTATION_ECRITURE_COMPTABLES_ARTICLE_dag.check_file_in_directory scheduled__2025-02-12T23:38:00+00:00 [queued]>
[2025-02-12T23:39:05.308+0000] {taskinstance.py:2613} INFO - Dependencies all met for dep_context=requeueable deps ti=<TaskInstance: IMPORTATION_ECRITURE_COMPTABLES_ARTICLE_dag.check_file_in_directory scheduled__2025-02-12T23:38:00+00:00 [queued]>
[2025-02-12T23:39:05.309+0000] {taskinstance.py:2866} INFO - Starting attempt 1 of 2
[2025-02-12T23:39:05.327+0000] {taskinstance.py:2889} INFO - Executing <Task(BranchPythonOperator): check_file_in_directory> on 2025-02-12 23:38:00+00:00
[2025-02-12T23:39:05.334+0000] {warnings.py:112} WARNING - /home/***/.local/lib/python3.12/site-packages/***/task/task_runner/standard_task_runner.py:70: DeprecationWarning: This process (pid=2390) is multi-threaded, use of fork() may lead to deadlocks in the child.
  pid = os.fork()

[2025-02-12T23:39:05.336+0000] {standard_task_runner.py:72} INFO - Started process 2392 to run task
[2025-02-12T23:39:05.336+0000] {standard_task_runner.py:104} INFO - Running: ['***', 'tasks', 'run', 'IMPORTATION_ECRITURE_COMPTABLES_ARTICLE_dag', 'check_file_in_directory', 'scheduled__2025-02-12T23:38:00+00:00', '--job-id', '5792', '--raw', '--subdir', 'DAGS_FOLDER/my_directory_and_file_checker.py', '--cfg-path', '/tmp/tmplhub2_8z']
[2025-02-12T23:39:05.338+0000] {standard_task_runner.py:105} INFO - Job 5792: Subtask check_file_in_directory
[2025-02-12T23:39:05.384+0000] {task_command.py:467} INFO - Running <TaskInstance: IMPORTATION_ECRITURE_COMPTABLES_ARTICLE_dag.check_file_in_directory scheduled__2025-02-12T23:38:00+00:00 [running]> on host b6443be51f35
[2025-02-12T23:39:05.467+0000] {taskinstance.py:3132} INFO - Exporting env vars: AIRFLOW_CTX_DAG_OWNER='***' AIRFLOW_CTX_DAG_ID='IMPORTATION_ECRITURE_COMPTABLES_ARTICLE_dag' AIRFLOW_CTX_TASK_ID='check_file_in_directory' AIRFLOW_CTX_EXECUTION_DATE='2025-02-12T23:38:00+00:00' AIRFLOW_CTX_TRY_NUMBER='1' AIRFLOW_CTX_DAG_RUN_ID='scheduled__2025-02-12T23:38:00+00:00'
[2025-02-12T23:39:05.469+0000] {logging_mixin.py:190} INFO - Task instance is in running state
[2025-02-12T23:39:05.469+0000] {logging_mixin.py:190} INFO -  Previous state of the Task instance: queued
[2025-02-12T23:39:05.470+0000] {logging_mixin.py:190} INFO - Current task name:check_file_in_directory state:running start_date:2025-02-12 23:39:05.299411+00:00
[2025-02-12T23:39:05.470+0000] {logging_mixin.py:190} INFO - Dag name:IMPORTATION_ECRITURE_COMPTABLES_ARTICLE_dag and current dag run status:running
[2025-02-12T23:39:05.471+0000] {taskinstance.py:731} INFO - ::endgroup::
[2025-02-12T23:39:05.471+0000] {baseoperator.py:421} WARNING - BranchPythonOperator.execute cannot be called outside TaskInstance!
[2025-02-12T23:39:05.472+0000] {logging_mixin.py:190} INFO - ca marche /opt/***/files/in ['.csv']
[2025-02-12T23:39:05.476+0000] {python.py:240} INFO - Done. Returned value was: verify_file_reliability
[2025-02-12T23:39:05.477+0000] {branch.py:38} INFO - Branch into verify_file_reliability
[2025-02-12T23:39:05.478+0000] {skipmixin.py:230} INFO - Following branch ('verify_file_reliability',)
[2025-02-12T23:39:05.488+0000] {skipmixin.py:278} INFO - Skipping tasks []
[2025-02-12T23:39:05.516+0000] {taskinstance.py:340} INFO - ::group::Post task execution logs
[2025-02-12T23:39:05.517+0000] {taskinstance.py:352} INFO - Marking task as SUCCESS. dag_id=IMPORTATION_ECRITURE_COMPTABLES_ARTICLE_dag, task_id=check_file_in_directory, run_id=scheduled__2025-02-12T23:38:00+00:00, execution_date=20250212T233800, start_date=20250212T233905, end_date=20250212T233905
[2025-02-12T23:39:05.527+0000] {logging_mixin.py:190} INFO - Task instance in success state
[2025-02-12T23:39:05.528+0000] {logging_mixin.py:190} INFO -  Previous state of the Task instance: running
[2025-02-12T23:39:05.529+0000] {logging_mixin.py:190} INFO - Dag name:IMPORTATION_ECRITURE_COMPTABLES_ARTICLE_dag queued_at:2025-02-12 23:39:00.274084+00:00
[2025-02-12T23:39:05.529+0000] {logging_mixin.py:190} INFO - Task hostname:b6443be51f35 operator:BranchPythonOperator
[2025-02-12T23:39:05.551+0000] {local_task_job_runner.py:266} INFO - Task exited with return code 0
[2025-02-12T23:39:05.586+0000] {taskinstance.py:3895} INFO - 1 downstream tasks scheduled from follow-on schedule check
[2025-02-12T23:39:05.589+0000] {local_task_job_runner.py:245} INFO - ::endgroup::
[2025-02-12T23:39:40.437+0000] {local_task_job_runner.py:123} INFO - ::group::Pre task execution logs
[2025-02-12T23:39:40.609+0000] {taskinstance.py:2613} INFO - Dependencies all met for dep_context=non-requeueable deps ti=<TaskInstance: IMPORTATION_ECRITURE_COMPTABLES_ARTICLE_dag.check_file_in_directory scheduled__2025-02-12T23:38:00+00:00 [queued]>
[2025-02-12T23:39:40.622+0000] {taskinstance.py:2613} INFO - Dependencies all met for dep_context=requeueable deps ti=<TaskInstance: IMPORTATION_ECRITURE_COMPTABLES_ARTICLE_dag.check_file_in_directory scheduled__2025-02-12T23:38:00+00:00 [queued]>
[2025-02-12T23:39:40.622+0000] {taskinstance.py:2866} INFO - Starting attempt 1 of 2
[2025-02-12T23:39:40.635+0000] {taskinstance.py:2889} INFO - Executing <Task(BranchPythonOperator): check_file_in_directory> on 2025-02-12 23:38:00+00:00
[2025-02-12T23:39:40.641+0000] {warnings.py:112} WARNING - /home/***/.local/lib/python3.12/site-packages/***/task/task_runner/standard_task_runner.py:70: DeprecationWarning: This process (pid=2422) is multi-threaded, use of fork() may lead to deadlocks in the child.
  pid = os.fork()

[2025-02-12T23:39:40.642+0000] {standard_task_runner.py:72} INFO - Started process 2425 to run task
[2025-02-12T23:39:40.643+0000] {standard_task_runner.py:104} INFO - Running: ['***', 'tasks', 'run', 'IMPORTATION_ECRITURE_COMPTABLES_ARTICLE_dag', 'check_file_in_directory', 'scheduled__2025-02-12T23:38:00+00:00', '--job-id', '5798', '--raw', '--subdir', 'DAGS_FOLDER/my_directory_and_file_checker.py', '--cfg-path', '/tmp/tmpctqq2zdt']
[2025-02-12T23:39:40.645+0000] {standard_task_runner.py:105} INFO - Job 5798: Subtask check_file_in_directory
[2025-02-12T23:39:40.695+0000] {task_command.py:467} INFO - Running <TaskInstance: IMPORTATION_ECRITURE_COMPTABLES_ARTICLE_dag.check_file_in_directory scheduled__2025-02-12T23:38:00+00:00 [running]> on host b6443be51f35
[2025-02-12T23:39:40.771+0000] {taskinstance.py:3132} INFO - Exporting env vars: AIRFLOW_CTX_DAG_OWNER='***' AIRFLOW_CTX_DAG_ID='IMPORTATION_ECRITURE_COMPTABLES_ARTICLE_dag' AIRFLOW_CTX_TASK_ID='check_file_in_directory' AIRFLOW_CTX_EXECUTION_DATE='2025-02-12T23:38:00+00:00' AIRFLOW_CTX_TRY_NUMBER='1' AIRFLOW_CTX_DAG_RUN_ID='scheduled__2025-02-12T23:38:00+00:00'
[2025-02-12T23:39:40.772+0000] {logging_mixin.py:190} INFO - Task instance is in running state
[2025-02-12T23:39:40.773+0000] {logging_mixin.py:190} INFO -  Previous state of the Task instance: queued
[2025-02-12T23:39:40.773+0000] {logging_mixin.py:190} INFO - Current task name:check_file_in_directory state:running start_date:2025-02-12 23:39:40.610228+00:00
[2025-02-12T23:39:40.774+0000] {logging_mixin.py:190} INFO - Dag name:IMPORTATION_ECRITURE_COMPTABLES_ARTICLE_dag and current dag run status:running
[2025-02-12T23:39:40.774+0000] {taskinstance.py:731} INFO - ::endgroup::
[2025-02-12T23:39:40.775+0000] {baseoperator.py:421} WARNING - BranchPythonOperator.execute cannot be called outside TaskInstance!
[2025-02-12T23:39:40.776+0000] {logging_mixin.py:190} INFO - ca marche /opt/***/files/in ['.csv']
[2025-02-12T23:39:40.779+0000] {python.py:240} INFO - Done. Returned value was: verify_file_reliability
[2025-02-12T23:39:40.780+0000] {branch.py:38} INFO - Branch into verify_file_reliability
[2025-02-12T23:39:40.781+0000] {skipmixin.py:230} INFO - Following branch ('verify_file_reliability',)
[2025-02-12T23:39:40.793+0000] {skipmixin.py:278} INFO - Skipping tasks []
[2025-02-12T23:39:40.818+0000] {taskinstance.py:340} INFO - ::group::Post task execution logs
[2025-02-12T23:39:40.819+0000] {taskinstance.py:352} INFO - Marking task as SUCCESS. dag_id=IMPORTATION_ECRITURE_COMPTABLES_ARTICLE_dag, task_id=check_file_in_directory, run_id=scheduled__2025-02-12T23:38:00+00:00, execution_date=20250212T233800, start_date=20250212T233940, end_date=20250212T233940
[2025-02-12T23:39:40.829+0000] {logging_mixin.py:190} INFO - Task instance in success state
[2025-02-12T23:39:40.830+0000] {logging_mixin.py:190} INFO -  Previous state of the Task instance: running
[2025-02-12T23:39:40.831+0000] {logging_mixin.py:190} INFO - Dag name:IMPORTATION_ECRITURE_COMPTABLES_ARTICLE_dag queued_at:2025-02-12 23:39:36.368052+00:00
[2025-02-12T23:39:40.832+0000] {logging_mixin.py:190} INFO - Task hostname:b6443be51f35 operator:BranchPythonOperator
[2025-02-12T23:39:40.860+0000] {local_task_job_runner.py:266} INFO - Task exited with return code 0
[2025-02-12T23:39:40.893+0000] {taskinstance.py:3895} INFO - 1 downstream tasks scheduled from follow-on schedule check
[2025-02-12T23:39:40.895+0000] {local_task_job_runner.py:245} INFO - ::endgroup::
