[2025-02-11T09:18:03.988+0000] {local_task_job_runner.py:123} INFO - ::group::Pre task execution logs
[2025-02-11T09:18:04.103+0000] {taskinstance.py:2613} INFO - Dependencies all met for dep_context=non-requeueable deps ti=<TaskInstance: IMPORTATION_ECRITURE_COMPTABLES_ARTICLE_dag.check_file_in_directory scheduled__2025-02-11T09:17:00+00:00 [queued]>
[2025-02-11T09:18:04.110+0000] {taskinstance.py:2613} INFO - Dependencies all met for dep_context=requeueable deps ti=<TaskInstance: IMPORTATION_ECRITURE_COMPTABLES_ARTICLE_dag.check_file_in_directory scheduled__2025-02-11T09:17:00+00:00 [queued]>
[2025-02-11T09:18:04.111+0000] {taskinstance.py:2866} INFO - Starting attempt 1 of 2
[2025-02-11T09:18:04.122+0000] {taskinstance.py:2889} INFO - Executing <Task(BranchPythonOperator): check_file_in_directory> on 2025-02-11 09:17:00+00:00
[2025-02-11T09:18:04.127+0000] {warnings.py:112} WARNING - /home/***/.local/lib/python3.12/site-packages/***/task/task_runner/standard_task_runner.py:70: DeprecationWarning: This process (pid=5420) is multi-threaded, use of fork() may lead to deadlocks in the child.
  pid = os.fork()

[2025-02-11T09:18:04.128+0000] {standard_task_runner.py:72} INFO - Started process 5422 to run task
[2025-02-11T09:18:04.128+0000] {standard_task_runner.py:104} INFO - Running: ['***', 'tasks', 'run', 'IMPORTATION_ECRITURE_COMPTABLES_ARTICLE_dag', 'check_file_in_directory', 'scheduled__2025-02-11T09:17:00+00:00', '--job-id', '1966', '--raw', '--subdir', 'DAGS_FOLDER/my_directory_and_file_checker.py', '--cfg-path', '/tmp/tmp7gopjy6a']
[2025-02-11T09:18:04.129+0000] {standard_task_runner.py:105} INFO - Job 1966: Subtask check_file_in_directory
[2025-02-11T09:18:04.165+0000] {task_command.py:467} INFO - Running <TaskInstance: IMPORTATION_ECRITURE_COMPTABLES_ARTICLE_dag.check_file_in_directory scheduled__2025-02-11T09:17:00+00:00 [running]> on host b6443be51f35
[2025-02-11T09:18:04.229+0000] {taskinstance.py:3132} INFO - Exporting env vars: AIRFLOW_CTX_DAG_OWNER='***' AIRFLOW_CTX_DAG_ID='IMPORTATION_ECRITURE_COMPTABLES_ARTICLE_dag' AIRFLOW_CTX_TASK_ID='check_file_in_directory' AIRFLOW_CTX_EXECUTION_DATE='2025-02-11T09:17:00+00:00' AIRFLOW_CTX_TRY_NUMBER='1' AIRFLOW_CTX_DAG_RUN_ID='scheduled__2025-02-11T09:17:00+00:00'
[2025-02-11T09:18:04.230+0000] {logging_mixin.py:190} INFO - Task instance is in running state
[2025-02-11T09:18:04.230+0000] {logging_mixin.py:190} INFO -  Previous state of the Task instance: queued
[2025-02-11T09:18:04.231+0000] {logging_mixin.py:190} INFO - Current task name:check_file_in_directory state:running start_date:2025-02-11 09:18:04.103843+00:00
[2025-02-11T09:18:04.231+0000] {logging_mixin.py:190} INFO - Dag name:IMPORTATION_ECRITURE_COMPTABLES_ARTICLE_dag and current dag run status:running
[2025-02-11T09:18:04.232+0000] {taskinstance.py:731} INFO - ::endgroup::
[2025-02-11T09:18:04.232+0000] {baseoperator.py:421} WARNING - BranchPythonOperator.execute cannot be called outside TaskInstance!
[2025-02-11T09:18:04.233+0000] {logging_mixin.py:190} INFO - ca marche /opt/***/files/in ['.csv']
[2025-02-11T09:18:04.238+0000] {python.py:240} INFO - Done. Returned value was: verify_file_reliability
[2025-02-11T09:18:04.238+0000] {branch.py:38} INFO - Branch into verify_file_reliability
[2025-02-11T09:18:04.239+0000] {skipmixin.py:230} INFO - Following branch ('verify_file_reliability',)
[2025-02-11T09:18:04.247+0000] {skipmixin.py:278} INFO - Skipping tasks []
[2025-02-11T09:18:04.269+0000] {taskinstance.py:340} INFO - ::group::Post task execution logs
[2025-02-11T09:18:04.269+0000] {taskinstance.py:352} INFO - Marking task as SUCCESS. dag_id=IMPORTATION_ECRITURE_COMPTABLES_ARTICLE_dag, task_id=check_file_in_directory, run_id=scheduled__2025-02-11T09:17:00+00:00, execution_date=20250211T091700, start_date=20250211T091804, end_date=20250211T091804
[2025-02-11T09:18:04.277+0000] {logging_mixin.py:190} INFO - Task instance in success state
[2025-02-11T09:18:04.277+0000] {logging_mixin.py:190} INFO -  Previous state of the Task instance: running
[2025-02-11T09:18:04.278+0000] {logging_mixin.py:190} INFO - Dag name:IMPORTATION_ECRITURE_COMPTABLES_ARTICLE_dag queued_at:2025-02-11 09:18:00.745594+00:00
[2025-02-11T09:18:04.278+0000] {logging_mixin.py:190} INFO - Task hostname:b6443be51f35 operator:BranchPythonOperator
[2025-02-11T09:18:04.303+0000] {local_task_job_runner.py:266} INFO - Task exited with return code 0
[2025-02-11T09:18:04.327+0000] {taskinstance.py:3895} INFO - 1 downstream tasks scheduled from follow-on schedule check
[2025-02-11T09:18:04.330+0000] {local_task_job_runner.py:245} INFO - ::endgroup::
