[2025-02-07T22:42:44.669+0000] {local_task_job_runner.py:123} INFO - ::group::Pre task execution logs
[2025-02-07T22:42:44.699+0000] {taskinstance.py:2613} INFO - Dependencies all met for dep_context=non-requeueable deps ti=<TaskInstance: directory_and_file_verification_dag.check_directory scheduled__2025-02-07T18:00:00+00:00 [queued]>
[2025-02-07T22:42:44.716+0000] {taskinstance.py:2613} INFO - Dependencies all met for dep_context=requeueable deps ti=<TaskInstance: directory_and_file_verification_dag.check_directory scheduled__2025-02-07T18:00:00+00:00 [queued]>
[2025-02-07T22:42:44.717+0000] {taskinstance.py:2866} INFO - Starting attempt 1 of 1
[2025-02-07T22:42:44.747+0000] {taskinstance.py:2889} INFO - Executing <Task(BranchPythonOperator): check_directory> on 2025-02-07 18:00:00+00:00
[2025-02-07T22:42:44.775+0000] {warnings.py:112} WARNING - /home/***/.local/lib/python3.12/site-packages/***/task/task_runner/standard_task_runner.py:70: DeprecationWarning: This process (pid=20147) is multi-threaded, use of fork() may lead to deadlocks in the child.
  pid = os.fork()

[2025-02-07T22:42:44.780+0000] {standard_task_runner.py:104} INFO - Running: ['***', 'tasks', 'run', 'directory_and_file_verification_dag', 'check_directory', 'scheduled__2025-02-07T18:00:00+00:00', '--job-id', '1075', '--raw', '--subdir', 'DAGS_FOLDER/my_directory_and_file_checker.py', '--cfg-path', '/tmp/tmprudxsjo7']
[2025-02-07T22:42:44.782+0000] {standard_task_runner.py:72} INFO - Started process 20158 to run task
[2025-02-07T22:42:44.782+0000] {standard_task_runner.py:105} INFO - Job 1075: Subtask check_directory
[2025-02-07T22:42:44.900+0000] {task_command.py:467} INFO - Running <TaskInstance: directory_and_file_verification_dag.check_directory scheduled__2025-02-07T18:00:00+00:00 [running]> on host 003b7fbea265
[2025-02-07T22:42:45.176+0000] {taskinstance.py:3132} INFO - Exporting env vars: AIRFLOW_CTX_DAG_OWNER='***' AIRFLOW_CTX_DAG_ID='directory_and_file_verification_dag' AIRFLOW_CTX_TASK_ID='check_directory' AIRFLOW_CTX_EXECUTION_DATE='2025-02-07T18:00:00+00:00' AIRFLOW_CTX_TRY_NUMBER='1' AIRFLOW_CTX_DAG_RUN_ID='scheduled__2025-02-07T18:00:00+00:00'
[2025-02-07T22:42:45.204+0000] {logging_mixin.py:190} INFO - Task instance is in running state
[2025-02-07T22:42:45.217+0000] {logging_mixin.py:190} INFO -  Previous state of the Task instance: queued
[2025-02-07T22:42:45.220+0000] {logging_mixin.py:190} INFO - Current task name:check_directory state:running start_date:2025-02-07 22:42:44.700799+00:00
[2025-02-07T22:42:45.227+0000] {logging_mixin.py:190} INFO - Dag name:directory_and_file_verification_dag and current dag run status:running
[2025-02-07T22:42:45.231+0000] {taskinstance.py:731} INFO - ::endgroup::
[2025-02-07T22:42:45.234+0000] {baseoperator.py:421} WARNING - BranchPythonOperator.execute cannot be called outside TaskInstance!
[2025-02-07T22:42:45.251+0000] {logging_mixin.py:190} INFO - borusss ['in', 'logs', 'out', 'statu_date_execution.txt', 'succes_date_execution.txt', 'test', 'Écritures - Copie.csv.bak', 'Écritures comptables article.csv.bak', 'Écritures.csv.bak']
[2025-02-07T22:42:45.255+0000] {python.py:240} INFO - Done. Returned value was: check_file_in_directory
[2025-02-07T22:42:45.256+0000] {branch.py:38} INFO - Branch into check_file_in_directory
[2025-02-07T22:42:45.262+0000] {skipmixin.py:230} INFO - Following branch ('check_file_in_directory',)
[2025-02-07T22:42:45.307+0000] {skipmixin.py:278} INFO - Skipping tasks []
[2025-02-07T22:42:45.405+0000] {taskinstance.py:340} INFO - ::group::Post task execution logs
[2025-02-07T22:42:45.406+0000] {taskinstance.py:352} INFO - Marking task as SUCCESS. dag_id=directory_and_file_verification_dag, task_id=check_directory, run_id=scheduled__2025-02-07T18:00:00+00:00, execution_date=20250207T180000, start_date=20250207T224244, end_date=20250207T224245
[2025-02-07T22:42:45.428+0000] {logging_mixin.py:190} INFO - Task instance in success state
[2025-02-07T22:42:45.430+0000] {logging_mixin.py:190} INFO -  Previous state of the Task instance: running
[2025-02-07T22:42:45.431+0000] {logging_mixin.py:190} INFO - Dag name:directory_and_file_verification_dag queued_at:2025-02-07 22:42:40.187998+00:00
[2025-02-07T22:42:45.432+0000] {logging_mixin.py:190} INFO - Task hostname:003b7fbea265 operator:BranchPythonOperator
[2025-02-07T22:42:45.490+0000] {local_task_job_runner.py:266} INFO - Task exited with return code 0
[2025-02-07T22:42:45.557+0000] {taskinstance.py:3895} INFO - 1 downstream tasks scheduled from follow-on schedule check
[2025-02-07T22:42:45.560+0000] {local_task_job_runner.py:245} INFO - ::endgroup::
[2025-02-07T22:44:08.531+0000] {local_task_job_runner.py:123} INFO - ::group::Pre task execution logs
[2025-02-07T22:44:08.558+0000] {taskinstance.py:2613} INFO - Dependencies all met for dep_context=non-requeueable deps ti=<TaskInstance: directory_and_file_verification_dag.check_directory scheduled__2025-02-07T18:00:00+00:00 [queued]>
[2025-02-07T22:44:08.573+0000] {taskinstance.py:2613} INFO - Dependencies all met for dep_context=requeueable deps ti=<TaskInstance: directory_and_file_verification_dag.check_directory scheduled__2025-02-07T18:00:00+00:00 [queued]>
[2025-02-07T22:44:08.574+0000] {taskinstance.py:2866} INFO - Starting attempt 1 of 1
[2025-02-07T22:44:08.614+0000] {taskinstance.py:2889} INFO - Executing <Task(BranchPythonOperator): check_directory> on 2025-02-07 18:00:00+00:00
[2025-02-07T22:44:08.639+0000] {warnings.py:112} WARNING - /home/***/.local/lib/python3.12/site-packages/***/task/task_runner/standard_task_runner.py:70: DeprecationWarning: This process (pid=20351) is multi-threaded, use of fork() may lead to deadlocks in the child.
  pid = os.fork()

[2025-02-07T22:44:08.644+0000] {standard_task_runner.py:104} INFO - Running: ['***', 'tasks', 'run', 'directory_and_file_verification_dag', 'check_directory', 'scheduled__2025-02-07T18:00:00+00:00', '--job-id', '1123', '--raw', '--subdir', 'DAGS_FOLDER/my_directory_and_file_checker.py', '--cfg-path', '/tmp/tmp78bebm3f']
[2025-02-07T22:44:08.645+0000] {standard_task_runner.py:72} INFO - Started process 20363 to run task
[2025-02-07T22:44:08.652+0000] {standard_task_runner.py:105} INFO - Job 1123: Subtask check_directory
[2025-02-07T22:44:08.764+0000] {task_command.py:467} INFO - Running <TaskInstance: directory_and_file_verification_dag.check_directory scheduled__2025-02-07T18:00:00+00:00 [running]> on host 003b7fbea265
[2025-02-07T22:44:08.921+0000] {taskinstance.py:3132} INFO - Exporting env vars: AIRFLOW_CTX_DAG_OWNER='***' AIRFLOW_CTX_DAG_ID='directory_and_file_verification_dag' AIRFLOW_CTX_TASK_ID='check_directory' AIRFLOW_CTX_EXECUTION_DATE='2025-02-07T18:00:00+00:00' AIRFLOW_CTX_TRY_NUMBER='1' AIRFLOW_CTX_DAG_RUN_ID='scheduled__2025-02-07T18:00:00+00:00'
[2025-02-07T22:44:08.923+0000] {logging_mixin.py:190} INFO - Task instance is in running state
[2025-02-07T22:44:08.924+0000] {logging_mixin.py:190} INFO -  Previous state of the Task instance: queued
[2025-02-07T22:44:08.925+0000] {logging_mixin.py:190} INFO - Current task name:check_directory state:running start_date:2025-02-07 22:44:08.559292+00:00
[2025-02-07T22:44:08.925+0000] {logging_mixin.py:190} INFO - Dag name:directory_and_file_verification_dag and current dag run status:running
[2025-02-07T22:44:08.926+0000] {taskinstance.py:731} INFO - ::endgroup::
[2025-02-07T22:44:08.927+0000] {baseoperator.py:421} WARNING - BranchPythonOperator.execute cannot be called outside TaskInstance!
[2025-02-07T22:44:08.929+0000] {logging_mixin.py:190} INFO - borusss ['in', 'logs', 'out', 'statu_date_execution.txt', 'succes_date_execution.txt', 'test', 'Écritures - Copie.csv.bak', 'Écritures comptables article.csv.bak', 'Écritures.csv.bak']
[2025-02-07T22:44:08.932+0000] {python.py:240} INFO - Done. Returned value was: check_file_in_directory
[2025-02-07T22:44:08.932+0000] {branch.py:38} INFO - Branch into check_file_in_directory
[2025-02-07T22:44:08.933+0000] {skipmixin.py:230} INFO - Following branch ('check_file_in_directory',)
[2025-02-07T22:44:08.955+0000] {skipmixin.py:278} INFO - Skipping tasks []
[2025-02-07T22:44:09.009+0000] {taskinstance.py:340} INFO - ::group::Post task execution logs
[2025-02-07T22:44:09.010+0000] {taskinstance.py:352} INFO - Marking task as SUCCESS. dag_id=directory_and_file_verification_dag, task_id=check_directory, run_id=scheduled__2025-02-07T18:00:00+00:00, execution_date=20250207T180000, start_date=20250207T224408, end_date=20250207T224409
[2025-02-07T22:44:09.030+0000] {logging_mixin.py:190} INFO - Task instance in success state
[2025-02-07T22:44:09.031+0000] {logging_mixin.py:190} INFO -  Previous state of the Task instance: running
[2025-02-07T22:44:09.032+0000] {logging_mixin.py:190} INFO - Dag name:directory_and_file_verification_dag queued_at:2025-02-07 22:44:04.851170+00:00
[2025-02-07T22:44:09.032+0000] {logging_mixin.py:190} INFO - Task hostname:003b7fbea265 operator:BranchPythonOperator
[2025-02-07T22:44:09.087+0000] {local_task_job_runner.py:266} INFO - Task exited with return code 0
[2025-02-07T22:44:09.155+0000] {taskinstance.py:3895} INFO - 1 downstream tasks scheduled from follow-on schedule check
[2025-02-07T22:44:09.158+0000] {local_task_job_runner.py:245} INFO - ::endgroup::
[2025-02-07T23:12:14.190+0000] {local_task_job_runner.py:123} INFO - ::group::Pre task execution logs
[2025-02-07T23:12:14.239+0000] {taskinstance.py:2613} INFO - Dependencies all met for dep_context=non-requeueable deps ti=<TaskInstance: directory_and_file_verification_dag.check_directory scheduled__2025-02-07T18:00:00+00:00 [queued]>
[2025-02-07T23:12:14.277+0000] {taskinstance.py:2613} INFO - Dependencies all met for dep_context=requeueable deps ti=<TaskInstance: directory_and_file_verification_dag.check_directory scheduled__2025-02-07T18:00:00+00:00 [queued]>
[2025-02-07T23:12:14.279+0000] {taskinstance.py:2866} INFO - Starting attempt 1 of 1
[2025-02-07T23:12:14.345+0000] {taskinstance.py:2889} INFO - Executing <Task(BranchPythonOperator): check_directory> on 2025-02-07 18:00:00+00:00
[2025-02-07T23:12:14.365+0000] {warnings.py:112} WARNING - /home/***/.local/lib/python3.12/site-packages/***/task/task_runner/standard_task_runner.py:70: DeprecationWarning: This process (pid=20901) is multi-threaded, use of fork() may lead to deadlocks in the child.
  pid = os.fork()

[2025-02-07T23:12:14.370+0000] {standard_task_runner.py:72} INFO - Started process 20914 to run task
[2025-02-07T23:12:14.372+0000] {standard_task_runner.py:104} INFO - Running: ['***', 'tasks', 'run', 'directory_and_file_verification_dag', 'check_directory', 'scheduled__2025-02-07T18:00:00+00:00', '--job-id', '1168', '--raw', '--subdir', 'DAGS_FOLDER/my_directory_and_file_checker.py', '--cfg-path', '/tmp/tmpya8u1ewh']
[2025-02-07T23:12:14.380+0000] {standard_task_runner.py:105} INFO - Job 1168: Subtask check_directory
[2025-02-07T23:12:14.513+0000] {task_command.py:467} INFO - Running <TaskInstance: directory_and_file_verification_dag.check_directory scheduled__2025-02-07T18:00:00+00:00 [running]> on host 003b7fbea265
[2025-02-07T23:12:14.827+0000] {taskinstance.py:3132} INFO - Exporting env vars: AIRFLOW_CTX_DAG_OWNER='***' AIRFLOW_CTX_DAG_ID='directory_and_file_verification_dag' AIRFLOW_CTX_TASK_ID='check_directory' AIRFLOW_CTX_EXECUTION_DATE='2025-02-07T18:00:00+00:00' AIRFLOW_CTX_TRY_NUMBER='1' AIRFLOW_CTX_DAG_RUN_ID='scheduled__2025-02-07T18:00:00+00:00'
[2025-02-07T23:12:14.833+0000] {logging_mixin.py:190} INFO - Task instance is in running state
[2025-02-07T23:12:14.834+0000] {logging_mixin.py:190} INFO -  Previous state of the Task instance: queued
[2025-02-07T23:12:14.846+0000] {logging_mixin.py:190} INFO - Current task name:check_directory state:running start_date:2025-02-07 23:12:14.244693+00:00
[2025-02-07T23:12:14.847+0000] {logging_mixin.py:190} INFO - Dag name:directory_and_file_verification_dag and current dag run status:running
[2025-02-07T23:12:14.848+0000] {taskinstance.py:731} INFO - ::endgroup::
[2025-02-07T23:12:14.849+0000] {baseoperator.py:421} WARNING - BranchPythonOperator.execute cannot be called outside TaskInstance!
[2025-02-07T23:12:14.852+0000] {logging_mixin.py:190} INFO - borusss ['in', 'logs', 'out', 'statu_date_execution.txt', 'succes_date_execution.txt', 'test', 'Écritures - Copie.csv.bak', 'Écritures comptables article.csv.bak', 'Écritures.csv.bak']
[2025-02-07T23:12:14.853+0000] {python.py:240} INFO - Done. Returned value was: check_file_in_directory
[2025-02-07T23:12:14.854+0000] {branch.py:38} INFO - Branch into check_file_in_directory
[2025-02-07T23:12:14.855+0000] {skipmixin.py:230} INFO - Following branch ('check_file_in_directory',)
[2025-02-07T23:12:14.927+0000] {skipmixin.py:278} INFO - Skipping tasks []
[2025-02-07T23:12:15.006+0000] {taskinstance.py:340} INFO - ::group::Post task execution logs
[2025-02-07T23:12:15.007+0000] {taskinstance.py:352} INFO - Marking task as SUCCESS. dag_id=directory_and_file_verification_dag, task_id=check_directory, run_id=scheduled__2025-02-07T18:00:00+00:00, execution_date=20250207T180000, start_date=20250207T231214, end_date=20250207T231215
[2025-02-07T23:12:15.043+0000] {logging_mixin.py:190} INFO - Task instance in success state
[2025-02-07T23:12:15.046+0000] {logging_mixin.py:190} INFO -  Previous state of the Task instance: running
[2025-02-07T23:12:15.047+0000] {logging_mixin.py:190} INFO - Dag name:directory_and_file_verification_dag queued_at:2025-02-07 23:12:08.663597+00:00
[2025-02-07T23:12:15.048+0000] {logging_mixin.py:190} INFO - Task hostname:003b7fbea265 operator:BranchPythonOperator
[2025-02-07T23:12:15.116+0000] {local_task_job_runner.py:266} INFO - Task exited with return code 0
[2025-02-07T23:12:15.215+0000] {taskinstance.py:3895} INFO - 1 downstream tasks scheduled from follow-on schedule check
[2025-02-07T23:12:15.234+0000] {local_task_job_runner.py:245} INFO - ::endgroup::
