[2025-02-13T22:41:04.926+0000] {local_task_job_runner.py:123} INFO - ::group::Pre task execution logs
[2025-02-13T22:41:05.178+0000] {taskinstance.py:2613} INFO - Dependencies all met for dep_context=non-requeueable deps ti=<TaskInstance: IMPORTATION_ECRITURE_COMPTABLES_ARTICLE_dag.check_file_in_directory scheduled__2025-02-13T22:40:00+00:00 [queued]>
[2025-02-13T22:41:05.199+0000] {taskinstance.py:2613} INFO - Dependencies all met for dep_context=requeueable deps ti=<TaskInstance: IMPORTATION_ECRITURE_COMPTABLES_ARTICLE_dag.check_file_in_directory scheduled__2025-02-13T22:40:00+00:00 [queued]>
[2025-02-13T22:41:05.200+0000] {taskinstance.py:2866} INFO - Starting attempt 1 of 2
[2025-02-13T22:41:05.223+0000] {taskinstance.py:2889} INFO - Executing <Task(BranchPythonOperator): check_file_in_directory> on 2025-02-13 22:40:00+00:00
[2025-02-13T22:41:05.232+0000] {warnings.py:112} WARNING - /home/***/.local/lib/python3.12/site-packages/***/task/task_runner/standard_task_runner.py:70: DeprecationWarning: This process (pid=560) is multi-threaded, use of fork() may lead to deadlocks in the child.
  pid = os.fork()

[2025-02-13T22:41:05.235+0000] {standard_task_runner.py:72} INFO - Started process 562 to run task
[2025-02-13T22:41:05.235+0000] {standard_task_runner.py:104} INFO - Running: ['***', 'tasks', 'run', 'IMPORTATION_ECRITURE_COMPTABLES_ARTICLE_dag', 'check_file_in_directory', 'scheduled__2025-02-13T22:40:00+00:00', '--job-id', '8351', '--raw', '--subdir', 'DAGS_FOLDER/my_directory_and_file_checker.py', '--cfg-path', '/tmp/tmp5w3phagu']
[2025-02-13T22:41:05.236+0000] {standard_task_runner.py:105} INFO - Job 8351: Subtask check_file_in_directory
[2025-02-13T22:41:05.295+0000] {task_command.py:467} INFO - Running <TaskInstance: IMPORTATION_ECRITURE_COMPTABLES_ARTICLE_dag.check_file_in_directory scheduled__2025-02-13T22:40:00+00:00 [running]> on host b6443be51f35
[2025-02-13T22:41:05.410+0000] {taskinstance.py:3132} INFO - Exporting env vars: AIRFLOW_CTX_DAG_OWNER='***' AIRFLOW_CTX_DAG_ID='IMPORTATION_ECRITURE_COMPTABLES_ARTICLE_dag' AIRFLOW_CTX_TASK_ID='check_file_in_directory' AIRFLOW_CTX_EXECUTION_DATE='2025-02-13T22:40:00+00:00' AIRFLOW_CTX_TRY_NUMBER='1' AIRFLOW_CTX_DAG_RUN_ID='scheduled__2025-02-13T22:40:00+00:00'
[2025-02-13T22:41:05.413+0000] {logging_mixin.py:190} INFO - Task instance is in running state
[2025-02-13T22:41:05.414+0000] {logging_mixin.py:190} INFO -  Previous state of the Task instance: queued
[2025-02-13T22:41:05.414+0000] {logging_mixin.py:190} INFO - Current task name:check_file_in_directory state:running start_date:2025-02-13 22:41:05.179577+00:00
[2025-02-13T22:41:05.415+0000] {logging_mixin.py:190} INFO - Dag name:IMPORTATION_ECRITURE_COMPTABLES_ARTICLE_dag and current dag run status:running
[2025-02-13T22:41:05.415+0000] {taskinstance.py:731} INFO - ::endgroup::
[2025-02-13T22:41:05.416+0000] {baseoperator.py:421} WARNING - BranchPythonOperator.execute cannot be called outside TaskInstance!
[2025-02-13T22:41:05.417+0000] {logging_mixin.py:190} INFO - ca marche /opt/***/files/in ['.csv']
[2025-02-13T22:41:05.421+0000] {python.py:240} INFO - Done. Returned value was: verify_file_reliability
[2025-02-13T22:41:05.421+0000] {branch.py:38} INFO - Branch into verify_file_reliability
[2025-02-13T22:41:05.422+0000] {skipmixin.py:230} INFO - Following branch ('verify_file_reliability',)
[2025-02-13T22:41:05.432+0000] {skipmixin.py:278} INFO - Skipping tasks []
[2025-02-13T22:41:05.471+0000] {taskinstance.py:340} INFO - ::group::Post task execution logs
[2025-02-13T22:41:05.472+0000] {taskinstance.py:352} INFO - Marking task as SUCCESS. dag_id=IMPORTATION_ECRITURE_COMPTABLES_ARTICLE_dag, task_id=check_file_in_directory, run_id=scheduled__2025-02-13T22:40:00+00:00, execution_date=20250213T224000, start_date=20250213T224105, end_date=20250213T224105
[2025-02-13T22:41:05.493+0000] {logging_mixin.py:190} INFO - Task instance in success state
[2025-02-13T22:41:05.495+0000] {logging_mixin.py:190} INFO -  Previous state of the Task instance: running
[2025-02-13T22:41:05.503+0000] {logging_mixin.py:190} INFO - Dag name:IMPORTATION_ECRITURE_COMPTABLES_ARTICLE_dag queued_at:2025-02-13 22:41:00.086783+00:00
[2025-02-13T22:41:05.548+0000] {logging_mixin.py:190} INFO - Task hostname:b6443be51f35 operator:BranchPythonOperator
[2025-02-13T22:41:05.587+0000] {local_task_job_runner.py:266} INFO - Task exited with return code 0
[2025-02-13T22:41:05.684+0000] {taskinstance.py:3895} INFO - 1 downstream tasks scheduled from follow-on schedule check
[2025-02-13T22:41:06.128+0000] {local_task_job_runner.py:245} INFO - ::endgroup::
[2025-02-13T22:41:46.661+0000] {local_task_job_runner.py:123} INFO - ::group::Pre task execution logs
[2025-02-13T22:41:46.686+0000] {taskinstance.py:2613} INFO - Dependencies all met for dep_context=non-requeueable deps ti=<TaskInstance: IMPORTATION_ECRITURE_COMPTABLES_ARTICLE_dag.check_file_in_directory scheduled__2025-02-13T22:40:00+00:00 [queued]>
[2025-02-13T22:41:46.848+0000] {taskinstance.py:2613} INFO - Dependencies all met for dep_context=requeueable deps ti=<TaskInstance: IMPORTATION_ECRITURE_COMPTABLES_ARTICLE_dag.check_file_in_directory scheduled__2025-02-13T22:40:00+00:00 [queued]>
[2025-02-13T22:41:46.849+0000] {taskinstance.py:2866} INFO - Starting attempt 1 of 2
[2025-02-13T22:41:46.863+0000] {taskinstance.py:2889} INFO - Executing <Task(BranchPythonOperator): check_file_in_directory> on 2025-02-13 22:40:00+00:00
[2025-02-13T22:41:46.869+0000] {warnings.py:112} WARNING - /home/***/.local/lib/python3.12/site-packages/***/task/task_runner/standard_task_runner.py:70: DeprecationWarning: This process (pid=591) is multi-threaded, use of fork() may lead to deadlocks in the child.
  pid = os.fork()

[2025-02-13T22:41:46.871+0000] {standard_task_runner.py:72} INFO - Started process 595 to run task
[2025-02-13T22:41:46.872+0000] {standard_task_runner.py:104} INFO - Running: ['***', 'tasks', 'run', 'IMPORTATION_ECRITURE_COMPTABLES_ARTICLE_dag', 'check_file_in_directory', 'scheduled__2025-02-13T22:40:00+00:00', '--job-id', '8358', '--raw', '--subdir', 'DAGS_FOLDER/my_directory_and_file_checker.py', '--cfg-path', '/tmp/tmphzihztyl']
[2025-02-13T22:41:46.874+0000] {standard_task_runner.py:105} INFO - Job 8358: Subtask check_file_in_directory
[2025-02-13T22:41:46.924+0000] {task_command.py:467} INFO - Running <TaskInstance: IMPORTATION_ECRITURE_COMPTABLES_ARTICLE_dag.check_file_in_directory scheduled__2025-02-13T22:40:00+00:00 [running]> on host b6443be51f35
[2025-02-13T22:41:47.022+0000] {taskinstance.py:3132} INFO - Exporting env vars: AIRFLOW_CTX_DAG_OWNER='***' AIRFLOW_CTX_DAG_ID='IMPORTATION_ECRITURE_COMPTABLES_ARTICLE_dag' AIRFLOW_CTX_TASK_ID='check_file_in_directory' AIRFLOW_CTX_EXECUTION_DATE='2025-02-13T22:40:00+00:00' AIRFLOW_CTX_TRY_NUMBER='1' AIRFLOW_CTX_DAG_RUN_ID='scheduled__2025-02-13T22:40:00+00:00'
[2025-02-13T22:41:47.024+0000] {logging_mixin.py:190} INFO - Task instance is in running state
[2025-02-13T22:41:47.024+0000] {logging_mixin.py:190} INFO -  Previous state of the Task instance: queued
[2025-02-13T22:41:47.025+0000] {logging_mixin.py:190} INFO - Current task name:check_file_in_directory state:running start_date:2025-02-13 22:41:46.687352+00:00
[2025-02-13T22:41:47.026+0000] {logging_mixin.py:190} INFO - Dag name:IMPORTATION_ECRITURE_COMPTABLES_ARTICLE_dag and current dag run status:running
[2025-02-13T22:41:47.027+0000] {taskinstance.py:731} INFO - ::endgroup::
[2025-02-13T22:41:47.028+0000] {baseoperator.py:421} WARNING - BranchPythonOperator.execute cannot be called outside TaskInstance!
[2025-02-13T22:41:47.030+0000] {logging_mixin.py:190} INFO - ca marche /opt/***/files/in ['.csv']
[2025-02-13T22:41:47.032+0000] {python.py:240} INFO - Done. Returned value was: verify_file_reliability
[2025-02-13T22:41:47.033+0000] {branch.py:38} INFO - Branch into verify_file_reliability
[2025-02-13T22:41:47.034+0000] {skipmixin.py:230} INFO - Following branch ('verify_file_reliability',)
[2025-02-13T22:41:47.055+0000] {skipmixin.py:278} INFO - Skipping tasks []
[2025-02-13T22:41:47.091+0000] {taskinstance.py:340} INFO - ::group::Post task execution logs
[2025-02-13T22:41:47.092+0000] {taskinstance.py:352} INFO - Marking task as SUCCESS. dag_id=IMPORTATION_ECRITURE_COMPTABLES_ARTICLE_dag, task_id=check_file_in_directory, run_id=scheduled__2025-02-13T22:40:00+00:00, execution_date=20250213T224000, start_date=20250213T224146, end_date=20250213T224147
[2025-02-13T22:41:47.113+0000] {logging_mixin.py:190} INFO - Task instance in success state
[2025-02-13T22:41:47.114+0000] {logging_mixin.py:190} INFO -  Previous state of the Task instance: running
[2025-02-13T22:41:47.114+0000] {logging_mixin.py:190} INFO - Dag name:IMPORTATION_ECRITURE_COMPTABLES_ARTICLE_dag queued_at:2025-02-13 22:41:41.839181+00:00
[2025-02-13T22:41:47.115+0000] {logging_mixin.py:190} INFO - Task hostname:b6443be51f35 operator:BranchPythonOperator
[2025-02-13T22:41:47.167+0000] {local_task_job_runner.py:266} INFO - Task exited with return code 0
[2025-02-13T22:41:47.215+0000] {taskinstance.py:3895} INFO - 1 downstream tasks scheduled from follow-on schedule check
[2025-02-13T22:41:47.217+0000] {local_task_job_runner.py:245} INFO - ::endgroup::
