[2025-02-10T23:08:04.304+0000] {local_task_job_runner.py:123} INFO - ::group::Pre task execution logs
[2025-02-10T23:08:04.428+0000] {taskinstance.py:2613} INFO - Dependencies all met for dep_context=non-requeueable deps ti=<TaskInstance: IMPORTATION_ECRITURE_COMPTABLES_ARTICLE_dag.check_file_in_directory scheduled__2025-02-10T23:07:00+00:00 [queued]>
[2025-02-10T23:08:04.437+0000] {taskinstance.py:2613} INFO - Dependencies all met for dep_context=requeueable deps ti=<TaskInstance: IMPORTATION_ECRITURE_COMPTABLES_ARTICLE_dag.check_file_in_directory scheduled__2025-02-10T23:07:00+00:00 [queued]>
[2025-02-10T23:08:04.438+0000] {taskinstance.py:2866} INFO - Starting attempt 1 of 2
[2025-02-10T23:08:04.450+0000] {taskinstance.py:2889} INFO - Executing <Task(BranchPythonOperator): check_file_in_directory> on 2025-02-10 23:07:00+00:00
[2025-02-10T23:08:04.456+0000] {warnings.py:112} WARNING - /home/***/.local/lib/python3.12/site-packages/***/task/task_runner/standard_task_runner.py:70: DeprecationWarning: This process (pid=1322) is multi-threaded, use of fork() may lead to deadlocks in the child.
  pid = os.fork()

[2025-02-10T23:08:04.457+0000] {standard_task_runner.py:72} INFO - Started process 1324 to run task
[2025-02-10T23:08:04.457+0000] {standard_task_runner.py:104} INFO - Running: ['***', 'tasks', 'run', 'IMPORTATION_ECRITURE_COMPTABLES_ARTICLE_dag', 'check_file_in_directory', 'scheduled__2025-02-10T23:07:00+00:00', '--job-id', '1393', '--raw', '--subdir', 'DAGS_FOLDER/my_directory_and_file_checker.py', '--cfg-path', '/tmp/tmpcxc4df0p']
[2025-02-10T23:08:04.458+0000] {standard_task_runner.py:105} INFO - Job 1393: Subtask check_file_in_directory
[2025-02-10T23:08:04.499+0000] {task_command.py:467} INFO - Running <TaskInstance: IMPORTATION_ECRITURE_COMPTABLES_ARTICLE_dag.check_file_in_directory scheduled__2025-02-10T23:07:00+00:00 [running]> on host b6443be51f35
[2025-02-10T23:08:04.569+0000] {taskinstance.py:3132} INFO - Exporting env vars: AIRFLOW_CTX_DAG_OWNER='***' AIRFLOW_CTX_DAG_ID='IMPORTATION_ECRITURE_COMPTABLES_ARTICLE_dag' AIRFLOW_CTX_TASK_ID='check_file_in_directory' AIRFLOW_CTX_EXECUTION_DATE='2025-02-10T23:07:00+00:00' AIRFLOW_CTX_TRY_NUMBER='1' AIRFLOW_CTX_DAG_RUN_ID='scheduled__2025-02-10T23:07:00+00:00'
[2025-02-10T23:08:04.570+0000] {logging_mixin.py:190} INFO - Task instance is in running state
[2025-02-10T23:08:04.571+0000] {logging_mixin.py:190} INFO -  Previous state of the Task instance: queued
[2025-02-10T23:08:04.572+0000] {logging_mixin.py:190} INFO - Current task name:check_file_in_directory state:running start_date:2025-02-10 23:08:04.429668+00:00
[2025-02-10T23:08:04.572+0000] {logging_mixin.py:190} INFO - Dag name:IMPORTATION_ECRITURE_COMPTABLES_ARTICLE_dag and current dag run status:running
[2025-02-10T23:08:04.573+0000] {taskinstance.py:731} INFO - ::endgroup::
[2025-02-10T23:08:04.574+0000] {baseoperator.py:421} WARNING - BranchPythonOperator.execute cannot be called outside TaskInstance!
[2025-02-10T23:08:04.574+0000] {logging_mixin.py:190} INFO - ca marche /opt/***/files/in ['.csv']
[2025-02-10T23:08:04.577+0000] {python.py:240} INFO - Done. Returned value was: verify_file_reliability
[2025-02-10T23:08:04.578+0000] {branch.py:38} INFO - Branch into verify_file_reliability
[2025-02-10T23:08:04.578+0000] {skipmixin.py:230} INFO - Following branch ('verify_file_reliability',)
[2025-02-10T23:08:04.586+0000] {skipmixin.py:278} INFO - Skipping tasks []
[2025-02-10T23:08:04.613+0000] {taskinstance.py:340} INFO - ::group::Post task execution logs
[2025-02-10T23:08:04.613+0000] {taskinstance.py:352} INFO - Marking task as SUCCESS. dag_id=IMPORTATION_ECRITURE_COMPTABLES_ARTICLE_dag, task_id=check_file_in_directory, run_id=scheduled__2025-02-10T23:07:00+00:00, execution_date=20250210T230700, start_date=20250210T230804, end_date=20250210T230804
[2025-02-10T23:08:04.624+0000] {logging_mixin.py:190} INFO - Task instance in success state
[2025-02-10T23:08:04.624+0000] {logging_mixin.py:190} INFO -  Previous state of the Task instance: running
[2025-02-10T23:08:04.625+0000] {logging_mixin.py:190} INFO - Dag name:IMPORTATION_ECRITURE_COMPTABLES_ARTICLE_dag queued_at:2025-02-10 23:08:00.485574+00:00
[2025-02-10T23:08:04.626+0000] {logging_mixin.py:190} INFO - Task hostname:b6443be51f35 operator:BranchPythonOperator
[2025-02-10T23:08:04.672+0000] {local_task_job_runner.py:266} INFO - Task exited with return code 0
[2025-02-10T23:08:04.698+0000] {taskinstance.py:3895} INFO - 1 downstream tasks scheduled from follow-on schedule check
[2025-02-10T23:08:04.701+0000] {local_task_job_runner.py:245} INFO - ::endgroup::
[2025-02-10T23:08:57.414+0000] {local_task_job_runner.py:123} INFO - ::group::Pre task execution logs
[2025-02-10T23:08:57.566+0000] {taskinstance.py:2613} INFO - Dependencies all met for dep_context=non-requeueable deps ti=<TaskInstance: IMPORTATION_ECRITURE_COMPTABLES_ARTICLE_dag.check_file_in_directory scheduled__2025-02-10T23:07:00+00:00 [queued]>
[2025-02-10T23:08:57.578+0000] {taskinstance.py:2613} INFO - Dependencies all met for dep_context=requeueable deps ti=<TaskInstance: IMPORTATION_ECRITURE_COMPTABLES_ARTICLE_dag.check_file_in_directory scheduled__2025-02-10T23:07:00+00:00 [queued]>
[2025-02-10T23:08:57.579+0000] {taskinstance.py:2866} INFO - Starting attempt 1 of 2
[2025-02-10T23:08:57.594+0000] {taskinstance.py:2889} INFO - Executing <Task(BranchPythonOperator): check_file_in_directory> on 2025-02-10 23:07:00+00:00
[2025-02-10T23:08:57.601+0000] {warnings.py:112} WARNING - /home/***/.local/lib/python3.12/site-packages/***/task/task_runner/standard_task_runner.py:70: DeprecationWarning: This process (pid=1353) is multi-threaded, use of fork() may lead to deadlocks in the child.
  pid = os.fork()

[2025-02-10T23:08:57.603+0000] {standard_task_runner.py:72} INFO - Started process 1362 to run task
[2025-02-10T23:08:57.603+0000] {standard_task_runner.py:104} INFO - Running: ['***', 'tasks', 'run', 'IMPORTATION_ECRITURE_COMPTABLES_ARTICLE_dag', 'check_file_in_directory', 'scheduled__2025-02-10T23:07:00+00:00', '--job-id', '1399', '--raw', '--subdir', 'DAGS_FOLDER/my_directory_and_file_checker.py', '--cfg-path', '/tmp/tmpo93quy6j']
[2025-02-10T23:08:57.604+0000] {standard_task_runner.py:105} INFO - Job 1399: Subtask check_file_in_directory
[2025-02-10T23:08:57.657+0000] {task_command.py:467} INFO - Running <TaskInstance: IMPORTATION_ECRITURE_COMPTABLES_ARTICLE_dag.check_file_in_directory scheduled__2025-02-10T23:07:00+00:00 [running]> on host b6443be51f35
[2025-02-10T23:08:57.740+0000] {taskinstance.py:3132} INFO - Exporting env vars: AIRFLOW_CTX_DAG_OWNER='***' AIRFLOW_CTX_DAG_ID='IMPORTATION_ECRITURE_COMPTABLES_ARTICLE_dag' AIRFLOW_CTX_TASK_ID='check_file_in_directory' AIRFLOW_CTX_EXECUTION_DATE='2025-02-10T23:07:00+00:00' AIRFLOW_CTX_TRY_NUMBER='1' AIRFLOW_CTX_DAG_RUN_ID='scheduled__2025-02-10T23:07:00+00:00'
[2025-02-10T23:08:57.741+0000] {logging_mixin.py:190} INFO - Task instance is in running state
[2025-02-10T23:08:57.742+0000] {logging_mixin.py:190} INFO -  Previous state of the Task instance: queued
[2025-02-10T23:08:57.742+0000] {logging_mixin.py:190} INFO - Current task name:check_file_in_directory state:running start_date:2025-02-10 23:08:57.567821+00:00
[2025-02-10T23:08:57.743+0000] {logging_mixin.py:190} INFO - Dag name:IMPORTATION_ECRITURE_COMPTABLES_ARTICLE_dag and current dag run status:running
[2025-02-10T23:08:57.744+0000] {taskinstance.py:731} INFO - ::endgroup::
[2025-02-10T23:08:57.744+0000] {baseoperator.py:421} WARNING - BranchPythonOperator.execute cannot be called outside TaskInstance!
[2025-02-10T23:08:57.745+0000] {logging_mixin.py:190} INFO - ca marche /opt/***/files/in ['.csv']
[2025-02-10T23:08:57.749+0000] {python.py:240} INFO - Done. Returned value was: verify_file_reliability
[2025-02-10T23:08:57.750+0000] {branch.py:38} INFO - Branch into verify_file_reliability
[2025-02-10T23:08:57.750+0000] {skipmixin.py:230} INFO - Following branch ('verify_file_reliability',)
[2025-02-10T23:08:57.765+0000] {skipmixin.py:278} INFO - Skipping tasks []
[2025-02-10T23:08:57.793+0000] {taskinstance.py:340} INFO - ::group::Post task execution logs
[2025-02-10T23:08:57.794+0000] {taskinstance.py:352} INFO - Marking task as SUCCESS. dag_id=IMPORTATION_ECRITURE_COMPTABLES_ARTICLE_dag, task_id=check_file_in_directory, run_id=scheduled__2025-02-10T23:07:00+00:00, execution_date=20250210T230700, start_date=20250210T230857, end_date=20250210T230857
[2025-02-10T23:08:57.805+0000] {logging_mixin.py:190} INFO - Task instance in success state
[2025-02-10T23:08:57.806+0000] {logging_mixin.py:190} INFO -  Previous state of the Task instance: running
[2025-02-10T23:08:57.807+0000] {logging_mixin.py:190} INFO - Dag name:IMPORTATION_ECRITURE_COMPTABLES_ARTICLE_dag queued_at:2025-02-10 23:08:53.388803+00:00
[2025-02-10T23:08:57.807+0000] {logging_mixin.py:190} INFO - Task hostname:b6443be51f35 operator:BranchPythonOperator
[2025-02-10T23:08:57.819+0000] {local_task_job_runner.py:266} INFO - Task exited with return code 0
[2025-02-10T23:08:57.870+0000] {taskinstance.py:3895} INFO - 1 downstream tasks scheduled from follow-on schedule check
[2025-02-10T23:08:57.873+0000] {local_task_job_runner.py:245} INFO - ::endgroup::
