[2025-02-11T00:40:05.470+0000] {local_task_job_runner.py:123} INFO - ::group::Pre task execution logs
[2025-02-11T00:40:05.611+0000] {taskinstance.py:2613} INFO - Dependencies all met for dep_context=non-requeueable deps ti=<TaskInstance: IMPORTATION_ECRITURE_COMPTABLES_ARTICLE_dag.check_file_in_directory scheduled__2025-02-11T00:39:00+00:00 [queued]>
[2025-02-11T00:40:05.623+0000] {taskinstance.py:2613} INFO - Dependencies all met for dep_context=requeueable deps ti=<TaskInstance: IMPORTATION_ECRITURE_COMPTABLES_ARTICLE_dag.check_file_in_directory scheduled__2025-02-11T00:39:00+00:00 [queued]>
[2025-02-11T00:40:05.624+0000] {taskinstance.py:2866} INFO - Starting attempt 1 of 2
[2025-02-11T00:40:05.639+0000] {taskinstance.py:2889} INFO - Executing <Task(BranchPythonOperator): check_file_in_directory> on 2025-02-11 00:39:00+00:00
[2025-02-11T00:40:05.648+0000] {warnings.py:112} WARNING - /home/***/.local/lib/python3.12/site-packages/***/task/task_runner/standard_task_runner.py:70: DeprecationWarning: This process (pid=3989) is multi-threaded, use of fork() may lead to deadlocks in the child.
  pid = os.fork()

[2025-02-11T00:40:05.650+0000] {standard_task_runner.py:72} INFO - Started process 3991 to run task
[2025-02-11T00:40:05.651+0000] {standard_task_runner.py:104} INFO - Running: ['***', 'tasks', 'run', 'IMPORTATION_ECRITURE_COMPTABLES_ARTICLE_dag', 'check_file_in_directory', 'scheduled__2025-02-11T00:39:00+00:00', '--job-id', '1765', '--raw', '--subdir', 'DAGS_FOLDER/my_directory_and_file_checker.py', '--cfg-path', '/tmp/tmp2k5a7cp6']
[2025-02-11T00:40:05.653+0000] {standard_task_runner.py:105} INFO - Job 1765: Subtask check_file_in_directory
[2025-02-11T00:40:05.707+0000] {task_command.py:467} INFO - Running <TaskInstance: IMPORTATION_ECRITURE_COMPTABLES_ARTICLE_dag.check_file_in_directory scheduled__2025-02-11T00:39:00+00:00 [running]> on host b6443be51f35
[2025-02-11T00:40:05.805+0000] {taskinstance.py:3132} INFO - Exporting env vars: AIRFLOW_CTX_DAG_OWNER='***' AIRFLOW_CTX_DAG_ID='IMPORTATION_ECRITURE_COMPTABLES_ARTICLE_dag' AIRFLOW_CTX_TASK_ID='check_file_in_directory' AIRFLOW_CTX_EXECUTION_DATE='2025-02-11T00:39:00+00:00' AIRFLOW_CTX_TRY_NUMBER='1' AIRFLOW_CTX_DAG_RUN_ID='scheduled__2025-02-11T00:39:00+00:00'
[2025-02-11T00:40:05.807+0000] {logging_mixin.py:190} INFO - Task instance is in running state
[2025-02-11T00:40:05.808+0000] {logging_mixin.py:190} INFO -  Previous state of the Task instance: queued
[2025-02-11T00:40:05.809+0000] {logging_mixin.py:190} INFO - Current task name:check_file_in_directory state:running start_date:2025-02-11 00:40:05.612310+00:00
[2025-02-11T00:40:05.810+0000] {logging_mixin.py:190} INFO - Dag name:IMPORTATION_ECRITURE_COMPTABLES_ARTICLE_dag and current dag run status:running
[2025-02-11T00:40:05.810+0000] {taskinstance.py:731} INFO - ::endgroup::
[2025-02-11T00:40:05.811+0000] {baseoperator.py:421} WARNING - BranchPythonOperator.execute cannot be called outside TaskInstance!
[2025-02-11T00:40:05.813+0000] {logging_mixin.py:190} INFO - ca marche /opt/***/files/in ['.csv']
[2025-02-11T00:40:05.817+0000] {python.py:240} INFO - Done. Returned value was: verify_file_reliability
[2025-02-11T00:40:05.818+0000] {branch.py:38} INFO - Branch into verify_file_reliability
[2025-02-11T00:40:05.819+0000] {skipmixin.py:230} INFO - Following branch ('verify_file_reliability',)
[2025-02-11T00:40:05.831+0000] {skipmixin.py:278} INFO - Skipping tasks []
[2025-02-11T00:40:05.863+0000] {taskinstance.py:340} INFO - ::group::Post task execution logs
[2025-02-11T00:40:05.864+0000] {taskinstance.py:352} INFO - Marking task as SUCCESS. dag_id=IMPORTATION_ECRITURE_COMPTABLES_ARTICLE_dag, task_id=check_file_in_directory, run_id=scheduled__2025-02-11T00:39:00+00:00, execution_date=20250211T003900, start_date=20250211T004005, end_date=20250211T004005
[2025-02-11T00:40:05.877+0000] {logging_mixin.py:190} INFO - Task instance in success state
[2025-02-11T00:40:05.878+0000] {logging_mixin.py:190} INFO -  Previous state of the Task instance: running
[2025-02-11T00:40:05.879+0000] {logging_mixin.py:190} INFO - Dag name:IMPORTATION_ECRITURE_COMPTABLES_ARTICLE_dag queued_at:2025-02-11 00:40:00.762811+00:00
[2025-02-11T00:40:05.880+0000] {logging_mixin.py:190} INFO - Task hostname:b6443be51f35 operator:BranchPythonOperator
[2025-02-11T00:40:05.906+0000] {local_task_job_runner.py:266} INFO - Task exited with return code 0
[2025-02-11T00:40:05.950+0000] {taskinstance.py:3895} INFO - 1 downstream tasks scheduled from follow-on schedule check
[2025-02-11T00:40:05.953+0000] {local_task_job_runner.py:245} INFO - ::endgroup::
[2025-02-11T00:40:39.415+0000] {local_task_job_runner.py:123} INFO - ::group::Pre task execution logs
[2025-02-11T00:40:39.541+0000] {taskinstance.py:2613} INFO - Dependencies all met for dep_context=non-requeueable deps ti=<TaskInstance: IMPORTATION_ECRITURE_COMPTABLES_ARTICLE_dag.check_file_in_directory scheduled__2025-02-11T00:39:00+00:00 [queued]>
[2025-02-11T00:40:39.550+0000] {taskinstance.py:2613} INFO - Dependencies all met for dep_context=requeueable deps ti=<TaskInstance: IMPORTATION_ECRITURE_COMPTABLES_ARTICLE_dag.check_file_in_directory scheduled__2025-02-11T00:39:00+00:00 [queued]>
[2025-02-11T00:40:39.551+0000] {taskinstance.py:2866} INFO - Starting attempt 1 of 2
[2025-02-11T00:40:39.562+0000] {taskinstance.py:2889} INFO - Executing <Task(BranchPythonOperator): check_file_in_directory> on 2025-02-11 00:39:00+00:00
[2025-02-11T00:40:39.568+0000] {warnings.py:112} WARNING - /home/***/.local/lib/python3.12/site-packages/***/task/task_runner/standard_task_runner.py:70: DeprecationWarning: This process (pid=4020) is multi-threaded, use of fork() may lead to deadlocks in the child.
  pid = os.fork()

[2025-02-11T00:40:39.570+0000] {standard_task_runner.py:72} INFO - Started process 4022 to run task
[2025-02-11T00:40:39.570+0000] {standard_task_runner.py:104} INFO - Running: ['***', 'tasks', 'run', 'IMPORTATION_ECRITURE_COMPTABLES_ARTICLE_dag', 'check_file_in_directory', 'scheduled__2025-02-11T00:39:00+00:00', '--job-id', '1771', '--raw', '--subdir', 'DAGS_FOLDER/my_directory_and_file_checker.py', '--cfg-path', '/tmp/tmp2f8l7qeb']
[2025-02-11T00:40:39.571+0000] {standard_task_runner.py:105} INFO - Job 1771: Subtask check_file_in_directory
[2025-02-11T00:40:39.617+0000] {task_command.py:467} INFO - Running <TaskInstance: IMPORTATION_ECRITURE_COMPTABLES_ARTICLE_dag.check_file_in_directory scheduled__2025-02-11T00:39:00+00:00 [running]> on host b6443be51f35
[2025-02-11T00:40:39.686+0000] {taskinstance.py:3132} INFO - Exporting env vars: AIRFLOW_CTX_DAG_OWNER='***' AIRFLOW_CTX_DAG_ID='IMPORTATION_ECRITURE_COMPTABLES_ARTICLE_dag' AIRFLOW_CTX_TASK_ID='check_file_in_directory' AIRFLOW_CTX_EXECUTION_DATE='2025-02-11T00:39:00+00:00' AIRFLOW_CTX_TRY_NUMBER='1' AIRFLOW_CTX_DAG_RUN_ID='scheduled__2025-02-11T00:39:00+00:00'
[2025-02-11T00:40:39.687+0000] {logging_mixin.py:190} INFO - Task instance is in running state
[2025-02-11T00:40:39.688+0000] {logging_mixin.py:190} INFO -  Previous state of the Task instance: queued
[2025-02-11T00:40:39.688+0000] {logging_mixin.py:190} INFO - Current task name:check_file_in_directory state:running start_date:2025-02-11 00:40:39.542581+00:00
[2025-02-11T00:40:39.689+0000] {logging_mixin.py:190} INFO - Dag name:IMPORTATION_ECRITURE_COMPTABLES_ARTICLE_dag and current dag run status:running
[2025-02-11T00:40:39.690+0000] {taskinstance.py:731} INFO - ::endgroup::
[2025-02-11T00:40:39.690+0000] {baseoperator.py:421} WARNING - BranchPythonOperator.execute cannot be called outside TaskInstance!
[2025-02-11T00:40:39.691+0000] {logging_mixin.py:190} INFO - ca marche /opt/***/files/in ['.csv']
[2025-02-11T00:40:39.693+0000] {python.py:240} INFO - Done. Returned value was: verify_file_reliability
[2025-02-11T00:40:39.693+0000] {branch.py:38} INFO - Branch into verify_file_reliability
[2025-02-11T00:40:39.694+0000] {skipmixin.py:230} INFO - Following branch ('verify_file_reliability',)
[2025-02-11T00:40:39.704+0000] {skipmixin.py:278} INFO - Skipping tasks []
[2025-02-11T00:40:39.729+0000] {taskinstance.py:340} INFO - ::group::Post task execution logs
[2025-02-11T00:40:39.730+0000] {taskinstance.py:352} INFO - Marking task as SUCCESS. dag_id=IMPORTATION_ECRITURE_COMPTABLES_ARTICLE_dag, task_id=check_file_in_directory, run_id=scheduled__2025-02-11T00:39:00+00:00, execution_date=20250211T003900, start_date=20250211T004039, end_date=20250211T004039
[2025-02-11T00:40:39.739+0000] {logging_mixin.py:190} INFO - Task instance in success state
[2025-02-11T00:40:39.740+0000] {logging_mixin.py:190} INFO -  Previous state of the Task instance: running
[2025-02-11T00:40:39.741+0000] {logging_mixin.py:190} INFO - Dag name:IMPORTATION_ECRITURE_COMPTABLES_ARTICLE_dag queued_at:2025-02-11 00:40:34.787610+00:00
[2025-02-11T00:40:39.741+0000] {logging_mixin.py:190} INFO - Task hostname:b6443be51f35 operator:BranchPythonOperator
[2025-02-11T00:40:39.785+0000] {local_task_job_runner.py:266} INFO - Task exited with return code 0
[2025-02-11T00:40:39.812+0000] {taskinstance.py:3895} INFO - 1 downstream tasks scheduled from follow-on schedule check
[2025-02-11T00:40:39.815+0000] {local_task_job_runner.py:245} INFO - ::endgroup::
