[2025-02-07T22:42:23.722+0000] {local_task_job_runner.py:123} INFO - ::group::Pre task execution logs
[2025-02-07T22:42:23.841+0000] {taskinstance.py:2613} INFO - Dependencies all met for dep_context=non-requeueable deps ti=<TaskInstance: directory_and_file_verification_dag.check_directory scheduled__2025-02-07T15:00:00+00:00 [queued]>
[2025-02-07T22:42:23.952+0000] {taskinstance.py:2613} INFO - Dependencies all met for dep_context=requeueable deps ti=<TaskInstance: directory_and_file_verification_dag.check_directory scheduled__2025-02-07T15:00:00+00:00 [queued]>
[2025-02-07T22:42:23.956+0000] {taskinstance.py:2866} INFO - Starting attempt 1 of 1
[2025-02-07T22:42:25.276+0000] {taskinstance.py:2889} INFO - Executing <Task(BranchPythonOperator): check_directory> on 2025-02-07 15:00:00+00:00
[2025-02-07T22:42:25.293+0000] {warnings.py:112} WARNING - /home/***/.local/lib/python3.12/site-packages/***/task/task_runner/standard_task_runner.py:70: DeprecationWarning: This process (pid=20036) is multi-threaded, use of fork() may lead to deadlocks in the child.
  pid = os.fork()

[2025-02-07T22:42:25.313+0000] {standard_task_runner.py:72} INFO - Started process 20116 to run task
[2025-02-07T22:42:25.304+0000] {standard_task_runner.py:104} INFO - Running: ['***', 'tasks', 'run', 'directory_and_file_verification_dag', 'check_directory', 'scheduled__2025-02-07T15:00:00+00:00', '--job-id', '1060', '--raw', '--subdir', 'DAGS_FOLDER/my_directory_and_file_checker.py', '--cfg-path', '/tmp/tmpv8mj63q5']
[2025-02-07T22:42:25.340+0000] {standard_task_runner.py:105} INFO - Job 1060: Subtask check_directory
[2025-02-07T22:42:25.944+0000] {task_command.py:467} INFO - Running <TaskInstance: directory_and_file_verification_dag.check_directory scheduled__2025-02-07T15:00:00+00:00 [running]> on host 003b7fbea265
[2025-02-07T22:42:26.589+0000] {taskinstance.py:3132} INFO - Exporting env vars: AIRFLOW_CTX_DAG_OWNER='***' AIRFLOW_CTX_DAG_ID='directory_and_file_verification_dag' AIRFLOW_CTX_TASK_ID='check_directory' AIRFLOW_CTX_EXECUTION_DATE='2025-02-07T15:00:00+00:00' AIRFLOW_CTX_TRY_NUMBER='1' AIRFLOW_CTX_DAG_RUN_ID='scheduled__2025-02-07T15:00:00+00:00'
[2025-02-07T22:42:26.601+0000] {logging_mixin.py:190} INFO - Task instance is in running state
[2025-02-07T22:42:26.603+0000] {logging_mixin.py:190} INFO -  Previous state of the Task instance: queued
[2025-02-07T22:42:26.607+0000] {logging_mixin.py:190} INFO - Current task name:check_directory state:running start_date:2025-02-07 22:42:23.860665+00:00
[2025-02-07T22:42:26.608+0000] {logging_mixin.py:190} INFO - Dag name:directory_and_file_verification_dag and current dag run status:running
[2025-02-07T22:42:26.613+0000] {taskinstance.py:731} INFO - ::endgroup::
[2025-02-07T22:42:26.616+0000] {baseoperator.py:421} WARNING - BranchPythonOperator.execute cannot be called outside TaskInstance!
[2025-02-07T22:42:26.622+0000] {logging_mixin.py:190} INFO - borusss ['in', 'logs', 'out', 'statu_date_execution.txt', 'succes_date_execution.txt', 'test', 'Écritures - Copie.csv.bak', 'Écritures comptables article.csv.bak', 'Écritures.csv.bak']
[2025-02-07T22:42:26.624+0000] {python.py:240} INFO - Done. Returned value was: check_file_in_directory
[2025-02-07T22:42:26.625+0000] {branch.py:38} INFO - Branch into check_file_in_directory
[2025-02-07T22:42:26.633+0000] {skipmixin.py:230} INFO - Following branch ('check_file_in_directory',)
[2025-02-07T22:42:26.710+0000] {skipmixin.py:278} INFO - Skipping tasks []
[2025-02-07T22:42:26.854+0000] {taskinstance.py:340} INFO - ::group::Post task execution logs
[2025-02-07T22:42:26.859+0000] {taskinstance.py:352} INFO - Marking task as SUCCESS. dag_id=directory_and_file_verification_dag, task_id=check_directory, run_id=scheduled__2025-02-07T15:00:00+00:00, execution_date=20250207T150000, start_date=20250207T224223, end_date=20250207T224226
[2025-02-07T22:42:26.915+0000] {logging_mixin.py:190} INFO - Task instance in success state
[2025-02-07T22:42:26.919+0000] {logging_mixin.py:190} INFO -  Previous state of the Task instance: running
[2025-02-07T22:42:26.920+0000] {logging_mixin.py:190} INFO - Dag name:directory_and_file_verification_dag queued_at:2025-02-07 22:42:00.696059+00:00
[2025-02-07T22:42:26.921+0000] {logging_mixin.py:190} INFO - Task hostname:003b7fbea265 operator:BranchPythonOperator
[2025-02-07T22:42:27.100+0000] {local_task_job_runner.py:266} INFO - Task exited with return code 0
[2025-02-07T22:42:27.327+0000] {taskinstance.py:3895} INFO - 1 downstream tasks scheduled from follow-on schedule check
[2025-02-07T22:42:27.380+0000] {local_task_job_runner.py:245} INFO - ::endgroup::
[2025-02-07T22:43:46.165+0000] {local_task_job_runner.py:123} INFO - ::group::Pre task execution logs
[2025-02-07T22:43:46.278+0000] {taskinstance.py:2613} INFO - Dependencies all met for dep_context=non-requeueable deps ti=<TaskInstance: directory_and_file_verification_dag.check_directory scheduled__2025-02-07T15:00:00+00:00 [queued]>
[2025-02-07T22:43:46.369+0000] {taskinstance.py:2613} INFO - Dependencies all met for dep_context=requeueable deps ti=<TaskInstance: directory_and_file_verification_dag.check_directory scheduled__2025-02-07T15:00:00+00:00 [queued]>
[2025-02-07T22:43:46.379+0000] {taskinstance.py:2866} INFO - Starting attempt 1 of 1
[2025-02-07T22:43:47.321+0000] {taskinstance.py:2889} INFO - Executing <Task(BranchPythonOperator): check_directory> on 2025-02-07 15:00:00+00:00
[2025-02-07T22:43:47.353+0000] {warnings.py:112} WARNING - /home/***/.local/lib/python3.12/site-packages/***/task/task_runner/standard_task_runner.py:70: DeprecationWarning: This process (pid=20243) is multi-threaded, use of fork() may lead to deadlocks in the child.
  pid = os.fork()

[2025-02-07T22:43:47.364+0000] {standard_task_runner.py:72} INFO - Started process 20293 to run task
[2025-02-07T22:43:47.421+0000] {standard_task_runner.py:104} INFO - Running: ['***', 'tasks', 'run', 'directory_and_file_verification_dag', 'check_directory', 'scheduled__2025-02-07T15:00:00+00:00', '--job-id', '1102', '--raw', '--subdir', 'DAGS_FOLDER/my_directory_and_file_checker.py', '--cfg-path', '/tmp/tmp15so1752']
[2025-02-07T22:43:47.423+0000] {standard_task_runner.py:105} INFO - Job 1102: Subtask check_directory
[2025-02-07T22:43:47.763+0000] {task_command.py:467} INFO - Running <TaskInstance: directory_and_file_verification_dag.check_directory scheduled__2025-02-07T15:00:00+00:00 [running]> on host 003b7fbea265
[2025-02-07T22:43:48.059+0000] {taskinstance.py:3132} INFO - Exporting env vars: AIRFLOW_CTX_DAG_OWNER='***' AIRFLOW_CTX_DAG_ID='directory_and_file_verification_dag' AIRFLOW_CTX_TASK_ID='check_directory' AIRFLOW_CTX_EXECUTION_DATE='2025-02-07T15:00:00+00:00' AIRFLOW_CTX_TRY_NUMBER='1' AIRFLOW_CTX_DAG_RUN_ID='scheduled__2025-02-07T15:00:00+00:00'
[2025-02-07T22:43:48.062+0000] {logging_mixin.py:190} INFO - Task instance is in running state
[2025-02-07T22:43:48.063+0000] {logging_mixin.py:190} INFO -  Previous state of the Task instance: queued
[2025-02-07T22:43:48.064+0000] {logging_mixin.py:190} INFO - Current task name:check_directory state:running start_date:2025-02-07 22:43:46.291815+00:00
[2025-02-07T22:43:48.065+0000] {logging_mixin.py:190} INFO - Dag name:directory_and_file_verification_dag and current dag run status:running
[2025-02-07T22:43:48.067+0000] {taskinstance.py:731} INFO - ::endgroup::
[2025-02-07T22:43:48.070+0000] {baseoperator.py:421} WARNING - BranchPythonOperator.execute cannot be called outside TaskInstance!
[2025-02-07T22:43:48.083+0000] {logging_mixin.py:190} INFO - borusss ['in', 'logs', 'out', 'statu_date_execution.txt', 'succes_date_execution.txt', 'test', 'Écritures - Copie.csv.bak', 'Écritures comptables article.csv.bak', 'Écritures.csv.bak']
[2025-02-07T22:43:48.087+0000] {python.py:240} INFO - Done. Returned value was: check_file_in_directory
[2025-02-07T22:43:48.089+0000] {branch.py:38} INFO - Branch into check_file_in_directory
[2025-02-07T22:43:48.093+0000] {skipmixin.py:230} INFO - Following branch ('check_file_in_directory',)
[2025-02-07T22:43:48.252+0000] {skipmixin.py:278} INFO - Skipping tasks []
[2025-02-07T22:43:48.475+0000] {taskinstance.py:340} INFO - ::group::Post task execution logs
[2025-02-07T22:43:48.478+0000] {taskinstance.py:352} INFO - Marking task as SUCCESS. dag_id=directory_and_file_verification_dag, task_id=check_directory, run_id=scheduled__2025-02-07T15:00:00+00:00, execution_date=20250207T150000, start_date=20250207T224346, end_date=20250207T224348
[2025-02-07T22:43:48.559+0000] {logging_mixin.py:190} INFO - Task instance in success state
[2025-02-07T22:43:48.560+0000] {logging_mixin.py:190} INFO -  Previous state of the Task instance: running
[2025-02-07T22:43:48.561+0000] {logging_mixin.py:190} INFO - Dag name:directory_and_file_verification_dag queued_at:2025-02-07 22:43:31.490287+00:00
[2025-02-07T22:43:48.561+0000] {logging_mixin.py:190} INFO - Task hostname:003b7fbea265 operator:BranchPythonOperator
[2025-02-07T22:43:48.653+0000] {local_task_job_runner.py:266} INFO - Task exited with return code 0
[2025-02-07T22:43:48.748+0000] {local_task_job_runner.py:245} INFO - ::endgroup::
[2025-02-07T23:11:46.638+0000] {local_task_job_runner.py:123} INFO - ::group::Pre task execution logs
[2025-02-07T23:11:46.839+0000] {taskinstance.py:2613} INFO - Dependencies all met for dep_context=non-requeueable deps ti=<TaskInstance: directory_and_file_verification_dag.check_directory scheduled__2025-02-07T15:00:00+00:00 [queued]>
[2025-02-07T23:11:46.896+0000] {taskinstance.py:2613} INFO - Dependencies all met for dep_context=requeueable deps ti=<TaskInstance: directory_and_file_verification_dag.check_directory scheduled__2025-02-07T15:00:00+00:00 [queued]>
[2025-02-07T23:11:46.910+0000] {taskinstance.py:2866} INFO - Starting attempt 1 of 1
[2025-02-07T23:11:47.666+0000] {taskinstance.py:2889} INFO - Executing <Task(BranchPythonOperator): check_directory> on 2025-02-07 15:00:00+00:00
[2025-02-07T23:11:47.686+0000] {warnings.py:112} WARNING - /home/***/.local/lib/python3.12/site-packages/***/task/task_runner/standard_task_runner.py:70: DeprecationWarning: This process (pid=20794) is multi-threaded, use of fork() may lead to deadlocks in the child.
  pid = os.fork()

[2025-02-07T23:11:47.737+0000] {standard_task_runner.py:72} INFO - Started process 20840 to run task
[2025-02-07T23:11:47.730+0000] {standard_task_runner.py:104} INFO - Running: ['***', 'tasks', 'run', 'directory_and_file_verification_dag', 'check_directory', 'scheduled__2025-02-07T15:00:00+00:00', '--job-id', '1150', '--raw', '--subdir', 'DAGS_FOLDER/my_directory_and_file_checker.py', '--cfg-path', '/tmp/tmpznyey6bl']
[2025-02-07T23:11:47.758+0000] {standard_task_runner.py:105} INFO - Job 1150: Subtask check_directory
[2025-02-07T23:11:48.070+0000] {task_command.py:467} INFO - Running <TaskInstance: directory_and_file_verification_dag.check_directory scheduled__2025-02-07T15:00:00+00:00 [running]> on host 003b7fbea265
[2025-02-07T23:11:48.871+0000] {taskinstance.py:3132} INFO - Exporting env vars: AIRFLOW_CTX_DAG_OWNER='***' AIRFLOW_CTX_DAG_ID='directory_and_file_verification_dag' AIRFLOW_CTX_TASK_ID='check_directory' AIRFLOW_CTX_EXECUTION_DATE='2025-02-07T15:00:00+00:00' AIRFLOW_CTX_TRY_NUMBER='1' AIRFLOW_CTX_DAG_RUN_ID='scheduled__2025-02-07T15:00:00+00:00'
[2025-02-07T23:11:48.892+0000] {logging_mixin.py:190} INFO - Task instance is in running state
[2025-02-07T23:11:48.895+0000] {logging_mixin.py:190} INFO -  Previous state of the Task instance: queued
[2025-02-07T23:11:48.898+0000] {logging_mixin.py:190} INFO - Current task name:check_directory state:running start_date:2025-02-07 23:11:46.840300+00:00
[2025-02-07T23:11:48.899+0000] {logging_mixin.py:190} INFO - Dag name:directory_and_file_verification_dag and current dag run status:running
[2025-02-07T23:11:48.919+0000] {taskinstance.py:731} INFO - ::endgroup::
[2025-02-07T23:11:48.949+0000] {baseoperator.py:421} WARNING - BranchPythonOperator.execute cannot be called outside TaskInstance!
[2025-02-07T23:11:48.978+0000] {logging_mixin.py:190} INFO - borusss ['in', 'logs', 'out', 'statu_date_execution.txt', 'succes_date_execution.txt', 'test', 'Écritures - Copie.csv.bak', 'Écritures comptables article.csv.bak', 'Écritures.csv.bak']
[2025-02-07T23:11:48.986+0000] {python.py:240} INFO - Done. Returned value was: check_file_in_directory
[2025-02-07T23:11:48.990+0000] {branch.py:38} INFO - Branch into check_file_in_directory
[2025-02-07T23:11:48.992+0000] {skipmixin.py:230} INFO - Following branch ('check_file_in_directory',)
[2025-02-07T23:11:49.097+0000] {skipmixin.py:278} INFO - Skipping tasks []
[2025-02-07T23:11:49.423+0000] {taskinstance.py:340} INFO - ::group::Post task execution logs
[2025-02-07T23:11:49.489+0000] {taskinstance.py:352} INFO - Marking task as SUCCESS. dag_id=directory_and_file_verification_dag, task_id=check_directory, run_id=scheduled__2025-02-07T15:00:00+00:00, execution_date=20250207T150000, start_date=20250207T231146, end_date=20250207T231149
[2025-02-07T23:11:49.556+0000] {logging_mixin.py:190} INFO - Task instance in success state
[2025-02-07T23:11:49.558+0000] {logging_mixin.py:190} INFO -  Previous state of the Task instance: running
[2025-02-07T23:11:49.560+0000] {logging_mixin.py:190} INFO - Dag name:directory_and_file_verification_dag queued_at:2025-02-07 23:11:26.160179+00:00
[2025-02-07T23:11:49.563+0000] {logging_mixin.py:190} INFO - Task hostname:003b7fbea265 operator:BranchPythonOperator
[2025-02-07T23:11:49.691+0000] {local_task_job_runner.py:266} INFO - Task exited with return code 0
[2025-02-07T23:11:49.775+0000] {local_task_job_runner.py:245} INFO - ::endgroup::
