[2025-02-13T09:48:03.675+0000] {local_task_job_runner.py:123} INFO - ::group::Pre task execution logs
[2025-02-13T09:48:03.811+0000] {taskinstance.py:2613} INFO - Dependencies all met for dep_context=non-requeueable deps ti=<TaskInstance: IMPORTATION_ECRITURE_COMPTABLES_ARTICLE_dag.check_file_in_directory scheduled__2025-02-13T09:47:00+00:00 [queued]>
[2025-02-13T09:48:03.820+0000] {taskinstance.py:2613} INFO - Dependencies all met for dep_context=requeueable deps ti=<TaskInstance: IMPORTATION_ECRITURE_COMPTABLES_ARTICLE_dag.check_file_in_directory scheduled__2025-02-13T09:47:00+00:00 [queued]>
[2025-02-13T09:48:03.821+0000] {taskinstance.py:2866} INFO - Starting attempt 1 of 2
[2025-02-13T09:48:03.836+0000] {taskinstance.py:2889} INFO - Executing <Task(BranchPythonOperator): check_file_in_directory> on 2025-02-13 09:47:00+00:00
[2025-02-13T09:48:03.844+0000] {warnings.py:112} WARNING - /home/***/.local/lib/python3.12/site-packages/***/task/task_runner/standard_task_runner.py:70: DeprecationWarning: This process (pid=4895) is multi-threaded, use of fork() may lead to deadlocks in the child.
  pid = os.fork()

[2025-02-13T09:48:03.845+0000] {standard_task_runner.py:72} INFO - Started process 4897 to run task
[2025-02-13T09:48:03.846+0000] {standard_task_runner.py:104} INFO - Running: ['***', 'tasks', 'run', 'IMPORTATION_ECRITURE_COMPTABLES_ARTICLE_dag', 'check_file_in_directory', 'scheduled__2025-02-13T09:47:00+00:00', '--job-id', '6164', '--raw', '--subdir', 'DAGS_FOLDER/my_directory_and_file_checker.py', '--cfg-path', '/tmp/tmptq5uda94']
[2025-02-13T09:48:03.847+0000] {standard_task_runner.py:105} INFO - Job 6164: Subtask check_file_in_directory
[2025-02-13T09:48:03.895+0000] {task_command.py:467} INFO - Running <TaskInstance: IMPORTATION_ECRITURE_COMPTABLES_ARTICLE_dag.check_file_in_directory scheduled__2025-02-13T09:47:00+00:00 [running]> on host b6443be51f35
[2025-02-13T09:48:03.998+0000] {taskinstance.py:3132} INFO - Exporting env vars: AIRFLOW_CTX_DAG_OWNER='***' AIRFLOW_CTX_DAG_ID='IMPORTATION_ECRITURE_COMPTABLES_ARTICLE_dag' AIRFLOW_CTX_TASK_ID='check_file_in_directory' AIRFLOW_CTX_EXECUTION_DATE='2025-02-13T09:47:00+00:00' AIRFLOW_CTX_TRY_NUMBER='1' AIRFLOW_CTX_DAG_RUN_ID='scheduled__2025-02-13T09:47:00+00:00'
[2025-02-13T09:48:04.000+0000] {logging_mixin.py:190} INFO - Task instance is in running state
[2025-02-13T09:48:04.000+0000] {logging_mixin.py:190} INFO -  Previous state of the Task instance: queued
[2025-02-13T09:48:04.001+0000] {logging_mixin.py:190} INFO - Current task name:check_file_in_directory state:running start_date:2025-02-13 09:48:03.812112+00:00
[2025-02-13T09:48:04.002+0000] {logging_mixin.py:190} INFO - Dag name:IMPORTATION_ECRITURE_COMPTABLES_ARTICLE_dag and current dag run status:running
[2025-02-13T09:48:04.002+0000] {taskinstance.py:731} INFO - ::endgroup::
[2025-02-13T09:48:04.003+0000] {baseoperator.py:421} WARNING - BranchPythonOperator.execute cannot be called outside TaskInstance!
[2025-02-13T09:48:04.004+0000] {logging_mixin.py:190} INFO - ca marche /opt/***/files/in ['.csv']
[2025-02-13T09:48:04.006+0000] {python.py:240} INFO - Done. Returned value was: verify_file_reliability
[2025-02-13T09:48:04.007+0000] {branch.py:38} INFO - Branch into verify_file_reliability
[2025-02-13T09:48:04.008+0000] {skipmixin.py:230} INFO - Following branch ('verify_file_reliability',)
[2025-02-13T09:48:04.017+0000] {skipmixin.py:278} INFO - Skipping tasks []
[2025-02-13T09:48:04.044+0000] {taskinstance.py:340} INFO - ::group::Post task execution logs
[2025-02-13T09:48:04.045+0000] {taskinstance.py:352} INFO - Marking task as SUCCESS. dag_id=IMPORTATION_ECRITURE_COMPTABLES_ARTICLE_dag, task_id=check_file_in_directory, run_id=scheduled__2025-02-13T09:47:00+00:00, execution_date=20250213T094700, start_date=20250213T094803, end_date=20250213T094804
[2025-02-13T09:48:04.054+0000] {logging_mixin.py:190} INFO - Task instance in success state
[2025-02-13T09:48:04.055+0000] {logging_mixin.py:190} INFO -  Previous state of the Task instance: running
[2025-02-13T09:48:04.055+0000] {logging_mixin.py:190} INFO - Dag name:IMPORTATION_ECRITURE_COMPTABLES_ARTICLE_dag queued_at:2025-02-13 09:48:00.394670+00:00
[2025-02-13T09:48:04.056+0000] {logging_mixin.py:190} INFO - Task hostname:b6443be51f35 operator:BranchPythonOperator
[2025-02-13T09:48:04.101+0000] {local_task_job_runner.py:266} INFO - Task exited with return code 0
[2025-02-13T09:48:04.131+0000] {taskinstance.py:3895} INFO - 1 downstream tasks scheduled from follow-on schedule check
[2025-02-13T09:48:04.135+0000] {local_task_job_runner.py:245} INFO - ::endgroup::
