[2025-02-11T10:02:13.768+0000] {local_task_job_runner.py:123} INFO - ::group::Pre task execution logs
[2025-02-11T10:02:13.916+0000] {taskinstance.py:2613} INFO - Dependencies all met for dep_context=non-requeueable deps ti=<TaskInstance: IMPORTATION_ECRITURE_COMPTABLES_ARTICLE_dag.import_temp_ecc_to_ecc scheduled__2025-02-11T10:01:00+00:00 [queued]>
[2025-02-11T10:02:13.952+0000] {taskinstance.py:2613} INFO - Dependencies all met for dep_context=requeueable deps ti=<TaskInstance: IMPORTATION_ECRITURE_COMPTABLES_ARTICLE_dag.import_temp_ecc_to_ecc scheduled__2025-02-11T10:01:00+00:00 [queued]>
[2025-02-11T10:02:13.953+0000] {taskinstance.py:2866} INFO - Starting attempt 1 of 2
[2025-02-11T10:02:13.971+0000] {taskinstance.py:2889} INFO - Executing <Task(BranchPythonOperator): import_temp_ecc_to_ecc> on 2025-02-11 10:01:00+00:00
[2025-02-11T10:02:13.980+0000] {warnings.py:112} WARNING - /home/***/.local/lib/python3.12/site-packages/***/task/task_runner/standard_task_runner.py:70: DeprecationWarning: This process (pid=6726) is multi-threaded, use of fork() may lead to deadlocks in the child.
  pid = os.fork()

[2025-02-11T10:02:13.983+0000] {standard_task_runner.py:72} INFO - Started process 6728 to run task
[2025-02-11T10:02:13.983+0000] {standard_task_runner.py:104} INFO - Running: ['***', 'tasks', 'run', 'IMPORTATION_ECRITURE_COMPTABLES_ARTICLE_dag', 'import_temp_ecc_to_ecc', 'scheduled__2025-02-11T10:01:00+00:00', '--job-id', '2147', '--raw', '--subdir', 'DAGS_FOLDER/my_directory_and_file_checker.py', '--cfg-path', '/tmp/tmpbwec7_zz']
[2025-02-11T10:02:13.985+0000] {standard_task_runner.py:105} INFO - Job 2147: Subtask import_temp_ecc_to_ecc
[2025-02-11T10:02:14.052+0000] {task_command.py:467} INFO - Running <TaskInstance: IMPORTATION_ECRITURE_COMPTABLES_ARTICLE_dag.import_temp_ecc_to_ecc scheduled__2025-02-11T10:01:00+00:00 [running]> on host b6443be51f35
[2025-02-11T10:02:14.182+0000] {taskinstance.py:3132} INFO - Exporting env vars: AIRFLOW_CTX_DAG_OWNER='***' AIRFLOW_CTX_DAG_ID='IMPORTATION_ECRITURE_COMPTABLES_ARTICLE_dag' AIRFLOW_CTX_TASK_ID='import_temp_ecc_to_ecc' AIRFLOW_CTX_EXECUTION_DATE='2025-02-11T10:01:00+00:00' AIRFLOW_CTX_TRY_NUMBER='1' AIRFLOW_CTX_DAG_RUN_ID='scheduled__2025-02-11T10:01:00+00:00'
[2025-02-11T10:02:14.184+0000] {logging_mixin.py:190} INFO - Task instance is in running state
[2025-02-11T10:02:14.184+0000] {logging_mixin.py:190} INFO -  Previous state of the Task instance: queued
[2025-02-11T10:02:14.185+0000] {logging_mixin.py:190} INFO - Current task name:import_temp_ecc_to_ecc state:running start_date:2025-02-11 10:02:13.939184+00:00
[2025-02-11T10:02:14.185+0000] {logging_mixin.py:190} INFO - Dag name:IMPORTATION_ECRITURE_COMPTABLES_ARTICLE_dag and current dag run status:running
[2025-02-11T10:02:14.186+0000] {taskinstance.py:731} INFO - ::endgroup::
[2025-02-11T10:02:14.187+0000] {baseoperator.py:421} WARNING - BranchPythonOperator.execute cannot be called outside TaskInstance!
[2025-02-11T10:02:14.190+0000] {logging_mixin.py:190} INFO - toto  SELECT * FROM {TABLE_TEMP_ECC}; 
[2025-02-11T10:02:14.201+0000] {base.py:84} INFO - Retrieving connection 'mysql_conn'
[2025-02-11T10:02:14.215+0000] {sql.py:553} INFO - Running statement:  SELECT * FROM {TABLE_TEMP_ECC}; , parameters: None
[2025-02-11T10:02:14.216+0000] {logging_mixin.py:190} INFO - ❌ Erreur  lors de l'importation des données Temp_to_ECC : (1064, "You have an error in your SQL syntax; check the manual that corresponds to your MariaDB server version for the right syntax to use near '}' at line 1")
[2025-02-11T10:02:14.217+0000] {python.py:240} INFO - Done. Returned value was: None
[2025-02-11T10:02:14.218+0000] {branch.py:38} INFO - Branch into None
[2025-02-11T10:02:14.218+0000] {skipmixin.py:230} INFO - Following branch ()
[2025-02-11T10:02:14.228+0000] {skipmixin.py:278} INFO - Skipping tasks [('end', -1)]
[2025-02-11T10:02:14.252+0000] {taskinstance.py:340} INFO - ::group::Post task execution logs
[2025-02-11T10:02:14.253+0000] {taskinstance.py:352} INFO - Marking task as SUCCESS. dag_id=IMPORTATION_ECRITURE_COMPTABLES_ARTICLE_dag, task_id=import_temp_ecc_to_ecc, run_id=scheduled__2025-02-11T10:01:00+00:00, execution_date=20250211T100100, start_date=20250211T100213, end_date=20250211T100214
[2025-02-11T10:02:14.263+0000] {logging_mixin.py:190} INFO - Task instance in success state
[2025-02-11T10:02:14.263+0000] {logging_mixin.py:190} INFO -  Previous state of the Task instance: running
[2025-02-11T10:02:14.264+0000] {logging_mixin.py:190} INFO - Dag name:IMPORTATION_ECRITURE_COMPTABLES_ARTICLE_dag queued_at:2025-02-11 10:02:00.726196+00:00
[2025-02-11T10:02:14.265+0000] {logging_mixin.py:190} INFO - Task hostname:b6443be51f35 operator:BranchPythonOperator
[2025-02-11T10:02:14.280+0000] {local_task_job_runner.py:266} INFO - Task exited with return code 0
[2025-02-11T10:02:14.297+0000] {taskinstance.py:3895} INFO - 0 downstream tasks scheduled from follow-on schedule check
[2025-02-11T10:02:14.304+0000] {local_task_job_runner.py:245} INFO - ::endgroup::
