[2025-02-11T01:01:01.340+0000] {local_task_job_runner.py:123} INFO - ::group::Pre task execution logs
[2025-02-11T01:01:01.462+0000] {taskinstance.py:2613} INFO - Dependencies all met for dep_context=non-requeueable deps ti=<TaskInstance: IMPORTATION_ECRITURE_COMPTABLES_ARTICLE_dag.check_directory scheduled__2025-02-11T01:00:00+00:00 [queued]>
[2025-02-11T01:01:01.470+0000] {taskinstance.py:2613} INFO - Dependencies all met for dep_context=requeueable deps ti=<TaskInstance: IMPORTATION_ECRITURE_COMPTABLES_ARTICLE_dag.check_directory scheduled__2025-02-11T01:00:00+00:00 [queued]>
[2025-02-11T01:01:01.471+0000] {taskinstance.py:2866} INFO - Starting attempt 1 of 2
[2025-02-11T01:01:01.483+0000] {taskinstance.py:2889} INFO - Executing <Task(BranchPythonOperator): check_directory> on 2025-02-11 01:00:00+00:00
[2025-02-11T01:01:01.488+0000] {warnings.py:112} WARNING - /home/***/.local/lib/python3.12/site-packages/***/task/task_runner/standard_task_runner.py:70: DeprecationWarning: This process (pid=4555) is multi-threaded, use of fork() may lead to deadlocks in the child.
  pid = os.fork()

[2025-02-11T01:01:01.490+0000] {standard_task_runner.py:72} INFO - Started process 4557 to run task
[2025-02-11T01:01:01.490+0000] {standard_task_runner.py:104} INFO - Running: ['***', 'tasks', 'run', 'IMPORTATION_ECRITURE_COMPTABLES_ARTICLE_dag', 'check_directory', 'scheduled__2025-02-11T01:00:00+00:00', '--job-id', '1839', '--raw', '--subdir', 'DAGS_FOLDER/my_directory_and_file_checker.py', '--cfg-path', '/tmp/tmpz3fxdmmx']
[2025-02-11T01:01:01.491+0000] {standard_task_runner.py:105} INFO - Job 1839: Subtask check_directory
[2025-02-11T01:01:01.531+0000] {task_command.py:467} INFO - Running <TaskInstance: IMPORTATION_ECRITURE_COMPTABLES_ARTICLE_dag.check_directory scheduled__2025-02-11T01:00:00+00:00 [running]> on host b6443be51f35
[2025-02-11T01:01:01.631+0000] {taskinstance.py:3132} INFO - Exporting env vars: AIRFLOW_CTX_DAG_OWNER='***' AIRFLOW_CTX_DAG_ID='IMPORTATION_ECRITURE_COMPTABLES_ARTICLE_dag' AIRFLOW_CTX_TASK_ID='check_directory' AIRFLOW_CTX_EXECUTION_DATE='2025-02-11T01:00:00+00:00' AIRFLOW_CTX_TRY_NUMBER='1' AIRFLOW_CTX_DAG_RUN_ID='scheduled__2025-02-11T01:00:00+00:00'
[2025-02-11T01:01:01.633+0000] {logging_mixin.py:190} INFO - Task instance is in running state
[2025-02-11T01:01:01.633+0000] {logging_mixin.py:190} INFO -  Previous state of the Task instance: queued
[2025-02-11T01:01:01.634+0000] {logging_mixin.py:190} INFO - Current task name:check_directory state:running start_date:2025-02-11 01:01:01.463402+00:00
[2025-02-11T01:01:01.635+0000] {logging_mixin.py:190} INFO - Dag name:IMPORTATION_ECRITURE_COMPTABLES_ARTICLE_dag and current dag run status:running
[2025-02-11T01:01:01.636+0000] {taskinstance.py:731} INFO - ::endgroup::
[2025-02-11T01:01:01.636+0000] {baseoperator.py:421} WARNING - BranchPythonOperator.execute cannot be called outside TaskInstance!
[2025-02-11T01:01:01.637+0000] {python.py:240} INFO - Done. Returned value was: check_file_in_directory
[2025-02-11T01:01:01.638+0000] {branch.py:38} INFO - Branch into check_file_in_directory
[2025-02-11T01:01:01.638+0000] {skipmixin.py:230} INFO - Following branch ('check_file_in_directory',)
[2025-02-11T01:01:01.649+0000] {skipmixin.py:278} INFO - Skipping tasks []
[2025-02-11T01:01:01.678+0000] {taskinstance.py:340} INFO - ::group::Post task execution logs
[2025-02-11T01:01:01.679+0000] {taskinstance.py:352} INFO - Marking task as SUCCESS. dag_id=IMPORTATION_ECRITURE_COMPTABLES_ARTICLE_dag, task_id=check_directory, run_id=scheduled__2025-02-11T01:00:00+00:00, execution_date=20250211T010000, start_date=20250211T010101, end_date=20250211T010101
[2025-02-11T01:01:01.689+0000] {logging_mixin.py:190} INFO - Task instance in success state
[2025-02-11T01:01:01.689+0000] {logging_mixin.py:190} INFO -  Previous state of the Task instance: running
[2025-02-11T01:01:01.690+0000] {logging_mixin.py:190} INFO - Dag name:IMPORTATION_ECRITURE_COMPTABLES_ARTICLE_dag queued_at:2025-02-11 01:01:00.025647+00:00
[2025-02-11T01:01:01.690+0000] {logging_mixin.py:190} INFO - Task hostname:b6443be51f35 operator:BranchPythonOperator
[2025-02-11T01:01:01.705+0000] {local_task_job_runner.py:266} INFO - Task exited with return code 0
[2025-02-11T01:01:01.736+0000] {taskinstance.py:3895} INFO - 1 downstream tasks scheduled from follow-on schedule check
[2025-02-11T01:01:01.739+0000] {local_task_job_runner.py:245} INFO - ::endgroup::
[2025-02-11T01:01:24.012+0000] {local_task_job_runner.py:123} INFO - ::group::Pre task execution logs
[2025-02-11T01:01:24.195+0000] {taskinstance.py:2613} INFO - Dependencies all met for dep_context=non-requeueable deps ti=<TaskInstance: IMPORTATION_ECRITURE_COMPTABLES_ARTICLE_dag.check_directory scheduled__2025-02-11T01:00:00+00:00 [queued]>
[2025-02-11T01:01:24.205+0000] {taskinstance.py:2613} INFO - Dependencies all met for dep_context=requeueable deps ti=<TaskInstance: IMPORTATION_ECRITURE_COMPTABLES_ARTICLE_dag.check_directory scheduled__2025-02-11T01:00:00+00:00 [queued]>
[2025-02-11T01:01:24.206+0000] {taskinstance.py:2866} INFO - Starting attempt 1 of 2
[2025-02-11T01:01:24.223+0000] {taskinstance.py:2889} INFO - Executing <Task(BranchPythonOperator): check_directory> on 2025-02-11 01:00:00+00:00
[2025-02-11T01:01:24.230+0000] {warnings.py:112} WARNING - /home/***/.local/lib/python3.12/site-packages/***/task/task_runner/standard_task_runner.py:70: DeprecationWarning: This process (pid=4574) is multi-threaded, use of fork() may lead to deadlocks in the child.
  pid = os.fork()

[2025-02-11T01:01:24.232+0000] {standard_task_runner.py:72} INFO - Started process 4579 to run task
[2025-02-11T01:01:24.233+0000] {standard_task_runner.py:104} INFO - Running: ['***', 'tasks', 'run', 'IMPORTATION_ECRITURE_COMPTABLES_ARTICLE_dag', 'check_directory', 'scheduled__2025-02-11T01:00:00+00:00', '--job-id', '1843', '--raw', '--subdir', 'DAGS_FOLDER/my_directory_and_file_checker.py', '--cfg-path', '/tmp/tmpom0zbo1d']
[2025-02-11T01:01:24.235+0000] {standard_task_runner.py:105} INFO - Job 1843: Subtask check_directory
[2025-02-11T01:01:24.282+0000] {task_command.py:467} INFO - Running <TaskInstance: IMPORTATION_ECRITURE_COMPTABLES_ARTICLE_dag.check_directory scheduled__2025-02-11T01:00:00+00:00 [running]> on host b6443be51f35
[2025-02-11T01:01:24.373+0000] {taskinstance.py:3132} INFO - Exporting env vars: AIRFLOW_CTX_DAG_OWNER='***' AIRFLOW_CTX_DAG_ID='IMPORTATION_ECRITURE_COMPTABLES_ARTICLE_dag' AIRFLOW_CTX_TASK_ID='check_directory' AIRFLOW_CTX_EXECUTION_DATE='2025-02-11T01:00:00+00:00' AIRFLOW_CTX_TRY_NUMBER='1' AIRFLOW_CTX_DAG_RUN_ID='scheduled__2025-02-11T01:00:00+00:00'
[2025-02-11T01:01:24.374+0000] {logging_mixin.py:190} INFO - Task instance is in running state
[2025-02-11T01:01:24.375+0000] {logging_mixin.py:190} INFO -  Previous state of the Task instance: queued
[2025-02-11T01:01:24.376+0000] {logging_mixin.py:190} INFO - Current task name:check_directory state:running start_date:2025-02-11 01:01:24.195855+00:00
[2025-02-11T01:01:24.376+0000] {logging_mixin.py:190} INFO - Dag name:IMPORTATION_ECRITURE_COMPTABLES_ARTICLE_dag and current dag run status:running
[2025-02-11T01:01:24.377+0000] {taskinstance.py:731} INFO - ::endgroup::
[2025-02-11T01:01:24.378+0000] {baseoperator.py:421} WARNING - BranchPythonOperator.execute cannot be called outside TaskInstance!
[2025-02-11T01:01:24.379+0000] {python.py:240} INFO - Done. Returned value was: check_file_in_directory
[2025-02-11T01:01:24.380+0000] {branch.py:38} INFO - Branch into check_file_in_directory
[2025-02-11T01:01:24.381+0000] {skipmixin.py:230} INFO - Following branch ('check_file_in_directory',)
[2025-02-11T01:01:24.394+0000] {skipmixin.py:278} INFO - Skipping tasks []
[2025-02-11T01:01:24.424+0000] {taskinstance.py:340} INFO - ::group::Post task execution logs
[2025-02-11T01:01:24.425+0000] {taskinstance.py:352} INFO - Marking task as SUCCESS. dag_id=IMPORTATION_ECRITURE_COMPTABLES_ARTICLE_dag, task_id=check_directory, run_id=scheduled__2025-02-11T01:00:00+00:00, execution_date=20250211T010000, start_date=20250211T010124, end_date=20250211T010124
[2025-02-11T01:01:24.439+0000] {logging_mixin.py:190} INFO - Task instance in success state
[2025-02-11T01:01:24.440+0000] {logging_mixin.py:190} INFO -  Previous state of the Task instance: running
[2025-02-11T01:01:24.440+0000] {logging_mixin.py:190} INFO - Dag name:IMPORTATION_ECRITURE_COMPTABLES_ARTICLE_dag queued_at:2025-02-11 01:01:22.140348+00:00
[2025-02-11T01:01:24.441+0000] {logging_mixin.py:190} INFO - Task hostname:b6443be51f35 operator:BranchPythonOperator
[2025-02-11T01:01:24.488+0000] {local_task_job_runner.py:266} INFO - Task exited with return code 0
[2025-02-11T01:01:24.526+0000] {taskinstance.py:3895} INFO - 1 downstream tasks scheduled from follow-on schedule check
[2025-02-11T01:01:24.528+0000] {local_task_job_runner.py:245} INFO - ::endgroup::
