[2025-02-11T00:32:03.753+0000] {local_task_job_runner.py:123} INFO - ::group::Pre task execution logs
[2025-02-11T00:32:03.890+0000] {taskinstance.py:2613} INFO - Dependencies all met for dep_context=non-requeueable deps ti=<TaskInstance: IMPORTATION_ECRITURE_COMPTABLES_ARTICLE_dag.check_file_in_directory scheduled__2025-02-11T00:31:00+00:00 [queued]>
[2025-02-11T00:32:03.900+0000] {taskinstance.py:2613} INFO - Dependencies all met for dep_context=requeueable deps ti=<TaskInstance: IMPORTATION_ECRITURE_COMPTABLES_ARTICLE_dag.check_file_in_directory scheduled__2025-02-11T00:31:00+00:00 [queued]>
[2025-02-11T00:32:03.902+0000] {taskinstance.py:2866} INFO - Starting attempt 1 of 2
[2025-02-11T00:32:03.918+0000] {taskinstance.py:2889} INFO - Executing <Task(BranchPythonOperator): check_file_in_directory> on 2025-02-11 00:31:00+00:00
[2025-02-11T00:32:03.926+0000] {warnings.py:112} WARNING - /home/***/.local/lib/python3.12/site-packages/***/task/task_runner/standard_task_runner.py:70: DeprecationWarning: This process (pid=3771) is multi-threaded, use of fork() may lead to deadlocks in the child.
  pid = os.fork()

[2025-02-11T00:32:03.928+0000] {standard_task_runner.py:72} INFO - Started process 3773 to run task
[2025-02-11T00:32:03.928+0000] {standard_task_runner.py:104} INFO - Running: ['***', 'tasks', 'run', 'IMPORTATION_ECRITURE_COMPTABLES_ARTICLE_dag', 'check_file_in_directory', 'scheduled__2025-02-11T00:31:00+00:00', '--job-id', '1735', '--raw', '--subdir', 'DAGS_FOLDER/my_directory_and_file_checker.py', '--cfg-path', '/tmp/tmprtff8q7g']
[2025-02-11T00:32:03.930+0000] {standard_task_runner.py:105} INFO - Job 1735: Subtask check_file_in_directory
[2025-02-11T00:32:03.975+0000] {task_command.py:467} INFO - Running <TaskInstance: IMPORTATION_ECRITURE_COMPTABLES_ARTICLE_dag.check_file_in_directory scheduled__2025-02-11T00:31:00+00:00 [running]> on host b6443be51f35
[2025-02-11T00:32:04.061+0000] {taskinstance.py:3132} INFO - Exporting env vars: AIRFLOW_CTX_DAG_OWNER='***' AIRFLOW_CTX_DAG_ID='IMPORTATION_ECRITURE_COMPTABLES_ARTICLE_dag' AIRFLOW_CTX_TASK_ID='check_file_in_directory' AIRFLOW_CTX_EXECUTION_DATE='2025-02-11T00:31:00+00:00' AIRFLOW_CTX_TRY_NUMBER='1' AIRFLOW_CTX_DAG_RUN_ID='scheduled__2025-02-11T00:31:00+00:00'
[2025-02-11T00:32:04.063+0000] {logging_mixin.py:190} INFO - Task instance is in running state
[2025-02-11T00:32:04.063+0000] {logging_mixin.py:190} INFO -  Previous state of the Task instance: queued
[2025-02-11T00:32:04.064+0000] {logging_mixin.py:190} INFO - Current task name:check_file_in_directory state:running start_date:2025-02-11 00:32:03.891078+00:00
[2025-02-11T00:32:04.064+0000] {logging_mixin.py:190} INFO - Dag name:IMPORTATION_ECRITURE_COMPTABLES_ARTICLE_dag and current dag run status:running
[2025-02-11T00:32:04.065+0000] {taskinstance.py:731} INFO - ::endgroup::
[2025-02-11T00:32:04.066+0000] {baseoperator.py:421} WARNING - BranchPythonOperator.execute cannot be called outside TaskInstance!
[2025-02-11T00:32:04.066+0000] {logging_mixin.py:190} INFO - ca marche /opt/***/files/in ['.csv']
[2025-02-11T00:32:04.068+0000] {python.py:240} INFO - Done. Returned value was: verify_file_reliability
[2025-02-11T00:32:04.069+0000] {branch.py:38} INFO - Branch into verify_file_reliability
[2025-02-11T00:32:04.070+0000] {skipmixin.py:230} INFO - Following branch ('verify_file_reliability',)
[2025-02-11T00:32:04.083+0000] {skipmixin.py:278} INFO - Skipping tasks []
[2025-02-11T00:32:04.113+0000] {taskinstance.py:340} INFO - ::group::Post task execution logs
[2025-02-11T00:32:04.114+0000] {taskinstance.py:352} INFO - Marking task as SUCCESS. dag_id=IMPORTATION_ECRITURE_COMPTABLES_ARTICLE_dag, task_id=check_file_in_directory, run_id=scheduled__2025-02-11T00:31:00+00:00, execution_date=20250211T003100, start_date=20250211T003203, end_date=20250211T003204
[2025-02-11T00:32:04.123+0000] {logging_mixin.py:190} INFO - Task instance in success state
[2025-02-11T00:32:04.124+0000] {logging_mixin.py:190} INFO -  Previous state of the Task instance: running
[2025-02-11T00:32:04.124+0000] {logging_mixin.py:190} INFO - Dag name:IMPORTATION_ECRITURE_COMPTABLES_ARTICLE_dag queued_at:2025-02-11 00:32:00.237999+00:00
[2025-02-11T00:32:04.125+0000] {logging_mixin.py:190} INFO - Task hostname:b6443be51f35 operator:BranchPythonOperator
[2025-02-11T00:32:04.144+0000] {local_task_job_runner.py:266} INFO - Task exited with return code 0
[2025-02-11T00:32:04.176+0000] {taskinstance.py:3895} INFO - 1 downstream tasks scheduled from follow-on schedule check
[2025-02-11T00:32:04.179+0000] {local_task_job_runner.py:245} INFO - ::endgroup::
[2025-02-11T00:32:54.967+0000] {local_task_job_runner.py:123} INFO - ::group::Pre task execution logs
[2025-02-11T00:32:55.130+0000] {taskinstance.py:2613} INFO - Dependencies all met for dep_context=non-requeueable deps ti=<TaskInstance: IMPORTATION_ECRITURE_COMPTABLES_ARTICLE_dag.check_file_in_directory scheduled__2025-02-11T00:31:00+00:00 [queued]>
[2025-02-11T00:32:55.141+0000] {taskinstance.py:2613} INFO - Dependencies all met for dep_context=requeueable deps ti=<TaskInstance: IMPORTATION_ECRITURE_COMPTABLES_ARTICLE_dag.check_file_in_directory scheduled__2025-02-11T00:31:00+00:00 [queued]>
[2025-02-11T00:32:55.142+0000] {taskinstance.py:2866} INFO - Starting attempt 1 of 2
[2025-02-11T00:32:55.156+0000] {taskinstance.py:2889} INFO - Executing <Task(BranchPythonOperator): check_file_in_directory> on 2025-02-11 00:31:00+00:00
[2025-02-11T00:32:55.163+0000] {warnings.py:112} WARNING - /home/***/.local/lib/python3.12/site-packages/***/task/task_runner/standard_task_runner.py:70: DeprecationWarning: This process (pid=3792) is multi-threaded, use of fork() may lead to deadlocks in the child.
  pid = os.fork()

[2025-02-11T00:32:55.165+0000] {standard_task_runner.py:72} INFO - Started process 3796 to run task
[2025-02-11T00:32:55.165+0000] {standard_task_runner.py:104} INFO - Running: ['***', 'tasks', 'run', 'IMPORTATION_ECRITURE_COMPTABLES_ARTICLE_dag', 'check_file_in_directory', 'scheduled__2025-02-11T00:31:00+00:00', '--job-id', '1739', '--raw', '--subdir', 'DAGS_FOLDER/my_directory_and_file_checker.py', '--cfg-path', '/tmp/tmpf09gbu0m']
[2025-02-11T00:32:55.166+0000] {standard_task_runner.py:105} INFO - Job 1739: Subtask check_file_in_directory
[2025-02-11T00:32:55.217+0000] {task_command.py:467} INFO - Running <TaskInstance: IMPORTATION_ECRITURE_COMPTABLES_ARTICLE_dag.check_file_in_directory scheduled__2025-02-11T00:31:00+00:00 [running]> on host b6443be51f35
[2025-02-11T00:32:55.300+0000] {taskinstance.py:3132} INFO - Exporting env vars: AIRFLOW_CTX_DAG_OWNER='***' AIRFLOW_CTX_DAG_ID='IMPORTATION_ECRITURE_COMPTABLES_ARTICLE_dag' AIRFLOW_CTX_TASK_ID='check_file_in_directory' AIRFLOW_CTX_EXECUTION_DATE='2025-02-11T00:31:00+00:00' AIRFLOW_CTX_TRY_NUMBER='1' AIRFLOW_CTX_DAG_RUN_ID='scheduled__2025-02-11T00:31:00+00:00'
[2025-02-11T00:32:55.301+0000] {logging_mixin.py:190} INFO - Task instance is in running state
[2025-02-11T00:32:55.302+0000] {logging_mixin.py:190} INFO -  Previous state of the Task instance: queued
[2025-02-11T00:32:55.302+0000] {logging_mixin.py:190} INFO - Current task name:check_file_in_directory state:running start_date:2025-02-11 00:32:55.131419+00:00
[2025-02-11T00:32:55.303+0000] {logging_mixin.py:190} INFO - Dag name:IMPORTATION_ECRITURE_COMPTABLES_ARTICLE_dag and current dag run status:running
[2025-02-11T00:32:55.303+0000] {taskinstance.py:731} INFO - ::endgroup::
[2025-02-11T00:32:55.304+0000] {baseoperator.py:421} WARNING - BranchPythonOperator.execute cannot be called outside TaskInstance!
[2025-02-11T00:32:55.305+0000] {logging_mixin.py:190} INFO - ca marche /opt/***/files/in ['.csv']
[2025-02-11T00:32:55.308+0000] {python.py:240} INFO - Done. Returned value was: verify_file_reliability
[2025-02-11T00:32:55.309+0000] {branch.py:38} INFO - Branch into verify_file_reliability
[2025-02-11T00:32:55.310+0000] {skipmixin.py:230} INFO - Following branch ('verify_file_reliability',)
[2025-02-11T00:32:55.323+0000] {skipmixin.py:278} INFO - Skipping tasks []
[2025-02-11T00:32:55.351+0000] {taskinstance.py:340} INFO - ::group::Post task execution logs
[2025-02-11T00:32:55.352+0000] {taskinstance.py:352} INFO - Marking task as SUCCESS. dag_id=IMPORTATION_ECRITURE_COMPTABLES_ARTICLE_dag, task_id=check_file_in_directory, run_id=scheduled__2025-02-11T00:31:00+00:00, execution_date=20250211T003100, start_date=20250211T003255, end_date=20250211T003255
[2025-02-11T00:32:55.364+0000] {logging_mixin.py:190} INFO - Task instance in success state
[2025-02-11T00:32:55.365+0000] {logging_mixin.py:190} INFO -  Previous state of the Task instance: running
[2025-02-11T00:32:55.365+0000] {logging_mixin.py:190} INFO - Dag name:IMPORTATION_ECRITURE_COMPTABLES_ARTICLE_dag queued_at:2025-02-11 00:32:49.636129+00:00
[2025-02-11T00:32:55.366+0000] {logging_mixin.py:190} INFO - Task hostname:b6443be51f35 operator:BranchPythonOperator
[2025-02-11T00:32:55.380+0000] {local_task_job_runner.py:266} INFO - Task exited with return code 0
[2025-02-11T00:32:55.389+0000] {local_task_job_runner.py:245} INFO - ::endgroup::
