[2025-02-07T22:35:35.357+0000] {local_task_job_runner.py:123} INFO - ::group::Pre task execution logs
[2025-02-07T22:35:36.789+0000] {taskinstance.py:2613} INFO - Dependencies all met for dep_context=non-requeueable deps ti=<TaskInstance: directory_and_file_verification_dag.check_directory scheduled__2025-02-07T15:07:00+00:00 [queued]>
[2025-02-07T22:35:36.926+0000] {taskinstance.py:2613} INFO - Dependencies all met for dep_context=requeueable deps ti=<TaskInstance: directory_and_file_verification_dag.check_directory scheduled__2025-02-07T15:07:00+00:00 [queued]>
[2025-02-07T22:35:36.944+0000] {taskinstance.py:2866} INFO - Starting attempt 1 of 1
[2025-02-07T22:35:37.388+0000] {taskinstance.py:2889} INFO - Executing <Task(BranchPythonOperator): check_directory> on 2025-02-07 15:07:00+00:00
[2025-02-07T22:35:37.419+0000] {warnings.py:112} WARNING - /home/***/.local/lib/python3.12/site-packages/***/task/task_runner/standard_task_runner.py:70: DeprecationWarning: This process (pid=19839) is multi-threaded, use of fork() may lead to deadlocks in the child.
  pid = os.fork()

[2025-02-07T22:35:37.429+0000] {standard_task_runner.py:72} INFO - Started process 19871 to run task
[2025-02-07T22:35:37.461+0000] {standard_task_runner.py:104} INFO - Running: ['***', 'tasks', 'run', 'directory_and_file_verification_dag', 'check_directory', 'scheduled__2025-02-07T15:07:00+00:00', '--job-id', '1022', '--raw', '--subdir', 'DAGS_FOLDER/my_directory_and_file_checker.py', '--cfg-path', '/tmp/tmpz5damevr']
[2025-02-07T22:35:37.465+0000] {standard_task_runner.py:105} INFO - Job 1022: Subtask check_directory
[2025-02-07T22:35:37.819+0000] {task_command.py:467} INFO - Running <TaskInstance: directory_and_file_verification_dag.check_directory scheduled__2025-02-07T15:07:00+00:00 [running]> on host 003b7fbea265
[2025-02-07T22:35:38.390+0000] {taskinstance.py:3132} INFO - Exporting env vars: AIRFLOW_CTX_DAG_OWNER='***' AIRFLOW_CTX_DAG_ID='directory_and_file_verification_dag' AIRFLOW_CTX_TASK_ID='check_directory' AIRFLOW_CTX_EXECUTION_DATE='2025-02-07T15:07:00+00:00' AIRFLOW_CTX_TRY_NUMBER='1' AIRFLOW_CTX_DAG_RUN_ID='scheduled__2025-02-07T15:07:00+00:00'
[2025-02-07T22:35:38.423+0000] {logging_mixin.py:190} INFO - Task instance is in running state
[2025-02-07T22:35:38.501+0000] {logging_mixin.py:190} INFO -  Previous state of the Task instance: queued
[2025-02-07T22:35:38.519+0000] {logging_mixin.py:190} INFO - Current task name:check_directory state:running start_date:2025-02-07 22:35:36.798784+00:00
[2025-02-07T22:35:38.533+0000] {logging_mixin.py:190} INFO - Dag name:directory_and_file_verification_dag and current dag run status:running
[2025-02-07T22:35:38.549+0000] {taskinstance.py:731} INFO - ::endgroup::
[2025-02-07T22:35:38.629+0000] {baseoperator.py:421} WARNING - BranchPythonOperator.execute cannot be called outside TaskInstance!
[2025-02-07T22:35:38.803+0000] {logging_mixin.py:190} INFO - borusss ['in', 'logs', 'out', 'statu_date_execution.txt', 'succes_date_execution.txt', 'test', 'Écritures - Copie.csv.bak', 'Écritures comptables article.csv.bak', 'Écritures.csv.bak']
[2025-02-07T22:35:38.910+0000] {python.py:240} INFO - Done. Returned value was: check_file_in_directory
[2025-02-07T22:35:38.932+0000] {branch.py:38} INFO - Branch into check_file_in_directory
[2025-02-07T22:35:38.958+0000] {skipmixin.py:230} INFO - Following branch ('check_file_in_directory',)
[2025-02-07T22:35:39.283+0000] {skipmixin.py:278} INFO - Skipping tasks []
[2025-02-07T22:35:39.687+0000] {taskinstance.py:340} INFO - ::group::Post task execution logs
[2025-02-07T22:35:39.731+0000] {taskinstance.py:352} INFO - Marking task as SUCCESS. dag_id=directory_and_file_verification_dag, task_id=check_directory, run_id=scheduled__2025-02-07T15:07:00+00:00, execution_date=20250207T150700, start_date=20250207T223536, end_date=20250207T223539
[2025-02-07T22:35:40.274+0000] {logging_mixin.py:190} INFO - Task instance in success state
[2025-02-07T22:35:40.302+0000] {logging_mixin.py:190} INFO -  Previous state of the Task instance: running
[2025-02-07T22:35:40.318+0000] {logging_mixin.py:190} INFO - Dag name:directory_and_file_verification_dag queued_at:2025-02-07 22:35:24.783520+00:00
[2025-02-07T22:35:40.343+0000] {logging_mixin.py:190} INFO - Task hostname:003b7fbea265 operator:BranchPythonOperator
[2025-02-07T22:35:40.537+0000] {local_task_job_runner.py:266} INFO - Task exited with return code 0
[2025-02-07T22:35:40.730+0000] {local_task_job_runner.py:245} INFO - ::endgroup::
