[2025-02-07T22:32:54.620+0000] {local_task_job_runner.py:123} INFO - ::group::Pre task execution logs
[2025-02-07T22:32:55.355+0000] {taskinstance.py:2613} INFO - Dependencies all met for dep_context=non-requeueable deps ti=<TaskInstance: directory_and_file_verification_dag.check_directory scheduled__2025-02-07T03:05:00+00:00 [queued]>
[2025-02-07T22:32:55.405+0000] {taskinstance.py:2613} INFO - Dependencies all met for dep_context=requeueable deps ti=<TaskInstance: directory_and_file_verification_dag.check_directory scheduled__2025-02-07T03:05:00+00:00 [queued]>
[2025-02-07T22:32:55.420+0000] {taskinstance.py:2866} INFO - Starting attempt 1 of 1
[2025-02-07T22:32:55.499+0000] {taskinstance.py:2889} INFO - Executing <Task(BranchPythonOperator): check_directory> on 2025-02-07 03:05:00+00:00
[2025-02-07T22:32:55.541+0000] {warnings.py:112} WARNING - /home/***/.local/lib/python3.12/site-packages/***/task/task_runner/standard_task_runner.py:70: DeprecationWarning: This process (pid=19587) is multi-threaded, use of fork() may lead to deadlocks in the child.
  pid = os.fork()

[2025-02-07T22:32:55.552+0000] {standard_task_runner.py:72} INFO - Started process 19612 to run task
[2025-02-07T22:32:55.565+0000] {standard_task_runner.py:104} INFO - Running: ['***', 'tasks', 'run', 'directory_and_file_verification_dag', 'check_directory', 'scheduled__2025-02-07T03:05:00+00:00', '--job-id', '968', '--raw', '--subdir', 'DAGS_FOLDER/my_directory_and_file_checker.py', '--cfg-path', '/tmp/tmpnvcly81v']
[2025-02-07T22:32:55.571+0000] {standard_task_runner.py:105} INFO - Job 968: Subtask check_directory
[2025-02-07T22:32:55.883+0000] {task_command.py:467} INFO - Running <TaskInstance: directory_and_file_verification_dag.check_directory scheduled__2025-02-07T03:05:00+00:00 [running]> on host 003b7fbea265
[2025-02-07T22:32:57.010+0000] {taskinstance.py:3132} INFO - Exporting env vars: AIRFLOW_CTX_DAG_OWNER='***' AIRFLOW_CTX_DAG_ID='directory_and_file_verification_dag' AIRFLOW_CTX_TASK_ID='check_directory' AIRFLOW_CTX_EXECUTION_DATE='2025-02-07T03:05:00+00:00' AIRFLOW_CTX_TRY_NUMBER='1' AIRFLOW_CTX_DAG_RUN_ID='scheduled__2025-02-07T03:05:00+00:00'
[2025-02-07T22:32:57.020+0000] {logging_mixin.py:190} INFO - Task instance is in running state
[2025-02-07T22:32:57.028+0000] {logging_mixin.py:190} INFO -  Previous state of the Task instance: queued
[2025-02-07T22:32:57.069+0000] {logging_mixin.py:190} INFO - Current task name:check_directory state:running start_date:2025-02-07 22:32:55.363964+00:00
[2025-02-07T22:32:57.070+0000] {logging_mixin.py:190} INFO - Dag name:directory_and_file_verification_dag and current dag run status:running
[2025-02-07T22:32:57.071+0000] {taskinstance.py:731} INFO - ::endgroup::
[2025-02-07T22:32:57.073+0000] {baseoperator.py:421} WARNING - BranchPythonOperator.execute cannot be called outside TaskInstance!
[2025-02-07T22:32:57.093+0000] {logging_mixin.py:190} INFO - borusss ['error', 'in', 'out', 'statu_date_execution.txt', 'succces', 'succes_date_execution.txt', 'test', 'Écritures - Copie.csv.bak', 'Écritures comptables article.csv.bak', 'Écritures.csv.bak']
[2025-02-07T22:32:57.095+0000] {python.py:240} INFO - Done. Returned value was: check_file_in_directory
[2025-02-07T22:32:57.096+0000] {branch.py:38} INFO - Branch into check_file_in_directory
[2025-02-07T22:32:57.097+0000] {skipmixin.py:230} INFO - Following branch ('check_file_in_directory',)
[2025-02-07T22:32:57.177+0000] {skipmixin.py:278} INFO - Skipping tasks []
[2025-02-07T22:32:57.353+0000] {taskinstance.py:340} INFO - ::group::Post task execution logs
[2025-02-07T22:32:57.356+0000] {taskinstance.py:352} INFO - Marking task as SUCCESS. dag_id=directory_and_file_verification_dag, task_id=check_directory, run_id=scheduled__2025-02-07T03:05:00+00:00, execution_date=20250207T030500, start_date=20250207T223255, end_date=20250207T223257
[2025-02-07T22:32:57.560+0000] {logging_mixin.py:190} INFO - Task instance in success state
[2025-02-07T22:32:57.569+0000] {logging_mixin.py:190} INFO -  Previous state of the Task instance: running
[2025-02-07T22:32:57.574+0000] {logging_mixin.py:190} INFO - Dag name:directory_and_file_verification_dag queued_at:2025-02-07 22:32:42.281373+00:00
[2025-02-07T22:32:57.576+0000] {logging_mixin.py:190} INFO - Task hostname:003b7fbea265 operator:BranchPythonOperator
[2025-02-07T22:32:57.672+0000] {local_task_job_runner.py:266} INFO - Task exited with return code 0
[2025-02-07T22:32:57.832+0000] {taskinstance.py:3895} INFO - 1 downstream tasks scheduled from follow-on schedule check
[2025-02-07T22:32:57.844+0000] {local_task_job_runner.py:245} INFO - ::endgroup::
