[2025-02-14T00:32:04.104+0000] {local_task_job_runner.py:123} INFO - ::group::Pre task execution logs
[2025-02-14T00:32:04.254+0000] {taskinstance.py:2613} INFO - Dependencies all met for dep_context=non-requeueable deps ti=<TaskInstance: IMPORTATION_ECRITURE_COMPTABLES_ARTICLE_dag.check_file_in_directory scheduled__2025-02-14T00:31:00+00:00 [queued]>
[2025-02-14T00:32:04.270+0000] {taskinstance.py:2613} INFO - Dependencies all met for dep_context=requeueable deps ti=<TaskInstance: IMPORTATION_ECRITURE_COMPTABLES_ARTICLE_dag.check_file_in_directory scheduled__2025-02-14T00:31:00+00:00 [queued]>
[2025-02-14T00:32:04.271+0000] {taskinstance.py:2866} INFO - Starting attempt 1 of 2
[2025-02-14T00:32:04.285+0000] {taskinstance.py:2889} INFO - Executing <Task(BranchPythonOperator): check_file_in_directory> on 2025-02-14 00:31:00+00:00
[2025-02-14T00:32:04.293+0000] {warnings.py:112} WARNING - /home/***/.local/lib/python3.12/site-packages/***/task/task_runner/standard_task_runner.py:70: DeprecationWarning: This process (pid=1411) is multi-threaded, use of fork() may lead to deadlocks in the child.
  pid = os.fork()

[2025-02-14T00:32:04.295+0000] {standard_task_runner.py:72} INFO - Started process 1413 to run task
[2025-02-14T00:32:04.294+0000] {standard_task_runner.py:104} INFO - Running: ['***', 'tasks', 'run', 'IMPORTATION_ECRITURE_COMPTABLES_ARTICLE_dag', 'check_file_in_directory', 'scheduled__2025-02-14T00:31:00+00:00', '--job-id', '8794', '--raw', '--subdir', 'DAGS_FOLDER/my_directory_and_file_checker.py', '--cfg-path', '/tmp/tmpiaviva5w']
[2025-02-14T00:32:04.296+0000] {standard_task_runner.py:105} INFO - Job 8794: Subtask check_file_in_directory
[2025-02-14T00:32:04.345+0000] {task_command.py:467} INFO - Running <TaskInstance: IMPORTATION_ECRITURE_COMPTABLES_ARTICLE_dag.check_file_in_directory scheduled__2025-02-14T00:31:00+00:00 [running]> on host b6443be51f35
[2025-02-14T00:32:04.460+0000] {taskinstance.py:3132} INFO - Exporting env vars: AIRFLOW_CTX_DAG_OWNER='***' AIRFLOW_CTX_DAG_ID='IMPORTATION_ECRITURE_COMPTABLES_ARTICLE_dag' AIRFLOW_CTX_TASK_ID='check_file_in_directory' AIRFLOW_CTX_EXECUTION_DATE='2025-02-14T00:31:00+00:00' AIRFLOW_CTX_TRY_NUMBER='1' AIRFLOW_CTX_DAG_RUN_ID='scheduled__2025-02-14T00:31:00+00:00'
[2025-02-14T00:32:04.462+0000] {logging_mixin.py:190} INFO - Task instance is in running state
[2025-02-14T00:32:04.462+0000] {logging_mixin.py:190} INFO -  Previous state of the Task instance: queued
[2025-02-14T00:32:04.463+0000] {logging_mixin.py:190} INFO - Current task name:check_file_in_directory state:running start_date:2025-02-14 00:32:04.257963+00:00
[2025-02-14T00:32:04.463+0000] {logging_mixin.py:190} INFO - Dag name:IMPORTATION_ECRITURE_COMPTABLES_ARTICLE_dag and current dag run status:running
[2025-02-14T00:32:04.464+0000] {taskinstance.py:731} INFO - ::endgroup::
[2025-02-14T00:32:04.464+0000] {baseoperator.py:421} WARNING - BranchPythonOperator.execute cannot be called outside TaskInstance!
[2025-02-14T00:32:04.465+0000] {logging_mixin.py:190} INFO - ca marche /opt/***/files/in ['.csv']
[2025-02-14T00:32:04.466+0000] {python.py:240} INFO - Done. Returned value was: verify_file_reliability
[2025-02-14T00:32:04.467+0000] {branch.py:38} INFO - Branch into verify_file_reliability
[2025-02-14T00:32:04.467+0000] {skipmixin.py:230} INFO - Following branch ('verify_file_reliability',)
[2025-02-14T00:32:04.476+0000] {skipmixin.py:278} INFO - Skipping tasks []
[2025-02-14T00:32:04.499+0000] {taskinstance.py:340} INFO - ::group::Post task execution logs
[2025-02-14T00:32:04.499+0000] {taskinstance.py:352} INFO - Marking task as SUCCESS. dag_id=IMPORTATION_ECRITURE_COMPTABLES_ARTICLE_dag, task_id=check_file_in_directory, run_id=scheduled__2025-02-14T00:31:00+00:00, execution_date=20250214T003100, start_date=20250214T003204, end_date=20250214T003204
[2025-02-14T00:32:04.509+0000] {logging_mixin.py:190} INFO - Task instance in success state
[2025-02-14T00:32:04.509+0000] {logging_mixin.py:190} INFO -  Previous state of the Task instance: running
[2025-02-14T00:32:04.510+0000] {logging_mixin.py:190} INFO - Dag name:IMPORTATION_ECRITURE_COMPTABLES_ARTICLE_dag queued_at:2025-02-14 00:32:00.232332+00:00
[2025-02-14T00:32:04.510+0000] {logging_mixin.py:190} INFO - Task hostname:b6443be51f35 operator:BranchPythonOperator
[2025-02-14T00:32:04.520+0000] {local_task_job_runner.py:266} INFO - Task exited with return code 0
[2025-02-14T00:32:04.550+0000] {taskinstance.py:3895} INFO - 1 downstream tasks scheduled from follow-on schedule check
[2025-02-14T00:32:04.552+0000] {local_task_job_runner.py:245} INFO - ::endgroup::
[2025-02-14T00:32:55.987+0000] {local_task_job_runner.py:123} INFO - ::group::Pre task execution logs
[2025-02-14T00:32:56.012+0000] {taskinstance.py:2613} INFO - Dependencies all met for dep_context=non-requeueable deps ti=<TaskInstance: IMPORTATION_ECRITURE_COMPTABLES_ARTICLE_dag.check_file_in_directory scheduled__2025-02-14T00:31:00+00:00 [queued]>
[2025-02-14T00:32:56.172+0000] {taskinstance.py:2613} INFO - Dependencies all met for dep_context=requeueable deps ti=<TaskInstance: IMPORTATION_ECRITURE_COMPTABLES_ARTICLE_dag.check_file_in_directory scheduled__2025-02-14T00:31:00+00:00 [queued]>
[2025-02-14T00:32:56.172+0000] {taskinstance.py:2866} INFO - Starting attempt 1 of 2
[2025-02-14T00:32:56.186+0000] {taskinstance.py:2889} INFO - Executing <Task(BranchPythonOperator): check_file_in_directory> on 2025-02-14 00:31:00+00:00
[2025-02-14T00:32:56.194+0000] {warnings.py:112} WARNING - /home/***/.local/lib/python3.12/site-packages/***/task/task_runner/standard_task_runner.py:70: DeprecationWarning: This process (pid=1442) is multi-threaded, use of fork() may lead to deadlocks in the child.
  pid = os.fork()

[2025-02-14T00:32:56.196+0000] {standard_task_runner.py:72} INFO - Started process 1444 to run task
[2025-02-14T00:32:56.197+0000] {standard_task_runner.py:104} INFO - Running: ['***', 'tasks', 'run', 'IMPORTATION_ECRITURE_COMPTABLES_ARTICLE_dag', 'check_file_in_directory', 'scheduled__2025-02-14T00:31:00+00:00', '--job-id', '8800', '--raw', '--subdir', 'DAGS_FOLDER/my_directory_and_file_checker.py', '--cfg-path', '/tmp/tmpp01hyoep']
[2025-02-14T00:32:56.198+0000] {standard_task_runner.py:105} INFO - Job 8800: Subtask check_file_in_directory
[2025-02-14T00:32:56.251+0000] {task_command.py:467} INFO - Running <TaskInstance: IMPORTATION_ECRITURE_COMPTABLES_ARTICLE_dag.check_file_in_directory scheduled__2025-02-14T00:31:00+00:00 [running]> on host b6443be51f35
[2025-02-14T00:32:56.333+0000] {taskinstance.py:3132} INFO - Exporting env vars: AIRFLOW_CTX_DAG_OWNER='***' AIRFLOW_CTX_DAG_ID='IMPORTATION_ECRITURE_COMPTABLES_ARTICLE_dag' AIRFLOW_CTX_TASK_ID='check_file_in_directory' AIRFLOW_CTX_EXECUTION_DATE='2025-02-14T00:31:00+00:00' AIRFLOW_CTX_TRY_NUMBER='1' AIRFLOW_CTX_DAG_RUN_ID='scheduled__2025-02-14T00:31:00+00:00'
[2025-02-14T00:32:56.334+0000] {logging_mixin.py:190} INFO - Task instance is in running state
[2025-02-14T00:32:56.335+0000] {logging_mixin.py:190} INFO -  Previous state of the Task instance: queued
[2025-02-14T00:32:56.335+0000] {logging_mixin.py:190} INFO - Current task name:check_file_in_directory state:running start_date:2025-02-14 00:32:56.013582+00:00
[2025-02-14T00:32:56.336+0000] {logging_mixin.py:190} INFO - Dag name:IMPORTATION_ECRITURE_COMPTABLES_ARTICLE_dag and current dag run status:running
[2025-02-14T00:32:56.336+0000] {taskinstance.py:731} INFO - ::endgroup::
[2025-02-14T00:32:56.337+0000] {baseoperator.py:421} WARNING - BranchPythonOperator.execute cannot be called outside TaskInstance!
[2025-02-14T00:32:56.338+0000] {logging_mixin.py:190} INFO - ca marche /opt/***/files/in ['.csv']
[2025-02-14T00:32:56.340+0000] {python.py:240} INFO - Done. Returned value was: verify_file_reliability
[2025-02-14T00:32:56.341+0000] {branch.py:38} INFO - Branch into verify_file_reliability
[2025-02-14T00:32:56.341+0000] {skipmixin.py:230} INFO - Following branch ('verify_file_reliability',)
[2025-02-14T00:32:56.357+0000] {skipmixin.py:278} INFO - Skipping tasks []
[2025-02-14T00:32:56.383+0000] {taskinstance.py:340} INFO - ::group::Post task execution logs
[2025-02-14T00:32:56.384+0000] {taskinstance.py:352} INFO - Marking task as SUCCESS. dag_id=IMPORTATION_ECRITURE_COMPTABLES_ARTICLE_dag, task_id=check_file_in_directory, run_id=scheduled__2025-02-14T00:31:00+00:00, execution_date=20250214T003100, start_date=20250214T003256, end_date=20250214T003256
[2025-02-14T00:32:56.394+0000] {logging_mixin.py:190} INFO - Task instance in success state
[2025-02-14T00:32:56.394+0000] {logging_mixin.py:190} INFO -  Previous state of the Task instance: running
[2025-02-14T00:32:56.395+0000] {logging_mixin.py:190} INFO - Dag name:IMPORTATION_ECRITURE_COMPTABLES_ARTICLE_dag queued_at:2025-02-14 00:32:50.948929+00:00
[2025-02-14T00:32:56.395+0000] {logging_mixin.py:190} INFO - Task hostname:b6443be51f35 operator:BranchPythonOperator
[2025-02-14T00:32:56.411+0000] {local_task_job_runner.py:266} INFO - Task exited with return code 0
[2025-02-14T00:32:56.447+0000] {taskinstance.py:3895} INFO - 1 downstream tasks scheduled from follow-on schedule check
[2025-02-14T00:32:56.449+0000] {local_task_job_runner.py:245} INFO - ::endgroup::
