[2025-02-10T21:26:02.121+0000] {local_task_job_runner.py:123} INFO - ::group::Pre task execution logs
[2025-02-10T21:26:02.295+0000] {taskinstance.py:2613} INFO - Dependencies all met for dep_context=non-requeueable deps ti=<TaskInstance: IMPORTATION_ECRITURE_COMPTABLES_ARTICLE_dag.check_directory scheduled__2025-02-10T21:25:00+00:00 [queued]>
[2025-02-10T21:26:02.305+0000] {taskinstance.py:2613} INFO - Dependencies all met for dep_context=requeueable deps ti=<TaskInstance: IMPORTATION_ECRITURE_COMPTABLES_ARTICLE_dag.check_directory scheduled__2025-02-10T21:25:00+00:00 [queued]>
[2025-02-10T21:26:02.306+0000] {taskinstance.py:2866} INFO - Starting attempt 1 of 2
[2025-02-10T21:26:02.327+0000] {taskinstance.py:2889} INFO - Executing <Task(BranchPythonOperator): check_directory> on 2025-02-10 21:25:00+00:00
[2025-02-10T21:26:02.337+0000] {warnings.py:112} WARNING - /home/***/.local/lib/python3.12/site-packages/***/task/task_runner/standard_task_runner.py:70: DeprecationWarning: This process (pid=2835) is multi-threaded, use of fork() may lead to deadlocks in the child.
  pid = os.fork()

[2025-02-10T21:26:02.340+0000] {standard_task_runner.py:72} INFO - Started process 2837 to run task
[2025-02-10T21:26:02.340+0000] {standard_task_runner.py:104} INFO - Running: ['***', 'tasks', 'run', 'IMPORTATION_ECRITURE_COMPTABLES_ARTICLE_dag', 'check_directory', 'scheduled__2025-02-10T21:25:00+00:00', '--job-id', '1102', '--raw', '--subdir', 'DAGS_FOLDER/my_directory_and_file_checker.py', '--cfg-path', '/tmp/tmps825jqnw']
[2025-02-10T21:26:02.342+0000] {standard_task_runner.py:105} INFO - Job 1102: Subtask check_directory
[2025-02-10T21:26:02.402+0000] {task_command.py:467} INFO - Running <TaskInstance: IMPORTATION_ECRITURE_COMPTABLES_ARTICLE_dag.check_directory scheduled__2025-02-10T21:25:00+00:00 [running]> on host b6443be51f35
[2025-02-10T21:26:02.502+0000] {taskinstance.py:3132} INFO - Exporting env vars: AIRFLOW_CTX_DAG_OWNER='***' AIRFLOW_CTX_DAG_ID='IMPORTATION_ECRITURE_COMPTABLES_ARTICLE_dag' AIRFLOW_CTX_TASK_ID='check_directory' AIRFLOW_CTX_EXECUTION_DATE='2025-02-10T21:25:00+00:00' AIRFLOW_CTX_TRY_NUMBER='1' AIRFLOW_CTX_DAG_RUN_ID='scheduled__2025-02-10T21:25:00+00:00'
[2025-02-10T21:26:02.503+0000] {logging_mixin.py:190} INFO - Task instance is in running state
[2025-02-10T21:26:02.504+0000] {logging_mixin.py:190} INFO -  Previous state of the Task instance: queued
[2025-02-10T21:26:02.504+0000] {logging_mixin.py:190} INFO - Current task name:check_directory state:running start_date:2025-02-10 21:26:02.295814+00:00
[2025-02-10T21:26:02.505+0000] {logging_mixin.py:190} INFO - Dag name:IMPORTATION_ECRITURE_COMPTABLES_ARTICLE_dag and current dag run status:running
[2025-02-10T21:26:02.506+0000] {taskinstance.py:731} INFO - ::endgroup::
[2025-02-10T21:26:02.506+0000] {baseoperator.py:421} WARNING - BranchPythonOperator.execute cannot be called outside TaskInstance!
[2025-02-10T21:26:02.507+0000] {python.py:240} INFO - Done. Returned value was: check_file_in_directory
[2025-02-10T21:26:02.508+0000] {branch.py:38} INFO - Branch into check_file_in_directory
[2025-02-10T21:26:02.508+0000] {skipmixin.py:230} INFO - Following branch ('check_file_in_directory',)
[2025-02-10T21:26:02.521+0000] {skipmixin.py:278} INFO - Skipping tasks []
[2025-02-10T21:26:02.550+0000] {taskinstance.py:340} INFO - ::group::Post task execution logs
[2025-02-10T21:26:02.551+0000] {taskinstance.py:352} INFO - Marking task as SUCCESS. dag_id=IMPORTATION_ECRITURE_COMPTABLES_ARTICLE_dag, task_id=check_directory, run_id=scheduled__2025-02-10T21:25:00+00:00, execution_date=20250210T212500, start_date=20250210T212602, end_date=20250210T212602
[2025-02-10T21:26:02.564+0000] {logging_mixin.py:190} INFO - Task instance in success state
[2025-02-10T21:26:02.564+0000] {logging_mixin.py:190} INFO -  Previous state of the Task instance: running
[2025-02-10T21:26:02.565+0000] {logging_mixin.py:190} INFO - Dag name:IMPORTATION_ECRITURE_COMPTABLES_ARTICLE_dag queued_at:2025-02-10 21:26:00.031456+00:00
[2025-02-10T21:26:02.565+0000] {logging_mixin.py:190} INFO - Task hostname:b6443be51f35 operator:BranchPythonOperator
[2025-02-10T21:26:02.597+0000] {local_task_job_runner.py:266} INFO - Task exited with return code 0
[2025-02-10T21:26:02.634+0000] {taskinstance.py:3895} INFO - 1 downstream tasks scheduled from follow-on schedule check
[2025-02-10T21:26:02.637+0000] {local_task_job_runner.py:245} INFO - ::endgroup::
[2025-02-10T21:26:49.643+0000] {local_task_job_runner.py:123} INFO - ::group::Pre task execution logs
[2025-02-10T21:26:49.800+0000] {taskinstance.py:2613} INFO - Dependencies all met for dep_context=non-requeueable deps ti=<TaskInstance: IMPORTATION_ECRITURE_COMPTABLES_ARTICLE_dag.check_directory scheduled__2025-02-10T21:25:00+00:00 [queued]>
[2025-02-10T21:26:49.810+0000] {taskinstance.py:2613} INFO - Dependencies all met for dep_context=requeueable deps ti=<TaskInstance: IMPORTATION_ECRITURE_COMPTABLES_ARTICLE_dag.check_directory scheduled__2025-02-10T21:25:00+00:00 [queued]>
[2025-02-10T21:26:49.811+0000] {taskinstance.py:2866} INFO - Starting attempt 1 of 2
[2025-02-10T21:26:49.827+0000] {taskinstance.py:2889} INFO - Executing <Task(BranchPythonOperator): check_directory> on 2025-02-10 21:25:00+00:00
[2025-02-10T21:26:49.835+0000] {warnings.py:112} WARNING - /home/***/.local/lib/python3.12/site-packages/***/task/task_runner/standard_task_runner.py:70: DeprecationWarning: This process (pid=2873) is multi-threaded, use of fork() may lead to deadlocks in the child.
  pid = os.fork()

[2025-02-10T21:26:49.837+0000] {standard_task_runner.py:72} INFO - Started process 2875 to run task
[2025-02-10T21:26:49.837+0000] {standard_task_runner.py:104} INFO - Running: ['***', 'tasks', 'run', 'IMPORTATION_ECRITURE_COMPTABLES_ARTICLE_dag', 'check_directory', 'scheduled__2025-02-10T21:25:00+00:00', '--job-id', '1108', '--raw', '--subdir', 'DAGS_FOLDER/my_directory_and_file_checker.py', '--cfg-path', '/tmp/tmp_ijtyccr']
[2025-02-10T21:26:49.839+0000] {standard_task_runner.py:105} INFO - Job 1108: Subtask check_directory
[2025-02-10T21:26:49.899+0000] {task_command.py:467} INFO - Running <TaskInstance: IMPORTATION_ECRITURE_COMPTABLES_ARTICLE_dag.check_directory scheduled__2025-02-10T21:25:00+00:00 [running]> on host b6443be51f35
[2025-02-10T21:26:50.038+0000] {taskinstance.py:3132} INFO - Exporting env vars: AIRFLOW_CTX_DAG_OWNER='***' AIRFLOW_CTX_DAG_ID='IMPORTATION_ECRITURE_COMPTABLES_ARTICLE_dag' AIRFLOW_CTX_TASK_ID='check_directory' AIRFLOW_CTX_EXECUTION_DATE='2025-02-10T21:25:00+00:00' AIRFLOW_CTX_TRY_NUMBER='1' AIRFLOW_CTX_DAG_RUN_ID='scheduled__2025-02-10T21:25:00+00:00'
[2025-02-10T21:26:50.041+0000] {logging_mixin.py:190} INFO - Task instance is in running state
[2025-02-10T21:26:50.042+0000] {logging_mixin.py:190} INFO -  Previous state of the Task instance: queued
[2025-02-10T21:26:50.043+0000] {logging_mixin.py:190} INFO - Current task name:check_directory state:running start_date:2025-02-10 21:26:49.801585+00:00
[2025-02-10T21:26:50.043+0000] {logging_mixin.py:190} INFO - Dag name:IMPORTATION_ECRITURE_COMPTABLES_ARTICLE_dag and current dag run status:running
[2025-02-10T21:26:50.044+0000] {taskinstance.py:731} INFO - ::endgroup::
[2025-02-10T21:26:50.045+0000] {baseoperator.py:421} WARNING - BranchPythonOperator.execute cannot be called outside TaskInstance!
[2025-02-10T21:26:50.046+0000] {python.py:240} INFO - Done. Returned value was: check_file_in_directory
[2025-02-10T21:26:50.047+0000] {branch.py:38} INFO - Branch into check_file_in_directory
[2025-02-10T21:26:50.048+0000] {skipmixin.py:230} INFO - Following branch ('check_file_in_directory',)
[2025-02-10T21:26:50.066+0000] {skipmixin.py:278} INFO - Skipping tasks []
[2025-02-10T21:26:50.100+0000] {taskinstance.py:340} INFO - ::group::Post task execution logs
[2025-02-10T21:26:50.101+0000] {taskinstance.py:352} INFO - Marking task as SUCCESS. dag_id=IMPORTATION_ECRITURE_COMPTABLES_ARTICLE_dag, task_id=check_directory, run_id=scheduled__2025-02-10T21:25:00+00:00, execution_date=20250210T212500, start_date=20250210T212649, end_date=20250210T212650
[2025-02-10T21:26:50.115+0000] {logging_mixin.py:190} INFO - Task instance in success state
[2025-02-10T21:26:50.116+0000] {logging_mixin.py:190} INFO -  Previous state of the Task instance: running
[2025-02-10T21:26:50.117+0000] {logging_mixin.py:190} INFO - Dag name:IMPORTATION_ECRITURE_COMPTABLES_ARTICLE_dag queued_at:2025-02-10 21:26:47.474496+00:00
[2025-02-10T21:26:50.117+0000] {logging_mixin.py:190} INFO - Task hostname:b6443be51f35 operator:BranchPythonOperator
[2025-02-10T21:26:50.135+0000] {local_task_job_runner.py:266} INFO - Task exited with return code 0
[2025-02-10T21:26:50.174+0000] {taskinstance.py:3895} INFO - 1 downstream tasks scheduled from follow-on schedule check
[2025-02-10T21:26:50.177+0000] {local_task_job_runner.py:245} INFO - ::endgroup::
