[2025-01-31T00:02:36.167+0000] {local_task_job_runner.py:123} INFO - ::group::Pre task execution logs
[2025-01-31T00:02:36.194+0000] {taskinstance.py:2613} INFO - Dependencies all met for dep_context=non-requeueable deps ti=<TaskInstance: directory_and_file_verification_dag.check_file_in_directory manual__2025-01-30T23:55:17.834743+00:00 [queued]>
[2025-01-31T00:02:36.209+0000] {taskinstance.py:2613} INFO - Dependencies all met for dep_context=requeueable deps ti=<TaskInstance: directory_and_file_verification_dag.check_file_in_directory manual__2025-01-30T23:55:17.834743+00:00 [queued]>
[2025-01-31T00:02:36.210+0000] {taskinstance.py:2866} INFO - Starting attempt 2 of 2
[2025-01-31T00:02:36.224+0000] {taskinstance.py:2889} INFO - Executing <Task(BranchPythonOperator): check_file_in_directory> on 2025-01-30 23:55:17.834743+00:00
[2025-01-31T00:02:36.232+0000] {warnings.py:112} WARNING - /home/***/.local/lib/python3.12/site-packages/***/task/task_runner/standard_task_runner.py:70: DeprecationWarning: This process (pid=18560) is multi-threaded, use of fork() may lead to deadlocks in the child.
  pid = os.fork()

[2025-01-31T00:02:36.235+0000] {standard_task_runner.py:72} INFO - Started process 18562 to run task
[2025-01-31T00:02:36.235+0000] {standard_task_runner.py:104} INFO - Running: ['***', 'tasks', 'run', 'directory_and_file_verification_dag', 'check_file_in_directory', 'manual__2025-01-30T23:55:17.834743+00:00', '--job-id', '62', '--raw', '--subdir', 'DAGS_FOLDER/my_directory_and_file_checker.py', '--cfg-path', '/tmp/tmp5s_gm4si']
[2025-01-31T00:02:36.236+0000] {standard_task_runner.py:105} INFO - Job 62: Subtask check_file_in_directory
[2025-01-31T00:02:36.535+0000] {task_command.py:467} INFO - Running <TaskInstance: directory_and_file_verification_dag.check_file_in_directory manual__2025-01-30T23:55:17.834743+00:00 [running]> on host f85a165ecee3
[2025-01-31T00:02:36.618+0000] {taskinstance.py:3132} INFO - Exporting env vars: AIRFLOW_CTX_DAG_OWNER='***' AIRFLOW_CTX_DAG_ID='directory_and_file_verification_dag' AIRFLOW_CTX_TASK_ID='check_file_in_directory' AIRFLOW_CTX_EXECUTION_DATE='2025-01-30T23:55:17.834743+00:00' AIRFLOW_CTX_TRY_NUMBER='2' AIRFLOW_CTX_DAG_RUN_ID='manual__2025-01-30T23:55:17.834743+00:00'
[2025-01-31T00:02:36.619+0000] {logging_mixin.py:190} INFO - Task instance is in running state
[2025-01-31T00:02:36.619+0000] {logging_mixin.py:190} INFO -  Previous state of the Task instance: queued
[2025-01-31T00:02:36.620+0000] {logging_mixin.py:190} INFO - Current task name:check_file_in_directory state:running start_date:2025-01-31 00:02:36.195111+00:00
[2025-01-31T00:02:36.620+0000] {logging_mixin.py:190} INFO - Dag name:directory_and_file_verification_dag and current dag run status:running
[2025-01-31T00:02:36.621+0000] {taskinstance.py:731} INFO - ::endgroup::
[2025-01-31T00:02:36.623+0000] {baseoperator.py:421} WARNING - BranchPythonOperator.execute cannot be called outside TaskInstance!
[2025-01-31T00:02:36.626+0000] {python.py:240} INFO - Done. Returned value was: read_files
[2025-01-31T00:02:36.627+0000] {branch.py:38} INFO - Branch into read_files
[2025-01-31T00:02:36.628+0000] {skipmixin.py:230} INFO - Following branch ('read_files',)
[2025-01-31T00:02:36.640+0000] {skipmixin.py:278} INFO - Skipping tasks []
[2025-01-31T00:02:36.666+0000] {taskinstance.py:340} INFO - ::group::Post task execution logs
[2025-01-31T00:02:36.667+0000] {taskinstance.py:352} INFO - Marking task as SUCCESS. dag_id=directory_and_file_verification_dag, task_id=check_file_in_directory, run_id=manual__2025-01-30T23:55:17.834743+00:00, execution_date=20250130T235517, start_date=20250131T000236, end_date=20250131T000236
[2025-01-31T00:02:36.676+0000] {logging_mixin.py:190} INFO - Task instance in success state
[2025-01-31T00:02:36.677+0000] {logging_mixin.py:190} INFO -  Previous state of the Task instance: running
[2025-01-31T00:02:36.678+0000] {logging_mixin.py:190} INFO - Dag name:directory_and_file_verification_dag queued_at:2025-01-31 00:02:34.370658+00:00
[2025-01-31T00:02:36.678+0000] {logging_mixin.py:190} INFO - Task hostname:f85a165ecee3 operator:BranchPythonOperator
[2025-01-31T00:02:36.694+0000] {local_task_job_runner.py:266} INFO - Task exited with return code 0
[2025-01-31T00:02:36.897+0000] {taskinstance.py:3895} INFO - 1 downstream tasks scheduled from follow-on schedule check
[2025-01-31T00:02:36.899+0000] {local_task_job_runner.py:245} INFO - ::endgroup::
