[2025-02-07T22:42:44.642+0000] {local_task_job_runner.py:123} INFO - ::group::Pre task execution logs
[2025-02-07T22:42:44.973+0000] {taskinstance.py:2613} INFO - Dependencies all met for dep_context=non-requeueable deps ti=<TaskInstance: directory_and_file_verification_dag.check_directory scheduled__2025-02-07T19:00:00+00:00 [queued]>
[2025-02-07T22:42:45.005+0000] {taskinstance.py:2613} INFO - Dependencies all met for dep_context=requeueable deps ti=<TaskInstance: directory_and_file_verification_dag.check_directory scheduled__2025-02-07T19:00:00+00:00 [queued]>
[2025-02-07T22:42:45.032+0000] {taskinstance.py:2866} INFO - Starting attempt 1 of 1
[2025-02-07T22:42:45.081+0000] {taskinstance.py:2889} INFO - Executing <Task(BranchPythonOperator): check_directory> on 2025-02-07 19:00:00+00:00
[2025-02-07T22:42:45.112+0000] {warnings.py:112} WARNING - /home/***/.local/lib/python3.12/site-packages/***/task/task_runner/standard_task_runner.py:70: DeprecationWarning: This process (pid=20149) is multi-threaded, use of fork() may lead to deadlocks in the child.
  pid = os.fork()

[2025-02-07T22:42:45.116+0000] {standard_task_runner.py:72} INFO - Started process 20161 to run task
[2025-02-07T22:42:45.120+0000] {standard_task_runner.py:104} INFO - Running: ['***', 'tasks', 'run', 'directory_and_file_verification_dag', 'check_directory', 'scheduled__2025-02-07T19:00:00+00:00', '--job-id', '1076', '--raw', '--subdir', 'DAGS_FOLDER/my_directory_and_file_checker.py', '--cfg-path', '/tmp/tmpkbiz4151']
[2025-02-07T22:42:45.122+0000] {standard_task_runner.py:105} INFO - Job 1076: Subtask check_directory
[2025-02-07T22:42:45.322+0000] {task_command.py:467} INFO - Running <TaskInstance: directory_and_file_verification_dag.check_directory scheduled__2025-02-07T19:00:00+00:00 [running]> on host 003b7fbea265
[2025-02-07T22:42:45.516+0000] {taskinstance.py:3132} INFO - Exporting env vars: AIRFLOW_CTX_DAG_OWNER='***' AIRFLOW_CTX_DAG_ID='directory_and_file_verification_dag' AIRFLOW_CTX_TASK_ID='check_directory' AIRFLOW_CTX_EXECUTION_DATE='2025-02-07T19:00:00+00:00' AIRFLOW_CTX_TRY_NUMBER='1' AIRFLOW_CTX_DAG_RUN_ID='scheduled__2025-02-07T19:00:00+00:00'
[2025-02-07T22:42:45.518+0000] {logging_mixin.py:190} INFO - Task instance is in running state
[2025-02-07T22:42:45.519+0000] {logging_mixin.py:190} INFO -  Previous state of the Task instance: queued
[2025-02-07T22:42:45.520+0000] {logging_mixin.py:190} INFO - Current task name:check_directory state:running start_date:2025-02-07 22:42:44.974075+00:00
[2025-02-07T22:42:45.521+0000] {logging_mixin.py:190} INFO - Dag name:directory_and_file_verification_dag and current dag run status:running
[2025-02-07T22:42:45.522+0000] {taskinstance.py:731} INFO - ::endgroup::
[2025-02-07T22:42:45.523+0000] {baseoperator.py:421} WARNING - BranchPythonOperator.execute cannot be called outside TaskInstance!
[2025-02-07T22:42:45.526+0000] {logging_mixin.py:190} INFO - borusss ['in', 'logs', 'out', 'statu_date_execution.txt', 'succes_date_execution.txt', 'test', 'Écritures - Copie.csv.bak', 'Écritures comptables article.csv.bak', 'Écritures.csv.bak']
[2025-02-07T22:42:45.527+0000] {python.py:240} INFO - Done. Returned value was: check_file_in_directory
[2025-02-07T22:42:45.528+0000] {branch.py:38} INFO - Branch into check_file_in_directory
[2025-02-07T22:42:45.530+0000] {skipmixin.py:230} INFO - Following branch ('check_file_in_directory',)
[2025-02-07T22:42:45.548+0000] {skipmixin.py:278} INFO - Skipping tasks []
[2025-02-07T22:42:45.615+0000] {taskinstance.py:340} INFO - ::group::Post task execution logs
[2025-02-07T22:42:45.623+0000] {taskinstance.py:352} INFO - Marking task as SUCCESS. dag_id=directory_and_file_verification_dag, task_id=check_directory, run_id=scheduled__2025-02-07T19:00:00+00:00, execution_date=20250207T190000, start_date=20250207T224244, end_date=20250207T224245
[2025-02-07T22:42:45.655+0000] {logging_mixin.py:190} INFO - Task instance in success state
[2025-02-07T22:42:45.657+0000] {logging_mixin.py:190} INFO -  Previous state of the Task instance: running
[2025-02-07T22:42:45.668+0000] {logging_mixin.py:190} INFO - Dag name:directory_and_file_verification_dag queued_at:2025-02-07 22:42:40.305092+00:00
[2025-02-07T22:42:45.671+0000] {logging_mixin.py:190} INFO - Task hostname:003b7fbea265 operator:BranchPythonOperator
[2025-02-07T22:42:45.718+0000] {local_task_job_runner.py:266} INFO - Task exited with return code 0
[2025-02-07T22:42:45.772+0000] {taskinstance.py:3895} INFO - 1 downstream tasks scheduled from follow-on schedule check
[2025-02-07T22:42:45.775+0000] {local_task_job_runner.py:245} INFO - ::endgroup::
[2025-02-07T22:44:08.269+0000] {local_task_job_runner.py:123} INFO - ::group::Pre task execution logs
[2025-02-07T22:44:08.527+0000] {taskinstance.py:2613} INFO - Dependencies all met for dep_context=non-requeueable deps ti=<TaskInstance: directory_and_file_verification_dag.check_directory scheduled__2025-02-07T19:00:00+00:00 [queued]>
[2025-02-07T22:44:08.544+0000] {taskinstance.py:2613} INFO - Dependencies all met for dep_context=requeueable deps ti=<TaskInstance: directory_and_file_verification_dag.check_directory scheduled__2025-02-07T19:00:00+00:00 [queued]>
[2025-02-07T22:44:08.545+0000] {taskinstance.py:2866} INFO - Starting attempt 1 of 1
[2025-02-07T22:44:08.565+0000] {taskinstance.py:2889} INFO - Executing <Task(BranchPythonOperator): check_directory> on 2025-02-07 19:00:00+00:00
[2025-02-07T22:44:08.576+0000] {warnings.py:112} WARNING - /home/***/.local/lib/python3.12/site-packages/***/task/task_runner/standard_task_runner.py:70: DeprecationWarning: This process (pid=20353) is multi-threaded, use of fork() may lead to deadlocks in the child.
  pid = os.fork()

[2025-02-07T22:44:08.579+0000] {standard_task_runner.py:72} INFO - Started process 20361 to run task
[2025-02-07T22:44:08.579+0000] {standard_task_runner.py:104} INFO - Running: ['***', 'tasks', 'run', 'directory_and_file_verification_dag', 'check_directory', 'scheduled__2025-02-07T19:00:00+00:00', '--job-id', '1122', '--raw', '--subdir', 'DAGS_FOLDER/my_directory_and_file_checker.py', '--cfg-path', '/tmp/tmps8ts14vd']
[2025-02-07T22:44:08.581+0000] {standard_task_runner.py:105} INFO - Job 1122: Subtask check_directory
[2025-02-07T22:44:08.721+0000] {task_command.py:467} INFO - Running <TaskInstance: directory_and_file_verification_dag.check_directory scheduled__2025-02-07T19:00:00+00:00 [running]> on host 003b7fbea265
[2025-02-07T22:44:08.903+0000] {taskinstance.py:3132} INFO - Exporting env vars: AIRFLOW_CTX_DAG_OWNER='***' AIRFLOW_CTX_DAG_ID='directory_and_file_verification_dag' AIRFLOW_CTX_TASK_ID='check_directory' AIRFLOW_CTX_EXECUTION_DATE='2025-02-07T19:00:00+00:00' AIRFLOW_CTX_TRY_NUMBER='1' AIRFLOW_CTX_DAG_RUN_ID='scheduled__2025-02-07T19:00:00+00:00'
[2025-02-07T22:44:08.904+0000] {logging_mixin.py:190} INFO - Task instance is in running state
[2025-02-07T22:44:08.905+0000] {logging_mixin.py:190} INFO -  Previous state of the Task instance: queued
[2025-02-07T22:44:08.906+0000] {logging_mixin.py:190} INFO - Current task name:check_directory state:running start_date:2025-02-07 22:44:08.528734+00:00
[2025-02-07T22:44:08.907+0000] {logging_mixin.py:190} INFO - Dag name:directory_and_file_verification_dag and current dag run status:running
[2025-02-07T22:44:08.908+0000] {taskinstance.py:731} INFO - ::endgroup::
[2025-02-07T22:44:08.909+0000] {baseoperator.py:421} WARNING - BranchPythonOperator.execute cannot be called outside TaskInstance!
[2025-02-07T22:44:08.912+0000] {logging_mixin.py:190} INFO - borusss ['in', 'logs', 'out', 'statu_date_execution.txt', 'succes_date_execution.txt', 'test', 'Écritures - Copie.csv.bak', 'Écritures comptables article.csv.bak', 'Écritures.csv.bak']
[2025-02-07T22:44:08.912+0000] {python.py:240} INFO - Done. Returned value was: check_file_in_directory
[2025-02-07T22:44:08.913+0000] {branch.py:38} INFO - Branch into check_file_in_directory
[2025-02-07T22:44:08.914+0000] {skipmixin.py:230} INFO - Following branch ('check_file_in_directory',)
[2025-02-07T22:44:08.932+0000] {skipmixin.py:278} INFO - Skipping tasks []
[2025-02-07T22:44:08.992+0000] {taskinstance.py:340} INFO - ::group::Post task execution logs
[2025-02-07T22:44:08.993+0000] {taskinstance.py:352} INFO - Marking task as SUCCESS. dag_id=directory_and_file_verification_dag, task_id=check_directory, run_id=scheduled__2025-02-07T19:00:00+00:00, execution_date=20250207T190000, start_date=20250207T224408, end_date=20250207T224408
[2025-02-07T22:44:09.012+0000] {logging_mixin.py:190} INFO - Task instance in success state
[2025-02-07T22:44:09.013+0000] {logging_mixin.py:190} INFO -  Previous state of the Task instance: running
[2025-02-07T22:44:09.013+0000] {logging_mixin.py:190} INFO - Dag name:directory_and_file_verification_dag queued_at:2025-02-07 22:44:04.960351+00:00
[2025-02-07T22:44:09.014+0000] {logging_mixin.py:190} INFO - Task hostname:003b7fbea265 operator:BranchPythonOperator
[2025-02-07T22:44:09.039+0000] {local_task_job_runner.py:266} INFO - Task exited with return code 0
[2025-02-07T22:44:09.103+0000] {taskinstance.py:3895} INFO - 1 downstream tasks scheduled from follow-on schedule check
[2025-02-07T22:44:09.108+0000] {local_task_job_runner.py:245} INFO - ::endgroup::
[2025-02-07T23:12:14.002+0000] {local_task_job_runner.py:123} INFO - ::group::Pre task execution logs
[2025-02-07T23:12:14.389+0000] {taskinstance.py:2613} INFO - Dependencies all met for dep_context=non-requeueable deps ti=<TaskInstance: directory_and_file_verification_dag.check_directory scheduled__2025-02-07T19:00:00+00:00 [queued]>
[2025-02-07T23:12:14.409+0000] {taskinstance.py:2613} INFO - Dependencies all met for dep_context=requeueable deps ti=<TaskInstance: directory_and_file_verification_dag.check_directory scheduled__2025-02-07T19:00:00+00:00 [queued]>
[2025-02-07T23:12:14.410+0000] {taskinstance.py:2866} INFO - Starting attempt 1 of 1
[2025-02-07T23:12:14.443+0000] {taskinstance.py:2889} INFO - Executing <Task(BranchPythonOperator): check_directory> on 2025-02-07 19:00:00+00:00
[2025-02-07T23:12:14.463+0000] {warnings.py:112} WARNING - /home/***/.local/lib/python3.12/site-packages/***/task/task_runner/standard_task_runner.py:70: DeprecationWarning: This process (pid=20903) is multi-threaded, use of fork() may lead to deadlocks in the child.
  pid = os.fork()

[2025-02-07T23:12:14.467+0000] {standard_task_runner.py:104} INFO - Running: ['***', 'tasks', 'run', 'directory_and_file_verification_dag', 'check_directory', 'scheduled__2025-02-07T19:00:00+00:00', '--job-id', '1170', '--raw', '--subdir', 'DAGS_FOLDER/my_directory_and_file_checker.py', '--cfg-path', '/tmp/tmplhvbhsa8']
[2025-02-07T23:12:14.469+0000] {standard_task_runner.py:72} INFO - Started process 20918 to run task
[2025-02-07T23:12:14.469+0000] {standard_task_runner.py:105} INFO - Job 1170: Subtask check_directory
[2025-02-07T23:12:14.675+0000] {task_command.py:467} INFO - Running <TaskInstance: directory_and_file_verification_dag.check_directory scheduled__2025-02-07T19:00:00+00:00 [running]> on host 003b7fbea265
[2025-02-07T23:12:15.038+0000] {taskinstance.py:3132} INFO - Exporting env vars: AIRFLOW_CTX_DAG_OWNER='***' AIRFLOW_CTX_DAG_ID='directory_and_file_verification_dag' AIRFLOW_CTX_TASK_ID='check_directory' AIRFLOW_CTX_EXECUTION_DATE='2025-02-07T19:00:00+00:00' AIRFLOW_CTX_TRY_NUMBER='1' AIRFLOW_CTX_DAG_RUN_ID='scheduled__2025-02-07T19:00:00+00:00'
[2025-02-07T23:12:15.042+0000] {logging_mixin.py:190} INFO - Task instance is in running state
[2025-02-07T23:12:15.043+0000] {logging_mixin.py:190} INFO -  Previous state of the Task instance: queued
[2025-02-07T23:12:15.044+0000] {logging_mixin.py:190} INFO - Current task name:check_directory state:running start_date:2025-02-07 23:12:14.390914+00:00
[2025-02-07T23:12:15.048+0000] {logging_mixin.py:190} INFO - Dag name:directory_and_file_verification_dag and current dag run status:running
[2025-02-07T23:12:15.062+0000] {taskinstance.py:731} INFO - ::endgroup::
[2025-02-07T23:12:15.065+0000] {baseoperator.py:421} WARNING - BranchPythonOperator.execute cannot be called outside TaskInstance!
[2025-02-07T23:12:15.087+0000] {logging_mixin.py:190} INFO - borusss ['in', 'logs', 'out', 'statu_date_execution.txt', 'succes_date_execution.txt', 'test', 'Écritures - Copie.csv.bak', 'Écritures comptables article.csv.bak', 'Écritures.csv.bak']
[2025-02-07T23:12:15.089+0000] {python.py:240} INFO - Done. Returned value was: check_file_in_directory
[2025-02-07T23:12:15.091+0000] {branch.py:38} INFO - Branch into check_file_in_directory
[2025-02-07T23:12:15.099+0000] {skipmixin.py:230} INFO - Following branch ('check_file_in_directory',)
[2025-02-07T23:12:15.122+0000] {skipmixin.py:278} INFO - Skipping tasks []
[2025-02-07T23:12:15.240+0000] {taskinstance.py:340} INFO - ::group::Post task execution logs
[2025-02-07T23:12:15.243+0000] {taskinstance.py:352} INFO - Marking task as SUCCESS. dag_id=directory_and_file_verification_dag, task_id=check_directory, run_id=scheduled__2025-02-07T19:00:00+00:00, execution_date=20250207T190000, start_date=20250207T231214, end_date=20250207T231215
[2025-02-07T23:12:15.349+0000] {logging_mixin.py:190} INFO - Task instance in success state
[2025-02-07T23:12:15.354+0000] {logging_mixin.py:190} INFO -  Previous state of the Task instance: running
[2025-02-07T23:12:15.357+0000] {logging_mixin.py:190} INFO - Dag name:directory_and_file_verification_dag queued_at:2025-02-07 23:12:08.784802+00:00
[2025-02-07T23:12:15.365+0000] {logging_mixin.py:190} INFO - Task hostname:003b7fbea265 operator:BranchPythonOperator
[2025-02-07T23:12:15.407+0000] {local_task_job_runner.py:266} INFO - Task exited with return code 0
[2025-02-07T23:12:15.749+0000] {taskinstance.py:3895} INFO - 1 downstream tasks scheduled from follow-on schedule check
[2025-02-07T23:12:15.787+0000] {local_task_job_runner.py:245} INFO - ::endgroup::
