[2025-02-10T21:40:05.683+0000] {local_task_job_runner.py:123} INFO - ::group::Pre task execution logs
[2025-02-10T21:40:05.869+0000] {taskinstance.py:2613} INFO - Dependencies all met for dep_context=non-requeueable deps ti=<TaskInstance: IMPORTATION_ECRITURE_COMPTABLES_ARTICLE_dag.check_file_in_directory scheduled__2025-02-10T21:39:00+00:00 [queued]>
[2025-02-10T21:40:05.880+0000] {taskinstance.py:2613} INFO - Dependencies all met for dep_context=requeueable deps ti=<TaskInstance: IMPORTATION_ECRITURE_COMPTABLES_ARTICLE_dag.check_file_in_directory scheduled__2025-02-10T21:39:00+00:00 [queued]>
[2025-02-10T21:40:05.881+0000] {taskinstance.py:2866} INFO - Starting attempt 1 of 2
[2025-02-10T21:40:05.895+0000] {taskinstance.py:2889} INFO - Executing <Task(BranchPythonOperator): check_file_in_directory> on 2025-02-10 21:39:00+00:00
[2025-02-10T21:40:05.904+0000] {warnings.py:112} WARNING - /home/***/.local/lib/python3.12/site-packages/***/task/task_runner/standard_task_runner.py:70: DeprecationWarning: This process (pid=3264) is multi-threaded, use of fork() may lead to deadlocks in the child.
  pid = os.fork()

[2025-02-10T21:40:05.906+0000] {standard_task_runner.py:72} INFO - Started process 3266 to run task
[2025-02-10T21:40:05.906+0000] {standard_task_runner.py:104} INFO - Running: ['***', 'tasks', 'run', 'IMPORTATION_ECRITURE_COMPTABLES_ARTICLE_dag', 'check_file_in_directory', 'scheduled__2025-02-10T21:39:00+00:00', '--job-id', '1163', '--raw', '--subdir', 'DAGS_FOLDER/my_directory_and_file_checker.py', '--cfg-path', '/tmp/tmpuvoiv8ge']
[2025-02-10T21:40:05.908+0000] {standard_task_runner.py:105} INFO - Job 1163: Subtask check_file_in_directory
[2025-02-10T21:40:05.964+0000] {task_command.py:467} INFO - Running <TaskInstance: IMPORTATION_ECRITURE_COMPTABLES_ARTICLE_dag.check_file_in_directory scheduled__2025-02-10T21:39:00+00:00 [running]> on host b6443be51f35
[2025-02-10T21:40:06.082+0000] {taskinstance.py:3132} INFO - Exporting env vars: AIRFLOW_CTX_DAG_OWNER='***' AIRFLOW_CTX_DAG_ID='IMPORTATION_ECRITURE_COMPTABLES_ARTICLE_dag' AIRFLOW_CTX_TASK_ID='check_file_in_directory' AIRFLOW_CTX_EXECUTION_DATE='2025-02-10T21:39:00+00:00' AIRFLOW_CTX_TRY_NUMBER='1' AIRFLOW_CTX_DAG_RUN_ID='scheduled__2025-02-10T21:39:00+00:00'
[2025-02-10T21:40:06.084+0000] {logging_mixin.py:190} INFO - Task instance is in running state
[2025-02-10T21:40:06.085+0000] {logging_mixin.py:190} INFO -  Previous state of the Task instance: queued
[2025-02-10T21:40:06.086+0000] {logging_mixin.py:190} INFO - Current task name:check_file_in_directory state:running start_date:2025-02-10 21:40:05.870624+00:00
[2025-02-10T21:40:06.087+0000] {logging_mixin.py:190} INFO - Dag name:IMPORTATION_ECRITURE_COMPTABLES_ARTICLE_dag and current dag run status:running
[2025-02-10T21:40:06.088+0000] {taskinstance.py:731} INFO - ::endgroup::
[2025-02-10T21:40:06.089+0000] {baseoperator.py:421} WARNING - BranchPythonOperator.execute cannot be called outside TaskInstance!
[2025-02-10T21:40:06.090+0000] {logging_mixin.py:190} INFO - ca marche /opt/***/files/in ['.csv']
[2025-02-10T21:40:06.093+0000] {python.py:240} INFO - Done. Returned value was: verify_file_reliability
[2025-02-10T21:40:06.094+0000] {branch.py:38} INFO - Branch into verify_file_reliability
[2025-02-10T21:40:06.096+0000] {skipmixin.py:230} INFO - Following branch ('verify_file_reliability',)
[2025-02-10T21:40:06.109+0000] {skipmixin.py:278} INFO - Skipping tasks []
[2025-02-10T21:40:06.149+0000] {taskinstance.py:340} INFO - ::group::Post task execution logs
[2025-02-10T21:40:06.150+0000] {taskinstance.py:352} INFO - Marking task as SUCCESS. dag_id=IMPORTATION_ECRITURE_COMPTABLES_ARTICLE_dag, task_id=check_file_in_directory, run_id=scheduled__2025-02-10T21:39:00+00:00, execution_date=20250210T213900, start_date=20250210T214005, end_date=20250210T214006
[2025-02-10T21:40:06.163+0000] {logging_mixin.py:190} INFO - Task instance in success state
[2025-02-10T21:40:06.164+0000] {logging_mixin.py:190} INFO -  Previous state of the Task instance: running
[2025-02-10T21:40:06.165+0000] {logging_mixin.py:190} INFO - Dag name:IMPORTATION_ECRITURE_COMPTABLES_ARTICLE_dag queued_at:2025-02-10 21:40:00.770290+00:00
[2025-02-10T21:40:06.166+0000] {logging_mixin.py:190} INFO - Task hostname:b6443be51f35 operator:BranchPythonOperator
[2025-02-10T21:40:06.203+0000] {local_task_job_runner.py:266} INFO - Task exited with return code 0
[2025-02-10T21:40:06.236+0000] {taskinstance.py:3895} INFO - 1 downstream tasks scheduled from follow-on schedule check
[2025-02-10T21:40:06.241+0000] {local_task_job_runner.py:245} INFO - ::endgroup::
[2025-02-10T21:41:00.265+0000] {local_task_job_runner.py:123} INFO - ::group::Pre task execution logs
[2025-02-10T21:41:00.471+0000] {taskinstance.py:2613} INFO - Dependencies all met for dep_context=non-requeueable deps ti=<TaskInstance: IMPORTATION_ECRITURE_COMPTABLES_ARTICLE_dag.check_file_in_directory scheduled__2025-02-10T21:39:00+00:00 [queued]>
[2025-02-10T21:41:00.483+0000] {taskinstance.py:2613} INFO - Dependencies all met for dep_context=requeueable deps ti=<TaskInstance: IMPORTATION_ECRITURE_COMPTABLES_ARTICLE_dag.check_file_in_directory scheduled__2025-02-10T21:39:00+00:00 [queued]>
[2025-02-10T21:41:00.485+0000] {taskinstance.py:2866} INFO - Starting attempt 1 of 2
[2025-02-10T21:41:00.505+0000] {taskinstance.py:2889} INFO - Executing <Task(BranchPythonOperator): check_file_in_directory> on 2025-02-10 21:39:00+00:00
[2025-02-10T21:41:00.514+0000] {warnings.py:112} WARNING - /home/***/.local/lib/python3.12/site-packages/***/task/task_runner/standard_task_runner.py:70: DeprecationWarning: This process (pid=3295) is multi-threaded, use of fork() may lead to deadlocks in the child.
  pid = os.fork()

[2025-02-10T21:41:00.517+0000] {standard_task_runner.py:72} INFO - Started process 3297 to run task
[2025-02-10T21:41:00.516+0000] {standard_task_runner.py:104} INFO - Running: ['***', 'tasks', 'run', 'IMPORTATION_ECRITURE_COMPTABLES_ARTICLE_dag', 'check_file_in_directory', 'scheduled__2025-02-10T21:39:00+00:00', '--job-id', '1169', '--raw', '--subdir', 'DAGS_FOLDER/my_directory_and_file_checker.py', '--cfg-path', '/tmp/tmpbv_lmxib']
[2025-02-10T21:41:00.519+0000] {standard_task_runner.py:105} INFO - Job 1169: Subtask check_file_in_directory
[2025-02-10T21:41:00.604+0000] {task_command.py:467} INFO - Running <TaskInstance: IMPORTATION_ECRITURE_COMPTABLES_ARTICLE_dag.check_file_in_directory scheduled__2025-02-10T21:39:00+00:00 [running]> on host b6443be51f35
[2025-02-10T21:41:00.755+0000] {taskinstance.py:3132} INFO - Exporting env vars: AIRFLOW_CTX_DAG_OWNER='***' AIRFLOW_CTX_DAG_ID='IMPORTATION_ECRITURE_COMPTABLES_ARTICLE_dag' AIRFLOW_CTX_TASK_ID='check_file_in_directory' AIRFLOW_CTX_EXECUTION_DATE='2025-02-10T21:39:00+00:00' AIRFLOW_CTX_TRY_NUMBER='1' AIRFLOW_CTX_DAG_RUN_ID='scheduled__2025-02-10T21:39:00+00:00'
[2025-02-10T21:41:00.758+0000] {logging_mixin.py:190} INFO - Task instance is in running state
[2025-02-10T21:41:00.759+0000] {logging_mixin.py:190} INFO -  Previous state of the Task instance: queued
[2025-02-10T21:41:00.759+0000] {logging_mixin.py:190} INFO - Current task name:check_file_in_directory state:running start_date:2025-02-10 21:41:00.472329+00:00
[2025-02-10T21:41:00.760+0000] {logging_mixin.py:190} INFO - Dag name:IMPORTATION_ECRITURE_COMPTABLES_ARTICLE_dag and current dag run status:running
[2025-02-10T21:41:00.760+0000] {taskinstance.py:731} INFO - ::endgroup::
[2025-02-10T21:41:00.761+0000] {baseoperator.py:421} WARNING - BranchPythonOperator.execute cannot be called outside TaskInstance!
[2025-02-10T21:41:00.762+0000] {logging_mixin.py:190} INFO - ca marche /opt/***/files/in ['.csv']
[2025-02-10T21:41:00.765+0000] {python.py:240} INFO - Done. Returned value was: verify_file_reliability
[2025-02-10T21:41:00.765+0000] {branch.py:38} INFO - Branch into verify_file_reliability
[2025-02-10T21:41:00.766+0000] {skipmixin.py:230} INFO - Following branch ('verify_file_reliability',)
[2025-02-10T21:41:00.790+0000] {skipmixin.py:278} INFO - Skipping tasks []
[2025-02-10T21:41:00.828+0000] {taskinstance.py:340} INFO - ::group::Post task execution logs
[2025-02-10T21:41:00.829+0000] {taskinstance.py:352} INFO - Marking task as SUCCESS. dag_id=IMPORTATION_ECRITURE_COMPTABLES_ARTICLE_dag, task_id=check_file_in_directory, run_id=scheduled__2025-02-10T21:39:00+00:00, execution_date=20250210T213900, start_date=20250210T214100, end_date=20250210T214100
[2025-02-10T21:41:00.845+0000] {logging_mixin.py:190} INFO - Task instance in success state
[2025-02-10T21:41:00.846+0000] {logging_mixin.py:190} INFO -  Previous state of the Task instance: running
[2025-02-10T21:41:00.847+0000] {logging_mixin.py:190} INFO - Dag name:IMPORTATION_ECRITURE_COMPTABLES_ARTICLE_dag queued_at:2025-02-10 21:40:55.623422+00:00
[2025-02-10T21:41:00.847+0000] {logging_mixin.py:190} INFO - Task hostname:b6443be51f35 operator:BranchPythonOperator
[2025-02-10T21:41:00.894+0000] {local_task_job_runner.py:266} INFO - Task exited with return code 0
[2025-02-10T21:41:00.948+0000] {taskinstance.py:3895} INFO - 1 downstream tasks scheduled from follow-on schedule check
[2025-02-10T21:41:00.953+0000] {local_task_job_runner.py:245} INFO - ::endgroup::
