[2025-01-26T23:01:02.558+0000] {local_task_job_runner.py:123} INFO - ::group::Pre task execution logs
[2025-01-26T23:01:02.583+0000] {taskinstance.py:2613} INFO - Dependencies all met for dep_context=non-requeueable deps ti=<TaskInstance: excel_to_mysql_stock_capro.excel_to_mysql_stock_capro manual__2025-01-26T23:00:58.340632+00:00 [queued]>
[2025-01-26T23:01:02.598+0000] {taskinstance.py:2613} INFO - Dependencies all met for dep_context=requeueable deps ti=<TaskInstance: excel_to_mysql_stock_capro.excel_to_mysql_stock_capro manual__2025-01-26T23:00:58.340632+00:00 [queued]>
[2025-01-26T23:01:02.599+0000] {taskinstance.py:2866} INFO - Starting attempt 1 of 2
[2025-01-26T23:01:02.625+0000] {taskinstance.py:2889} INFO - Executing <Task(PythonOperator): excel_to_mysql_stock_capro> on 2025-01-26 23:00:58.340632+00:00
[2025-01-26T23:01:02.636+0000] {warnings.py:112} WARNING - /home/***/.local/lib/python3.12/site-packages/***/task/task_runner/standard_task_runner.py:70: DeprecationWarning: This process (pid=520) is multi-threaded, use of fork() may lead to deadlocks in the child.
  pid = os.fork()

[2025-01-26T23:01:02.639+0000] {standard_task_runner.py:72} INFO - Started process 522 to run task
[2025-01-26T23:01:02.639+0000] {standard_task_runner.py:104} INFO - Running: ['***', 'tasks', 'run', 'excel_to_mysql_stock_capro', 'excel_to_mysql_stock_capro', 'manual__2025-01-26T23:00:58.340632+00:00', '--job-id', '777', '--raw', '--subdir', 'DAGS_FOLDER/read_import_excel_file_database_mysql.py', '--cfg-path', '/tmp/tmpqfudaj6h']
[2025-01-26T23:01:02.641+0000] {standard_task_runner.py:105} INFO - Job 777: Subtask excel_to_mysql_stock_capro
[2025-01-26T23:01:03.137+0000] {task_command.py:467} INFO - Running <TaskInstance: excel_to_mysql_stock_capro.excel_to_mysql_stock_capro manual__2025-01-26T23:00:58.340632+00:00 [running]> on host 340d747f4248
[2025-01-26T23:01:03.270+0000] {taskinstance.py:3132} INFO - Exporting env vars: AIRFLOW_CTX_DAG_OWNER='***' AIRFLOW_CTX_DAG_ID='excel_to_mysql_stock_capro' AIRFLOW_CTX_TASK_ID='excel_to_mysql_stock_capro' AIRFLOW_CTX_EXECUTION_DATE='2025-01-26T23:00:58.340632+00:00' AIRFLOW_CTX_TRY_NUMBER='1' AIRFLOW_CTX_DAG_RUN_ID='manual__2025-01-26T23:00:58.340632+00:00'
[2025-01-26T23:01:03.272+0000] {logging_mixin.py:190} INFO - Task instance is in running state
[2025-01-26T23:01:03.273+0000] {logging_mixin.py:190} INFO -  Previous state of the Task instance: queued
[2025-01-26T23:01:03.277+0000] {logging_mixin.py:190} INFO - Current task name:excel_to_mysql_stock_capro state:running start_date:2025-01-26 23:01:02.585016+00:00
[2025-01-26T23:01:03.278+0000] {logging_mixin.py:190} INFO - Dag name:excel_to_mysql_stock_capro and current dag run status:running
[2025-01-26T23:01:03.279+0000] {taskinstance.py:731} INFO - ::endgroup::
[2025-01-26T23:01:03.280+0000] {logging_mixin.py:190} INFO - borisss C:\\Users\\HP\\Documents\\TextimportationPython\\files\log.txt
[2025-01-26T23:01:03.281+0000] {python.py:240} INFO - Done. Returned value was: None
[2025-01-26T23:01:03.297+0000] {taskinstance.py:340} INFO - ::group::Post task execution logs
[2025-01-26T23:01:03.298+0000] {taskinstance.py:352} INFO - Marking task as SUCCESS. dag_id=excel_to_mysql_stock_capro, task_id=excel_to_mysql_stock_capro, run_id=manual__2025-01-26T23:00:58.340632+00:00, execution_date=20250126T230058, start_date=20250126T230102, end_date=20250126T230103
[2025-01-26T23:01:03.316+0000] {logging_mixin.py:190} INFO - Task instance in success state
[2025-01-26T23:01:03.317+0000] {logging_mixin.py:190} INFO -  Previous state of the Task instance: running
[2025-01-26T23:01:03.318+0000] {logging_mixin.py:190} INFO - Dag name:excel_to_mysql_stock_capro queued_at:2025-01-26 23:00:58.386448+00:00
[2025-01-26T23:01:03.319+0000] {logging_mixin.py:190} INFO - Task hostname:340d747f4248 operator:PythonOperator
[2025-01-26T23:01:03.339+0000] {local_task_job_runner.py:266} INFO - Task exited with return code 0
[2025-01-26T23:01:03.611+0000] {taskinstance.py:3895} INFO - 0 downstream tasks scheduled from follow-on schedule check
[2025-01-26T23:01:03.615+0000] {local_task_job_runner.py:245} INFO - ::endgroup::
