[2025-02-10T15:58:07.556+0000] {local_task_job_runner.py:123} INFO - ::group::Pre task execution logs
[2025-02-10T15:58:07.702+0000] {taskinstance.py:2613} INFO - Dependencies all met for dep_context=non-requeueable deps ti=<TaskInstance: IMPORTATION_ECRITURE_COMPTABLES_ARTICLE_dag.verify_file_reliability scheduled__2025-02-10T15:57:00+00:00 [queued]>
[2025-02-10T15:58:07.713+0000] {taskinstance.py:2613} INFO - Dependencies all met for dep_context=requeueable deps ti=<TaskInstance: IMPORTATION_ECRITURE_COMPTABLES_ARTICLE_dag.verify_file_reliability scheduled__2025-02-10T15:57:00+00:00 [queued]>
[2025-02-10T15:58:07.714+0000] {taskinstance.py:2866} INFO - Starting attempt 1 of 2
[2025-02-10T15:58:07.728+0000] {taskinstance.py:2889} INFO - Executing <Task(BranchPythonOperator): verify_file_reliability> on 2025-02-10 15:57:00+00:00
[2025-02-10T15:58:07.737+0000] {warnings.py:112} WARNING - /home/***/.local/lib/python3.12/site-packages/***/task/task_runner/standard_task_runner.py:70: DeprecationWarning: This process (pid=7662) is multi-threaded, use of fork() may lead to deadlocks in the child.
  pid = os.fork()

[2025-02-10T15:58:07.739+0000] {standard_task_runner.py:72} INFO - Started process 7664 to run task
[2025-02-10T15:58:07.739+0000] {standard_task_runner.py:104} INFO - Running: ['***', 'tasks', 'run', 'IMPORTATION_ECRITURE_COMPTABLES_ARTICLE_dag', 'verify_file_reliability', 'scheduled__2025-02-10T15:57:00+00:00', '--job-id', '467', '--raw', '--subdir', 'DAGS_FOLDER/my_directory_and_file_checker.py', '--cfg-path', '/tmp/tmp_4mozql7']
[2025-02-10T15:58:07.740+0000] {standard_task_runner.py:105} INFO - Job 467: Subtask verify_file_reliability
[2025-02-10T15:58:07.793+0000] {task_command.py:467} INFO - Running <TaskInstance: IMPORTATION_ECRITURE_COMPTABLES_ARTICLE_dag.verify_file_reliability scheduled__2025-02-10T15:57:00+00:00 [running]> on host b6443be51f35
[2025-02-10T15:58:07.926+0000] {taskinstance.py:3132} INFO - Exporting env vars: AIRFLOW_CTX_DAG_OWNER='***' AIRFLOW_CTX_DAG_ID='IMPORTATION_ECRITURE_COMPTABLES_ARTICLE_dag' AIRFLOW_CTX_TASK_ID='verify_file_reliability' AIRFLOW_CTX_EXECUTION_DATE='2025-02-10T15:57:00+00:00' AIRFLOW_CTX_TRY_NUMBER='1' AIRFLOW_CTX_DAG_RUN_ID='scheduled__2025-02-10T15:57:00+00:00'
[2025-02-10T15:58:07.928+0000] {logging_mixin.py:190} INFO - Task instance is in running state
[2025-02-10T15:58:07.930+0000] {logging_mixin.py:190} INFO -  Previous state of the Task instance: queued
[2025-02-10T15:58:07.930+0000] {logging_mixin.py:190} INFO - Current task name:verify_file_reliability state:running start_date:2025-02-10 15:58:07.703139+00:00
[2025-02-10T15:58:07.931+0000] {logging_mixin.py:190} INFO - Dag name:IMPORTATION_ECRITURE_COMPTABLES_ARTICLE_dag and current dag run status:running
[2025-02-10T15:58:07.931+0000] {taskinstance.py:731} INFO - ::endgroup::
[2025-02-10T15:58:07.932+0000] {baseoperator.py:421} WARNING - BranchPythonOperator.execute cannot be called outside TaskInstance!
[2025-02-10T15:58:07.933+0000] {logging_mixin.py:190} INFO - camarche22 /opt/***/files/in ['.csv'] ['utf-8', 'ISO-8859-1', 'Windows-1252']
[2025-02-10T15:58:07.943+0000] {my_directory_and_file_checker.py:241} ERROR - ❌ Erreur d'encodage (utf-8) pour Écritures comptables article (10).csv: 'utf-8' codec can't decode byte 0xb0 in position 1: invalid start byte
[2025-02-10T15:58:07.977+0000] {logging_mixin.py:190} INFO - 
📂 Contenu du fichier (ISO-8859-1): Écritures comptables article (10).csv
[2025-02-10T15:58:07.988+0000] {logging_mixin.py:190} INFO -   Date comptabilisation      N° lot Type écriture N° document  N° séquence
0            16/12/2024         NaN         Vente   BL1900145        15735
1            16/12/2024         NaN         Vente      107012        15734
2            11/01/2025  16LABCDE24    Production   RPO000460        15733
3            11/01/2025  16LABCDE24    Production   RPO000460        15732
4            11/01/2025  16LABCDE24    Production   RPO000460        15731
[2025-02-10T15:58:09.132+0000] {logging_mixin.py:190} INFO - ✅Lignes  ('✅ Le fichier respecte les colonnes attendues et les types de données.', True) 10923
[2025-02-10T15:58:09.136+0000] {logging_mixin.py:190} INFO - merci
[2025-02-10T15:58:09.145+0000] {base.py:84} INFO - Retrieving connection 'mysql_conn'
[2025-02-10T15:58:09.158+0000] {logging_mixin.py:190} INFO - (('attendancedb',), ('caprostockdb',), ('information_schema',), ('mysql',), ('netvision_db',), ('performance_schema',), ('pointing_db',), ('posgpt_db',), ('pythondb',), ('sys',), ('testimportdb',))
[2025-02-10T15:58:09.202+0000] {logging_mixin.py:190} INFO - ⚠️ Données supprimées avant insertion.
[2025-02-10T15:58:09.859+0000] {sql.py:691} INFO - Loaded 1000 rows into temp_ecc so far
[2025-02-10T15:58:10.632+0000] {sql.py:691} INFO - Loaded 2000 rows into temp_ecc so far
[2025-02-10T15:58:11.307+0000] {sql.py:691} INFO - Loaded 3000 rows into temp_ecc so far
[2025-02-10T15:58:12.007+0000] {sql.py:691} INFO - Loaded 4000 rows into temp_ecc so far
[2025-02-10T15:58:12.944+0000] {sql.py:691} INFO - Loaded 5000 rows into temp_ecc so far
[2025-02-10T15:58:13.759+0000] {sql.py:691} INFO - Loaded 6000 rows into temp_ecc so far
[2025-02-10T15:58:14.576+0000] {sql.py:691} INFO - Loaded 7000 rows into temp_ecc so far
[2025-02-10T15:58:15.198+0000] {sql.py:691} INFO - Loaded 8000 rows into temp_ecc so far
[2025-02-10T15:58:15.907+0000] {sql.py:691} INFO - Loaded 9000 rows into temp_ecc so far
[2025-02-10T15:58:16.577+0000] {sql.py:691} INFO - Loaded 10000 rows into temp_ecc so far
[2025-02-10T15:58:17.338+0000] {sql.py:694} INFO - Done loading. Loaded a total of 10923 rows into temp_ecc
[2025-02-10T15:58:17.340+0000] {logging_mixin.py:190} INFO - connexion sql reussie True
[2025-02-10T15:58:17.372+0000] {logging_mixin.py:190} INFO - ❌ Erreur lors du déplacement du fichier : [Errno 13] Permission denied: '/opt/***/files/in/Écritures comptables article (10).csv'
[2025-02-10T15:58:17.378+0000] {python.py:240} INFO - Done. Returned value was: import_temp_ecc_to_ecc
[2025-02-10T15:58:17.378+0000] {branch.py:38} INFO - Branch into import_temp_ecc_to_ecc
[2025-02-10T15:58:17.379+0000] {skipmixin.py:230} INFO - Following branch ('import_temp_ecc_to_ecc',)
[2025-02-10T15:58:17.394+0000] {skipmixin.py:278} INFO - Skipping tasks []
[2025-02-10T15:58:17.436+0000] {taskinstance.py:340} INFO - ::group::Post task execution logs
[2025-02-10T15:58:17.437+0000] {taskinstance.py:352} INFO - Marking task as SUCCESS. dag_id=IMPORTATION_ECRITURE_COMPTABLES_ARTICLE_dag, task_id=verify_file_reliability, run_id=scheduled__2025-02-10T15:57:00+00:00, execution_date=20250210T155700, start_date=20250210T155807, end_date=20250210T155817
[2025-02-10T15:58:17.452+0000] {logging_mixin.py:190} INFO - Task instance in success state
[2025-02-10T15:58:17.452+0000] {logging_mixin.py:190} INFO -  Previous state of the Task instance: running
[2025-02-10T15:58:17.453+0000] {logging_mixin.py:190} INFO - Dag name:IMPORTATION_ECRITURE_COMPTABLES_ARTICLE_dag queued_at:2025-02-10 15:58:00.266432+00:00
[2025-02-10T15:58:17.454+0000] {logging_mixin.py:190} INFO - Task hostname:b6443be51f35 operator:BranchPythonOperator
[2025-02-10T15:58:17.506+0000] {local_task_job_runner.py:266} INFO - Task exited with return code 0
[2025-02-10T15:58:17.541+0000] {taskinstance.py:3895} INFO - 1 downstream tasks scheduled from follow-on schedule check
[2025-02-10T15:58:17.544+0000] {local_task_job_runner.py:245} INFO - ::endgroup::
