[2025-02-02T11:25:10.319+0000] {local_task_job_runner.py:123} INFO - ::group::Pre task execution logs
[2025-02-02T11:25:10.338+0000] {taskinstance.py:2613} INFO - Dependencies all met for dep_context=non-requeueable deps ti=<TaskInstance: directory_and_file_verification_dag.check_file_in_directory manual__2025-02-02T11:25:06.160360+00:00 [queued]>
[2025-02-02T11:25:10.347+0000] {taskinstance.py:2613} INFO - Dependencies all met for dep_context=requeueable deps ti=<TaskInstance: directory_and_file_verification_dag.check_file_in_directory manual__2025-02-02T11:25:06.160360+00:00 [queued]>
[2025-02-02T11:25:10.348+0000] {taskinstance.py:2866} INFO - Starting attempt 1 of 1
[2025-02-02T11:25:10.363+0000] {taskinstance.py:2889} INFO - Executing <Task(BranchPythonOperator): check_file_in_directory> on 2025-02-02 11:25:06.160360+00:00
[2025-02-02T11:25:10.369+0000] {warnings.py:112} WARNING - /home/***/.local/lib/python3.12/site-packages/***/task/task_runner/standard_task_runner.py:70: DeprecationWarning: This process (pid=1488) is multi-threaded, use of fork() may lead to deadlocks in the child.
  pid = os.fork()

[2025-02-02T11:25:10.371+0000] {standard_task_runner.py:72} INFO - Started process 1490 to run task
[2025-02-02T11:25:10.371+0000] {standard_task_runner.py:104} INFO - Running: ['***', 'tasks', 'run', 'directory_and_file_verification_dag', 'check_file_in_directory', 'manual__2025-02-02T11:25:06.160360+00:00', '--job-id', '91', '--raw', '--subdir', 'DAGS_FOLDER/my_directory_and_file_checker.py', '--cfg-path', '/tmp/tmp1jdfjpaa']
[2025-02-02T11:25:10.372+0000] {standard_task_runner.py:105} INFO - Job 91: Subtask check_file_in_directory
[2025-02-02T11:25:10.612+0000] {task_command.py:467} INFO - Running <TaskInstance: directory_and_file_verification_dag.check_file_in_directory manual__2025-02-02T11:25:06.160360+00:00 [running]> on host 003b7fbea265
[2025-02-02T11:25:10.680+0000] {taskinstance.py:3132} INFO - Exporting env vars: AIRFLOW_CTX_DAG_OWNER='***' AIRFLOW_CTX_DAG_ID='directory_and_file_verification_dag' AIRFLOW_CTX_TASK_ID='check_file_in_directory' AIRFLOW_CTX_EXECUTION_DATE='2025-02-02T11:25:06.160360+00:00' AIRFLOW_CTX_TRY_NUMBER='1' AIRFLOW_CTX_DAG_RUN_ID='manual__2025-02-02T11:25:06.160360+00:00'
[2025-02-02T11:25:10.681+0000] {logging_mixin.py:190} INFO - Task instance is in running state
[2025-02-02T11:25:10.682+0000] {logging_mixin.py:190} INFO -  Previous state of the Task instance: queued
[2025-02-02T11:25:10.683+0000] {logging_mixin.py:190} INFO - Current task name:check_file_in_directory state:running start_date:2025-02-02 11:25:10.339429+00:00
[2025-02-02T11:25:10.683+0000] {logging_mixin.py:190} INFO - Dag name:directory_and_file_verification_dag and current dag run status:running
[2025-02-02T11:25:10.684+0000] {taskinstance.py:731} INFO - ::endgroup::
[2025-02-02T11:25:10.685+0000] {baseoperator.py:421} WARNING - BranchPythonOperator.execute cannot be called outside TaskInstance!
[2025-02-02T11:25:10.687+0000] {python.py:240} INFO - Done. Returned value was: read_files
[2025-02-02T11:25:10.688+0000] {branch.py:38} INFO - Branch into read_files
[2025-02-02T11:25:10.689+0000] {skipmixin.py:230} INFO - Following branch ('read_files',)
[2025-02-02T11:25:10.702+0000] {skipmixin.py:278} INFO - Skipping tasks []
[2025-02-02T11:25:10.761+0000] {taskinstance.py:340} INFO - ::group::Post task execution logs
[2025-02-02T11:25:10.761+0000] {taskinstance.py:352} INFO - Marking task as SUCCESS. dag_id=directory_and_file_verification_dag, task_id=check_file_in_directory, run_id=manual__2025-02-02T11:25:06.160360+00:00, execution_date=20250202T112506, start_date=20250202T112510, end_date=20250202T112510
[2025-02-02T11:25:10.772+0000] {logging_mixin.py:190} INFO - Task instance in success state
[2025-02-02T11:25:10.773+0000] {logging_mixin.py:190} INFO -  Previous state of the Task instance: running
[2025-02-02T11:25:10.774+0000] {logging_mixin.py:190} INFO - Dag name:directory_and_file_verification_dag queued_at:2025-02-02 11:25:06.170041+00:00
[2025-02-02T11:25:10.774+0000] {logging_mixin.py:190} INFO - Task hostname:003b7fbea265 operator:BranchPythonOperator
[2025-02-02T11:25:10.787+0000] {local_task_job_runner.py:266} INFO - Task exited with return code 0
[2025-02-02T11:25:10.931+0000] {taskinstance.py:3895} INFO - 1 downstream tasks scheduled from follow-on schedule check
[2025-02-02T11:25:10.934+0000] {local_task_job_runner.py:245} INFO - ::endgroup::
