[2025-02-10T01:15:00.303+0000] {local_task_job_runner.py:123} INFO - ::group::Pre task execution logs
[2025-02-10T01:15:00.324+0000] {taskinstance.py:2613} INFO - Dependencies all met for dep_context=non-requeueable deps ti=<TaskInstance: directory_and_file_verification_dag.check_directory manual__2025-02-10T01:14:58.723293+00:00 [queued]>
[2025-02-10T01:15:00.333+0000] {taskinstance.py:2613} INFO - Dependencies all met for dep_context=requeueable deps ti=<TaskInstance: directory_and_file_verification_dag.check_directory manual__2025-02-10T01:14:58.723293+00:00 [queued]>
[2025-02-10T01:15:00.334+0000] {taskinstance.py:2866} INFO - Starting attempt 1 of 1
[2025-02-10T01:15:00.346+0000] {taskinstance.py:2889} INFO - Executing <Task(BranchPythonOperator): check_directory> on 2025-02-10 01:14:58.723293+00:00
[2025-02-10T01:15:00.351+0000] {warnings.py:112} WARNING - /home/***/.local/lib/python3.12/site-packages/***/task/task_runner/standard_task_runner.py:70: DeprecationWarning: This process (pid=1208) is multi-threaded, use of fork() may lead to deadlocks in the child.
  pid = os.fork()

[2025-02-10T01:15:00.353+0000] {standard_task_runner.py:72} INFO - Started process 1210 to run task
[2025-02-10T01:15:00.353+0000] {standard_task_runner.py:104} INFO - Running: ['***', 'tasks', 'run', 'directory_and_file_verification_dag', 'check_directory', 'manual__2025-02-10T01:14:58.723293+00:00', '--job-id', '205', '--raw', '--subdir', 'DAGS_FOLDER/my_directory_and_file_checker.py', '--cfg-path', '/tmp/tmpz1srtd3u']
[2025-02-10T01:15:00.354+0000] {standard_task_runner.py:105} INFO - Job 205: Subtask check_directory
[2025-02-10T01:15:00.401+0000] {task_command.py:467} INFO - Running <TaskInstance: directory_and_file_verification_dag.check_directory manual__2025-02-10T01:14:58.723293+00:00 [running]> on host b6443be51f35
[2025-02-10T01:15:00.472+0000] {taskinstance.py:3132} INFO - Exporting env vars: AIRFLOW_CTX_DAG_OWNER='***' AIRFLOW_CTX_DAG_ID='directory_and_file_verification_dag' AIRFLOW_CTX_TASK_ID='check_directory' AIRFLOW_CTX_EXECUTION_DATE='2025-02-10T01:14:58.723293+00:00' AIRFLOW_CTX_TRY_NUMBER='1' AIRFLOW_CTX_DAG_RUN_ID='manual__2025-02-10T01:14:58.723293+00:00'
[2025-02-10T01:15:00.474+0000] {logging_mixin.py:190} INFO - Task instance is in running state
[2025-02-10T01:15:00.475+0000] {logging_mixin.py:190} INFO -  Previous state of the Task instance: queued
[2025-02-10T01:15:00.475+0000] {logging_mixin.py:190} INFO - Current task name:check_directory state:running start_date:2025-02-10 01:15:00.325597+00:00
[2025-02-10T01:15:00.476+0000] {logging_mixin.py:190} INFO - Dag name:directory_and_file_verification_dag and current dag run status:running
[2025-02-10T01:15:00.477+0000] {taskinstance.py:731} INFO - ::endgroup::
[2025-02-10T01:15:00.478+0000] {baseoperator.py:421} WARNING - BranchPythonOperator.execute cannot be called outside TaskInstance!
[2025-02-10T01:15:00.479+0000] {python.py:240} INFO - Done. Returned value was: check_file_in_directory
[2025-02-10T01:15:00.480+0000] {branch.py:38} INFO - Branch into check_file_in_directory
[2025-02-10T01:15:00.481+0000] {skipmixin.py:230} INFO - Following branch ('check_file_in_directory',)
[2025-02-10T01:15:00.666+0000] {skipmixin.py:278} INFO - Skipping tasks []
[2025-02-10T01:15:00.689+0000] {taskinstance.py:340} INFO - ::group::Post task execution logs
[2025-02-10T01:15:00.690+0000] {taskinstance.py:352} INFO - Marking task as SUCCESS. dag_id=directory_and_file_verification_dag, task_id=check_directory, run_id=manual__2025-02-10T01:14:58.723293+00:00, execution_date=20250210T011458, start_date=20250210T011500, end_date=20250210T011500
[2025-02-10T01:15:00.698+0000] {logging_mixin.py:190} INFO - Task instance in success state
[2025-02-10T01:15:00.699+0000] {logging_mixin.py:190} INFO -  Previous state of the Task instance: running
[2025-02-10T01:15:00.700+0000] {logging_mixin.py:190} INFO - Dag name:directory_and_file_verification_dag queued_at:2025-02-10 01:14:58.730468+00:00
[2025-02-10T01:15:00.700+0000] {logging_mixin.py:190} INFO - Task hostname:b6443be51f35 operator:BranchPythonOperator
[2025-02-10T01:15:00.729+0000] {local_task_job_runner.py:266} INFO - Task exited with return code 0
[2025-02-10T01:15:00.753+0000] {taskinstance.py:3895} INFO - 0 downstream tasks scheduled from follow-on schedule check
[2025-02-10T01:15:00.755+0000] {local_task_job_runner.py:245} INFO - ::endgroup::
