[2025-02-11T00:55:07.505+0000] {local_task_job_runner.py:123} INFO - ::group::Pre task execution logs
[2025-02-11T00:55:07.632+0000] {taskinstance.py:2613} INFO - Dependencies all met for dep_context=non-requeueable deps ti=<TaskInstance: IMPORTATION_ECRITURE_COMPTABLES_ARTICLE_dag.verify_file_reliability scheduled__2025-02-11T00:54:00+00:00 [queued]>
[2025-02-11T00:55:07.646+0000] {taskinstance.py:2613} INFO - Dependencies all met for dep_context=requeueable deps ti=<TaskInstance: IMPORTATION_ECRITURE_COMPTABLES_ARTICLE_dag.verify_file_reliability scheduled__2025-02-11T00:54:00+00:00 [queued]>
[2025-02-11T00:55:07.648+0000] {taskinstance.py:2866} INFO - Starting attempt 1 of 2
[2025-02-11T00:55:07.664+0000] {taskinstance.py:2889} INFO - Executing <Task(BranchPythonOperator): verify_file_reliability> on 2025-02-11 00:54:00+00:00
[2025-02-11T00:55:07.674+0000] {warnings.py:112} WARNING - /home/***/.local/lib/python3.12/site-packages/***/task/task_runner/standard_task_runner.py:70: DeprecationWarning: This process (pid=4389) is multi-threaded, use of fork() may lead to deadlocks in the child.
  pid = os.fork()

[2025-02-11T00:55:07.677+0000] {standard_task_runner.py:72} INFO - Started process 4391 to run task
[2025-02-11T00:55:07.677+0000] {standard_task_runner.py:104} INFO - Running: ['***', 'tasks', 'run', 'IMPORTATION_ECRITURE_COMPTABLES_ARTICLE_dag', 'verify_file_reliability', 'scheduled__2025-02-11T00:54:00+00:00', '--job-id', '1817', '--raw', '--subdir', 'DAGS_FOLDER/my_directory_and_file_checker.py', '--cfg-path', '/tmp/tmp8zdsfk9o']
[2025-02-11T00:55:07.678+0000] {standard_task_runner.py:105} INFO - Job 1817: Subtask verify_file_reliability
[2025-02-11T00:55:07.725+0000] {task_command.py:467} INFO - Running <TaskInstance: IMPORTATION_ECRITURE_COMPTABLES_ARTICLE_dag.verify_file_reliability scheduled__2025-02-11T00:54:00+00:00 [running]> on host b6443be51f35
[2025-02-11T00:55:07.835+0000] {taskinstance.py:3132} INFO - Exporting env vars: AIRFLOW_CTX_DAG_OWNER='***' AIRFLOW_CTX_DAG_ID='IMPORTATION_ECRITURE_COMPTABLES_ARTICLE_dag' AIRFLOW_CTX_TASK_ID='verify_file_reliability' AIRFLOW_CTX_EXECUTION_DATE='2025-02-11T00:54:00+00:00' AIRFLOW_CTX_TRY_NUMBER='1' AIRFLOW_CTX_DAG_RUN_ID='scheduled__2025-02-11T00:54:00+00:00'
[2025-02-11T00:55:07.837+0000] {logging_mixin.py:190} INFO - Task instance is in running state
[2025-02-11T00:55:07.837+0000] {logging_mixin.py:190} INFO -  Previous state of the Task instance: queued
[2025-02-11T00:55:07.838+0000] {logging_mixin.py:190} INFO - Current task name:verify_file_reliability state:running start_date:2025-02-11 00:55:07.633321+00:00
[2025-02-11T00:55:07.839+0000] {logging_mixin.py:190} INFO - Dag name:IMPORTATION_ECRITURE_COMPTABLES_ARTICLE_dag and current dag run status:running
[2025-02-11T00:55:07.839+0000] {taskinstance.py:731} INFO - ::endgroup::
[2025-02-11T00:55:07.840+0000] {baseoperator.py:421} WARNING - BranchPythonOperator.execute cannot be called outside TaskInstance!
[2025-02-11T00:55:07.841+0000] {logging_mixin.py:190} INFO - camarche22 /opt/***/files/in ['.csv'] ['utf-8', 'ISO-8859-1', 'Windows-1252'] {'accounting_date': <class 'datetime.date'>, 'lot_number': <class 'str'>, 'type_ecriture': <class 'str'>, 'type_document': <class 'str'>, 'document_number': <class 'str'>, 'article_number': <class 'str'>, 'variant_code': <class 'str'>, 'description': <class 'str'>, 'package_number': <class 'str'>, 'store_code': <class 'str'>, 'unit_code': <class 'str'>, 'created_by': <class 'str'>, 'quantity': <class 'float'>, 'quantity_in_sac': <class 'float'>, 'quantity_invoiced': <class 'float'>, 'remaining_quantity': <class 'str'>, 'quantity_reserved': <class 'float'>, 'lettering_writing': <class 'float'>, 'sales_amount_actual': <class 'float'>, 'total_cost_actual': <class 'float'>, 'total_cost_not_included': <class 'float'>, 'is_open': <class 'str'>, 'order_type': <class 'str'>, 'created_at': <class 'datetime.datetime'>, 'sequence_number': <class 'int'>, 'kor_by_reception': <class 'float'>, 'kor_input': <class 'float'>} {'Date comptabilisation': 'accounting_date', 'N° lot': 'lot_number', 'Type écriture': 'type_ecriture', 'Type document': 'type_document', 'N° document': 'document_number', 'N° article': 'article_number', 'Code variante': 'variant_code', 'Description': 'description', 'N° Package': 'package_number', 'Code magasin': 'store_code', 'Code unité': 'unit_code', 'Créé par': 'created_by', 'Quantité': 'quantity', 'Quantite en sac': 'quantity_in_sac', 'Quantité facturée': 'quantity_invoiced', 'Quantité restante': 'remaining_quantity', 'Quantité réservée': 'quantity_reserved', 'Ecriture lettrage': 'lettering_writing', 'Montant vente (réel)': 'sales_amount_actual', 'Coût total (réel)': 'total_cost_actual', 'Coût total (non incorp.)': 'total_cost_not_included', 'Ouvert': 'is_open', 'Type de commande': 'order_type', 'Créé à': 'created_at', 'N° séquence': 'sequence_number', 'KOR par Réception': 'kor_by_reception', 'KOR INPUT': 'kor_input'}
[2025-02-11T00:55:07.908+0000] {logging_mixin.py:190} INFO - 
📂 Contenu du fichier (utf-8): Écritures comptables article (11).csv
[2025-02-11T00:55:07.970+0000] {logging_mixin.py:190} INFO -   Date comptabilisation      N° lot  ... KOR par Réception KOR INPUT
0            24/01/2025  26LABCDE24  ...                 0         0
1            24/01/2025  26LABCDE24  ...                 0         0
2            24/01/2025  26LABCDE24  ...                 0         0
3            24/01/2025  26LABCDE24  ...                 0         0
4            24/01/2025  26LABCDE24  ...                 0         0

[5 rows x 27 columns]
[2025-02-11T00:55:07.972+0000] {logging_mixin.py:190} INFO - expected_columns20202 : ['accounting_date', 'lot_number', 'type_ecriture', 'type_document', 'document_number', 'article_number', 'variant_code', 'description', 'package_number', 'store_code', 'unit_code', 'created_by', 'quantity', 'quantity_in_sac', 'quantity_invoiced', 'remaining_quantity', 'quantity_reserved', 'lettering_writing', 'sales_amount_actual', 'total_cost_actual', 'total_cost_not_included', 'is_open', 'order_type', 'created_at', 'sequence_number', 'kor_by_reception', 'kor_input']
[2025-02-11T00:55:07.974+0000] {logging_mixin.py:190} INFO - renamed_columns2022 : {'Date comptabilisation': 'accounting_date', 'N° lot': 'lot_number', 'Type écriture': 'type_ecriture', 'Type document': 'type_document', 'N° document': 'document_number', 'N° article': 'article_number', 'Code variante': 'variant_code', 'Description': 'description', 'N° Package': 'package_number', 'Code magasin': 'store_code', 'Code unité': 'unit_code', 'Créé par': 'created_by', 'Quantité': 'quantity', 'Quantite en sac': 'quantity_in_sac', 'Quantité facturée': 'quantity_invoiced', 'Quantité restante': 'remaining_quantity', 'Quantité réservée': 'quantity_reserved', 'Ecriture lettrage': 'lettering_writing', 'Montant vente (réel)': 'sales_amount_actual', 'Coût total (réel)': 'total_cost_actual', 'Coût total (non incorp.)': 'total_cost_not_included', 'Ouvert': 'is_open', 'Type de commande': 'order_type', 'Créé à': 'created_at', 'N° séquence': 'sequence_number', 'KOR par Réception': 'kor_by_reception', 'KOR INPUT': 'kor_input'}
[2025-02-11T00:55:08.511+0000] {logging_mixin.py:190} INFO - ✅Lignes  ('✅ Le fichier respecte les colonnes attendues et les types de données.', True) 4915
[2025-02-11T00:55:08.516+0000] {logging_mixin.py:190} INFO - merci
[2025-02-11T00:55:08.525+0000] {base.py:84} INFO - Retrieving connection 'mysql_conn'
[2025-02-11T00:55:08.540+0000] {logging_mixin.py:190} INFO - (('attendancedb',), ('caprostockdb',), ('information_schema',), ('mysql',), ('netvision_db',), ('performance_schema',), ('pointing_db',), ('posgpt_db',), ('pythondb',), ('sys',), ('testimportdb',))
[2025-02-11T00:55:08.595+0000] {logging_mixin.py:190} INFO - ⚠️ Données avant insertion : accounting_date            object
lot_number                 object
type_ecriture              object
type_document              object
document_number            object
article_number             object
variant_code               object
description                object
package_number             object
store_code                 object
unit_code                  object
created_by                 object
quantity                   object
quantity_in_sac             int64
quantity_invoiced          object
remaining_quantity         object
quantity_reserved           int64
lettering_writing           int64
sales_amount_actual         int64
total_cost_actual           int64
total_cost_not_included     int64
is_open                    object
order_type                 object
created_at                 object
sequence_number             int64
kor_by_reception            int64
kor_input                   int64
dtype: object
[2025-02-11T00:55:08.627+0000] {logging_mixin.py:190} INFO - Aperçu des données :   accounting_date  lot_number  ... kor_by_reception kor_input
0      2025-01-24  26LABCDE24  ...                0         0
1      2025-01-24  26LABCDE24  ...                0         0
2      2025-01-24  26LABCDE24  ...                0         0
3      2025-01-24  26LABCDE24  ...                0         0
4      2025-01-24  26LABCDE24  ...                0         0

[5 rows x 27 columns]
[2025-02-11T00:55:08.650+0000] {logging_mixin.py:190} INFO - ⚠️ Données supprimées avant insertion.
[2025-02-11T00:55:09.345+0000] {sql.py:691} INFO - Loaded 1000 rows into temp_ecc so far
[2025-02-11T00:55:09.950+0000] {sql.py:691} INFO - Loaded 2000 rows into temp_ecc so far
[2025-02-11T00:55:10.639+0000] {sql.py:691} INFO - Loaded 3000 rows into temp_ecc so far
[2025-02-11T00:55:11.285+0000] {sql.py:691} INFO - Loaded 4000 rows into temp_ecc so far
[2025-02-11T00:55:11.948+0000] {sql.py:694} INFO - Done loading. Loaded a total of 4915 rows into temp_ecc
[2025-02-11T00:55:11.949+0000] {logging_mixin.py:190} INFO - ✅ Insertion réussie !
[2025-02-11T00:55:11.950+0000] {logging_mixin.py:190} INFO - connexion sql echoue
[2025-02-11T00:55:11.992+0000] {logging_mixin.py:190} INFO - ❌ Erreur lors du déplacement du fichier : [Errno 13] Permission denied: '/opt/***/files/in/Écritures comptables article (11).csv'
[2025-02-11T00:55:11.995+0000] {python.py:240} INFO - Done. Returned value was: None
[2025-02-11T00:55:11.996+0000] {branch.py:38} INFO - Branch into None
[2025-02-11T00:55:11.997+0000] {skipmixin.py:230} INFO - Following branch ()
[2025-02-11T00:55:12.008+0000] {skipmixin.py:278} INFO - Skipping tasks [('end', -1), ('import_temp_ecc_to_ecc', -1)]
[2025-02-11T00:55:12.031+0000] {taskinstance.py:340} INFO - ::group::Post task execution logs
[2025-02-11T00:55:12.032+0000] {taskinstance.py:352} INFO - Marking task as SUCCESS. dag_id=IMPORTATION_ECRITURE_COMPTABLES_ARTICLE_dag, task_id=verify_file_reliability, run_id=scheduled__2025-02-11T00:54:00+00:00, execution_date=20250211T005400, start_date=20250211T005507, end_date=20250211T005512
[2025-02-11T00:55:12.044+0000] {logging_mixin.py:190} INFO - Task instance in success state
[2025-02-11T00:55:12.044+0000] {logging_mixin.py:190} INFO -  Previous state of the Task instance: running
[2025-02-11T00:55:12.045+0000] {logging_mixin.py:190} INFO - Dag name:IMPORTATION_ECRITURE_COMPTABLES_ARTICLE_dag queued_at:2025-02-11 00:55:00.236626+00:00
[2025-02-11T00:55:12.046+0000] {logging_mixin.py:190} INFO - Task hostname:b6443be51f35 operator:BranchPythonOperator
[2025-02-11T00:55:12.066+0000] {local_task_job_runner.py:266} INFO - Task exited with return code 0
[2025-02-11T00:55:12.084+0000] {taskinstance.py:3895} INFO - 0 downstream tasks scheduled from follow-on schedule check
[2025-02-11T00:55:12.088+0000] {local_task_job_runner.py:245} INFO - ::endgroup::
[2025-02-11T00:56:04.341+0000] {local_task_job_runner.py:123} INFO - ::group::Pre task execution logs
[2025-02-11T00:56:04.591+0000] {taskinstance.py:2613} INFO - Dependencies all met for dep_context=non-requeueable deps ti=<TaskInstance: IMPORTATION_ECRITURE_COMPTABLES_ARTICLE_dag.verify_file_reliability scheduled__2025-02-11T00:54:00+00:00 [queued]>
[2025-02-11T00:56:04.605+0000] {taskinstance.py:2613} INFO - Dependencies all met for dep_context=requeueable deps ti=<TaskInstance: IMPORTATION_ECRITURE_COMPTABLES_ARTICLE_dag.verify_file_reliability scheduled__2025-02-11T00:54:00+00:00 [queued]>
[2025-02-11T00:56:04.606+0000] {taskinstance.py:2866} INFO - Starting attempt 1 of 2
[2025-02-11T00:56:04.623+0000] {taskinstance.py:2889} INFO - Executing <Task(BranchPythonOperator): verify_file_reliability> on 2025-02-11 00:54:00+00:00
[2025-02-11T00:56:04.631+0000] {warnings.py:112} WARNING - /home/***/.local/lib/python3.12/site-packages/***/task/task_runner/standard_task_runner.py:70: DeprecationWarning: This process (pid=4429) is multi-threaded, use of fork() may lead to deadlocks in the child.
  pid = os.fork()

[2025-02-11T00:56:04.634+0000] {standard_task_runner.py:72} INFO - Started process 4435 to run task
[2025-02-11T00:56:04.634+0000] {standard_task_runner.py:104} INFO - Running: ['***', 'tasks', 'run', 'IMPORTATION_ECRITURE_COMPTABLES_ARTICLE_dag', 'verify_file_reliability', 'scheduled__2025-02-11T00:54:00+00:00', '--job-id', '1824', '--raw', '--subdir', 'DAGS_FOLDER/my_directory_and_file_checker.py', '--cfg-path', '/tmp/tmplf5yewwd']
[2025-02-11T00:56:04.636+0000] {standard_task_runner.py:105} INFO - Job 1824: Subtask verify_file_reliability
[2025-02-11T00:56:04.695+0000] {task_command.py:467} INFO - Running <TaskInstance: IMPORTATION_ECRITURE_COMPTABLES_ARTICLE_dag.verify_file_reliability scheduled__2025-02-11T00:54:00+00:00 [running]> on host b6443be51f35
[2025-02-11T00:56:04.821+0000] {taskinstance.py:3132} INFO - Exporting env vars: AIRFLOW_CTX_DAG_OWNER='***' AIRFLOW_CTX_DAG_ID='IMPORTATION_ECRITURE_COMPTABLES_ARTICLE_dag' AIRFLOW_CTX_TASK_ID='verify_file_reliability' AIRFLOW_CTX_EXECUTION_DATE='2025-02-11T00:54:00+00:00' AIRFLOW_CTX_TRY_NUMBER='1' AIRFLOW_CTX_DAG_RUN_ID='scheduled__2025-02-11T00:54:00+00:00'
[2025-02-11T00:56:04.822+0000] {logging_mixin.py:190} INFO - Task instance is in running state
[2025-02-11T00:56:04.823+0000] {logging_mixin.py:190} INFO -  Previous state of the Task instance: queued
[2025-02-11T00:56:04.823+0000] {logging_mixin.py:190} INFO - Current task name:verify_file_reliability state:running start_date:2025-02-11 00:56:04.592002+00:00
[2025-02-11T00:56:04.824+0000] {logging_mixin.py:190} INFO - Dag name:IMPORTATION_ECRITURE_COMPTABLES_ARTICLE_dag and current dag run status:running
[2025-02-11T00:56:04.825+0000] {taskinstance.py:731} INFO - ::endgroup::
[2025-02-11T00:56:04.825+0000] {baseoperator.py:421} WARNING - BranchPythonOperator.execute cannot be called outside TaskInstance!
[2025-02-11T00:56:04.826+0000] {logging_mixin.py:190} INFO - camarche22 /opt/***/files/in ['.csv'] ['utf-8', 'ISO-8859-1', 'Windows-1252'] {'accounting_date': <class 'datetime.date'>, 'lot_number': <class 'str'>, 'type_ecriture': <class 'str'>, 'type_document': <class 'str'>, 'document_number': <class 'str'>, 'article_number': <class 'str'>, 'variant_code': <class 'str'>, 'description': <class 'str'>, 'package_number': <class 'str'>, 'store_code': <class 'str'>, 'unit_code': <class 'str'>, 'created_by': <class 'str'>, 'quantity': <class 'float'>, 'quantity_in_sac': <class 'float'>, 'quantity_invoiced': <class 'float'>, 'remaining_quantity': <class 'str'>, 'quantity_reserved': <class 'float'>, 'lettering_writing': <class 'float'>, 'sales_amount_actual': <class 'float'>, 'total_cost_actual': <class 'float'>, 'total_cost_not_included': <class 'float'>, 'is_open': <class 'str'>, 'order_type': <class 'str'>, 'created_at': <class 'datetime.datetime'>, 'sequence_number': <class 'int'>, 'kor_by_reception': <class 'float'>, 'kor_input': <class 'float'>} {'Date comptabilisation': 'accounting_date', 'N° lot': 'lot_number', 'Type écriture': 'type_ecriture', 'Type document': 'type_document', 'N° document': 'document_number', 'N° article': 'article_number', 'Code variante': 'variant_code', 'Description': 'description', 'N° Package': 'package_number', 'Code magasin': 'store_code', 'Code unité': 'unit_code', 'Créé par': 'created_by', 'Quantité': 'quantity', 'Quantite en sac': 'quantity_in_sac', 'Quantité facturée': 'quantity_invoiced', 'Quantité restante': 'remaining_quantity', 'Quantité réservée': 'quantity_reserved', 'Ecriture lettrage': 'lettering_writing', 'Montant vente (réel)': 'sales_amount_actual', 'Coût total (réel)': 'total_cost_actual', 'Coût total (non incorp.)': 'total_cost_not_included', 'Ouvert': 'is_open', 'Type de commande': 'order_type', 'Créé à': 'created_at', 'N° séquence': 'sequence_number', 'KOR par Réception': 'kor_by_reception', 'KOR INPUT': 'kor_input'}
[2025-02-11T00:56:04.880+0000] {logging_mixin.py:190} INFO - 
📂 Contenu du fichier (utf-8): Écritures comptables article (11).csv
[2025-02-11T00:56:04.926+0000] {logging_mixin.py:190} INFO -   Date comptabilisation      N° lot  ... KOR par Réception KOR INPUT
0            24/01/2025  26LABCDE24  ...                 0         0
1            24/01/2025  26LABCDE24  ...                 0         0
2            24/01/2025  26LABCDE24  ...                 0         0
3            24/01/2025  26LABCDE24  ...                 0         0
4            24/01/2025  26LABCDE24  ...                 0         0

[5 rows x 27 columns]
[2025-02-11T00:56:04.927+0000] {logging_mixin.py:190} INFO - expected_columns20202 : ['accounting_date', 'lot_number', 'type_ecriture', 'type_document', 'document_number', 'article_number', 'variant_code', 'description', 'package_number', 'store_code', 'unit_code', 'created_by', 'quantity', 'quantity_in_sac', 'quantity_invoiced', 'remaining_quantity', 'quantity_reserved', 'lettering_writing', 'sales_amount_actual', 'total_cost_actual', 'total_cost_not_included', 'is_open', 'order_type', 'created_at', 'sequence_number', 'kor_by_reception', 'kor_input']
[2025-02-11T00:56:04.927+0000] {logging_mixin.py:190} INFO - renamed_columns2022 : {'Date comptabilisation': 'accounting_date', 'N° lot': 'lot_number', 'Type écriture': 'type_ecriture', 'Type document': 'type_document', 'N° document': 'document_number', 'N° article': 'article_number', 'Code variante': 'variant_code', 'Description': 'description', 'N° Package': 'package_number', 'Code magasin': 'store_code', 'Code unité': 'unit_code', 'Créé par': 'created_by', 'Quantité': 'quantity', 'Quantite en sac': 'quantity_in_sac', 'Quantité facturée': 'quantity_invoiced', 'Quantité restante': 'remaining_quantity', 'Quantité réservée': 'quantity_reserved', 'Ecriture lettrage': 'lettering_writing', 'Montant vente (réel)': 'sales_amount_actual', 'Coût total (réel)': 'total_cost_actual', 'Coût total (non incorp.)': 'total_cost_not_included', 'Ouvert': 'is_open', 'Type de commande': 'order_type', 'Créé à': 'created_at', 'N° séquence': 'sequence_number', 'KOR par Réception': 'kor_by_reception', 'KOR INPUT': 'kor_input'}
[2025-02-11T00:56:05.431+0000] {logging_mixin.py:190} INFO - ✅Lignes  ('✅ Le fichier respecte les colonnes attendues et les types de données.', True) 4915
[2025-02-11T00:56:05.434+0000] {logging_mixin.py:190} INFO - merci
[2025-02-11T00:56:05.446+0000] {base.py:84} INFO - Retrieving connection 'mysql_conn'
[2025-02-11T00:56:05.462+0000] {logging_mixin.py:190} INFO - (('attendancedb',), ('caprostockdb',), ('information_schema',), ('mysql',), ('netvision_db',), ('performance_schema',), ('pointing_db',), ('posgpt_db',), ('pythondb',), ('sys',), ('testimportdb',))
[2025-02-11T00:56:05.544+0000] {logging_mixin.py:190} INFO - ⚠️ Données avant insertion : accounting_date            object
lot_number                 object
type_ecriture              object
type_document              object
document_number            object
article_number             object
variant_code               object
description                object
package_number             object
store_code                 object
unit_code                  object
created_by                 object
quantity                   object
quantity_in_sac             int64
quantity_invoiced          object
remaining_quantity         object
quantity_reserved           int64
lettering_writing           int64
sales_amount_actual         int64
total_cost_actual           int64
total_cost_not_included     int64
is_open                    object
order_type                 object
created_at                 object
sequence_number             int64
kor_by_reception            int64
kor_input                   int64
dtype: object
[2025-02-11T00:56:05.590+0000] {logging_mixin.py:190} INFO - Aperçu des données :   accounting_date  lot_number  ... kor_by_reception kor_input
0      2025-01-24  26LABCDE24  ...                0         0
1      2025-01-24  26LABCDE24  ...                0         0
2      2025-01-24  26LABCDE24  ...                0         0
3      2025-01-24  26LABCDE24  ...                0         0
4      2025-01-24  26LABCDE24  ...                0         0

[5 rows x 27 columns]
[2025-02-11T00:56:05.620+0000] {logging_mixin.py:190} INFO - ⚠️ Données supprimées avant insertion.
[2025-02-11T00:56:06.589+0000] {sql.py:691} INFO - Loaded 1000 rows into temp_ecc so far
[2025-02-11T00:56:07.456+0000] {sql.py:691} INFO - Loaded 2000 rows into temp_ecc so far
[2025-02-11T00:56:08.528+0000] {sql.py:691} INFO - Loaded 3000 rows into temp_ecc so far
[2025-02-11T00:56:09.689+0000] {sql.py:691} INFO - Loaded 4000 rows into temp_ecc so far
[2025-02-11T00:56:11.006+0000] {sql.py:694} INFO - Done loading. Loaded a total of 4915 rows into temp_ecc
[2025-02-11T00:56:11.007+0000] {logging_mixin.py:190} INFO - ✅ Insertion réussie !
[2025-02-11T00:56:11.009+0000] {logging_mixin.py:190} INFO - connexion sql echoue
[2025-02-11T00:56:11.049+0000] {logging_mixin.py:190} INFO - ❌ Erreur lors du déplacement du fichier : [Errno 13] Permission denied: '/opt/***/files/in/Écritures comptables article (11).csv'
[2025-02-11T00:56:11.055+0000] {python.py:240} INFO - Done. Returned value was: None
[2025-02-11T00:56:11.055+0000] {branch.py:38} INFO - Branch into None
[2025-02-11T00:56:11.056+0000] {skipmixin.py:230} INFO - Following branch ()
[2025-02-11T00:56:11.075+0000] {skipmixin.py:278} INFO - Skipping tasks [('end', -1), ('import_temp_ecc_to_ecc', -1)]
[2025-02-11T00:56:11.102+0000] {taskinstance.py:340} INFO - ::group::Post task execution logs
[2025-02-11T00:56:11.103+0000] {taskinstance.py:352} INFO - Marking task as SUCCESS. dag_id=IMPORTATION_ECRITURE_COMPTABLES_ARTICLE_dag, task_id=verify_file_reliability, run_id=scheduled__2025-02-11T00:54:00+00:00, execution_date=20250211T005400, start_date=20250211T005604, end_date=20250211T005611
[2025-02-11T00:56:11.117+0000] {logging_mixin.py:190} INFO - Task instance in success state
[2025-02-11T00:56:11.118+0000] {logging_mixin.py:190} INFO -  Previous state of the Task instance: running
[2025-02-11T00:56:11.118+0000] {logging_mixin.py:190} INFO - Dag name:IMPORTATION_ECRITURE_COMPTABLES_ARTICLE_dag queued_at:2025-02-11 00:55:56.326588+00:00
[2025-02-11T00:56:11.119+0000] {logging_mixin.py:190} INFO - Task hostname:b6443be51f35 operator:BranchPythonOperator
[2025-02-11T00:56:11.134+0000] {local_task_job_runner.py:266} INFO - Task exited with return code 0
[2025-02-11T00:56:11.154+0000] {taskinstance.py:3895} INFO - 0 downstream tasks scheduled from follow-on schedule check
[2025-02-11T00:56:11.156+0000] {local_task_job_runner.py:245} INFO - ::endgroup::
