[2025-02-04T17:02:44.994+0000] {local_task_job_runner.py:123} INFO - ::group::Pre task execution logs
[2025-02-04T17:02:45.025+0000] {taskinstance.py:2613} INFO - Dependencies all met for dep_context=non-requeueable deps ti=<TaskInstance: my_first_dag.say_goodbye manual__2025-02-04T17:02:37.210896+00:00 [queued]>
[2025-02-04T17:02:45.041+0000] {taskinstance.py:2613} INFO - Dependencies all met for dep_context=requeueable deps ti=<TaskInstance: my_first_dag.say_goodbye manual__2025-02-04T17:02:37.210896+00:00 [queued]>
[2025-02-04T17:02:45.042+0000] {taskinstance.py:2866} INFO - Starting attempt 1 of 2
[2025-02-04T17:02:45.067+0000] {taskinstance.py:2889} INFO - Executing <Task(PythonOperator): say_goodbye> on 2025-02-04 17:02:37.210896+00:00
[2025-02-04T17:02:45.076+0000] {warnings.py:112} WARNING - /home/***/.local/lib/python3.12/site-packages/***/task/task_runner/standard_task_runner.py:70: DeprecationWarning: This process (pid=8536) is multi-threaded, use of fork() may lead to deadlocks in the child.
  pid = os.fork()

[2025-02-04T17:02:45.082+0000] {standard_task_runner.py:72} INFO - Started process 8538 to run task
[2025-02-04T17:02:45.081+0000] {standard_task_runner.py:104} INFO - Running: ['***', 'tasks', 'run', 'my_first_dag', 'say_goodbye', 'manual__2025-02-04T17:02:37.210896+00:00', '--job-id', '456', '--raw', '--subdir', 'DAGS_FOLDER/my_first_dag.py', '--cfg-path', '/tmp/tmp0u52z2ih']
[2025-02-04T17:02:45.083+0000] {standard_task_runner.py:105} INFO - Job 456: Subtask say_goodbye
[2025-02-04T17:02:45.160+0000] {task_command.py:467} INFO - Running <TaskInstance: my_first_dag.say_goodbye manual__2025-02-04T17:02:37.210896+00:00 [running]> on host 003b7fbea265
[2025-02-04T17:02:45.542+0000] {taskinstance.py:3132} INFO - Exporting env vars: AIRFLOW_CTX_DAG_OWNER='***' AIRFLOW_CTX_DAG_ID='my_first_dag' AIRFLOW_CTX_TASK_ID='say_goodbye' AIRFLOW_CTX_EXECUTION_DATE='2025-02-04T17:02:37.210896+00:00' AIRFLOW_CTX_TRY_NUMBER='1' AIRFLOW_CTX_DAG_RUN_ID='manual__2025-02-04T17:02:37.210896+00:00'
[2025-02-04T17:02:45.543+0000] {logging_mixin.py:190} INFO - Task instance is in running state
[2025-02-04T17:02:45.543+0000] {logging_mixin.py:190} INFO -  Previous state of the Task instance: queued
[2025-02-04T17:02:45.544+0000] {logging_mixin.py:190} INFO - Current task name:say_goodbye state:running start_date:2025-02-04 17:02:45.026429+00:00
[2025-02-04T17:02:45.544+0000] {logging_mixin.py:190} INFO - Dag name:my_first_dag and current dag run status:running
[2025-02-04T17:02:45.544+0000] {taskinstance.py:731} INFO - ::endgroup::
[2025-02-04T17:02:45.545+0000] {logging_mixin.py:190} INFO - Goodbye, world!
[2025-02-04T17:02:45.545+0000] {python.py:240} INFO - Done. Returned value was: None
[2025-02-04T17:02:45.556+0000] {taskinstance.py:340} INFO - ::group::Post task execution logs
[2025-02-04T17:02:45.556+0000] {taskinstance.py:352} INFO - Marking task as SUCCESS. dag_id=my_first_dag, task_id=say_goodbye, run_id=manual__2025-02-04T17:02:37.210896+00:00, execution_date=20250204T170237, start_date=20250204T170245, end_date=20250204T170245
[2025-02-04T17:02:45.566+0000] {logging_mixin.py:190} INFO - Task instance in success state
[2025-02-04T17:02:45.567+0000] {logging_mixin.py:190} INFO -  Previous state of the Task instance: running
[2025-02-04T17:02:45.567+0000] {logging_mixin.py:190} INFO - Dag name:my_first_dag queued_at:2025-02-04 17:02:37.248749+00:00
[2025-02-04T17:02:45.568+0000] {logging_mixin.py:190} INFO - Task hostname:003b7fbea265 operator:PythonOperator
[2025-02-04T17:02:45.619+0000] {local_task_job_runner.py:266} INFO - Task exited with return code 0
[2025-02-04T17:02:45.636+0000] {taskinstance.py:3895} INFO - 0 downstream tasks scheduled from follow-on schedule check
[2025-02-04T17:02:45.639+0000] {local_task_job_runner.py:245} INFO - ::endgroup::
