[2025-02-09T16:18:04.212+0000] {local_task_job_runner.py:123} INFO - ::group::Pre task execution logs
[2025-02-09T16:18:04.245+0000] {taskinstance.py:2613} INFO - Dependencies all met for dep_context=non-requeueable deps ti=<TaskInstance: directory_and_file_verification_dag.verify_file_reliability manual__2025-02-09T16:17:50.884842+00:00 [queued]>
[2025-02-09T16:18:04.427+0000] {taskinstance.py:2613} INFO - Dependencies all met for dep_context=requeueable deps ti=<TaskInstance: directory_and_file_verification_dag.verify_file_reliability manual__2025-02-09T16:17:50.884842+00:00 [queued]>
[2025-02-09T16:18:04.429+0000] {taskinstance.py:2866} INFO - Starting attempt 1 of 1
[2025-02-09T16:18:04.447+0000] {taskinstance.py:2889} INFO - Executing <Task(BranchPythonOperator): verify_file_reliability> on 2025-02-09 16:17:50.884842+00:00
[2025-02-09T16:18:04.458+0000] {warnings.py:112} WARNING - /home/***/.local/lib/python3.12/site-packages/***/task/task_runner/standard_task_runner.py:70: DeprecationWarning: This process (pid=765) is multi-threaded, use of fork() may lead to deadlocks in the child.
  pid = os.fork()

[2025-02-09T16:18:04.461+0000] {standard_task_runner.py:72} INFO - Started process 767 to run task
[2025-02-09T16:18:04.460+0000] {standard_task_runner.py:104} INFO - Running: ['***', 'tasks', 'run', 'directory_and_file_verification_dag', 'verify_file_reliability', 'manual__2025-02-09T16:17:50.884842+00:00', '--job-id', '43', '--raw', '--subdir', 'DAGS_FOLDER/my_directory_and_file_checker.py', '--cfg-path', '/tmp/tmpjc4mlmew']
[2025-02-09T16:18:04.462+0000] {standard_task_runner.py:105} INFO - Job 43: Subtask verify_file_reliability
[2025-02-09T16:18:04.539+0000] {task_command.py:467} INFO - Running <TaskInstance: directory_and_file_verification_dag.verify_file_reliability manual__2025-02-09T16:17:50.884842+00:00 [running]> on host d4cc7d48468b
[2025-02-09T16:18:04.688+0000] {taskinstance.py:3132} INFO - Exporting env vars: AIRFLOW_CTX_DAG_OWNER='***' AIRFLOW_CTX_DAG_ID='directory_and_file_verification_dag' AIRFLOW_CTX_TASK_ID='verify_file_reliability' AIRFLOW_CTX_EXECUTION_DATE='2025-02-09T16:17:50.884842+00:00' AIRFLOW_CTX_TRY_NUMBER='1' AIRFLOW_CTX_DAG_RUN_ID='manual__2025-02-09T16:17:50.884842+00:00'
[2025-02-09T16:18:04.690+0000] {logging_mixin.py:190} INFO - Task instance is in running state
[2025-02-09T16:18:04.690+0000] {logging_mixin.py:190} INFO -  Previous state of the Task instance: queued
[2025-02-09T16:18:04.691+0000] {logging_mixin.py:190} INFO - Current task name:verify_file_reliability state:running start_date:2025-02-09 16:18:04.246489+00:00
[2025-02-09T16:18:04.691+0000] {logging_mixin.py:190} INFO - Dag name:directory_and_file_verification_dag and current dag run status:running
[2025-02-09T16:18:04.692+0000] {taskinstance.py:731} INFO - ::endgroup::
[2025-02-09T16:18:04.693+0000] {baseoperator.py:421} WARNING - BranchPythonOperator.execute cannot be called outside TaskInstance!
[2025-02-09T16:18:04.694+0000] {logging_mixin.py:190} INFO - camarche22 /opt/***/files/in ['.csv'] ['utf-8', 'ISO-8859-1', 'Windows-1252']
[2025-02-09T16:18:04.705+0000] {my_directory_and_file_checker.py:164} ERROR - ❌ Erreur d'encodage (utf-8) pour Écritures.csv: 'utf-8' codec can't decode byte 0xb0 in position 1: invalid start byte
[2025-02-09T16:18:04.743+0000] {logging_mixin.py:190} INFO - 
📂 Contenu du fichier (ISO-8859-1): Écritures.csv
[2025-02-09T16:18:04.760+0000] {logging_mixin.py:190} INFO -   Date comptabilisation       N° lot Type écriture
0            31/12/2024  A-BNDK 2304    Production
1            31/12/2024  B-BNDK 2304    Production
2            31/12/2024  C-BNDK 2304    Production
3            31/12/2024  D-BNDK 2304    Production
4            31/12/2024  E-BNDK 2304    Production
[2025-02-09T16:18:06.693+0000] {logging_mixin.py:190} INFO - ✅Lignes  ('✅ Le fichier respecte les colonnes attendues et les types de données.', True) 9854
[2025-02-09T16:18:06.697+0000] {logging_mixin.py:190} INFO - merci
[2025-02-09T16:18:06.710+0000] {base.py:84} INFO - Retrieving connection 'mysql_conn'
[2025-02-09T16:18:06.733+0000] {logging_mixin.py:190} INFO - (('attendancedb',), ('caprostockdb',), ('information_schema',), ('mysql',), ('netvision_db',), ('performance_schema',), ('pointing_db',), ('posgpt_db',), ('pythondb',), ('sys',), ('testimportdb',))
[2025-02-09T16:18:06.791+0000] {logging_mixin.py:190} INFO - ⚠️ Données supprimées avant insertion.
[2025-02-09T16:18:07.704+0000] {sql.py:691} INFO - Loaded 1000 rows into temp_ecc so far
[2025-02-09T16:18:08.581+0000] {sql.py:691} INFO - Loaded 2000 rows into temp_ecc so far
[2025-02-09T16:18:09.408+0000] {sql.py:691} INFO - Loaded 3000 rows into temp_ecc so far
[2025-02-09T16:18:10.334+0000] {sql.py:691} INFO - Loaded 4000 rows into temp_ecc so far
[2025-02-09T16:18:11.226+0000] {sql.py:691} INFO - Loaded 5000 rows into temp_ecc so far
[2025-02-09T16:18:12.335+0000] {sql.py:691} INFO - Loaded 6000 rows into temp_ecc so far
[2025-02-09T16:18:13.304+0000] {sql.py:691} INFO - Loaded 7000 rows into temp_ecc so far
[2025-02-09T16:18:14.084+0000] {sql.py:691} INFO - Loaded 8000 rows into temp_ecc so far
[2025-02-09T16:18:14.891+0000] {sql.py:691} INFO - Loaded 9000 rows into temp_ecc so far
[2025-02-09T16:18:15.676+0000] {sql.py:694} INFO - Done loading. Loaded a total of 9854 rows into temp_ecc
[2025-02-09T16:18:15.679+0000] {logging_mixin.py:190} INFO - connexion sql reussie True
[2025-02-09T16:18:15.757+0000] {logging_mixin.py:190} INFO - ❌ Erreur lors du déplacement du fichier : [Errno 13] Permission denied: '/opt/***/files/in/Écritures.csv'
[2025-02-09T16:18:15.759+0000] {python.py:240} INFO - Done. Returned value was: end
[2025-02-09T16:18:15.760+0000] {branch.py:38} INFO - Branch into end
[2025-02-09T16:18:15.762+0000] {skipmixin.py:230} INFO - Following branch ('end',)
[2025-02-09T16:18:15.780+0000] {skipmixin.py:278} INFO - Skipping tasks []
[2025-02-09T16:18:15.816+0000] {taskinstance.py:340} INFO - ::group::Post task execution logs
[2025-02-09T16:18:15.818+0000] {taskinstance.py:352} INFO - Marking task as SUCCESS. dag_id=directory_and_file_verification_dag, task_id=verify_file_reliability, run_id=manual__2025-02-09T16:17:50.884842+00:00, execution_date=20250209T161750, start_date=20250209T161804, end_date=20250209T161815
[2025-02-09T16:18:15.833+0000] {logging_mixin.py:190} INFO - Task instance in success state
[2025-02-09T16:18:15.833+0000] {logging_mixin.py:190} INFO -  Previous state of the Task instance: running
[2025-02-09T16:18:15.834+0000] {logging_mixin.py:190} INFO - Dag name:directory_and_file_verification_dag queued_at:2025-02-09 16:17:50.916355+00:00
[2025-02-09T16:18:15.835+0000] {logging_mixin.py:190} INFO - Task hostname:d4cc7d48468b operator:BranchPythonOperator
[2025-02-09T16:18:15.860+0000] {local_task_job_runner.py:266} INFO - Task exited with return code 0
[2025-02-09T16:18:15.898+0000] {taskinstance.py:3895} INFO - 0 downstream tasks scheduled from follow-on schedule check
[2025-02-09T16:18:15.901+0000] {local_task_job_runner.py:245} INFO - ::endgroup::
