[2025-02-02T14:21:15.574+0000] {local_task_job_runner.py:123} INFO - ::group::Pre task execution logs
[2025-02-02T14:21:15.596+0000] {taskinstance.py:2613} INFO - Dependencies all met for dep_context=non-requeueable deps ti=<TaskInstance: directory_and_file_verification_dag.read_files manual__2025-02-02T14:21:10.896485+00:00 [queued]>
[2025-02-02T14:21:15.608+0000] {taskinstance.py:2613} INFO - Dependencies all met for dep_context=requeueable deps ti=<TaskInstance: directory_and_file_verification_dag.read_files manual__2025-02-02T14:21:10.896485+00:00 [queued]>
[2025-02-02T14:21:15.608+0000] {taskinstance.py:2866} INFO - Starting attempt 1 of 1
[2025-02-02T14:21:15.625+0000] {taskinstance.py:2889} INFO - Executing <Task(BranchPythonOperator): read_files> on 2025-02-02 14:21:10.896485+00:00
[2025-02-02T14:21:15.639+0000] {warnings.py:112} WARNING - /home/***/.local/lib/python3.12/site-packages/***/task/task_runner/standard_task_runner.py:70: DeprecationWarning: This process (pid=181) is multi-threaded, use of fork() may lead to deadlocks in the child.
  pid = os.fork()

[2025-02-02T14:21:15.641+0000] {standard_task_runner.py:72} INFO - Started process 185 to run task
[2025-02-02T14:21:15.641+0000] {standard_task_runner.py:104} INFO - Running: ['***', 'tasks', 'run', 'directory_and_file_verification_dag', 'read_files', 'manual__2025-02-02T14:21:10.896485+00:00', '--job-id', '130', '--raw', '--subdir', 'DAGS_FOLDER/my_directory_and_file_checker.py', '--cfg-path', '/tmp/tmp_wmlmpq0']
[2025-02-02T14:21:15.643+0000] {standard_task_runner.py:105} INFO - Job 130: Subtask read_files
[2025-02-02T14:21:15.702+0000] {task_command.py:467} INFO - Running <TaskInstance: directory_and_file_verification_dag.read_files manual__2025-02-02T14:21:10.896485+00:00 [running]> on host 003b7fbea265
[2025-02-02T14:21:16.240+0000] {taskinstance.py:3132} INFO - Exporting env vars: AIRFLOW_CTX_DAG_OWNER='***' AIRFLOW_CTX_DAG_ID='directory_and_file_verification_dag' AIRFLOW_CTX_TASK_ID='read_files' AIRFLOW_CTX_EXECUTION_DATE='2025-02-02T14:21:10.896485+00:00' AIRFLOW_CTX_TRY_NUMBER='1' AIRFLOW_CTX_DAG_RUN_ID='manual__2025-02-02T14:21:10.896485+00:00'
[2025-02-02T14:21:16.244+0000] {logging_mixin.py:190} INFO - Task instance is in running state
[2025-02-02T14:21:16.245+0000] {logging_mixin.py:190} INFO -  Previous state of the Task instance: queued
[2025-02-02T14:21:16.246+0000] {logging_mixin.py:190} INFO - Current task name:read_files state:running start_date:2025-02-02 14:21:15.597966+00:00
[2025-02-02T14:21:16.247+0000] {logging_mixin.py:190} INFO - Dag name:directory_and_file_verification_dag and current dag run status:running
[2025-02-02T14:21:16.247+0000] {taskinstance.py:731} INFO - ::endgroup::
[2025-02-02T14:21:16.248+0000] {baseoperator.py:421} WARNING - BranchPythonOperator.execute cannot be called outside TaskInstance!
[2025-02-02T14:21:16.287+0000] {my_directory_and_file_checker.py:68} ERROR - Erreur d'encodage pour le fichier Écritures comptables article.csv: 'utf-8' codec can't decode byte 0xb0 in position 1: invalid start byte
[2025-02-02T14:21:16.422+0000] {my_directory_and_file_checker.py:71} ERROR - Erreur lors de la lecture du fichier Écritures comptables article.csv en ISO-8859-1: 'utf-8' codec can't decode byte 0xb0 in position 1: invalid start byte
[2025-02-02T14:21:16.423+0000] {logging_mixin.py:190} INFO - 
📂 Contenu du fichier: Écritures comptables article.csv
[2025-02-02T14:21:16.537+0000] {logging_mixin.py:190} INFO -   Date comptabilisation       N° lot  ... KOR par Réception KOR INPUT
0            31/12/2024  A-BNDK 2304  ...             0,000     0,000
1            31/12/2024  B-BNDK 2304  ...             0,000     0,000
2            31/12/2024  C-BNDK 2304  ...             0,000     0,000
3            31/12/2024  D-BNDK 2304  ...             0,000     0,000
4            31/12/2024  E-BNDK 2304  ...             0,000     0,000

[5 rows x 27 columns]
[2025-02-02T14:21:16.541+0000] {python.py:240} INFO - Done. Returned value was: None
[2025-02-02T14:21:16.547+0000] {branch.py:38} INFO - Branch into None
[2025-02-02T14:21:16.552+0000] {skipmixin.py:230} INFO - Following branch ()
[2025-02-02T14:21:16.571+0000] {skipmixin.py:278} INFO - Skipping tasks [('end', -1)]
[2025-02-02T14:21:16.620+0000] {taskinstance.py:340} INFO - ::group::Post task execution logs
[2025-02-02T14:21:16.622+0000] {taskinstance.py:352} INFO - Marking task as SUCCESS. dag_id=directory_and_file_verification_dag, task_id=read_files, run_id=manual__2025-02-02T14:21:10.896485+00:00, execution_date=20250202T142110, start_date=20250202T142115, end_date=20250202T142116
[2025-02-02T14:21:16.640+0000] {logging_mixin.py:190} INFO - Task instance in success state
[2025-02-02T14:21:16.641+0000] {logging_mixin.py:190} INFO -  Previous state of the Task instance: running
[2025-02-02T14:21:16.642+0000] {logging_mixin.py:190} INFO - Dag name:directory_and_file_verification_dag queued_at:2025-02-02 14:21:10.919237+00:00
[2025-02-02T14:21:16.643+0000] {logging_mixin.py:190} INFO - Task hostname:003b7fbea265 operator:BranchPythonOperator
[2025-02-02T14:21:16.700+0000] {local_task_job_runner.py:266} INFO - Task exited with return code 0
[2025-02-02T14:21:16.719+0000] {local_task_job_runner.py:245} INFO - ::endgroup::
