[2025-02-12T13:23:01.777+0000] {local_task_job_runner.py:123} INFO - ::group::Pre task execution logs
[2025-02-12T13:23:01.788+0000] {taskinstance.py:2613} INFO - Dependencies all met for dep_context=non-requeueable deps ti=<TaskInstance: IMPORTATION_ECRITURE_COMPTABLES_ARTICLE_dag.check_directory scheduled__2025-02-12T13:22:00+00:00 [queued]>
[2025-02-12T13:23:01.794+0000] {taskinstance.py:2613} INFO - Dependencies all met for dep_context=requeueable deps ti=<TaskInstance: IMPORTATION_ECRITURE_COMPTABLES_ARTICLE_dag.check_directory scheduled__2025-02-12T13:22:00+00:00 [queued]>
[2025-02-12T13:23:01.795+0000] {taskinstance.py:2866} INFO - Starting attempt 1 of 2
[2025-02-12T13:23:01.809+0000] {taskinstance.py:2889} INFO - Executing <Task(BranchPythonOperator): check_directory> on 2025-02-12 13:22:00+00:00
[2025-02-12T13:23:01.815+0000] {warnings.py:112} WARNING - /home/***/.local/lib/python3.12/site-packages/***/task/task_runner/standard_task_runner.py:70: DeprecationWarning: This process (pid=7642) is multi-threaded, use of fork() may lead to deadlocks in the child.
  pid = os.fork()

[2025-02-12T13:23:01.816+0000] {standard_task_runner.py:72} INFO - Started process 7644 to run task
[2025-02-12T13:23:01.816+0000] {standard_task_runner.py:104} INFO - Running: ['***', 'tasks', 'run', 'IMPORTATION_ECRITURE_COMPTABLES_ARTICLE_dag', 'check_directory', 'scheduled__2025-02-12T13:22:00+00:00', '--job-id', '4728', '--raw', '--subdir', 'DAGS_FOLDER/my_directory_and_file_checker.py', '--cfg-path', '/tmp/tmpii7ls2oe']
[2025-02-12T13:23:01.817+0000] {standard_task_runner.py:105} INFO - Job 4728: Subtask check_directory
[2025-02-12T13:23:01.854+0000] {task_command.py:467} INFO - Running <TaskInstance: IMPORTATION_ECRITURE_COMPTABLES_ARTICLE_dag.check_directory scheduled__2025-02-12T13:22:00+00:00 [running]> on host b6443be51f35
[2025-02-12T13:23:02.102+0000] {taskinstance.py:3132} INFO - Exporting env vars: AIRFLOW_CTX_DAG_OWNER='***' AIRFLOW_CTX_DAG_ID='IMPORTATION_ECRITURE_COMPTABLES_ARTICLE_dag' AIRFLOW_CTX_TASK_ID='check_directory' AIRFLOW_CTX_EXECUTION_DATE='2025-02-12T13:22:00+00:00' AIRFLOW_CTX_TRY_NUMBER='1' AIRFLOW_CTX_DAG_RUN_ID='scheduled__2025-02-12T13:22:00+00:00'
[2025-02-12T13:23:02.103+0000] {logging_mixin.py:190} INFO - Task instance is in running state
[2025-02-12T13:23:02.103+0000] {logging_mixin.py:190} INFO -  Previous state of the Task instance: queued
[2025-02-12T13:23:02.104+0000] {logging_mixin.py:190} INFO - Current task name:check_directory state:running start_date:2025-02-12 13:23:01.789337+00:00
[2025-02-12T13:23:02.105+0000] {logging_mixin.py:190} INFO - Dag name:IMPORTATION_ECRITURE_COMPTABLES_ARTICLE_dag and current dag run status:running
[2025-02-12T13:23:02.105+0000] {taskinstance.py:731} INFO - ::endgroup::
[2025-02-12T13:23:02.106+0000] {baseoperator.py:421} WARNING - BranchPythonOperator.execute cannot be called outside TaskInstance!
[2025-02-12T13:23:02.107+0000] {python.py:240} INFO - Done. Returned value was: check_file_in_directory
[2025-02-12T13:23:02.108+0000] {branch.py:38} INFO - Branch into check_file_in_directory
[2025-02-12T13:23:02.108+0000] {skipmixin.py:230} INFO - Following branch ('check_file_in_directory',)
[2025-02-12T13:23:02.116+0000] {skipmixin.py:278} INFO - Skipping tasks []
[2025-02-12T13:23:02.138+0000] {taskinstance.py:340} INFO - ::group::Post task execution logs
[2025-02-12T13:23:02.138+0000] {taskinstance.py:352} INFO - Marking task as SUCCESS. dag_id=IMPORTATION_ECRITURE_COMPTABLES_ARTICLE_dag, task_id=check_directory, run_id=scheduled__2025-02-12T13:22:00+00:00, execution_date=20250212T132200, start_date=20250212T132301, end_date=20250212T132302
[2025-02-12T13:23:02.146+0000] {logging_mixin.py:190} INFO - Task instance in success state
[2025-02-12T13:23:02.147+0000] {logging_mixin.py:190} INFO -  Previous state of the Task instance: running
[2025-02-12T13:23:02.147+0000] {logging_mixin.py:190} INFO - Dag name:IMPORTATION_ECRITURE_COMPTABLES_ARTICLE_dag queued_at:2025-02-12 13:23:00.590343+00:00
[2025-02-12T13:23:02.148+0000] {logging_mixin.py:190} INFO - Task hostname:b6443be51f35 operator:BranchPythonOperator
[2025-02-12T13:23:02.192+0000] {local_task_job_runner.py:266} INFO - Task exited with return code 0
[2025-02-12T13:23:02.215+0000] {taskinstance.py:3895} INFO - 1 downstream tasks scheduled from follow-on schedule check
[2025-02-12T13:23:02.218+0000] {local_task_job_runner.py:245} INFO - ::endgroup::
