[2025-02-13T23:19:02.415+0000] {local_task_job_runner.py:123} INFO - ::group::Pre task execution logs
[2025-02-13T23:19:02.547+0000] {taskinstance.py:2613} INFO - Dependencies all met for dep_context=non-requeueable deps ti=<TaskInstance: IMPORTATION_ECRITURE_COMPTABLES_ARTICLE_dag.check_directory scheduled__2025-02-13T23:18:00+00:00 [queued]>
[2025-02-13T23:19:02.555+0000] {taskinstance.py:2613} INFO - Dependencies all met for dep_context=requeueable deps ti=<TaskInstance: IMPORTATION_ECRITURE_COMPTABLES_ARTICLE_dag.check_directory scheduled__2025-02-13T23:18:00+00:00 [queued]>
[2025-02-13T23:19:02.556+0000] {taskinstance.py:2866} INFO - Starting attempt 1 of 2
[2025-02-13T23:19:02.571+0000] {taskinstance.py:2889} INFO - Executing <Task(BranchPythonOperator): check_directory> on 2025-02-13 23:18:00+00:00
[2025-02-13T23:19:02.578+0000] {warnings.py:112} WARNING - /home/***/.local/lib/python3.12/site-packages/***/task/task_runner/standard_task_runner.py:70: DeprecationWarning: This process (pid=1639) is multi-threaded, use of fork() may lead to deadlocks in the child.
  pid = os.fork()

[2025-02-13T23:19:02.580+0000] {standard_task_runner.py:72} INFO - Started process 1641 to run task
[2025-02-13T23:19:02.580+0000] {standard_task_runner.py:104} INFO - Running: ['***', 'tasks', 'run', 'IMPORTATION_ECRITURE_COMPTABLES_ARTICLE_dag', 'check_directory', 'scheduled__2025-02-13T23:18:00+00:00', '--job-id', '8500', '--raw', '--subdir', 'DAGS_FOLDER/my_directory_and_file_checker.py', '--cfg-path', '/tmp/tmptgkney1x']
[2025-02-13T23:19:02.582+0000] {standard_task_runner.py:105} INFO - Job 8500: Subtask check_directory
[2025-02-13T23:19:02.632+0000] {task_command.py:467} INFO - Running <TaskInstance: IMPORTATION_ECRITURE_COMPTABLES_ARTICLE_dag.check_directory scheduled__2025-02-13T23:18:00+00:00 [running]> on host b6443be51f35
[2025-02-13T23:19:02.715+0000] {taskinstance.py:3132} INFO - Exporting env vars: AIRFLOW_CTX_DAG_OWNER='***' AIRFLOW_CTX_DAG_ID='IMPORTATION_ECRITURE_COMPTABLES_ARTICLE_dag' AIRFLOW_CTX_TASK_ID='check_directory' AIRFLOW_CTX_EXECUTION_DATE='2025-02-13T23:18:00+00:00' AIRFLOW_CTX_TRY_NUMBER='1' AIRFLOW_CTX_DAG_RUN_ID='scheduled__2025-02-13T23:18:00+00:00'
[2025-02-13T23:19:02.717+0000] {logging_mixin.py:190} INFO - Task instance is in running state
[2025-02-13T23:19:02.718+0000] {logging_mixin.py:190} INFO -  Previous state of the Task instance: queued
[2025-02-13T23:19:02.718+0000] {logging_mixin.py:190} INFO - Current task name:check_directory state:running start_date:2025-02-13 23:19:02.548709+00:00
[2025-02-13T23:19:02.719+0000] {logging_mixin.py:190} INFO - Dag name:IMPORTATION_ECRITURE_COMPTABLES_ARTICLE_dag and current dag run status:running
[2025-02-13T23:19:02.720+0000] {taskinstance.py:731} INFO - ::endgroup::
[2025-02-13T23:19:02.721+0000] {baseoperator.py:421} WARNING - BranchPythonOperator.execute cannot be called outside TaskInstance!
[2025-02-13T23:19:02.723+0000] {python.py:240} INFO - Done. Returned value was: check_file_in_directory
[2025-02-13T23:19:02.724+0000] {branch.py:38} INFO - Branch into check_file_in_directory
[2025-02-13T23:19:02.725+0000] {skipmixin.py:230} INFO - Following branch ('check_file_in_directory',)
[2025-02-13T23:19:02.737+0000] {skipmixin.py:278} INFO - Skipping tasks []
[2025-02-13T23:19:02.766+0000] {taskinstance.py:340} INFO - ::group::Post task execution logs
[2025-02-13T23:19:02.767+0000] {taskinstance.py:352} INFO - Marking task as SUCCESS. dag_id=IMPORTATION_ECRITURE_COMPTABLES_ARTICLE_dag, task_id=check_directory, run_id=scheduled__2025-02-13T23:18:00+00:00, execution_date=20250213T231800, start_date=20250213T231902, end_date=20250213T231902
[2025-02-13T23:19:02.777+0000] {logging_mixin.py:190} INFO - Task instance in success state
[2025-02-13T23:19:02.778+0000] {logging_mixin.py:190} INFO -  Previous state of the Task instance: running
[2025-02-13T23:19:02.779+0000] {logging_mixin.py:190} INFO - Dag name:IMPORTATION_ECRITURE_COMPTABLES_ARTICLE_dag queued_at:2025-02-13 23:19:00.689372+00:00
[2025-02-13T23:19:02.780+0000] {logging_mixin.py:190} INFO - Task hostname:b6443be51f35 operator:BranchPythonOperator
[2025-02-13T23:19:02.797+0000] {local_task_job_runner.py:266} INFO - Task exited with return code 0
[2025-02-13T23:19:02.831+0000] {taskinstance.py:3895} INFO - 1 downstream tasks scheduled from follow-on schedule check
[2025-02-13T23:19:02.835+0000] {local_task_job_runner.py:245} INFO - ::endgroup::
[2025-02-13T23:19:47.748+0000] {local_task_job_runner.py:123} INFO - ::group::Pre task execution logs
[2025-02-13T23:19:47.874+0000] {taskinstance.py:2613} INFO - Dependencies all met for dep_context=non-requeueable deps ti=<TaskInstance: IMPORTATION_ECRITURE_COMPTABLES_ARTICLE_dag.check_directory scheduled__2025-02-13T23:18:00+00:00 [queued]>
[2025-02-13T23:19:47.883+0000] {taskinstance.py:2613} INFO - Dependencies all met for dep_context=requeueable deps ti=<TaskInstance: IMPORTATION_ECRITURE_COMPTABLES_ARTICLE_dag.check_directory scheduled__2025-02-13T23:18:00+00:00 [queued]>
[2025-02-13T23:19:47.884+0000] {taskinstance.py:2866} INFO - Starting attempt 1 of 2
[2025-02-13T23:19:47.897+0000] {taskinstance.py:2889} INFO - Executing <Task(BranchPythonOperator): check_directory> on 2025-02-13 23:18:00+00:00
[2025-02-13T23:19:47.906+0000] {warnings.py:112} WARNING - /home/***/.local/lib/python3.12/site-packages/***/task/task_runner/standard_task_runner.py:70: DeprecationWarning: This process (pid=1670) is multi-threaded, use of fork() may lead to deadlocks in the child.
  pid = os.fork()

[2025-02-13T23:19:47.908+0000] {standard_task_runner.py:72} INFO - Started process 1672 to run task
[2025-02-13T23:19:47.908+0000] {standard_task_runner.py:104} INFO - Running: ['***', 'tasks', 'run', 'IMPORTATION_ECRITURE_COMPTABLES_ARTICLE_dag', 'check_directory', 'scheduled__2025-02-13T23:18:00+00:00', '--job-id', '8506', '--raw', '--subdir', 'DAGS_FOLDER/my_directory_and_file_checker.py', '--cfg-path', '/tmp/tmpxnq0m3gn']
[2025-02-13T23:19:47.910+0000] {standard_task_runner.py:105} INFO - Job 8506: Subtask check_directory
[2025-02-13T23:19:47.968+0000] {task_command.py:467} INFO - Running <TaskInstance: IMPORTATION_ECRITURE_COMPTABLES_ARTICLE_dag.check_directory scheduled__2025-02-13T23:18:00+00:00 [running]> on host b6443be51f35
[2025-02-13T23:19:48.077+0000] {taskinstance.py:3132} INFO - Exporting env vars: AIRFLOW_CTX_DAG_OWNER='***' AIRFLOW_CTX_DAG_ID='IMPORTATION_ECRITURE_COMPTABLES_ARTICLE_dag' AIRFLOW_CTX_TASK_ID='check_directory' AIRFLOW_CTX_EXECUTION_DATE='2025-02-13T23:18:00+00:00' AIRFLOW_CTX_TRY_NUMBER='1' AIRFLOW_CTX_DAG_RUN_ID='scheduled__2025-02-13T23:18:00+00:00'
[2025-02-13T23:19:48.079+0000] {logging_mixin.py:190} INFO - Task instance is in running state
[2025-02-13T23:19:48.079+0000] {logging_mixin.py:190} INFO -  Previous state of the Task instance: queued
[2025-02-13T23:19:48.080+0000] {logging_mixin.py:190} INFO - Current task name:check_directory state:running start_date:2025-02-13 23:19:47.875762+00:00
[2025-02-13T23:19:48.081+0000] {logging_mixin.py:190} INFO - Dag name:IMPORTATION_ECRITURE_COMPTABLES_ARTICLE_dag and current dag run status:running
[2025-02-13T23:19:48.082+0000] {taskinstance.py:731} INFO - ::endgroup::
[2025-02-13T23:19:48.083+0000] {baseoperator.py:421} WARNING - BranchPythonOperator.execute cannot be called outside TaskInstance!
[2025-02-13T23:19:48.085+0000] {python.py:240} INFO - Done. Returned value was: check_file_in_directory
[2025-02-13T23:19:48.086+0000] {branch.py:38} INFO - Branch into check_file_in_directory
[2025-02-13T23:19:48.087+0000] {skipmixin.py:230} INFO - Following branch ('check_file_in_directory',)
[2025-02-13T23:19:48.103+0000] {skipmixin.py:278} INFO - Skipping tasks []
[2025-02-13T23:19:48.142+0000] {taskinstance.py:340} INFO - ::group::Post task execution logs
[2025-02-13T23:19:48.143+0000] {taskinstance.py:352} INFO - Marking task as SUCCESS. dag_id=IMPORTATION_ECRITURE_COMPTABLES_ARTICLE_dag, task_id=check_directory, run_id=scheduled__2025-02-13T23:18:00+00:00, execution_date=20250213T231800, start_date=20250213T231947, end_date=20250213T231948
[2025-02-13T23:19:48.156+0000] {logging_mixin.py:190} INFO - Task instance in success state
[2025-02-13T23:19:48.157+0000] {logging_mixin.py:190} INFO -  Previous state of the Task instance: running
[2025-02-13T23:19:48.158+0000] {logging_mixin.py:190} INFO - Dag name:IMPORTATION_ECRITURE_COMPTABLES_ARTICLE_dag queued_at:2025-02-13 23:19:46.222818+00:00
[2025-02-13T23:19:48.159+0000] {logging_mixin.py:190} INFO - Task hostname:b6443be51f35 operator:BranchPythonOperator
[2025-02-13T23:19:48.206+0000] {local_task_job_runner.py:266} INFO - Task exited with return code 0
[2025-02-13T23:19:48.240+0000] {taskinstance.py:3895} INFO - 0 downstream tasks scheduled from follow-on schedule check
[2025-02-13T23:19:48.242+0000] {local_task_job_runner.py:245} INFO - ::endgroup::
