[2025-02-11T11:32:02.333+0000] {local_task_job_runner.py:123} INFO - ::group::Pre task execution logs
[2025-02-11T11:32:02.491+0000] {taskinstance.py:2613} INFO - Dependencies all met for dep_context=non-requeueable deps ti=<TaskInstance: IMPORTATION_ECRITURE_COMPTABLES_ARTICLE_dag.check_directory scheduled__2025-02-11T11:31:00+00:00 [queued]>
[2025-02-11T11:32:02.501+0000] {taskinstance.py:2613} INFO - Dependencies all met for dep_context=requeueable deps ti=<TaskInstance: IMPORTATION_ECRITURE_COMPTABLES_ARTICLE_dag.check_directory scheduled__2025-02-11T11:31:00+00:00 [queued]>
[2025-02-11T11:32:02.502+0000] {taskinstance.py:2866} INFO - Starting attempt 1 of 2
[2025-02-11T11:32:02.518+0000] {taskinstance.py:2889} INFO - Executing <Task(BranchPythonOperator): check_directory> on 2025-02-11 11:31:00+00:00
[2025-02-11T11:32:02.526+0000] {warnings.py:112} WARNING - /home/***/.local/lib/python3.12/site-packages/***/task/task_runner/standard_task_runner.py:70: DeprecationWarning: This process (pid=8379) is multi-threaded, use of fork() may lead to deadlocks in the child.
  pid = os.fork()

[2025-02-11T11:32:02.528+0000] {standard_task_runner.py:72} INFO - Started process 8381 to run task
[2025-02-11T11:32:02.528+0000] {standard_task_runner.py:104} INFO - Running: ['***', 'tasks', 'run', 'IMPORTATION_ECRITURE_COMPTABLES_ARTICLE_dag', 'check_directory', 'scheduled__2025-02-11T11:31:00+00:00', '--job-id', '2384', '--raw', '--subdir', 'DAGS_FOLDER/my_directory_and_file_checker.py', '--cfg-path', '/tmp/tmpch87hgje']
[2025-02-11T11:32:02.529+0000] {standard_task_runner.py:105} INFO - Job 2384: Subtask check_directory
[2025-02-11T11:32:02.583+0000] {task_command.py:467} INFO - Running <TaskInstance: IMPORTATION_ECRITURE_COMPTABLES_ARTICLE_dag.check_directory scheduled__2025-02-11T11:31:00+00:00 [running]> on host b6443be51f35
[2025-02-11T11:32:02.703+0000] {taskinstance.py:3132} INFO - Exporting env vars: AIRFLOW_CTX_DAG_OWNER='***' AIRFLOW_CTX_DAG_ID='IMPORTATION_ECRITURE_COMPTABLES_ARTICLE_dag' AIRFLOW_CTX_TASK_ID='check_directory' AIRFLOW_CTX_EXECUTION_DATE='2025-02-11T11:31:00+00:00' AIRFLOW_CTX_TRY_NUMBER='1' AIRFLOW_CTX_DAG_RUN_ID='scheduled__2025-02-11T11:31:00+00:00'
[2025-02-11T11:32:02.705+0000] {logging_mixin.py:190} INFO - Task instance is in running state
[2025-02-11T11:32:02.706+0000] {logging_mixin.py:190} INFO -  Previous state of the Task instance: queued
[2025-02-11T11:32:02.706+0000] {logging_mixin.py:190} INFO - Current task name:check_directory state:running start_date:2025-02-11 11:32:02.492735+00:00
[2025-02-11T11:32:02.707+0000] {logging_mixin.py:190} INFO - Dag name:IMPORTATION_ECRITURE_COMPTABLES_ARTICLE_dag and current dag run status:running
[2025-02-11T11:32:02.708+0000] {taskinstance.py:731} INFO - ::endgroup::
[2025-02-11T11:32:02.709+0000] {baseoperator.py:421} WARNING - BranchPythonOperator.execute cannot be called outside TaskInstance!
[2025-02-11T11:32:02.711+0000] {python.py:240} INFO - Done. Returned value was: check_file_in_directory
[2025-02-11T11:32:02.712+0000] {branch.py:38} INFO - Branch into check_file_in_directory
[2025-02-11T11:32:02.712+0000] {skipmixin.py:230} INFO - Following branch ('check_file_in_directory',)
[2025-02-11T11:32:02.725+0000] {skipmixin.py:278} INFO - Skipping tasks []
[2025-02-11T11:32:02.763+0000] {taskinstance.py:340} INFO - ::group::Post task execution logs
[2025-02-11T11:32:02.764+0000] {taskinstance.py:352} INFO - Marking task as SUCCESS. dag_id=IMPORTATION_ECRITURE_COMPTABLES_ARTICLE_dag, task_id=check_directory, run_id=scheduled__2025-02-11T11:31:00+00:00, execution_date=20250211T113100, start_date=20250211T113202, end_date=20250211T113202
[2025-02-11T11:32:02.777+0000] {logging_mixin.py:190} INFO - Task instance in success state
[2025-02-11T11:32:02.777+0000] {logging_mixin.py:190} INFO -  Previous state of the Task instance: running
[2025-02-11T11:32:02.778+0000] {logging_mixin.py:190} INFO - Dag name:IMPORTATION_ECRITURE_COMPTABLES_ARTICLE_dag queued_at:2025-02-11 11:32:00.078049+00:00
[2025-02-11T11:32:02.779+0000] {logging_mixin.py:190} INFO - Task hostname:b6443be51f35 operator:BranchPythonOperator
[2025-02-11T11:32:02.826+0000] {local_task_job_runner.py:266} INFO - Task exited with return code 0
[2025-02-11T11:32:02.871+0000] {taskinstance.py:3895} INFO - 1 downstream tasks scheduled from follow-on schedule check
[2025-02-11T11:32:02.873+0000] {local_task_job_runner.py:245} INFO - ::endgroup::
[2025-02-11T11:32:56.630+0000] {local_task_job_runner.py:123} INFO - ::group::Pre task execution logs
[2025-02-11T11:32:56.764+0000] {taskinstance.py:2613} INFO - Dependencies all met for dep_context=non-requeueable deps ti=<TaskInstance: IMPORTATION_ECRITURE_COMPTABLES_ARTICLE_dag.check_directory scheduled__2025-02-11T11:31:00+00:00 [queued]>
[2025-02-11T11:32:56.774+0000] {taskinstance.py:2613} INFO - Dependencies all met for dep_context=requeueable deps ti=<TaskInstance: IMPORTATION_ECRITURE_COMPTABLES_ARTICLE_dag.check_directory scheduled__2025-02-11T11:31:00+00:00 [queued]>
[2025-02-11T11:32:56.775+0000] {taskinstance.py:2866} INFO - Starting attempt 1 of 2
[2025-02-11T11:32:56.791+0000] {taskinstance.py:2889} INFO - Executing <Task(BranchPythonOperator): check_directory> on 2025-02-11 11:31:00+00:00
[2025-02-11T11:32:56.798+0000] {warnings.py:112} WARNING - /home/***/.local/lib/python3.12/site-packages/***/task/task_runner/standard_task_runner.py:70: DeprecationWarning: This process (pid=8425) is multi-threaded, use of fork() may lead to deadlocks in the child.
  pid = os.fork()

[2025-02-11T11:32:56.800+0000] {standard_task_runner.py:72} INFO - Started process 8427 to run task
[2025-02-11T11:32:56.800+0000] {standard_task_runner.py:104} INFO - Running: ['***', 'tasks', 'run', 'IMPORTATION_ECRITURE_COMPTABLES_ARTICLE_dag', 'check_directory', 'scheduled__2025-02-11T11:31:00+00:00', '--job-id', '2392', '--raw', '--subdir', 'DAGS_FOLDER/my_directory_and_file_checker.py', '--cfg-path', '/tmp/tmplyhwebtg']
[2025-02-11T11:32:56.801+0000] {standard_task_runner.py:105} INFO - Job 2392: Subtask check_directory
[2025-02-11T11:32:56.856+0000] {task_command.py:467} INFO - Running <TaskInstance: IMPORTATION_ECRITURE_COMPTABLES_ARTICLE_dag.check_directory scheduled__2025-02-11T11:31:00+00:00 [running]> on host b6443be51f35
[2025-02-11T11:32:56.958+0000] {taskinstance.py:3132} INFO - Exporting env vars: AIRFLOW_CTX_DAG_OWNER='***' AIRFLOW_CTX_DAG_ID='IMPORTATION_ECRITURE_COMPTABLES_ARTICLE_dag' AIRFLOW_CTX_TASK_ID='check_directory' AIRFLOW_CTX_EXECUTION_DATE='2025-02-11T11:31:00+00:00' AIRFLOW_CTX_TRY_NUMBER='1' AIRFLOW_CTX_DAG_RUN_ID='scheduled__2025-02-11T11:31:00+00:00'
[2025-02-11T11:32:56.960+0000] {logging_mixin.py:190} INFO - Task instance is in running state
[2025-02-11T11:32:56.961+0000] {logging_mixin.py:190} INFO -  Previous state of the Task instance: queued
[2025-02-11T11:32:56.962+0000] {logging_mixin.py:190} INFO - Current task name:check_directory state:running start_date:2025-02-11 11:32:56.765748+00:00
[2025-02-11T11:32:56.963+0000] {logging_mixin.py:190} INFO - Dag name:IMPORTATION_ECRITURE_COMPTABLES_ARTICLE_dag and current dag run status:running
[2025-02-11T11:32:56.964+0000] {taskinstance.py:731} INFO - ::endgroup::
[2025-02-11T11:32:56.965+0000] {baseoperator.py:421} WARNING - BranchPythonOperator.execute cannot be called outside TaskInstance!
[2025-02-11T11:32:56.967+0000] {python.py:240} INFO - Done. Returned value was: check_file_in_directory
[2025-02-11T11:32:56.968+0000] {branch.py:38} INFO - Branch into check_file_in_directory
[2025-02-11T11:32:56.969+0000] {skipmixin.py:230} INFO - Following branch ('check_file_in_directory',)
[2025-02-11T11:32:56.983+0000] {skipmixin.py:278} INFO - Skipping tasks []
[2025-02-11T11:32:57.015+0000] {taskinstance.py:340} INFO - ::group::Post task execution logs
[2025-02-11T11:32:57.017+0000] {taskinstance.py:352} INFO - Marking task as SUCCESS. dag_id=IMPORTATION_ECRITURE_COMPTABLES_ARTICLE_dag, task_id=check_directory, run_id=scheduled__2025-02-11T11:31:00+00:00, execution_date=20250211T113100, start_date=20250211T113256, end_date=20250211T113257
[2025-02-11T11:32:57.029+0000] {logging_mixin.py:190} INFO - Task instance in success state
[2025-02-11T11:32:57.030+0000] {logging_mixin.py:190} INFO -  Previous state of the Task instance: running
[2025-02-11T11:32:57.031+0000] {logging_mixin.py:190} INFO - Dag name:IMPORTATION_ECRITURE_COMPTABLES_ARTICLE_dag queued_at:2025-02-11 11:32:54.996274+00:00
[2025-02-11T11:32:57.032+0000] {logging_mixin.py:190} INFO - Task hostname:b6443be51f35 operator:BranchPythonOperator
[2025-02-11T11:32:57.058+0000] {local_task_job_runner.py:266} INFO - Task exited with return code 0
[2025-02-11T11:32:57.093+0000] {taskinstance.py:3895} INFO - 1 downstream tasks scheduled from follow-on schedule check
[2025-02-11T11:32:57.097+0000] {local_task_job_runner.py:245} INFO - ::endgroup::
