[2025-02-11T09:21:05.913+0000] {local_task_job_runner.py:123} INFO - ::group::Pre task execution logs
[2025-02-11T09:21:06.028+0000] {taskinstance.py:2613} INFO - Dependencies all met for dep_context=non-requeueable deps ti=<TaskInstance: IMPORTATION_ECRITURE_COMPTABLES_ARTICLE_dag.verify_file_reliability scheduled__2025-02-11T09:20:00+00:00 [queued]>
[2025-02-11T09:21:06.035+0000] {taskinstance.py:2613} INFO - Dependencies all met for dep_context=requeueable deps ti=<TaskInstance: IMPORTATION_ECRITURE_COMPTABLES_ARTICLE_dag.verify_file_reliability scheduled__2025-02-11T09:20:00+00:00 [queued]>
[2025-02-11T09:21:06.057+0000] {taskinstance.py:2866} INFO - Starting attempt 1 of 2
[2025-02-11T09:21:06.070+0000] {taskinstance.py:2889} INFO - Executing <Task(BranchPythonOperator): verify_file_reliability> on 2025-02-11 09:20:00+00:00
[2025-02-11T09:21:06.075+0000] {warnings.py:112} WARNING - /home/***/.local/lib/python3.12/site-packages/***/task/task_runner/standard_task_runner.py:70: DeprecationWarning: This process (pid=5502) is multi-threaded, use of fork() may lead to deadlocks in the child.
  pid = os.fork()

[2025-02-11T09:21:06.076+0000] {standard_task_runner.py:72} INFO - Started process 5504 to run task
[2025-02-11T09:21:06.076+0000] {standard_task_runner.py:104} INFO - Running: ['***', 'tasks', 'run', 'IMPORTATION_ECRITURE_COMPTABLES_ARTICLE_dag', 'verify_file_reliability', 'scheduled__2025-02-11T09:20:00+00:00', '--job-id', '1976', '--raw', '--subdir', 'DAGS_FOLDER/my_directory_and_file_checker.py', '--cfg-path', '/tmp/tmp2su7eqcu']
[2025-02-11T09:21:06.077+0000] {standard_task_runner.py:105} INFO - Job 1976: Subtask verify_file_reliability
[2025-02-11T09:21:06.113+0000] {task_command.py:467} INFO - Running <TaskInstance: IMPORTATION_ECRITURE_COMPTABLES_ARTICLE_dag.verify_file_reliability scheduled__2025-02-11T09:20:00+00:00 [running]> on host b6443be51f35
[2025-02-11T09:21:06.211+0000] {taskinstance.py:3132} INFO - Exporting env vars: AIRFLOW_CTX_DAG_OWNER='***' AIRFLOW_CTX_DAG_ID='IMPORTATION_ECRITURE_COMPTABLES_ARTICLE_dag' AIRFLOW_CTX_TASK_ID='verify_file_reliability' AIRFLOW_CTX_EXECUTION_DATE='2025-02-11T09:20:00+00:00' AIRFLOW_CTX_TRY_NUMBER='1' AIRFLOW_CTX_DAG_RUN_ID='scheduled__2025-02-11T09:20:00+00:00'
[2025-02-11T09:21:06.212+0000] {logging_mixin.py:190} INFO - Task instance is in running state
[2025-02-11T09:21:06.213+0000] {logging_mixin.py:190} INFO -  Previous state of the Task instance: queued
[2025-02-11T09:21:06.213+0000] {logging_mixin.py:190} INFO - Current task name:verify_file_reliability state:running start_date:2025-02-11 09:21:06.028968+00:00
[2025-02-11T09:21:06.214+0000] {logging_mixin.py:190} INFO - Dag name:IMPORTATION_ECRITURE_COMPTABLES_ARTICLE_dag and current dag run status:running
[2025-02-11T09:21:06.214+0000] {taskinstance.py:731} INFO - ::endgroup::
[2025-02-11T09:21:06.215+0000] {baseoperator.py:421} WARNING - BranchPythonOperator.execute cannot be called outside TaskInstance!
[2025-02-11T09:21:06.216+0000] {logging_mixin.py:190} INFO - camarche22 /opt/***/files/in ['.csv'] ['utf-8', 'ISO-8859-1', 'Windows-1252'] {'accounting_date': <class 'datetime.date'>, 'lot_number': <class 'str'>, 'type_ecriture': <class 'str'>, 'type_document': <class 'str'>, 'document_number': <class 'str'>, 'article_number': <class 'str'>, 'variant_code': <class 'str'>, 'description': <class 'str'>, 'package_number': <class 'str'>, 'store_code': <class 'str'>, 'unit_code': <class 'str'>, 'created_by': <class 'str'>, 'quantity': <class 'float'>, 'quantity_in_sac': <class 'float'>, 'quantity_invoiced': <class 'float'>, 'remaining_quantity': <class 'str'>, 'quantity_reserved': <class 'float'>, 'lettering_writing': <class 'float'>, 'sales_amount_actual': <class 'float'>, 'total_cost_actual': <class 'float'>, 'total_cost_not_included': <class 'float'>, 'is_open': <class 'str'>, 'order_type': <class 'str'>, 'created_at': <class 'datetime.datetime'>, 'sequence_number': <class 'int'>, 'kor_by_reception': <class 'float'>, 'kor_input': <class 'float'>} {'Date comptabilisation': 'accounting_date', 'N° lot': 'lot_number', 'Type écriture': 'type_ecriture', 'Type document': 'type_document', 'N° document': 'document_number', 'N° article': 'article_number', 'Code variante': 'variant_code', 'Description': 'description', 'N° Package': 'package_number', 'Code magasin': 'store_code', 'Code unité': 'unit_code', 'Créé par': 'created_by', 'Quantité': 'quantity', 'Quantite en sac': 'quantity_in_sac', 'Quantité facturée': 'quantity_invoiced', 'Quantité restante': 'remaining_quantity', 'Quantité réservée': 'quantity_reserved', 'Ecriture lettrage': 'lettering_writing', 'Montant vente (réel)': 'sales_amount_actual', 'Coût total (réel)': 'total_cost_actual', 'Coût total (non incorp.)': 'total_cost_not_included', 'Ouvert': 'is_open', 'Type de commande': 'order_type', 'Créé à': 'created_at', 'N° séquence': 'sequence_number', 'KOR par Réception': 'kor_by_reception', 'KOR INPUT': 'kor_input'}
[2025-02-11T09:21:06.252+0000] {logging_mixin.py:190} INFO - 
📂 Contenu du fichier (utf-8): Écritures comptables article (11).csv
[2025-02-11T09:21:06.278+0000] {logging_mixin.py:190} INFO -   Date comptabilisation      N° lot  ... KOR par Réception KOR INPUT
0            24/01/2025  26LABCDE24  ...                 0         0
1            24/01/2025  26LABCDE24  ...                 0         0
2            24/01/2025  26LABCDE24  ...                 0         0
3            24/01/2025  26LABCDE24  ...                 0         0
4            24/01/2025  26LABCDE24  ...                 0         0

[5 rows x 27 columns]
[2025-02-11T09:21:06.279+0000] {logging_mixin.py:190} INFO - expected_columns20202 : ['accounting_date', 'lot_number', 'type_ecriture', 'type_document', 'document_number', 'article_number', 'variant_code', 'description', 'package_number', 'store_code', 'unit_code', 'created_by', 'quantity', 'quantity_in_sac', 'quantity_invoiced', 'remaining_quantity', 'quantity_reserved', 'lettering_writing', 'sales_amount_actual', 'total_cost_actual', 'total_cost_not_included', 'is_open', 'order_type', 'created_at', 'sequence_number', 'kor_by_reception', 'kor_input']
[2025-02-11T09:21:06.279+0000] {logging_mixin.py:190} INFO - renamed_columns2022 : {'Date comptabilisation': 'accounting_date', 'N° lot': 'lot_number', 'Type écriture': 'type_ecriture', 'Type document': 'type_document', 'N° document': 'document_number', 'N° article': 'article_number', 'Code variante': 'variant_code', 'Description': 'description', 'N° Package': 'package_number', 'Code magasin': 'store_code', 'Code unité': 'unit_code', 'Créé par': 'created_by', 'Quantité': 'quantity', 'Quantite en sac': 'quantity_in_sac', 'Quantité facturée': 'quantity_invoiced', 'Quantité restante': 'remaining_quantity', 'Quantité réservée': 'quantity_reserved', 'Ecriture lettrage': 'lettering_writing', 'Montant vente (réel)': 'sales_amount_actual', 'Coût total (réel)': 'total_cost_actual', 'Coût total (non incorp.)': 'total_cost_not_included', 'Ouvert': 'is_open', 'Type de commande': 'order_type', 'Créé à': 'created_at', 'N° séquence': 'sequence_number', 'KOR par Réception': 'kor_by_reception', 'KOR INPUT': 'kor_input'}
[2025-02-11T09:21:06.545+0000] {logging_mixin.py:190} INFO - ✅Lignes  ('✅ Le fichier respecte les colonnes attendues et les types de données.', True) 4915
[2025-02-11T09:21:06.549+0000] {logging_mixin.py:190} INFO - merci
[2025-02-11T09:21:06.558+0000] {base.py:84} INFO - Retrieving connection 'mysql_conn'
[2025-02-11T09:21:06.568+0000] {logging_mixin.py:190} INFO - (('attendancedb',), ('caprostockdb',), ('information_schema',), ('mysql',), ('netvision_db',), ('performance_schema',), ('pointing_db',), ('posgpt_db',), ('pythondb',), ('sys',), ('testimportdb',))
[2025-02-11T09:21:06.607+0000] {logging_mixin.py:190} INFO - ⚠️ Données avant insertion : accounting_date            object
lot_number                 object
type_ecriture              object
type_document              object
document_number            object
article_number             object
variant_code               object
description                object
package_number             object
store_code                 object
unit_code                  object
created_by                 object
quantity                   object
quantity_in_sac             int64
quantity_invoiced          object
remaining_quantity         object
quantity_reserved           int64
lettering_writing           int64
sales_amount_actual         int64
total_cost_actual           int64
total_cost_not_included     int64
is_open                    object
order_type                 object
created_at                 object
sequence_number             int64
kor_by_reception            int64
kor_input                   int64
dtype: object
[2025-02-11T09:21:06.628+0000] {logging_mixin.py:190} INFO - Aperçu des données :   accounting_date  lot_number  ... kor_by_reception kor_input
0      2025-01-24  26LABCDE24  ...                0         0
1      2025-01-24  26LABCDE24  ...                0         0
2      2025-01-24  26LABCDE24  ...                0         0
3      2025-01-24  26LABCDE24  ...                0         0
4      2025-01-24  26LABCDE24  ...                0         0

[5 rows x 27 columns]
[2025-02-11T09:21:06.632+0000] {logging_mixin.py:190} INFO - ⚠️ Données supprimées avant insertion.
[2025-02-11T09:21:06.653+0000] {logging_mixin.py:190} INFO - ❌ Erreur de connexion : name 'TABLE' is not defined
[2025-02-11T09:21:06.658+0000] {logging_mixin.py:190} INFO - connexion sql echoue
[2025-02-11T09:21:06.686+0000] {logging_mixin.py:190} INFO - ❌ Erreur lors du déplacement du fichier : [Errno 13] Permission denied: '/opt/***/files/in/Écritures comptables article (11).csv'
[2025-02-11T09:21:06.689+0000] {python.py:240} INFO - Done. Returned value was: None
[2025-02-11T09:21:06.689+0000] {branch.py:38} INFO - Branch into None
[2025-02-11T09:21:06.690+0000] {skipmixin.py:230} INFO - Following branch ()
[2025-02-11T09:21:06.697+0000] {skipmixin.py:278} INFO - Skipping tasks [('end', -1), ('import_temp_ecc_to_ecc', -1)]
[2025-02-11T09:21:06.718+0000] {taskinstance.py:340} INFO - ::group::Post task execution logs
[2025-02-11T09:21:06.719+0000] {taskinstance.py:352} INFO - Marking task as SUCCESS. dag_id=IMPORTATION_ECRITURE_COMPTABLES_ARTICLE_dag, task_id=verify_file_reliability, run_id=scheduled__2025-02-11T09:20:00+00:00, execution_date=20250211T092000, start_date=20250211T092106, end_date=20250211T092106
[2025-02-11T09:21:06.728+0000] {logging_mixin.py:190} INFO - Task instance in success state
[2025-02-11T09:21:06.729+0000] {logging_mixin.py:190} INFO -  Previous state of the Task instance: running
[2025-02-11T09:21:06.729+0000] {logging_mixin.py:190} INFO - Dag name:IMPORTATION_ECRITURE_COMPTABLES_ARTICLE_dag queued_at:2025-02-11 09:21:00.046764+00:00
[2025-02-11T09:21:06.730+0000] {logging_mixin.py:190} INFO - Task hostname:b6443be51f35 operator:BranchPythonOperator
[2025-02-11T09:21:06.772+0000] {local_task_job_runner.py:266} INFO - Task exited with return code 0
[2025-02-11T09:21:06.784+0000] {taskinstance.py:3895} INFO - 0 downstream tasks scheduled from follow-on schedule check
[2025-02-11T09:21:06.802+0000] {local_task_job_runner.py:245} INFO - ::endgroup::
[2025-02-11T09:21:49.057+0000] {local_task_job_runner.py:123} INFO - ::group::Pre task execution logs
[2025-02-11T09:21:49.238+0000] {taskinstance.py:2613} INFO - Dependencies all met for dep_context=non-requeueable deps ti=<TaskInstance: IMPORTATION_ECRITURE_COMPTABLES_ARTICLE_dag.verify_file_reliability scheduled__2025-02-11T09:20:00+00:00 [queued]>
[2025-02-11T09:21:49.248+0000] {taskinstance.py:2613} INFO - Dependencies all met for dep_context=requeueable deps ti=<TaskInstance: IMPORTATION_ECRITURE_COMPTABLES_ARTICLE_dag.verify_file_reliability scheduled__2025-02-11T09:20:00+00:00 [queued]>
[2025-02-11T09:21:49.249+0000] {taskinstance.py:2866} INFO - Starting attempt 1 of 2
[2025-02-11T09:21:49.266+0000] {taskinstance.py:2889} INFO - Executing <Task(BranchPythonOperator): verify_file_reliability> on 2025-02-11 09:20:00+00:00
[2025-02-11T09:21:49.275+0000] {warnings.py:112} WARNING - /home/***/.local/lib/python3.12/site-packages/***/task/task_runner/standard_task_runner.py:70: DeprecationWarning: This process (pid=5533) is multi-threaded, use of fork() may lead to deadlocks in the child.
  pid = os.fork()

[2025-02-11T09:21:49.276+0000] {standard_task_runner.py:72} INFO - Started process 5535 to run task
[2025-02-11T09:21:49.278+0000] {standard_task_runner.py:104} INFO - Running: ['***', 'tasks', 'run', 'IMPORTATION_ECRITURE_COMPTABLES_ARTICLE_dag', 'verify_file_reliability', 'scheduled__2025-02-11T09:20:00+00:00', '--job-id', '1982', '--raw', '--subdir', 'DAGS_FOLDER/my_directory_and_file_checker.py', '--cfg-path', '/tmp/tmp_06_1mx5']
[2025-02-11T09:21:49.279+0000] {standard_task_runner.py:105} INFO - Job 1982: Subtask verify_file_reliability
[2025-02-11T09:21:49.336+0000] {task_command.py:467} INFO - Running <TaskInstance: IMPORTATION_ECRITURE_COMPTABLES_ARTICLE_dag.verify_file_reliability scheduled__2025-02-11T09:20:00+00:00 [running]> on host b6443be51f35
[2025-02-11T09:21:49.461+0000] {taskinstance.py:3132} INFO - Exporting env vars: AIRFLOW_CTX_DAG_OWNER='***' AIRFLOW_CTX_DAG_ID='IMPORTATION_ECRITURE_COMPTABLES_ARTICLE_dag' AIRFLOW_CTX_TASK_ID='verify_file_reliability' AIRFLOW_CTX_EXECUTION_DATE='2025-02-11T09:20:00+00:00' AIRFLOW_CTX_TRY_NUMBER='1' AIRFLOW_CTX_DAG_RUN_ID='scheduled__2025-02-11T09:20:00+00:00'
[2025-02-11T09:21:49.462+0000] {logging_mixin.py:190} INFO - Task instance is in running state
[2025-02-11T09:21:49.463+0000] {logging_mixin.py:190} INFO -  Previous state of the Task instance: queued
[2025-02-11T09:21:49.464+0000] {logging_mixin.py:190} INFO - Current task name:verify_file_reliability state:running start_date:2025-02-11 09:21:49.238690+00:00
[2025-02-11T09:21:49.465+0000] {logging_mixin.py:190} INFO - Dag name:IMPORTATION_ECRITURE_COMPTABLES_ARTICLE_dag and current dag run status:running
[2025-02-11T09:21:49.465+0000] {taskinstance.py:731} INFO - ::endgroup::
[2025-02-11T09:21:49.466+0000] {baseoperator.py:421} WARNING - BranchPythonOperator.execute cannot be called outside TaskInstance!
[2025-02-11T09:21:49.468+0000] {logging_mixin.py:190} INFO - camarche22 /opt/***/files/in ['.csv'] ['utf-8', 'ISO-8859-1', 'Windows-1252'] {'accounting_date': <class 'datetime.date'>, 'lot_number': <class 'str'>, 'type_ecriture': <class 'str'>, 'type_document': <class 'str'>, 'document_number': <class 'str'>, 'article_number': <class 'str'>, 'variant_code': <class 'str'>, 'description': <class 'str'>, 'package_number': <class 'str'>, 'store_code': <class 'str'>, 'unit_code': <class 'str'>, 'created_by': <class 'str'>, 'quantity': <class 'float'>, 'quantity_in_sac': <class 'float'>, 'quantity_invoiced': <class 'float'>, 'remaining_quantity': <class 'str'>, 'quantity_reserved': <class 'float'>, 'lettering_writing': <class 'float'>, 'sales_amount_actual': <class 'float'>, 'total_cost_actual': <class 'float'>, 'total_cost_not_included': <class 'float'>, 'is_open': <class 'str'>, 'order_type': <class 'str'>, 'created_at': <class 'datetime.datetime'>, 'sequence_number': <class 'int'>, 'kor_by_reception': <class 'float'>, 'kor_input': <class 'float'>} {'Date comptabilisation': 'accounting_date', 'N° lot': 'lot_number', 'Type écriture': 'type_ecriture', 'Type document': 'type_document', 'N° document': 'document_number', 'N° article': 'article_number', 'Code variante': 'variant_code', 'Description': 'description', 'N° Package': 'package_number', 'Code magasin': 'store_code', 'Code unité': 'unit_code', 'Créé par': 'created_by', 'Quantité': 'quantity', 'Quantite en sac': 'quantity_in_sac', 'Quantité facturée': 'quantity_invoiced', 'Quantité restante': 'remaining_quantity', 'Quantité réservée': 'quantity_reserved', 'Ecriture lettrage': 'lettering_writing', 'Montant vente (réel)': 'sales_amount_actual', 'Coût total (réel)': 'total_cost_actual', 'Coût total (non incorp.)': 'total_cost_not_included', 'Ouvert': 'is_open', 'Type de commande': 'order_type', 'Créé à': 'created_at', 'N° séquence': 'sequence_number', 'KOR par Réception': 'kor_by_reception', 'KOR INPUT': 'kor_input'}
[2025-02-11T09:21:49.521+0000] {logging_mixin.py:190} INFO - 
📂 Contenu du fichier (utf-8): Écritures comptables article (11).csv
[2025-02-11T09:21:49.567+0000] {logging_mixin.py:190} INFO -   Date comptabilisation      N° lot  ... KOR par Réception KOR INPUT
0            24/01/2025  26LABCDE24  ...                 0         0
1            24/01/2025  26LABCDE24  ...                 0         0
2            24/01/2025  26LABCDE24  ...                 0         0
3            24/01/2025  26LABCDE24  ...                 0         0
4            24/01/2025  26LABCDE24  ...                 0         0

[5 rows x 27 columns]
[2025-02-11T09:21:49.567+0000] {logging_mixin.py:190} INFO - expected_columns20202 : ['accounting_date', 'lot_number', 'type_ecriture', 'type_document', 'document_number', 'article_number', 'variant_code', 'description', 'package_number', 'store_code', 'unit_code', 'created_by', 'quantity', 'quantity_in_sac', 'quantity_invoiced', 'remaining_quantity', 'quantity_reserved', 'lettering_writing', 'sales_amount_actual', 'total_cost_actual', 'total_cost_not_included', 'is_open', 'order_type', 'created_at', 'sequence_number', 'kor_by_reception', 'kor_input']
[2025-02-11T09:21:49.568+0000] {logging_mixin.py:190} INFO - renamed_columns2022 : {'Date comptabilisation': 'accounting_date', 'N° lot': 'lot_number', 'Type écriture': 'type_ecriture', 'Type document': 'type_document', 'N° document': 'document_number', 'N° article': 'article_number', 'Code variante': 'variant_code', 'Description': 'description', 'N° Package': 'package_number', 'Code magasin': 'store_code', 'Code unité': 'unit_code', 'Créé par': 'created_by', 'Quantité': 'quantity', 'Quantite en sac': 'quantity_in_sac', 'Quantité facturée': 'quantity_invoiced', 'Quantité restante': 'remaining_quantity', 'Quantité réservée': 'quantity_reserved', 'Ecriture lettrage': 'lettering_writing', 'Montant vente (réel)': 'sales_amount_actual', 'Coût total (réel)': 'total_cost_actual', 'Coût total (non incorp.)': 'total_cost_not_included', 'Ouvert': 'is_open', 'Type de commande': 'order_type', 'Créé à': 'created_at', 'N° séquence': 'sequence_number', 'KOR par Réception': 'kor_by_reception', 'KOR INPUT': 'kor_input'}
[2025-02-11T09:21:50.046+0000] {logging_mixin.py:190} INFO - ✅Lignes  ('✅ Le fichier respecte les colonnes attendues et les types de données.', True) 4915
[2025-02-11T09:21:50.050+0000] {logging_mixin.py:190} INFO - merci
[2025-02-11T09:21:50.059+0000] {base.py:84} INFO - Retrieving connection 'mysql_conn'
[2025-02-11T09:21:50.076+0000] {logging_mixin.py:190} INFO - (('attendancedb',), ('caprostockdb',), ('information_schema',), ('mysql',), ('netvision_db',), ('performance_schema',), ('pointing_db',), ('posgpt_db',), ('pythondb',), ('sys',), ('testimportdb',))
[2025-02-11T09:21:50.142+0000] {logging_mixin.py:190} INFO - ⚠️ Données avant insertion : accounting_date            object
lot_number                 object
type_ecriture              object
type_document              object
document_number            object
article_number             object
variant_code               object
description                object
package_number             object
store_code                 object
unit_code                  object
created_by                 object
quantity                   object
quantity_in_sac             int64
quantity_invoiced          object
remaining_quantity         object
quantity_reserved           int64
lettering_writing           int64
sales_amount_actual         int64
total_cost_actual           int64
total_cost_not_included     int64
is_open                    object
order_type                 object
created_at                 object
sequence_number             int64
kor_by_reception            int64
kor_input                   int64
dtype: object
[2025-02-11T09:21:50.180+0000] {logging_mixin.py:190} INFO - Aperçu des données :   accounting_date  lot_number  ... kor_by_reception kor_input
0      2025-01-24  26LABCDE24  ...                0         0
1      2025-01-24  26LABCDE24  ...                0         0
2      2025-01-24  26LABCDE24  ...                0         0
3      2025-01-24  26LABCDE24  ...                0         0
4      2025-01-24  26LABCDE24  ...                0         0

[5 rows x 27 columns]
[2025-02-11T09:21:50.184+0000] {logging_mixin.py:190} INFO - ⚠️ Données supprimées avant insertion.
[2025-02-11T09:21:50.220+0000] {logging_mixin.py:190} INFO - ❌ Erreur de connexion : name 'TABLE' is not defined
[2025-02-11T09:21:50.226+0000] {logging_mixin.py:190} INFO - connexion sql echoue
[2025-02-11T09:21:50.268+0000] {logging_mixin.py:190} INFO - ❌ Erreur lors du déplacement du fichier : [Errno 13] Permission denied: '/opt/***/files/in/Écritures comptables article (11).csv'
[2025-02-11T09:21:50.272+0000] {python.py:240} INFO - Done. Returned value was: None
[2025-02-11T09:21:50.273+0000] {branch.py:38} INFO - Branch into None
[2025-02-11T09:21:50.273+0000] {skipmixin.py:230} INFO - Following branch ()
[2025-02-11T09:21:50.289+0000] {skipmixin.py:278} INFO - Skipping tasks [('end', -1), ('import_temp_ecc_to_ecc', -1)]
[2025-02-11T09:21:50.311+0000] {taskinstance.py:340} INFO - ::group::Post task execution logs
[2025-02-11T09:21:50.312+0000] {taskinstance.py:352} INFO - Marking task as SUCCESS. dag_id=IMPORTATION_ECRITURE_COMPTABLES_ARTICLE_dag, task_id=verify_file_reliability, run_id=scheduled__2025-02-11T09:20:00+00:00, execution_date=20250211T092000, start_date=20250211T092149, end_date=20250211T092150
[2025-02-11T09:21:50.325+0000] {logging_mixin.py:190} INFO - Task instance in success state
[2025-02-11T09:21:50.325+0000] {logging_mixin.py:190} INFO -  Previous state of the Task instance: running
[2025-02-11T09:21:50.326+0000] {logging_mixin.py:190} INFO - Dag name:IMPORTATION_ECRITURE_COMPTABLES_ARTICLE_dag queued_at:2025-02-11 09:21:42.824450+00:00
[2025-02-11T09:21:50.326+0000] {logging_mixin.py:190} INFO - Task hostname:b6443be51f35 operator:BranchPythonOperator
[2025-02-11T09:21:50.377+0000] {local_task_job_runner.py:266} INFO - Task exited with return code 0
[2025-02-11T09:21:50.394+0000] {taskinstance.py:3895} INFO - 0 downstream tasks scheduled from follow-on schedule check
[2025-02-11T09:21:50.396+0000] {local_task_job_runner.py:245} INFO - ::endgroup::
