[2025-02-14T00:05:01.286+0000] {local_task_job_runner.py:123} INFO - ::group::Pre task execution logs
[2025-02-14T00:05:01.421+0000] {taskinstance.py:2613} INFO - Dependencies all met for dep_context=non-requeueable deps ti=<TaskInstance: IMPORTATION_ECRITURE_COMPTABLES_ARTICLE_dag.check_directory scheduled__2025-02-14T00:04:00+00:00 [queued]>
[2025-02-14T00:05:01.429+0000] {taskinstance.py:2613} INFO - Dependencies all met for dep_context=requeueable deps ti=<TaskInstance: IMPORTATION_ECRITURE_COMPTABLES_ARTICLE_dag.check_directory scheduled__2025-02-14T00:04:00+00:00 [queued]>
[2025-02-14T00:05:01.430+0000] {taskinstance.py:2866} INFO - Starting attempt 1 of 2
[2025-02-14T00:05:01.441+0000] {taskinstance.py:2889} INFO - Executing <Task(BranchPythonOperator): check_directory> on 2025-02-14 00:04:00+00:00
[2025-02-14T00:05:01.446+0000] {warnings.py:112} WARNING - /home/***/.local/lib/python3.12/site-packages/***/task/task_runner/standard_task_runner.py:70: DeprecationWarning: This process (pid=633) is multi-threaded, use of fork() may lead to deadlocks in the child.
  pid = os.fork()

[2025-02-14T00:05:01.448+0000] {standard_task_runner.py:72} INFO - Started process 635 to run task
[2025-02-14T00:05:01.448+0000] {standard_task_runner.py:104} INFO - Running: ['***', 'tasks', 'run', 'IMPORTATION_ECRITURE_COMPTABLES_ARTICLE_dag', 'check_directory', 'scheduled__2025-02-14T00:04:00+00:00', '--job-id', '8688', '--raw', '--subdir', 'DAGS_FOLDER/my_directory_and_file_checker.py', '--cfg-path', '/tmp/tmpqw3fn1rd']
[2025-02-14T00:05:01.449+0000] {standard_task_runner.py:105} INFO - Job 8688: Subtask check_directory
[2025-02-14T00:05:01.491+0000] {task_command.py:467} INFO - Running <TaskInstance: IMPORTATION_ECRITURE_COMPTABLES_ARTICLE_dag.check_directory scheduled__2025-02-14T00:04:00+00:00 [running]> on host b6443be51f35
[2025-02-14T00:05:01.561+0000] {taskinstance.py:3132} INFO - Exporting env vars: AIRFLOW_CTX_DAG_OWNER='***' AIRFLOW_CTX_DAG_ID='IMPORTATION_ECRITURE_COMPTABLES_ARTICLE_dag' AIRFLOW_CTX_TASK_ID='check_directory' AIRFLOW_CTX_EXECUTION_DATE='2025-02-14T00:04:00+00:00' AIRFLOW_CTX_TRY_NUMBER='1' AIRFLOW_CTX_DAG_RUN_ID='scheduled__2025-02-14T00:04:00+00:00'
[2025-02-14T00:05:01.563+0000] {logging_mixin.py:190} INFO - Task instance is in running state
[2025-02-14T00:05:01.564+0000] {logging_mixin.py:190} INFO -  Previous state of the Task instance: queued
[2025-02-14T00:05:01.564+0000] {logging_mixin.py:190} INFO - Current task name:check_directory state:running start_date:2025-02-14 00:05:01.421911+00:00
[2025-02-14T00:05:01.564+0000] {logging_mixin.py:190} INFO - Dag name:IMPORTATION_ECRITURE_COMPTABLES_ARTICLE_dag and current dag run status:running
[2025-02-14T00:05:01.565+0000] {taskinstance.py:731} INFO - ::endgroup::
[2025-02-14T00:05:01.565+0000] {baseoperator.py:421} WARNING - BranchPythonOperator.execute cannot be called outside TaskInstance!
[2025-02-14T00:05:01.566+0000] {python.py:240} INFO - Done. Returned value was: check_file_in_directory
[2025-02-14T00:05:01.566+0000] {branch.py:38} INFO - Branch into check_file_in_directory
[2025-02-14T00:05:01.567+0000] {skipmixin.py:230} INFO - Following branch ('check_file_in_directory',)
[2025-02-14T00:05:01.574+0000] {skipmixin.py:278} INFO - Skipping tasks []
[2025-02-14T00:05:01.597+0000] {taskinstance.py:340} INFO - ::group::Post task execution logs
[2025-02-14T00:05:01.598+0000] {taskinstance.py:352} INFO - Marking task as SUCCESS. dag_id=IMPORTATION_ECRITURE_COMPTABLES_ARTICLE_dag, task_id=check_directory, run_id=scheduled__2025-02-14T00:04:00+00:00, execution_date=20250214T000400, start_date=20250214T000501, end_date=20250214T000501
[2025-02-14T00:05:01.607+0000] {logging_mixin.py:190} INFO - Task instance in success state
[2025-02-14T00:05:01.608+0000] {logging_mixin.py:190} INFO -  Previous state of the Task instance: running
[2025-02-14T00:05:01.608+0000] {logging_mixin.py:190} INFO - Dag name:IMPORTATION_ECRITURE_COMPTABLES_ARTICLE_dag queued_at:2025-02-14 00:05:00.053219+00:00
[2025-02-14T00:05:01.609+0000] {logging_mixin.py:190} INFO - Task hostname:b6443be51f35 operator:BranchPythonOperator
[2025-02-14T00:05:01.623+0000] {local_task_job_runner.py:266} INFO - Task exited with return code 0
[2025-02-14T00:05:01.653+0000] {taskinstance.py:3895} INFO - 1 downstream tasks scheduled from follow-on schedule check
[2025-02-14T00:05:01.655+0000] {local_task_job_runner.py:245} INFO - ::endgroup::
[2025-02-14T00:05:56.113+0000] {local_task_job_runner.py:123} INFO - ::group::Pre task execution logs
[2025-02-14T00:05:56.128+0000] {taskinstance.py:2613} INFO - Dependencies all met for dep_context=non-requeueable deps ti=<TaskInstance: IMPORTATION_ECRITURE_COMPTABLES_ARTICLE_dag.check_directory scheduled__2025-02-14T00:04:00+00:00 [queued]>
[2025-02-14T00:05:56.136+0000] {taskinstance.py:2613} INFO - Dependencies all met for dep_context=requeueable deps ti=<TaskInstance: IMPORTATION_ECRITURE_COMPTABLES_ARTICLE_dag.check_directory scheduled__2025-02-14T00:04:00+00:00 [queued]>
[2025-02-14T00:05:56.137+0000] {taskinstance.py:2866} INFO - Starting attempt 1 of 2
[2025-02-14T00:05:56.245+0000] {taskinstance.py:2889} INFO - Executing <Task(BranchPythonOperator): check_directory> on 2025-02-14 00:04:00+00:00
[2025-02-14T00:05:56.251+0000] {warnings.py:112} WARNING - /home/***/.local/lib/python3.12/site-packages/***/task/task_runner/standard_task_runner.py:70: DeprecationWarning: This process (pid=659) is multi-threaded, use of fork() may lead to deadlocks in the child.
  pid = os.fork()

[2025-02-14T00:05:56.253+0000] {standard_task_runner.py:72} INFO - Started process 661 to run task
[2025-02-14T00:05:56.253+0000] {standard_task_runner.py:104} INFO - Running: ['***', 'tasks', 'run', 'IMPORTATION_ECRITURE_COMPTABLES_ARTICLE_dag', 'check_directory', 'scheduled__2025-02-14T00:04:00+00:00', '--job-id', '8691', '--raw', '--subdir', 'DAGS_FOLDER/my_directory_and_file_checker.py', '--cfg-path', '/tmp/tmpm_12knwt']
[2025-02-14T00:05:56.254+0000] {standard_task_runner.py:105} INFO - Job 8691: Subtask check_directory
[2025-02-14T00:05:56.297+0000] {task_command.py:467} INFO - Running <TaskInstance: IMPORTATION_ECRITURE_COMPTABLES_ARTICLE_dag.check_directory scheduled__2025-02-14T00:04:00+00:00 [running]> on host b6443be51f35
[2025-02-14T00:05:56.369+0000] {taskinstance.py:3132} INFO - Exporting env vars: AIRFLOW_CTX_DAG_OWNER='***' AIRFLOW_CTX_DAG_ID='IMPORTATION_ECRITURE_COMPTABLES_ARTICLE_dag' AIRFLOW_CTX_TASK_ID='check_directory' AIRFLOW_CTX_EXECUTION_DATE='2025-02-14T00:04:00+00:00' AIRFLOW_CTX_TRY_NUMBER='1' AIRFLOW_CTX_DAG_RUN_ID='scheduled__2025-02-14T00:04:00+00:00'
[2025-02-14T00:05:56.370+0000] {logging_mixin.py:190} INFO - Task instance is in running state
[2025-02-14T00:05:56.371+0000] {logging_mixin.py:190} INFO -  Previous state of the Task instance: queued
[2025-02-14T00:05:56.372+0000] {logging_mixin.py:190} INFO - Current task name:check_directory state:running start_date:2025-02-14 00:05:56.129760+00:00
[2025-02-14T00:05:56.372+0000] {logging_mixin.py:190} INFO - Dag name:IMPORTATION_ECRITURE_COMPTABLES_ARTICLE_dag and current dag run status:running
[2025-02-14T00:05:56.373+0000] {taskinstance.py:731} INFO - ::endgroup::
[2025-02-14T00:05:56.373+0000] {baseoperator.py:421} WARNING - BranchPythonOperator.execute cannot be called outside TaskInstance!
[2025-02-14T00:05:56.374+0000] {python.py:240} INFO - Done. Returned value was: check_file_in_directory
[2025-02-14T00:05:56.375+0000] {branch.py:38} INFO - Branch into check_file_in_directory
[2025-02-14T00:05:56.376+0000] {skipmixin.py:230} INFO - Following branch ('check_file_in_directory',)
[2025-02-14T00:05:56.387+0000] {skipmixin.py:278} INFO - Skipping tasks []
[2025-02-14T00:05:56.411+0000] {taskinstance.py:340} INFO - ::group::Post task execution logs
[2025-02-14T00:05:56.412+0000] {taskinstance.py:352} INFO - Marking task as SUCCESS. dag_id=IMPORTATION_ECRITURE_COMPTABLES_ARTICLE_dag, task_id=check_directory, run_id=scheduled__2025-02-14T00:04:00+00:00, execution_date=20250214T000400, start_date=20250214T000556, end_date=20250214T000556
[2025-02-14T00:05:56.419+0000] {logging_mixin.py:190} INFO - Task instance in success state
[2025-02-14T00:05:56.420+0000] {logging_mixin.py:190} INFO -  Previous state of the Task instance: running
[2025-02-14T00:05:56.421+0000] {logging_mixin.py:190} INFO - Dag name:IMPORTATION_ECRITURE_COMPTABLES_ARTICLE_dag queued_at:2025-02-14 00:05:54.535875+00:00
[2025-02-14T00:05:56.422+0000] {logging_mixin.py:190} INFO - Task hostname:b6443be51f35 operator:BranchPythonOperator
[2025-02-14T00:05:56.468+0000] {local_task_job_runner.py:266} INFO - Task exited with return code 0
[2025-02-14T00:05:56.496+0000] {taskinstance.py:3895} INFO - 1 downstream tasks scheduled from follow-on schedule check
[2025-02-14T00:05:56.499+0000] {local_task_job_runner.py:245} INFO - ::endgroup::
