[2025-02-10T14:42:03.472+0000] {local_task_job_runner.py:123} INFO - ::group::Pre task execution logs
[2025-02-10T14:42:03.489+0000] {taskinstance.py:2613} INFO - Dependencies all met for dep_context=non-requeueable deps ti=<TaskInstance: directory_and_file_verification_dag.check_directory manual__2025-02-10T14:42:01.148732+00:00 [queued]>
[2025-02-10T14:42:03.498+0000] {taskinstance.py:2613} INFO - Dependencies all met for dep_context=requeueable deps ti=<TaskInstance: directory_and_file_verification_dag.check_directory manual__2025-02-10T14:42:01.148732+00:00 [queued]>
[2025-02-10T14:42:03.499+0000] {taskinstance.py:2866} INFO - Starting attempt 1 of 1
[2025-02-10T14:42:03.512+0000] {taskinstance.py:2889} INFO - Executing <Task(BranchPythonOperator): check_directory> on 2025-02-10 14:42:01.148732+00:00
[2025-02-10T14:42:03.517+0000] {warnings.py:112} WARNING - /home/***/.local/lib/python3.12/site-packages/***/task/task_runner/standard_task_runner.py:70: DeprecationWarning: This process (pid=5800) is multi-threaded, use of fork() may lead to deadlocks in the child.
  pid = os.fork()

[2025-02-10T14:42:03.519+0000] {standard_task_runner.py:72} INFO - Started process 5802 to run task
[2025-02-10T14:42:03.519+0000] {standard_task_runner.py:104} INFO - Running: ['***', 'tasks', 'run', 'directory_and_file_verification_dag', 'check_directory', 'manual__2025-02-10T14:42:01.148732+00:00', '--job-id', '245', '--raw', '--subdir', 'DAGS_FOLDER/my_directory_and_file_checker.py', '--cfg-path', '/tmp/tmp5ii7eabh']
[2025-02-10T14:42:03.520+0000] {standard_task_runner.py:105} INFO - Job 245: Subtask check_directory
[2025-02-10T14:42:03.565+0000] {task_command.py:467} INFO - Running <TaskInstance: directory_and_file_verification_dag.check_directory manual__2025-02-10T14:42:01.148732+00:00 [running]> on host b6443be51f35
[2025-02-10T14:42:03.643+0000] {taskinstance.py:3132} INFO - Exporting env vars: AIRFLOW_CTX_DAG_OWNER='***' AIRFLOW_CTX_DAG_ID='directory_and_file_verification_dag' AIRFLOW_CTX_TASK_ID='check_directory' AIRFLOW_CTX_EXECUTION_DATE='2025-02-10T14:42:01.148732+00:00' AIRFLOW_CTX_TRY_NUMBER='1' AIRFLOW_CTX_DAG_RUN_ID='manual__2025-02-10T14:42:01.148732+00:00'
[2025-02-10T14:42:03.645+0000] {logging_mixin.py:190} INFO - Task instance is in running state
[2025-02-10T14:42:03.646+0000] {logging_mixin.py:190} INFO -  Previous state of the Task instance: queued
[2025-02-10T14:42:03.646+0000] {logging_mixin.py:190} INFO - Current task name:check_directory state:running start_date:2025-02-10 14:42:03.490152+00:00
[2025-02-10T14:42:03.647+0000] {logging_mixin.py:190} INFO - Dag name:directory_and_file_verification_dag and current dag run status:running
[2025-02-10T14:42:03.647+0000] {taskinstance.py:731} INFO - ::endgroup::
[2025-02-10T14:42:03.648+0000] {baseoperator.py:421} WARNING - BranchPythonOperator.execute cannot be called outside TaskInstance!
[2025-02-10T14:42:03.649+0000] {python.py:240} INFO - Done. Returned value was: check_file_in_directory
[2025-02-10T14:42:03.650+0000] {branch.py:38} INFO - Branch into check_file_in_directory
[2025-02-10T14:42:03.650+0000] {skipmixin.py:230} INFO - Following branch ('check_file_in_directory',)
[2025-02-10T14:42:03.852+0000] {skipmixin.py:278} INFO - Skipping tasks []
[2025-02-10T14:42:03.879+0000] {taskinstance.py:340} INFO - ::group::Post task execution logs
[2025-02-10T14:42:03.880+0000] {taskinstance.py:352} INFO - Marking task as SUCCESS. dag_id=directory_and_file_verification_dag, task_id=check_directory, run_id=manual__2025-02-10T14:42:01.148732+00:00, execution_date=20250210T144201, start_date=20250210T144203, end_date=20250210T144203
[2025-02-10T14:42:03.888+0000] {logging_mixin.py:190} INFO - Task instance in success state
[2025-02-10T14:42:03.889+0000] {logging_mixin.py:190} INFO -  Previous state of the Task instance: running
[2025-02-10T14:42:03.889+0000] {logging_mixin.py:190} INFO - Dag name:directory_and_file_verification_dag queued_at:2025-02-10 14:42:01.160350+00:00
[2025-02-10T14:42:03.890+0000] {logging_mixin.py:190} INFO - Task hostname:b6443be51f35 operator:BranchPythonOperator
[2025-02-10T14:42:03.935+0000] {local_task_job_runner.py:266} INFO - Task exited with return code 0
[2025-02-10T14:42:03.961+0000] {taskinstance.py:3895} INFO - 1 downstream tasks scheduled from follow-on schedule check
[2025-02-10T14:42:03.963+0000] {local_task_job_runner.py:245} INFO - ::endgroup::
