[2025-02-10T01:11:04.813+0000] {local_task_job_runner.py:123} INFO - ::group::Pre task execution logs
[2025-02-10T01:11:04.833+0000] {taskinstance.py:2613} INFO - Dependencies all met for dep_context=non-requeueable deps ti=<TaskInstance: directory_and_file_verification_dag.verify_file_reliability manual__2025-02-10T01:10:56.205213+00:00 [queued]>
[2025-02-10T01:11:04.938+0000] {taskinstance.py:2613} INFO - Dependencies all met for dep_context=requeueable deps ti=<TaskInstance: directory_and_file_verification_dag.verify_file_reliability manual__2025-02-10T01:10:56.205213+00:00 [queued]>
[2025-02-10T01:11:04.939+0000] {taskinstance.py:2866} INFO - Starting attempt 1 of 1
[2025-02-10T01:11:04.951+0000] {taskinstance.py:2889} INFO - Executing <Task(BranchPythonOperator): verify_file_reliability> on 2025-02-10 01:10:56.205213+00:00
[2025-02-10T01:11:04.956+0000] {warnings.py:112} WARNING - /home/***/.local/lib/python3.12/site-packages/***/task/task_runner/standard_task_runner.py:70: DeprecationWarning: This process (pid=1134) is multi-threaded, use of fork() may lead to deadlocks in the child.
  pid = os.fork()

[2025-02-10T01:11:04.958+0000] {standard_task_runner.py:72} INFO - Started process 1136 to run task
[2025-02-10T01:11:04.958+0000] {standard_task_runner.py:104} INFO - Running: ['***', 'tasks', 'run', 'directory_and_file_verification_dag', 'verify_file_reliability', 'manual__2025-02-10T01:10:56.205213+00:00', '--job-id', '199', '--raw', '--subdir', 'DAGS_FOLDER/my_directory_and_file_checker.py', '--cfg-path', '/tmp/tmp23gzq96l']
[2025-02-10T01:11:04.959+0000] {standard_task_runner.py:105} INFO - Job 199: Subtask verify_file_reliability
[2025-02-10T01:11:05.000+0000] {task_command.py:467} INFO - Running <TaskInstance: directory_and_file_verification_dag.verify_file_reliability manual__2025-02-10T01:10:56.205213+00:00 [running]> on host b6443be51f35
[2025-02-10T01:11:05.071+0000] {taskinstance.py:3132} INFO - Exporting env vars: AIRFLOW_CTX_DAG_OWNER='***' AIRFLOW_CTX_DAG_ID='directory_and_file_verification_dag' AIRFLOW_CTX_TASK_ID='verify_file_reliability' AIRFLOW_CTX_EXECUTION_DATE='2025-02-10T01:10:56.205213+00:00' AIRFLOW_CTX_TRY_NUMBER='1' AIRFLOW_CTX_DAG_RUN_ID='manual__2025-02-10T01:10:56.205213+00:00'
[2025-02-10T01:11:05.072+0000] {logging_mixin.py:190} INFO - Task instance is in running state
[2025-02-10T01:11:05.073+0000] {logging_mixin.py:190} INFO -  Previous state of the Task instance: queued
[2025-02-10T01:11:05.073+0000] {logging_mixin.py:190} INFO - Current task name:verify_file_reliability state:running start_date:2025-02-10 01:11:04.833663+00:00
[2025-02-10T01:11:05.074+0000] {logging_mixin.py:190} INFO - Dag name:directory_and_file_verification_dag and current dag run status:running
[2025-02-10T01:11:05.074+0000] {taskinstance.py:731} INFO - ::endgroup::
[2025-02-10T01:11:05.075+0000] {baseoperator.py:421} WARNING - BranchPythonOperator.execute cannot be called outside TaskInstance!
[2025-02-10T01:11:05.076+0000] {logging_mixin.py:190} INFO - camarche22 /opt/***/files/in ['.csv'] ['utf-8', 'ISO-8859-1', 'Windows-1252']
[2025-02-10T01:11:05.087+0000] {logging_mixin.py:190} INFO - 
📂 Contenu du fichier (utf-8): Écritures comptables article - Copie.csv
[2025-02-10T01:11:05.096+0000] {logging_mixin.py:190} INFO -   Date comptabilisation      N° lot Type écriture N° document  N° séquence
0            16/12/2024         NaN         Vente   BL1900145        15735
1            16/12/2024         NaN         Vente      107012        15734
2            11/01/2025  16LABCDE24    Production   RPO000460        15733
3            11/01/2025  16LABCDE24    Production   RPO000460        15731
[2025-02-10T01:11:05.100+0000] {logging_mixin.py:190} INFO - ✅Lignes  ('✅ Le fichier respecte les colonnes attendues et les types de données.', True) 4
[2025-02-10T01:11:05.104+0000] {logging_mixin.py:190} INFO - merci
[2025-02-10T01:11:05.117+0000] {base.py:84} INFO - Retrieving connection 'mysql_conn'
[2025-02-10T01:11:05.133+0000] {logging_mixin.py:190} INFO - (('attendancedb',), ('caprostockdb',), ('information_schema',), ('mysql',), ('netvision_db',), ('performance_schema',), ('pointing_db',), ('posgpt_db',), ('pythondb',), ('sys',), ('testimportdb',))
[2025-02-10T01:11:05.142+0000] {logging_mixin.py:190} INFO - ⚠️ Données supprimées avant insertion.
[2025-02-10T01:11:05.157+0000] {sql.py:694} INFO - Done loading. Loaded a total of 4 rows into temp_ecc
[2025-02-10T01:11:05.158+0000] {logging_mixin.py:190} INFO - connexion sql reussie True
[2025-02-10T01:11:05.184+0000] {logging_mixin.py:190} INFO - ❌ Erreur lors du déplacement du fichier : [Errno 13] Permission denied: '/opt/***/files/in/Écritures comptables article - Copie.csv'
[2025-02-10T01:11:05.187+0000] {python.py:240} INFO - Done. Returned value was: import_temp_ecc_to_ecc
[2025-02-10T01:11:05.188+0000] {branch.py:38} INFO - Branch into import_temp_ecc_to_ecc
[2025-02-10T01:11:05.190+0000] {skipmixin.py:230} INFO - Following branch ('import_temp_ecc_to_ecc',)
[2025-02-10T01:11:05.208+0000] {skipmixin.py:278} INFO - Skipping tasks []
[2025-02-10T01:11:05.241+0000] {taskinstance.py:340} INFO - ::group::Post task execution logs
[2025-02-10T01:11:05.242+0000] {taskinstance.py:352} INFO - Marking task as SUCCESS. dag_id=directory_and_file_verification_dag, task_id=verify_file_reliability, run_id=manual__2025-02-10T01:10:56.205213+00:00, execution_date=20250210T011056, start_date=20250210T011104, end_date=20250210T011105
[2025-02-10T01:11:05.252+0000] {logging_mixin.py:190} INFO - Task instance in success state
[2025-02-10T01:11:05.253+0000] {logging_mixin.py:190} INFO -  Previous state of the Task instance: running
[2025-02-10T01:11:05.254+0000] {logging_mixin.py:190} INFO - Dag name:directory_and_file_verification_dag queued_at:2025-02-10 01:10:56.213707+00:00
[2025-02-10T01:11:05.254+0000] {logging_mixin.py:190} INFO - Task hostname:b6443be51f35 operator:BranchPythonOperator
[2025-02-10T01:11:05.294+0000] {local_task_job_runner.py:266} INFO - Task exited with return code 0
[2025-02-10T01:11:05.326+0000] {taskinstance.py:3895} INFO - 1 downstream tasks scheduled from follow-on schedule check
[2025-02-10T01:11:05.328+0000] {local_task_job_runner.py:245} INFO - ::endgroup::
