[2025-02-10T21:07:02.357+0000] {local_task_job_runner.py:123} INFO - ::group::Pre task execution logs
[2025-02-10T21:07:02.518+0000] {taskinstance.py:2613} INFO - Dependencies all met for dep_context=non-requeueable deps ti=<TaskInstance: IMPORTATION_ECRITURE_COMPTABLES_ARTICLE_dag.check_directory scheduled__2025-02-10T21:06:00+00:00 [queued]>
[2025-02-10T21:07:02.527+0000] {taskinstance.py:2613} INFO - Dependencies all met for dep_context=requeueable deps ti=<TaskInstance: IMPORTATION_ECRITURE_COMPTABLES_ARTICLE_dag.check_directory scheduled__2025-02-10T21:06:00+00:00 [queued]>
[2025-02-10T21:07:02.528+0000] {taskinstance.py:2866} INFO - Starting attempt 1 of 2
[2025-02-10T21:07:02.546+0000] {taskinstance.py:2889} INFO - Executing <Task(BranchPythonOperator): check_directory> on 2025-02-10 21:06:00+00:00
[2025-02-10T21:07:02.555+0000] {warnings.py:112} WARNING - /home/***/.local/lib/python3.12/site-packages/***/task/task_runner/standard_task_runner.py:70: DeprecationWarning: This process (pid=2284) is multi-threaded, use of fork() may lead to deadlocks in the child.
  pid = os.fork()

[2025-02-10T21:07:02.557+0000] {standard_task_runner.py:72} INFO - Started process 2286 to run task
[2025-02-10T21:07:02.557+0000] {standard_task_runner.py:104} INFO - Running: ['***', 'tasks', 'run', 'IMPORTATION_ECRITURE_COMPTABLES_ARTICLE_dag', 'check_directory', 'scheduled__2025-02-10T21:06:00+00:00', '--job-id', '1024', '--raw', '--subdir', 'DAGS_FOLDER/my_directory_and_file_checker.py', '--cfg-path', '/tmp/tmpqpu7wcy2']
[2025-02-10T21:07:02.558+0000] {standard_task_runner.py:105} INFO - Job 1024: Subtask check_directory
[2025-02-10T21:07:02.610+0000] {task_command.py:467} INFO - Running <TaskInstance: IMPORTATION_ECRITURE_COMPTABLES_ARTICLE_dag.check_directory scheduled__2025-02-10T21:06:00+00:00 [running]> on host b6443be51f35
[2025-02-10T21:07:02.704+0000] {taskinstance.py:3132} INFO - Exporting env vars: AIRFLOW_CTX_DAG_OWNER='***' AIRFLOW_CTX_DAG_ID='IMPORTATION_ECRITURE_COMPTABLES_ARTICLE_dag' AIRFLOW_CTX_TASK_ID='check_directory' AIRFLOW_CTX_EXECUTION_DATE='2025-02-10T21:06:00+00:00' AIRFLOW_CTX_TRY_NUMBER='1' AIRFLOW_CTX_DAG_RUN_ID='scheduled__2025-02-10T21:06:00+00:00'
[2025-02-10T21:07:02.706+0000] {logging_mixin.py:190} INFO - Task instance is in running state
[2025-02-10T21:07:02.706+0000] {logging_mixin.py:190} INFO -  Previous state of the Task instance: queued
[2025-02-10T21:07:02.707+0000] {logging_mixin.py:190} INFO - Current task name:check_directory state:running start_date:2025-02-10 21:07:02.519646+00:00
[2025-02-10T21:07:02.708+0000] {logging_mixin.py:190} INFO - Dag name:IMPORTATION_ECRITURE_COMPTABLES_ARTICLE_dag and current dag run status:running
[2025-02-10T21:07:02.708+0000] {taskinstance.py:731} INFO - ::endgroup::
[2025-02-10T21:07:02.709+0000] {baseoperator.py:421} WARNING - BranchPythonOperator.execute cannot be called outside TaskInstance!
[2025-02-10T21:07:02.710+0000] {python.py:240} INFO - Done. Returned value was: check_file_in_directory
[2025-02-10T21:07:02.710+0000] {branch.py:38} INFO - Branch into check_file_in_directory
[2025-02-10T21:07:02.711+0000] {skipmixin.py:230} INFO - Following branch ('check_file_in_directory',)
[2025-02-10T21:07:02.722+0000] {skipmixin.py:278} INFO - Skipping tasks []
[2025-02-10T21:07:02.752+0000] {taskinstance.py:340} INFO - ::group::Post task execution logs
[2025-02-10T21:07:02.753+0000] {taskinstance.py:352} INFO - Marking task as SUCCESS. dag_id=IMPORTATION_ECRITURE_COMPTABLES_ARTICLE_dag, task_id=check_directory, run_id=scheduled__2025-02-10T21:06:00+00:00, execution_date=20250210T210600, start_date=20250210T210702, end_date=20250210T210702
[2025-02-10T21:07:02.762+0000] {logging_mixin.py:190} INFO - Task instance in success state
[2025-02-10T21:07:02.763+0000] {logging_mixin.py:190} INFO -  Previous state of the Task instance: running
[2025-02-10T21:07:02.763+0000] {logging_mixin.py:190} INFO - Dag name:IMPORTATION_ECRITURE_COMPTABLES_ARTICLE_dag queued_at:2025-02-10 21:07:00.913956+00:00
[2025-02-10T21:07:02.764+0000] {logging_mixin.py:190} INFO - Task hostname:b6443be51f35 operator:BranchPythonOperator
[2025-02-10T21:07:02.813+0000] {local_task_job_runner.py:266} INFO - Task exited with return code 0
[2025-02-10T21:07:02.844+0000] {taskinstance.py:3895} INFO - 1 downstream tasks scheduled from follow-on schedule check
[2025-02-10T21:07:02.847+0000] {local_task_job_runner.py:245} INFO - ::endgroup::
[2025-02-10T21:07:47.951+0000] {local_task_job_runner.py:123} INFO - ::group::Pre task execution logs
[2025-02-10T21:07:48.077+0000] {taskinstance.py:2613} INFO - Dependencies all met for dep_context=non-requeueable deps ti=<TaskInstance: IMPORTATION_ECRITURE_COMPTABLES_ARTICLE_dag.check_directory scheduled__2025-02-10T21:06:00+00:00 [queued]>
[2025-02-10T21:07:48.085+0000] {taskinstance.py:2613} INFO - Dependencies all met for dep_context=requeueable deps ti=<TaskInstance: IMPORTATION_ECRITURE_COMPTABLES_ARTICLE_dag.check_directory scheduled__2025-02-10T21:06:00+00:00 [queued]>
[2025-02-10T21:07:48.086+0000] {taskinstance.py:2866} INFO - Starting attempt 1 of 2
[2025-02-10T21:07:48.098+0000] {taskinstance.py:2889} INFO - Executing <Task(BranchPythonOperator): check_directory> on 2025-02-10 21:06:00+00:00
[2025-02-10T21:07:48.104+0000] {warnings.py:112} WARNING - /home/***/.local/lib/python3.12/site-packages/***/task/task_runner/standard_task_runner.py:70: DeprecationWarning: This process (pid=2322) is multi-threaded, use of fork() may lead to deadlocks in the child.
  pid = os.fork()

[2025-02-10T21:07:48.106+0000] {standard_task_runner.py:72} INFO - Started process 2324 to run task
[2025-02-10T21:07:48.106+0000] {standard_task_runner.py:104} INFO - Running: ['***', 'tasks', 'run', 'IMPORTATION_ECRITURE_COMPTABLES_ARTICLE_dag', 'check_directory', 'scheduled__2025-02-10T21:06:00+00:00', '--job-id', '1030', '--raw', '--subdir', 'DAGS_FOLDER/my_directory_and_file_checker.py', '--cfg-path', '/tmp/tmpdq8pw3ly']
[2025-02-10T21:07:48.107+0000] {standard_task_runner.py:105} INFO - Job 1030: Subtask check_directory
[2025-02-10T21:07:48.153+0000] {task_command.py:467} INFO - Running <TaskInstance: IMPORTATION_ECRITURE_COMPTABLES_ARTICLE_dag.check_directory scheduled__2025-02-10T21:06:00+00:00 [running]> on host b6443be51f35
[2025-02-10T21:07:48.239+0000] {taskinstance.py:3132} INFO - Exporting env vars: AIRFLOW_CTX_DAG_OWNER='***' AIRFLOW_CTX_DAG_ID='IMPORTATION_ECRITURE_COMPTABLES_ARTICLE_dag' AIRFLOW_CTX_TASK_ID='check_directory' AIRFLOW_CTX_EXECUTION_DATE='2025-02-10T21:06:00+00:00' AIRFLOW_CTX_TRY_NUMBER='1' AIRFLOW_CTX_DAG_RUN_ID='scheduled__2025-02-10T21:06:00+00:00'
[2025-02-10T21:07:48.240+0000] {logging_mixin.py:190} INFO - Task instance is in running state
[2025-02-10T21:07:48.241+0000] {logging_mixin.py:190} INFO -  Previous state of the Task instance: queued
[2025-02-10T21:07:48.241+0000] {logging_mixin.py:190} INFO - Current task name:check_directory state:running start_date:2025-02-10 21:07:48.078352+00:00
[2025-02-10T21:07:48.242+0000] {logging_mixin.py:190} INFO - Dag name:IMPORTATION_ECRITURE_COMPTABLES_ARTICLE_dag and current dag run status:running
[2025-02-10T21:07:48.242+0000] {taskinstance.py:731} INFO - ::endgroup::
[2025-02-10T21:07:48.243+0000] {baseoperator.py:421} WARNING - BranchPythonOperator.execute cannot be called outside TaskInstance!
[2025-02-10T21:07:48.244+0000] {python.py:240} INFO - Done. Returned value was: check_file_in_directory
[2025-02-10T21:07:48.245+0000] {branch.py:38} INFO - Branch into check_file_in_directory
[2025-02-10T21:07:48.245+0000] {skipmixin.py:230} INFO - Following branch ('check_file_in_directory',)
[2025-02-10T21:07:48.260+0000] {skipmixin.py:278} INFO - Skipping tasks []
[2025-02-10T21:07:48.291+0000] {taskinstance.py:340} INFO - ::group::Post task execution logs
[2025-02-10T21:07:48.292+0000] {taskinstance.py:352} INFO - Marking task as SUCCESS. dag_id=IMPORTATION_ECRITURE_COMPTABLES_ARTICLE_dag, task_id=check_directory, run_id=scheduled__2025-02-10T21:06:00+00:00, execution_date=20250210T210600, start_date=20250210T210748, end_date=20250210T210748
[2025-02-10T21:07:48.305+0000] {logging_mixin.py:190} INFO - Task instance in success state
[2025-02-10T21:07:48.305+0000] {logging_mixin.py:190} INFO -  Previous state of the Task instance: running
[2025-02-10T21:07:48.306+0000] {logging_mixin.py:190} INFO - Dag name:IMPORTATION_ECRITURE_COMPTABLES_ARTICLE_dag queued_at:2025-02-10 21:07:45.980426+00:00
[2025-02-10T21:07:48.306+0000] {logging_mixin.py:190} INFO - Task hostname:b6443be51f35 operator:BranchPythonOperator
[2025-02-10T21:07:48.321+0000] {local_task_job_runner.py:266} INFO - Task exited with return code 0
[2025-02-10T21:07:48.333+0000] {local_task_job_runner.py:245} INFO - ::endgroup::
