[2025-02-08T17:23:40.139+0000] {local_task_job_runner.py:123} INFO - ::group::Pre task execution logs
[2025-02-08T17:23:40.163+0000] {taskinstance.py:2613} INFO - Dependencies all met for dep_context=non-requeueable deps ti=<TaskInstance: directory_and_file_verification_dag.verify_file_reliability manual__2025-02-08T17:23:30.360399+00:00 [queued]>
[2025-02-08T17:23:40.185+0000] {taskinstance.py:2613} INFO - Dependencies all met for dep_context=requeueable deps ti=<TaskInstance: directory_and_file_verification_dag.verify_file_reliability manual__2025-02-08T17:23:30.360399+00:00 [queued]>
[2025-02-08T17:23:40.189+0000] {taskinstance.py:2866} INFO - Starting attempt 1 of 1
[2025-02-08T17:23:40.216+0000] {taskinstance.py:2889} INFO - Executing <Task(BranchPythonOperator): verify_file_reliability> on 2025-02-08 17:23:30.360399+00:00
[2025-02-08T17:23:40.229+0000] {warnings.py:112} WARNING - /home/***/.local/lib/python3.12/site-packages/***/task/task_runner/standard_task_runner.py:70: DeprecationWarning: This process (pid=4957) is multi-threaded, use of fork() may lead to deadlocks in the child.
  pid = os.fork()

[2025-02-08T17:23:40.231+0000] {standard_task_runner.py:72} INFO - Started process 4959 to run task
[2025-02-08T17:23:40.231+0000] {standard_task_runner.py:104} INFO - Running: ['***', 'tasks', 'run', 'directory_and_file_verification_dag', 'verify_file_reliability', 'manual__2025-02-08T17:23:30.360399+00:00', '--job-id', '1338', '--raw', '--subdir', 'DAGS_FOLDER/my_directory_and_file_checker.py', '--cfg-path', '/tmp/tmphkw_mh2u']
[2025-02-08T17:23:40.233+0000] {standard_task_runner.py:105} INFO - Job 1338: Subtask verify_file_reliability
[2025-02-08T17:23:40.294+0000] {task_command.py:467} INFO - Running <TaskInstance: directory_and_file_verification_dag.verify_file_reliability manual__2025-02-08T17:23:30.360399+00:00 [running]> on host 003b7fbea265
[2025-02-08T17:23:40.668+0000] {taskinstance.py:3132} INFO - Exporting env vars: AIRFLOW_CTX_DAG_OWNER='***' AIRFLOW_CTX_DAG_ID='directory_and_file_verification_dag' AIRFLOW_CTX_TASK_ID='verify_file_reliability' AIRFLOW_CTX_EXECUTION_DATE='2025-02-08T17:23:30.360399+00:00' AIRFLOW_CTX_TRY_NUMBER='1' AIRFLOW_CTX_DAG_RUN_ID='manual__2025-02-08T17:23:30.360399+00:00'
[2025-02-08T17:23:40.669+0000] {logging_mixin.py:190} INFO - Task instance is in running state
[2025-02-08T17:23:40.670+0000] {logging_mixin.py:190} INFO -  Previous state of the Task instance: queued
[2025-02-08T17:23:40.671+0000] {logging_mixin.py:190} INFO - Current task name:verify_file_reliability state:running start_date:2025-02-08 17:23:40.164641+00:00
[2025-02-08T17:23:40.672+0000] {logging_mixin.py:190} INFO - Dag name:directory_and_file_verification_dag and current dag run status:running
[2025-02-08T17:23:40.673+0000] {taskinstance.py:731} INFO - ::endgroup::
[2025-02-08T17:23:40.675+0000] {baseoperator.py:421} WARNING - BranchPythonOperator.execute cannot be called outside TaskInstance!
[2025-02-08T17:23:40.677+0000] {logging_mixin.py:190} INFO - camarche22 /opt/***/files ['.csv'] ['utf-8', 'ISO-8859-1', 'Windows-1252']
[2025-02-08T17:23:40.686+0000] {my_directory_and_file_checker.py:100} ERROR - ❌ Erreur d'encodage (utf-8) pour Écritures.csv: 'utf-8' codec can't decode byte 0xb0 in position 1: invalid start byte
[2025-02-08T17:23:40.718+0000] {logging_mixin.py:190} INFO - 
📂 Contenu du fichier (ISO-8859-1): Écritures.csv
[2025-02-08T17:23:40.730+0000] {logging_mixin.py:190} INFO -   Date comptabilisation       N° lot Type écriture
0            31/12/2024  A-BNDK 2304    Production
1            31/12/2024  B-BNDK 2304    Production
2            31/12/2024  C-BNDK 2304    Production
3            31/12/2024  D-BNDK 2304    Production
4            31/12/2024  E-BNDK 2304    Production
[2025-02-09T00:09:25.356+0000] {job.py:229} INFO - Heartbeat recovered after 24263.99 seconds
