[2025-02-09T10:59:26.019+0000] {local_task_job_runner.py:123} INFO - ::group::Pre task execution logs
[2025-02-09T10:59:26.206+0000] {taskinstance.py:2613} INFO - Dependencies all met for dep_context=non-requeueable deps ti=<TaskInstance: directory_and_file_verification_dag.verify_file_reliability manual__2025-02-09T10:59:18.843810+00:00 [queued]>
[2025-02-09T10:59:26.218+0000] {taskinstance.py:2613} INFO - Dependencies all met for dep_context=requeueable deps ti=<TaskInstance: directory_and_file_verification_dag.verify_file_reliability manual__2025-02-09T10:59:18.843810+00:00 [queued]>
[2025-02-09T10:59:26.219+0000] {taskinstance.py:2866} INFO - Starting attempt 1 of 1
[2025-02-09T10:59:26.239+0000] {taskinstance.py:2889} INFO - Executing <Task(BranchPythonOperator): verify_file_reliability> on 2025-02-09 10:59:18.843810+00:00
[2025-02-09T10:59:26.246+0000] {warnings.py:112} WARNING - /home/***/.local/lib/python3.12/site-packages/***/task/task_runner/standard_task_runner.py:70: DeprecationWarning: This process (pid=166) is multi-threaded, use of fork() may lead to deadlocks in the child.
  pid = os.fork()

[2025-02-09T10:59:26.248+0000] {standard_task_runner.py:72} INFO - Started process 175 to run task
[2025-02-09T10:59:26.249+0000] {standard_task_runner.py:104} INFO - Running: ['***', 'tasks', 'run', 'directory_and_file_verification_dag', 'verify_file_reliability', 'manual__2025-02-09T10:59:18.843810+00:00', '--job-id', '1461', '--raw', '--subdir', 'DAGS_FOLDER/my_directory_and_file_checker.py', '--cfg-path', '/tmp/tmpxpcnvvmu']
[2025-02-09T10:59:26.250+0000] {standard_task_runner.py:105} INFO - Job 1461: Subtask verify_file_reliability
[2025-02-09T10:59:26.308+0000] {task_command.py:467} INFO - Running <TaskInstance: directory_and_file_verification_dag.verify_file_reliability manual__2025-02-09T10:59:18.843810+00:00 [running]> on host 003b7fbea265
[2025-02-09T10:59:26.433+0000] {taskinstance.py:3132} INFO - Exporting env vars: AIRFLOW_CTX_DAG_OWNER='***' AIRFLOW_CTX_DAG_ID='directory_and_file_verification_dag' AIRFLOW_CTX_TASK_ID='verify_file_reliability' AIRFLOW_CTX_EXECUTION_DATE='2025-02-09T10:59:18.843810+00:00' AIRFLOW_CTX_TRY_NUMBER='1' AIRFLOW_CTX_DAG_RUN_ID='manual__2025-02-09T10:59:18.843810+00:00'
[2025-02-09T10:59:26.435+0000] {logging_mixin.py:190} INFO - Task instance is in running state
[2025-02-09T10:59:26.435+0000] {logging_mixin.py:190} INFO -  Previous state of the Task instance: queued
[2025-02-09T10:59:26.436+0000] {logging_mixin.py:190} INFO - Current task name:verify_file_reliability state:running start_date:2025-02-09 10:59:26.207019+00:00
[2025-02-09T10:59:26.436+0000] {logging_mixin.py:190} INFO - Dag name:directory_and_file_verification_dag and current dag run status:running
[2025-02-09T10:59:26.437+0000] {taskinstance.py:731} INFO - ::endgroup::
[2025-02-09T10:59:26.437+0000] {baseoperator.py:421} WARNING - BranchPythonOperator.execute cannot be called outside TaskInstance!
[2025-02-09T10:59:26.438+0000] {logging_mixin.py:190} INFO - camarche22 /opt/***/files/in ['.csv'] ['utf-8', 'ISO-8859-1', 'Windows-1252']
[2025-02-09T10:59:26.462+0000] {my_directory_and_file_checker.py:121} ERROR - ❌ Erreur d'encodage (utf-8) pour Écritures.csv: 'utf-8' codec can't decode byte 0xb0 in position 1: invalid start byte
[2025-02-09T10:59:26.494+0000] {logging_mixin.py:190} INFO - 
📂 Contenu du fichier (ISO-8859-1): Écritures.csv
[2025-02-09T10:59:26.505+0000] {logging_mixin.py:190} INFO -   Date comptabilisation       N° lot Type écriture
0            31/12/2024  A-BNDK 2304    Production
1            31/12/2024  B-BNDK 2304    Production
2            31/12/2024  C-BNDK 2304    Production
3            31/12/2024  D-BNDK 2304    Production
4            31/12/2024  E-BNDK 2304    Production
[2025-02-09T10:59:27.860+0000] {logging_mixin.py:190} INFO - ✅Lignes  ('✅ Le fichier respecte les colonnes attendues et les types de données.', True) 9854
[2025-02-09T10:59:27.865+0000] {logging_mixin.py:190} INFO - merci
[2025-02-09T10:59:27.877+0000] {base.py:84} INFO - Retrieving connection 'mysql_conn'
[2025-02-09T10:59:27.993+0000] {logging_mixin.py:190} INFO - (('attendancedb',), ('caprostockdb',), ('information_schema',), ('mysql',), ('netvision_db',), ('performance_schema',), ('pointing_db',), ('posgpt_db',), ('pythondb',), ('sys',), ('testimportdb',))
[2025-02-09T10:59:28.123+0000] {logging_mixin.py:190} INFO - ⚠️ Données supprimées avant insertion.
[2025-02-09T10:59:29.056+0000] {sql.py:691} INFO - Loaded 1000 rows into temp_ecc so far
[2025-02-09T10:59:29.876+0000] {sql.py:691} INFO - Loaded 2000 rows into temp_ecc so far
[2025-02-09T10:59:30.467+0000] {sql.py:691} INFO - Loaded 3000 rows into temp_ecc so far
[2025-02-09T10:59:31.067+0000] {sql.py:691} INFO - Loaded 4000 rows into temp_ecc so far
[2025-02-09T10:59:31.728+0000] {sql.py:691} INFO - Loaded 5000 rows into temp_ecc so far
[2025-02-09T10:59:32.434+0000] {sql.py:691} INFO - Loaded 6000 rows into temp_ecc so far
[2025-02-09T10:59:33.276+0000] {sql.py:691} INFO - Loaded 7000 rows into temp_ecc so far
[2025-02-09T10:59:33.903+0000] {sql.py:691} INFO - Loaded 8000 rows into temp_ecc so far
[2025-02-09T10:59:34.568+0000] {sql.py:691} INFO - Loaded 9000 rows into temp_ecc so far
[2025-02-09T10:59:35.183+0000] {sql.py:694} INFO - Done loading. Loaded a total of 9854 rows into temp_ecc
[2025-02-09T10:59:35.184+0000] {logging_mixin.py:190} INFO - connexion sql reussie True
[2025-02-09T10:59:35.190+0000] {logging_mixin.py:190} INFO - ✅ Fichier déplacé vers /opt/***/files/out/Écritures.csv
[2025-02-09T10:59:35.194+0000] {python.py:240} INFO - Done. Returned value was: end
[2025-02-09T10:59:35.195+0000] {branch.py:38} INFO - Branch into end
[2025-02-09T10:59:35.196+0000] {skipmixin.py:230} INFO - Following branch ('end',)
[2025-02-09T10:59:35.207+0000] {skipmixin.py:278} INFO - Skipping tasks []
[2025-02-09T10:59:35.241+0000] {taskinstance.py:340} INFO - ::group::Post task execution logs
[2025-02-09T10:59:35.243+0000] {taskinstance.py:352} INFO - Marking task as SUCCESS. dag_id=directory_and_file_verification_dag, task_id=verify_file_reliability, run_id=manual__2025-02-09T10:59:18.843810+00:00, execution_date=20250209T105918, start_date=20250209T105926, end_date=20250209T105935
[2025-02-09T10:59:35.254+0000] {logging_mixin.py:190} INFO - Task instance in success state
[2025-02-09T10:59:35.255+0000] {logging_mixin.py:190} INFO -  Previous state of the Task instance: running
[2025-02-09T10:59:35.256+0000] {logging_mixin.py:190} INFO - Dag name:directory_and_file_verification_dag queued_at:2025-02-09 10:59:18.863377+00:00
[2025-02-09T10:59:35.256+0000] {logging_mixin.py:190} INFO - Task hostname:003b7fbea265 operator:BranchPythonOperator
[2025-02-09T10:59:35.266+0000] {local_task_job_runner.py:266} INFO - Task exited with return code 0
[2025-02-09T10:59:35.293+0000] {taskinstance.py:3895} INFO - 0 downstream tasks scheduled from follow-on schedule check
[2025-02-09T10:59:35.295+0000] {local_task_job_runner.py:245} INFO - ::endgroup::
