[2025-02-07T22:20:46.254+0000] {local_task_job_runner.py:123} INFO - ::group::Pre task execution logs
[2025-02-07T22:20:46.473+0000] {taskinstance.py:2613} INFO - Dependencies all met for dep_context=non-requeueable deps ti=<TaskInstance: directory_and_file_verification_dag.check_directory scheduled__2025-02-07T00:00:00+00:00 [queued]>
[2025-02-07T22:20:46.485+0000] {taskinstance.py:2613} INFO - Dependencies all met for dep_context=requeueable deps ti=<TaskInstance: directory_and_file_verification_dag.check_directory scheduled__2025-02-07T00:00:00+00:00 [queued]>
[2025-02-07T22:20:46.486+0000] {taskinstance.py:2866} INFO - Starting attempt 1 of 1
[2025-02-07T22:20:46.509+0000] {taskinstance.py:2889} INFO - Executing <Task(BranchPythonOperator): check_directory> on 2025-02-07 00:00:00+00:00
[2025-02-07T22:20:46.523+0000] {warnings.py:112} WARNING - /home/***/.local/lib/python3.12/site-packages/***/task/task_runner/standard_task_runner.py:70: DeprecationWarning: This process (pid=19125) is multi-threaded, use of fork() may lead to deadlocks in the child.
  pid = os.fork()

[2025-02-07T22:20:46.525+0000] {standard_task_runner.py:72} INFO - Started process 19127 to run task
[2025-02-07T22:20:46.524+0000] {standard_task_runner.py:104} INFO - Running: ['***', 'tasks', 'run', 'directory_and_file_verification_dag', 'check_directory', 'scheduled__2025-02-07T00:00:00+00:00', '--job-id', '881', '--raw', '--subdir', 'DAGS_FOLDER/my_directory_and_file_checker.py', '--cfg-path', '/tmp/tmp7gdiomg2']
[2025-02-07T22:20:46.526+0000] {standard_task_runner.py:105} INFO - Job 881: Subtask check_directory
[2025-02-07T22:20:46.623+0000] {task_command.py:467} INFO - Running <TaskInstance: directory_and_file_verification_dag.check_directory scheduled__2025-02-07T00:00:00+00:00 [running]> on host 003b7fbea265
[2025-02-07T22:20:46.753+0000] {taskinstance.py:3132} INFO - Exporting env vars: AIRFLOW_CTX_DAG_OWNER='***' AIRFLOW_CTX_DAG_ID='directory_and_file_verification_dag' AIRFLOW_CTX_TASK_ID='check_directory' AIRFLOW_CTX_EXECUTION_DATE='2025-02-07T00:00:00+00:00' AIRFLOW_CTX_TRY_NUMBER='1' AIRFLOW_CTX_DAG_RUN_ID='scheduled__2025-02-07T00:00:00+00:00'
[2025-02-07T22:20:46.754+0000] {logging_mixin.py:190} INFO - Task instance is in running state
[2025-02-07T22:20:46.755+0000] {logging_mixin.py:190} INFO -  Previous state of the Task instance: queued
[2025-02-07T22:20:46.755+0000] {logging_mixin.py:190} INFO - Current task name:check_directory state:running start_date:2025-02-07 22:20:46.473852+00:00
[2025-02-07T22:20:46.756+0000] {logging_mixin.py:190} INFO - Dag name:directory_and_file_verification_dag and current dag run status:running
[2025-02-07T22:20:46.756+0000] {taskinstance.py:731} INFO - ::endgroup::
[2025-02-07T22:20:46.757+0000] {baseoperator.py:421} WARNING - BranchPythonOperator.execute cannot be called outside TaskInstance!
[2025-02-07T22:20:46.759+0000] {logging_mixin.py:190} INFO - borusss ['statu_date_execution.txt', 'succes_date_execution.txt', 'test', 'Écritures - Copie.csv.bak', 'Écritures comptables article.csv.bak', 'Écritures.csv', 'Écritures.csv.bak']
[2025-02-07T22:20:46.759+0000] {python.py:240} INFO - Done. Returned value was: check_file_in_directory
[2025-02-07T22:20:46.760+0000] {branch.py:38} INFO - Branch into check_file_in_directory
[2025-02-07T22:20:46.761+0000] {skipmixin.py:230} INFO - Following branch ('check_file_in_directory',)
[2025-02-07T22:20:46.777+0000] {skipmixin.py:278} INFO - Skipping tasks []
[2025-02-07T22:20:46.811+0000] {taskinstance.py:340} INFO - ::group::Post task execution logs
[2025-02-07T22:20:46.812+0000] {taskinstance.py:352} INFO - Marking task as SUCCESS. dag_id=directory_and_file_verification_dag, task_id=check_directory, run_id=scheduled__2025-02-07T00:00:00+00:00, execution_date=20250207T000000, start_date=20250207T222046, end_date=20250207T222046
[2025-02-07T22:20:46.826+0000] {logging_mixin.py:190} INFO - Task instance in success state
[2025-02-07T22:20:46.827+0000] {logging_mixin.py:190} INFO -  Previous state of the Task instance: running
[2025-02-07T22:20:46.828+0000] {logging_mixin.py:190} INFO - Dag name:directory_and_file_verification_dag queued_at:2025-02-07 22:20:44.113842+00:00
[2025-02-07T22:20:46.828+0000] {logging_mixin.py:190} INFO - Task hostname:003b7fbea265 operator:BranchPythonOperator
[2025-02-07T22:20:46.862+0000] {local_task_job_runner.py:266} INFO - Task exited with return code 0
[2025-02-07T22:20:46.902+0000] {taskinstance.py:3895} INFO - 1 downstream tasks scheduled from follow-on schedule check
[2025-02-07T22:20:46.905+0000] {local_task_job_runner.py:245} INFO - ::endgroup::
[2025-02-07T22:42:02.229+0000] {local_task_job_runner.py:123} INFO - ::group::Pre task execution logs
[2025-02-07T22:42:02.328+0000] {taskinstance.py:2613} INFO - Dependencies all met for dep_context=non-requeueable deps ti=<TaskInstance: directory_and_file_verification_dag.check_directory scheduled__2025-02-07T00:00:00+00:00 [queued]>
[2025-02-07T22:42:02.397+0000] {taskinstance.py:2613} INFO - Dependencies all met for dep_context=requeueable deps ti=<TaskInstance: directory_and_file_verification_dag.check_directory scheduled__2025-02-07T00:00:00+00:00 [queued]>
[2025-02-07T22:42:02.405+0000] {taskinstance.py:2866} INFO - Starting attempt 1 of 1
[2025-02-07T22:42:02.520+0000] {taskinstance.py:2889} INFO - Executing <Task(BranchPythonOperator): check_directory> on 2025-02-07 00:00:00+00:00
[2025-02-07T22:42:02.675+0000] {standard_task_runner.py:104} INFO - Running: ['***', 'tasks', 'run', 'directory_and_file_verification_dag', 'check_directory', 'scheduled__2025-02-07T00:00:00+00:00', '--job-id', '1041', '--raw', '--subdir', 'DAGS_FOLDER/my_directory_and_file_checker.py', '--cfg-path', '/tmp/tmped2r5x37']
[2025-02-07T22:42:02.738+0000] {standard_task_runner.py:105} INFO - Job 1041: Subtask check_directory
[2025-02-07T22:42:02.680+0000] {warnings.py:112} WARNING - /home/***/.local/lib/python3.12/site-packages/***/task/task_runner/standard_task_runner.py:70: DeprecationWarning: This process (pid=20008) is multi-threaded, use of fork() may lead to deadlocks in the child.
  pid = os.fork()

[2025-02-07T22:42:02.751+0000] {standard_task_runner.py:72} INFO - Started process 20039 to run task
[2025-02-07T22:42:03.583+0000] {task_command.py:467} INFO - Running <TaskInstance: directory_and_file_verification_dag.check_directory scheduled__2025-02-07T00:00:00+00:00 [running]> on host 003b7fbea265
[2025-02-07T22:42:08.163+0000] {taskinstance.py:3132} INFO - Exporting env vars: AIRFLOW_CTX_DAG_OWNER='***' AIRFLOW_CTX_DAG_ID='directory_and_file_verification_dag' AIRFLOW_CTX_TASK_ID='check_directory' AIRFLOW_CTX_EXECUTION_DATE='2025-02-07T00:00:00+00:00' AIRFLOW_CTX_TRY_NUMBER='1' AIRFLOW_CTX_DAG_RUN_ID='scheduled__2025-02-07T00:00:00+00:00'
[2025-02-07T22:42:08.186+0000] {logging_mixin.py:190} INFO - Task instance is in running state
[2025-02-07T22:42:08.187+0000] {logging_mixin.py:190} INFO -  Previous state of the Task instance: queued
[2025-02-07T22:42:08.212+0000] {logging_mixin.py:190} INFO - Current task name:check_directory state:running start_date:2025-02-07 22:42:02.336726+00:00
[2025-02-07T22:42:08.224+0000] {logging_mixin.py:190} INFO - Dag name:directory_and_file_verification_dag and current dag run status:running
[2025-02-07T22:42:08.231+0000] {taskinstance.py:731} INFO - ::endgroup::
[2025-02-07T22:42:08.233+0000] {baseoperator.py:421} WARNING - BranchPythonOperator.execute cannot be called outside TaskInstance!
[2025-02-07T22:42:08.290+0000] {logging_mixin.py:190} INFO - borusss ['in', 'logs', 'out', 'statu_date_execution.txt', 'succes_date_execution.txt', 'test', 'Écritures - Copie.csv.bak', 'Écritures comptables article.csv.bak', 'Écritures.csv.bak']
[2025-02-07T22:42:08.291+0000] {python.py:240} INFO - Done. Returned value was: check_file_in_directory
[2025-02-07T22:42:08.292+0000] {branch.py:38} INFO - Branch into check_file_in_directory
[2025-02-07T22:42:08.293+0000] {skipmixin.py:230} INFO - Following branch ('check_file_in_directory',)
[2025-02-07T22:42:08.361+0000] {skipmixin.py:278} INFO - Skipping tasks []
[2025-02-07T22:42:08.496+0000] {taskinstance.py:340} INFO - ::group::Post task execution logs
[2025-02-07T22:42:08.506+0000] {taskinstance.py:352} INFO - Marking task as SUCCESS. dag_id=directory_and_file_verification_dag, task_id=check_directory, run_id=scheduled__2025-02-07T00:00:00+00:00, execution_date=20250207T000000, start_date=20250207T224202, end_date=20250207T224208
[2025-02-07T22:42:08.688+0000] {logging_mixin.py:190} INFO - Task instance in success state
[2025-02-07T22:42:08.699+0000] {logging_mixin.py:190} INFO -  Previous state of the Task instance: running
[2025-02-07T22:42:08.700+0000] {logging_mixin.py:190} INFO - Dag name:directory_and_file_verification_dag queued_at:2025-02-07 22:41:55.770530+00:00
[2025-02-07T22:42:08.701+0000] {logging_mixin.py:190} INFO - Task hostname:003b7fbea265 operator:BranchPythonOperator
[2025-02-07T22:42:08.821+0000] {local_task_job_runner.py:266} INFO - Task exited with return code 0
[2025-02-07T22:42:09.007+0000] {taskinstance.py:3895} INFO - 1 downstream tasks scheduled from follow-on schedule check
[2025-02-07T22:42:09.082+0000] {local_task_job_runner.py:245} INFO - ::endgroup::
[2025-02-07T22:43:32.364+0000] {local_task_job_runner.py:123} INFO - ::group::Pre task execution logs
[2025-02-07T22:43:32.407+0000] {taskinstance.py:2613} INFO - Dependencies all met for dep_context=non-requeueable deps ti=<TaskInstance: directory_and_file_verification_dag.check_directory scheduled__2025-02-07T00:00:00+00:00 [queued]>
[2025-02-07T22:43:32.466+0000] {taskinstance.py:2613} INFO - Dependencies all met for dep_context=requeueable deps ti=<TaskInstance: directory_and_file_verification_dag.check_directory scheduled__2025-02-07T00:00:00+00:00 [queued]>
[2025-02-07T22:43:32.467+0000] {taskinstance.py:2866} INFO - Starting attempt 1 of 1
[2025-02-07T22:43:32.540+0000] {taskinstance.py:2889} INFO - Executing <Task(BranchPythonOperator): check_directory> on 2025-02-07 00:00:00+00:00
[2025-02-07T22:43:32.564+0000] {warnings.py:112} WARNING - /home/***/.local/lib/python3.12/site-packages/***/task/task_runner/standard_task_runner.py:70: DeprecationWarning: This process (pid=20206) is multi-threaded, use of fork() may lead to deadlocks in the child.
  pid = os.fork()

[2025-02-07T22:43:32.582+0000] {standard_task_runner.py:72} INFO - Started process 20245 to run task
[2025-02-07T22:43:32.580+0000] {standard_task_runner.py:104} INFO - Running: ['***', 'tasks', 'run', 'directory_and_file_verification_dag', 'check_directory', 'scheduled__2025-02-07T00:00:00+00:00', '--job-id', '1087', '--raw', '--subdir', 'DAGS_FOLDER/my_directory_and_file_checker.py', '--cfg-path', '/tmp/tmpiy5c_z0m']
[2025-02-07T22:43:32.585+0000] {standard_task_runner.py:105} INFO - Job 1087: Subtask check_directory
[2025-02-07T22:43:33.037+0000] {task_command.py:467} INFO - Running <TaskInstance: directory_and_file_verification_dag.check_directory scheduled__2025-02-07T00:00:00+00:00 [running]> on host 003b7fbea265
[2025-02-07T22:43:34.933+0000] {taskinstance.py:3132} INFO - Exporting env vars: AIRFLOW_CTX_DAG_OWNER='***' AIRFLOW_CTX_DAG_ID='directory_and_file_verification_dag' AIRFLOW_CTX_TASK_ID='check_directory' AIRFLOW_CTX_EXECUTION_DATE='2025-02-07T00:00:00+00:00' AIRFLOW_CTX_TRY_NUMBER='1' AIRFLOW_CTX_DAG_RUN_ID='scheduled__2025-02-07T00:00:00+00:00'
[2025-02-07T22:43:34.936+0000] {logging_mixin.py:190} INFO - Task instance is in running state
[2025-02-07T22:43:34.938+0000] {logging_mixin.py:190} INFO -  Previous state of the Task instance: queued
[2025-02-07T22:43:34.939+0000] {logging_mixin.py:190} INFO - Current task name:check_directory state:running start_date:2025-02-07 22:43:32.408258+00:00
[2025-02-07T22:43:34.939+0000] {logging_mixin.py:190} INFO - Dag name:directory_and_file_verification_dag and current dag run status:running
[2025-02-07T22:43:34.942+0000] {taskinstance.py:731} INFO - ::endgroup::
[2025-02-07T22:43:34.942+0000] {baseoperator.py:421} WARNING - BranchPythonOperator.execute cannot be called outside TaskInstance!
[2025-02-07T22:43:34.947+0000] {logging_mixin.py:190} INFO - borusss ['in', 'logs', 'out', 'statu_date_execution.txt', 'succes_date_execution.txt', 'test', 'Écritures - Copie.csv.bak', 'Écritures comptables article.csv.bak', 'Écritures.csv.bak']
[2025-02-07T22:43:34.948+0000] {python.py:240} INFO - Done. Returned value was: check_file_in_directory
[2025-02-07T22:43:34.954+0000] {branch.py:38} INFO - Branch into check_file_in_directory
[2025-02-07T22:43:34.957+0000] {skipmixin.py:230} INFO - Following branch ('check_file_in_directory',)
[2025-02-07T22:43:35.091+0000] {skipmixin.py:278} INFO - Skipping tasks []
[2025-02-07T22:43:35.437+0000] {taskinstance.py:340} INFO - ::group::Post task execution logs
[2025-02-07T22:43:35.439+0000] {taskinstance.py:352} INFO - Marking task as SUCCESS. dag_id=directory_and_file_verification_dag, task_id=check_directory, run_id=scheduled__2025-02-07T00:00:00+00:00, execution_date=20250207T000000, start_date=20250207T224332, end_date=20250207T224335
[2025-02-07T22:43:35.535+0000] {logging_mixin.py:190} INFO - Task instance in success state
[2025-02-07T22:43:35.544+0000] {logging_mixin.py:190} INFO -  Previous state of the Task instance: running
[2025-02-07T22:43:35.549+0000] {logging_mixin.py:190} INFO - Dag name:directory_and_file_verification_dag queued_at:2025-02-07 22:43:26.982114+00:00
[2025-02-07T22:43:35.555+0000] {logging_mixin.py:190} INFO - Task hostname:003b7fbea265 operator:BranchPythonOperator
[2025-02-07T22:43:35.738+0000] {local_task_job_runner.py:266} INFO - Task exited with return code 0
[2025-02-07T22:43:36.121+0000] {taskinstance.py:3895} INFO - 1 downstream tasks scheduled from follow-on schedule check
[2025-02-07T22:43:36.143+0000] {local_task_job_runner.py:245} INFO - ::endgroup::
[2025-02-07T23:11:26.291+0000] {local_task_job_runner.py:123} INFO - ::group::Pre task execution logs
[2025-02-07T23:11:26.386+0000] {taskinstance.py:2613} INFO - Dependencies all met for dep_context=non-requeueable deps ti=<TaskInstance: directory_and_file_verification_dag.check_directory scheduled__2025-02-07T00:00:00+00:00 [queued]>
[2025-02-07T23:11:26.452+0000] {taskinstance.py:2613} INFO - Dependencies all met for dep_context=requeueable deps ti=<TaskInstance: directory_and_file_verification_dag.check_directory scheduled__2025-02-07T00:00:00+00:00 [queued]>
[2025-02-07T23:11:26.453+0000] {taskinstance.py:2866} INFO - Starting attempt 1 of 1
[2025-02-07T23:11:26.699+0000] {taskinstance.py:2889} INFO - Executing <Task(BranchPythonOperator): check_directory> on 2025-02-07 00:00:00+00:00
[2025-02-07T23:11:26.843+0000] {standard_task_runner.py:104} INFO - Running: ['***', 'tasks', 'run', 'directory_and_file_verification_dag', 'check_directory', 'scheduled__2025-02-07T00:00:00+00:00', '--job-id', '1135', '--raw', '--subdir', 'DAGS_FOLDER/my_directory_and_file_checker.py', '--cfg-path', '/tmp/tmp7v3ie7e_']
[2025-02-07T23:11:26.872+0000] {standard_task_runner.py:105} INFO - Job 1135: Subtask check_directory
[2025-02-07T23:11:26.864+0000] {warnings.py:112} WARNING - /home/***/.local/lib/python3.12/site-packages/***/task/task_runner/standard_task_runner.py:70: DeprecationWarning: This process (pid=20762) is multi-threaded, use of fork() may lead to deadlocks in the child.
  pid = os.fork()

[2025-02-07T23:11:26.882+0000] {standard_task_runner.py:72} INFO - Started process 20792 to run task
[2025-02-07T23:11:27.241+0000] {task_command.py:467} INFO - Running <TaskInstance: directory_and_file_verification_dag.check_directory scheduled__2025-02-07T00:00:00+00:00 [running]> on host 003b7fbea265
[2025-02-07T23:11:29.619+0000] {taskinstance.py:3132} INFO - Exporting env vars: AIRFLOW_CTX_DAG_OWNER='***' AIRFLOW_CTX_DAG_ID='directory_and_file_verification_dag' AIRFLOW_CTX_TASK_ID='check_directory' AIRFLOW_CTX_EXECUTION_DATE='2025-02-07T00:00:00+00:00' AIRFLOW_CTX_TRY_NUMBER='1' AIRFLOW_CTX_DAG_RUN_ID='scheduled__2025-02-07T00:00:00+00:00'
[2025-02-07T23:11:29.636+0000] {logging_mixin.py:190} INFO - Task instance is in running state
[2025-02-07T23:11:29.648+0000] {logging_mixin.py:190} INFO -  Previous state of the Task instance: queued
[2025-02-07T23:11:29.651+0000] {logging_mixin.py:190} INFO - Current task name:check_directory state:running start_date:2025-02-07 23:11:26.388948+00:00
[2025-02-07T23:11:29.652+0000] {logging_mixin.py:190} INFO - Dag name:directory_and_file_verification_dag and current dag run status:running
[2025-02-07T23:11:29.656+0000] {taskinstance.py:731} INFO - ::endgroup::
[2025-02-07T23:11:29.657+0000] {baseoperator.py:421} WARNING - BranchPythonOperator.execute cannot be called outside TaskInstance!
[2025-02-07T23:11:29.750+0000] {logging_mixin.py:190} INFO - borusss ['in', 'logs', 'out', 'statu_date_execution.txt', 'succes_date_execution.txt', 'test', 'Écritures - Copie.csv.bak', 'Écritures comptables article.csv.bak', 'Écritures.csv.bak']
[2025-02-07T23:11:29.795+0000] {python.py:240} INFO - Done. Returned value was: check_file_in_directory
[2025-02-07T23:11:29.814+0000] {branch.py:38} INFO - Branch into check_file_in_directory
[2025-02-07T23:11:29.835+0000] {skipmixin.py:230} INFO - Following branch ('check_file_in_directory',)
[2025-02-07T23:11:29.971+0000] {skipmixin.py:278} INFO - Skipping tasks []
[2025-02-07T23:11:30.440+0000] {taskinstance.py:340} INFO - ::group::Post task execution logs
[2025-02-07T23:11:30.462+0000] {taskinstance.py:352} INFO - Marking task as SUCCESS. dag_id=directory_and_file_verification_dag, task_id=check_directory, run_id=scheduled__2025-02-07T00:00:00+00:00, execution_date=20250207T000000, start_date=20250207T231126, end_date=20250207T231130
[2025-02-07T23:11:30.561+0000] {logging_mixin.py:190} INFO - Task instance in success state
[2025-02-07T23:11:30.568+0000] {logging_mixin.py:190} INFO -  Previous state of the Task instance: running
[2025-02-07T23:11:30.609+0000] {logging_mixin.py:190} INFO - Dag name:directory_and_file_verification_dag queued_at:2025-02-07 23:11:20.722522+00:00
[2025-02-07T23:11:30.627+0000] {logging_mixin.py:190} INFO - Task hostname:003b7fbea265 operator:BranchPythonOperator
[2025-02-07T23:11:30.793+0000] {local_task_job_runner.py:266} INFO - Task exited with return code 0
[2025-02-07T23:11:31.016+0000] {taskinstance.py:3895} INFO - 1 downstream tasks scheduled from follow-on schedule check
[2025-02-07T23:11:31.087+0000] {local_task_job_runner.py:245} INFO - ::endgroup::
[2025-02-07T23:14:56.567+0000] {local_task_job_runner.py:123} INFO - ::group::Pre task execution logs
[2025-02-07T23:14:56.764+0000] {taskinstance.py:2613} INFO - Dependencies all met for dep_context=non-requeueable deps ti=<TaskInstance: directory_and_file_verification_dag.check_directory scheduled__2025-02-07T00:00:00+00:00 [queued]>
[2025-02-07T23:14:56.861+0000] {taskinstance.py:2613} INFO - Dependencies all met for dep_context=requeueable deps ti=<TaskInstance: directory_and_file_verification_dag.check_directory scheduled__2025-02-07T00:00:00+00:00 [queued]>
[2025-02-07T23:14:56.868+0000] {taskinstance.py:2866} INFO - Starting attempt 1 of 1
[2025-02-07T23:14:59.701+0000] {taskinstance.py:2889} INFO - Executing <Task(BranchPythonOperator): check_directory> on 2025-02-07 00:00:00+00:00
[2025-02-07T23:14:59.888+0000] {warnings.py:112} WARNING - /home/***/.local/lib/python3.12/site-packages/***/task/task_runner/standard_task_runner.py:70: DeprecationWarning: This process (pid=81) is multi-threaded, use of fork() may lead to deadlocks in the child.
  pid = os.fork()

[2025-02-07T23:14:59.901+0000] {standard_task_runner.py:72} INFO - Started process 114 to run task
[2025-02-07T23:14:59.916+0000] {standard_task_runner.py:104} INFO - Running: ['***', 'tasks', 'run', 'directory_and_file_verification_dag', 'check_directory', 'scheduled__2025-02-07T00:00:00+00:00', '--job-id', '1183', '--raw', '--subdir', 'DAGS_FOLDER/my_directory_and_file_checker.py', '--cfg-path', '/tmp/tmpltfk7uw5']
[2025-02-07T23:14:59.920+0000] {standard_task_runner.py:105} INFO - Job 1183: Subtask check_directory
[2025-02-07T23:15:01.045+0000] {task_command.py:467} INFO - Running <TaskInstance: directory_and_file_verification_dag.check_directory scheduled__2025-02-07T00:00:00+00:00 [running]> on host 003b7fbea265
[2025-02-07T23:15:02.639+0000] {taskinstance.py:3132} INFO - Exporting env vars: AIRFLOW_CTX_DAG_OWNER='***' AIRFLOW_CTX_DAG_ID='directory_and_file_verification_dag' AIRFLOW_CTX_TASK_ID='check_directory' AIRFLOW_CTX_EXECUTION_DATE='2025-02-07T00:00:00+00:00' AIRFLOW_CTX_TRY_NUMBER='1' AIRFLOW_CTX_DAG_RUN_ID='scheduled__2025-02-07T00:00:00+00:00'
[2025-02-07T23:15:02.654+0000] {logging_mixin.py:190} INFO - Task instance is in running state
[2025-02-07T23:15:02.655+0000] {logging_mixin.py:190} INFO -  Previous state of the Task instance: queued
[2025-02-07T23:15:02.656+0000] {logging_mixin.py:190} INFO - Current task name:check_directory state:running start_date:2025-02-07 23:14:56.775711+00:00
[2025-02-07T23:15:02.666+0000] {logging_mixin.py:190} INFO - Dag name:directory_and_file_verification_dag and current dag run status:running
[2025-02-07T23:15:02.668+0000] {taskinstance.py:731} INFO - ::endgroup::
[2025-02-07T23:15:02.673+0000] {baseoperator.py:421} WARNING - BranchPythonOperator.execute cannot be called outside TaskInstance!
[2025-02-07T23:15:02.737+0000] {logging_mixin.py:190} INFO - borusss ['in', 'logs', 'out', 'statu_date_execution.txt', 'succes_date_execution.txt', 'test', 'Écritures - Copie.csv.bak', 'Écritures comptables article.csv.bak', 'Écritures.csv.bak']
[2025-02-07T23:15:02.742+0000] {python.py:240} INFO - Done. Returned value was: check_file_in_directory
[2025-02-07T23:15:02.747+0000] {branch.py:38} INFO - Branch into check_file_in_directory
[2025-02-07T23:15:02.749+0000] {skipmixin.py:230} INFO - Following branch ('check_file_in_directory',)
[2025-02-07T23:15:03.020+0000] {skipmixin.py:278} INFO - Skipping tasks []
[2025-02-07T23:15:03.282+0000] {taskinstance.py:340} INFO - ::group::Post task execution logs
[2025-02-07T23:15:03.308+0000] {taskinstance.py:352} INFO - Marking task as SUCCESS. dag_id=directory_and_file_verification_dag, task_id=check_directory, run_id=scheduled__2025-02-07T00:00:00+00:00, execution_date=20250207T000000, start_date=20250207T231456, end_date=20250207T231503
[2025-02-07T23:15:03.524+0000] {logging_mixin.py:190} INFO - Task instance in success state
[2025-02-07T23:15:03.526+0000] {logging_mixin.py:190} INFO -  Previous state of the Task instance: running
[2025-02-07T23:15:03.527+0000] {logging_mixin.py:190} INFO - Dag name:directory_and_file_verification_dag queued_at:2025-02-07 23:14:41.412988+00:00
[2025-02-07T23:15:03.527+0000] {logging_mixin.py:190} INFO - Task hostname:003b7fbea265 operator:BranchPythonOperator
[2025-02-07T23:15:03.567+0000] {local_task_job_runner.py:266} INFO - Task exited with return code 0
[2025-02-07T23:15:04.051+0000] {taskinstance.py:3895} INFO - 1 downstream tasks scheduled from follow-on schedule check
[2025-02-07T23:15:04.076+0000] {local_task_job_runner.py:245} INFO - ::endgroup::
[2025-02-08T01:03:37.048+0000] {local_task_job_runner.py:123} INFO - ::group::Pre task execution logs
[2025-02-08T01:03:37.274+0000] {taskinstance.py:2613} INFO - Dependencies all met for dep_context=non-requeueable deps ti=<TaskInstance: directory_and_file_verification_dag.check_directory scheduled__2025-02-07T00:00:00+00:00 [queued]>
[2025-02-08T01:03:37.283+0000] {taskinstance.py:2613} INFO - Dependencies all met for dep_context=requeueable deps ti=<TaskInstance: directory_and_file_verification_dag.check_directory scheduled__2025-02-07T00:00:00+00:00 [queued]>
[2025-02-08T01:03:37.284+0000] {taskinstance.py:2866} INFO - Starting attempt 1 of 1
[2025-02-08T01:03:37.300+0000] {taskinstance.py:2889} INFO - Executing <Task(BranchPythonOperator): check_directory> on 2025-02-07 00:00:00+00:00
[2025-02-08T01:03:37.311+0000] {warnings.py:112} WARNING - /home/***/.local/lib/python3.12/site-packages/***/task/task_runner/standard_task_runner.py:70: DeprecationWarning: This process (pid=584) is multi-threaded, use of fork() may lead to deadlocks in the child.
  pid = os.fork()

[2025-02-08T01:03:37.312+0000] {standard_task_runner.py:72} INFO - Started process 586 to run task
[2025-02-08T01:03:37.313+0000] {standard_task_runner.py:104} INFO - Running: ['***', 'tasks', 'run', 'directory_and_file_verification_dag', 'check_directory', 'scheduled__2025-02-07T00:00:00+00:00', '--job-id', '1206', '--raw', '--subdir', 'DAGS_FOLDER/my_directory_and_file_checker.py', '--cfg-path', '/tmp/tmpk3w9jftb']
[2025-02-08T01:03:37.471+0000] {standard_task_runner.py:105} INFO - Job 1206: Subtask check_directory
[2025-02-08T01:03:37.526+0000] {task_command.py:467} INFO - Running <TaskInstance: directory_and_file_verification_dag.check_directory scheduled__2025-02-07T00:00:00+00:00 [running]> on host 003b7fbea265
[2025-02-08T01:03:37.611+0000] {taskinstance.py:3132} INFO - Exporting env vars: AIRFLOW_CTX_DAG_OWNER='***' AIRFLOW_CTX_DAG_ID='directory_and_file_verification_dag' AIRFLOW_CTX_TASK_ID='check_directory' AIRFLOW_CTX_EXECUTION_DATE='2025-02-07T00:00:00+00:00' AIRFLOW_CTX_TRY_NUMBER='1' AIRFLOW_CTX_DAG_RUN_ID='scheduled__2025-02-07T00:00:00+00:00'
[2025-02-08T01:03:37.613+0000] {logging_mixin.py:190} INFO - Task instance is in running state
[2025-02-08T01:03:37.613+0000] {logging_mixin.py:190} INFO -  Previous state of the Task instance: queued
[2025-02-08T01:03:37.614+0000] {logging_mixin.py:190} INFO - Current task name:check_directory state:running start_date:2025-02-08 01:03:37.275227+00:00
[2025-02-08T01:03:37.614+0000] {logging_mixin.py:190} INFO - Dag name:directory_and_file_verification_dag and current dag run status:running
[2025-02-08T01:03:37.615+0000] {taskinstance.py:731} INFO - ::endgroup::
[2025-02-08T01:03:37.615+0000] {baseoperator.py:421} WARNING - BranchPythonOperator.execute cannot be called outside TaskInstance!
[2025-02-08T01:03:37.617+0000] {logging_mixin.py:190} INFO - borusss ['in', 'logs', 'out', 'statu_date_execution.txt', 'succes_date_execution.txt', 'test', 'Écritures - Copie.csv.bak', 'Écritures comptables article.csv.bak', 'Écritures.csv.bak']
[2025-02-08T01:03:37.617+0000] {python.py:240} INFO - Done. Returned value was: check_file_in_directory
[2025-02-08T01:03:37.618+0000] {branch.py:38} INFO - Branch into check_file_in_directory
[2025-02-08T01:03:37.618+0000] {skipmixin.py:230} INFO - Following branch ('check_file_in_directory',)
[2025-02-08T01:03:37.630+0000] {skipmixin.py:278} INFO - Skipping tasks []
[2025-02-08T01:03:37.659+0000] {taskinstance.py:340} INFO - ::group::Post task execution logs
[2025-02-08T01:03:37.659+0000] {taskinstance.py:352} INFO - Marking task as SUCCESS. dag_id=directory_and_file_verification_dag, task_id=check_directory, run_id=scheduled__2025-02-07T00:00:00+00:00, execution_date=20250207T000000, start_date=20250208T010337, end_date=20250208T010337
[2025-02-08T01:03:37.679+0000] {logging_mixin.py:190} INFO - Task instance in success state
[2025-02-08T01:03:37.680+0000] {logging_mixin.py:190} INFO -  Previous state of the Task instance: running
[2025-02-08T01:03:37.681+0000] {logging_mixin.py:190} INFO - Dag name:directory_and_file_verification_dag queued_at:2025-02-08 00:54:55.748495+00:00
[2025-02-08T01:03:37.681+0000] {logging_mixin.py:190} INFO - Task hostname:003b7fbea265 operator:BranchPythonOperator
[2025-02-08T01:03:37.728+0000] {local_task_job_runner.py:266} INFO - Task exited with return code 0
[2025-02-08T01:03:37.795+0000] {taskinstance.py:3895} INFO - 1 downstream tasks scheduled from follow-on schedule check
[2025-02-08T01:03:37.797+0000] {local_task_job_runner.py:245} INFO - ::endgroup::
[2025-02-08T08:39:31.187+0000] {local_task_job_runner.py:123} INFO - ::group::Pre task execution logs
[2025-02-08T08:39:31.478+0000] {taskinstance.py:2613} INFO - Dependencies all met for dep_context=non-requeueable deps ti=<TaskInstance: directory_and_file_verification_dag.check_directory scheduled__2025-02-07T00:00:00+00:00 [queued]>
[2025-02-08T08:39:31.489+0000] {taskinstance.py:2613} INFO - Dependencies all met for dep_context=requeueable deps ti=<TaskInstance: directory_and_file_verification_dag.check_directory scheduled__2025-02-07T00:00:00+00:00 [queued]>
[2025-02-08T08:39:31.489+0000] {taskinstance.py:2866} INFO - Starting attempt 1 of 1
[2025-02-08T08:39:31.511+0000] {taskinstance.py:2889} INFO - Executing <Task(BranchPythonOperator): check_directory> on 2025-02-07 00:00:00+00:00
[2025-02-08T08:39:31.522+0000] {warnings.py:112} WARNING - /home/***/.local/lib/python3.12/site-packages/***/task/task_runner/standard_task_runner.py:70: DeprecationWarning: This process (pid=649) is multi-threaded, use of fork() may lead to deadlocks in the child.
  pid = os.fork()

[2025-02-08T08:39:31.524+0000] {standard_task_runner.py:72} INFO - Started process 651 to run task
[2025-02-08T08:39:31.526+0000] {standard_task_runner.py:104} INFO - Running: ['***', 'tasks', 'run', 'directory_and_file_verification_dag', 'check_directory', 'scheduled__2025-02-07T00:00:00+00:00', '--job-id', '1208', '--raw', '--subdir', 'DAGS_FOLDER/my_directory_and_file_checker.py', '--cfg-path', '/tmp/tmpkyj05aam']
[2025-02-08T08:39:31.527+0000] {standard_task_runner.py:105} INFO - Job 1208: Subtask check_directory
[2025-02-08T08:39:31.599+0000] {task_command.py:467} INFO - Running <TaskInstance: directory_and_file_verification_dag.check_directory scheduled__2025-02-07T00:00:00+00:00 [running]> on host 003b7fbea265
[2025-02-08T08:39:31.739+0000] {taskinstance.py:3132} INFO - Exporting env vars: AIRFLOW_CTX_DAG_OWNER='***' AIRFLOW_CTX_DAG_ID='directory_and_file_verification_dag' AIRFLOW_CTX_TASK_ID='check_directory' AIRFLOW_CTX_EXECUTION_DATE='2025-02-07T00:00:00+00:00' AIRFLOW_CTX_TRY_NUMBER='1' AIRFLOW_CTX_DAG_RUN_ID='scheduled__2025-02-07T00:00:00+00:00'
[2025-02-08T08:39:31.743+0000] {logging_mixin.py:190} INFO - Task instance is in running state
[2025-02-08T08:39:31.743+0000] {logging_mixin.py:190} INFO -  Previous state of the Task instance: queued
[2025-02-08T08:39:31.744+0000] {logging_mixin.py:190} INFO - Current task name:check_directory state:running start_date:2025-02-08 08:39:31.479529+00:00
[2025-02-08T08:39:31.745+0000] {logging_mixin.py:190} INFO - Dag name:directory_and_file_verification_dag and current dag run status:running
[2025-02-08T08:39:31.745+0000] {taskinstance.py:731} INFO - ::endgroup::
[2025-02-08T08:39:31.746+0000] {baseoperator.py:421} WARNING - BranchPythonOperator.execute cannot be called outside TaskInstance!
[2025-02-08T08:39:31.749+0000] {logging_mixin.py:190} INFO - borusss ['in', 'logs', 'out', 'statu_date_execution.txt', 'succes_date_execution.txt', 'test', 'Écritures - Copie.csv.bak', 'Écritures comptables article.csv.bak', 'Écritures.csv.bak']
[2025-02-08T08:39:31.749+0000] {python.py:240} INFO - Done. Returned value was: check_file_in_directory
[2025-02-08T08:39:31.750+0000] {branch.py:38} INFO - Branch into check_file_in_directory
[2025-02-08T08:39:31.750+0000] {skipmixin.py:230} INFO - Following branch ('check_file_in_directory',)
[2025-02-08T08:39:31.769+0000] {skipmixin.py:278} INFO - Skipping tasks []
[2025-02-08T08:39:31.832+0000] {taskinstance.py:340} INFO - ::group::Post task execution logs
[2025-02-08T08:39:31.833+0000] {taskinstance.py:352} INFO - Marking task as SUCCESS. dag_id=directory_and_file_verification_dag, task_id=check_directory, run_id=scheduled__2025-02-07T00:00:00+00:00, execution_date=20250207T000000, start_date=20250208T083931, end_date=20250208T083931
[2025-02-08T08:39:31.848+0000] {logging_mixin.py:190} INFO - Task instance in success state
[2025-02-08T08:39:31.849+0000] {logging_mixin.py:190} INFO -  Previous state of the Task instance: running
[2025-02-08T08:39:31.850+0000] {logging_mixin.py:190} INFO - Dag name:directory_and_file_verification_dag queued_at:2025-02-08 08:39:29.069379+00:00
[2025-02-08T08:39:31.850+0000] {logging_mixin.py:190} INFO - Task hostname:003b7fbea265 operator:BranchPythonOperator
[2025-02-08T08:39:31.865+0000] {local_task_job_runner.py:266} INFO - Task exited with return code 0
[2025-02-08T08:39:31.913+0000] {taskinstance.py:3895} INFO - 1 downstream tasks scheduled from follow-on schedule check
[2025-02-08T08:39:31.915+0000] {local_task_job_runner.py:245} INFO - ::endgroup::
[2025-02-08T08:49:10.466+0000] {local_task_job_runner.py:123} INFO - ::group::Pre task execution logs
[2025-02-08T08:49:10.642+0000] {taskinstance.py:2613} INFO - Dependencies all met for dep_context=non-requeueable deps ti=<TaskInstance: directory_and_file_verification_dag.check_directory scheduled__2025-02-07T00:00:00+00:00 [queued]>
[2025-02-08T08:49:10.654+0000] {taskinstance.py:2613} INFO - Dependencies all met for dep_context=requeueable deps ti=<TaskInstance: directory_and_file_verification_dag.check_directory scheduled__2025-02-07T00:00:00+00:00 [queued]>
[2025-02-08T08:49:10.655+0000] {taskinstance.py:2866} INFO - Starting attempt 1 of 1
[2025-02-08T08:49:10.673+0000] {taskinstance.py:2889} INFO - Executing <Task(BranchPythonOperator): check_directory> on 2025-02-07 00:00:00+00:00
[2025-02-08T08:49:10.682+0000] {warnings.py:112} WARNING - /home/***/.local/lib/python3.12/site-packages/***/task/task_runner/standard_task_runner.py:70: DeprecationWarning: This process (pid=791) is multi-threaded, use of fork() may lead to deadlocks in the child.
  pid = os.fork()

[2025-02-08T08:49:10.684+0000] {standard_task_runner.py:72} INFO - Started process 793 to run task
[2025-02-08T08:49:10.686+0000] {standard_task_runner.py:104} INFO - Running: ['***', 'tasks', 'run', 'directory_and_file_verification_dag', 'check_directory', 'scheduled__2025-02-07T00:00:00+00:00', '--job-id', '1212', '--raw', '--subdir', 'DAGS_FOLDER/my_directory_and_file_checker.py', '--cfg-path', '/tmp/tmp28zgqhi4']
[2025-02-08T08:49:10.687+0000] {standard_task_runner.py:105} INFO - Job 1212: Subtask check_directory
[2025-02-08T08:49:10.743+0000] {task_command.py:467} INFO - Running <TaskInstance: directory_and_file_verification_dag.check_directory scheduled__2025-02-07T00:00:00+00:00 [running]> on host 003b7fbea265
[2025-02-08T08:49:10.828+0000] {taskinstance.py:3132} INFO - Exporting env vars: AIRFLOW_CTX_DAG_OWNER='***' AIRFLOW_CTX_DAG_ID='directory_and_file_verification_dag' AIRFLOW_CTX_TASK_ID='check_directory' AIRFLOW_CTX_EXECUTION_DATE='2025-02-07T00:00:00+00:00' AIRFLOW_CTX_TRY_NUMBER='1' AIRFLOW_CTX_DAG_RUN_ID='scheduled__2025-02-07T00:00:00+00:00'
[2025-02-08T08:49:10.830+0000] {logging_mixin.py:190} INFO - Task instance is in running state
[2025-02-08T08:49:10.830+0000] {logging_mixin.py:190} INFO -  Previous state of the Task instance: queued
[2025-02-08T08:49:10.831+0000] {logging_mixin.py:190} INFO - Current task name:check_directory state:running start_date:2025-02-08 08:49:10.643063+00:00
[2025-02-08T08:49:10.832+0000] {logging_mixin.py:190} INFO - Dag name:directory_and_file_verification_dag and current dag run status:running
[2025-02-08T08:49:10.832+0000] {taskinstance.py:731} INFO - ::endgroup::
[2025-02-08T08:49:10.833+0000] {baseoperator.py:421} WARNING - BranchPythonOperator.execute cannot be called outside TaskInstance!
[2025-02-08T08:49:10.836+0000] {logging_mixin.py:190} INFO - borusss ['in', 'logs', 'out', 'statu_date_execution.txt', 'succes_date_execution.txt', 'test', 'Écritures - Copie.csv.bak', 'Écritures comptables article.csv.bak', 'Écritures.csv.bak']
[2025-02-08T08:49:10.836+0000] {python.py:240} INFO - Done. Returned value was: check_file_in_directory
[2025-02-08T08:49:10.837+0000] {branch.py:38} INFO - Branch into check_file_in_directory
[2025-02-08T08:49:10.838+0000] {skipmixin.py:230} INFO - Following branch ('check_file_in_directory',)
[2025-02-08T08:49:10.851+0000] {skipmixin.py:278} INFO - Skipping tasks []
[2025-02-08T08:49:10.881+0000] {taskinstance.py:340} INFO - ::group::Post task execution logs
[2025-02-08T08:49:10.882+0000] {taskinstance.py:352} INFO - Marking task as SUCCESS. dag_id=directory_and_file_verification_dag, task_id=check_directory, run_id=scheduled__2025-02-07T00:00:00+00:00, execution_date=20250207T000000, start_date=20250208T084910, end_date=20250208T084910
[2025-02-08T08:49:10.894+0000] {logging_mixin.py:190} INFO - Task instance in success state
[2025-02-08T08:49:10.894+0000] {logging_mixin.py:190} INFO -  Previous state of the Task instance: running
[2025-02-08T08:49:10.895+0000] {logging_mixin.py:190} INFO - Dag name:directory_and_file_verification_dag queued_at:2025-02-08 08:49:08.290453+00:00
[2025-02-08T08:49:10.895+0000] {logging_mixin.py:190} INFO - Task hostname:003b7fbea265 operator:BranchPythonOperator
[2025-02-08T08:49:10.941+0000] {local_task_job_runner.py:266} INFO - Task exited with return code 0
[2025-02-08T08:49:10.975+0000] {taskinstance.py:3895} INFO - 1 downstream tasks scheduled from follow-on schedule check
[2025-02-08T08:49:10.978+0000] {local_task_job_runner.py:245} INFO - ::endgroup::
[2025-02-08T08:50:40.517+0000] {local_task_job_runner.py:123} INFO - ::group::Pre task execution logs
[2025-02-08T08:50:40.687+0000] {taskinstance.py:2613} INFO - Dependencies all met for dep_context=non-requeueable deps ti=<TaskInstance: directory_and_file_verification_dag.check_directory scheduled__2025-02-07T00:00:00+00:00 [queued]>
[2025-02-08T08:50:40.699+0000] {taskinstance.py:2613} INFO - Dependencies all met for dep_context=requeueable deps ti=<TaskInstance: directory_and_file_verification_dag.check_directory scheduled__2025-02-07T00:00:00+00:00 [queued]>
[2025-02-08T08:50:40.700+0000] {taskinstance.py:2866} INFO - Starting attempt 1 of 1
[2025-02-08T08:50:40.717+0000] {taskinstance.py:2889} INFO - Executing <Task(BranchPythonOperator): check_directory> on 2025-02-07 00:00:00+00:00
[2025-02-08T08:50:40.725+0000] {warnings.py:112} WARNING - /home/***/.local/lib/python3.12/site-packages/***/task/task_runner/standard_task_runner.py:70: DeprecationWarning: This process (pid=821) is multi-threaded, use of fork() may lead to deadlocks in the child.
  pid = os.fork()

[2025-02-08T08:50:40.726+0000] {standard_task_runner.py:72} INFO - Started process 823 to run task
[2025-02-08T08:50:40.727+0000] {standard_task_runner.py:104} INFO - Running: ['***', 'tasks', 'run', 'directory_and_file_verification_dag', 'check_directory', 'scheduled__2025-02-07T00:00:00+00:00', '--job-id', '1216', '--raw', '--subdir', 'DAGS_FOLDER/my_directory_and_file_checker.py', '--cfg-path', '/tmp/tmpmqz990lf']
[2025-02-08T08:50:40.728+0000] {standard_task_runner.py:105} INFO - Job 1216: Subtask check_directory
[2025-02-08T08:50:40.785+0000] {task_command.py:467} INFO - Running <TaskInstance: directory_and_file_verification_dag.check_directory scheduled__2025-02-07T00:00:00+00:00 [running]> on host 003b7fbea265
[2025-02-08T08:50:40.877+0000] {taskinstance.py:3132} INFO - Exporting env vars: AIRFLOW_CTX_DAG_OWNER='***' AIRFLOW_CTX_DAG_ID='directory_and_file_verification_dag' AIRFLOW_CTX_TASK_ID='check_directory' AIRFLOW_CTX_EXECUTION_DATE='2025-02-07T00:00:00+00:00' AIRFLOW_CTX_TRY_NUMBER='1' AIRFLOW_CTX_DAG_RUN_ID='scheduled__2025-02-07T00:00:00+00:00'
[2025-02-08T08:50:40.880+0000] {logging_mixin.py:190} INFO - Task instance is in running state
[2025-02-08T08:50:40.880+0000] {logging_mixin.py:190} INFO -  Previous state of the Task instance: queued
[2025-02-08T08:50:40.881+0000] {logging_mixin.py:190} INFO - Current task name:check_directory state:running start_date:2025-02-08 08:50:40.688116+00:00
[2025-02-08T08:50:40.881+0000] {logging_mixin.py:190} INFO - Dag name:directory_and_file_verification_dag and current dag run status:running
[2025-02-08T08:50:40.882+0000] {taskinstance.py:731} INFO - ::endgroup::
[2025-02-08T08:50:40.882+0000] {baseoperator.py:421} WARNING - BranchPythonOperator.execute cannot be called outside TaskInstance!
[2025-02-08T08:50:40.884+0000] {logging_mixin.py:190} INFO - borusss ['in', 'logs', 'out', 'statu_date_execution.txt', 'succes_date_execution.txt', 'test', 'Écritures - Copie.csv.bak', 'Écritures comptables article.csv.bak', 'Écritures.csv.bak']
[2025-02-08T08:50:40.885+0000] {python.py:240} INFO - Done. Returned value was: check_file_in_directory
[2025-02-08T08:50:40.886+0000] {branch.py:38} INFO - Branch into check_file_in_directory
[2025-02-08T08:50:40.886+0000] {skipmixin.py:230} INFO - Following branch ('check_file_in_directory',)
[2025-02-08T08:50:40.904+0000] {skipmixin.py:278} INFO - Skipping tasks []
[2025-02-08T08:50:40.942+0000] {taskinstance.py:340} INFO - ::group::Post task execution logs
[2025-02-08T08:50:40.942+0000] {taskinstance.py:352} INFO - Marking task as SUCCESS. dag_id=directory_and_file_verification_dag, task_id=check_directory, run_id=scheduled__2025-02-07T00:00:00+00:00, execution_date=20250207T000000, start_date=20250208T085040, end_date=20250208T085040
[2025-02-08T08:50:40.952+0000] {logging_mixin.py:190} INFO - Task instance in success state
[2025-02-08T08:50:40.953+0000] {logging_mixin.py:190} INFO -  Previous state of the Task instance: running
[2025-02-08T08:50:40.954+0000] {logging_mixin.py:190} INFO - Dag name:directory_and_file_verification_dag queued_at:2025-02-08 08:50:38.687199+00:00
[2025-02-08T08:50:40.954+0000] {logging_mixin.py:190} INFO - Task hostname:003b7fbea265 operator:BranchPythonOperator
[2025-02-08T08:50:40.982+0000] {local_task_job_runner.py:266} INFO - Task exited with return code 0
[2025-02-08T08:50:41.022+0000] {taskinstance.py:3895} INFO - 1 downstream tasks scheduled from follow-on schedule check
[2025-02-08T08:50:41.026+0000] {local_task_job_runner.py:245} INFO - ::endgroup::
[2025-02-08T08:52:14.619+0000] {local_task_job_runner.py:123} INFO - ::group::Pre task execution logs
[2025-02-08T08:52:14.777+0000] {taskinstance.py:2613} INFO - Dependencies all met for dep_context=non-requeueable deps ti=<TaskInstance: directory_and_file_verification_dag.check_directory scheduled__2025-02-07T00:00:00+00:00 [queued]>
[2025-02-08T08:52:14.786+0000] {taskinstance.py:2613} INFO - Dependencies all met for dep_context=requeueable deps ti=<TaskInstance: directory_and_file_verification_dag.check_directory scheduled__2025-02-07T00:00:00+00:00 [queued]>
[2025-02-08T08:52:14.787+0000] {taskinstance.py:2866} INFO - Starting attempt 1 of 1
[2025-02-08T08:52:14.802+0000] {taskinstance.py:2889} INFO - Executing <Task(BranchPythonOperator): check_directory> on 2025-02-07 00:00:00+00:00
[2025-02-08T08:52:14.811+0000] {warnings.py:112} WARNING - /home/***/.local/lib/python3.12/site-packages/***/task/task_runner/standard_task_runner.py:70: DeprecationWarning: This process (pid=858) is multi-threaded, use of fork() may lead to deadlocks in the child.
  pid = os.fork()

[2025-02-08T08:52:14.813+0000] {standard_task_runner.py:72} INFO - Started process 860 to run task
[2025-02-08T08:52:14.813+0000] {standard_task_runner.py:104} INFO - Running: ['***', 'tasks', 'run', 'directory_and_file_verification_dag', 'check_directory', 'scheduled__2025-02-07T00:00:00+00:00', '--job-id', '1220', '--raw', '--subdir', 'DAGS_FOLDER/my_directory_and_file_checker.py', '--cfg-path', '/tmp/tmp008pw1s8']
[2025-02-08T08:52:14.814+0000] {standard_task_runner.py:105} INFO - Job 1220: Subtask check_directory
[2025-02-08T08:52:14.865+0000] {task_command.py:467} INFO - Running <TaskInstance: directory_and_file_verification_dag.check_directory scheduled__2025-02-07T00:00:00+00:00 [running]> on host 003b7fbea265
[2025-02-08T08:52:14.967+0000] {taskinstance.py:3132} INFO - Exporting env vars: AIRFLOW_CTX_DAG_OWNER='***' AIRFLOW_CTX_DAG_ID='directory_and_file_verification_dag' AIRFLOW_CTX_TASK_ID='check_directory' AIRFLOW_CTX_EXECUTION_DATE='2025-02-07T00:00:00+00:00' AIRFLOW_CTX_TRY_NUMBER='1' AIRFLOW_CTX_DAG_RUN_ID='scheduled__2025-02-07T00:00:00+00:00'
[2025-02-08T08:52:14.968+0000] {logging_mixin.py:190} INFO - Task instance is in running state
[2025-02-08T08:52:14.969+0000] {logging_mixin.py:190} INFO -  Previous state of the Task instance: queued
[2025-02-08T08:52:14.969+0000] {logging_mixin.py:190} INFO - Current task name:check_directory state:running start_date:2025-02-08 08:52:14.778412+00:00
[2025-02-08T08:52:14.970+0000] {logging_mixin.py:190} INFO - Dag name:directory_and_file_verification_dag and current dag run status:running
[2025-02-08T08:52:14.970+0000] {taskinstance.py:731} INFO - ::endgroup::
[2025-02-08T08:52:14.971+0000] {baseoperator.py:421} WARNING - BranchPythonOperator.execute cannot be called outside TaskInstance!
[2025-02-08T08:52:14.973+0000] {logging_mixin.py:190} INFO - borusss ['in', 'logs', 'out', 'statu_date_execution.txt', 'succes_date_execution.txt', 'test', 'Écritures - Copie.csv.bak', 'Écritures comptables article.csv.bak', 'Écritures.csv.bak']
[2025-02-08T08:52:14.973+0000] {python.py:240} INFO - Done. Returned value was: check_file_in_directory
[2025-02-08T08:52:14.974+0000] {branch.py:38} INFO - Branch into check_file_in_directory
[2025-02-08T08:52:14.975+0000] {skipmixin.py:230} INFO - Following branch ('check_file_in_directory',)
[2025-02-08T08:52:14.991+0000] {skipmixin.py:278} INFO - Skipping tasks []
[2025-02-08T08:52:15.025+0000] {taskinstance.py:340} INFO - ::group::Post task execution logs
[2025-02-08T08:52:15.026+0000] {taskinstance.py:352} INFO - Marking task as SUCCESS. dag_id=directory_and_file_verification_dag, task_id=check_directory, run_id=scheduled__2025-02-07T00:00:00+00:00, execution_date=20250207T000000, start_date=20250208T085214, end_date=20250208T085215
[2025-02-08T08:52:15.038+0000] {logging_mixin.py:190} INFO - Task instance in success state
[2025-02-08T08:52:15.039+0000] {logging_mixin.py:190} INFO -  Previous state of the Task instance: running
[2025-02-08T08:52:15.039+0000] {logging_mixin.py:190} INFO - Dag name:directory_and_file_verification_dag queued_at:2025-02-08 08:52:13.259981+00:00
[2025-02-08T08:52:15.040+0000] {logging_mixin.py:190} INFO - Task hostname:003b7fbea265 operator:BranchPythonOperator
[2025-02-08T08:52:15.068+0000] {local_task_job_runner.py:266} INFO - Task exited with return code 0
[2025-02-08T08:52:15.104+0000] {taskinstance.py:3895} INFO - 1 downstream tasks scheduled from follow-on schedule check
[2025-02-08T08:52:15.107+0000] {local_task_job_runner.py:245} INFO - ::endgroup::
[2025-02-08T08:56:17.000+0000] {local_task_job_runner.py:123} INFO - ::group::Pre task execution logs
[2025-02-08T08:56:17.152+0000] {taskinstance.py:2613} INFO - Dependencies all met for dep_context=non-requeueable deps ti=<TaskInstance: directory_and_file_verification_dag.check_directory scheduled__2025-02-07T00:00:00+00:00 [queued]>
[2025-02-08T08:56:17.163+0000] {taskinstance.py:2613} INFO - Dependencies all met for dep_context=requeueable deps ti=<TaskInstance: directory_and_file_verification_dag.check_directory scheduled__2025-02-07T00:00:00+00:00 [queued]>
[2025-02-08T08:56:17.164+0000] {taskinstance.py:2866} INFO - Starting attempt 1 of 1
[2025-02-08T08:56:17.181+0000] {taskinstance.py:2889} INFO - Executing <Task(BranchPythonOperator): check_directory> on 2025-02-07 00:00:00+00:00
[2025-02-08T08:56:17.189+0000] {warnings.py:112} WARNING - /home/***/.local/lib/python3.12/site-packages/***/task/task_runner/standard_task_runner.py:70: DeprecationWarning: This process (pid=930) is multi-threaded, use of fork() may lead to deadlocks in the child.
  pid = os.fork()

[2025-02-08T08:56:17.191+0000] {standard_task_runner.py:72} INFO - Started process 932 to run task
[2025-02-08T08:56:17.192+0000] {standard_task_runner.py:104} INFO - Running: ['***', 'tasks', 'run', 'directory_and_file_verification_dag', 'check_directory', 'scheduled__2025-02-07T00:00:00+00:00', '--job-id', '1224', '--raw', '--subdir', 'DAGS_FOLDER/my_directory_and_file_checker.py', '--cfg-path', '/tmp/tmpdbsiqj_s']
[2025-02-08T08:56:17.193+0000] {standard_task_runner.py:105} INFO - Job 1224: Subtask check_directory
[2025-02-08T08:56:17.246+0000] {task_command.py:467} INFO - Running <TaskInstance: directory_and_file_verification_dag.check_directory scheduled__2025-02-07T00:00:00+00:00 [running]> on host 003b7fbea265
[2025-02-08T08:56:17.334+0000] {taskinstance.py:3132} INFO - Exporting env vars: AIRFLOW_CTX_DAG_OWNER='***' AIRFLOW_CTX_DAG_ID='directory_and_file_verification_dag' AIRFLOW_CTX_TASK_ID='check_directory' AIRFLOW_CTX_EXECUTION_DATE='2025-02-07T00:00:00+00:00' AIRFLOW_CTX_TRY_NUMBER='1' AIRFLOW_CTX_DAG_RUN_ID='scheduled__2025-02-07T00:00:00+00:00'
[2025-02-08T08:56:17.336+0000] {logging_mixin.py:190} INFO - Task instance is in running state
[2025-02-08T08:56:17.336+0000] {logging_mixin.py:190} INFO -  Previous state of the Task instance: queued
[2025-02-08T08:56:17.337+0000] {logging_mixin.py:190} INFO - Current task name:check_directory state:running start_date:2025-02-08 08:56:17.153122+00:00
[2025-02-08T08:56:17.337+0000] {logging_mixin.py:190} INFO - Dag name:directory_and_file_verification_dag and current dag run status:running
[2025-02-08T08:56:17.338+0000] {taskinstance.py:731} INFO - ::endgroup::
[2025-02-08T08:56:17.339+0000] {baseoperator.py:421} WARNING - BranchPythonOperator.execute cannot be called outside TaskInstance!
[2025-02-08T08:56:17.341+0000] {logging_mixin.py:190} INFO - borusss ['in', 'logs', 'out', 'statu_date_execution.txt', 'succes_date_execution.txt', 'test', 'Écritures - Copie.csv.bak', 'Écritures comptables article.csv.bak', 'Écritures.csv.bak']
[2025-02-08T08:56:17.342+0000] {python.py:240} INFO - Done. Returned value was: check_file_in_directory
[2025-02-08T08:56:17.342+0000] {branch.py:38} INFO - Branch into check_file_in_directory
[2025-02-08T08:56:17.343+0000] {skipmixin.py:230} INFO - Following branch ('check_file_in_directory',)
[2025-02-08T08:56:17.358+0000] {skipmixin.py:278} INFO - Skipping tasks []
[2025-02-08T08:56:17.386+0000] {taskinstance.py:340} INFO - ::group::Post task execution logs
[2025-02-08T08:56:17.387+0000] {taskinstance.py:352} INFO - Marking task as SUCCESS. dag_id=directory_and_file_verification_dag, task_id=check_directory, run_id=scheduled__2025-02-07T00:00:00+00:00, execution_date=20250207T000000, start_date=20250208T085617, end_date=20250208T085617
[2025-02-08T08:56:17.397+0000] {logging_mixin.py:190} INFO - Task instance in success state
[2025-02-08T08:56:17.398+0000] {logging_mixin.py:190} INFO -  Previous state of the Task instance: running
[2025-02-08T08:56:17.398+0000] {logging_mixin.py:190} INFO - Dag name:directory_and_file_verification_dag queued_at:2025-02-08 08:56:15.088357+00:00
[2025-02-08T08:56:17.399+0000] {logging_mixin.py:190} INFO - Task hostname:003b7fbea265 operator:BranchPythonOperator
[2025-02-08T08:56:17.448+0000] {local_task_job_runner.py:266} INFO - Task exited with return code 0
[2025-02-08T08:56:17.486+0000] {taskinstance.py:3895} INFO - 1 downstream tasks scheduled from follow-on schedule check
[2025-02-08T08:56:17.488+0000] {local_task_job_runner.py:245} INFO - ::endgroup::
