[2025-02-04T17:02:41.597+0000] {local_task_job_runner.py:123} INFO - ::group::Pre task execution logs
[2025-02-04T17:02:41.611+0000] {taskinstance.py:2613} INFO - Dependencies all met for dep_context=non-requeueable deps ti=<TaskInstance: my_first_dag.say_hello manual__2025-02-04T17:02:37.210896+00:00 [queued]>
[2025-02-04T17:02:41.621+0000] {taskinstance.py:2613} INFO - Dependencies all met for dep_context=requeueable deps ti=<TaskInstance: my_first_dag.say_hello manual__2025-02-04T17:02:37.210896+00:00 [queued]>
[2025-02-04T17:02:41.622+0000] {taskinstance.py:2866} INFO - Starting attempt 1 of 2
[2025-02-04T17:02:41.635+0000] {taskinstance.py:2889} INFO - Executing <Task(PythonOperator): say_hello> on 2025-02-04 17:02:37.210896+00:00
[2025-02-04T17:02:41.641+0000] {warnings.py:112} WARNING - /home/***/.local/lib/python3.12/site-packages/***/task/task_runner/standard_task_runner.py:70: DeprecationWarning: This process (pid=8532) is multi-threaded, use of fork() may lead to deadlocks in the child.
  pid = os.fork()

[2025-02-04T17:02:41.642+0000] {standard_task_runner.py:72} INFO - Started process 8534 to run task
[2025-02-04T17:02:41.642+0000] {standard_task_runner.py:104} INFO - Running: ['***', 'tasks', 'run', 'my_first_dag', 'say_hello', 'manual__2025-02-04T17:02:37.210896+00:00', '--job-id', '455', '--raw', '--subdir', 'DAGS_FOLDER/my_first_dag.py', '--cfg-path', '/tmp/tmp_6zy52ck']
[2025-02-04T17:02:41.643+0000] {standard_task_runner.py:105} INFO - Job 455: Subtask say_hello
[2025-02-04T17:02:41.691+0000] {task_command.py:467} INFO - Running <TaskInstance: my_first_dag.say_hello manual__2025-02-04T17:02:37.210896+00:00 [running]> on host 003b7fbea265
[2025-02-04T17:02:42.028+0000] {taskinstance.py:3132} INFO - Exporting env vars: AIRFLOW_CTX_DAG_OWNER='***' AIRFLOW_CTX_DAG_ID='my_first_dag' AIRFLOW_CTX_TASK_ID='say_hello' AIRFLOW_CTX_EXECUTION_DATE='2025-02-04T17:02:37.210896+00:00' AIRFLOW_CTX_TRY_NUMBER='1' AIRFLOW_CTX_DAG_RUN_ID='manual__2025-02-04T17:02:37.210896+00:00'
[2025-02-04T17:02:42.030+0000] {logging_mixin.py:190} INFO - Task instance is in running state
[2025-02-04T17:02:42.031+0000] {logging_mixin.py:190} INFO -  Previous state of the Task instance: queued
[2025-02-04T17:02:42.031+0000] {logging_mixin.py:190} INFO - Current task name:say_hello state:running start_date:2025-02-04 17:02:41.612034+00:00
[2025-02-04T17:02:42.032+0000] {logging_mixin.py:190} INFO - Dag name:my_first_dag and current dag run status:running
[2025-02-04T17:02:42.033+0000] {taskinstance.py:731} INFO - ::endgroup::
[2025-02-04T17:02:42.034+0000] {logging_mixin.py:190} INFO - Hello, world!
[2025-02-04T17:02:42.036+0000] {python.py:240} INFO - Done. Returned value was: None
[2025-02-04T17:02:42.045+0000] {taskinstance.py:340} INFO - ::group::Post task execution logs
[2025-02-04T17:02:42.046+0000] {taskinstance.py:352} INFO - Marking task as SUCCESS. dag_id=my_first_dag, task_id=say_hello, run_id=manual__2025-02-04T17:02:37.210896+00:00, execution_date=20250204T170237, start_date=20250204T170241, end_date=20250204T170242
[2025-02-04T17:02:42.058+0000] {logging_mixin.py:190} INFO - Task instance in success state
[2025-02-04T17:02:42.058+0000] {logging_mixin.py:190} INFO -  Previous state of the Task instance: running
[2025-02-04T17:02:42.059+0000] {logging_mixin.py:190} INFO - Dag name:my_first_dag queued_at:2025-02-04 17:02:37.248749+00:00
[2025-02-04T17:02:42.059+0000] {logging_mixin.py:190} INFO - Task hostname:003b7fbea265 operator:PythonOperator
[2025-02-04T17:02:42.099+0000] {local_task_job_runner.py:266} INFO - Task exited with return code 0
[2025-02-04T17:02:42.127+0000] {taskinstance.py:3895} INFO - 1 downstream tasks scheduled from follow-on schedule check
[2025-02-04T17:02:42.129+0000] {local_task_job_runner.py:245} INFO - ::endgroup::
