[2025-02-12T15:11:06.955+0000] {local_task_job_runner.py:123} INFO - ::group::Pre task execution logs
[2025-02-12T15:11:06.979+0000] {taskinstance.py:2613} INFO - Dependencies all met for dep_context=non-requeueable deps ti=<TaskInstance: IMPORTATION_ECRITURE_COMPTABLES_ARTICLE_dag.check_file_in_directory scheduled__2025-02-12T15:10:00+00:00 [queued]>
[2025-02-12T15:11:06.990+0000] {taskinstance.py:2613} INFO - Dependencies all met for dep_context=requeueable deps ti=<TaskInstance: IMPORTATION_ECRITURE_COMPTABLES_ARTICLE_dag.check_file_in_directory scheduled__2025-02-12T15:10:00+00:00 [queued]>
[2025-02-12T15:11:06.999+0000] {taskinstance.py:2866} INFO - Starting attempt 1 of 2
[2025-02-12T15:11:07.013+0000] {taskinstance.py:2889} INFO - Executing <Task(BranchPythonOperator): check_file_in_directory> on 2025-02-12 15:10:00+00:00
[2025-02-12T15:11:07.021+0000] {warnings.py:112} WARNING - /home/***/.local/lib/python3.12/site-packages/***/task/task_runner/standard_task_runner.py:70: DeprecationWarning: This process (pid=10789) is multi-threaded, use of fork() may lead to deadlocks in the child.
  pid = os.fork()

[2025-02-12T15:11:07.022+0000] {standard_task_runner.py:72} INFO - Started process 10799 to run task
[2025-02-12T15:11:07.023+0000] {standard_task_runner.py:104} INFO - Running: ['***', 'tasks', 'run', 'IMPORTATION_ECRITURE_COMPTABLES_ARTICLE_dag', 'check_file_in_directory', 'scheduled__2025-02-12T15:10:00+00:00', '--job-id', '5169', '--raw', '--subdir', 'DAGS_FOLDER/my_directory_and_file_checker.py', '--cfg-path', '/tmp/tmplfvekqgp']
[2025-02-12T15:11:07.024+0000] {standard_task_runner.py:105} INFO - Job 5169: Subtask check_file_in_directory
[2025-02-12T15:11:07.075+0000] {task_command.py:467} INFO - Running <TaskInstance: IMPORTATION_ECRITURE_COMPTABLES_ARTICLE_dag.check_file_in_directory scheduled__2025-02-12T15:10:00+00:00 [running]> on host b6443be51f35
[2025-02-12T15:11:07.424+0000] {taskinstance.py:3132} INFO - Exporting env vars: AIRFLOW_CTX_DAG_OWNER='***' AIRFLOW_CTX_DAG_ID='IMPORTATION_ECRITURE_COMPTABLES_ARTICLE_dag' AIRFLOW_CTX_TASK_ID='check_file_in_directory' AIRFLOW_CTX_EXECUTION_DATE='2025-02-12T15:10:00+00:00' AIRFLOW_CTX_TRY_NUMBER='1' AIRFLOW_CTX_DAG_RUN_ID='scheduled__2025-02-12T15:10:00+00:00'
[2025-02-12T15:11:07.426+0000] {logging_mixin.py:190} INFO - Task instance is in running state
[2025-02-12T15:11:07.427+0000] {logging_mixin.py:190} INFO -  Previous state of the Task instance: queued
[2025-02-12T15:11:07.428+0000] {logging_mixin.py:190} INFO - Current task name:check_file_in_directory state:running start_date:2025-02-12 15:11:06.980107+00:00
[2025-02-12T15:11:07.429+0000] {logging_mixin.py:190} INFO - Dag name:IMPORTATION_ECRITURE_COMPTABLES_ARTICLE_dag and current dag run status:running
[2025-02-12T15:11:07.429+0000] {taskinstance.py:731} INFO - ::endgroup::
[2025-02-12T15:11:07.430+0000] {baseoperator.py:421} WARNING - BranchPythonOperator.execute cannot be called outside TaskInstance!
[2025-02-12T15:11:07.431+0000] {logging_mixin.py:190} INFO - ca marche /opt/***/files/in ['.csv']
[2025-02-12T15:11:07.435+0000] {python.py:240} INFO - Done. Returned value was: verify_file_reliability
[2025-02-12T15:11:07.435+0000] {branch.py:38} INFO - Branch into verify_file_reliability
[2025-02-12T15:11:07.436+0000] {skipmixin.py:230} INFO - Following branch ('verify_file_reliability',)
[2025-02-12T15:11:07.446+0000] {skipmixin.py:278} INFO - Skipping tasks []
[2025-02-12T15:11:07.475+0000] {taskinstance.py:340} INFO - ::group::Post task execution logs
[2025-02-12T15:11:07.476+0000] {taskinstance.py:352} INFO - Marking task as SUCCESS. dag_id=IMPORTATION_ECRITURE_COMPTABLES_ARTICLE_dag, task_id=check_file_in_directory, run_id=scheduled__2025-02-12T15:10:00+00:00, execution_date=20250212T151000, start_date=20250212T151106, end_date=20250212T151107
[2025-02-12T15:11:07.488+0000] {logging_mixin.py:190} INFO - Task instance in success state
[2025-02-12T15:11:07.489+0000] {logging_mixin.py:190} INFO -  Previous state of the Task instance: running
[2025-02-12T15:11:07.490+0000] {logging_mixin.py:190} INFO - Dag name:IMPORTATION_ECRITURE_COMPTABLES_ARTICLE_dag queued_at:2025-02-12 15:11:00.927526+00:00
[2025-02-12T15:11:07.490+0000] {logging_mixin.py:190} INFO - Task hostname:b6443be51f35 operator:BranchPythonOperator
[2025-02-12T15:11:07.520+0000] {local_task_job_runner.py:266} INFO - Task exited with return code 0
[2025-02-12T15:11:07.558+0000] {taskinstance.py:3895} INFO - 1 downstream tasks scheduled from follow-on schedule check
[2025-02-12T15:11:07.575+0000] {local_task_job_runner.py:245} INFO - ::endgroup::
