[2025-02-07T22:42:44.315+0000] {local_task_job_runner.py:123} INFO - ::group::Pre task execution logs
[2025-02-07T22:42:44.698+0000] {taskinstance.py:2613} INFO - Dependencies all met for dep_context=non-requeueable deps ti=<TaskInstance: directory_and_file_verification_dag.check_directory scheduled__2025-02-07T17:00:00+00:00 [queued]>
[2025-02-07T22:42:44.717+0000] {taskinstance.py:2613} INFO - Dependencies all met for dep_context=requeueable deps ti=<TaskInstance: directory_and_file_verification_dag.check_directory scheduled__2025-02-07T17:00:00+00:00 [queued]>
[2025-02-07T22:42:44.718+0000] {taskinstance.py:2866} INFO - Starting attempt 1 of 1
[2025-02-07T22:42:44.745+0000] {taskinstance.py:2889} INFO - Executing <Task(BranchPythonOperator): check_directory> on 2025-02-07 17:00:00+00:00
[2025-02-07T22:42:44.765+0000] {warnings.py:112} WARNING - /home/***/.local/lib/python3.12/site-packages/***/task/task_runner/standard_task_runner.py:70: DeprecationWarning: This process (pid=20145) is multi-threaded, use of fork() may lead to deadlocks in the child.
  pid = os.fork()

[2025-02-07T22:42:44.772+0000] {standard_task_runner.py:72} INFO - Started process 20157 to run task
[2025-02-07T22:42:44.779+0000] {standard_task_runner.py:104} INFO - Running: ['***', 'tasks', 'run', 'directory_and_file_verification_dag', 'check_directory', 'scheduled__2025-02-07T17:00:00+00:00', '--job-id', '1074', '--raw', '--subdir', 'DAGS_FOLDER/my_directory_and_file_checker.py', '--cfg-path', '/tmp/tmpnryjdsic']
[2025-02-07T22:42:44.781+0000] {standard_task_runner.py:105} INFO - Job 1074: Subtask check_directory
[2025-02-07T22:42:44.907+0000] {task_command.py:467} INFO - Running <TaskInstance: directory_and_file_verification_dag.check_directory scheduled__2025-02-07T17:00:00+00:00 [running]> on host 003b7fbea265
[2025-02-07T22:42:45.215+0000] {taskinstance.py:3132} INFO - Exporting env vars: AIRFLOW_CTX_DAG_OWNER='***' AIRFLOW_CTX_DAG_ID='directory_and_file_verification_dag' AIRFLOW_CTX_TASK_ID='check_directory' AIRFLOW_CTX_EXECUTION_DATE='2025-02-07T17:00:00+00:00' AIRFLOW_CTX_TRY_NUMBER='1' AIRFLOW_CTX_DAG_RUN_ID='scheduled__2025-02-07T17:00:00+00:00'
[2025-02-07T22:42:45.222+0000] {logging_mixin.py:190} INFO - Task instance is in running state
[2025-02-07T22:42:45.233+0000] {logging_mixin.py:190} INFO -  Previous state of the Task instance: queued
[2025-02-07T22:42:45.234+0000] {logging_mixin.py:190} INFO - Current task name:check_directory state:running start_date:2025-02-07 22:42:44.699542+00:00
[2025-02-07T22:42:45.236+0000] {logging_mixin.py:190} INFO - Dag name:directory_and_file_verification_dag and current dag run status:running
[2025-02-07T22:42:45.239+0000] {taskinstance.py:731} INFO - ::endgroup::
[2025-02-07T22:42:45.240+0000] {baseoperator.py:421} WARNING - BranchPythonOperator.execute cannot be called outside TaskInstance!
[2025-02-07T22:42:45.252+0000] {logging_mixin.py:190} INFO - borusss ['in', 'logs', 'out', 'statu_date_execution.txt', 'succes_date_execution.txt', 'test', 'Écritures - Copie.csv.bak', 'Écritures comptables article.csv.bak', 'Écritures.csv.bak']
[2025-02-07T22:42:45.254+0000] {python.py:240} INFO - Done. Returned value was: check_file_in_directory
[2025-02-07T22:42:45.255+0000] {branch.py:38} INFO - Branch into check_file_in_directory
[2025-02-07T22:42:45.257+0000] {skipmixin.py:230} INFO - Following branch ('check_file_in_directory',)
[2025-02-07T22:42:45.297+0000] {skipmixin.py:278} INFO - Skipping tasks []
[2025-02-07T22:42:45.391+0000] {taskinstance.py:340} INFO - ::group::Post task execution logs
[2025-02-07T22:42:45.393+0000] {taskinstance.py:352} INFO - Marking task as SUCCESS. dag_id=directory_and_file_verification_dag, task_id=check_directory, run_id=scheduled__2025-02-07T17:00:00+00:00, execution_date=20250207T170000, start_date=20250207T224244, end_date=20250207T224245
[2025-02-07T22:42:45.415+0000] {logging_mixin.py:190} INFO - Task instance in success state
[2025-02-07T22:42:45.416+0000] {logging_mixin.py:190} INFO -  Previous state of the Task instance: running
[2025-02-07T22:42:45.416+0000] {logging_mixin.py:190} INFO - Dag name:directory_and_file_verification_dag queued_at:2025-02-07 22:42:40.051548+00:00
[2025-02-07T22:42:45.417+0000] {logging_mixin.py:190} INFO - Task hostname:003b7fbea265 operator:BranchPythonOperator
[2025-02-07T22:42:45.473+0000] {local_task_job_runner.py:266} INFO - Task exited with return code 0
[2025-02-07T22:42:45.538+0000] {taskinstance.py:3895} INFO - 1 downstream tasks scheduled from follow-on schedule check
[2025-02-07T22:42:45.541+0000] {local_task_job_runner.py:245} INFO - ::endgroup::
[2025-02-07T22:44:07.991+0000] {local_task_job_runner.py:123} INFO - ::group::Pre task execution logs
[2025-02-07T22:44:08.312+0000] {taskinstance.py:2613} INFO - Dependencies all met for dep_context=non-requeueable deps ti=<TaskInstance: directory_and_file_verification_dag.check_directory scheduled__2025-02-07T17:00:00+00:00 [queued]>
[2025-02-07T22:44:08.332+0000] {taskinstance.py:2613} INFO - Dependencies all met for dep_context=requeueable deps ti=<TaskInstance: directory_and_file_verification_dag.check_directory scheduled__2025-02-07T17:00:00+00:00 [queued]>
[2025-02-07T22:44:08.333+0000] {taskinstance.py:2866} INFO - Starting attempt 1 of 1
[2025-02-07T22:44:08.372+0000] {taskinstance.py:2889} INFO - Executing <Task(BranchPythonOperator): check_directory> on 2025-02-07 17:00:00+00:00
[2025-02-07T22:44:08.387+0000] {warnings.py:112} WARNING - /home/***/.local/lib/python3.12/site-packages/***/task/task_runner/standard_task_runner.py:70: DeprecationWarning: This process (pid=20347) is multi-threaded, use of fork() may lead to deadlocks in the child.
  pid = os.fork()

[2025-02-07T22:44:08.390+0000] {standard_task_runner.py:72} INFO - Started process 20359 to run task
[2025-02-07T22:44:08.390+0000] {standard_task_runner.py:104} INFO - Running: ['***', 'tasks', 'run', 'directory_and_file_verification_dag', 'check_directory', 'scheduled__2025-02-07T17:00:00+00:00', '--job-id', '1121', '--raw', '--subdir', 'DAGS_FOLDER/my_directory_and_file_checker.py', '--cfg-path', '/tmp/tmp8qm7sbo6']
[2025-02-07T22:44:08.392+0000] {standard_task_runner.py:105} INFO - Job 1121: Subtask check_directory
[2025-02-07T22:44:08.468+0000] {task_command.py:467} INFO - Running <TaskInstance: directory_and_file_verification_dag.check_directory scheduled__2025-02-07T17:00:00+00:00 [running]> on host 003b7fbea265
[2025-02-07T22:44:08.655+0000] {taskinstance.py:3132} INFO - Exporting env vars: AIRFLOW_CTX_DAG_OWNER='***' AIRFLOW_CTX_DAG_ID='directory_and_file_verification_dag' AIRFLOW_CTX_TASK_ID='check_directory' AIRFLOW_CTX_EXECUTION_DATE='2025-02-07T17:00:00+00:00' AIRFLOW_CTX_TRY_NUMBER='1' AIRFLOW_CTX_DAG_RUN_ID='scheduled__2025-02-07T17:00:00+00:00'
[2025-02-07T22:44:08.661+0000] {logging_mixin.py:190} INFO - Task instance is in running state
[2025-02-07T22:44:08.664+0000] {logging_mixin.py:190} INFO -  Previous state of the Task instance: queued
[2025-02-07T22:44:08.668+0000] {logging_mixin.py:190} INFO - Current task name:check_directory state:running start_date:2025-02-07 22:44:08.313412+00:00
[2025-02-07T22:44:08.671+0000] {logging_mixin.py:190} INFO - Dag name:directory_and_file_verification_dag and current dag run status:running
[2025-02-07T22:44:08.672+0000] {taskinstance.py:731} INFO - ::endgroup::
[2025-02-07T22:44:08.674+0000] {baseoperator.py:421} WARNING - BranchPythonOperator.execute cannot be called outside TaskInstance!
[2025-02-07T22:44:08.684+0000] {logging_mixin.py:190} INFO - borusss ['in', 'logs', 'out', 'statu_date_execution.txt', 'succes_date_execution.txt', 'test', 'Écritures - Copie.csv.bak', 'Écritures comptables article.csv.bak', 'Écritures.csv.bak']
[2025-02-07T22:44:08.685+0000] {python.py:240} INFO - Done. Returned value was: check_file_in_directory
[2025-02-07T22:44:08.686+0000] {branch.py:38} INFO - Branch into check_file_in_directory
[2025-02-07T22:44:08.687+0000] {skipmixin.py:230} INFO - Following branch ('check_file_in_directory',)
[2025-02-07T22:44:08.711+0000] {skipmixin.py:278} INFO - Skipping tasks []
[2025-02-07T22:44:08.781+0000] {taskinstance.py:340} INFO - ::group::Post task execution logs
[2025-02-07T22:44:08.782+0000] {taskinstance.py:352} INFO - Marking task as SUCCESS. dag_id=directory_and_file_verification_dag, task_id=check_directory, run_id=scheduled__2025-02-07T17:00:00+00:00, execution_date=20250207T170000, start_date=20250207T224408, end_date=20250207T224408
[2025-02-07T22:44:08.803+0000] {logging_mixin.py:190} INFO - Task instance in success state
[2025-02-07T22:44:08.804+0000] {logging_mixin.py:190} INFO -  Previous state of the Task instance: running
[2025-02-07T22:44:08.805+0000] {logging_mixin.py:190} INFO - Dag name:directory_and_file_verification_dag queued_at:2025-02-07 22:44:04.757973+00:00
[2025-02-07T22:44:08.805+0000] {logging_mixin.py:190} INFO - Task hostname:003b7fbea265 operator:BranchPythonOperator
[2025-02-07T22:44:08.854+0000] {local_task_job_runner.py:266} INFO - Task exited with return code 0
[2025-02-07T22:44:08.912+0000] {taskinstance.py:3895} INFO - 1 downstream tasks scheduled from follow-on schedule check
[2025-02-07T22:44:08.915+0000] {local_task_job_runner.py:245} INFO - ::endgroup::
[2025-02-07T23:12:13.933+0000] {local_task_job_runner.py:123} INFO - ::group::Pre task execution logs
[2025-02-07T23:12:14.340+0000] {taskinstance.py:2613} INFO - Dependencies all met for dep_context=non-requeueable deps ti=<TaskInstance: directory_and_file_verification_dag.check_directory scheduled__2025-02-07T17:00:00+00:00 [queued]>
[2025-02-07T23:12:14.371+0000] {taskinstance.py:2613} INFO - Dependencies all met for dep_context=requeueable deps ti=<TaskInstance: directory_and_file_verification_dag.check_directory scheduled__2025-02-07T17:00:00+00:00 [queued]>
[2025-02-07T23:12:14.379+0000] {taskinstance.py:2866} INFO - Starting attempt 1 of 1
[2025-02-07T23:12:14.425+0000] {taskinstance.py:2889} INFO - Executing <Task(BranchPythonOperator): check_directory> on 2025-02-07 17:00:00+00:00
[2025-02-07T23:12:14.446+0000] {warnings.py:112} WARNING - /home/***/.local/lib/python3.12/site-packages/***/task/task_runner/standard_task_runner.py:70: DeprecationWarning: This process (pid=20899) is multi-threaded, use of fork() may lead to deadlocks in the child.
  pid = os.fork()

[2025-02-07T23:12:14.449+0000] {standard_task_runner.py:72} INFO - Started process 20916 to run task
[2025-02-07T23:12:14.452+0000] {standard_task_runner.py:104} INFO - Running: ['***', 'tasks', 'run', 'directory_and_file_verification_dag', 'check_directory', 'scheduled__2025-02-07T17:00:00+00:00', '--job-id', '1169', '--raw', '--subdir', 'DAGS_FOLDER/my_directory_and_file_checker.py', '--cfg-path', '/tmp/tmpcugxzui_']
[2025-02-07T23:12:14.454+0000] {standard_task_runner.py:105} INFO - Job 1169: Subtask check_directory
[2025-02-07T23:12:14.632+0000] {task_command.py:467} INFO - Running <TaskInstance: directory_and_file_verification_dag.check_directory scheduled__2025-02-07T17:00:00+00:00 [running]> on host 003b7fbea265
[2025-02-07T23:12:14.971+0000] {taskinstance.py:3132} INFO - Exporting env vars: AIRFLOW_CTX_DAG_OWNER='***' AIRFLOW_CTX_DAG_ID='directory_and_file_verification_dag' AIRFLOW_CTX_TASK_ID='check_directory' AIRFLOW_CTX_EXECUTION_DATE='2025-02-07T17:00:00+00:00' AIRFLOW_CTX_TRY_NUMBER='1' AIRFLOW_CTX_DAG_RUN_ID='scheduled__2025-02-07T17:00:00+00:00'
[2025-02-07T23:12:14.979+0000] {logging_mixin.py:190} INFO - Task instance is in running state
[2025-02-07T23:12:14.983+0000] {logging_mixin.py:190} INFO -  Previous state of the Task instance: queued
[2025-02-07T23:12:14.984+0000] {logging_mixin.py:190} INFO - Current task name:check_directory state:running start_date:2025-02-07 23:12:14.345758+00:00
[2025-02-07T23:12:14.985+0000] {logging_mixin.py:190} INFO - Dag name:directory_and_file_verification_dag and current dag run status:running
[2025-02-07T23:12:14.988+0000] {taskinstance.py:731} INFO - ::endgroup::
[2025-02-07T23:12:14.991+0000] {baseoperator.py:421} WARNING - BranchPythonOperator.execute cannot be called outside TaskInstance!
[2025-02-07T23:12:14.997+0000] {logging_mixin.py:190} INFO - borusss ['in', 'logs', 'out', 'statu_date_execution.txt', 'succes_date_execution.txt', 'test', 'Écritures - Copie.csv.bak', 'Écritures comptables article.csv.bak', 'Écritures.csv.bak']
[2025-02-07T23:12:15.008+0000] {python.py:240} INFO - Done. Returned value was: check_file_in_directory
[2025-02-07T23:12:15.009+0000] {branch.py:38} INFO - Branch into check_file_in_directory
[2025-02-07T23:12:15.011+0000] {skipmixin.py:230} INFO - Following branch ('check_file_in_directory',)
[2025-02-07T23:12:15.043+0000] {skipmixin.py:278} INFO - Skipping tasks []
[2025-02-07T23:12:15.156+0000] {taskinstance.py:340} INFO - ::group::Post task execution logs
[2025-02-07T23:12:15.158+0000] {taskinstance.py:352} INFO - Marking task as SUCCESS. dag_id=directory_and_file_verification_dag, task_id=check_directory, run_id=scheduled__2025-02-07T17:00:00+00:00, execution_date=20250207T170000, start_date=20250207T231214, end_date=20250207T231215
[2025-02-07T23:12:15.217+0000] {logging_mixin.py:190} INFO - Task instance in success state
[2025-02-07T23:12:15.224+0000] {logging_mixin.py:190} INFO -  Previous state of the Task instance: running
[2025-02-07T23:12:15.227+0000] {logging_mixin.py:190} INFO - Dag name:directory_and_file_verification_dag queued_at:2025-02-07 23:12:08.544086+00:00
[2025-02-07T23:12:15.228+0000] {logging_mixin.py:190} INFO - Task hostname:003b7fbea265 operator:BranchPythonOperator
[2025-02-07T23:12:15.278+0000] {local_task_job_runner.py:266} INFO - Task exited with return code 0
[2025-02-07T23:12:15.399+0000] {taskinstance.py:3895} INFO - 1 downstream tasks scheduled from follow-on schedule check
[2025-02-07T23:12:15.442+0000] {local_task_job_runner.py:245} INFO - ::endgroup::
