[2025-02-02T11:28:39.021+0000] {local_task_job_runner.py:123} INFO - ::group::Pre task execution logs
[2025-02-02T11:28:39.036+0000] {taskinstance.py:2613} INFO - Dependencies all met for dep_context=non-requeueable deps ti=<TaskInstance: directory_and_file_verification_dag.check_directory manual__2025-02-02T11:28:37.281195+00:00 [queued]>
[2025-02-02T11:28:39.045+0000] {taskinstance.py:2613} INFO - Dependencies all met for dep_context=requeueable deps ti=<TaskInstance: directory_and_file_verification_dag.check_directory manual__2025-02-02T11:28:37.281195+00:00 [queued]>
[2025-02-02T11:28:39.046+0000] {taskinstance.py:2866} INFO - Starting attempt 1 of 1
[2025-02-02T11:28:39.060+0000] {taskinstance.py:2889} INFO - Executing <Task(BranchPythonOperator): check_directory> on 2025-02-02 11:28:37.281195+00:00
[2025-02-02T11:28:39.065+0000] {warnings.py:112} WARNING - /home/***/.local/lib/python3.12/site-packages/***/task/task_runner/standard_task_runner.py:70: DeprecationWarning: This process (pid=1558) is multi-threaded, use of fork() may lead to deadlocks in the child.
  pid = os.fork()

[2025-02-02T11:28:39.067+0000] {standard_task_runner.py:72} INFO - Started process 1560 to run task
[2025-02-02T11:28:39.067+0000] {standard_task_runner.py:104} INFO - Running: ['***', 'tasks', 'run', 'directory_and_file_verification_dag', 'check_directory', 'manual__2025-02-02T11:28:37.281195+00:00', '--job-id', '96', '--raw', '--subdir', 'DAGS_FOLDER/my_directory_and_file_checker.py', '--cfg-path', '/tmp/tmp5tnd05e9']
[2025-02-02T11:28:39.068+0000] {standard_task_runner.py:105} INFO - Job 96: Subtask check_directory
[2025-02-02T11:28:39.113+0000] {task_command.py:467} INFO - Running <TaskInstance: directory_and_file_verification_dag.check_directory manual__2025-02-02T11:28:37.281195+00:00 [running]> on host 003b7fbea265
[2025-02-02T11:28:39.339+0000] {taskinstance.py:3132} INFO - Exporting env vars: AIRFLOW_CTX_DAG_OWNER='***' AIRFLOW_CTX_DAG_ID='directory_and_file_verification_dag' AIRFLOW_CTX_TASK_ID='check_directory' AIRFLOW_CTX_EXECUTION_DATE='2025-02-02T11:28:37.281195+00:00' AIRFLOW_CTX_TRY_NUMBER='1' AIRFLOW_CTX_DAG_RUN_ID='manual__2025-02-02T11:28:37.281195+00:00'
[2025-02-02T11:28:39.340+0000] {logging_mixin.py:190} INFO - Task instance is in running state
[2025-02-02T11:28:39.341+0000] {logging_mixin.py:190} INFO -  Previous state of the Task instance: queued
[2025-02-02T11:28:39.342+0000] {logging_mixin.py:190} INFO - Current task name:check_directory state:running start_date:2025-02-02 11:28:39.037110+00:00
[2025-02-02T11:28:39.342+0000] {logging_mixin.py:190} INFO - Dag name:directory_and_file_verification_dag and current dag run status:running
[2025-02-02T11:28:39.343+0000] {taskinstance.py:731} INFO - ::endgroup::
[2025-02-02T11:28:39.344+0000] {baseoperator.py:421} WARNING - BranchPythonOperator.execute cannot be called outside TaskInstance!
[2025-02-02T11:28:39.347+0000] {logging_mixin.py:190} INFO - borusss ['Écritures comptables article.csv', 'Écritures comptables article.csv.bak', 'Écritures comptables article.xlsx']
[2025-02-02T11:28:39.347+0000] {logging_mixin.py:190} INFO - eugene
[2025-02-02T11:28:39.348+0000] {python.py:240} INFO - Done. Returned value was: check_file_in_directory
[2025-02-02T11:28:39.348+0000] {branch.py:38} INFO - Branch into check_file_in_directory
[2025-02-02T11:28:39.349+0000] {skipmixin.py:230} INFO - Following branch ('check_file_in_directory',)
[2025-02-02T11:28:39.358+0000] {skipmixin.py:278} INFO - Skipping tasks []
[2025-02-02T11:28:39.382+0000] {taskinstance.py:340} INFO - ::group::Post task execution logs
[2025-02-02T11:28:39.382+0000] {taskinstance.py:352} INFO - Marking task as SUCCESS. dag_id=directory_and_file_verification_dag, task_id=check_directory, run_id=manual__2025-02-02T11:28:37.281195+00:00, execution_date=20250202T112837, start_date=20250202T112839, end_date=20250202T112839
[2025-02-02T11:28:39.391+0000] {logging_mixin.py:190} INFO - Task instance in success state
[2025-02-02T11:28:39.392+0000] {logging_mixin.py:190} INFO -  Previous state of the Task instance: running
[2025-02-02T11:28:39.392+0000] {logging_mixin.py:190} INFO - Dag name:directory_and_file_verification_dag queued_at:2025-02-02 11:28:37.289241+00:00
[2025-02-02T11:28:39.393+0000] {logging_mixin.py:190} INFO - Task hostname:003b7fbea265 operator:BranchPythonOperator
[2025-02-02T11:28:39.443+0000] {local_task_job_runner.py:266} INFO - Task exited with return code 0
[2025-02-02T11:28:39.593+0000] {taskinstance.py:3895} INFO - 1 downstream tasks scheduled from follow-on schedule check
[2025-02-02T11:28:39.595+0000] {local_task_job_runner.py:245} INFO - ::endgroup::
