[2025-02-11T17:30:49.078+0000] {local_task_job_runner.py:123} INFO - ::group::Pre task execution logs
[2025-02-11T17:30:58.197+0000] {taskinstance.py:2613} INFO - Dependencies all met for dep_context=non-requeueable deps ti=<TaskInstance: IMPORTATION_ECRITURE_COMPTABLES_ARTICLE_dag.check_directory scheduled__2025-02-11T17:29:00+00:00 [queued]>
[2025-02-11T17:30:58.206+0000] {taskinstance.py:2613} INFO - Dependencies all met for dep_context=requeueable deps ti=<TaskInstance: IMPORTATION_ECRITURE_COMPTABLES_ARTICLE_dag.check_directory scheduled__2025-02-11T17:29:00+00:00 [queued]>
[2025-02-11T17:30:58.207+0000] {taskinstance.py:2866} INFO - Starting attempt 1 of 2
[2025-02-11T17:30:58.223+0000] {taskinstance.py:2889} INFO - Executing <Task(BranchPythonOperator): check_directory> on 2025-02-11 17:29:00+00:00
[2025-02-11T17:30:58.230+0000] {warnings.py:112} WARNING - /home/***/.local/lib/python3.12/site-packages/***/task/task_runner/standard_task_runner.py:70: DeprecationWarning: This process (pid=3963) is multi-threaded, use of fork() may lead to deadlocks in the child.
  pid = os.fork()

[2025-02-11T17:30:58.232+0000] {standard_task_runner.py:72} INFO - Started process 3965 to run task
[2025-02-11T17:30:58.232+0000] {standard_task_runner.py:104} INFO - Running: ['***', 'tasks', 'run', 'IMPORTATION_ECRITURE_COMPTABLES_ARTICLE_dag', 'check_directory', 'scheduled__2025-02-11T17:29:00+00:00', '--job-id', '3422', '--raw', '--subdir', 'DAGS_FOLDER/my_directory_and_file_checker.py', '--cfg-path', '/tmp/tmpuy7upti5']
[2025-02-11T17:30:58.234+0000] {standard_task_runner.py:105} INFO - Job 3422: Subtask check_directory
[2025-02-11T17:30:58.285+0000] {task_command.py:467} INFO - Running <TaskInstance: IMPORTATION_ECRITURE_COMPTABLES_ARTICLE_dag.check_directory scheduled__2025-02-11T17:29:00+00:00 [running]> on host b6443be51f35
[2025-02-11T17:30:58.382+0000] {taskinstance.py:3132} INFO - Exporting env vars: AIRFLOW_CTX_DAG_OWNER='***' AIRFLOW_CTX_DAG_ID='IMPORTATION_ECRITURE_COMPTABLES_ARTICLE_dag' AIRFLOW_CTX_TASK_ID='check_directory' AIRFLOW_CTX_EXECUTION_DATE='2025-02-11T17:29:00+00:00' AIRFLOW_CTX_TRY_NUMBER='1' AIRFLOW_CTX_DAG_RUN_ID='scheduled__2025-02-11T17:29:00+00:00'
[2025-02-11T17:30:58.384+0000] {logging_mixin.py:190} INFO - Task instance is in running state
[2025-02-11T17:30:58.384+0000] {logging_mixin.py:190} INFO -  Previous state of the Task instance: queued
[2025-02-11T17:30:58.385+0000] {logging_mixin.py:190} INFO - Current task name:check_directory state:running start_date:2025-02-11 17:30:58.198264+00:00
[2025-02-11T17:30:58.386+0000] {logging_mixin.py:190} INFO - Dag name:IMPORTATION_ECRITURE_COMPTABLES_ARTICLE_dag and current dag run status:running
[2025-02-11T17:30:58.387+0000] {taskinstance.py:731} INFO - ::endgroup::
[2025-02-11T17:30:58.388+0000] {baseoperator.py:421} WARNING - BranchPythonOperator.execute cannot be called outside TaskInstance!
[2025-02-11T17:30:58.389+0000] {python.py:240} INFO - Done. Returned value was: check_file_in_directory
[2025-02-11T17:30:58.390+0000] {branch.py:38} INFO - Branch into check_file_in_directory
[2025-02-11T17:30:58.391+0000] {skipmixin.py:230} INFO - Following branch ('check_file_in_directory',)
[2025-02-11T17:30:58.404+0000] {skipmixin.py:278} INFO - Skipping tasks []
[2025-02-11T17:30:58.442+0000] {taskinstance.py:340} INFO - ::group::Post task execution logs
[2025-02-11T17:30:58.443+0000] {taskinstance.py:352} INFO - Marking task as SUCCESS. dag_id=IMPORTATION_ECRITURE_COMPTABLES_ARTICLE_dag, task_id=check_directory, run_id=scheduled__2025-02-11T17:29:00+00:00, execution_date=20250211T172900, start_date=20250211T173058, end_date=20250211T173058
[2025-02-11T17:30:58.455+0000] {logging_mixin.py:190} INFO - Task instance in success state
[2025-02-11T17:30:58.456+0000] {logging_mixin.py:190} INFO -  Previous state of the Task instance: running
[2025-02-11T17:30:58.456+0000] {logging_mixin.py:190} INFO - Dag name:IMPORTATION_ECRITURE_COMPTABLES_ARTICLE_dag queued_at:2025-02-11 17:30:46.589237+00:00
[2025-02-11T17:30:58.457+0000] {logging_mixin.py:190} INFO - Task hostname:b6443be51f35 operator:BranchPythonOperator
[2025-02-11T17:30:58.488+0000] {local_task_job_runner.py:266} INFO - Task exited with return code 0
[2025-02-11T17:30:58.527+0000] {taskinstance.py:3895} INFO - 1 downstream tasks scheduled from follow-on schedule check
[2025-02-11T17:30:58.531+0000] {local_task_job_runner.py:245} INFO - ::endgroup::
