[2025-02-13T23:46:01.321+0000] {local_task_job_runner.py:123} INFO - ::group::Pre task execution logs
[2025-02-13T23:46:01.445+0000] {taskinstance.py:2613} INFO - Dependencies all met for dep_context=non-requeueable deps ti=<TaskInstance: IMPORTATION_ECRITURE_COMPTABLES_ARTICLE_dag.check_directory scheduled__2025-02-13T23:45:00+00:00 [queued]>
[2025-02-13T23:46:01.452+0000] {taskinstance.py:2613} INFO - Dependencies all met for dep_context=requeueable deps ti=<TaskInstance: IMPORTATION_ECRITURE_COMPTABLES_ARTICLE_dag.check_directory scheduled__2025-02-13T23:45:00+00:00 [queued]>
[2025-02-13T23:46:01.453+0000] {taskinstance.py:2866} INFO - Starting attempt 1 of 2
[2025-02-13T23:46:01.465+0000] {taskinstance.py:2889} INFO - Executing <Task(BranchPythonOperator): check_directory> on 2025-02-13 23:45:00+00:00
[2025-02-13T23:46:01.470+0000] {warnings.py:112} WARNING - /home/***/.local/lib/python3.12/site-packages/***/task/task_runner/standard_task_runner.py:70: DeprecationWarning: This process (pid=144) is multi-threaded, use of fork() may lead to deadlocks in the child.
  pid = os.fork()

[2025-02-13T23:46:01.472+0000] {standard_task_runner.py:72} INFO - Started process 146 to run task
[2025-02-13T23:46:01.472+0000] {standard_task_runner.py:104} INFO - Running: ['***', 'tasks', 'run', 'IMPORTATION_ECRITURE_COMPTABLES_ARTICLE_dag', 'check_directory', 'scheduled__2025-02-13T23:45:00+00:00', '--job-id', '8628', '--raw', '--subdir', 'DAGS_FOLDER/my_directory_and_file_checker.py', '--cfg-path', '/tmp/tmpz42kez7c']
[2025-02-13T23:46:01.474+0000] {standard_task_runner.py:105} INFO - Job 8628: Subtask check_directory
[2025-02-13T23:46:01.514+0000] {task_command.py:467} INFO - Running <TaskInstance: IMPORTATION_ECRITURE_COMPTABLES_ARTICLE_dag.check_directory scheduled__2025-02-13T23:45:00+00:00 [running]> on host b6443be51f35
[2025-02-13T23:46:01.586+0000] {taskinstance.py:3132} INFO - Exporting env vars: AIRFLOW_CTX_DAG_OWNER='***' AIRFLOW_CTX_DAG_ID='IMPORTATION_ECRITURE_COMPTABLES_ARTICLE_dag' AIRFLOW_CTX_TASK_ID='check_directory' AIRFLOW_CTX_EXECUTION_DATE='2025-02-13T23:45:00+00:00' AIRFLOW_CTX_TRY_NUMBER='1' AIRFLOW_CTX_DAG_RUN_ID='scheduled__2025-02-13T23:45:00+00:00'
[2025-02-13T23:46:01.588+0000] {logging_mixin.py:190} INFO - Task instance is in running state
[2025-02-13T23:46:01.588+0000] {logging_mixin.py:190} INFO -  Previous state of the Task instance: queued
[2025-02-13T23:46:01.589+0000] {logging_mixin.py:190} INFO - Current task name:check_directory state:running start_date:2025-02-13 23:46:01.446433+00:00
[2025-02-13T23:46:01.589+0000] {logging_mixin.py:190} INFO - Dag name:IMPORTATION_ECRITURE_COMPTABLES_ARTICLE_dag and current dag run status:running
[2025-02-13T23:46:01.590+0000] {taskinstance.py:731} INFO - ::endgroup::
[2025-02-13T23:46:01.590+0000] {baseoperator.py:421} WARNING - BranchPythonOperator.execute cannot be called outside TaskInstance!
[2025-02-13T23:46:01.591+0000] {python.py:240} INFO - Done. Returned value was: check_file_in_directory
[2025-02-13T23:46:01.592+0000] {branch.py:38} INFO - Branch into check_file_in_directory
[2025-02-13T23:46:01.593+0000] {skipmixin.py:230} INFO - Following branch ('check_file_in_directory',)
[2025-02-13T23:46:01.602+0000] {skipmixin.py:278} INFO - Skipping tasks []
[2025-02-13T23:46:01.626+0000] {taskinstance.py:340} INFO - ::group::Post task execution logs
[2025-02-13T23:46:01.627+0000] {taskinstance.py:352} INFO - Marking task as SUCCESS. dag_id=IMPORTATION_ECRITURE_COMPTABLES_ARTICLE_dag, task_id=check_directory, run_id=scheduled__2025-02-13T23:45:00+00:00, execution_date=20250213T234500, start_date=20250213T234601, end_date=20250213T234601
[2025-02-13T23:46:01.639+0000] {logging_mixin.py:190} INFO - Task instance in success state
[2025-02-13T23:46:01.639+0000] {logging_mixin.py:190} INFO -  Previous state of the Task instance: running
[2025-02-13T23:46:01.640+0000] {logging_mixin.py:190} INFO - Dag name:IMPORTATION_ECRITURE_COMPTABLES_ARTICLE_dag queued_at:2025-02-13 23:46:00.176362+00:00
[2025-02-13T23:46:01.640+0000] {logging_mixin.py:190} INFO - Task hostname:b6443be51f35 operator:BranchPythonOperator
[2025-02-13T23:46:01.687+0000] {local_task_job_runner.py:266} INFO - Task exited with return code 0
[2025-02-13T23:46:01.723+0000] {taskinstance.py:3895} INFO - 1 downstream tasks scheduled from follow-on schedule check
[2025-02-13T23:46:01.725+0000] {local_task_job_runner.py:245} INFO - ::endgroup::
[2025-02-13T23:46:51.957+0000] {local_task_job_runner.py:123} INFO - ::group::Pre task execution logs
[2025-02-13T23:46:51.981+0000] {taskinstance.py:2613} INFO - Dependencies all met for dep_context=non-requeueable deps ti=<TaskInstance: IMPORTATION_ECRITURE_COMPTABLES_ARTICLE_dag.check_directory scheduled__2025-02-13T23:45:00+00:00 [queued]>
[2025-02-13T23:46:51.994+0000] {taskinstance.py:2613} INFO - Dependencies all met for dep_context=requeueable deps ti=<TaskInstance: IMPORTATION_ECRITURE_COMPTABLES_ARTICLE_dag.check_directory scheduled__2025-02-13T23:45:00+00:00 [queued]>
[2025-02-13T23:46:51.995+0000] {taskinstance.py:2866} INFO - Starting attempt 1 of 2
[2025-02-13T23:46:52.171+0000] {taskinstance.py:2889} INFO - Executing <Task(BranchPythonOperator): check_directory> on 2025-02-13 23:45:00+00:00
[2025-02-13T23:46:52.177+0000] {warnings.py:112} WARNING - /home/***/.local/lib/python3.12/site-packages/***/task/task_runner/standard_task_runner.py:70: DeprecationWarning: This process (pid=163) is multi-threaded, use of fork() may lead to deadlocks in the child.
  pid = os.fork()

[2025-02-13T23:46:52.179+0000] {standard_task_runner.py:72} INFO - Started process 165 to run task
[2025-02-13T23:46:52.179+0000] {standard_task_runner.py:104} INFO - Running: ['***', 'tasks', 'run', 'IMPORTATION_ECRITURE_COMPTABLES_ARTICLE_dag', 'check_directory', 'scheduled__2025-02-13T23:45:00+00:00', '--job-id', '8631', '--raw', '--subdir', 'DAGS_FOLDER/my_directory_and_file_checker.py', '--cfg-path', '/tmp/tmp_3af72k_']
[2025-02-13T23:46:52.180+0000] {standard_task_runner.py:105} INFO - Job 8631: Subtask check_directory
[2025-02-13T23:46:52.231+0000] {task_command.py:467} INFO - Running <TaskInstance: IMPORTATION_ECRITURE_COMPTABLES_ARTICLE_dag.check_directory scheduled__2025-02-13T23:45:00+00:00 [running]> on host b6443be51f35
[2025-02-13T23:46:52.314+0000] {taskinstance.py:3132} INFO - Exporting env vars: AIRFLOW_CTX_DAG_OWNER='***' AIRFLOW_CTX_DAG_ID='IMPORTATION_ECRITURE_COMPTABLES_ARTICLE_dag' AIRFLOW_CTX_TASK_ID='check_directory' AIRFLOW_CTX_EXECUTION_DATE='2025-02-13T23:45:00+00:00' AIRFLOW_CTX_TRY_NUMBER='1' AIRFLOW_CTX_DAG_RUN_ID='scheduled__2025-02-13T23:45:00+00:00'
[2025-02-13T23:46:52.316+0000] {logging_mixin.py:190} INFO - Task instance is in running state
[2025-02-13T23:46:52.316+0000] {logging_mixin.py:190} INFO -  Previous state of the Task instance: queued
[2025-02-13T23:46:52.317+0000] {logging_mixin.py:190} INFO - Current task name:check_directory state:running start_date:2025-02-13 23:46:51.982361+00:00
[2025-02-13T23:46:52.317+0000] {logging_mixin.py:190} INFO - Dag name:IMPORTATION_ECRITURE_COMPTABLES_ARTICLE_dag and current dag run status:running
[2025-02-13T23:46:52.318+0000] {taskinstance.py:731} INFO - ::endgroup::
[2025-02-13T23:46:52.318+0000] {baseoperator.py:421} WARNING - BranchPythonOperator.execute cannot be called outside TaskInstance!
[2025-02-13T23:46:52.321+0000] {python.py:240} INFO - Done. Returned value was: check_file_in_directory
[2025-02-13T23:46:52.322+0000] {branch.py:38} INFO - Branch into check_file_in_directory
[2025-02-13T23:46:52.322+0000] {skipmixin.py:230} INFO - Following branch ('check_file_in_directory',)
[2025-02-13T23:46:52.336+0000] {skipmixin.py:278} INFO - Skipping tasks []
[2025-02-13T23:46:52.368+0000] {taskinstance.py:340} INFO - ::group::Post task execution logs
[2025-02-13T23:46:52.369+0000] {taskinstance.py:352} INFO - Marking task as SUCCESS. dag_id=IMPORTATION_ECRITURE_COMPTABLES_ARTICLE_dag, task_id=check_directory, run_id=scheduled__2025-02-13T23:45:00+00:00, execution_date=20250213T234500, start_date=20250213T234651, end_date=20250213T234652
[2025-02-13T23:46:52.381+0000] {logging_mixin.py:190} INFO - Task instance in success state
[2025-02-13T23:46:52.382+0000] {logging_mixin.py:190} INFO -  Previous state of the Task instance: running
[2025-02-13T23:46:52.382+0000] {logging_mixin.py:190} INFO - Dag name:IMPORTATION_ECRITURE_COMPTABLES_ARTICLE_dag queued_at:2025-02-13 23:46:50.546040+00:00
[2025-02-13T23:46:52.383+0000] {logging_mixin.py:190} INFO - Task hostname:b6443be51f35 operator:BranchPythonOperator
[2025-02-13T23:46:52.395+0000] {local_task_job_runner.py:266} INFO - Task exited with return code 0
[2025-02-13T23:46:52.431+0000] {taskinstance.py:3895} INFO - 1 downstream tasks scheduled from follow-on schedule check
[2025-02-13T23:46:52.433+0000] {local_task_job_runner.py:245} INFO - ::endgroup::
