[2025-02-13T22:52:01.208+0000] {local_task_job_runner.py:123} INFO - ::group::Pre task execution logs
[2025-02-13T22:52:01.319+0000] {taskinstance.py:2613} INFO - Dependencies all met for dep_context=non-requeueable deps ti=<TaskInstance: IMPORTATION_ECRITURE_COMPTABLES_ARTICLE_dag.check_directory scheduled__2025-02-13T22:51:00+00:00 [queued]>
[2025-02-13T22:52:01.326+0000] {taskinstance.py:2613} INFO - Dependencies all met for dep_context=requeueable deps ti=<TaskInstance: IMPORTATION_ECRITURE_COMPTABLES_ARTICLE_dag.check_directory scheduled__2025-02-13T22:51:00+00:00 [queued]>
[2025-02-13T22:52:01.326+0000] {taskinstance.py:2866} INFO - Starting attempt 1 of 2
[2025-02-13T22:52:01.338+0000] {taskinstance.py:2889} INFO - Executing <Task(BranchPythonOperator): check_directory> on 2025-02-13 22:51:00+00:00
[2025-02-13T22:52:01.344+0000] {warnings.py:112} WARNING - /home/***/.local/lib/python3.12/site-packages/***/task/task_runner/standard_task_runner.py:70: DeprecationWarning: This process (pid=876) is multi-threaded, use of fork() may lead to deadlocks in the child.
  pid = os.fork()

[2025-02-13T22:52:01.345+0000] {standard_task_runner.py:104} INFO - Running: ['***', 'tasks', 'run', 'IMPORTATION_ECRITURE_COMPTABLES_ARTICLE_dag', 'check_directory', 'scheduled__2025-02-13T22:51:00+00:00', '--job-id', '8395', '--raw', '--subdir', 'DAGS_FOLDER/my_directory_and_file_checker.py', '--cfg-path', '/tmp/tmpityfcei9']
[2025-02-13T22:52:01.346+0000] {standard_task_runner.py:72} INFO - Started process 878 to run task
[2025-02-13T22:52:01.346+0000] {standard_task_runner.py:105} INFO - Job 8395: Subtask check_directory
[2025-02-13T22:52:01.385+0000] {task_command.py:467} INFO - Running <TaskInstance: IMPORTATION_ECRITURE_COMPTABLES_ARTICLE_dag.check_directory scheduled__2025-02-13T22:51:00+00:00 [running]> on host b6443be51f35
[2025-02-13T22:52:01.457+0000] {taskinstance.py:3132} INFO - Exporting env vars: AIRFLOW_CTX_DAG_OWNER='***' AIRFLOW_CTX_DAG_ID='IMPORTATION_ECRITURE_COMPTABLES_ARTICLE_dag' AIRFLOW_CTX_TASK_ID='check_directory' AIRFLOW_CTX_EXECUTION_DATE='2025-02-13T22:51:00+00:00' AIRFLOW_CTX_TRY_NUMBER='1' AIRFLOW_CTX_DAG_RUN_ID='scheduled__2025-02-13T22:51:00+00:00'
[2025-02-13T22:52:01.458+0000] {logging_mixin.py:190} INFO - Task instance is in running state
[2025-02-13T22:52:01.459+0000] {logging_mixin.py:190} INFO -  Previous state of the Task instance: queued
[2025-02-13T22:52:01.460+0000] {logging_mixin.py:190} INFO - Current task name:check_directory state:running start_date:2025-02-13 22:52:01.319884+00:00
[2025-02-13T22:52:01.460+0000] {logging_mixin.py:190} INFO - Dag name:IMPORTATION_ECRITURE_COMPTABLES_ARTICLE_dag and current dag run status:running
[2025-02-13T22:52:01.461+0000] {taskinstance.py:731} INFO - ::endgroup::
[2025-02-13T22:52:01.462+0000] {baseoperator.py:421} WARNING - BranchPythonOperator.execute cannot be called outside TaskInstance!
[2025-02-13T22:52:01.463+0000] {python.py:240} INFO - Done. Returned value was: check_file_in_directory
[2025-02-13T22:52:01.463+0000] {branch.py:38} INFO - Branch into check_file_in_directory
[2025-02-13T22:52:01.464+0000] {skipmixin.py:230} INFO - Following branch ('check_file_in_directory',)
[2025-02-13T22:52:01.472+0000] {skipmixin.py:278} INFO - Skipping tasks []
[2025-02-13T22:52:01.495+0000] {taskinstance.py:340} INFO - ::group::Post task execution logs
[2025-02-13T22:52:01.496+0000] {taskinstance.py:352} INFO - Marking task as SUCCESS. dag_id=IMPORTATION_ECRITURE_COMPTABLES_ARTICLE_dag, task_id=check_directory, run_id=scheduled__2025-02-13T22:51:00+00:00, execution_date=20250213T225100, start_date=20250213T225201, end_date=20250213T225201
[2025-02-13T22:52:01.504+0000] {logging_mixin.py:190} INFO - Task instance in success state
[2025-02-13T22:52:01.505+0000] {logging_mixin.py:190} INFO -  Previous state of the Task instance: running
[2025-02-13T22:52:01.506+0000] {logging_mixin.py:190} INFO - Dag name:IMPORTATION_ECRITURE_COMPTABLES_ARTICLE_dag queued_at:2025-02-13 22:52:00.045915+00:00
[2025-02-13T22:52:01.506+0000] {logging_mixin.py:190} INFO - Task hostname:b6443be51f35 operator:BranchPythonOperator
[2025-02-13T22:52:01.521+0000] {local_task_job_runner.py:266} INFO - Task exited with return code 0
[2025-02-13T22:52:01.544+0000] {taskinstance.py:3895} INFO - 1 downstream tasks scheduled from follow-on schedule check
[2025-02-13T22:52:01.547+0000] {local_task_job_runner.py:245} INFO - ::endgroup::
[2025-02-13T22:52:24.260+0000] {local_task_job_runner.py:123} INFO - ::group::Pre task execution logs
[2025-02-13T22:52:24.427+0000] {taskinstance.py:2613} INFO - Dependencies all met for dep_context=non-requeueable deps ti=<TaskInstance: IMPORTATION_ECRITURE_COMPTABLES_ARTICLE_dag.check_directory scheduled__2025-02-13T22:51:00+00:00 [queued]>
[2025-02-13T22:52:24.436+0000] {taskinstance.py:2613} INFO - Dependencies all met for dep_context=requeueable deps ti=<TaskInstance: IMPORTATION_ECRITURE_COMPTABLES_ARTICLE_dag.check_directory scheduled__2025-02-13T22:51:00+00:00 [queued]>
[2025-02-13T22:52:24.437+0000] {taskinstance.py:2866} INFO - Starting attempt 1 of 2
[2025-02-13T22:52:24.453+0000] {taskinstance.py:2889} INFO - Executing <Task(BranchPythonOperator): check_directory> on 2025-02-13 22:51:00+00:00
[2025-02-13T22:52:24.459+0000] {warnings.py:112} WARNING - /home/***/.local/lib/python3.12/site-packages/***/task/task_runner/standard_task_runner.py:70: DeprecationWarning: This process (pid=888) is multi-threaded, use of fork() may lead to deadlocks in the child.
  pid = os.fork()

[2025-02-13T22:52:24.461+0000] {standard_task_runner.py:72} INFO - Started process 897 to run task
[2025-02-13T22:52:24.464+0000] {standard_task_runner.py:104} INFO - Running: ['***', 'tasks', 'run', 'IMPORTATION_ECRITURE_COMPTABLES_ARTICLE_dag', 'check_directory', 'scheduled__2025-02-13T22:51:00+00:00', '--job-id', '8398', '--raw', '--subdir', 'DAGS_FOLDER/my_directory_and_file_checker.py', '--cfg-path', '/tmp/tmpv0l7vp26']
[2025-02-13T22:52:24.465+0000] {standard_task_runner.py:105} INFO - Job 8398: Subtask check_directory
[2025-02-13T22:52:24.520+0000] {task_command.py:467} INFO - Running <TaskInstance: IMPORTATION_ECRITURE_COMPTABLES_ARTICLE_dag.check_directory scheduled__2025-02-13T22:51:00+00:00 [running]> on host b6443be51f35
[2025-02-13T22:52:24.627+0000] {taskinstance.py:3132} INFO - Exporting env vars: AIRFLOW_CTX_DAG_OWNER='***' AIRFLOW_CTX_DAG_ID='IMPORTATION_ECRITURE_COMPTABLES_ARTICLE_dag' AIRFLOW_CTX_TASK_ID='check_directory' AIRFLOW_CTX_EXECUTION_DATE='2025-02-13T22:51:00+00:00' AIRFLOW_CTX_TRY_NUMBER='1' AIRFLOW_CTX_DAG_RUN_ID='scheduled__2025-02-13T22:51:00+00:00'
[2025-02-13T22:52:24.629+0000] {logging_mixin.py:190} INFO - Task instance is in running state
[2025-02-13T22:52:24.629+0000] {logging_mixin.py:190} INFO -  Previous state of the Task instance: queued
[2025-02-13T22:52:24.630+0000] {logging_mixin.py:190} INFO - Current task name:check_directory state:running start_date:2025-02-13 22:52:24.427862+00:00
[2025-02-13T22:52:24.630+0000] {logging_mixin.py:190} INFO - Dag name:IMPORTATION_ECRITURE_COMPTABLES_ARTICLE_dag and current dag run status:running
[2025-02-13T22:52:24.631+0000] {taskinstance.py:731} INFO - ::endgroup::
[2025-02-13T22:52:24.632+0000] {baseoperator.py:421} WARNING - BranchPythonOperator.execute cannot be called outside TaskInstance!
[2025-02-13T22:52:24.633+0000] {python.py:240} INFO - Done. Returned value was: check_file_in_directory
[2025-02-13T22:52:24.634+0000] {branch.py:38} INFO - Branch into check_file_in_directory
[2025-02-13T22:52:24.635+0000] {skipmixin.py:230} INFO - Following branch ('check_file_in_directory',)
[2025-02-13T22:52:24.650+0000] {skipmixin.py:278} INFO - Skipping tasks []
[2025-02-13T22:52:24.681+0000] {taskinstance.py:340} INFO - ::group::Post task execution logs
[2025-02-13T22:52:24.682+0000] {taskinstance.py:352} INFO - Marking task as SUCCESS. dag_id=IMPORTATION_ECRITURE_COMPTABLES_ARTICLE_dag, task_id=check_directory, run_id=scheduled__2025-02-13T22:51:00+00:00, execution_date=20250213T225100, start_date=20250213T225224, end_date=20250213T225224
[2025-02-13T22:52:24.694+0000] {logging_mixin.py:190} INFO - Task instance in success state
[2025-02-13T22:52:24.694+0000] {logging_mixin.py:190} INFO -  Previous state of the Task instance: running
[2025-02-13T22:52:24.695+0000] {logging_mixin.py:190} INFO - Dag name:IMPORTATION_ECRITURE_COMPTABLES_ARTICLE_dag queued_at:2025-02-13 22:52:22.277763+00:00
[2025-02-13T22:52:24.695+0000] {logging_mixin.py:190} INFO - Task hostname:b6443be51f35 operator:BranchPythonOperator
[2025-02-13T22:52:24.717+0000] {local_task_job_runner.py:266} INFO - Task exited with return code 0
[2025-02-13T22:52:24.758+0000] {taskinstance.py:3895} INFO - 1 downstream tasks scheduled from follow-on schedule check
[2025-02-13T22:52:24.761+0000] {local_task_job_runner.py:245} INFO - ::endgroup::
