[2025-02-06T16:07:28.979+0000] {local_task_job_runner.py:123} INFO - ::group::Pre task execution logs
[2025-02-06T16:07:29.142+0000] {taskinstance.py:2613} INFO - Dependencies all met for dep_context=non-requeueable deps ti=<TaskInstance: directory_and_file_verification_dag.verify_file_reliability manual__2025-02-06T16:07:19.758900+00:00 [queued]>
[2025-02-06T16:07:29.151+0000] {taskinstance.py:2613} INFO - Dependencies all met for dep_context=requeueable deps ti=<TaskInstance: directory_and_file_verification_dag.verify_file_reliability manual__2025-02-06T16:07:19.758900+00:00 [queued]>
[2025-02-06T16:07:29.152+0000] {taskinstance.py:2866} INFO - Starting attempt 1 of 1
[2025-02-06T16:07:29.164+0000] {taskinstance.py:2889} INFO - Executing <Task(BranchPythonOperator): verify_file_reliability> on 2025-02-06 16:07:19.758900+00:00
[2025-02-06T16:07:29.170+0000] {warnings.py:112} WARNING - /home/***/.local/lib/python3.12/site-packages/***/task/task_runner/standard_task_runner.py:70: DeprecationWarning: This process (pid=5126) is multi-threaded, use of fork() may lead to deadlocks in the child.
  pid = os.fork()

[2025-02-06T16:07:29.172+0000] {standard_task_runner.py:72} INFO - Started process 5128 to run task
[2025-02-06T16:07:29.172+0000] {standard_task_runner.py:104} INFO - Running: ['***', 'tasks', 'run', 'directory_and_file_verification_dag', 'verify_file_reliability', 'manual__2025-02-06T16:07:19.758900+00:00', '--job-id', '610', '--raw', '--subdir', 'DAGS_FOLDER/my_directory_and_file_checker.py', '--cfg-path', '/tmp/tmphezufydn']
[2025-02-06T16:07:29.173+0000] {standard_task_runner.py:105} INFO - Job 610: Subtask verify_file_reliability
[2025-02-06T16:07:29.217+0000] {task_command.py:467} INFO - Running <TaskInstance: directory_and_file_verification_dag.verify_file_reliability manual__2025-02-06T16:07:19.758900+00:00 [running]> on host 003b7fbea265
[2025-02-06T16:07:29.293+0000] {taskinstance.py:3132} INFO - Exporting env vars: AIRFLOW_CTX_DAG_OWNER='***' AIRFLOW_CTX_DAG_ID='directory_and_file_verification_dag' AIRFLOW_CTX_TASK_ID='verify_file_reliability' AIRFLOW_CTX_EXECUTION_DATE='2025-02-06T16:07:19.758900+00:00' AIRFLOW_CTX_TRY_NUMBER='1' AIRFLOW_CTX_DAG_RUN_ID='manual__2025-02-06T16:07:19.758900+00:00'
[2025-02-06T16:07:29.294+0000] {logging_mixin.py:190} INFO - Task instance is in running state
[2025-02-06T16:07:29.294+0000] {logging_mixin.py:190} INFO -  Previous state of the Task instance: queued
[2025-02-06T16:07:29.295+0000] {logging_mixin.py:190} INFO - Current task name:verify_file_reliability state:running start_date:2025-02-06 16:07:29.143044+00:00
[2025-02-06T16:07:29.296+0000] {logging_mixin.py:190} INFO - Dag name:directory_and_file_verification_dag and current dag run status:running
[2025-02-06T16:07:29.296+0000] {taskinstance.py:731} INFO - ::endgroup::
[2025-02-06T16:07:29.297+0000] {baseoperator.py:421} WARNING - BranchPythonOperator.execute cannot be called outside TaskInstance!
[2025-02-06T16:07:29.305+0000] {my_directory_and_file_checker.py:98} ERROR - ❌ Erreur d'encodage (utf-8) pour Écritures.csv: 'utf-8' codec can't decode byte 0xb0 in position 1: invalid start byte
[2025-02-06T16:07:29.369+0000] {logging_mixin.py:190} INFO - 
📂 Contenu du fichier (ISO-8859-1): Écritures.csv
[2025-02-06T16:07:29.410+0000] {logging_mixin.py:190} INFO -   Date comptabilisation       N° lot  ... KOR par Réception KOR INPUT
0            31/12/2024  A-BNDK 2304  ...             0,000     0,000
1            31/12/2024  B-BNDK 2304  ...             0,000     0,000
2            31/12/2024  C-BNDK 2304  ...             0,000     0,000
3            31/12/2024  D-BNDK 2304  ...             0,000     0,000
4            31/12/2024  E-BNDK 2304  ...             0,000     0,000

[5 rows x 27 columns]
[2025-02-06T16:07:29.413+0000] {logging_mixin.py:190} INFO - ❌ Erreur de fiabilité : Colonnes manquantes: Date comptabilisation, N° lot
[2025-02-06T16:07:29.417+0000] {logging_mixin.py:190} INFO - Merde
[2025-02-06T16:07:29.419+0000] {python.py:240} INFO - Done. Returned value was: None
[2025-02-06T16:07:29.420+0000] {branch.py:38} INFO - Branch into None
[2025-02-06T16:07:29.421+0000] {skipmixin.py:230} INFO - Following branch ()
[2025-02-06T16:07:29.432+0000] {skipmixin.py:278} INFO - Skipping tasks [('end', -1)]
[2025-02-06T16:07:29.456+0000] {taskinstance.py:340} INFO - ::group::Post task execution logs
[2025-02-06T16:07:29.457+0000] {taskinstance.py:352} INFO - Marking task as SUCCESS. dag_id=directory_and_file_verification_dag, task_id=verify_file_reliability, run_id=manual__2025-02-06T16:07:19.758900+00:00, execution_date=20250206T160719, start_date=20250206T160729, end_date=20250206T160729
[2025-02-06T16:07:29.468+0000] {logging_mixin.py:190} INFO - Task instance in success state
[2025-02-06T16:07:29.469+0000] {logging_mixin.py:190} INFO -  Previous state of the Task instance: running
[2025-02-06T16:07:29.470+0000] {logging_mixin.py:190} INFO - Dag name:directory_and_file_verification_dag queued_at:2025-02-06 16:07:19.772487+00:00
[2025-02-06T16:07:29.471+0000] {logging_mixin.py:190} INFO - Task hostname:003b7fbea265 operator:BranchPythonOperator
[2025-02-06T16:07:29.507+0000] {local_task_job_runner.py:266} INFO - Task exited with return code 0
[2025-02-06T16:07:29.522+0000] {taskinstance.py:3895} INFO - 0 downstream tasks scheduled from follow-on schedule check
[2025-02-06T16:07:29.525+0000] {local_task_job_runner.py:245} INFO - ::endgroup::
