[2025-02-07T22:42:03.203+0000] {local_task_job_runner.py:123} INFO - ::group::Pre task execution logs
[2025-02-07T22:42:03.966+0000] {taskinstance.py:2613} INFO - Dependencies all met for dep_context=non-requeueable deps ti=<TaskInstance: directory_and_file_verification_dag.check_directory scheduled__2025-02-07T02:00:00+00:00 [queued]>
[2025-02-07T22:42:04.077+0000] {taskinstance.py:2613} INFO - Dependencies all met for dep_context=requeueable deps ti=<TaskInstance: directory_and_file_verification_dag.check_directory scheduled__2025-02-07T02:00:00+00:00 [queued]>
[2025-02-07T22:42:04.086+0000] {taskinstance.py:2866} INFO - Starting attempt 1 of 1
[2025-02-07T22:42:04.279+0000] {taskinstance.py:2889} INFO - Executing <Task(BranchPythonOperator): check_directory> on 2025-02-07 02:00:00+00:00
[2025-02-07T22:42:04.293+0000] {warnings.py:112} WARNING - /home/***/.local/lib/python3.12/site-packages/***/task/task_runner/standard_task_runner.py:70: DeprecationWarning: This process (pid=20012) is multi-threaded, use of fork() may lead to deadlocks in the child.
  pid = os.fork()

[2025-02-07T22:42:04.318+0000] {standard_task_runner.py:72} INFO - Started process 20044 to run task
[2025-02-07T22:42:04.387+0000] {standard_task_runner.py:104} INFO - Running: ['***', 'tasks', 'run', 'directory_and_file_verification_dag', 'check_directory', 'scheduled__2025-02-07T02:00:00+00:00', '--job-id', '1043', '--raw', '--subdir', 'DAGS_FOLDER/my_directory_and_file_checker.py', '--cfg-path', '/tmp/tmp271hpokw']
[2025-02-07T22:42:04.417+0000] {standard_task_runner.py:105} INFO - Job 1043: Subtask check_directory
[2025-02-07T22:42:04.933+0000] {task_command.py:467} INFO - Running <TaskInstance: directory_and_file_verification_dag.check_directory scheduled__2025-02-07T02:00:00+00:00 [running]> on host 003b7fbea265
[2025-02-07T22:42:07.509+0000] {taskinstance.py:3132} INFO - Exporting env vars: AIRFLOW_CTX_DAG_OWNER='***' AIRFLOW_CTX_DAG_ID='directory_and_file_verification_dag' AIRFLOW_CTX_TASK_ID='check_directory' AIRFLOW_CTX_EXECUTION_DATE='2025-02-07T02:00:00+00:00' AIRFLOW_CTX_TRY_NUMBER='1' AIRFLOW_CTX_DAG_RUN_ID='scheduled__2025-02-07T02:00:00+00:00'
[2025-02-07T22:42:07.518+0000] {logging_mixin.py:190} INFO - Task instance is in running state
[2025-02-07T22:42:07.532+0000] {logging_mixin.py:190} INFO -  Previous state of the Task instance: queued
[2025-02-07T22:42:07.537+0000] {logging_mixin.py:190} INFO - Current task name:check_directory state:running start_date:2025-02-07 22:42:03.976839+00:00
[2025-02-07T22:42:07.537+0000] {logging_mixin.py:190} INFO - Dag name:directory_and_file_verification_dag and current dag run status:running
[2025-02-07T22:42:07.547+0000] {taskinstance.py:731} INFO - ::endgroup::
[2025-02-07T22:42:07.552+0000] {baseoperator.py:421} WARNING - BranchPythonOperator.execute cannot be called outside TaskInstance!
[2025-02-07T22:42:07.563+0000] {logging_mixin.py:190} INFO - borusss ['in', 'logs', 'out', 'statu_date_execution.txt', 'succes_date_execution.txt', 'test', 'Écritures - Copie.csv.bak', 'Écritures comptables article.csv.bak', 'Écritures.csv.bak']
[2025-02-07T22:42:07.571+0000] {python.py:240} INFO - Done. Returned value was: check_file_in_directory
[2025-02-07T22:42:07.572+0000] {branch.py:38} INFO - Branch into check_file_in_directory
[2025-02-07T22:42:07.581+0000] {skipmixin.py:230} INFO - Following branch ('check_file_in_directory',)
[2025-02-07T22:42:07.687+0000] {skipmixin.py:278} INFO - Skipping tasks []
[2025-02-07T22:42:08.037+0000] {taskinstance.py:340} INFO - ::group::Post task execution logs
[2025-02-07T22:42:08.052+0000] {taskinstance.py:352} INFO - Marking task as SUCCESS. dag_id=directory_and_file_verification_dag, task_id=check_directory, run_id=scheduled__2025-02-07T02:00:00+00:00, execution_date=20250207T020000, start_date=20250207T224203, end_date=20250207T224208
[2025-02-07T22:42:08.138+0000] {logging_mixin.py:190} INFO - Task instance in success state
[2025-02-07T22:42:08.147+0000] {logging_mixin.py:190} INFO -  Previous state of the Task instance: running
[2025-02-07T22:42:08.153+0000] {logging_mixin.py:190} INFO - Dag name:directory_and_file_verification_dag queued_at:2025-02-07 22:41:55.920899+00:00
[2025-02-07T22:42:08.154+0000] {logging_mixin.py:190} INFO - Task hostname:003b7fbea265 operator:BranchPythonOperator
[2025-02-07T22:42:08.267+0000] {local_task_job_runner.py:266} INFO - Task exited with return code 0
[2025-02-07T22:42:08.320+0000] {local_task_job_runner.py:245} INFO - ::endgroup::
[2025-02-07T22:43:33.162+0000] {local_task_job_runner.py:123} INFO - ::group::Pre task execution logs
[2025-02-07T22:43:34.289+0000] {taskinstance.py:2613} INFO - Dependencies all met for dep_context=non-requeueable deps ti=<TaskInstance: directory_and_file_verification_dag.check_directory scheduled__2025-02-07T02:00:00+00:00 [queued]>
[2025-02-07T22:43:34.333+0000] {taskinstance.py:2613} INFO - Dependencies all met for dep_context=requeueable deps ti=<TaskInstance: directory_and_file_verification_dag.check_directory scheduled__2025-02-07T02:00:00+00:00 [queued]>
[2025-02-07T22:43:34.334+0000] {taskinstance.py:2866} INFO - Starting attempt 1 of 1
[2025-02-07T22:43:34.404+0000] {taskinstance.py:2889} INFO - Executing <Task(BranchPythonOperator): check_directory> on 2025-02-07 02:00:00+00:00
[2025-02-07T22:43:34.442+0000] {warnings.py:112} WARNING - /home/***/.local/lib/python3.12/site-packages/***/task/task_runner/standard_task_runner.py:70: DeprecationWarning: This process (pid=20210) is multi-threaded, use of fork() may lead to deadlocks in the child.
  pid = os.fork()

[2025-02-07T22:43:34.448+0000] {standard_task_runner.py:72} INFO - Started process 20249 to run task
[2025-02-07T22:43:34.472+0000] {standard_task_runner.py:104} INFO - Running: ['***', 'tasks', 'run', 'directory_and_file_verification_dag', 'check_directory', 'scheduled__2025-02-07T02:00:00+00:00', '--job-id', '1088', '--raw', '--subdir', 'DAGS_FOLDER/my_directory_and_file_checker.py', '--cfg-path', '/tmp/tmpbva7fk_9']
[2025-02-07T22:43:34.493+0000] {standard_task_runner.py:105} INFO - Job 1088: Subtask check_directory
[2025-02-07T22:43:35.167+0000] {task_command.py:467} INFO - Running <TaskInstance: directory_and_file_verification_dag.check_directory scheduled__2025-02-07T02:00:00+00:00 [running]> on host 003b7fbea265
[2025-02-07T22:43:36.034+0000] {taskinstance.py:3132} INFO - Exporting env vars: AIRFLOW_CTX_DAG_OWNER='***' AIRFLOW_CTX_DAG_ID='directory_and_file_verification_dag' AIRFLOW_CTX_TASK_ID='check_directory' AIRFLOW_CTX_EXECUTION_DATE='2025-02-07T02:00:00+00:00' AIRFLOW_CTX_TRY_NUMBER='1' AIRFLOW_CTX_DAG_RUN_ID='scheduled__2025-02-07T02:00:00+00:00'
[2025-02-07T22:43:36.036+0000] {logging_mixin.py:190} INFO - Task instance is in running state
[2025-02-07T22:43:36.038+0000] {logging_mixin.py:190} INFO -  Previous state of the Task instance: queued
[2025-02-07T22:43:36.040+0000] {logging_mixin.py:190} INFO - Current task name:check_directory state:running start_date:2025-02-07 22:43:34.296369+00:00
[2025-02-07T22:43:36.045+0000] {logging_mixin.py:190} INFO - Dag name:directory_and_file_verification_dag and current dag run status:running
[2025-02-07T22:43:36.048+0000] {taskinstance.py:731} INFO - ::endgroup::
[2025-02-07T22:43:36.055+0000] {baseoperator.py:421} WARNING - BranchPythonOperator.execute cannot be called outside TaskInstance!
[2025-02-07T22:43:36.059+0000] {logging_mixin.py:190} INFO - borusss ['in', 'logs', 'out', 'statu_date_execution.txt', 'succes_date_execution.txt', 'test', 'Écritures - Copie.csv.bak', 'Écritures comptables article.csv.bak', 'Écritures.csv.bak']
[2025-02-07T22:43:36.078+0000] {python.py:240} INFO - Done. Returned value was: check_file_in_directory
[2025-02-07T22:43:36.092+0000] {branch.py:38} INFO - Branch into check_file_in_directory
[2025-02-07T22:43:36.094+0000] {skipmixin.py:230} INFO - Following branch ('check_file_in_directory',)
[2025-02-07T22:43:36.292+0000] {skipmixin.py:278} INFO - Skipping tasks []
[2025-02-07T22:43:36.565+0000] {taskinstance.py:340} INFO - ::group::Post task execution logs
[2025-02-07T22:43:36.568+0000] {taskinstance.py:352} INFO - Marking task as SUCCESS. dag_id=directory_and_file_verification_dag, task_id=check_directory, run_id=scheduled__2025-02-07T02:00:00+00:00, execution_date=20250207T020000, start_date=20250207T224334, end_date=20250207T224336
[2025-02-07T22:43:36.788+0000] {logging_mixin.py:190} INFO - Task instance in success state
[2025-02-07T22:43:36.824+0000] {logging_mixin.py:190} INFO -  Previous state of the Task instance: running
[2025-02-07T22:43:36.834+0000] {logging_mixin.py:190} INFO - Dag name:directory_and_file_verification_dag queued_at:2025-02-07 22:43:27.144533+00:00
[2025-02-07T22:43:36.842+0000] {logging_mixin.py:190} INFO - Task hostname:003b7fbea265 operator:BranchPythonOperator
[2025-02-07T22:43:37.087+0000] {local_task_job_runner.py:266} INFO - Task exited with return code 0
[2025-02-07T22:43:37.113+0000] {local_task_job_runner.py:245} INFO - ::endgroup::
[2025-02-07T23:11:27.658+0000] {local_task_job_runner.py:123} INFO - ::group::Pre task execution logs
[2025-02-07T23:11:28.959+0000] {taskinstance.py:2613} INFO - Dependencies all met for dep_context=non-requeueable deps ti=<TaskInstance: directory_and_file_verification_dag.check_directory scheduled__2025-02-07T02:00:00+00:00 [queued]>
[2025-02-07T23:11:29.025+0000] {taskinstance.py:2613} INFO - Dependencies all met for dep_context=requeueable deps ti=<TaskInstance: directory_and_file_verification_dag.check_directory scheduled__2025-02-07T02:00:00+00:00 [queued]>
[2025-02-07T23:11:29.030+0000] {taskinstance.py:2866} INFO - Starting attempt 1 of 1
[2025-02-07T23:11:30.137+0000] {taskinstance.py:2889} INFO - Executing <Task(BranchPythonOperator): check_directory> on 2025-02-07 02:00:00+00:00
[2025-02-07T23:11:30.256+0000] {warnings.py:112} WARNING - /home/***/.local/lib/python3.12/site-packages/***/task/task_runner/standard_task_runner.py:70: DeprecationWarning: This process (pid=20766) is multi-threaded, use of fork() may lead to deadlocks in the child.
  pid = os.fork()

[2025-02-07T23:11:30.362+0000] {standard_task_runner.py:72} INFO - Started process 20797 to run task
[2025-02-07T23:11:30.332+0000] {standard_task_runner.py:104} INFO - Running: ['***', 'tasks', 'run', 'directory_and_file_verification_dag', 'check_directory', 'scheduled__2025-02-07T02:00:00+00:00', '--job-id', '1136', '--raw', '--subdir', 'DAGS_FOLDER/my_directory_and_file_checker.py', '--cfg-path', '/tmp/tmpc9l1dwqj']
[2025-02-07T23:11:30.408+0000] {standard_task_runner.py:105} INFO - Job 1136: Subtask check_directory
[2025-02-07T23:11:30.924+0000] {task_command.py:467} INFO - Running <TaskInstance: directory_and_file_verification_dag.check_directory scheduled__2025-02-07T02:00:00+00:00 [running]> on host 003b7fbea265
[2025-02-07T23:11:31.756+0000] {taskinstance.py:3132} INFO - Exporting env vars: AIRFLOW_CTX_DAG_OWNER='***' AIRFLOW_CTX_DAG_ID='directory_and_file_verification_dag' AIRFLOW_CTX_TASK_ID='check_directory' AIRFLOW_CTX_EXECUTION_DATE='2025-02-07T02:00:00+00:00' AIRFLOW_CTX_TRY_NUMBER='1' AIRFLOW_CTX_DAG_RUN_ID='scheduled__2025-02-07T02:00:00+00:00'
[2025-02-07T23:11:31.779+0000] {logging_mixin.py:190} INFO - Task instance is in running state
[2025-02-07T23:11:31.780+0000] {logging_mixin.py:190} INFO -  Previous state of the Task instance: queued
[2025-02-07T23:11:31.781+0000] {logging_mixin.py:190} INFO - Current task name:check_directory state:running start_date:2025-02-07 23:11:28.964445+00:00
[2025-02-07T23:11:31.781+0000] {logging_mixin.py:190} INFO - Dag name:directory_and_file_verification_dag and current dag run status:running
[2025-02-07T23:11:31.783+0000] {taskinstance.py:731} INFO - ::endgroup::
[2025-02-07T23:11:31.784+0000] {baseoperator.py:421} WARNING - BranchPythonOperator.execute cannot be called outside TaskInstance!
[2025-02-07T23:11:31.787+0000] {logging_mixin.py:190} INFO - borusss ['in', 'logs', 'out', 'statu_date_execution.txt', 'succes_date_execution.txt', 'test', 'Écritures - Copie.csv.bak', 'Écritures comptables article.csv.bak', 'Écritures.csv.bak']
[2025-02-07T23:11:31.801+0000] {python.py:240} INFO - Done. Returned value was: check_file_in_directory
[2025-02-07T23:11:31.804+0000] {branch.py:38} INFO - Branch into check_file_in_directory
[2025-02-07T23:11:31.806+0000] {skipmixin.py:230} INFO - Following branch ('check_file_in_directory',)
[2025-02-07T23:11:31.894+0000] {skipmixin.py:278} INFO - Skipping tasks []
[2025-02-07T23:11:32.070+0000] {taskinstance.py:340} INFO - ::group::Post task execution logs
[2025-02-07T23:11:32.072+0000] {taskinstance.py:352} INFO - Marking task as SUCCESS. dag_id=directory_and_file_verification_dag, task_id=check_directory, run_id=scheduled__2025-02-07T02:00:00+00:00, execution_date=20250207T020000, start_date=20250207T231128, end_date=20250207T231132
[2025-02-07T23:11:32.122+0000] {logging_mixin.py:190} INFO - Task instance in success state
[2025-02-07T23:11:32.135+0000] {logging_mixin.py:190} INFO -  Previous state of the Task instance: running
[2025-02-07T23:11:32.149+0000] {logging_mixin.py:190} INFO - Dag name:directory_and_file_verification_dag queued_at:2025-02-07 23:11:20.915770+00:00
[2025-02-07T23:11:32.152+0000] {logging_mixin.py:190} INFO - Task hostname:003b7fbea265 operator:BranchPythonOperator
[2025-02-07T23:11:32.260+0000] {local_task_job_runner.py:266} INFO - Task exited with return code 0
[2025-02-07T23:11:32.310+0000] {local_task_job_runner.py:245} INFO - ::endgroup::
[2025-02-07T23:14:56.572+0000] {local_task_job_runner.py:123} INFO - ::group::Pre task execution logs
[2025-02-07T23:14:57.922+0000] {taskinstance.py:2613} INFO - Dependencies all met for dep_context=non-requeueable deps ti=<TaskInstance: directory_and_file_verification_dag.check_directory scheduled__2025-02-07T02:00:00+00:00 [queued]>
[2025-02-07T23:14:58.047+0000] {taskinstance.py:2613} INFO - Dependencies all met for dep_context=requeueable deps ti=<TaskInstance: directory_and_file_verification_dag.check_directory scheduled__2025-02-07T02:00:00+00:00 [queued]>
[2025-02-07T23:14:58.069+0000] {taskinstance.py:2866} INFO - Starting attempt 1 of 1
[2025-02-07T23:14:58.979+0000] {taskinstance.py:2889} INFO - Executing <Task(BranchPythonOperator): check_directory> on 2025-02-07 02:00:00+00:00
[2025-02-07T23:14:59.731+0000] {standard_task_runner.py:104} INFO - Running: ['***', 'tasks', 'run', 'directory_and_file_verification_dag', 'check_directory', 'scheduled__2025-02-07T02:00:00+00:00', '--job-id', '1185', '--raw', '--subdir', 'DAGS_FOLDER/my_directory_and_file_checker.py', '--cfg-path', '/tmp/tmpvqbn8lc4']
[2025-02-07T23:14:59.776+0000] {standard_task_runner.py:105} INFO - Job 1185: Subtask check_directory
[2025-02-07T23:14:59.712+0000] {warnings.py:112} WARNING - /home/***/.local/lib/python3.12/site-packages/***/task/task_runner/standard_task_runner.py:70: DeprecationWarning: This process (pid=85) is multi-threaded, use of fork() may lead to deadlocks in the child.
  pid = os.fork()

[2025-02-07T23:14:59.825+0000] {standard_task_runner.py:72} INFO - Started process 112 to run task
[2025-02-07T23:15:00.638+0000] {task_command.py:467} INFO - Running <TaskInstance: directory_and_file_verification_dag.check_directory scheduled__2025-02-07T02:00:00+00:00 [running]> on host 003b7fbea265
[2025-02-07T23:15:01.952+0000] {taskinstance.py:3132} INFO - Exporting env vars: AIRFLOW_CTX_DAG_OWNER='***' AIRFLOW_CTX_DAG_ID='directory_and_file_verification_dag' AIRFLOW_CTX_TASK_ID='check_directory' AIRFLOW_CTX_EXECUTION_DATE='2025-02-07T02:00:00+00:00' AIRFLOW_CTX_TRY_NUMBER='1' AIRFLOW_CTX_DAG_RUN_ID='scheduled__2025-02-07T02:00:00+00:00'
[2025-02-07T23:15:02.022+0000] {logging_mixin.py:190} INFO - Task instance is in running state
[2025-02-07T23:15:02.056+0000] {logging_mixin.py:190} INFO -  Previous state of the Task instance: queued
[2025-02-07T23:15:02.060+0000] {logging_mixin.py:190} INFO - Current task name:check_directory state:running start_date:2025-02-07 23:14:57.952439+00:00
[2025-02-07T23:15:02.065+0000] {logging_mixin.py:190} INFO - Dag name:directory_and_file_verification_dag and current dag run status:running
[2025-02-07T23:15:02.068+0000] {taskinstance.py:731} INFO - ::endgroup::
[2025-02-07T23:15:02.075+0000] {baseoperator.py:421} WARNING - BranchPythonOperator.execute cannot be called outside TaskInstance!
[2025-02-07T23:15:02.102+0000] {logging_mixin.py:190} INFO - borusss ['in', 'logs', 'out', 'statu_date_execution.txt', 'succes_date_execution.txt', 'test', 'Écritures - Copie.csv.bak', 'Écritures comptables article.csv.bak', 'Écritures.csv.bak']
[2025-02-07T23:15:02.120+0000] {python.py:240} INFO - Done. Returned value was: check_file_in_directory
[2025-02-07T23:15:02.123+0000] {branch.py:38} INFO - Branch into check_file_in_directory
[2025-02-07T23:15:02.127+0000] {skipmixin.py:230} INFO - Following branch ('check_file_in_directory',)
[2025-02-07T23:15:02.445+0000] {skipmixin.py:278} INFO - Skipping tasks []
[2025-02-07T23:15:02.973+0000] {taskinstance.py:340} INFO - ::group::Post task execution logs
[2025-02-07T23:15:02.976+0000] {taskinstance.py:352} INFO - Marking task as SUCCESS. dag_id=directory_and_file_verification_dag, task_id=check_directory, run_id=scheduled__2025-02-07T02:00:00+00:00, execution_date=20250207T020000, start_date=20250207T231457, end_date=20250207T231502
[2025-02-07T23:15:03.304+0000] {logging_mixin.py:190} INFO - Task instance in success state
[2025-02-07T23:15:03.306+0000] {logging_mixin.py:190} INFO -  Previous state of the Task instance: running
[2025-02-07T23:15:03.311+0000] {logging_mixin.py:190} INFO - Dag name:directory_and_file_verification_dag queued_at:2025-02-07 23:14:41.826547+00:00
[2025-02-07T23:15:03.314+0000] {logging_mixin.py:190} INFO - Task hostname:003b7fbea265 operator:BranchPythonOperator
[2025-02-07T23:15:03.621+0000] {local_task_job_runner.py:266} INFO - Task exited with return code 0
[2025-02-07T23:15:04.343+0000] {taskinstance.py:3895} INFO - 1 downstream tasks scheduled from follow-on schedule check
[2025-02-07T23:15:04.423+0000] {local_task_job_runner.py:245} INFO - ::endgroup::
