[2025-02-13T23:46:03.220+0000] {local_task_job_runner.py:123} INFO - ::group::Pre task execution logs
[2025-02-13T23:46:03.336+0000] {taskinstance.py:2613} INFO - Dependencies all met for dep_context=non-requeueable deps ti=<TaskInstance: IMPORTATION_ECRITURE_COMPTABLES_ARTICLE_dag.check_file_in_directory scheduled__2025-02-13T23:45:00+00:00 [queued]>
[2025-02-13T23:46:03.344+0000] {taskinstance.py:2613} INFO - Dependencies all met for dep_context=requeueable deps ti=<TaskInstance: IMPORTATION_ECRITURE_COMPTABLES_ARTICLE_dag.check_file_in_directory scheduled__2025-02-13T23:45:00+00:00 [queued]>
[2025-02-13T23:46:03.345+0000] {taskinstance.py:2866} INFO - Starting attempt 1 of 2
[2025-02-13T23:46:03.358+0000] {taskinstance.py:2889} INFO - Executing <Task(BranchPythonOperator): check_file_in_directory> on 2025-02-13 23:45:00+00:00
[2025-02-13T23:46:03.363+0000] {warnings.py:112} WARNING - /home/***/.local/lib/python3.12/site-packages/***/task/task_runner/standard_task_runner.py:70: DeprecationWarning: This process (pid=148) is multi-threaded, use of fork() may lead to deadlocks in the child.
  pid = os.fork()

[2025-02-13T23:46:03.365+0000] {standard_task_runner.py:72} INFO - Started process 150 to run task
[2025-02-13T23:46:03.365+0000] {standard_task_runner.py:104} INFO - Running: ['***', 'tasks', 'run', 'IMPORTATION_ECRITURE_COMPTABLES_ARTICLE_dag', 'check_file_in_directory', 'scheduled__2025-02-13T23:45:00+00:00', '--job-id', '8629', '--raw', '--subdir', 'DAGS_FOLDER/my_directory_and_file_checker.py', '--cfg-path', '/tmp/tmphp5phm6p']
[2025-02-13T23:46:03.366+0000] {standard_task_runner.py:105} INFO - Job 8629: Subtask check_file_in_directory
[2025-02-13T23:46:03.410+0000] {task_command.py:467} INFO - Running <TaskInstance: IMPORTATION_ECRITURE_COMPTABLES_ARTICLE_dag.check_file_in_directory scheduled__2025-02-13T23:45:00+00:00 [running]> on host b6443be51f35
[2025-02-13T23:46:03.483+0000] {taskinstance.py:3132} INFO - Exporting env vars: AIRFLOW_CTX_DAG_OWNER='***' AIRFLOW_CTX_DAG_ID='IMPORTATION_ECRITURE_COMPTABLES_ARTICLE_dag' AIRFLOW_CTX_TASK_ID='check_file_in_directory' AIRFLOW_CTX_EXECUTION_DATE='2025-02-13T23:45:00+00:00' AIRFLOW_CTX_TRY_NUMBER='1' AIRFLOW_CTX_DAG_RUN_ID='scheduled__2025-02-13T23:45:00+00:00'
[2025-02-13T23:46:03.485+0000] {logging_mixin.py:190} INFO - Task instance is in running state
[2025-02-13T23:46:03.486+0000] {logging_mixin.py:190} INFO -  Previous state of the Task instance: queued
[2025-02-13T23:46:03.486+0000] {logging_mixin.py:190} INFO - Current task name:check_file_in_directory state:running start_date:2025-02-13 23:46:03.337113+00:00
[2025-02-13T23:46:03.487+0000] {logging_mixin.py:190} INFO - Dag name:IMPORTATION_ECRITURE_COMPTABLES_ARTICLE_dag and current dag run status:running
[2025-02-13T23:46:03.487+0000] {taskinstance.py:731} INFO - ::endgroup::
[2025-02-13T23:46:03.488+0000] {baseoperator.py:421} WARNING - BranchPythonOperator.execute cannot be called outside TaskInstance!
[2025-02-13T23:46:03.488+0000] {logging_mixin.py:190} INFO - ca marche /opt/***/files/in ['.csv']
[2025-02-13T23:46:03.491+0000] {python.py:240} INFO - Done. Returned value was: verify_file_reliability
[2025-02-13T23:46:03.491+0000] {branch.py:38} INFO - Branch into verify_file_reliability
[2025-02-13T23:46:03.492+0000] {skipmixin.py:230} INFO - Following branch ('verify_file_reliability',)
[2025-02-13T23:46:03.500+0000] {skipmixin.py:278} INFO - Skipping tasks []
[2025-02-13T23:46:03.523+0000] {taskinstance.py:340} INFO - ::group::Post task execution logs
[2025-02-13T23:46:03.524+0000] {taskinstance.py:352} INFO - Marking task as SUCCESS. dag_id=IMPORTATION_ECRITURE_COMPTABLES_ARTICLE_dag, task_id=check_file_in_directory, run_id=scheduled__2025-02-13T23:45:00+00:00, execution_date=20250213T234500, start_date=20250213T234603, end_date=20250213T234603
[2025-02-13T23:46:03.531+0000] {logging_mixin.py:190} INFO - Task instance in success state
[2025-02-13T23:46:03.532+0000] {logging_mixin.py:190} INFO -  Previous state of the Task instance: running
[2025-02-13T23:46:03.532+0000] {logging_mixin.py:190} INFO - Dag name:IMPORTATION_ECRITURE_COMPTABLES_ARTICLE_dag queued_at:2025-02-13 23:46:00.176362+00:00
[2025-02-13T23:46:03.533+0000] {logging_mixin.py:190} INFO - Task hostname:b6443be51f35 operator:BranchPythonOperator
[2025-02-13T23:46:03.580+0000] {local_task_job_runner.py:266} INFO - Task exited with return code 0
[2025-02-13T23:46:03.604+0000] {taskinstance.py:3895} INFO - 1 downstream tasks scheduled from follow-on schedule check
[2025-02-13T23:46:03.607+0000] {local_task_job_runner.py:245} INFO - ::endgroup::
[2025-02-13T23:46:54.789+0000] {local_task_job_runner.py:123} INFO - ::group::Pre task execution logs
[2025-02-13T23:46:54.817+0000] {taskinstance.py:2613} INFO - Dependencies all met for dep_context=non-requeueable deps ti=<TaskInstance: IMPORTATION_ECRITURE_COMPTABLES_ARTICLE_dag.check_file_in_directory scheduled__2025-02-13T23:45:00+00:00 [queued]>
[2025-02-13T23:46:54.979+0000] {taskinstance.py:2613} INFO - Dependencies all met for dep_context=requeueable deps ti=<TaskInstance: IMPORTATION_ECRITURE_COMPTABLES_ARTICLE_dag.check_file_in_directory scheduled__2025-02-13T23:45:00+00:00 [queued]>
[2025-02-13T23:46:54.979+0000] {taskinstance.py:2866} INFO - Starting attempt 1 of 2
[2025-02-13T23:46:54.996+0000] {taskinstance.py:2889} INFO - Executing <Task(BranchPythonOperator): check_file_in_directory> on 2025-02-13 23:45:00+00:00
[2025-02-13T23:46:55.005+0000] {warnings.py:112} WARNING - /home/***/.local/lib/python3.12/site-packages/***/task/task_runner/standard_task_runner.py:70: DeprecationWarning: This process (pid=167) is multi-threaded, use of fork() may lead to deadlocks in the child.
  pid = os.fork()

[2025-02-13T23:46:55.007+0000] {standard_task_runner.py:72} INFO - Started process 169 to run task
[2025-02-13T23:46:55.008+0000] {standard_task_runner.py:104} INFO - Running: ['***', 'tasks', 'run', 'IMPORTATION_ECRITURE_COMPTABLES_ARTICLE_dag', 'check_file_in_directory', 'scheduled__2025-02-13T23:45:00+00:00', '--job-id', '8632', '--raw', '--subdir', 'DAGS_FOLDER/my_directory_and_file_checker.py', '--cfg-path', '/tmp/tmpnz_8kxnu']
[2025-02-13T23:46:55.009+0000] {standard_task_runner.py:105} INFO - Job 8632: Subtask check_file_in_directory
[2025-02-13T23:46:55.068+0000] {task_command.py:467} INFO - Running <TaskInstance: IMPORTATION_ECRITURE_COMPTABLES_ARTICLE_dag.check_file_in_directory scheduled__2025-02-13T23:45:00+00:00 [running]> on host b6443be51f35
[2025-02-13T23:46:55.174+0000] {taskinstance.py:3132} INFO - Exporting env vars: AIRFLOW_CTX_DAG_OWNER='***' AIRFLOW_CTX_DAG_ID='IMPORTATION_ECRITURE_COMPTABLES_ARTICLE_dag' AIRFLOW_CTX_TASK_ID='check_file_in_directory' AIRFLOW_CTX_EXECUTION_DATE='2025-02-13T23:45:00+00:00' AIRFLOW_CTX_TRY_NUMBER='1' AIRFLOW_CTX_DAG_RUN_ID='scheduled__2025-02-13T23:45:00+00:00'
[2025-02-13T23:46:55.176+0000] {logging_mixin.py:190} INFO - Task instance is in running state
[2025-02-13T23:46:55.176+0000] {logging_mixin.py:190} INFO -  Previous state of the Task instance: queued
[2025-02-13T23:46:55.177+0000] {logging_mixin.py:190} INFO - Current task name:check_file_in_directory state:running start_date:2025-02-13 23:46:54.818490+00:00
[2025-02-13T23:46:55.178+0000] {logging_mixin.py:190} INFO - Dag name:IMPORTATION_ECRITURE_COMPTABLES_ARTICLE_dag and current dag run status:running
[2025-02-13T23:46:55.178+0000] {taskinstance.py:731} INFO - ::endgroup::
[2025-02-13T23:46:55.179+0000] {baseoperator.py:421} WARNING - BranchPythonOperator.execute cannot be called outside TaskInstance!
[2025-02-13T23:46:55.180+0000] {logging_mixin.py:190} INFO - ca marche /opt/***/files/in ['.csv']
[2025-02-13T23:46:55.183+0000] {python.py:240} INFO - Done. Returned value was: verify_file_reliability
[2025-02-13T23:46:55.183+0000] {branch.py:38} INFO - Branch into verify_file_reliability
[2025-02-13T23:46:55.184+0000] {skipmixin.py:230} INFO - Following branch ('verify_file_reliability',)
[2025-02-13T23:46:55.203+0000] {skipmixin.py:278} INFO - Skipping tasks []
[2025-02-13T23:46:55.241+0000] {taskinstance.py:340} INFO - ::group::Post task execution logs
[2025-02-13T23:46:55.242+0000] {taskinstance.py:352} INFO - Marking task as SUCCESS. dag_id=IMPORTATION_ECRITURE_COMPTABLES_ARTICLE_dag, task_id=check_file_in_directory, run_id=scheduled__2025-02-13T23:45:00+00:00, execution_date=20250213T234500, start_date=20250213T234654, end_date=20250213T234655
[2025-02-13T23:46:55.255+0000] {logging_mixin.py:190} INFO - Task instance in success state
[2025-02-13T23:46:55.256+0000] {logging_mixin.py:190} INFO -  Previous state of the Task instance: running
[2025-02-13T23:46:55.257+0000] {logging_mixin.py:190} INFO - Dag name:IMPORTATION_ECRITURE_COMPTABLES_ARTICLE_dag queued_at:2025-02-13 23:46:50.546040+00:00
[2025-02-13T23:46:55.257+0000] {logging_mixin.py:190} INFO - Task hostname:b6443be51f35 operator:BranchPythonOperator
[2025-02-13T23:46:55.303+0000] {local_task_job_runner.py:266} INFO - Task exited with return code 0
[2025-02-13T23:46:55.348+0000] {taskinstance.py:3895} INFO - 1 downstream tasks scheduled from follow-on schedule check
[2025-02-13T23:46:55.350+0000] {local_task_job_runner.py:245} INFO - ::endgroup::
