[2025-02-09T11:44:49.871+0000] {local_task_job_runner.py:123} INFO - ::group::Pre task execution logs
[2025-02-09T11:44:49.892+0000] {taskinstance.py:2613} INFO - Dependencies all met for dep_context=non-requeueable deps ti=<TaskInstance: directory_and_file_verification_dag.check_file_in_directory manual__2025-02-09T11:44:45.877081+00:00 [queued]>
[2025-02-09T11:44:50.006+0000] {taskinstance.py:2613} INFO - Dependencies all met for dep_context=requeueable deps ti=<TaskInstance: directory_and_file_verification_dag.check_file_in_directory manual__2025-02-09T11:44:45.877081+00:00 [queued]>
[2025-02-09T11:44:50.007+0000] {taskinstance.py:2866} INFO - Starting attempt 1 of 1
[2025-02-09T11:44:50.019+0000] {taskinstance.py:2889} INFO - Executing <Task(BranchPythonOperator): check_file_in_directory> on 2025-02-09 11:44:45.877081+00:00
[2025-02-09T11:44:50.025+0000] {warnings.py:112} WARNING - /home/***/.local/lib/python3.12/site-packages/***/task/task_runner/standard_task_runner.py:70: DeprecationWarning: This process (pid=196) is multi-threaded, use of fork() may lead to deadlocks in the child.
  pid = os.fork()

[2025-02-09T11:44:50.026+0000] {standard_task_runner.py:72} INFO - Started process 198 to run task
[2025-02-09T11:44:50.027+0000] {standard_task_runner.py:104} INFO - Running: ['***', 'tasks', 'run', 'directory_and_file_verification_dag', 'check_file_in_directory', 'manual__2025-02-09T11:44:45.877081+00:00', '--job-id', '1493', '--raw', '--subdir', 'DAGS_FOLDER/my_directory_and_file_checker.py', '--cfg-path', '/tmp/tmpexvo6bus']
[2025-02-09T11:44:50.028+0000] {standard_task_runner.py:105} INFO - Job 1493: Subtask check_file_in_directory
[2025-02-09T11:44:50.070+0000] {task_command.py:467} INFO - Running <TaskInstance: directory_and_file_verification_dag.check_file_in_directory manual__2025-02-09T11:44:45.877081+00:00 [running]> on host a6b46cf73464
[2025-02-09T11:44:50.140+0000] {taskinstance.py:3132} INFO - Exporting env vars: AIRFLOW_CTX_DAG_OWNER='***' AIRFLOW_CTX_DAG_ID='directory_and_file_verification_dag' AIRFLOW_CTX_TASK_ID='check_file_in_directory' AIRFLOW_CTX_EXECUTION_DATE='2025-02-09T11:44:45.877081+00:00' AIRFLOW_CTX_TRY_NUMBER='1' AIRFLOW_CTX_DAG_RUN_ID='manual__2025-02-09T11:44:45.877081+00:00'
[2025-02-09T11:44:50.141+0000] {logging_mixin.py:190} INFO - Task instance is in running state
[2025-02-09T11:44:50.142+0000] {logging_mixin.py:190} INFO -  Previous state of the Task instance: queued
[2025-02-09T11:44:50.143+0000] {logging_mixin.py:190} INFO - Current task name:check_file_in_directory state:running start_date:2025-02-09 11:44:49.893416+00:00
[2025-02-09T11:44:50.143+0000] {logging_mixin.py:190} INFO - Dag name:directory_and_file_verification_dag and current dag run status:running
[2025-02-09T11:44:50.144+0000] {taskinstance.py:731} INFO - ::endgroup::
[2025-02-09T11:44:50.145+0000] {baseoperator.py:421} WARNING - BranchPythonOperator.execute cannot be called outside TaskInstance!
[2025-02-09T11:44:50.146+0000] {logging_mixin.py:190} INFO - ca marche /opt/***/files/in ['.csv']
[2025-02-09T11:44:50.151+0000] {python.py:240} INFO - Done. Returned value was: end
[2025-02-09T11:44:50.151+0000] {branch.py:38} INFO - Branch into end
[2025-02-09T11:44:50.152+0000] {skipmixin.py:230} INFO - Following branch ('end',)
[2025-02-09T11:44:50.164+0000] {skipmixin.py:278} INFO - Skipping tasks [('verify_file_reliability', -1)]
[2025-02-09T11:44:50.194+0000] {taskinstance.py:340} INFO - ::group::Post task execution logs
[2025-02-09T11:44:50.195+0000] {taskinstance.py:352} INFO - Marking task as SUCCESS. dag_id=directory_and_file_verification_dag, task_id=check_file_in_directory, run_id=manual__2025-02-09T11:44:45.877081+00:00, execution_date=20250209T114445, start_date=20250209T114449, end_date=20250209T114450
[2025-02-09T11:44:50.203+0000] {logging_mixin.py:190} INFO - Task instance in success state
[2025-02-09T11:44:50.204+0000] {logging_mixin.py:190} INFO -  Previous state of the Task instance: running
[2025-02-09T11:44:50.205+0000] {logging_mixin.py:190} INFO - Dag name:directory_and_file_verification_dag queued_at:2025-02-09 11:44:45.885731+00:00
[2025-02-09T11:44:50.205+0000] {logging_mixin.py:190} INFO - Task hostname:a6b46cf73464 operator:BranchPythonOperator
[2025-02-09T11:44:50.242+0000] {local_task_job_runner.py:266} INFO - Task exited with return code 0
[2025-02-09T11:44:50.264+0000] {taskinstance.py:3895} INFO - 0 downstream tasks scheduled from follow-on schedule check
[2025-02-09T11:44:50.269+0000] {local_task_job_runner.py:245} INFO - ::endgroup::
