[2025-02-07T22:42:24.404+0000] {local_task_job_runner.py:123} INFO - ::group::Pre task execution logs
[2025-02-07T22:42:25.072+0000] {taskinstance.py:2613} INFO - Dependencies all met for dep_context=non-requeueable deps ti=<TaskInstance: directory_and_file_verification_dag.check_file_in_directory scheduled__2025-02-07T05:00:00+00:00 [queued]>
[2025-02-07T22:42:25.139+0000] {taskinstance.py:2613} INFO - Dependencies all met for dep_context=requeueable deps ti=<TaskInstance: directory_and_file_verification_dag.check_file_in_directory scheduled__2025-02-07T05:00:00+00:00 [queued]>
[2025-02-07T22:42:25.143+0000] {taskinstance.py:2866} INFO - Starting attempt 1 of 1
[2025-02-07T22:42:25.226+0000] {taskinstance.py:2889} INFO - Executing <Task(BranchPythonOperator): check_file_in_directory> on 2025-02-07 05:00:00+00:00
[2025-02-07T22:42:25.275+0000] {warnings.py:112} WARNING - /home/***/.local/lib/python3.12/site-packages/***/task/task_runner/standard_task_runner.py:70: DeprecationWarning: This process (pid=20063) is multi-threaded, use of fork() may lead to deadlocks in the child.
  pid = os.fork()

[2025-02-07T22:42:25.288+0000] {standard_task_runner.py:72} INFO - Started process 20115 to run task
[2025-02-07T22:42:25.276+0000] {standard_task_runner.py:104} INFO - Running: ['***', 'tasks', 'run', 'directory_and_file_verification_dag', 'check_file_in_directory', 'scheduled__2025-02-07T05:00:00+00:00', '--job-id', '1061', '--raw', '--subdir', 'DAGS_FOLDER/my_directory_and_file_checker.py', '--cfg-path', '/tmp/tmpe72wbiuj']
[2025-02-07T22:42:25.294+0000] {standard_task_runner.py:105} INFO - Job 1061: Subtask check_file_in_directory
[2025-02-07T22:42:25.756+0000] {task_command.py:467} INFO - Running <TaskInstance: directory_and_file_verification_dag.check_file_in_directory scheduled__2025-02-07T05:00:00+00:00 [running]> on host 003b7fbea265
[2025-02-07T22:42:26.564+0000] {taskinstance.py:3132} INFO - Exporting env vars: AIRFLOW_CTX_DAG_OWNER='***' AIRFLOW_CTX_DAG_ID='directory_and_file_verification_dag' AIRFLOW_CTX_TASK_ID='check_file_in_directory' AIRFLOW_CTX_EXECUTION_DATE='2025-02-07T05:00:00+00:00' AIRFLOW_CTX_TRY_NUMBER='1' AIRFLOW_CTX_DAG_RUN_ID='scheduled__2025-02-07T05:00:00+00:00'
[2025-02-07T22:42:26.582+0000] {logging_mixin.py:190} INFO - Task instance is in running state
[2025-02-07T22:42:26.591+0000] {logging_mixin.py:190} INFO -  Previous state of the Task instance: queued
[2025-02-07T22:42:26.602+0000] {logging_mixin.py:190} INFO - Current task name:check_file_in_directory state:running start_date:2025-02-07 22:42:25.075153+00:00
[2025-02-07T22:42:26.603+0000] {logging_mixin.py:190} INFO - Dag name:directory_and_file_verification_dag and current dag run status:running
[2025-02-07T22:42:26.603+0000] {taskinstance.py:731} INFO - ::endgroup::
[2025-02-07T22:42:26.605+0000] {baseoperator.py:421} WARNING - BranchPythonOperator.execute cannot be called outside TaskInstance!
[2025-02-07T22:42:26.611+0000] {python.py:240} INFO - Done. Returned value was: end
[2025-02-07T22:42:26.615+0000] {branch.py:38} INFO - Branch into end
[2025-02-07T22:42:26.617+0000] {skipmixin.py:230} INFO - Following branch ('end',)
[2025-02-07T22:42:26.676+0000] {skipmixin.py:278} INFO - Skipping tasks [('verify_file_reliability', -1)]
[2025-02-07T22:42:26.923+0000] {taskinstance.py:340} INFO - ::group::Post task execution logs
[2025-02-07T22:42:27.060+0000] {taskinstance.py:352} INFO - Marking task as SUCCESS. dag_id=directory_and_file_verification_dag, task_id=check_file_in_directory, run_id=scheduled__2025-02-07T05:00:00+00:00, execution_date=20250207T050000, start_date=20250207T224225, end_date=20250207T224227
[2025-02-07T22:42:27.155+0000] {logging_mixin.py:190} INFO - Task instance in success state
[2025-02-07T22:42:27.172+0000] {logging_mixin.py:190} INFO -  Previous state of the Task instance: running
[2025-02-07T22:42:27.173+0000] {logging_mixin.py:190} INFO - Dag name:directory_and_file_verification_dag queued_at:2025-02-07 22:41:56.290935+00:00
[2025-02-07T22:42:27.173+0000] {logging_mixin.py:190} INFO - Task hostname:003b7fbea265 operator:BranchPythonOperator
[2025-02-07T22:42:27.411+0000] {local_task_job_runner.py:266} INFO - Task exited with return code 0
[2025-02-07T22:42:27.532+0000] {local_task_job_runner.py:245} INFO - ::endgroup::
[2025-02-07T22:43:54.947+0000] {local_task_job_runner.py:123} INFO - ::group::Pre task execution logs
[2025-02-07T22:43:55.851+0000] {taskinstance.py:2613} INFO - Dependencies all met for dep_context=non-requeueable deps ti=<TaskInstance: directory_and_file_verification_dag.check_file_in_directory scheduled__2025-02-07T05:00:00+00:00 [queued]>
[2025-02-07T22:43:55.914+0000] {taskinstance.py:2613} INFO - Dependencies all met for dep_context=requeueable deps ti=<TaskInstance: directory_and_file_verification_dag.check_file_in_directory scheduled__2025-02-07T05:00:00+00:00 [queued]>
[2025-02-07T22:43:55.920+0000] {taskinstance.py:2866} INFO - Starting attempt 1 of 1
[2025-02-07T22:43:55.978+0000] {taskinstance.py:2889} INFO - Executing <Task(BranchPythonOperator): check_file_in_directory> on 2025-02-07 05:00:00+00:00
[2025-02-07T22:43:56.060+0000] {warnings.py:112} WARNING - /home/***/.local/lib/python3.12/site-packages/***/task/task_runner/standard_task_runner.py:70: DeprecationWarning: This process (pid=20268) is multi-threaded, use of fork() may lead to deadlocks in the child.
  pid = os.fork()

[2025-02-07T22:43:56.091+0000] {standard_task_runner.py:72} INFO - Started process 20317 to run task
[2025-02-07T22:43:56.095+0000] {standard_task_runner.py:104} INFO - Running: ['***', 'tasks', 'run', 'directory_and_file_verification_dag', 'check_file_in_directory', 'scheduled__2025-02-07T05:00:00+00:00', '--job-id', '1107', '--raw', '--subdir', 'DAGS_FOLDER/my_directory_and_file_checker.py', '--cfg-path', '/tmp/tmpxw25dz8t']
[2025-02-07T22:43:56.103+0000] {standard_task_runner.py:105} INFO - Job 1107: Subtask check_file_in_directory
[2025-02-07T22:43:56.442+0000] {task_command.py:467} INFO - Running <TaskInstance: directory_and_file_verification_dag.check_file_in_directory scheduled__2025-02-07T05:00:00+00:00 [running]> on host 003b7fbea265
[2025-02-07T22:43:56.888+0000] {taskinstance.py:3132} INFO - Exporting env vars: AIRFLOW_CTX_DAG_OWNER='***' AIRFLOW_CTX_DAG_ID='directory_and_file_verification_dag' AIRFLOW_CTX_TASK_ID='check_file_in_directory' AIRFLOW_CTX_EXECUTION_DATE='2025-02-07T05:00:00+00:00' AIRFLOW_CTX_TRY_NUMBER='1' AIRFLOW_CTX_DAG_RUN_ID='scheduled__2025-02-07T05:00:00+00:00'
[2025-02-07T22:43:56.906+0000] {logging_mixin.py:190} INFO - Task instance is in running state
[2025-02-07T22:43:56.908+0000] {logging_mixin.py:190} INFO -  Previous state of the Task instance: queued
[2025-02-07T22:43:56.909+0000] {logging_mixin.py:190} INFO - Current task name:check_file_in_directory state:running start_date:2025-02-07 22:43:55.862404+00:00
[2025-02-07T22:43:56.910+0000] {logging_mixin.py:190} INFO - Dag name:directory_and_file_verification_dag and current dag run status:running
[2025-02-07T22:43:56.961+0000] {taskinstance.py:731} INFO - ::endgroup::
[2025-02-07T22:43:56.992+0000] {baseoperator.py:421} WARNING - BranchPythonOperator.execute cannot be called outside TaskInstance!
[2025-02-07T22:43:57.007+0000] {python.py:240} INFO - Done. Returned value was: end
[2025-02-07T22:43:57.010+0000] {branch.py:38} INFO - Branch into end
[2025-02-07T22:43:57.012+0000] {skipmixin.py:230} INFO - Following branch ('end',)
[2025-02-07T22:43:57.111+0000] {skipmixin.py:278} INFO - Skipping tasks [('verify_file_reliability', -1)]
[2025-02-07T22:43:57.259+0000] {taskinstance.py:340} INFO - ::group::Post task execution logs
[2025-02-07T22:43:57.271+0000] {taskinstance.py:352} INFO - Marking task as SUCCESS. dag_id=directory_and_file_verification_dag, task_id=check_file_in_directory, run_id=scheduled__2025-02-07T05:00:00+00:00, execution_date=20250207T050000, start_date=20250207T224355, end_date=20250207T224357
[2025-02-07T22:43:57.300+0000] {logging_mixin.py:190} INFO - Task instance in success state
[2025-02-07T22:43:57.308+0000] {logging_mixin.py:190} INFO -  Previous state of the Task instance: running
[2025-02-07T22:43:57.309+0000] {logging_mixin.py:190} INFO - Dag name:directory_and_file_verification_dag queued_at:2025-02-07 22:43:27.571375+00:00
[2025-02-07T22:43:57.310+0000] {logging_mixin.py:190} INFO - Task hostname:003b7fbea265 operator:BranchPythonOperator
[2025-02-07T22:43:57.356+0000] {local_task_job_runner.py:266} INFO - Task exited with return code 0
[2025-02-07T22:43:57.515+0000] {taskinstance.py:3895} INFO - 0 downstream tasks scheduled from follow-on schedule check
[2025-02-07T22:43:57.529+0000] {local_task_job_runner.py:245} INFO - ::endgroup::
[2025-02-07T23:11:52.862+0000] {local_task_job_runner.py:123} INFO - ::group::Pre task execution logs
[2025-02-07T23:11:53.541+0000] {taskinstance.py:2613} INFO - Dependencies all met for dep_context=non-requeueable deps ti=<TaskInstance: directory_and_file_verification_dag.check_file_in_directory scheduled__2025-02-07T05:00:00+00:00 [queued]>
[2025-02-07T23:11:53.638+0000] {taskinstance.py:2613} INFO - Dependencies all met for dep_context=requeueable deps ti=<TaskInstance: directory_and_file_verification_dag.check_file_in_directory scheduled__2025-02-07T05:00:00+00:00 [queued]>
[2025-02-07T23:11:53.649+0000] {taskinstance.py:2866} INFO - Starting attempt 1 of 1
[2025-02-07T23:11:53.719+0000] {taskinstance.py:2889} INFO - Executing <Task(BranchPythonOperator): check_file_in_directory> on 2025-02-07 05:00:00+00:00
[2025-02-07T23:11:53.738+0000] {warnings.py:112} WARNING - /home/***/.local/lib/python3.12/site-packages/***/task/task_runner/standard_task_runner.py:70: DeprecationWarning: This process (pid=20816) is multi-threaded, use of fork() may lead to deadlocks in the child.
  pid = os.fork()

[2025-02-07T23:11:53.743+0000] {standard_task_runner.py:72} INFO - Started process 20855 to run task
[2025-02-07T23:11:53.755+0000] {standard_task_runner.py:104} INFO - Running: ['***', 'tasks', 'run', 'directory_and_file_verification_dag', 'check_file_in_directory', 'scheduled__2025-02-07T05:00:00+00:00', '--job-id', '1155', '--raw', '--subdir', 'DAGS_FOLDER/my_directory_and_file_checker.py', '--cfg-path', '/tmp/tmp8l2e_u36']
[2025-02-07T23:11:53.768+0000] {standard_task_runner.py:105} INFO - Job 1155: Subtask check_file_in_directory
[2025-02-07T23:11:54.054+0000] {task_command.py:467} INFO - Running <TaskInstance: directory_and_file_verification_dag.check_file_in_directory scheduled__2025-02-07T05:00:00+00:00 [running]> on host 003b7fbea265
[2025-02-07T23:11:54.711+0000] {taskinstance.py:3132} INFO - Exporting env vars: AIRFLOW_CTX_DAG_OWNER='***' AIRFLOW_CTX_DAG_ID='directory_and_file_verification_dag' AIRFLOW_CTX_TASK_ID='check_file_in_directory' AIRFLOW_CTX_EXECUTION_DATE='2025-02-07T05:00:00+00:00' AIRFLOW_CTX_TRY_NUMBER='1' AIRFLOW_CTX_DAG_RUN_ID='scheduled__2025-02-07T05:00:00+00:00'
[2025-02-07T23:11:54.723+0000] {logging_mixin.py:190} INFO - Task instance is in running state
[2025-02-07T23:11:54.738+0000] {logging_mixin.py:190} INFO -  Previous state of the Task instance: queued
[2025-02-07T23:11:54.739+0000] {logging_mixin.py:190} INFO - Current task name:check_file_in_directory state:running start_date:2025-02-07 23:11:53.542904+00:00
[2025-02-07T23:11:54.759+0000] {logging_mixin.py:190} INFO - Dag name:directory_and_file_verification_dag and current dag run status:running
[2025-02-07T23:11:54.762+0000] {taskinstance.py:731} INFO - ::endgroup::
[2025-02-07T23:11:54.765+0000] {baseoperator.py:421} WARNING - BranchPythonOperator.execute cannot be called outside TaskInstance!
[2025-02-07T23:11:54.768+0000] {python.py:240} INFO - Done. Returned value was: end
[2025-02-07T23:11:54.771+0000] {branch.py:38} INFO - Branch into end
[2025-02-07T23:11:54.773+0000] {skipmixin.py:230} INFO - Following branch ('end',)
[2025-02-07T23:11:54.893+0000] {skipmixin.py:278} INFO - Skipping tasks [('verify_file_reliability', -1)]
[2025-02-07T23:11:55.108+0000] {taskinstance.py:340} INFO - ::group::Post task execution logs
[2025-02-07T23:11:55.110+0000] {taskinstance.py:352} INFO - Marking task as SUCCESS. dag_id=directory_and_file_verification_dag, task_id=check_file_in_directory, run_id=scheduled__2025-02-07T05:00:00+00:00, execution_date=20250207T050000, start_date=20250207T231153, end_date=20250207T231155
[2025-02-07T23:11:55.137+0000] {logging_mixin.py:190} INFO - Task instance in success state
[2025-02-07T23:11:55.140+0000] {logging_mixin.py:190} INFO -  Previous state of the Task instance: running
[2025-02-07T23:11:55.141+0000] {logging_mixin.py:190} INFO - Dag name:directory_and_file_verification_dag queued_at:2025-02-07 23:11:21.311779+00:00
[2025-02-07T23:11:55.143+0000] {logging_mixin.py:190} INFO - Task hostname:003b7fbea265 operator:BranchPythonOperator
[2025-02-07T23:11:55.196+0000] {local_task_job_runner.py:266} INFO - Task exited with return code 0
[2025-02-07T23:11:55.212+0000] {local_task_job_runner.py:245} INFO - ::endgroup::
