[2025-02-07T13:42:51.542+0000] {local_task_job_runner.py:123} INFO - ::group::Pre task execution logs
[2025-02-07T13:42:51.565+0000] {taskinstance.py:2613} INFO - Dependencies all met for dep_context=non-requeueable deps ti=<TaskInstance: directory_and_file_verification_dag.verify_file_reliability manual__2025-02-07T13:42:42.781660+00:00 [queued]>
[2025-02-07T13:42:51.579+0000] {taskinstance.py:2613} INFO - Dependencies all met for dep_context=requeueable deps ti=<TaskInstance: directory_and_file_verification_dag.verify_file_reliability manual__2025-02-07T13:42:42.781660+00:00 [queued]>
[2025-02-07T13:42:51.580+0000] {taskinstance.py:2866} INFO - Starting attempt 1 of 1
[2025-02-07T13:42:51.597+0000] {taskinstance.py:2889} INFO - Executing <Task(BranchPythonOperator): verify_file_reliability> on 2025-02-07 13:42:42.781660+00:00
[2025-02-07T13:42:51.608+0000] {warnings.py:112} WARNING - /home/***/.local/lib/python3.12/site-packages/***/task/task_runner/standard_task_runner.py:70: DeprecationWarning: This process (pid=15576) is multi-threaded, use of fork() may lead to deadlocks in the child.
  pid = os.fork()

[2025-02-07T13:42:51.610+0000] {standard_task_runner.py:72} INFO - Started process 15578 to run task
[2025-02-07T13:42:51.610+0000] {standard_task_runner.py:104} INFO - Running: ['***', 'tasks', 'run', 'directory_and_file_verification_dag', 'verify_file_reliability', 'manual__2025-02-07T13:42:42.781660+00:00', '--job-id', '871', '--raw', '--subdir', 'DAGS_FOLDER/my_directory_and_file_checker.py', '--cfg-path', '/tmp/tmpaj5e__io']
[2025-02-07T13:42:51.612+0000] {standard_task_runner.py:105} INFO - Job 871: Subtask verify_file_reliability
[2025-02-07T13:42:51.668+0000] {task_command.py:467} INFO - Running <TaskInstance: directory_and_file_verification_dag.verify_file_reliability manual__2025-02-07T13:42:42.781660+00:00 [running]> on host 003b7fbea265
[2025-02-07T13:42:51.969+0000] {taskinstance.py:3132} INFO - Exporting env vars: AIRFLOW_CTX_DAG_OWNER='***' AIRFLOW_CTX_DAG_ID='directory_and_file_verification_dag' AIRFLOW_CTX_TASK_ID='verify_file_reliability' AIRFLOW_CTX_EXECUTION_DATE='2025-02-07T13:42:42.781660+00:00' AIRFLOW_CTX_TRY_NUMBER='1' AIRFLOW_CTX_DAG_RUN_ID='manual__2025-02-07T13:42:42.781660+00:00'
[2025-02-07T13:42:51.971+0000] {logging_mixin.py:190} INFO - Task instance is in running state
[2025-02-07T13:42:51.971+0000] {logging_mixin.py:190} INFO -  Previous state of the Task instance: queued
[2025-02-07T13:42:51.972+0000] {logging_mixin.py:190} INFO - Current task name:verify_file_reliability state:running start_date:2025-02-07 13:42:51.566263+00:00
[2025-02-07T13:42:51.973+0000] {logging_mixin.py:190} INFO - Dag name:directory_and_file_verification_dag and current dag run status:running
[2025-02-07T13:42:51.973+0000] {taskinstance.py:731} INFO - ::endgroup::
[2025-02-07T13:42:51.974+0000] {baseoperator.py:421} WARNING - BranchPythonOperator.execute cannot be called outside TaskInstance!
[2025-02-07T13:42:51.991+0000] {my_directory_and_file_checker.py:103} ERROR - ❌ Erreur d'encodage (utf-8) pour Écritures - Copie.csv: 'utf-8' codec can't decode byte 0xb0 in position 1: invalid start byte
[2025-02-07T13:42:52.006+0000] {logging_mixin.py:190} INFO - 
📂 Contenu du fichier (ISO-8859-1): Écritures - Copie.csv
[2025-02-07T13:42:52.012+0000] {logging_mixin.py:190} INFO -   Date comptabilisation       N° lot Type écriture
0            31/12/2024  A-BNDK 2304        LARABY
1            31/12/2024  B-BNDK 2304       LARABY2
[2025-02-07T13:42:52.020+0000] {logging_mixin.py:190} INFO - borisPanda3 <class 'pandas.core.frame.DataFrame'>   Accounting_Date   Lot_Number Type_ecriture
0      31/12/2024  A-BNDK 2304        LARABY
1      31/12/2024  B-BNDK 2304       LARABY2
[2025-02-07T13:42:52.044+0000] {logging_mixin.py:190} INFO - ✅Lignes  ('✅ Le fichier respecte les colonnes attendues et les types de données.', True) 2
[2025-02-07T13:42:52.047+0000] {logging_mixin.py:190} INFO - merci
[2025-02-07T13:42:52.063+0000] {base.py:84} INFO - Retrieving connection 'mysql_conn'
[2025-02-07T13:42:52.083+0000] {logging_mixin.py:190} INFO - (('attendancedb',), ('caprostockdb',), ('information_schema',), ('mysql',), ('netvision_db',), ('performance_schema',), ('pointing_db',), ('posgpt_db',), ('pythondb',), ('sys',), ('testimportdb',))
[2025-02-07T13:42:52.120+0000] {logging_mixin.py:190} INFO - ⚠️ Données supprimées avant insertion.
[2025-02-07T13:42:52.137+0000] {sql.py:694} INFO - Done loading. Loaded a total of 2 rows into temp_ecc
[2025-02-07T13:42:52.138+0000] {logging_mixin.py:190} INFO - connexion sql reussie True
[2025-02-07T13:42:52.144+0000] {logging_mixin.py:190} INFO - Afficher   Accounting_Date   Lot_Number Type_ecriture
0      2024-12-31  A-BNDK 2304        LARABY
1      2024-12-31  B-BNDK 2304       LARABY2
[2025-02-07T13:42:52.144+0000] {python.py:240} INFO - Done. Returned value was: end
[2025-02-07T13:42:52.145+0000] {branch.py:38} INFO - Branch into end
[2025-02-07T13:42:52.146+0000] {skipmixin.py:230} INFO - Following branch ('end',)
[2025-02-07T13:42:52.155+0000] {skipmixin.py:278} INFO - Skipping tasks []
[2025-02-07T13:42:52.185+0000] {taskinstance.py:340} INFO - ::group::Post task execution logs
[2025-02-07T13:42:52.186+0000] {taskinstance.py:352} INFO - Marking task as SUCCESS. dag_id=directory_and_file_verification_dag, task_id=verify_file_reliability, run_id=manual__2025-02-07T13:42:42.781660+00:00, execution_date=20250207T134242, start_date=20250207T134251, end_date=20250207T134252
[2025-02-07T13:42:52.196+0000] {logging_mixin.py:190} INFO - Task instance in success state
[2025-02-07T13:42:52.196+0000] {logging_mixin.py:190} INFO -  Previous state of the Task instance: running
[2025-02-07T13:42:52.197+0000] {logging_mixin.py:190} INFO - Dag name:directory_and_file_verification_dag queued_at:2025-02-07 13:42:42.815352+00:00
[2025-02-07T13:42:52.197+0000] {logging_mixin.py:190} INFO - Task hostname:003b7fbea265 operator:BranchPythonOperator
[2025-02-07T13:42:52.230+0000] {local_task_job_runner.py:266} INFO - Task exited with return code 0
[2025-02-07T13:42:52.255+0000] {taskinstance.py:3895} INFO - 0 downstream tasks scheduled from follow-on schedule check
[2025-02-07T13:42:52.257+0000] {local_task_job_runner.py:245} INFO - ::endgroup::
