[2025-02-10T19:51:25.375+0000] {local_task_job_runner.py:123} INFO - ::group::Pre task execution logs
[2025-02-10T19:51:25.577+0000] {taskinstance.py:2613} INFO - Dependencies all met for dep_context=non-requeueable deps ti=<TaskInstance: IMPORTATION_ECRITURE_COMPTABLES_ARTICLE_dag.check_directory scheduled__2025-02-10T19:50:00+00:00 [queued]>
[2025-02-10T19:51:25.588+0000] {taskinstance.py:2613} INFO - Dependencies all met for dep_context=requeueable deps ti=<TaskInstance: IMPORTATION_ECRITURE_COMPTABLES_ARTICLE_dag.check_directory scheduled__2025-02-10T19:50:00+00:00 [queued]>
[2025-02-10T19:51:25.589+0000] {taskinstance.py:2866} INFO - Starting attempt 1 of 2
[2025-02-10T19:51:25.606+0000] {taskinstance.py:2889} INFO - Executing <Task(BranchPythonOperator): check_directory> on 2025-02-10 19:50:00+00:00
[2025-02-10T19:51:25.613+0000] {warnings.py:112} WARNING - /home/***/.local/lib/python3.12/site-packages/***/task/task_runner/standard_task_runner.py:70: DeprecationWarning: This process (pid=136) is multi-threaded, use of fork() may lead to deadlocks in the child.
  pid = os.fork()

[2025-02-10T19:51:25.615+0000] {standard_task_runner.py:72} INFO - Started process 138 to run task
[2025-02-10T19:51:25.616+0000] {standard_task_runner.py:104} INFO - Running: ['***', 'tasks', 'run', 'IMPORTATION_ECRITURE_COMPTABLES_ARTICLE_dag', 'check_directory', 'scheduled__2025-02-10T19:50:00+00:00', '--job-id', '730', '--raw', '--subdir', 'DAGS_FOLDER/my_directory_and_file_checker.py', '--cfg-path', '/tmp/tmpr8ghaejk']
[2025-02-10T19:51:25.617+0000] {standard_task_runner.py:105} INFO - Job 730: Subtask check_directory
[2025-02-10T19:51:25.665+0000] {task_command.py:467} INFO - Running <TaskInstance: IMPORTATION_ECRITURE_COMPTABLES_ARTICLE_dag.check_directory scheduled__2025-02-10T19:50:00+00:00 [running]> on host b6443be51f35
[2025-02-10T19:51:25.760+0000] {taskinstance.py:3132} INFO - Exporting env vars: AIRFLOW_CTX_DAG_OWNER='***' AIRFLOW_CTX_DAG_ID='IMPORTATION_ECRITURE_COMPTABLES_ARTICLE_dag' AIRFLOW_CTX_TASK_ID='check_directory' AIRFLOW_CTX_EXECUTION_DATE='2025-02-10T19:50:00+00:00' AIRFLOW_CTX_TRY_NUMBER='1' AIRFLOW_CTX_DAG_RUN_ID='scheduled__2025-02-10T19:50:00+00:00'
[2025-02-10T19:51:25.762+0000] {logging_mixin.py:190} INFO - Task instance is in running state
[2025-02-10T19:51:25.762+0000] {logging_mixin.py:190} INFO -  Previous state of the Task instance: queued
[2025-02-10T19:51:25.763+0000] {logging_mixin.py:190} INFO - Current task name:check_directory state:running start_date:2025-02-10 19:51:25.578444+00:00
[2025-02-10T19:51:25.763+0000] {logging_mixin.py:190} INFO - Dag name:IMPORTATION_ECRITURE_COMPTABLES_ARTICLE_dag and current dag run status:running
[2025-02-10T19:51:25.764+0000] {taskinstance.py:731} INFO - ::endgroup::
[2025-02-10T19:51:25.765+0000] {baseoperator.py:421} WARNING - BranchPythonOperator.execute cannot be called outside TaskInstance!
[2025-02-10T19:51:25.766+0000] {python.py:240} INFO - Done. Returned value was: check_file_in_directory
[2025-02-10T19:51:25.766+0000] {branch.py:38} INFO - Branch into check_file_in_directory
[2025-02-10T19:51:25.767+0000] {skipmixin.py:230} INFO - Following branch ('check_file_in_directory',)
[2025-02-10T19:51:25.780+0000] {skipmixin.py:278} INFO - Skipping tasks []
[2025-02-10T19:51:25.814+0000] {taskinstance.py:340} INFO - ::group::Post task execution logs
[2025-02-10T19:51:25.815+0000] {taskinstance.py:352} INFO - Marking task as SUCCESS. dag_id=IMPORTATION_ECRITURE_COMPTABLES_ARTICLE_dag, task_id=check_directory, run_id=scheduled__2025-02-10T19:50:00+00:00, execution_date=20250210T195000, start_date=20250210T195125, end_date=20250210T195125
[2025-02-10T19:51:25.826+0000] {logging_mixin.py:190} INFO - Task instance in success state
[2025-02-10T19:51:25.827+0000] {logging_mixin.py:190} INFO -  Previous state of the Task instance: running
[2025-02-10T19:51:25.827+0000] {logging_mixin.py:190} INFO - Dag name:IMPORTATION_ECRITURE_COMPTABLES_ARTICLE_dag queued_at:2025-02-10 19:51:22.562570+00:00
[2025-02-10T19:51:25.828+0000] {logging_mixin.py:190} INFO - Task hostname:b6443be51f35 operator:BranchPythonOperator
[2025-02-10T19:51:25.871+0000] {local_task_job_runner.py:266} INFO - Task exited with return code 0
[2025-02-10T19:51:25.926+0000] {taskinstance.py:3895} INFO - 1 downstream tasks scheduled from follow-on schedule check
[2025-02-10T19:51:25.929+0000] {local_task_job_runner.py:245} INFO - ::endgroup::
[2025-02-10T19:51:55.120+0000] {local_task_job_runner.py:123} INFO - ::group::Pre task execution logs
[2025-02-10T19:51:55.148+0000] {taskinstance.py:2613} INFO - Dependencies all met for dep_context=non-requeueable deps ti=<TaskInstance: IMPORTATION_ECRITURE_COMPTABLES_ARTICLE_dag.check_directory scheduled__2025-02-10T19:50:00+00:00 [queued]>
[2025-02-10T19:51:55.158+0000] {taskinstance.py:2613} INFO - Dependencies all met for dep_context=requeueable deps ti=<TaskInstance: IMPORTATION_ECRITURE_COMPTABLES_ARTICLE_dag.check_directory scheduled__2025-02-10T19:50:00+00:00 [queued]>
[2025-02-10T19:51:55.159+0000] {taskinstance.py:2866} INFO - Starting attempt 1 of 2
[2025-02-10T19:51:55.374+0000] {taskinstance.py:2889} INFO - Executing <Task(BranchPythonOperator): check_directory> on 2025-02-10 19:50:00+00:00
[2025-02-10T19:51:55.386+0000] {warnings.py:112} WARNING - /home/***/.local/lib/python3.12/site-packages/***/task/task_runner/standard_task_runner.py:70: DeprecationWarning: This process (pid=148) is multi-threaded, use of fork() may lead to deadlocks in the child.
  pid = os.fork()

[2025-02-10T19:51:55.390+0000] {standard_task_runner.py:72} INFO - Started process 152 to run task
[2025-02-10T19:51:55.390+0000] {standard_task_runner.py:104} INFO - Running: ['***', 'tasks', 'run', 'IMPORTATION_ECRITURE_COMPTABLES_ARTICLE_dag', 'check_directory', 'scheduled__2025-02-10T19:50:00+00:00', '--job-id', '733', '--raw', '--subdir', 'DAGS_FOLDER/my_directory_and_file_checker.py', '--cfg-path', '/tmp/tmp8sribogv']
[2025-02-10T19:51:55.392+0000] {standard_task_runner.py:105} INFO - Job 733: Subtask check_directory
[2025-02-10T19:51:55.469+0000] {task_command.py:467} INFO - Running <TaskInstance: IMPORTATION_ECRITURE_COMPTABLES_ARTICLE_dag.check_directory scheduled__2025-02-10T19:50:00+00:00 [running]> on host b6443be51f35
[2025-02-10T19:51:55.560+0000] {taskinstance.py:3132} INFO - Exporting env vars: AIRFLOW_CTX_DAG_OWNER='***' AIRFLOW_CTX_DAG_ID='IMPORTATION_ECRITURE_COMPTABLES_ARTICLE_dag' AIRFLOW_CTX_TASK_ID='check_directory' AIRFLOW_CTX_EXECUTION_DATE='2025-02-10T19:50:00+00:00' AIRFLOW_CTX_TRY_NUMBER='1' AIRFLOW_CTX_DAG_RUN_ID='scheduled__2025-02-10T19:50:00+00:00'
[2025-02-10T19:51:55.562+0000] {logging_mixin.py:190} INFO - Task instance is in running state
[2025-02-10T19:51:55.563+0000] {logging_mixin.py:190} INFO -  Previous state of the Task instance: queued
[2025-02-10T19:51:55.563+0000] {logging_mixin.py:190} INFO - Current task name:check_directory state:running start_date:2025-02-10 19:51:55.149220+00:00
[2025-02-10T19:51:55.564+0000] {logging_mixin.py:190} INFO - Dag name:IMPORTATION_ECRITURE_COMPTABLES_ARTICLE_dag and current dag run status:running
[2025-02-10T19:51:55.564+0000] {taskinstance.py:731} INFO - ::endgroup::
[2025-02-10T19:51:55.565+0000] {baseoperator.py:421} WARNING - BranchPythonOperator.execute cannot be called outside TaskInstance!
[2025-02-10T19:51:55.566+0000] {python.py:240} INFO - Done. Returned value was: check_file_in_directory
[2025-02-10T19:51:55.566+0000] {branch.py:38} INFO - Branch into check_file_in_directory
[2025-02-10T19:51:55.567+0000] {skipmixin.py:230} INFO - Following branch ('check_file_in_directory',)
[2025-02-10T19:51:55.582+0000] {skipmixin.py:278} INFO - Skipping tasks []
[2025-02-10T19:51:55.617+0000] {taskinstance.py:340} INFO - ::group::Post task execution logs
[2025-02-10T19:51:55.618+0000] {taskinstance.py:352} INFO - Marking task as SUCCESS. dag_id=IMPORTATION_ECRITURE_COMPTABLES_ARTICLE_dag, task_id=check_directory, run_id=scheduled__2025-02-10T19:50:00+00:00, execution_date=20250210T195000, start_date=20250210T195155, end_date=20250210T195155
[2025-02-10T19:51:55.630+0000] {logging_mixin.py:190} INFO - Task instance in success state
[2025-02-10T19:51:55.631+0000] {logging_mixin.py:190} INFO -  Previous state of the Task instance: running
[2025-02-10T19:51:55.632+0000] {logging_mixin.py:190} INFO - Dag name:IMPORTATION_ECRITURE_COMPTABLES_ARTICLE_dag queued_at:2025-02-10 19:51:52.994256+00:00
[2025-02-10T19:51:55.632+0000] {logging_mixin.py:190} INFO - Task hostname:b6443be51f35 operator:BranchPythonOperator
[2025-02-10T19:51:55.646+0000] {local_task_job_runner.py:266} INFO - Task exited with return code 0
[2025-02-10T19:51:55.684+0000] {taskinstance.py:3895} INFO - 1 downstream tasks scheduled from follow-on schedule check
[2025-02-10T19:51:55.686+0000] {local_task_job_runner.py:245} INFO - ::endgroup::
