[2025-02-07T22:42:18.854+0000] {local_task_job_runner.py:123} INFO - ::group::Pre task execution logs
[2025-02-07T22:42:18.970+0000] {taskinstance.py:2613} INFO - Dependencies all met for dep_context=non-requeueable deps ti=<TaskInstance: directory_and_file_verification_dag.check_directory scheduled__2025-02-07T14:00:00+00:00 [queued]>
[2025-02-07T22:42:19.031+0000] {taskinstance.py:2613} INFO - Dependencies all met for dep_context=requeueable deps ti=<TaskInstance: directory_and_file_verification_dag.check_directory scheduled__2025-02-07T14:00:00+00:00 [queued]>
[2025-02-07T22:42:19.034+0000] {taskinstance.py:2866} INFO - Starting attempt 1 of 1
[2025-02-07T22:42:19.158+0000] {taskinstance.py:2889} INFO - Executing <Task(BranchPythonOperator): check_directory> on 2025-02-07 14:00:00+00:00
[2025-02-07T22:42:19.202+0000] {warnings.py:112} WARNING - /home/***/.local/lib/python3.12/site-packages/***/task/task_runner/standard_task_runner.py:70: DeprecationWarning: This process (pid=20034) is multi-threaded, use of fork() may lead to deadlocks in the child.
  pid = os.fork()

[2025-02-07T22:42:19.212+0000] {standard_task_runner.py:104} INFO - Running: ['***', 'tasks', 'run', 'directory_and_file_verification_dag', 'check_directory', 'scheduled__2025-02-07T14:00:00+00:00', '--job-id', '1053', '--raw', '--subdir', 'DAGS_FOLDER/my_directory_and_file_checker.py', '--cfg-path', '/tmp/tmpiua6lkow']
[2025-02-07T22:42:19.247+0000] {standard_task_runner.py:72} INFO - Started process 20091 to run task
[2025-02-07T22:42:19.247+0000] {standard_task_runner.py:105} INFO - Job 1053: Subtask check_directory
[2025-02-07T22:42:19.515+0000] {task_command.py:467} INFO - Running <TaskInstance: directory_and_file_verification_dag.check_directory scheduled__2025-02-07T14:00:00+00:00 [running]> on host 003b7fbea265
[2025-02-07T22:42:20.786+0000] {taskinstance.py:3132} INFO - Exporting env vars: AIRFLOW_CTX_DAG_OWNER='***' AIRFLOW_CTX_DAG_ID='directory_and_file_verification_dag' AIRFLOW_CTX_TASK_ID='check_directory' AIRFLOW_CTX_EXECUTION_DATE='2025-02-07T14:00:00+00:00' AIRFLOW_CTX_TRY_NUMBER='1' AIRFLOW_CTX_DAG_RUN_ID='scheduled__2025-02-07T14:00:00+00:00'
[2025-02-07T22:42:20.795+0000] {logging_mixin.py:190} INFO - Task instance is in running state
[2025-02-07T22:42:20.815+0000] {logging_mixin.py:190} INFO -  Previous state of the Task instance: queued
[2025-02-07T22:42:20.817+0000] {logging_mixin.py:190} INFO - Current task name:check_directory state:running start_date:2025-02-07 22:42:18.972200+00:00
[2025-02-07T22:42:20.819+0000] {logging_mixin.py:190} INFO - Dag name:directory_and_file_verification_dag and current dag run status:running
[2025-02-07T22:42:20.820+0000] {taskinstance.py:731} INFO - ::endgroup::
[2025-02-07T22:42:20.821+0000] {baseoperator.py:421} WARNING - BranchPythonOperator.execute cannot be called outside TaskInstance!
[2025-02-07T22:42:20.824+0000] {logging_mixin.py:190} INFO - borusss ['in', 'logs', 'out', 'statu_date_execution.txt', 'succes_date_execution.txt', 'test', 'Écritures - Copie.csv.bak', 'Écritures comptables article.csv.bak', 'Écritures.csv.bak']
[2025-02-07T22:42:20.825+0000] {python.py:240} INFO - Done. Returned value was: check_file_in_directory
[2025-02-07T22:42:20.826+0000] {branch.py:38} INFO - Branch into check_file_in_directory
[2025-02-07T22:42:20.827+0000] {skipmixin.py:230} INFO - Following branch ('check_file_in_directory',)
[2025-02-07T22:42:20.867+0000] {skipmixin.py:278} INFO - Skipping tasks []
[2025-02-07T22:42:21.062+0000] {taskinstance.py:340} INFO - ::group::Post task execution logs
[2025-02-07T22:42:21.064+0000] {taskinstance.py:352} INFO - Marking task as SUCCESS. dag_id=directory_and_file_verification_dag, task_id=check_directory, run_id=scheduled__2025-02-07T14:00:00+00:00, execution_date=20250207T140000, start_date=20250207T224218, end_date=20250207T224221
[2025-02-07T22:42:21.115+0000] {logging_mixin.py:190} INFO - Task instance in success state
[2025-02-07T22:42:21.117+0000] {logging_mixin.py:190} INFO -  Previous state of the Task instance: running
[2025-02-07T22:42:21.124+0000] {logging_mixin.py:190} INFO - Dag name:directory_and_file_verification_dag queued_at:2025-02-07 22:42:00.132804+00:00
[2025-02-07T22:42:21.125+0000] {logging_mixin.py:190} INFO - Task hostname:003b7fbea265 operator:BranchPythonOperator
[2025-02-07T22:42:21.225+0000] {local_task_job_runner.py:266} INFO - Task exited with return code 0
[2025-02-07T22:42:21.407+0000] {taskinstance.py:3895} INFO - 1 downstream tasks scheduled from follow-on schedule check
[2025-02-07T22:42:21.423+0000] {local_task_job_runner.py:245} INFO - ::endgroup::
[2025-02-07T22:43:45.870+0000] {local_task_job_runner.py:123} INFO - ::group::Pre task execution logs
[2025-02-07T22:43:46.994+0000] {taskinstance.py:2613} INFO - Dependencies all met for dep_context=non-requeueable deps ti=<TaskInstance: directory_and_file_verification_dag.check_directory scheduled__2025-02-07T14:00:00+00:00 [queued]>
[2025-02-07T22:43:47.085+0000] {taskinstance.py:2613} INFO - Dependencies all met for dep_context=requeueable deps ti=<TaskInstance: directory_and_file_verification_dag.check_directory scheduled__2025-02-07T14:00:00+00:00 [queued]>
[2025-02-07T22:43:47.097+0000] {taskinstance.py:2866} INFO - Starting attempt 1 of 1
[2025-02-07T22:43:47.176+0000] {taskinstance.py:2889} INFO - Executing <Task(BranchPythonOperator): check_directory> on 2025-02-07 14:00:00+00:00
[2025-02-07T22:43:47.197+0000] {warnings.py:112} WARNING - /home/***/.local/lib/python3.12/site-packages/***/task/task_runner/standard_task_runner.py:70: DeprecationWarning: This process (pid=20241) is multi-threaded, use of fork() may lead to deadlocks in the child.
  pid = os.fork()

[2025-02-07T22:43:47.199+0000] {standard_task_runner.py:72} INFO - Started process 20291 to run task
[2025-02-07T22:43:47.207+0000] {standard_task_runner.py:104} INFO - Running: ['***', 'tasks', 'run', 'directory_and_file_verification_dag', 'check_directory', 'scheduled__2025-02-07T14:00:00+00:00', '--job-id', '1101', '--raw', '--subdir', 'DAGS_FOLDER/my_directory_and_file_checker.py', '--cfg-path', '/tmp/tmpawzr7y4l']
[2025-02-07T22:43:47.211+0000] {standard_task_runner.py:105} INFO - Job 1101: Subtask check_directory
[2025-02-07T22:43:47.500+0000] {task_command.py:467} INFO - Running <TaskInstance: directory_and_file_verification_dag.check_directory scheduled__2025-02-07T14:00:00+00:00 [running]> on host 003b7fbea265
[2025-02-07T22:43:48.020+0000] {taskinstance.py:3132} INFO - Exporting env vars: AIRFLOW_CTX_DAG_OWNER='***' AIRFLOW_CTX_DAG_ID='directory_and_file_verification_dag' AIRFLOW_CTX_TASK_ID='check_directory' AIRFLOW_CTX_EXECUTION_DATE='2025-02-07T14:00:00+00:00' AIRFLOW_CTX_TRY_NUMBER='1' AIRFLOW_CTX_DAG_RUN_ID='scheduled__2025-02-07T14:00:00+00:00'
[2025-02-07T22:43:48.034+0000] {logging_mixin.py:190} INFO - Task instance is in running state
[2025-02-07T22:43:48.036+0000] {logging_mixin.py:190} INFO -  Previous state of the Task instance: queued
[2025-02-07T22:43:48.041+0000] {logging_mixin.py:190} INFO - Current task name:check_directory state:running start_date:2025-02-07 22:43:47.008136+00:00
[2025-02-07T22:43:48.044+0000] {logging_mixin.py:190} INFO - Dag name:directory_and_file_verification_dag and current dag run status:running
[2025-02-07T22:43:48.047+0000] {taskinstance.py:731} INFO - ::endgroup::
[2025-02-07T22:43:48.049+0000] {baseoperator.py:421} WARNING - BranchPythonOperator.execute cannot be called outside TaskInstance!
[2025-02-07T22:43:48.066+0000] {logging_mixin.py:190} INFO - borusss ['in', 'logs', 'out', 'statu_date_execution.txt', 'succes_date_execution.txt', 'test', 'Écritures - Copie.csv.bak', 'Écritures comptables article.csv.bak', 'Écritures.csv.bak']
[2025-02-07T22:43:48.071+0000] {python.py:240} INFO - Done. Returned value was: check_file_in_directory
[2025-02-07T22:43:48.072+0000] {branch.py:38} INFO - Branch into check_file_in_directory
[2025-02-07T22:43:48.073+0000] {skipmixin.py:230} INFO - Following branch ('check_file_in_directory',)
[2025-02-07T22:43:48.186+0000] {skipmixin.py:278} INFO - Skipping tasks []
[2025-02-07T22:43:48.368+0000] {taskinstance.py:340} INFO - ::group::Post task execution logs
[2025-02-07T22:43:48.369+0000] {taskinstance.py:352} INFO - Marking task as SUCCESS. dag_id=directory_and_file_verification_dag, task_id=check_directory, run_id=scheduled__2025-02-07T14:00:00+00:00, execution_date=20250207T140000, start_date=20250207T224347, end_date=20250207T224348
[2025-02-07T22:43:48.835+0000] {logging_mixin.py:190} INFO - Task instance in success state
[2025-02-07T22:43:48.836+0000] {logging_mixin.py:190} INFO -  Previous state of the Task instance: running
[2025-02-07T22:43:48.837+0000] {logging_mixin.py:190} INFO - Dag name:directory_and_file_verification_dag queued_at:2025-02-07 22:43:31.017616+00:00
[2025-02-07T22:43:48.837+0000] {logging_mixin.py:190} INFO - Task hostname:003b7fbea265 operator:BranchPythonOperator
[2025-02-07T22:43:48.899+0000] {local_task_job_runner.py:266} INFO - Task exited with return code 0
[2025-02-07T22:43:49.120+0000] {taskinstance.py:3895} INFO - 1 downstream tasks scheduled from follow-on schedule check
[2025-02-07T22:43:49.141+0000] {local_task_job_runner.py:245} INFO - ::endgroup::
[2025-02-07T23:11:43.842+0000] {local_task_job_runner.py:123} INFO - ::group::Pre task execution logs
[2025-02-07T23:11:44.457+0000] {taskinstance.py:2613} INFO - Dependencies all met for dep_context=non-requeueable deps ti=<TaskInstance: directory_and_file_verification_dag.check_directory scheduled__2025-02-07T14:00:00+00:00 [queued]>
[2025-02-07T23:11:44.477+0000] {taskinstance.py:2613} INFO - Dependencies all met for dep_context=requeueable deps ti=<TaskInstance: directory_and_file_verification_dag.check_directory scheduled__2025-02-07T14:00:00+00:00 [queued]>
[2025-02-07T23:11:44.478+0000] {taskinstance.py:2866} INFO - Starting attempt 1 of 1
[2025-02-07T23:11:44.567+0000] {taskinstance.py:2889} INFO - Executing <Task(BranchPythonOperator): check_directory> on 2025-02-07 14:00:00+00:00
[2025-02-07T23:11:44.596+0000] {warnings.py:112} WARNING - /home/***/.local/lib/python3.12/site-packages/***/task/task_runner/standard_task_runner.py:70: DeprecationWarning: This process (pid=20790) is multi-threaded, use of fork() may lead to deadlocks in the child.
  pid = os.fork()

[2025-02-07T23:11:44.614+0000] {standard_task_runner.py:72} INFO - Started process 20836 to run task
[2025-02-07T23:11:44.614+0000] {standard_task_runner.py:104} INFO - Running: ['***', 'tasks', 'run', 'directory_and_file_verification_dag', 'check_directory', 'scheduled__2025-02-07T14:00:00+00:00', '--job-id', '1147', '--raw', '--subdir', 'DAGS_FOLDER/my_directory_and_file_checker.py', '--cfg-path', '/tmp/tmpcmztar61']
[2025-02-07T23:11:44.629+0000] {standard_task_runner.py:105} INFO - Job 1147: Subtask check_directory
[2025-02-07T23:11:45.009+0000] {task_command.py:467} INFO - Running <TaskInstance: directory_and_file_verification_dag.check_directory scheduled__2025-02-07T14:00:00+00:00 [running]> on host 003b7fbea265
[2025-02-07T23:11:45.698+0000] {taskinstance.py:3132} INFO - Exporting env vars: AIRFLOW_CTX_DAG_OWNER='***' AIRFLOW_CTX_DAG_ID='directory_and_file_verification_dag' AIRFLOW_CTX_TASK_ID='check_directory' AIRFLOW_CTX_EXECUTION_DATE='2025-02-07T14:00:00+00:00' AIRFLOW_CTX_TRY_NUMBER='1' AIRFLOW_CTX_DAG_RUN_ID='scheduled__2025-02-07T14:00:00+00:00'
[2025-02-07T23:11:45.704+0000] {logging_mixin.py:190} INFO - Task instance is in running state
[2025-02-07T23:11:45.707+0000] {logging_mixin.py:190} INFO -  Previous state of the Task instance: queued
[2025-02-07T23:11:45.709+0000] {logging_mixin.py:190} INFO - Current task name:check_directory state:running start_date:2025-02-07 23:11:44.458946+00:00
[2025-02-07T23:11:45.710+0000] {logging_mixin.py:190} INFO - Dag name:directory_and_file_verification_dag and current dag run status:running
[2025-02-07T23:11:45.718+0000] {taskinstance.py:731} INFO - ::endgroup::
[2025-02-07T23:11:45.738+0000] {baseoperator.py:421} WARNING - BranchPythonOperator.execute cannot be called outside TaskInstance!
[2025-02-07T23:11:45.771+0000] {logging_mixin.py:190} INFO - borusss ['in', 'logs', 'out', 'statu_date_execution.txt', 'succes_date_execution.txt', 'test', 'Écritures - Copie.csv.bak', 'Écritures comptables article.csv.bak', 'Écritures.csv.bak']
[2025-02-07T23:11:45.781+0000] {python.py:240} INFO - Done. Returned value was: check_file_in_directory
[2025-02-07T23:11:45.784+0000] {branch.py:38} INFO - Branch into check_file_in_directory
[2025-02-07T23:11:45.786+0000] {skipmixin.py:230} INFO - Following branch ('check_file_in_directory',)
[2025-02-07T23:11:45.850+0000] {skipmixin.py:278} INFO - Skipping tasks []
[2025-02-07T23:11:46.083+0000] {taskinstance.py:340} INFO - ::group::Post task execution logs
[2025-02-07T23:11:46.087+0000] {taskinstance.py:352} INFO - Marking task as SUCCESS. dag_id=directory_and_file_verification_dag, task_id=check_directory, run_id=scheduled__2025-02-07T14:00:00+00:00, execution_date=20250207T140000, start_date=20250207T231144, end_date=20250207T231146
[2025-02-07T23:11:46.150+0000] {logging_mixin.py:190} INFO - Task instance in success state
[2025-02-07T23:11:46.151+0000] {logging_mixin.py:190} INFO -  Previous state of the Task instance: running
[2025-02-07T23:11:46.152+0000] {logging_mixin.py:190} INFO - Dag name:directory_and_file_verification_dag queued_at:2025-02-07 23:11:25.515689+00:00
[2025-02-07T23:11:46.153+0000] {logging_mixin.py:190} INFO - Task hostname:003b7fbea265 operator:BranchPythonOperator
[2025-02-07T23:11:46.202+0000] {local_task_job_runner.py:266} INFO - Task exited with return code 0
[2025-02-07T23:11:46.431+0000] {local_task_job_runner.py:245} INFO - ::endgroup::
