[2025-02-07T22:42:13.795+0000] {local_task_job_runner.py:123} INFO - ::group::Pre task execution logs
[2025-02-07T22:42:13.940+0000] {taskinstance.py:2613} INFO - Dependencies all met for dep_context=non-requeueable deps ti=<TaskInstance: directory_and_file_verification_dag.check_directory scheduled__2025-02-07T07:00:00+00:00 [queued]>
[2025-02-07T22:42:13.996+0000] {taskinstance.py:2613} INFO - Dependencies all met for dep_context=requeueable deps ti=<TaskInstance: directory_and_file_verification_dag.check_directory scheduled__2025-02-07T07:00:00+00:00 [queued]>
[2025-02-07T22:42:14.002+0000] {taskinstance.py:2866} INFO - Starting attempt 1 of 1
[2025-02-07T22:42:14.687+0000] {taskinstance.py:2889} INFO - Executing <Task(BranchPythonOperator): check_directory> on 2025-02-07 07:00:00+00:00
[2025-02-07T22:42:14.745+0000] {warnings.py:112} WARNING - /home/***/.local/lib/python3.12/site-packages/***/task/task_runner/standard_task_runner.py:70: DeprecationWarning: This process (pid=20022) is multi-threaded, use of fork() may lead to deadlocks in the child.
  pid = os.fork()

[2025-02-07T22:42:14.744+0000] {standard_task_runner.py:104} INFO - Running: ['***', 'tasks', 'run', 'directory_and_file_verification_dag', 'check_directory', 'scheduled__2025-02-07T07:00:00+00:00', '--job-id', '1049', '--raw', '--subdir', 'DAGS_FOLDER/my_directory_and_file_checker.py', '--cfg-path', '/tmp/tmpbwxbj5ue']
[2025-02-07T22:42:14.759+0000] {standard_task_runner.py:72} INFO - Started process 20070 to run task
[2025-02-07T22:42:14.761+0000] {standard_task_runner.py:105} INFO - Job 1049: Subtask check_directory
[2025-02-07T22:42:15.150+0000] {task_command.py:467} INFO - Running <TaskInstance: directory_and_file_verification_dag.check_directory scheduled__2025-02-07T07:00:00+00:00 [running]> on host 003b7fbea265
[2025-02-07T22:42:15.630+0000] {taskinstance.py:3132} INFO - Exporting env vars: AIRFLOW_CTX_DAG_OWNER='***' AIRFLOW_CTX_DAG_ID='directory_and_file_verification_dag' AIRFLOW_CTX_TASK_ID='check_directory' AIRFLOW_CTX_EXECUTION_DATE='2025-02-07T07:00:00+00:00' AIRFLOW_CTX_TRY_NUMBER='1' AIRFLOW_CTX_DAG_RUN_ID='scheduled__2025-02-07T07:00:00+00:00'
[2025-02-07T22:42:15.645+0000] {logging_mixin.py:190} INFO - Task instance is in running state
[2025-02-07T22:42:15.660+0000] {logging_mixin.py:190} INFO -  Previous state of the Task instance: queued
[2025-02-07T22:42:15.669+0000] {logging_mixin.py:190} INFO - Current task name:check_directory state:running start_date:2025-02-07 22:42:13.960407+00:00
[2025-02-07T22:42:15.670+0000] {logging_mixin.py:190} INFO - Dag name:directory_and_file_verification_dag and current dag run status:running
[2025-02-07T22:42:15.673+0000] {taskinstance.py:731} INFO - ::endgroup::
[2025-02-07T22:42:15.675+0000] {baseoperator.py:421} WARNING - BranchPythonOperator.execute cannot be called outside TaskInstance!
[2025-02-07T22:42:15.685+0000] {logging_mixin.py:190} INFO - borusss ['in', 'logs', 'out', 'statu_date_execution.txt', 'succes_date_execution.txt', 'test', 'Écritures - Copie.csv.bak', 'Écritures comptables article.csv.bak', 'Écritures.csv.bak']
[2025-02-07T22:42:15.687+0000] {python.py:240} INFO - Done. Returned value was: check_file_in_directory
[2025-02-07T22:42:15.690+0000] {branch.py:38} INFO - Branch into check_file_in_directory
[2025-02-07T22:42:15.693+0000] {skipmixin.py:230} INFO - Following branch ('check_file_in_directory',)
[2025-02-07T22:42:15.854+0000] {skipmixin.py:278} INFO - Skipping tasks []
[2025-02-07T22:42:16.120+0000] {taskinstance.py:340} INFO - ::group::Post task execution logs
[2025-02-07T22:42:16.136+0000] {taskinstance.py:352} INFO - Marking task as SUCCESS. dag_id=directory_and_file_verification_dag, task_id=check_directory, run_id=scheduled__2025-02-07T07:00:00+00:00, execution_date=20250207T070000, start_date=20250207T224213, end_date=20250207T224216
[2025-02-07T22:42:16.244+0000] {logging_mixin.py:190} INFO - Task instance in success state
[2025-02-07T22:42:16.245+0000] {logging_mixin.py:190} INFO -  Previous state of the Task instance: running
[2025-02-07T22:42:16.246+0000] {logging_mixin.py:190} INFO - Dag name:directory_and_file_verification_dag queued_at:2025-02-07 22:41:56.837081+00:00
[2025-02-07T22:42:16.247+0000] {logging_mixin.py:190} INFO - Task hostname:003b7fbea265 operator:BranchPythonOperator
[2025-02-07T22:42:16.287+0000] {local_task_job_runner.py:266} INFO - Task exited with return code 0
[2025-02-07T22:42:16.456+0000] {taskinstance.py:3895} INFO - 1 downstream tasks scheduled from follow-on schedule check
[2025-02-07T22:42:16.476+0000] {local_task_job_runner.py:245} INFO - ::endgroup::
[2025-02-07T22:43:39.826+0000] {local_task_job_runner.py:123} INFO - ::group::Pre task execution logs
[2025-02-07T22:43:39.887+0000] {taskinstance.py:2613} INFO - Dependencies all met for dep_context=non-requeueable deps ti=<TaskInstance: directory_and_file_verification_dag.check_directory scheduled__2025-02-07T07:00:00+00:00 [queued]>
[2025-02-07T22:43:39.942+0000] {taskinstance.py:2613} INFO - Dependencies all met for dep_context=requeueable deps ti=<TaskInstance: directory_and_file_verification_dag.check_directory scheduled__2025-02-07T07:00:00+00:00 [queued]>
[2025-02-07T22:43:39.965+0000] {taskinstance.py:2866} INFO - Starting attempt 1 of 1
[2025-02-07T22:43:41.558+0000] {taskinstance.py:2889} INFO - Executing <Task(BranchPythonOperator): check_directory> on 2025-02-07 07:00:00+00:00
[2025-02-07T22:43:41.727+0000] {warnings.py:112} WARNING - /home/***/.local/lib/python3.12/site-packages/***/task/task_runner/standard_task_runner.py:70: DeprecationWarning: This process (pid=20220) is multi-threaded, use of fork() may lead to deadlocks in the child.
  pid = os.fork()

[2025-02-07T22:43:41.743+0000] {standard_task_runner.py:104} INFO - Running: ['***', 'tasks', 'run', 'directory_and_file_verification_dag', 'check_directory', 'scheduled__2025-02-07T07:00:00+00:00', '--job-id', '1095', '--raw', '--subdir', 'DAGS_FOLDER/my_directory_and_file_checker.py', '--cfg-path', '/tmp/tmp8jnlaoh0']
[2025-02-07T22:43:41.753+0000] {standard_task_runner.py:105} INFO - Job 1095: Subtask check_directory
[2025-02-07T22:43:41.752+0000] {standard_task_runner.py:72} INFO - Started process 20271 to run task
[2025-02-07T22:43:42.160+0000] {task_command.py:467} INFO - Running <TaskInstance: directory_and_file_verification_dag.check_directory scheduled__2025-02-07T07:00:00+00:00 [running]> on host 003b7fbea265
[2025-02-07T22:43:43.067+0000] {taskinstance.py:3132} INFO - Exporting env vars: AIRFLOW_CTX_DAG_OWNER='***' AIRFLOW_CTX_DAG_ID='directory_and_file_verification_dag' AIRFLOW_CTX_TASK_ID='check_directory' AIRFLOW_CTX_EXECUTION_DATE='2025-02-07T07:00:00+00:00' AIRFLOW_CTX_TRY_NUMBER='1' AIRFLOW_CTX_DAG_RUN_ID='scheduled__2025-02-07T07:00:00+00:00'
[2025-02-07T22:43:43.073+0000] {logging_mixin.py:190} INFO - Task instance is in running state
[2025-02-07T22:43:43.084+0000] {logging_mixin.py:190} INFO -  Previous state of the Task instance: queued
[2025-02-07T22:43:43.087+0000] {logging_mixin.py:190} INFO - Current task name:check_directory state:running start_date:2025-02-07 22:43:39.902657+00:00
[2025-02-07T22:43:43.096+0000] {logging_mixin.py:190} INFO - Dag name:directory_and_file_verification_dag and current dag run status:running
[2025-02-07T22:43:43.099+0000] {taskinstance.py:731} INFO - ::endgroup::
[2025-02-07T22:43:43.130+0000] {baseoperator.py:421} WARNING - BranchPythonOperator.execute cannot be called outside TaskInstance!
[2025-02-07T22:43:43.137+0000] {logging_mixin.py:190} INFO - borusss ['in', 'logs', 'out', 'statu_date_execution.txt', 'succes_date_execution.txt', 'test', 'Écritures - Copie.csv.bak', 'Écritures comptables article.csv.bak', 'Écritures.csv.bak']
[2025-02-07T22:43:43.138+0000] {python.py:240} INFO - Done. Returned value was: check_file_in_directory
[2025-02-07T22:43:43.139+0000] {branch.py:38} INFO - Branch into check_file_in_directory
[2025-02-07T22:43:43.140+0000] {skipmixin.py:230} INFO - Following branch ('check_file_in_directory',)
[2025-02-07T22:43:43.213+0000] {skipmixin.py:278} INFO - Skipping tasks []
[2025-02-07T22:43:43.322+0000] {taskinstance.py:340} INFO - ::group::Post task execution logs
[2025-02-07T22:43:43.342+0000] {taskinstance.py:352} INFO - Marking task as SUCCESS. dag_id=directory_and_file_verification_dag, task_id=check_directory, run_id=scheduled__2025-02-07T07:00:00+00:00, execution_date=20250207T070000, start_date=20250207T224339, end_date=20250207T224343
[2025-02-07T22:43:43.573+0000] {logging_mixin.py:190} INFO - Task instance in success state
[2025-02-07T22:43:43.580+0000] {logging_mixin.py:190} INFO -  Previous state of the Task instance: running
[2025-02-07T22:43:43.584+0000] {logging_mixin.py:190} INFO - Dag name:directory_and_file_verification_dag queued_at:2025-02-07 22:43:28.019883+00:00
[2025-02-07T22:43:43.591+0000] {logging_mixin.py:190} INFO - Task hostname:003b7fbea265 operator:BranchPythonOperator
[2025-02-07T22:43:43.661+0000] {local_task_job_runner.py:266} INFO - Task exited with return code 0
[2025-02-07T22:43:44.177+0000] {taskinstance.py:3895} INFO - 1 downstream tasks scheduled from follow-on schedule check
[2025-02-07T22:43:44.200+0000] {local_task_job_runner.py:245} INFO - ::endgroup::
[2025-02-07T23:11:36.817+0000] {local_task_job_runner.py:123} INFO - ::group::Pre task execution logs
[2025-02-07T23:11:36.939+0000] {taskinstance.py:2613} INFO - Dependencies all met for dep_context=non-requeueable deps ti=<TaskInstance: directory_and_file_verification_dag.check_directory scheduled__2025-02-07T07:00:00+00:00 [queued]>
[2025-02-07T23:11:36.991+0000] {taskinstance.py:2613} INFO - Dependencies all met for dep_context=requeueable deps ti=<TaskInstance: directory_and_file_verification_dag.check_directory scheduled__2025-02-07T07:00:00+00:00 [queued]>
[2025-02-07T23:11:37.011+0000] {taskinstance.py:2866} INFO - Starting attempt 1 of 1
[2025-02-07T23:11:38.555+0000] {taskinstance.py:2889} INFO - Executing <Task(BranchPythonOperator): check_directory> on 2025-02-07 07:00:00+00:00
[2025-02-07T23:11:38.588+0000] {warnings.py:112} WARNING - /home/***/.local/lib/python3.12/site-packages/***/task/task_runner/standard_task_runner.py:70: DeprecationWarning: This process (pid=20776) is multi-threaded, use of fork() may lead to deadlocks in the child.
  pid = os.fork()

[2025-02-07T23:11:38.640+0000] {standard_task_runner.py:72} INFO - Started process 20820 to run task
[2025-02-07T23:11:38.624+0000] {standard_task_runner.py:104} INFO - Running: ['***', 'tasks', 'run', 'directory_and_file_verification_dag', 'check_directory', 'scheduled__2025-02-07T07:00:00+00:00', '--job-id', '1142', '--raw', '--subdir', 'DAGS_FOLDER/my_directory_and_file_checker.py', '--cfg-path', '/tmp/tmpm32tysmk']
[2025-02-07T23:11:38.645+0000] {standard_task_runner.py:105} INFO - Job 1142: Subtask check_directory
[2025-02-07T23:11:39.681+0000] {task_command.py:467} INFO - Running <TaskInstance: directory_and_file_verification_dag.check_directory scheduled__2025-02-07T07:00:00+00:00 [running]> on host 003b7fbea265
[2025-02-07T23:11:40.705+0000] {taskinstance.py:3132} INFO - Exporting env vars: AIRFLOW_CTX_DAG_OWNER='***' AIRFLOW_CTX_DAG_ID='directory_and_file_verification_dag' AIRFLOW_CTX_TASK_ID='check_directory' AIRFLOW_CTX_EXECUTION_DATE='2025-02-07T07:00:00+00:00' AIRFLOW_CTX_TRY_NUMBER='1' AIRFLOW_CTX_DAG_RUN_ID='scheduled__2025-02-07T07:00:00+00:00'
[2025-02-07T23:11:40.707+0000] {logging_mixin.py:190} INFO - Task instance is in running state
[2025-02-07T23:11:40.721+0000] {logging_mixin.py:190} INFO -  Previous state of the Task instance: queued
[2025-02-07T23:11:40.722+0000] {logging_mixin.py:190} INFO - Current task name:check_directory state:running start_date:2025-02-07 23:11:36.941929+00:00
[2025-02-07T23:11:40.723+0000] {logging_mixin.py:190} INFO - Dag name:directory_and_file_verification_dag and current dag run status:running
[2025-02-07T23:11:40.730+0000] {taskinstance.py:731} INFO - ::endgroup::
[2025-02-07T23:11:40.732+0000] {baseoperator.py:421} WARNING - BranchPythonOperator.execute cannot be called outside TaskInstance!
[2025-02-07T23:11:40.740+0000] {logging_mixin.py:190} INFO - borusss ['in', 'logs', 'out', 'statu_date_execution.txt', 'succes_date_execution.txt', 'test', 'Écritures - Copie.csv.bak', 'Écritures comptables article.csv.bak', 'Écritures.csv.bak']
[2025-02-07T23:11:40.742+0000] {python.py:240} INFO - Done. Returned value was: check_file_in_directory
[2025-02-07T23:11:40.743+0000] {branch.py:38} INFO - Branch into check_file_in_directory
[2025-02-07T23:11:40.757+0000] {skipmixin.py:230} INFO - Following branch ('check_file_in_directory',)
[2025-02-07T23:11:40.913+0000] {skipmixin.py:278} INFO - Skipping tasks []
[2025-02-07T23:11:41.396+0000] {taskinstance.py:340} INFO - ::group::Post task execution logs
[2025-02-07T23:11:41.404+0000] {taskinstance.py:352} INFO - Marking task as SUCCESS. dag_id=directory_and_file_verification_dag, task_id=check_directory, run_id=scheduled__2025-02-07T07:00:00+00:00, execution_date=20250207T070000, start_date=20250207T231136, end_date=20250207T231141
[2025-02-07T23:11:41.564+0000] {logging_mixin.py:190} INFO - Task instance in success state
[2025-02-07T23:11:41.581+0000] {logging_mixin.py:190} INFO -  Previous state of the Task instance: running
[2025-02-07T23:11:41.602+0000] {logging_mixin.py:190} INFO - Dag name:directory_and_file_verification_dag queued_at:2025-02-07 23:11:21.768681+00:00
[2025-02-07T23:11:41.607+0000] {logging_mixin.py:190} INFO - Task hostname:003b7fbea265 operator:BranchPythonOperator
[2025-02-07T23:11:41.891+0000] {local_task_job_runner.py:266} INFO - Task exited with return code 0
[2025-02-07T23:11:41.936+0000] {local_task_job_runner.py:245} INFO - ::endgroup::
[2025-02-07T23:15:12.147+0000] {local_task_job_runner.py:123} INFO - ::group::Pre task execution logs
[2025-02-07T23:15:12.532+0000] {taskinstance.py:2613} INFO - Dependencies all met for dep_context=non-requeueable deps ti=<TaskInstance: directory_and_file_verification_dag.check_directory scheduled__2025-02-07T07:00:00+00:00 [queued]>
[2025-02-07T23:15:12.792+0000] {taskinstance.py:2613} INFO - Dependencies all met for dep_context=requeueable deps ti=<TaskInstance: directory_and_file_verification_dag.check_directory scheduled__2025-02-07T07:00:00+00:00 [queued]>
[2025-02-07T23:15:12.800+0000] {taskinstance.py:2866} INFO - Starting attempt 1 of 1
[2025-02-07T23:15:13.969+0000] {taskinstance.py:2889} INFO - Executing <Task(BranchPythonOperator): check_directory> on 2025-02-07 07:00:00+00:00
[2025-02-07T23:15:14.030+0000] {warnings.py:112} WARNING - /home/***/.local/lib/python3.12/site-packages/***/task/task_runner/standard_task_runner.py:70: DeprecationWarning: This process (pid=97) is multi-threaded, use of fork() may lead to deadlocks in the child.
  pid = os.fork()

[2025-02-07T23:15:14.074+0000] {standard_task_runner.py:72} INFO - Started process 153 to run task
[2025-02-07T23:15:14.072+0000] {standard_task_runner.py:104} INFO - Running: ['***', 'tasks', 'run', 'directory_and_file_verification_dag', 'check_directory', 'scheduled__2025-02-07T07:00:00+00:00', '--job-id', '1190', '--raw', '--subdir', 'DAGS_FOLDER/my_directory_and_file_checker.py', '--cfg-path', '/tmp/tmpw292nb_t']
[2025-02-07T23:15:14.097+0000] {standard_task_runner.py:105} INFO - Job 1190: Subtask check_directory
[2025-02-07T23:15:14.515+0000] {task_command.py:467} INFO - Running <TaskInstance: directory_and_file_verification_dag.check_directory scheduled__2025-02-07T07:00:00+00:00 [running]> on host 003b7fbea265
[2025-02-07T23:15:15.595+0000] {taskinstance.py:3132} INFO - Exporting env vars: AIRFLOW_CTX_DAG_OWNER='***' AIRFLOW_CTX_DAG_ID='directory_and_file_verification_dag' AIRFLOW_CTX_TASK_ID='check_directory' AIRFLOW_CTX_EXECUTION_DATE='2025-02-07T07:00:00+00:00' AIRFLOW_CTX_TRY_NUMBER='1' AIRFLOW_CTX_DAG_RUN_ID='scheduled__2025-02-07T07:00:00+00:00'
[2025-02-07T23:15:15.600+0000] {logging_mixin.py:190} INFO - Task instance is in running state
[2025-02-07T23:15:15.633+0000] {logging_mixin.py:190} INFO -  Previous state of the Task instance: queued
[2025-02-07T23:15:15.644+0000] {logging_mixin.py:190} INFO - Current task name:check_directory state:running start_date:2025-02-07 23:15:12.545426+00:00
[2025-02-07T23:15:15.655+0000] {logging_mixin.py:190} INFO - Dag name:directory_and_file_verification_dag and current dag run status:running
[2025-02-07T23:15:15.656+0000] {taskinstance.py:731} INFO - ::endgroup::
[2025-02-07T23:15:15.657+0000] {baseoperator.py:421} WARNING - BranchPythonOperator.execute cannot be called outside TaskInstance!
[2025-02-07T23:15:15.671+0000] {logging_mixin.py:190} INFO - borusss ['in', 'logs', 'out', 'statu_date_execution.txt', 'succes_date_execution.txt', 'test', 'Écritures - Copie.csv.bak', 'Écritures comptables article.csv.bak', 'Écritures.csv.bak']
[2025-02-07T23:15:15.684+0000] {python.py:240} INFO - Done. Returned value was: check_file_in_directory
[2025-02-07T23:15:15.686+0000] {branch.py:38} INFO - Branch into check_file_in_directory
[2025-02-07T23:15:15.690+0000] {skipmixin.py:230} INFO - Following branch ('check_file_in_directory',)
[2025-02-07T23:15:15.808+0000] {skipmixin.py:278} INFO - Skipping tasks []
[2025-02-07T23:15:15.971+0000] {taskinstance.py:340} INFO - ::group::Post task execution logs
[2025-02-07T23:15:15.980+0000] {taskinstance.py:352} INFO - Marking task as SUCCESS. dag_id=directory_and_file_verification_dag, task_id=check_directory, run_id=scheduled__2025-02-07T07:00:00+00:00, execution_date=20250207T070000, start_date=20250207T231512, end_date=20250207T231515
[2025-02-07T23:15:16.098+0000] {logging_mixin.py:190} INFO - Task instance in success state
[2025-02-07T23:15:16.102+0000] {logging_mixin.py:190} INFO -  Previous state of the Task instance: running
[2025-02-07T23:15:16.106+0000] {logging_mixin.py:190} INFO - Dag name:directory_and_file_verification_dag queued_at:2025-02-07 23:14:45.762262+00:00
[2025-02-07T23:15:16.140+0000] {logging_mixin.py:190} INFO - Task hostname:003b7fbea265 operator:BranchPythonOperator
[2025-02-07T23:15:16.411+0000] {local_task_job_runner.py:266} INFO - Task exited with return code 0
[2025-02-07T23:15:16.474+0000] {local_task_job_runner.py:245} INFO - ::endgroup::
