[2025-02-06T23:50:18.830+0000] {local_task_job_runner.py:123} INFO - ::group::Pre task execution logs
[2025-02-06T23:50:18.856+0000] {taskinstance.py:2613} INFO - Dependencies all met for dep_context=non-requeueable deps ti=<TaskInstance: directory_and_file_verification_dag.verify_file_reliability manual__2025-02-06T23:50:11.144312+00:00 [queued]>
[2025-02-06T23:50:18.867+0000] {taskinstance.py:2613} INFO - Dependencies all met for dep_context=requeueable deps ti=<TaskInstance: directory_and_file_verification_dag.verify_file_reliability manual__2025-02-06T23:50:11.144312+00:00 [queued]>
[2025-02-06T23:50:18.868+0000] {taskinstance.py:2866} INFO - Starting attempt 1 of 1
[2025-02-06T23:50:18.884+0000] {taskinstance.py:2889} INFO - Executing <Task(BranchPythonOperator): verify_file_reliability> on 2025-02-06 23:50:11.144312+00:00
[2025-02-06T23:50:18.891+0000] {warnings.py:112} WARNING - /home/***/.local/lib/python3.12/site-packages/***/task/task_runner/standard_task_runner.py:70: DeprecationWarning: This process (pid=9378) is multi-threaded, use of fork() may lead to deadlocks in the child.
  pid = os.fork()

[2025-02-06T23:50:18.893+0000] {standard_task_runner.py:72} INFO - Started process 9388 to run task
[2025-02-06T23:50:18.893+0000] {standard_task_runner.py:104} INFO - Running: ['***', 'tasks', 'run', 'directory_and_file_verification_dag', 'verify_file_reliability', 'manual__2025-02-06T23:50:11.144312+00:00', '--job-id', '733', '--raw', '--subdir', 'DAGS_FOLDER/my_directory_and_file_checker.py', '--cfg-path', '/tmp/tmpjvxlcwdt']
[2025-02-06T23:50:18.895+0000] {standard_task_runner.py:105} INFO - Job 733: Subtask verify_file_reliability
[2025-02-06T23:50:18.946+0000] {task_command.py:467} INFO - Running <TaskInstance: directory_and_file_verification_dag.verify_file_reliability manual__2025-02-06T23:50:11.144312+00:00 [running]> on host 003b7fbea265
[2025-02-06T23:50:19.234+0000] {taskinstance.py:3132} INFO - Exporting env vars: AIRFLOW_CTX_DAG_OWNER='***' AIRFLOW_CTX_DAG_ID='directory_and_file_verification_dag' AIRFLOW_CTX_TASK_ID='verify_file_reliability' AIRFLOW_CTX_EXECUTION_DATE='2025-02-06T23:50:11.144312+00:00' AIRFLOW_CTX_TRY_NUMBER='1' AIRFLOW_CTX_DAG_RUN_ID='manual__2025-02-06T23:50:11.144312+00:00'
[2025-02-06T23:50:19.235+0000] {logging_mixin.py:190} INFO - Task instance is in running state
[2025-02-06T23:50:19.236+0000] {logging_mixin.py:190} INFO -  Previous state of the Task instance: queued
[2025-02-06T23:50:19.236+0000] {logging_mixin.py:190} INFO - Current task name:verify_file_reliability state:running start_date:2025-02-06 23:50:18.856877+00:00
[2025-02-06T23:50:19.236+0000] {logging_mixin.py:190} INFO - Dag name:directory_and_file_verification_dag and current dag run status:running
[2025-02-06T23:50:19.237+0000] {taskinstance.py:731} INFO - ::endgroup::
[2025-02-06T23:50:19.237+0000] {baseoperator.py:421} WARNING - BranchPythonOperator.execute cannot be called outside TaskInstance!
[2025-02-06T23:50:19.250+0000] {my_directory_and_file_checker.py:101} ERROR - ❌ Erreur d'encodage (utf-8) pour Écritures.csv: 'utf-8' codec can't decode byte 0xb0 in position 1: invalid start byte
[2025-02-06T23:50:19.267+0000] {logging_mixin.py:190} INFO - 
📂 Contenu du fichier (ISO-8859-1): Écritures.csv
[2025-02-06T23:50:19.279+0000] {logging_mixin.py:190} INFO -   Date comptabilisation       N° lot Type écriture
0            31/12/2024  A-BNDK 2304    Production
1            31/12/2024  B-BNDK 2304    Production
2            31/12/2024  C-BNDK 2304    Production
3            31/12/2024  D-BNDK 2304    Production
4            31/12/2024  E-BNDK 2304    Production
[2025-02-06T23:50:19.286+0000] {logging_mixin.py:190} INFO - borisPanda3 <class 'pandas.core.frame.DataFrame'>   Accounting_Date   Lot_Number Type_ecriture
0      31/12/2024  A-BNDK 2304    Production
1      31/12/2024  B-BNDK 2304    Production
2      31/12/2024  C-BNDK 2304    Production
3      31/12/2024  D-BNDK 2304    Production
4      31/12/2024  E-BNDK 2304    Production
[2025-02-06T23:50:19.297+0000] {logging_mixin.py:190} INFO - yuioioio2000      Accounting_Date   Lot_Number     Type_ecriture
0         31/12/2024  A-BNDK 2304        Production
1         31/12/2024  B-BNDK 2304        Production
2         31/12/2024  C-BNDK 2304        Production
3         31/12/2024  D-BNDK 2304        Production
4         31/12/2024  E-BNDK 2304        Production
...              ...          ...               ...
9849      31/07/2024   C-TIEB2301  Positif (ajust.)
9850      31/07/2024   C-BOK22B02  Positif (ajust.)
9851      31/07/2024    C-BOK2305  Positif (ajust.)
9852      31/07/2024   D-TIEB2301  Positif (ajust.)
9853      31/07/2024   E-TIEB2301  Positif (ajust.)

[9854 rows x 3 columns]
[2025-02-06T23:51:35.584+0000] {logging_mixin.py:190} INFO - ✅Lignes  ('✅ Le fichier respecte les colonnes attendues et les types de données.', True) 9854
[2025-02-06T23:51:35.588+0000] {logging_mixin.py:190} INFO - merci
[2025-02-06T23:51:35.604+0000] {base.py:84} INFO - Retrieving connection 'mysql_conn'
[2025-02-06T23:51:35.628+0000] {logging_mixin.py:190} INFO - yveesdsff (('attendancedb',), ('caprostockdb',), ('information_schema',), ('mysql',), ('netvision_db',), ('performance_schema',), ('pointing_db',), ('posgpt_db',), ('pythondb',), ('sys',), ('testimportdb',))
[2025-02-06T23:51:35.629+0000] {logging_mixin.py:190} INFO - yesboruis <_mysql.connection open to 'host.docker.internal' at 0x55918da99780>
[2025-02-06T23:51:35.630+0000] {logging_mixin.py:190} INFO - connexion sql reussie <MySQLdb.cursors.Cursor object at 0x7fe538262510>
[2025-02-06T23:51:35.640+0000] {logging_mixin.py:190} INFO - Afficher   Accounting_Date   Lot_Number Type_ecriture
0      31/12/2024  A-BNDK 2304    Production
1      31/12/2024  B-BNDK 2304    Production
2      31/12/2024  C-BNDK 2304    Production
3      31/12/2024  D-BNDK 2304    Production
4      31/12/2024  E-BNDK 2304    Production
[2025-02-06T23:51:35.641+0000] {python.py:240} INFO - Done. Returned value was: end
[2025-02-06T23:51:35.642+0000] {branch.py:38} INFO - Branch into end
[2025-02-06T23:51:35.642+0000] {skipmixin.py:230} INFO - Following branch ('end',)
[2025-02-06T23:51:35.658+0000] {skipmixin.py:278} INFO - Skipping tasks []
[2025-02-06T23:51:35.695+0000] {taskinstance.py:340} INFO - ::group::Post task execution logs
[2025-02-06T23:51:35.696+0000] {taskinstance.py:352} INFO - Marking task as SUCCESS. dag_id=directory_and_file_verification_dag, task_id=verify_file_reliability, run_id=manual__2025-02-06T23:50:11.144312+00:00, execution_date=20250206T235011, start_date=20250206T235018, end_date=20250206T235135
[2025-02-06T23:51:35.712+0000] {logging_mixin.py:190} INFO - Task instance in success state
[2025-02-06T23:51:35.713+0000] {logging_mixin.py:190} INFO -  Previous state of the Task instance: running
[2025-02-06T23:51:35.713+0000] {logging_mixin.py:190} INFO - Dag name:directory_and_file_verification_dag queued_at:2025-02-06 23:50:11.165863+00:00
[2025-02-06T23:51:35.714+0000] {logging_mixin.py:190} INFO - Task hostname:003b7fbea265 operator:BranchPythonOperator
[2025-02-06T23:51:35.774+0000] {local_task_job_runner.py:266} INFO - Task exited with return code 0
[2025-02-06T23:51:35.807+0000] {taskinstance.py:3895} INFO - 0 downstream tasks scheduled from follow-on schedule check
[2025-02-06T23:51:35.811+0000] {local_task_job_runner.py:245} INFO - ::endgroup::
