[2025-02-10T20:47:02.587+0000] {local_task_job_runner.py:123} INFO - ::group::Pre task execution logs
[2025-02-10T20:47:02.737+0000] {taskinstance.py:2613} INFO - Dependencies all met for dep_context=non-requeueable deps ti=<TaskInstance: IMPORTATION_ECRITURE_COMPTABLES_ARTICLE_dag.check_directory scheduled__2025-02-10T20:46:00+00:00 [queued]>
[2025-02-10T20:47:02.744+0000] {taskinstance.py:2613} INFO - Dependencies all met for dep_context=requeueable deps ti=<TaskInstance: IMPORTATION_ECRITURE_COMPTABLES_ARTICLE_dag.check_directory scheduled__2025-02-10T20:46:00+00:00 [queued]>
[2025-02-10T20:47:02.745+0000] {taskinstance.py:2866} INFO - Starting attempt 1 of 2
[2025-02-10T20:47:02.759+0000] {taskinstance.py:2889} INFO - Executing <Task(BranchPythonOperator): check_directory> on 2025-02-10 20:46:00+00:00
[2025-02-10T20:47:02.768+0000] {warnings.py:112} WARNING - /home/***/.local/lib/python3.12/site-packages/***/task/task_runner/standard_task_runner.py:70: DeprecationWarning: This process (pid=1632) is multi-threaded, use of fork() may lead to deadlocks in the child.
  pid = os.fork()

[2025-02-10T20:47:02.771+0000] {standard_task_runner.py:72} INFO - Started process 1634 to run task
[2025-02-10T20:47:02.772+0000] {standard_task_runner.py:104} INFO - Running: ['***', 'tasks', 'run', 'IMPORTATION_ECRITURE_COMPTABLES_ARTICLE_dag', 'check_directory', 'scheduled__2025-02-10T20:46:00+00:00', '--job-id', '925', '--raw', '--subdir', 'DAGS_FOLDER/my_directory_and_file_checker.py', '--cfg-path', '/tmp/tmpxh49vz6c']
[2025-02-10T20:47:02.774+0000] {standard_task_runner.py:105} INFO - Job 925: Subtask check_directory
[2025-02-10T20:47:02.826+0000] {task_command.py:467} INFO - Running <TaskInstance: IMPORTATION_ECRITURE_COMPTABLES_ARTICLE_dag.check_directory scheduled__2025-02-10T20:46:00+00:00 [running]> on host b6443be51f35
[2025-02-10T20:47:02.915+0000] {taskinstance.py:3132} INFO - Exporting env vars: AIRFLOW_CTX_DAG_OWNER='***' AIRFLOW_CTX_DAG_ID='IMPORTATION_ECRITURE_COMPTABLES_ARTICLE_dag' AIRFLOW_CTX_TASK_ID='check_directory' AIRFLOW_CTX_EXECUTION_DATE='2025-02-10T20:46:00+00:00' AIRFLOW_CTX_TRY_NUMBER='1' AIRFLOW_CTX_DAG_RUN_ID='scheduled__2025-02-10T20:46:00+00:00'
[2025-02-10T20:47:02.917+0000] {logging_mixin.py:190} INFO - Task instance is in running state
[2025-02-10T20:47:02.917+0000] {logging_mixin.py:190} INFO -  Previous state of the Task instance: queued
[2025-02-10T20:47:02.918+0000] {logging_mixin.py:190} INFO - Current task name:check_directory state:running start_date:2025-02-10 20:47:02.737796+00:00
[2025-02-10T20:47:02.918+0000] {logging_mixin.py:190} INFO - Dag name:IMPORTATION_ECRITURE_COMPTABLES_ARTICLE_dag and current dag run status:running
[2025-02-10T20:47:02.919+0000] {taskinstance.py:731} INFO - ::endgroup::
[2025-02-10T20:47:02.920+0000] {baseoperator.py:421} WARNING - BranchPythonOperator.execute cannot be called outside TaskInstance!
[2025-02-10T20:47:02.921+0000] {python.py:240} INFO - Done. Returned value was: check_file_in_directory
[2025-02-10T20:47:02.922+0000] {branch.py:38} INFO - Branch into check_file_in_directory
[2025-02-10T20:47:02.922+0000] {skipmixin.py:230} INFO - Following branch ('check_file_in_directory',)
[2025-02-10T20:47:02.933+0000] {skipmixin.py:278} INFO - Skipping tasks []
[2025-02-10T20:47:02.962+0000] {taskinstance.py:340} INFO - ::group::Post task execution logs
[2025-02-10T20:47:02.963+0000] {taskinstance.py:352} INFO - Marking task as SUCCESS. dag_id=IMPORTATION_ECRITURE_COMPTABLES_ARTICLE_dag, task_id=check_directory, run_id=scheduled__2025-02-10T20:46:00+00:00, execution_date=20250210T204600, start_date=20250210T204702, end_date=20250210T204702
[2025-02-10T20:47:02.975+0000] {logging_mixin.py:190} INFO - Task instance in success state
[2025-02-10T20:47:02.976+0000] {logging_mixin.py:190} INFO -  Previous state of the Task instance: running
[2025-02-10T20:47:02.976+0000] {logging_mixin.py:190} INFO - Dag name:IMPORTATION_ECRITURE_COMPTABLES_ARTICLE_dag queued_at:2025-02-10 20:47:01.057352+00:00
[2025-02-10T20:47:02.977+0000] {logging_mixin.py:190} INFO - Task hostname:b6443be51f35 operator:BranchPythonOperator
[2025-02-10T20:47:02.988+0000] {local_task_job_runner.py:266} INFO - Task exited with return code 0
[2025-02-10T20:47:03.021+0000] {taskinstance.py:3895} INFO - 1 downstream tasks scheduled from follow-on schedule check
[2025-02-10T20:47:03.023+0000] {local_task_job_runner.py:245} INFO - ::endgroup::
[2025-02-10T20:47:58.272+0000] {local_task_job_runner.py:123} INFO - ::group::Pre task execution logs
[2025-02-10T20:47:58.455+0000] {taskinstance.py:2613} INFO - Dependencies all met for dep_context=non-requeueable deps ti=<TaskInstance: IMPORTATION_ECRITURE_COMPTABLES_ARTICLE_dag.check_directory scheduled__2025-02-10T20:46:00+00:00 [queued]>
[2025-02-10T20:47:58.466+0000] {taskinstance.py:2613} INFO - Dependencies all met for dep_context=requeueable deps ti=<TaskInstance: IMPORTATION_ECRITURE_COMPTABLES_ARTICLE_dag.check_directory scheduled__2025-02-10T20:46:00+00:00 [queued]>
[2025-02-10T20:47:58.466+0000] {taskinstance.py:2866} INFO - Starting attempt 1 of 2
[2025-02-10T20:47:58.483+0000] {taskinstance.py:2889} INFO - Executing <Task(BranchPythonOperator): check_directory> on 2025-02-10 20:46:00+00:00
[2025-02-10T20:47:58.504+0000] {warnings.py:112} WARNING - /home/***/.local/lib/python3.12/site-packages/***/task/task_runner/standard_task_runner.py:70: DeprecationWarning: This process (pid=1663) is multi-threaded, use of fork() may lead to deadlocks in the child.
  pid = os.fork()

[2025-02-10T20:47:58.506+0000] {standard_task_runner.py:72} INFO - Started process 1665 to run task
[2025-02-10T20:47:58.506+0000] {standard_task_runner.py:104} INFO - Running: ['***', 'tasks', 'run', 'IMPORTATION_ECRITURE_COMPTABLES_ARTICLE_dag', 'check_directory', 'scheduled__2025-02-10T20:46:00+00:00', '--job-id', '931', '--raw', '--subdir', 'DAGS_FOLDER/my_directory_and_file_checker.py', '--cfg-path', '/tmp/tmpe68f_3ri']
[2025-02-10T20:47:58.508+0000] {standard_task_runner.py:105} INFO - Job 931: Subtask check_directory
[2025-02-10T20:47:58.563+0000] {task_command.py:467} INFO - Running <TaskInstance: IMPORTATION_ECRITURE_COMPTABLES_ARTICLE_dag.check_directory scheduled__2025-02-10T20:46:00+00:00 [running]> on host b6443be51f35
[2025-02-10T20:47:58.654+0000] {taskinstance.py:3132} INFO - Exporting env vars: AIRFLOW_CTX_DAG_OWNER='***' AIRFLOW_CTX_DAG_ID='IMPORTATION_ECRITURE_COMPTABLES_ARTICLE_dag' AIRFLOW_CTX_TASK_ID='check_directory' AIRFLOW_CTX_EXECUTION_DATE='2025-02-10T20:46:00+00:00' AIRFLOW_CTX_TRY_NUMBER='1' AIRFLOW_CTX_DAG_RUN_ID='scheduled__2025-02-10T20:46:00+00:00'
[2025-02-10T20:47:58.656+0000] {logging_mixin.py:190} INFO - Task instance is in running state
[2025-02-10T20:47:58.657+0000] {logging_mixin.py:190} INFO -  Previous state of the Task instance: queued
[2025-02-10T20:47:58.657+0000] {logging_mixin.py:190} INFO - Current task name:check_directory state:running start_date:2025-02-10 20:47:58.456191+00:00
[2025-02-10T20:47:58.658+0000] {logging_mixin.py:190} INFO - Dag name:IMPORTATION_ECRITURE_COMPTABLES_ARTICLE_dag and current dag run status:running
[2025-02-10T20:47:58.658+0000] {taskinstance.py:731} INFO - ::endgroup::
[2025-02-10T20:47:58.659+0000] {baseoperator.py:421} WARNING - BranchPythonOperator.execute cannot be called outside TaskInstance!
[2025-02-10T20:47:58.660+0000] {python.py:240} INFO - Done. Returned value was: check_file_in_directory
[2025-02-10T20:47:58.661+0000] {branch.py:38} INFO - Branch into check_file_in_directory
[2025-02-10T20:47:58.662+0000] {skipmixin.py:230} INFO - Following branch ('check_file_in_directory',)
[2025-02-10T20:47:58.678+0000] {skipmixin.py:278} INFO - Skipping tasks []
[2025-02-10T20:47:58.715+0000] {taskinstance.py:340} INFO - ::group::Post task execution logs
[2025-02-10T20:47:58.716+0000] {taskinstance.py:352} INFO - Marking task as SUCCESS. dag_id=IMPORTATION_ECRITURE_COMPTABLES_ARTICLE_dag, task_id=check_directory, run_id=scheduled__2025-02-10T20:46:00+00:00, execution_date=20250210T204600, start_date=20250210T204758, end_date=20250210T204758
[2025-02-10T20:47:58.731+0000] {logging_mixin.py:190} INFO - Task instance in success state
[2025-02-10T20:47:58.732+0000] {logging_mixin.py:190} INFO -  Previous state of the Task instance: running
[2025-02-10T20:47:58.733+0000] {logging_mixin.py:190} INFO - Dag name:IMPORTATION_ECRITURE_COMPTABLES_ARTICLE_dag queued_at:2025-02-10 20:47:56.821514+00:00
[2025-02-10T20:47:58.734+0000] {logging_mixin.py:190} INFO - Task hostname:b6443be51f35 operator:BranchPythonOperator
[2025-02-10T20:47:58.762+0000] {local_task_job_runner.py:266} INFO - Task exited with return code 0
[2025-02-10T20:47:58.808+0000] {taskinstance.py:3895} INFO - 1 downstream tasks scheduled from follow-on schedule check
[2025-02-10T20:47:58.811+0000] {local_task_job_runner.py:245} INFO - ::endgroup::
