[2025-02-11T21:09:54.498+0000] {local_task_job_runner.py:123} INFO - ::group::Pre task execution logs
[2025-02-11T21:09:55.146+0000] {taskinstance.py:2613} INFO - Dependencies all met for dep_context=non-requeueable deps ti=<TaskInstance: IMPORTATION_ECRITURE_COMPTABLES_ARTICLE_dag.check_directory scheduled__2025-02-11T17:31:00+00:00 [queued]>
[2025-02-11T21:09:55.165+0000] {taskinstance.py:2613} INFO - Dependencies all met for dep_context=requeueable deps ti=<TaskInstance: IMPORTATION_ECRITURE_COMPTABLES_ARTICLE_dag.check_directory scheduled__2025-02-11T17:31:00+00:00 [queued]>
[2025-02-11T21:09:55.168+0000] {taskinstance.py:2866} INFO - Starting attempt 1 of 2
[2025-02-11T21:09:55.548+0000] {taskinstance.py:2889} INFO - Executing <Task(BranchPythonOperator): check_directory> on 2025-02-11 17:31:00+00:00
[2025-02-11T21:09:55.604+0000] {warnings.py:112} WARNING - /home/***/.local/lib/python3.12/site-packages/***/task/task_runner/standard_task_runner.py:70: DeprecationWarning: This process (pid=3971) is multi-threaded, use of fork() may lead to deadlocks in the child.
  pid = os.fork()

[2025-02-11T21:09:55.611+0000] {standard_task_runner.py:72} INFO - Started process 3990 to run task
[2025-02-11T21:09:55.606+0000] {standard_task_runner.py:104} INFO - Running: ['***', 'tasks', 'run', 'IMPORTATION_ECRITURE_COMPTABLES_ARTICLE_dag', 'check_directory', 'scheduled__2025-02-11T17:31:00+00:00', '--job-id', '3425', '--raw', '--subdir', 'DAGS_FOLDER/my_directory_and_file_checker.py', '--cfg-path', '/tmp/tmpi52tw30f']
[2025-02-11T21:09:55.630+0000] {standard_task_runner.py:105} INFO - Job 3425: Subtask check_directory
[2025-02-11T21:09:55.725+0000] {job.py:229} INFO - Heartbeat recovered after 10489.22 seconds
[2025-02-11T21:09:55.832+0000] {task_command.py:467} INFO - Running <TaskInstance: IMPORTATION_ECRITURE_COMPTABLES_ARTICLE_dag.check_directory scheduled__2025-02-11T17:31:00+00:00 [running]> on host b6443be51f35
[2025-02-11T21:09:56.344+0000] {taskinstance.py:3132} INFO - Exporting env vars: AIRFLOW_CTX_DAG_OWNER='***' AIRFLOW_CTX_DAG_ID='IMPORTATION_ECRITURE_COMPTABLES_ARTICLE_dag' AIRFLOW_CTX_TASK_ID='check_directory' AIRFLOW_CTX_EXECUTION_DATE='2025-02-11T17:31:00+00:00' AIRFLOW_CTX_TRY_NUMBER='1' AIRFLOW_CTX_DAG_RUN_ID='scheduled__2025-02-11T17:31:00+00:00'
[2025-02-11T21:09:56.376+0000] {logging_mixin.py:190} INFO - Task instance is in running state
[2025-02-11T21:09:56.388+0000] {logging_mixin.py:190} INFO -  Previous state of the Task instance: queued
[2025-02-11T21:09:56.404+0000] {logging_mixin.py:190} INFO - Current task name:check_directory state:running start_date:2025-02-11 21:09:55.151037+00:00
[2025-02-11T21:09:56.416+0000] {logging_mixin.py:190} INFO - Dag name:IMPORTATION_ECRITURE_COMPTABLES_ARTICLE_dag and current dag run status:running
[2025-02-11T21:09:56.436+0000] {taskinstance.py:731} INFO - ::endgroup::
[2025-02-11T21:09:56.452+0000] {baseoperator.py:421} WARNING - BranchPythonOperator.execute cannot be called outside TaskInstance!
[2025-02-11T21:09:56.463+0000] {python.py:240} INFO - Done. Returned value was: check_file_in_directory
[2025-02-11T21:09:56.466+0000] {branch.py:38} INFO - Branch into check_file_in_directory
[2025-02-11T21:09:56.472+0000] {skipmixin.py:230} INFO - Following branch ('check_file_in_directory',)
[2025-02-11T21:09:56.569+0000] {skipmixin.py:278} INFO - Skipping tasks []
[2025-02-11T21:09:56.786+0000] {taskinstance.py:340} INFO - ::group::Post task execution logs
[2025-02-11T21:09:56.790+0000] {taskinstance.py:352} INFO - Marking task as SUCCESS. dag_id=IMPORTATION_ECRITURE_COMPTABLES_ARTICLE_dag, task_id=check_directory, run_id=scheduled__2025-02-11T17:31:00+00:00, execution_date=20250211T173100, start_date=20250211T210955, end_date=20250211T210956
[2025-02-11T21:33:59.567+0000] {logging_mixin.py:190} INFO - Task instance in success state
[2025-02-11T21:33:59.578+0000] {logging_mixin.py:190} INFO -  Previous state of the Task instance: running
[2025-02-11T21:33:59.596+0000] {logging_mixin.py:190} INFO - Dag name:IMPORTATION_ECRITURE_COMPTABLES_ARTICLE_dag queued_at:2025-02-11 18:15:01.777305+00:00
[2025-02-11T21:33:59.659+0000] {logging_mixin.py:190} INFO - Task hostname:b6443be51f35 operator:BranchPythonOperator
[2025-02-11T21:33:59.851+0000] {local_task_job_runner.py:266} INFO - Task exited with return code 0
[2025-02-11T21:34:00.229+0000] {taskinstance.py:3895} INFO - 1 downstream tasks scheduled from follow-on schedule check
[2025-02-11T21:34:00.259+0000] {local_task_job_runner.py:245} INFO - ::endgroup::
