[2025-01-26T22:55:29.258+0000] {local_task_job_runner.py:123} INFO - ::group::Pre task execution logs
[2025-01-26T22:55:29.294+0000] {taskinstance.py:2613} INFO - Dependencies all met for dep_context=non-requeueable deps ti=<TaskInstance: excel_to_mysql_stock_capro.excel_to_mysql_stock_capro manual__2025-01-26T22:55:25.971598+00:00 [queued]>
[2025-01-26T22:55:29.308+0000] {taskinstance.py:2613} INFO - Dependencies all met for dep_context=requeueable deps ti=<TaskInstance: excel_to_mysql_stock_capro.excel_to_mysql_stock_capro manual__2025-01-26T22:55:25.971598+00:00 [queued]>
[2025-01-26T22:55:29.309+0000] {taskinstance.py:2866} INFO - Starting attempt 1 of 2
[2025-01-26T22:55:29.341+0000] {taskinstance.py:2889} INFO - Executing <Task(PythonOperator): excel_to_mysql_stock_capro> on 2025-01-26 22:55:25.971598+00:00
[2025-01-26T22:55:29.353+0000] {warnings.py:112} WARNING - /home/***/.local/lib/python3.12/site-packages/***/task/task_runner/standard_task_runner.py:70: DeprecationWarning: This process (pid=442) is multi-threaded, use of fork() may lead to deadlocks in the child.
  pid = os.fork()

[2025-01-26T22:55:29.356+0000] {standard_task_runner.py:72} INFO - Started process 444 to run task
[2025-01-26T22:55:29.357+0000] {standard_task_runner.py:104} INFO - Running: ['***', 'tasks', 'run', 'excel_to_mysql_stock_capro', 'excel_to_mysql_stock_capro', 'manual__2025-01-26T22:55:25.971598+00:00', '--job-id', '775', '--raw', '--subdir', 'DAGS_FOLDER/read_import_excel_file_database_mysql.py', '--cfg-path', '/tmp/tmpxcb95j4b']
[2025-01-26T22:55:29.359+0000] {standard_task_runner.py:105} INFO - Job 775: Subtask excel_to_mysql_stock_capro
[2025-01-26T22:55:32.811+0000] {task_command.py:467} INFO - Running <TaskInstance: excel_to_mysql_stock_capro.excel_to_mysql_stock_capro manual__2025-01-26T22:55:25.971598+00:00 [running]> on host 340d747f4248
[2025-01-26T22:55:33.152+0000] {taskinstance.py:3132} INFO - Exporting env vars: AIRFLOW_CTX_DAG_OWNER='***' AIRFLOW_CTX_DAG_ID='excel_to_mysql_stock_capro' AIRFLOW_CTX_TASK_ID='excel_to_mysql_stock_capro' AIRFLOW_CTX_EXECUTION_DATE='2025-01-26T22:55:25.971598+00:00' AIRFLOW_CTX_TRY_NUMBER='1' AIRFLOW_CTX_DAG_RUN_ID='manual__2025-01-26T22:55:25.971598+00:00'
[2025-01-26T22:55:33.155+0000] {logging_mixin.py:190} INFO - Task instance is in running state
[2025-01-26T22:55:33.156+0000] {logging_mixin.py:190} INFO -  Previous state of the Task instance: queued
[2025-01-26T22:55:33.157+0000] {logging_mixin.py:190} INFO - Current task name:excel_to_mysql_stock_capro state:running start_date:2025-01-26 22:55:29.294965+00:00
[2025-01-26T22:55:33.158+0000] {logging_mixin.py:190} INFO - Dag name:excel_to_mysql_stock_capro and current dag run status:running
[2025-01-26T22:55:33.161+0000] {taskinstance.py:731} INFO - ::endgroup::
[2025-01-26T22:55:33.165+0000] {logging_mixin.py:190} INFO - borisss C:\\Users\\HP\\Documents\\TextimportationPython\\files\log.txt
[2025-01-26T22:55:33.168+0000] {python.py:240} INFO - Done. Returned value was: None
[2025-01-26T22:55:33.191+0000] {taskinstance.py:340} INFO - ::group::Post task execution logs
[2025-01-26T22:55:33.193+0000] {taskinstance.py:352} INFO - Marking task as SUCCESS. dag_id=excel_to_mysql_stock_capro, task_id=excel_to_mysql_stock_capro, run_id=manual__2025-01-26T22:55:25.971598+00:00, execution_date=20250126T225525, start_date=20250126T225529, end_date=20250126T225533
[2025-01-26T22:55:33.225+0000] {logging_mixin.py:190} INFO - Task instance in success state
[2025-01-26T22:55:33.229+0000] {logging_mixin.py:190} INFO -  Previous state of the Task instance: running
[2025-01-26T22:55:33.230+0000] {logging_mixin.py:190} INFO - Dag name:excel_to_mysql_stock_capro queued_at:2025-01-26 22:55:26.016681+00:00
[2025-01-26T22:55:33.231+0000] {logging_mixin.py:190} INFO - Task hostname:340d747f4248 operator:PythonOperator
[2025-01-26T22:55:33.307+0000] {local_task_job_runner.py:266} INFO - Task exited with return code 0
[2025-01-26T22:55:33.774+0000] {taskinstance.py:3895} INFO - 0 downstream tasks scheduled from follow-on schedule check
[2025-01-26T22:55:33.777+0000] {local_task_job_runner.py:245} INFO - ::endgroup::
