[2025-02-06T16:17:18.195+0000] {local_task_job_runner.py:123} INFO - ::group::Pre task execution logs
[2025-02-06T16:17:18.338+0000] {taskinstance.py:2613} INFO - Dependencies all met for dep_context=non-requeueable deps ti=<TaskInstance: directory_and_file_verification_dag.check_directory manual__2025-02-06T16:17:15.999162+00:00 [queued]>
[2025-02-06T16:17:18.349+0000] {taskinstance.py:2613} INFO - Dependencies all met for dep_context=requeueable deps ti=<TaskInstance: directory_and_file_verification_dag.check_directory manual__2025-02-06T16:17:15.999162+00:00 [queued]>
[2025-02-06T16:17:18.350+0000] {taskinstance.py:2866} INFO - Starting attempt 1 of 1
[2025-02-06T16:17:18.366+0000] {taskinstance.py:2889} INFO - Executing <Task(BranchPythonOperator): check_directory> on 2025-02-06 16:17:15.999162+00:00
[2025-02-06T16:17:18.374+0000] {warnings.py:112} WARNING - /home/***/.local/lib/python3.12/site-packages/***/task/task_runner/standard_task_runner.py:70: DeprecationWarning: This process (pid=5285) is multi-threaded, use of fork() may lead to deadlocks in the child.
  pid = os.fork()

[2025-02-06T16:17:18.376+0000] {standard_task_runner.py:72} INFO - Started process 5287 to run task
[2025-02-06T16:17:18.376+0000] {standard_task_runner.py:104} INFO - Running: ['***', 'tasks', 'run', 'directory_and_file_verification_dag', 'check_directory', 'manual__2025-02-06T16:17:15.999162+00:00', '--job-id', '620', '--raw', '--subdir', 'DAGS_FOLDER/my_directory_and_file_checker.py', '--cfg-path', '/tmp/tmpjtoemd71']
[2025-02-06T16:17:18.377+0000] {standard_task_runner.py:105} INFO - Job 620: Subtask check_directory
[2025-02-06T16:17:18.430+0000] {task_command.py:467} INFO - Running <TaskInstance: directory_and_file_verification_dag.check_directory manual__2025-02-06T16:17:15.999162+00:00 [running]> on host 003b7fbea265
[2025-02-06T16:17:18.507+0000] {taskinstance.py:3132} INFO - Exporting env vars: AIRFLOW_CTX_DAG_OWNER='***' AIRFLOW_CTX_DAG_ID='directory_and_file_verification_dag' AIRFLOW_CTX_TASK_ID='check_directory' AIRFLOW_CTX_EXECUTION_DATE='2025-02-06T16:17:15.999162+00:00' AIRFLOW_CTX_TRY_NUMBER='1' AIRFLOW_CTX_DAG_RUN_ID='manual__2025-02-06T16:17:15.999162+00:00'
[2025-02-06T16:17:18.508+0000] {logging_mixin.py:190} INFO - Task instance is in running state
[2025-02-06T16:17:18.508+0000] {logging_mixin.py:190} INFO -  Previous state of the Task instance: queued
[2025-02-06T16:17:18.509+0000] {logging_mixin.py:190} INFO - Current task name:check_directory state:running start_date:2025-02-06 16:17:18.339505+00:00
[2025-02-06T16:17:18.509+0000] {logging_mixin.py:190} INFO - Dag name:directory_and_file_verification_dag and current dag run status:running
[2025-02-06T16:17:18.510+0000] {taskinstance.py:731} INFO - ::endgroup::
[2025-02-06T16:17:18.511+0000] {baseoperator.py:421} WARNING - BranchPythonOperator.execute cannot be called outside TaskInstance!
[2025-02-06T16:17:18.513+0000] {logging_mixin.py:190} INFO - borusss ['error_date_execution.txt', 'statu_date_execution.txt', 'succes_date_execution.txt', 'test', 'Écritures comptables article.csv.bak', 'Écritures.csv', 'Écritures.csv.bak']
[2025-02-06T16:17:18.514+0000] {python.py:240} INFO - Done. Returned value was: check_file_in_directory
[2025-02-06T16:17:18.514+0000] {branch.py:38} INFO - Branch into check_file_in_directory
[2025-02-06T16:17:18.515+0000] {skipmixin.py:230} INFO - Following branch ('check_file_in_directory',)
[2025-02-06T16:17:18.527+0000] {skipmixin.py:278} INFO - Skipping tasks []
[2025-02-06T16:17:18.555+0000] {taskinstance.py:340} INFO - ::group::Post task execution logs
[2025-02-06T16:17:18.556+0000] {taskinstance.py:352} INFO - Marking task as SUCCESS. dag_id=directory_and_file_verification_dag, task_id=check_directory, run_id=manual__2025-02-06T16:17:15.999162+00:00, execution_date=20250206T161715, start_date=20250206T161718, end_date=20250206T161718
[2025-02-06T16:17:18.566+0000] {logging_mixin.py:190} INFO - Task instance in success state
[2025-02-06T16:17:18.567+0000] {logging_mixin.py:190} INFO -  Previous state of the Task instance: running
[2025-02-06T16:17:18.567+0000] {logging_mixin.py:190} INFO - Dag name:directory_and_file_verification_dag queued_at:2025-02-06 16:17:16.011167+00:00
[2025-02-06T16:17:18.568+0000] {logging_mixin.py:190} INFO - Task hostname:003b7fbea265 operator:BranchPythonOperator
[2025-02-06T16:17:18.591+0000] {local_task_job_runner.py:266} INFO - Task exited with return code 0
[2025-02-06T16:17:18.624+0000] {taskinstance.py:3895} INFO - 1 downstream tasks scheduled from follow-on schedule check
[2025-02-06T16:17:18.627+0000] {local_task_job_runner.py:245} INFO - ::endgroup::
