[2025-02-12T09:32:02.973+0000] {local_task_job_runner.py:123} INFO - ::group::Pre task execution logs
[2025-02-12T09:32:03.093+0000] {taskinstance.py:2613} INFO - Dependencies all met for dep_context=non-requeueable deps ti=<TaskInstance: IMPORTATION_ECRITURE_COMPTABLES_ARTICLE_dag.check_file_in_directory scheduled__2025-02-12T09:31:00+00:00 [queued]>
[2025-02-12T09:32:03.101+0000] {taskinstance.py:2613} INFO - Dependencies all met for dep_context=requeueable deps ti=<TaskInstance: IMPORTATION_ECRITURE_COMPTABLES_ARTICLE_dag.check_file_in_directory scheduled__2025-02-12T09:31:00+00:00 [queued]>
[2025-02-12T09:32:03.101+0000] {taskinstance.py:2866} INFO - Starting attempt 1 of 2
[2025-02-12T09:32:03.113+0000] {taskinstance.py:2889} INFO - Executing <Task(BranchPythonOperator): check_file_in_directory> on 2025-02-12 09:31:00+00:00
[2025-02-12T09:32:03.119+0000] {warnings.py:112} WARNING - /home/***/.local/lib/python3.12/site-packages/***/task/task_runner/standard_task_runner.py:70: DeprecationWarning: This process (pid=889) is multi-threaded, use of fork() may lead to deadlocks in the child.
  pid = os.fork()

[2025-02-12T09:32:03.121+0000] {standard_task_runner.py:72} INFO - Started process 891 to run task
[2025-02-12T09:32:03.120+0000] {standard_task_runner.py:104} INFO - Running: ['***', 'tasks', 'run', 'IMPORTATION_ECRITURE_COMPTABLES_ARTICLE_dag', 'check_file_in_directory', 'scheduled__2025-02-12T09:31:00+00:00', '--job-id', '3793', '--raw', '--subdir', 'DAGS_FOLDER/my_directory_and_file_checker.py', '--cfg-path', '/tmp/tmp4mkvs2ft']
[2025-02-12T09:32:03.122+0000] {standard_task_runner.py:105} INFO - Job 3793: Subtask check_file_in_directory
[2025-02-12T09:32:03.160+0000] {task_command.py:467} INFO - Running <TaskInstance: IMPORTATION_ECRITURE_COMPTABLES_ARTICLE_dag.check_file_in_directory scheduled__2025-02-12T09:31:00+00:00 [running]> on host b6443be51f35
[2025-02-12T09:32:03.227+0000] {taskinstance.py:3132} INFO - Exporting env vars: AIRFLOW_CTX_DAG_OWNER='***' AIRFLOW_CTX_DAG_ID='IMPORTATION_ECRITURE_COMPTABLES_ARTICLE_dag' AIRFLOW_CTX_TASK_ID='check_file_in_directory' AIRFLOW_CTX_EXECUTION_DATE='2025-02-12T09:31:00+00:00' AIRFLOW_CTX_TRY_NUMBER='1' AIRFLOW_CTX_DAG_RUN_ID='scheduled__2025-02-12T09:31:00+00:00'
[2025-02-12T09:32:03.228+0000] {logging_mixin.py:190} INFO - Task instance is in running state
[2025-02-12T09:32:03.229+0000] {logging_mixin.py:190} INFO -  Previous state of the Task instance: queued
[2025-02-12T09:32:03.230+0000] {logging_mixin.py:190} INFO - Current task name:check_file_in_directory state:running start_date:2025-02-12 09:32:03.093947+00:00
[2025-02-12T09:32:03.230+0000] {logging_mixin.py:190} INFO - Dag name:IMPORTATION_ECRITURE_COMPTABLES_ARTICLE_dag and current dag run status:running
[2025-02-12T09:32:03.231+0000] {taskinstance.py:731} INFO - ::endgroup::
[2025-02-12T09:32:03.232+0000] {baseoperator.py:421} WARNING - BranchPythonOperator.execute cannot be called outside TaskInstance!
[2025-02-12T09:32:03.232+0000] {logging_mixin.py:190} INFO - ca marche /opt/***/files/in ['.csv']
[2025-02-12T09:32:03.235+0000] {python.py:240} INFO - Done. Returned value was: verify_file_reliability
[2025-02-12T09:32:03.236+0000] {branch.py:38} INFO - Branch into verify_file_reliability
[2025-02-12T09:32:03.236+0000] {skipmixin.py:230} INFO - Following branch ('verify_file_reliability',)
[2025-02-12T09:32:03.244+0000] {skipmixin.py:278} INFO - Skipping tasks []
[2025-02-12T09:32:03.266+0000] {taskinstance.py:340} INFO - ::group::Post task execution logs
[2025-02-12T09:32:03.267+0000] {taskinstance.py:352} INFO - Marking task as SUCCESS. dag_id=IMPORTATION_ECRITURE_COMPTABLES_ARTICLE_dag, task_id=check_file_in_directory, run_id=scheduled__2025-02-12T09:31:00+00:00, execution_date=20250212T093100, start_date=20250212T093203, end_date=20250212T093203
[2025-02-12T09:32:03.275+0000] {logging_mixin.py:190} INFO - Task instance in success state
[2025-02-12T09:32:03.275+0000] {logging_mixin.py:190} INFO -  Previous state of the Task instance: running
[2025-02-12T09:32:03.276+0000] {logging_mixin.py:190} INFO - Dag name:IMPORTATION_ECRITURE_COMPTABLES_ARTICLE_dag queued_at:2025-02-12 09:32:00.038565+00:00
[2025-02-12T09:32:03.277+0000] {logging_mixin.py:190} INFO - Task hostname:b6443be51f35 operator:BranchPythonOperator
[2025-02-12T09:32:03.296+0000] {local_task_job_runner.py:266} INFO - Task exited with return code 0
[2025-02-12T09:32:03.323+0000] {taskinstance.py:3895} INFO - 1 downstream tasks scheduled from follow-on schedule check
[2025-02-12T09:32:03.326+0000] {local_task_job_runner.py:245} INFO - ::endgroup::
[2025-02-12T09:32:51.544+0000] {local_task_job_runner.py:123} INFO - ::group::Pre task execution logs
[2025-02-12T09:32:51.578+0000] {taskinstance.py:2613} INFO - Dependencies all met for dep_context=non-requeueable deps ti=<TaskInstance: IMPORTATION_ECRITURE_COMPTABLES_ARTICLE_dag.check_file_in_directory scheduled__2025-02-12T09:31:00+00:00 [queued]>
[2025-02-12T09:32:51.776+0000] {taskinstance.py:2613} INFO - Dependencies all met for dep_context=requeueable deps ti=<TaskInstance: IMPORTATION_ECRITURE_COMPTABLES_ARTICLE_dag.check_file_in_directory scheduled__2025-02-12T09:31:00+00:00 [queued]>
[2025-02-12T09:32:51.777+0000] {taskinstance.py:2866} INFO - Starting attempt 1 of 2
[2025-02-12T09:32:51.795+0000] {taskinstance.py:2889} INFO - Executing <Task(BranchPythonOperator): check_file_in_directory> on 2025-02-12 09:31:00+00:00
[2025-02-12T09:32:51.807+0000] {warnings.py:112} WARNING - /home/***/.local/lib/python3.12/site-packages/***/task/task_runner/standard_task_runner.py:70: DeprecationWarning: This process (pid=920) is multi-threaded, use of fork() may lead to deadlocks in the child.
  pid = os.fork()

[2025-02-12T09:32:51.811+0000] {standard_task_runner.py:72} INFO - Started process 924 to run task
[2025-02-12T09:32:51.812+0000] {standard_task_runner.py:104} INFO - Running: ['***', 'tasks', 'run', 'IMPORTATION_ECRITURE_COMPTABLES_ARTICLE_dag', 'check_file_in_directory', 'scheduled__2025-02-12T09:31:00+00:00', '--job-id', '3799', '--raw', '--subdir', 'DAGS_FOLDER/my_directory_and_file_checker.py', '--cfg-path', '/tmp/tmpkm_gy2wh']
[2025-02-12T09:32:51.813+0000] {standard_task_runner.py:105} INFO - Job 3799: Subtask check_file_in_directory
[2025-02-12T09:32:51.878+0000] {task_command.py:467} INFO - Running <TaskInstance: IMPORTATION_ECRITURE_COMPTABLES_ARTICLE_dag.check_file_in_directory scheduled__2025-02-12T09:31:00+00:00 [running]> on host b6443be51f35
[2025-02-12T09:32:51.977+0000] {taskinstance.py:3132} INFO - Exporting env vars: AIRFLOW_CTX_DAG_OWNER='***' AIRFLOW_CTX_DAG_ID='IMPORTATION_ECRITURE_COMPTABLES_ARTICLE_dag' AIRFLOW_CTX_TASK_ID='check_file_in_directory' AIRFLOW_CTX_EXECUTION_DATE='2025-02-12T09:31:00+00:00' AIRFLOW_CTX_TRY_NUMBER='1' AIRFLOW_CTX_DAG_RUN_ID='scheduled__2025-02-12T09:31:00+00:00'
[2025-02-12T09:32:51.978+0000] {logging_mixin.py:190} INFO - Task instance is in running state
[2025-02-12T09:32:51.979+0000] {logging_mixin.py:190} INFO -  Previous state of the Task instance: queued
[2025-02-12T09:32:51.980+0000] {logging_mixin.py:190} INFO - Current task name:check_file_in_directory state:running start_date:2025-02-12 09:32:51.579271+00:00
[2025-02-12T09:32:51.980+0000] {logging_mixin.py:190} INFO - Dag name:IMPORTATION_ECRITURE_COMPTABLES_ARTICLE_dag and current dag run status:running
[2025-02-12T09:32:51.981+0000] {taskinstance.py:731} INFO - ::endgroup::
[2025-02-12T09:32:51.982+0000] {baseoperator.py:421} WARNING - BranchPythonOperator.execute cannot be called outside TaskInstance!
[2025-02-12T09:32:51.982+0000] {logging_mixin.py:190} INFO - ca marche /opt/***/files/in ['.csv']
[2025-02-12T09:32:51.984+0000] {python.py:240} INFO - Done. Returned value was: verify_file_reliability
[2025-02-12T09:32:51.985+0000] {branch.py:38} INFO - Branch into verify_file_reliability
[2025-02-12T09:32:51.985+0000] {skipmixin.py:230} INFO - Following branch ('verify_file_reliability',)
[2025-02-12T09:32:52.006+0000] {skipmixin.py:278} INFO - Skipping tasks []
[2025-02-12T09:32:52.035+0000] {taskinstance.py:340} INFO - ::group::Post task execution logs
[2025-02-12T09:32:52.036+0000] {taskinstance.py:352} INFO - Marking task as SUCCESS. dag_id=IMPORTATION_ECRITURE_COMPTABLES_ARTICLE_dag, task_id=check_file_in_directory, run_id=scheduled__2025-02-12T09:31:00+00:00, execution_date=20250212T093100, start_date=20250212T093251, end_date=20250212T093252
[2025-02-12T09:32:52.046+0000] {logging_mixin.py:190} INFO - Task instance in success state
[2025-02-12T09:32:52.047+0000] {logging_mixin.py:190} INFO -  Previous state of the Task instance: running
[2025-02-12T09:32:52.047+0000] {logging_mixin.py:190} INFO - Dag name:IMPORTATION_ECRITURE_COMPTABLES_ARTICLE_dag queued_at:2025-02-12 09:32:46.551158+00:00
[2025-02-12T09:32:52.048+0000] {logging_mixin.py:190} INFO - Task hostname:b6443be51f35 operator:BranchPythonOperator
[2025-02-12T09:32:52.067+0000] {local_task_job_runner.py:266} INFO - Task exited with return code 0
[2025-02-12T09:32:52.102+0000] {taskinstance.py:3895} INFO - 1 downstream tasks scheduled from follow-on schedule check
[2025-02-12T09:32:52.104+0000] {local_task_job_runner.py:245} INFO - ::endgroup::
