[2025-02-13T15:02:04.247+0000] {local_task_job_runner.py:123} INFO - ::group::Pre task execution logs
[2025-02-13T15:02:04.420+0000] {taskinstance.py:2613} INFO - Dependencies all met for dep_context=non-requeueable deps ti=<TaskInstance: IMPORTATION_ECRITURE_COMPTABLES_ARTICLE_dag.check_file_in_directory scheduled__2025-02-13T15:01:00+00:00 [queued]>
[2025-02-13T15:02:04.432+0000] {taskinstance.py:2613} INFO - Dependencies all met for dep_context=requeueable deps ti=<TaskInstance: IMPORTATION_ECRITURE_COMPTABLES_ARTICLE_dag.check_file_in_directory scheduled__2025-02-13T15:01:00+00:00 [queued]>
[2025-02-13T15:02:04.434+0000] {taskinstance.py:2866} INFO - Starting attempt 1 of 2
[2025-02-13T15:02:04.448+0000] {taskinstance.py:2889} INFO - Executing <Task(BranchPythonOperator): check_file_in_directory> on 2025-02-13 15:01:00+00:00
[2025-02-13T15:02:04.456+0000] {warnings.py:112} WARNING - /home/***/.local/lib/python3.12/site-packages/***/task/task_runner/standard_task_runner.py:70: DeprecationWarning: This process (pid=13953) is multi-threaded, use of fork() may lead to deadlocks in the child.
  pid = os.fork()

[2025-02-13T15:02:04.458+0000] {standard_task_runner.py:72} INFO - Started process 13955 to run task
[2025-02-13T15:02:04.459+0000] {standard_task_runner.py:104} INFO - Running: ['***', 'tasks', 'run', 'IMPORTATION_ECRITURE_COMPTABLES_ARTICLE_dag', 'check_file_in_directory', 'scheduled__2025-02-13T15:01:00+00:00', '--job-id', '7420', '--raw', '--subdir', 'DAGS_FOLDER/my_directory_and_file_checker.py', '--cfg-path', '/tmp/tmpaaohw0s5']
[2025-02-13T15:02:04.461+0000] {standard_task_runner.py:105} INFO - Job 7420: Subtask check_file_in_directory
[2025-02-13T15:02:04.513+0000] {task_command.py:467} INFO - Running <TaskInstance: IMPORTATION_ECRITURE_COMPTABLES_ARTICLE_dag.check_file_in_directory scheduled__2025-02-13T15:01:00+00:00 [running]> on host b6443be51f35
[2025-02-13T15:02:04.615+0000] {taskinstance.py:3132} INFO - Exporting env vars: AIRFLOW_CTX_DAG_OWNER='***' AIRFLOW_CTX_DAG_ID='IMPORTATION_ECRITURE_COMPTABLES_ARTICLE_dag' AIRFLOW_CTX_TASK_ID='check_file_in_directory' AIRFLOW_CTX_EXECUTION_DATE='2025-02-13T15:01:00+00:00' AIRFLOW_CTX_TRY_NUMBER='1' AIRFLOW_CTX_DAG_RUN_ID='scheduled__2025-02-13T15:01:00+00:00'
[2025-02-13T15:02:04.617+0000] {logging_mixin.py:190} INFO - Task instance is in running state
[2025-02-13T15:02:04.618+0000] {logging_mixin.py:190} INFO -  Previous state of the Task instance: queued
[2025-02-13T15:02:04.619+0000] {logging_mixin.py:190} INFO - Current task name:check_file_in_directory state:running start_date:2025-02-13 15:02:04.421676+00:00
[2025-02-13T15:02:04.620+0000] {logging_mixin.py:190} INFO - Dag name:IMPORTATION_ECRITURE_COMPTABLES_ARTICLE_dag and current dag run status:running
[2025-02-13T15:02:04.620+0000] {taskinstance.py:731} INFO - ::endgroup::
[2025-02-13T15:02:04.621+0000] {baseoperator.py:421} WARNING - BranchPythonOperator.execute cannot be called outside TaskInstance!
[2025-02-13T15:02:04.622+0000] {logging_mixin.py:190} INFO - ca marche /opt/***/files/in ['.csv']
[2025-02-13T15:02:04.626+0000] {python.py:240} INFO - Done. Returned value was: verify_file_reliability
[2025-02-13T15:02:04.627+0000] {branch.py:38} INFO - Branch into verify_file_reliability
[2025-02-13T15:02:04.628+0000] {skipmixin.py:230} INFO - Following branch ('verify_file_reliability',)
[2025-02-13T15:02:04.639+0000] {skipmixin.py:278} INFO - Skipping tasks []
[2025-02-13T15:02:04.665+0000] {taskinstance.py:340} INFO - ::group::Post task execution logs
[2025-02-13T15:02:04.666+0000] {taskinstance.py:352} INFO - Marking task as SUCCESS. dag_id=IMPORTATION_ECRITURE_COMPTABLES_ARTICLE_dag, task_id=check_file_in_directory, run_id=scheduled__2025-02-13T15:01:00+00:00, execution_date=20250213T150100, start_date=20250213T150204, end_date=20250213T150204
[2025-02-13T15:02:04.675+0000] {logging_mixin.py:190} INFO - Task instance in success state
[2025-02-13T15:02:04.676+0000] {logging_mixin.py:190} INFO -  Previous state of the Task instance: running
[2025-02-13T15:02:04.677+0000] {logging_mixin.py:190} INFO - Dag name:IMPORTATION_ECRITURE_COMPTABLES_ARTICLE_dag queued_at:2025-02-13 15:02:00.113270+00:00
[2025-02-13T15:02:04.677+0000] {logging_mixin.py:190} INFO - Task hostname:b6443be51f35 operator:BranchPythonOperator
[2025-02-13T15:02:04.715+0000] {local_task_job_runner.py:266} INFO - Task exited with return code 0
[2025-02-13T15:02:04.744+0000] {taskinstance.py:3895} INFO - 1 downstream tasks scheduled from follow-on schedule check
[2025-02-13T15:02:04.747+0000] {local_task_job_runner.py:245} INFO - ::endgroup::
