[2025-02-07T22:23:40.142+0000] {local_task_job_runner.py:123} INFO - ::group::Pre task execution logs
[2025-02-07T22:23:40.337+0000] {taskinstance.py:2613} INFO - Dependencies all met for dep_context=non-requeueable deps ti=<TaskInstance: directory_and_file_verification_dag.verify_file_reliability scheduled__2025-02-07T00:10:00+00:00 [queued]>
[2025-02-07T22:23:41.039+0000] {taskinstance.py:2613} INFO - Dependencies all met for dep_context=requeueable deps ti=<TaskInstance: directory_and_file_verification_dag.verify_file_reliability scheduled__2025-02-07T00:10:00+00:00 [queued]>
[2025-02-07T22:23:41.043+0000] {taskinstance.py:2866} INFO - Starting attempt 1 of 1
[2025-02-07T22:23:41.202+0000] {taskinstance.py:2889} INFO - Executing <Task(BranchPythonOperator): verify_file_reliability> on 2025-02-07 00:10:00+00:00
[2025-02-07T22:23:41.222+0000] {warnings.py:112} WARNING - /home/***/.local/lib/python3.12/site-packages/***/task/task_runner/standard_task_runner.py:70: DeprecationWarning: This process (pid=19301) is multi-threaded, use of fork() may lead to deadlocks in the child.
  pid = os.fork()

[2025-02-07T22:23:41.239+0000] {standard_task_runner.py:72} INFO - Started process 19340 to run task
[2025-02-07T22:23:41.356+0000] {standard_task_runner.py:104} INFO - Running: ['***', 'tasks', 'run', 'directory_and_file_verification_dag', 'verify_file_reliability', 'scheduled__2025-02-07T00:10:00+00:00', '--job-id', '925', '--raw', '--subdir', 'DAGS_FOLDER/my_directory_and_file_checker.py', '--cfg-path', '/tmp/tmpnzfgo1bn']
[2025-02-07T22:23:41.366+0000] {standard_task_runner.py:105} INFO - Job 925: Subtask verify_file_reliability
[2025-02-07T22:23:43.436+0000] {task_command.py:467} INFO - Running <TaskInstance: directory_and_file_verification_dag.verify_file_reliability scheduled__2025-02-07T00:10:00+00:00 [running]> on host 003b7fbea265
[2025-02-07T22:23:45.797+0000] {taskinstance.py:3132} INFO - Exporting env vars: AIRFLOW_CTX_DAG_OWNER='***' AIRFLOW_CTX_DAG_ID='directory_and_file_verification_dag' AIRFLOW_CTX_TASK_ID='verify_file_reliability' AIRFLOW_CTX_EXECUTION_DATE='2025-02-07T00:10:00+00:00' AIRFLOW_CTX_TRY_NUMBER='1' AIRFLOW_CTX_DAG_RUN_ID='scheduled__2025-02-07T00:10:00+00:00'
[2025-02-07T22:23:45.812+0000] {logging_mixin.py:190} INFO - Task instance is in running state
[2025-02-07T22:23:45.829+0000] {logging_mixin.py:190} INFO -  Previous state of the Task instance: queued
[2025-02-07T22:23:45.858+0000] {logging_mixin.py:190} INFO - Current task name:verify_file_reliability state:running start_date:2025-02-07 22:23:40.365871+00:00
[2025-02-07T22:23:45.871+0000] {logging_mixin.py:190} INFO - Dag name:directory_and_file_verification_dag and current dag run status:running
[2025-02-07T22:23:45.876+0000] {taskinstance.py:731} INFO - ::endgroup::
[2025-02-07T22:23:45.880+0000] {baseoperator.py:421} WARNING - BranchPythonOperator.execute cannot be called outside TaskInstance!
[2025-02-07T22:23:46.136+0000] {my_directory_and_file_checker.py:103} ERROR - ❌ Erreur d'encodage (utf-8) pour Écritures.csv: 'utf-8' codec can't decode byte 0xb0 in position 1: invalid start byte
[2025-02-07T22:23:46.475+0000] {logging_mixin.py:190} INFO - 
📂 Contenu du fichier (ISO-8859-1): Écritures.csv
[2025-02-07T22:23:46.562+0000] {logging_mixin.py:190} INFO -   Date comptabilisation       N° lot Type écriture
0            31/12/2024  A-BNDK 2304    Production
1            31/12/2024  B-BNDK 2304    Production
2            31/12/2024  C-BNDK 2304    Production
3            31/12/2024  D-BNDK 2304    Production
4            31/12/2024  E-BNDK 2304    Production
[2025-02-07T22:23:46.623+0000] {logging_mixin.py:190} INFO - borisPanda3 <class 'pandas.core.frame.DataFrame'>   Accounting_Date   Lot_Number Type_ecriture
0      31/12/2024  A-BNDK 2304    Production
1      31/12/2024  B-BNDK 2304    Production
2      31/12/2024  C-BNDK 2304    Production
3      31/12/2024  D-BNDK 2304    Production
4      31/12/2024  E-BNDK 2304    Production
[2025-02-07T22:25:14.445+0000] {job.py:229} INFO - Heartbeat recovered after 13.36 seconds
[2025-02-07T22:27:26.289+0000] {job.py:229} INFO - Heartbeat recovered after 12.48 seconds
[2025-02-07T22:27:36.356+0000] {job.py:229} INFO - Heartbeat recovered after 15.07 seconds
[2025-02-07T22:28:13.111+0000] {job.py:229} INFO - Heartbeat recovered after 11.32 seconds
[2025-02-07T22:28:18.308+0000] {job.py:229} INFO - Heartbeat recovered after 10.82 seconds
[2025-02-07T22:30:01.812+0000] {logging_mixin.py:190} INFO - ✅Lignes  ('✅ Le fichier respecte les colonnes attendues et les types de données.', True) 9854
[2025-02-07T22:30:01.820+0000] {logging_mixin.py:190} INFO - merci
[2025-02-07T22:30:01.883+0000] {base.py:84} INFO - Retrieving connection 'mysql_conn'
[2025-02-07T22:30:01.987+0000] {logging_mixin.py:190} INFO - (('attendancedb',), ('caprostockdb',), ('information_schema',), ('mysql',), ('netvision_db',), ('performance_schema',), ('pointing_db',), ('posgpt_db',), ('pythondb',), ('sys',), ('testimportdb',))
[2025-02-07T22:31:03.058+0000] {logging_mixin.py:190} INFO - ⚠️ Données supprimées avant insertion.
[2025-02-07T22:31:08.183+0000] {sql.py:691} INFO - Loaded 1000 rows into temp_ecc so far
[2025-02-07T22:31:13.392+0000] {sql.py:691} INFO - Loaded 2000 rows into temp_ecc so far
[2025-02-07T22:31:15.929+0000] {sql.py:691} INFO - Loaded 3000 rows into temp_ecc so far
[2025-02-07T22:31:18.559+0000] {sql.py:691} INFO - Loaded 4000 rows into temp_ecc so far
[2025-02-07T22:31:21.333+0000] {sql.py:691} INFO - Loaded 5000 rows into temp_ecc so far
[2025-02-07T22:31:25.293+0000] {sql.py:691} INFO - Loaded 6000 rows into temp_ecc so far
[2025-02-07T22:31:31.021+0000] {sql.py:691} INFO - Loaded 7000 rows into temp_ecc so far
[2025-02-07T22:31:36.149+0000] {sql.py:691} INFO - Loaded 8000 rows into temp_ecc so far
[2025-02-07T22:31:40.545+0000] {sql.py:691} INFO - Loaded 9000 rows into temp_ecc so far
[2025-02-07T22:31:44.512+0000] {sql.py:694} INFO - Done loading. Loaded a total of 9854 rows into temp_ecc
[2025-02-07T22:31:44.516+0000] {logging_mixin.py:190} INFO - connexion sql reussie True
[2025-02-07T22:31:44.540+0000] {logging_mixin.py:190} INFO - Afficher   Accounting_Date   Lot_Number Type_ecriture
0      2024-12-31  A-BNDK 2304    Production
1      2024-12-31  B-BNDK 2304    Production
2      2024-12-31  C-BNDK 2304    Production
3      2024-12-31  D-BNDK 2304    Production
4      2024-12-31  E-BNDK 2304    Production
[2025-02-07T22:31:44.542+0000] {python.py:240} INFO - Done. Returned value was: end
[2025-02-07T22:31:44.548+0000] {branch.py:38} INFO - Branch into end
[2025-02-07T22:31:44.553+0000] {skipmixin.py:230} INFO - Following branch ('end',)
[2025-02-07T22:31:44.609+0000] {skipmixin.py:278} INFO - Skipping tasks []
[2025-02-07T22:31:44.739+0000] {taskinstance.py:340} INFO - ::group::Post task execution logs
[2025-02-07T22:31:44.751+0000] {taskinstance.py:352} INFO - Marking task as SUCCESS. dag_id=directory_and_file_verification_dag, task_id=verify_file_reliability, run_id=scheduled__2025-02-07T00:10:00+00:00, execution_date=20250207T001000, start_date=20250207T222340, end_date=20250207T223144
[2025-02-07T22:31:44.840+0000] {logging_mixin.py:190} INFO - Task instance in success state
[2025-02-07T22:31:44.842+0000] {logging_mixin.py:190} INFO -  Previous state of the Task instance: running
[2025-02-07T22:31:44.843+0000] {logging_mixin.py:190} INFO - Dag name:directory_and_file_verification_dag queued_at:2025-02-07 22:21:17.324406+00:00
[2025-02-07T22:31:44.845+0000] {logging_mixin.py:190} INFO - Task hostname:003b7fbea265 operator:BranchPythonOperator
[2025-02-07T22:31:44.954+0000] {local_task_job_runner.py:266} INFO - Task exited with return code 0
[2025-02-07T22:31:45.003+0000] {local_task_job_runner.py:245} INFO - ::endgroup::
