[2025-02-10T01:29:15.563+0000] {local_task_job_runner.py:123} INFO - ::group::Pre task execution logs
[2025-02-10T01:29:15.579+0000] {taskinstance.py:2613} INFO - Dependencies all met for dep_context=non-requeueable deps ti=<TaskInstance: directory_and_file_verification_dag.check_directory manual__2025-02-10T01:29:13.829677+00:00 [queued]>
[2025-02-10T01:29:15.587+0000] {taskinstance.py:2613} INFO - Dependencies all met for dep_context=requeueable deps ti=<TaskInstance: directory_and_file_verification_dag.check_directory manual__2025-02-10T01:29:13.829677+00:00 [queued]>
[2025-02-10T01:29:15.588+0000] {taskinstance.py:2866} INFO - Starting attempt 1 of 1
[2025-02-10T01:29:15.603+0000] {taskinstance.py:2889} INFO - Executing <Task(BranchPythonOperator): check_directory> on 2025-02-10 01:29:13.829677+00:00
[2025-02-10T01:29:15.610+0000] {warnings.py:112} WARNING - /home/***/.local/lib/python3.12/site-packages/***/task/task_runner/standard_task_runner.py:70: DeprecationWarning: This process (pid=1478) is multi-threaded, use of fork() may lead to deadlocks in the child.
  pid = os.fork()

[2025-02-10T01:29:15.612+0000] {standard_task_runner.py:72} INFO - Started process 1480 to run task
[2025-02-10T01:29:15.612+0000] {standard_task_runner.py:104} INFO - Running: ['***', 'tasks', 'run', 'directory_and_file_verification_dag', 'check_directory', 'manual__2025-02-10T01:29:13.829677+00:00', '--job-id', '225', '--raw', '--subdir', 'DAGS_FOLDER/my_directory_and_file_checker.py', '--cfg-path', '/tmp/tmp_kicqnk8']
[2025-02-10T01:29:15.613+0000] {standard_task_runner.py:105} INFO - Job 225: Subtask check_directory
[2025-02-10T01:29:15.661+0000] {task_command.py:467} INFO - Running <TaskInstance: directory_and_file_verification_dag.check_directory manual__2025-02-10T01:29:13.829677+00:00 [running]> on host b6443be51f35
[2025-02-10T01:29:15.961+0000] {taskinstance.py:3132} INFO - Exporting env vars: AIRFLOW_CTX_DAG_OWNER='***' AIRFLOW_CTX_DAG_ID='directory_and_file_verification_dag' AIRFLOW_CTX_TASK_ID='check_directory' AIRFLOW_CTX_EXECUTION_DATE='2025-02-10T01:29:13.829677+00:00' AIRFLOW_CTX_TRY_NUMBER='1' AIRFLOW_CTX_DAG_RUN_ID='manual__2025-02-10T01:29:13.829677+00:00'
[2025-02-10T01:29:15.962+0000] {logging_mixin.py:190} INFO - Task instance is in running state
[2025-02-10T01:29:15.963+0000] {logging_mixin.py:190} INFO -  Previous state of the Task instance: queued
[2025-02-10T01:29:15.963+0000] {logging_mixin.py:190} INFO - Current task name:check_directory state:running start_date:2025-02-10 01:29:15.580829+00:00
[2025-02-10T01:29:15.964+0000] {logging_mixin.py:190} INFO - Dag name:directory_and_file_verification_dag and current dag run status:running
[2025-02-10T01:29:15.965+0000] {taskinstance.py:731} INFO - ::endgroup::
[2025-02-10T01:29:15.965+0000] {baseoperator.py:421} WARNING - BranchPythonOperator.execute cannot be called outside TaskInstance!
[2025-02-10T01:29:15.967+0000] {python.py:240} INFO - Done. Returned value was: check_file_in_directory
[2025-02-10T01:29:15.967+0000] {branch.py:38} INFO - Branch into check_file_in_directory
[2025-02-10T01:29:15.968+0000] {skipmixin.py:230} INFO - Following branch ('check_file_in_directory',)
[2025-02-10T01:29:16.181+0000] {skipmixin.py:278} INFO - Skipping tasks []
[2025-02-10T01:29:16.206+0000] {taskinstance.py:340} INFO - ::group::Post task execution logs
[2025-02-10T01:29:16.207+0000] {taskinstance.py:352} INFO - Marking task as SUCCESS. dag_id=directory_and_file_verification_dag, task_id=check_directory, run_id=manual__2025-02-10T01:29:13.829677+00:00, execution_date=20250210T012913, start_date=20250210T012915, end_date=20250210T012916
[2025-02-10T01:29:16.216+0000] {logging_mixin.py:190} INFO - Task instance in success state
[2025-02-10T01:29:16.216+0000] {logging_mixin.py:190} INFO -  Previous state of the Task instance: running
[2025-02-10T01:29:16.217+0000] {logging_mixin.py:190} INFO - Dag name:directory_and_file_verification_dag queued_at:2025-02-10 01:29:13.842221+00:00
[2025-02-10T01:29:16.217+0000] {logging_mixin.py:190} INFO - Task hostname:b6443be51f35 operator:BranchPythonOperator
[2025-02-10T01:29:16.269+0000] {local_task_job_runner.py:266} INFO - Task exited with return code 0
[2025-02-10T01:29:16.298+0000] {taskinstance.py:3895} INFO - 1 downstream tasks scheduled from follow-on schedule check
[2025-02-10T01:29:16.301+0000] {local_task_job_runner.py:245} INFO - ::endgroup::
