[2025-02-08T16:13:01.039+0000] {local_task_job_runner.py:123} INFO - ::group::Pre task execution logs
[2025-02-08T16:13:01.060+0000] {taskinstance.py:2613} INFO - Dependencies all met for dep_context=non-requeueable deps ti=<TaskInstance: directory_and_file_verification_dag.verify_file_reliability manual__2025-02-08T16:12:53.570852+00:00 [queued]>
[2025-02-08T16:13:01.071+0000] {taskinstance.py:2613} INFO - Dependencies all met for dep_context=requeueable deps ti=<TaskInstance: directory_and_file_verification_dag.verify_file_reliability manual__2025-02-08T16:12:53.570852+00:00 [queued]>
[2025-02-08T16:13:01.072+0000] {taskinstance.py:2866} INFO - Starting attempt 1 of 1
[2025-02-08T16:13:01.086+0000] {taskinstance.py:2889} INFO - Executing <Task(BranchPythonOperator): verify_file_reliability> on 2025-02-08 16:12:53.570852+00:00
[2025-02-08T16:13:01.094+0000] {warnings.py:112} WARNING - /home/***/.local/lib/python3.12/site-packages/***/task/task_runner/standard_task_runner.py:70: DeprecationWarning: This process (pid=3865) is multi-threaded, use of fork() may lead to deadlocks in the child.
  pid = os.fork()

[2025-02-08T16:13:01.095+0000] {standard_task_runner.py:72} INFO - Started process 3867 to run task
[2025-02-08T16:13:01.096+0000] {standard_task_runner.py:104} INFO - Running: ['***', 'tasks', 'run', 'directory_and_file_verification_dag', 'verify_file_reliability', 'manual__2025-02-08T16:12:53.570852+00:00', '--job-id', '1287', '--raw', '--subdir', 'DAGS_FOLDER/my_directory_and_file_checker.py', '--cfg-path', '/tmp/tmptndv1yb2']
[2025-02-08T16:13:01.097+0000] {standard_task_runner.py:105} INFO - Job 1287: Subtask verify_file_reliability
[2025-02-08T16:13:01.142+0000] {task_command.py:467} INFO - Running <TaskInstance: directory_and_file_verification_dag.verify_file_reliability manual__2025-02-08T16:12:53.570852+00:00 [running]> on host 003b7fbea265
[2025-02-08T16:13:01.420+0000] {taskinstance.py:3132} INFO - Exporting env vars: AIRFLOW_CTX_DAG_OWNER='***' AIRFLOW_CTX_DAG_ID='directory_and_file_verification_dag' AIRFLOW_CTX_TASK_ID='verify_file_reliability' AIRFLOW_CTX_EXECUTION_DATE='2025-02-08T16:12:53.570852+00:00' AIRFLOW_CTX_TRY_NUMBER='1' AIRFLOW_CTX_DAG_RUN_ID='manual__2025-02-08T16:12:53.570852+00:00'
[2025-02-08T16:13:01.421+0000] {logging_mixin.py:190} INFO - Task instance is in running state
[2025-02-08T16:13:01.422+0000] {logging_mixin.py:190} INFO -  Previous state of the Task instance: queued
[2025-02-08T16:13:01.423+0000] {logging_mixin.py:190} INFO - Current task name:verify_file_reliability state:running start_date:2025-02-08 16:13:01.061649+00:00
[2025-02-08T16:13:01.423+0000] {logging_mixin.py:190} INFO - Dag name:directory_and_file_verification_dag and current dag run status:running
[2025-02-08T16:13:01.425+0000] {taskinstance.py:731} INFO - ::endgroup::
[2025-02-08T16:13:01.425+0000] {baseoperator.py:421} WARNING - BranchPythonOperator.execute cannot be called outside TaskInstance!
[2025-02-08T16:13:01.426+0000] {logging_mixin.py:190} INFO - camarche22 /opt/***/files ['.csv'] ['utf-8', 'ISO-8859-1', 'Windows-1252']
[2025-02-08T16:13:01.437+0000] {my_directory_and_file_checker.py:105} ERROR - ❌ Erreur d'encodage (utf-8) pour Écritures.csv: 'utf-8' codec can't decode byte 0xb0 in position 1: invalid start byte
[2025-02-08T16:13:01.460+0000] {logging_mixin.py:190} INFO - 
📂 Contenu du fichier (ISO-8859-1): Écritures.csv
[2025-02-08T16:13:01.468+0000] {logging_mixin.py:190} INFO -   Date comptabilisation       N° lot Type écriture
0            31/12/2024  A-BNDK 2304    Production
1            31/12/2024  B-BNDK 2304    Production
2            31/12/2024  C-BNDK 2304    Production
3            31/12/2024  D-BNDK 2304    Production
4            31/12/2024  E-BNDK 2304    Production
[2025-02-08T16:13:01.469+0000] {logging_mixin.py:190} INFO - ttttttttt <class 'dict'>
[2025-02-08T16:13:01.470+0000] {logging_mixin.py:190} INFO - ttttttttt2 {'Date comptabilisation': 'Accounting_Date', 'N° lot': 'Lot_Number', 'Type écriture': 'Type_ecriture'}
[2025-02-08T16:13:01.471+0000] {logging_mixin.py:190} INFO - ttttttttt8 ['Accounting_Date', 'Lot_Number', 'Type_ecriture']
[2025-02-08T16:13:01.472+0000] {logging_mixin.py:190} INFO - tttttttt78 Index(['Accounting_Date', 'Lot_Number', 'Type_ecriture'], dtype='object')
[2025-02-08T16:13:01.472+0000] {logging_mixin.py:190} INFO - ❌ Colonnes manquantes : Date comptabilisation, Type écriture, N° lot
[2025-02-08T16:13:01.473+0000] {logging_mixin.py:190} INFO - ❌ BORISColonnes manquantes : Accounting_Date, Lot_Number, Type_ecriture
[2025-02-08T16:13:01.474+0000] {logging_mixin.py:190} INFO - /opt/***/files/Écritures.csv Écritures.csv  non traité Boris None
[2025-02-08T16:13:01.475+0000] {python.py:240} INFO - Done. Returned value was: None
[2025-02-08T16:13:01.476+0000] {branch.py:38} INFO - Branch into None
[2025-02-08T16:13:01.477+0000] {skipmixin.py:230} INFO - Following branch ()
[2025-02-08T16:13:01.488+0000] {skipmixin.py:278} INFO - Skipping tasks [('end', -1)]
[2025-02-08T16:13:01.514+0000] {taskinstance.py:340} INFO - ::group::Post task execution logs
[2025-02-08T16:13:01.515+0000] {taskinstance.py:352} INFO - Marking task as SUCCESS. dag_id=directory_and_file_verification_dag, task_id=verify_file_reliability, run_id=manual__2025-02-08T16:12:53.570852+00:00, execution_date=20250208T161253, start_date=20250208T161301, end_date=20250208T161301
[2025-02-08T16:13:01.527+0000] {logging_mixin.py:190} INFO - Task instance in success state
[2025-02-08T16:13:01.528+0000] {logging_mixin.py:190} INFO -  Previous state of the Task instance: running
[2025-02-08T16:13:01.529+0000] {logging_mixin.py:190} INFO - Dag name:directory_and_file_verification_dag queued_at:2025-02-08 16:12:53.585274+00:00
[2025-02-08T16:13:01.529+0000] {logging_mixin.py:190} INFO - Task hostname:003b7fbea265 operator:BranchPythonOperator
[2025-02-08T16:13:01.552+0000] {local_task_job_runner.py:266} INFO - Task exited with return code 0
[2025-02-08T16:13:01.570+0000] {taskinstance.py:3895} INFO - 0 downstream tasks scheduled from follow-on schedule check
[2025-02-08T16:13:01.573+0000] {local_task_job_runner.py:245} INFO - ::endgroup::
