[2025-02-14T13:53:04.681+0000] {local_task_job_runner.py:123} INFO - ::group::Pre task execution logs
[2025-02-14T13:53:04.842+0000] {taskinstance.py:2613} INFO - Dependencies all met for dep_context=non-requeueable deps ti=<TaskInstance: IMPORTATION_ECRITURE_COMPTABLES_ARTICLE_dag.check_file_in_directory scheduled__2025-02-14T13:52:00+00:00 [queued]>
[2025-02-14T13:53:04.854+0000] {taskinstance.py:2613} INFO - Dependencies all met for dep_context=requeueable deps ti=<TaskInstance: IMPORTATION_ECRITURE_COMPTABLES_ARTICLE_dag.check_file_in_directory scheduled__2025-02-14T13:52:00+00:00 [queued]>
[2025-02-14T13:53:04.855+0000] {taskinstance.py:2866} INFO - Starting attempt 1 of 2
[2025-02-14T13:53:04.873+0000] {taskinstance.py:2889} INFO - Executing <Task(BranchPythonOperator): check_file_in_directory> on 2025-02-14 13:52:00+00:00
[2025-02-14T13:53:04.880+0000] {warnings.py:112} WARNING - /home/***/.local/lib/python3.12/site-packages/***/task/task_runner/standard_task_runner.py:70: DeprecationWarning: This process (pid=3215) is multi-threaded, use of fork() may lead to deadlocks in the child.
  pid = os.fork()

[2025-02-14T13:53:04.883+0000] {standard_task_runner.py:104} INFO - Running: ['***', 'tasks', 'run', 'IMPORTATION_ECRITURE_COMPTABLES_ARTICLE_dag', 'check_file_in_directory', 'scheduled__2025-02-14T13:52:00+00:00', '--job-id', '10030', '--raw', '--subdir', 'DAGS_FOLDER/my_directory_and_file_checker.py', '--cfg-path', '/tmp/tmp6ljjzq4m']
[2025-02-14T13:53:04.884+0000] {standard_task_runner.py:72} INFO - Started process 3217 to run task
[2025-02-14T13:53:04.885+0000] {standard_task_runner.py:105} INFO - Job 10030: Subtask check_file_in_directory
[2025-02-14T13:53:04.935+0000] {task_command.py:467} INFO - Running <TaskInstance: IMPORTATION_ECRITURE_COMPTABLES_ARTICLE_dag.check_file_in_directory scheduled__2025-02-14T13:52:00+00:00 [running]> on host b6443be51f35
[2025-02-14T13:53:05.039+0000] {taskinstance.py:3132} INFO - Exporting env vars: AIRFLOW_CTX_DAG_OWNER='***' AIRFLOW_CTX_DAG_ID='IMPORTATION_ECRITURE_COMPTABLES_ARTICLE_dag' AIRFLOW_CTX_TASK_ID='check_file_in_directory' AIRFLOW_CTX_EXECUTION_DATE='2025-02-14T13:52:00+00:00' AIRFLOW_CTX_TRY_NUMBER='1' AIRFLOW_CTX_DAG_RUN_ID='scheduled__2025-02-14T13:52:00+00:00'
[2025-02-14T13:53:05.041+0000] {logging_mixin.py:190} INFO - Task instance is in running state
[2025-02-14T13:53:05.041+0000] {logging_mixin.py:190} INFO -  Previous state of the Task instance: queued
[2025-02-14T13:53:05.042+0000] {logging_mixin.py:190} INFO - Current task name:check_file_in_directory state:running start_date:2025-02-14 13:53:04.843088+00:00
[2025-02-14T13:53:05.042+0000] {logging_mixin.py:190} INFO - Dag name:IMPORTATION_ECRITURE_COMPTABLES_ARTICLE_dag and current dag run status:running
[2025-02-14T13:53:05.043+0000] {taskinstance.py:731} INFO - ::endgroup::
[2025-02-14T13:53:05.043+0000] {baseoperator.py:421} WARNING - BranchPythonOperator.execute cannot be called outside TaskInstance!
[2025-02-14T13:53:05.045+0000] {logging_mixin.py:190} INFO - 🔍 Vérification du répertoire: /opt/***/files/in
[2025-02-14T13:53:05.049+0000] {logging_mixin.py:190} INFO - 📂 Fichiers trouvés: ['Écritures comptables article (14).csv']
[2025-02-14T13:53:05.050+0000] {python.py:240} INFO - Done. Returned value was: verify_file_reliability
[2025-02-14T13:53:05.050+0000] {branch.py:38} INFO - Branch into verify_file_reliability
[2025-02-14T13:53:05.051+0000] {skipmixin.py:230} INFO - Following branch ('verify_file_reliability',)
[2025-02-14T13:53:05.063+0000] {skipmixin.py:278} INFO - Skipping tasks []
[2025-02-14T13:53:05.097+0000] {taskinstance.py:340} INFO - ::group::Post task execution logs
[2025-02-14T13:53:05.098+0000] {taskinstance.py:352} INFO - Marking task as SUCCESS. dag_id=IMPORTATION_ECRITURE_COMPTABLES_ARTICLE_dag, task_id=check_file_in_directory, run_id=scheduled__2025-02-14T13:52:00+00:00, execution_date=20250214T135200, start_date=20250214T135304, end_date=20250214T135305
[2025-02-14T13:53:05.112+0000] {logging_mixin.py:190} INFO - Task instance in success state
[2025-02-14T13:53:05.112+0000] {logging_mixin.py:190} INFO -  Previous state of the Task instance: running
[2025-02-14T13:53:05.113+0000] {logging_mixin.py:190} INFO - Dag name:IMPORTATION_ECRITURE_COMPTABLES_ARTICLE_dag queued_at:2025-02-14 13:53:00.760355+00:00
[2025-02-14T13:53:05.114+0000] {logging_mixin.py:190} INFO - Task hostname:b6443be51f35 operator:BranchPythonOperator
[2025-02-14T13:53:05.140+0000] {local_task_job_runner.py:266} INFO - Task exited with return code 0
[2025-02-14T13:53:05.176+0000] {taskinstance.py:3895} INFO - 1 downstream tasks scheduled from follow-on schedule check
[2025-02-14T13:53:05.179+0000] {local_task_job_runner.py:245} INFO - ::endgroup::
