[2025-02-10T22:47:01.901+0000] {local_task_job_runner.py:123} INFO - ::group::Pre task execution logs
[2025-02-10T22:47:02.015+0000] {taskinstance.py:2613} INFO - Dependencies all met for dep_context=non-requeueable deps ti=<TaskInstance: IMPORTATION_ECRITURE_COMPTABLES_ARTICLE_dag.check_directory scheduled__2025-02-10T22:46:00+00:00 [queued]>
[2025-02-10T22:47:02.022+0000] {taskinstance.py:2613} INFO - Dependencies all met for dep_context=requeueable deps ti=<TaskInstance: IMPORTATION_ECRITURE_COMPTABLES_ARTICLE_dag.check_directory scheduled__2025-02-10T22:46:00+00:00 [queued]>
[2025-02-10T22:47:02.023+0000] {taskinstance.py:2866} INFO - Starting attempt 1 of 2
[2025-02-10T22:47:02.035+0000] {taskinstance.py:2889} INFO - Executing <Task(BranchPythonOperator): check_directory> on 2025-02-10 22:46:00+00:00
[2025-02-10T22:47:02.040+0000] {warnings.py:112} WARNING - /home/***/.local/lib/python3.12/site-packages/***/task/task_runner/standard_task_runner.py:70: DeprecationWarning: This process (pid=700) is multi-threaded, use of fork() may lead to deadlocks in the child.
  pid = os.fork()

[2025-02-10T22:47:02.042+0000] {standard_task_runner.py:72} INFO - Started process 702 to run task
[2025-02-10T22:47:02.042+0000] {standard_task_runner.py:104} INFO - Running: ['***', 'tasks', 'run', 'IMPORTATION_ECRITURE_COMPTABLES_ARTICLE_dag', 'check_directory', 'scheduled__2025-02-10T22:46:00+00:00', '--job-id', '1305', '--raw', '--subdir', 'DAGS_FOLDER/my_directory_and_file_checker.py', '--cfg-path', '/tmp/tmpdfohrgsh']
[2025-02-10T22:47:02.043+0000] {standard_task_runner.py:105} INFO - Job 1305: Subtask check_directory
[2025-02-10T22:47:02.082+0000] {task_command.py:467} INFO - Running <TaskInstance: IMPORTATION_ECRITURE_COMPTABLES_ARTICLE_dag.check_directory scheduled__2025-02-10T22:46:00+00:00 [running]> on host b6443be51f35
[2025-02-10T22:47:02.148+0000] {taskinstance.py:3132} INFO - Exporting env vars: AIRFLOW_CTX_DAG_OWNER='***' AIRFLOW_CTX_DAG_ID='IMPORTATION_ECRITURE_COMPTABLES_ARTICLE_dag' AIRFLOW_CTX_TASK_ID='check_directory' AIRFLOW_CTX_EXECUTION_DATE='2025-02-10T22:46:00+00:00' AIRFLOW_CTX_TRY_NUMBER='1' AIRFLOW_CTX_DAG_RUN_ID='scheduled__2025-02-10T22:46:00+00:00'
[2025-02-10T22:47:02.149+0000] {logging_mixin.py:190} INFO - Task instance is in running state
[2025-02-10T22:47:02.150+0000] {logging_mixin.py:190} INFO -  Previous state of the Task instance: queued
[2025-02-10T22:47:02.150+0000] {logging_mixin.py:190} INFO - Current task name:check_directory state:running start_date:2025-02-10 22:47:02.016588+00:00
[2025-02-10T22:47:02.151+0000] {logging_mixin.py:190} INFO - Dag name:IMPORTATION_ECRITURE_COMPTABLES_ARTICLE_dag and current dag run status:running
[2025-02-10T22:47:02.152+0000] {taskinstance.py:731} INFO - ::endgroup::
[2025-02-10T22:47:02.152+0000] {baseoperator.py:421} WARNING - BranchPythonOperator.execute cannot be called outside TaskInstance!
[2025-02-10T22:47:02.154+0000] {python.py:240} INFO - Done. Returned value was: check_file_in_directory
[2025-02-10T22:47:02.154+0000] {branch.py:38} INFO - Branch into check_file_in_directory
[2025-02-10T22:47:02.155+0000] {skipmixin.py:230} INFO - Following branch ('check_file_in_directory',)
[2025-02-10T22:47:02.163+0000] {skipmixin.py:278} INFO - Skipping tasks []
[2025-02-10T22:47:02.185+0000] {taskinstance.py:340} INFO - ::group::Post task execution logs
[2025-02-10T22:47:02.186+0000] {taskinstance.py:352} INFO - Marking task as SUCCESS. dag_id=IMPORTATION_ECRITURE_COMPTABLES_ARTICLE_dag, task_id=check_directory, run_id=scheduled__2025-02-10T22:46:00+00:00, execution_date=20250210T224600, start_date=20250210T224702, end_date=20250210T224702
[2025-02-10T22:47:02.193+0000] {logging_mixin.py:190} INFO - Task instance in success state
[2025-02-10T22:47:02.194+0000] {logging_mixin.py:190} INFO -  Previous state of the Task instance: running
[2025-02-10T22:47:02.194+0000] {logging_mixin.py:190} INFO - Dag name:IMPORTATION_ECRITURE_COMPTABLES_ARTICLE_dag queued_at:2025-02-10 22:47:00.732930+00:00
[2025-02-10T22:47:02.195+0000] {logging_mixin.py:190} INFO - Task hostname:b6443be51f35 operator:BranchPythonOperator
[2025-02-10T22:47:02.217+0000] {local_task_job_runner.py:266} INFO - Task exited with return code 0
[2025-02-10T22:47:02.240+0000] {taskinstance.py:3895} INFO - 1 downstream tasks scheduled from follow-on schedule check
[2025-02-10T22:47:02.242+0000] {local_task_job_runner.py:245} INFO - ::endgroup::
[2025-02-10T22:47:54.342+0000] {local_task_job_runner.py:123} INFO - ::group::Pre task execution logs
[2025-02-10T22:47:54.482+0000] {taskinstance.py:2613} INFO - Dependencies all met for dep_context=non-requeueable deps ti=<TaskInstance: IMPORTATION_ECRITURE_COMPTABLES_ARTICLE_dag.check_directory scheduled__2025-02-10T22:46:00+00:00 [queued]>
[2025-02-10T22:47:54.490+0000] {taskinstance.py:2613} INFO - Dependencies all met for dep_context=requeueable deps ti=<TaskInstance: IMPORTATION_ECRITURE_COMPTABLES_ARTICLE_dag.check_directory scheduled__2025-02-10T22:46:00+00:00 [queued]>
[2025-02-10T22:47:54.491+0000] {taskinstance.py:2866} INFO - Starting attempt 1 of 2
[2025-02-10T22:47:54.504+0000] {taskinstance.py:2889} INFO - Executing <Task(BranchPythonOperator): check_directory> on 2025-02-10 22:46:00+00:00
[2025-02-10T22:47:54.509+0000] {warnings.py:112} WARNING - /home/***/.local/lib/python3.12/site-packages/***/task/task_runner/standard_task_runner.py:70: DeprecationWarning: This process (pid=738) is multi-threaded, use of fork() may lead to deadlocks in the child.
  pid = os.fork()

[2025-02-10T22:47:54.510+0000] {standard_task_runner.py:72} INFO - Started process 740 to run task
[2025-02-10T22:47:54.511+0000] {standard_task_runner.py:104} INFO - Running: ['***', 'tasks', 'run', 'IMPORTATION_ECRITURE_COMPTABLES_ARTICLE_dag', 'check_directory', 'scheduled__2025-02-10T22:46:00+00:00', '--job-id', '1311', '--raw', '--subdir', 'DAGS_FOLDER/my_directory_and_file_checker.py', '--cfg-path', '/tmp/tmph3enzom2']
[2025-02-10T22:47:54.513+0000] {standard_task_runner.py:105} INFO - Job 1311: Subtask check_directory
[2025-02-10T22:47:54.564+0000] {task_command.py:467} INFO - Running <TaskInstance: IMPORTATION_ECRITURE_COMPTABLES_ARTICLE_dag.check_directory scheduled__2025-02-10T22:46:00+00:00 [running]> on host b6443be51f35
[2025-02-10T22:47:54.637+0000] {taskinstance.py:3132} INFO - Exporting env vars: AIRFLOW_CTX_DAG_OWNER='***' AIRFLOW_CTX_DAG_ID='IMPORTATION_ECRITURE_COMPTABLES_ARTICLE_dag' AIRFLOW_CTX_TASK_ID='check_directory' AIRFLOW_CTX_EXECUTION_DATE='2025-02-10T22:46:00+00:00' AIRFLOW_CTX_TRY_NUMBER='1' AIRFLOW_CTX_DAG_RUN_ID='scheduled__2025-02-10T22:46:00+00:00'
[2025-02-10T22:47:54.638+0000] {logging_mixin.py:190} INFO - Task instance is in running state
[2025-02-10T22:47:54.639+0000] {logging_mixin.py:190} INFO -  Previous state of the Task instance: queued
[2025-02-10T22:47:54.640+0000] {logging_mixin.py:190} INFO - Current task name:check_directory state:running start_date:2025-02-10 22:47:54.483651+00:00
[2025-02-10T22:47:54.640+0000] {logging_mixin.py:190} INFO - Dag name:IMPORTATION_ECRITURE_COMPTABLES_ARTICLE_dag and current dag run status:running
[2025-02-10T22:47:54.641+0000] {taskinstance.py:731} INFO - ::endgroup::
[2025-02-10T22:47:54.642+0000] {baseoperator.py:421} WARNING - BranchPythonOperator.execute cannot be called outside TaskInstance!
[2025-02-10T22:47:54.643+0000] {python.py:240} INFO - Done. Returned value was: check_file_in_directory
[2025-02-10T22:47:54.643+0000] {branch.py:38} INFO - Branch into check_file_in_directory
[2025-02-10T22:47:54.644+0000] {skipmixin.py:230} INFO - Following branch ('check_file_in_directory',)
[2025-02-10T22:47:54.657+0000] {skipmixin.py:278} INFO - Skipping tasks []
[2025-02-10T22:47:54.686+0000] {taskinstance.py:340} INFO - ::group::Post task execution logs
[2025-02-10T22:47:54.687+0000] {taskinstance.py:352} INFO - Marking task as SUCCESS. dag_id=IMPORTATION_ECRITURE_COMPTABLES_ARTICLE_dag, task_id=check_directory, run_id=scheduled__2025-02-10T22:46:00+00:00, execution_date=20250210T224600, start_date=20250210T224754, end_date=20250210T224754
[2025-02-10T22:47:54.696+0000] {logging_mixin.py:190} INFO - Task instance in success state
[2025-02-10T22:47:54.697+0000] {logging_mixin.py:190} INFO -  Previous state of the Task instance: running
[2025-02-10T22:47:54.697+0000] {logging_mixin.py:190} INFO - Dag name:IMPORTATION_ECRITURE_COMPTABLES_ARTICLE_dag queued_at:2025-02-10 22:47:52.863412+00:00
[2025-02-10T22:47:54.698+0000] {logging_mixin.py:190} INFO - Task hostname:b6443be51f35 operator:BranchPythonOperator
[2025-02-10T22:47:54.726+0000] {local_task_job_runner.py:266} INFO - Task exited with return code 0
[2025-02-10T22:47:54.766+0000] {taskinstance.py:3895} INFO - 1 downstream tasks scheduled from follow-on schedule check
[2025-02-10T22:47:54.769+0000] {local_task_job_runner.py:245} INFO - ::endgroup::
