[2025-02-09T20:35:51.676+0000] {local_task_job_runner.py:123} INFO - ::group::Pre task execution logs
[2025-02-09T20:35:51.735+0000] {taskinstance.py:2613} INFO - Dependencies all met for dep_context=non-requeueable deps ti=<TaskInstance: directory_and_file_verification_dag.verify_file_reliability manual__2025-02-09T20:35:37.422539+00:00 [queued]>
[2025-02-09T20:35:52.051+0000] {taskinstance.py:2613} INFO - Dependencies all met for dep_context=requeueable deps ti=<TaskInstance: directory_and_file_verification_dag.verify_file_reliability manual__2025-02-09T20:35:37.422539+00:00 [queued]>
[2025-02-09T20:35:52.052+0000] {taskinstance.py:2866} INFO - Starting attempt 1 of 1
[2025-02-09T20:35:52.077+0000] {taskinstance.py:2889} INFO - Executing <Task(BranchPythonOperator): verify_file_reliability> on 2025-02-09 20:35:37.422539+00:00
[2025-02-09T20:35:52.094+0000] {warnings.py:112} WARNING - /home/***/.local/lib/python3.12/site-packages/***/task/task_runner/standard_task_runner.py:70: DeprecationWarning: This process (pid=2680) is multi-threaded, use of fork() may lead to deadlocks in the child.
  pid = os.fork()

[2025-02-09T20:35:52.102+0000] {standard_task_runner.py:72} INFO - Started process 2682 to run task
[2025-02-09T20:35:52.098+0000] {standard_task_runner.py:104} INFO - Running: ['***', 'tasks', 'run', 'directory_and_file_verification_dag', 'verify_file_reliability', 'manual__2025-02-09T20:35:37.422539+00:00', '--job-id', '79', '--raw', '--subdir', 'DAGS_FOLDER/my_directory_and_file_checker.py', '--cfg-path', '/tmp/tmpk_c6xmj6']
[2025-02-09T20:35:52.107+0000] {standard_task_runner.py:105} INFO - Job 79: Subtask verify_file_reliability
[2025-02-09T20:35:52.225+0000] {task_command.py:467} INFO - Running <TaskInstance: directory_and_file_verification_dag.verify_file_reliability manual__2025-02-09T20:35:37.422539+00:00 [running]> on host b6443be51f35
[2025-02-09T20:35:52.455+0000] {taskinstance.py:3132} INFO - Exporting env vars: AIRFLOW_CTX_DAG_OWNER='***' AIRFLOW_CTX_DAG_ID='directory_and_file_verification_dag' AIRFLOW_CTX_TASK_ID='verify_file_reliability' AIRFLOW_CTX_EXECUTION_DATE='2025-02-09T20:35:37.422539+00:00' AIRFLOW_CTX_TRY_NUMBER='1' AIRFLOW_CTX_DAG_RUN_ID='manual__2025-02-09T20:35:37.422539+00:00'
[2025-02-09T20:35:52.459+0000] {logging_mixin.py:190} INFO - Task instance is in running state
[2025-02-09T20:35:52.460+0000] {logging_mixin.py:190} INFO -  Previous state of the Task instance: queued
[2025-02-09T20:35:52.462+0000] {logging_mixin.py:190} INFO - Current task name:verify_file_reliability state:running start_date:2025-02-09 20:35:51.736746+00:00
[2025-02-09T20:35:52.465+0000] {logging_mixin.py:190} INFO - Dag name:directory_and_file_verification_dag and current dag run status:running
[2025-02-09T20:35:52.468+0000] {taskinstance.py:731} INFO - ::endgroup::
[2025-02-09T20:35:52.471+0000] {baseoperator.py:421} WARNING - BranchPythonOperator.execute cannot be called outside TaskInstance!
[2025-02-09T20:35:52.472+0000] {logging_mixin.py:190} INFO - camarche22 /opt/***/files/in ['.csv'] ['utf-8', 'ISO-8859-1', 'Windows-1252']
[2025-02-09T20:35:52.544+0000] {logging_mixin.py:190} INFO - 
📂 Contenu du fichier (utf-8): Écritures comptables article.csv
[2025-02-09T20:35:52.571+0000] {logging_mixin.py:190} INFO -   Date comptabilisation      N° lot Type écriture N° document  N° séquence
0            16/12/2024         NaN         Vente   BL1900145        15735
1            16/12/2024         NaN         Vente      107012        15734
2            11/01/2025  16LABCDE24    Production   RPO000460        15733
3            11/01/2025  16LABCDE24    Production   RPO000460        15732
4            11/01/2025  16LABCDE24    Production   RPO000460        15731
[2025-02-09T20:35:52.599+0000] {logging_mixin.py:190} INFO - gaston   Date comptabilisation      N° lot Type écriture N° document  N° séquence
0            16/12/2024         NaN         Vente   BL1900145        15735
1            16/12/2024         NaN         Vente      107012        15734
2            11/01/2025  16LABCDE24    Production   RPO000460        15733
3            11/01/2025  16LABCDE24    Production   RPO000460        15732
4            11/01/2025  16LABCDE24    Production   RPO000460        15731
[2025-02-09T20:35:57.820+0000] {logging_mixin.py:190} INFO - ✅Lignes  ('✅ Le fichier respecte les colonnes attendues et les types de données.', True) 10923
[2025-02-09T20:35:57.833+0000] {logging_mixin.py:190} INFO - merci
[2025-02-09T20:35:57.860+0000] {base.py:84} INFO - Retrieving connection 'mysql_conn'
[2025-02-09T20:35:57.912+0000] {logging_mixin.py:190} INFO - (('attendancedb',), ('caprostockdb',), ('information_schema',), ('mysql',), ('netvision_db',), ('performance_schema',), ('pointing_db',), ('posgpt_db',), ('pythondb',), ('sys',), ('testimportdb',))
[2025-02-09T20:35:58.014+0000] {logging_mixin.py:190} INFO - ⚠️ Données supprimées avant insertion.
[2025-02-09T20:36:01.757+0000] {sql.py:691} INFO - Loaded 1000 rows into temp_ecc so far
[2025-02-09T20:36:06.589+0000] {sql.py:691} INFO - Loaded 2000 rows into temp_ecc so far
[2025-02-09T20:36:08.714+0000] {sql.py:691} INFO - Loaded 3000 rows into temp_ecc so far
[2025-02-09T20:36:10.307+0000] {sql.py:691} INFO - Loaded 4000 rows into temp_ecc so far
[2025-02-09T20:36:11.632+0000] {sql.py:691} INFO - Loaded 5000 rows into temp_ecc so far
[2025-02-09T20:36:12.782+0000] {sql.py:691} INFO - Loaded 6000 rows into temp_ecc so far
[2025-02-09T20:36:14.102+0000] {sql.py:691} INFO - Loaded 7000 rows into temp_ecc so far
[2025-02-09T20:36:16.207+0000] {sql.py:691} INFO - Loaded 8000 rows into temp_ecc so far
[2025-02-09T20:36:18.329+0000] {sql.py:691} INFO - Loaded 9000 rows into temp_ecc so far
[2025-02-09T20:36:20.495+0000] {sql.py:691} INFO - Loaded 10000 rows into temp_ecc so far
[2025-02-09T20:36:22.271+0000] {sql.py:694} INFO - Done loading. Loaded a total of 10923 rows into temp_ecc
[2025-02-09T20:36:22.275+0000] {logging_mixin.py:190} INFO - connexion sql reussie True
[2025-02-09T20:36:22.342+0000] {logging_mixin.py:190} INFO - ❌ Erreur lors du déplacement du fichier : [Errno 13] Permission denied: '/opt/***/files/in/Écritures comptables article.csv'
[2025-02-09T20:36:22.350+0000] {python.py:240} INFO - Done. Returned value was: end
[2025-02-09T20:36:22.352+0000] {branch.py:38} INFO - Branch into end
[2025-02-09T20:36:22.354+0000] {skipmixin.py:230} INFO - Following branch ('end',)
[2025-02-09T20:36:22.388+0000] {skipmixin.py:278} INFO - Skipping tasks []
[2025-02-09T20:36:22.436+0000] {taskinstance.py:340} INFO - ::group::Post task execution logs
[2025-02-09T20:36:22.438+0000] {taskinstance.py:352} INFO - Marking task as SUCCESS. dag_id=directory_and_file_verification_dag, task_id=verify_file_reliability, run_id=manual__2025-02-09T20:35:37.422539+00:00, execution_date=20250209T203537, start_date=20250209T203551, end_date=20250209T203622
[2025-02-09T20:36:22.464+0000] {logging_mixin.py:190} INFO - Task instance in success state
[2025-02-09T20:36:22.466+0000] {logging_mixin.py:190} INFO -  Previous state of the Task instance: running
[2025-02-09T20:36:22.467+0000] {logging_mixin.py:190} INFO - Dag name:directory_and_file_verification_dag queued_at:2025-02-09 20:35:37.447359+00:00
[2025-02-09T20:36:22.468+0000] {logging_mixin.py:190} INFO - Task hostname:b6443be51f35 operator:BranchPythonOperator
[2025-02-09T20:36:22.507+0000] {local_task_job_runner.py:266} INFO - Task exited with return code 0
[2025-02-09T20:36:22.553+0000] {taskinstance.py:3895} INFO - 0 downstream tasks scheduled from follow-on schedule check
[2025-02-09T20:36:22.556+0000] {local_task_job_runner.py:245} INFO - ::endgroup::
