[2025-02-10T15:16:05.009+0000] {local_task_job_runner.py:123} INFO - ::group::Pre task execution logs
[2025-02-10T15:16:05.206+0000] {taskinstance.py:2613} INFO - Dependencies all met for dep_context=non-requeueable deps ti=<TaskInstance: directory_and_file_verification_dag.import_temp_ecc_to_ecc scheduled__2025-02-10T15:14:00+00:00 [queued]>
[2025-02-10T15:16:05.217+0000] {taskinstance.py:2613} INFO - Dependencies all met for dep_context=requeueable deps ti=<TaskInstance: directory_and_file_verification_dag.import_temp_ecc_to_ecc scheduled__2025-02-10T15:14:00+00:00 [queued]>
[2025-02-10T15:16:05.218+0000] {taskinstance.py:2866} INFO - Starting attempt 1 of 2
[2025-02-10T15:16:05.234+0000] {taskinstance.py:2889} INFO - Executing <Task(BranchPythonOperator): import_temp_ecc_to_ecc> on 2025-02-10 15:14:00+00:00
[2025-02-10T15:16:05.242+0000] {warnings.py:112} WARNING - /home/***/.local/lib/python3.12/site-packages/***/task/task_runner/standard_task_runner.py:70: DeprecationWarning: This process (pid=6464) is multi-threaded, use of fork() may lead to deadlocks in the child.
  pid = os.fork()

[2025-02-10T15:16:05.244+0000] {standard_task_runner.py:72} INFO - Started process 6467 to run task
[2025-02-10T15:16:05.244+0000] {standard_task_runner.py:104} INFO - Running: ['***', 'tasks', 'run', 'directory_and_file_verification_dag', 'import_temp_ecc_to_ecc', 'scheduled__2025-02-10T15:14:00+00:00', '--job-id', '302', '--raw', '--subdir', 'DAGS_FOLDER/my_directory_and_file_checker.py', '--cfg-path', '/tmp/tmpu9772493']
[2025-02-10T15:16:05.246+0000] {standard_task_runner.py:105} INFO - Job 302: Subtask import_temp_ecc_to_ecc
[2025-02-10T15:16:05.296+0000] {task_command.py:467} INFO - Running <TaskInstance: directory_and_file_verification_dag.import_temp_ecc_to_ecc scheduled__2025-02-10T15:14:00+00:00 [running]> on host b6443be51f35
[2025-02-10T15:16:05.389+0000] {taskinstance.py:3132} INFO - Exporting env vars: AIRFLOW_CTX_DAG_OWNER='***' AIRFLOW_CTX_DAG_ID='directory_and_file_verification_dag' AIRFLOW_CTX_TASK_ID='import_temp_ecc_to_ecc' AIRFLOW_CTX_EXECUTION_DATE='2025-02-10T15:14:00+00:00' AIRFLOW_CTX_TRY_NUMBER='1' AIRFLOW_CTX_DAG_RUN_ID='scheduled__2025-02-10T15:14:00+00:00'
[2025-02-10T15:16:05.391+0000] {logging_mixin.py:190} INFO - Task instance is in running state
[2025-02-10T15:16:05.392+0000] {logging_mixin.py:190} INFO -  Previous state of the Task instance: queued
[2025-02-10T15:16:05.393+0000] {logging_mixin.py:190} INFO - Current task name:import_temp_ecc_to_ecc state:running start_date:2025-02-10 15:16:05.207541+00:00
[2025-02-10T15:16:05.393+0000] {logging_mixin.py:190} INFO - Dag name:directory_and_file_verification_dag and current dag run status:running
[2025-02-10T15:16:05.394+0000] {taskinstance.py:731} INFO - ::endgroup::
[2025-02-10T15:16:05.395+0000] {baseoperator.py:421} WARNING - BranchPythonOperator.execute cannot be called outside TaskInstance!
[2025-02-10T15:16:05.407+0000] {base.py:84} INFO - Retrieving connection 'mysql_conn'
[2025-02-10T15:16:05.424+0000] {sql.py:553} INFO - Running statement:  SELECT * FROM temp_ecc; , parameters: None
[2025-02-10T15:16:05.426+0000] {sql.py:562} INFO - Rows affected: 2
[2025-02-10T15:16:05.435+0000] {sql.py:553} INFO - Running statement: 
            DELETE FROM ecc WHERE id IN (%s, %s)
        , parameters: ['RPO00046015733', 'RPO00046015731']
[2025-02-10T15:16:05.437+0000] {sql.py:562} INFO - Rows affected: 2
[2025-02-10T15:16:05.448+0000] {sql.py:694} INFO - Done loading. Loaded a total of 2 rows into ecc
[2025-02-10T15:16:05.448+0000] {python.py:240} INFO - Done. Returned value was: end
[2025-02-10T15:16:05.449+0000] {branch.py:38} INFO - Branch into end
[2025-02-10T15:16:05.450+0000] {skipmixin.py:230} INFO - Following branch ('end',)
[2025-02-10T15:16:05.458+0000] {skipmixin.py:278} INFO - Skipping tasks []
[2025-02-10T15:16:05.488+0000] {taskinstance.py:340} INFO - ::group::Post task execution logs
[2025-02-10T15:16:05.489+0000] {taskinstance.py:352} INFO - Marking task as SUCCESS. dag_id=directory_and_file_verification_dag, task_id=import_temp_ecc_to_ecc, run_id=scheduled__2025-02-10T15:14:00+00:00, execution_date=20250210T151400, start_date=20250210T151605, end_date=20250210T151605
[2025-02-10T15:16:05.499+0000] {logging_mixin.py:190} INFO - Task instance in success state
[2025-02-10T15:16:05.500+0000] {logging_mixin.py:190} INFO -  Previous state of the Task instance: running
[2025-02-10T15:16:05.501+0000] {logging_mixin.py:190} INFO - Dag name:directory_and_file_verification_dag queued_at:2025-02-10 15:15:55.737957+00:00
[2025-02-10T15:16:05.501+0000] {logging_mixin.py:190} INFO - Task hostname:b6443be51f35 operator:BranchPythonOperator
[2025-02-10T15:16:05.540+0000] {local_task_job_runner.py:266} INFO - Task exited with return code 0
[2025-02-10T15:16:05.584+0000] {taskinstance.py:3895} INFO - 0 downstream tasks scheduled from follow-on schedule check
[2025-02-10T15:16:05.587+0000] {local_task_job_runner.py:245} INFO - ::endgroup::
