[2025-02-07T22:34:30.517+0000] {local_task_job_runner.py:123} INFO - ::group::Pre task execution logs
[2025-02-07T22:34:31.997+0000] {taskinstance.py:2613} INFO - Dependencies all met for dep_context=non-requeueable deps ti=<TaskInstance: directory_and_file_verification_dag.check_directory scheduled__2025-02-07T09:10:00+00:00 [queued]>
[2025-02-07T22:34:32.292+0000] {taskinstance.py:2613} INFO - Dependencies all met for dep_context=requeueable deps ti=<TaskInstance: directory_and_file_verification_dag.check_directory scheduled__2025-02-07T09:10:00+00:00 [queued]>
[2025-02-07T22:34:32.296+0000] {taskinstance.py:2866} INFO - Starting attempt 1 of 1
[2025-02-07T22:34:33.031+0000] {taskinstance.py:2889} INFO - Executing <Task(BranchPythonOperator): check_directory> on 2025-02-07 09:10:00+00:00
[2025-02-07T22:34:33.140+0000] {warnings.py:112} WARNING - /home/***/.local/lib/python3.12/site-packages/***/task/task_runner/standard_task_runner.py:70: DeprecationWarning: This process (pid=19770) is multi-threaded, use of fork() may lead to deadlocks in the child.
  pid = os.fork()

[2025-02-07T22:34:33.171+0000] {standard_task_runner.py:104} INFO - Running: ['***', 'tasks', 'run', 'directory_and_file_verification_dag', 'check_directory', 'scheduled__2025-02-07T09:10:00+00:00', '--job-id', '1013', '--raw', '--subdir', 'DAGS_FOLDER/my_directory_and_file_checker.py', '--cfg-path', '/tmp/tmpko7g2phy']
[2025-02-07T22:34:33.207+0000] {standard_task_runner.py:105} INFO - Job 1013: Subtask check_directory
[2025-02-07T22:34:33.189+0000] {standard_task_runner.py:72} INFO - Started process 19807 to run task
[2025-02-07T22:34:33.468+0000] {task_command.py:467} INFO - Running <TaskInstance: directory_and_file_verification_dag.check_directory scheduled__2025-02-07T09:10:00+00:00 [running]> on host 003b7fbea265
[2025-02-07T22:34:34.127+0000] {taskinstance.py:3132} INFO - Exporting env vars: AIRFLOW_CTX_DAG_OWNER='***' AIRFLOW_CTX_DAG_ID='directory_and_file_verification_dag' AIRFLOW_CTX_TASK_ID='check_directory' AIRFLOW_CTX_EXECUTION_DATE='2025-02-07T09:10:00+00:00' AIRFLOW_CTX_TRY_NUMBER='1' AIRFLOW_CTX_DAG_RUN_ID='scheduled__2025-02-07T09:10:00+00:00'
[2025-02-07T22:34:34.130+0000] {logging_mixin.py:190} INFO - Task instance is in running state
[2025-02-07T22:34:34.133+0000] {logging_mixin.py:190} INFO -  Previous state of the Task instance: queued
[2025-02-07T22:34:34.143+0000] {logging_mixin.py:190} INFO - Current task name:check_directory state:running start_date:2025-02-07 22:34:32.010852+00:00
[2025-02-07T22:34:34.145+0000] {logging_mixin.py:190} INFO - Dag name:directory_and_file_verification_dag and current dag run status:running
[2025-02-07T22:34:34.151+0000] {taskinstance.py:731} INFO - ::endgroup::
[2025-02-07T22:34:34.162+0000] {baseoperator.py:421} WARNING - BranchPythonOperator.execute cannot be called outside TaskInstance!
[2025-02-07T22:34:34.170+0000] {logging_mixin.py:190} INFO - borusss ['in', 'logs', 'out', 'statu_date_execution.txt', 'succes_date_execution.txt', 'test', 'Écritures - Copie.csv.bak', 'Écritures comptables article.csv.bak', 'Écritures.csv.bak']
[2025-02-07T22:34:34.179+0000] {python.py:240} INFO - Done. Returned value was: check_file_in_directory
[2025-02-07T22:34:34.184+0000] {branch.py:38} INFO - Branch into check_file_in_directory
[2025-02-07T22:34:34.196+0000] {skipmixin.py:230} INFO - Following branch ('check_file_in_directory',)
[2025-02-07T22:34:34.236+0000] {skipmixin.py:278} INFO - Skipping tasks []
[2025-02-07T22:34:34.355+0000] {taskinstance.py:340} INFO - ::group::Post task execution logs
[2025-02-07T22:34:34.362+0000] {taskinstance.py:352} INFO - Marking task as SUCCESS. dag_id=directory_and_file_verification_dag, task_id=check_directory, run_id=scheduled__2025-02-07T09:10:00+00:00, execution_date=20250207T091000, start_date=20250207T223432, end_date=20250207T223434
[2025-02-07T22:34:34.417+0000] {logging_mixin.py:190} INFO - Task instance in success state
[2025-02-07T22:34:34.424+0000] {logging_mixin.py:190} INFO -  Previous state of the Task instance: running
[2025-02-07T22:34:34.429+0000] {logging_mixin.py:190} INFO - Dag name:directory_and_file_verification_dag queued_at:2025-02-07 22:34:09.110411+00:00
[2025-02-07T22:34:34.430+0000] {logging_mixin.py:190} INFO - Task hostname:003b7fbea265 operator:BranchPythonOperator
[2025-02-07T22:34:34.511+0000] {local_task_job_runner.py:266} INFO - Task exited with return code 0
[2025-02-07T22:34:34.660+0000] {taskinstance.py:3895} INFO - 1 downstream tasks scheduled from follow-on schedule check
[2025-02-07T22:34:34.688+0000] {local_task_job_runner.py:245} INFO - ::endgroup::
