[2025-02-11T00:16:05.783+0000] {local_task_job_runner.py:123} INFO - ::group::Pre task execution logs
[2025-02-11T00:16:05.946+0000] {taskinstance.py:2613} INFO - Dependencies all met for dep_context=non-requeueable deps ti=<TaskInstance: IMPORTATION_ECRITURE_COMPTABLES_ARTICLE_dag.check_file_in_directory scheduled__2025-02-11T00:15:00+00:00 [queued]>
[2025-02-11T00:16:05.955+0000] {taskinstance.py:2613} INFO - Dependencies all met for dep_context=requeueable deps ti=<TaskInstance: IMPORTATION_ECRITURE_COMPTABLES_ARTICLE_dag.check_file_in_directory scheduled__2025-02-11T00:15:00+00:00 [queued]>
[2025-02-11T00:16:05.957+0000] {taskinstance.py:2866} INFO - Starting attempt 1 of 2
[2025-02-11T00:16:05.973+0000] {taskinstance.py:2889} INFO - Executing <Task(BranchPythonOperator): check_file_in_directory> on 2025-02-11 00:15:00+00:00
[2025-02-11T00:16:05.980+0000] {warnings.py:112} WARNING - /home/***/.local/lib/python3.12/site-packages/***/task/task_runner/standard_task_runner.py:70: DeprecationWarning: This process (pid=3289) is multi-threaded, use of fork() may lead to deadlocks in the child.
  pid = os.fork()

[2025-02-11T00:16:05.982+0000] {standard_task_runner.py:72} INFO - Started process 3291 to run task
[2025-02-11T00:16:05.982+0000] {standard_task_runner.py:104} INFO - Running: ['***', 'tasks', 'run', 'IMPORTATION_ECRITURE_COMPTABLES_ARTICLE_dag', 'check_file_in_directory', 'scheduled__2025-02-11T00:15:00+00:00', '--job-id', '1666', '--raw', '--subdir', 'DAGS_FOLDER/my_directory_and_file_checker.py', '--cfg-path', '/tmp/tmp9yglnzfa']
[2025-02-11T00:16:05.983+0000] {standard_task_runner.py:105} INFO - Job 1666: Subtask check_file_in_directory
[2025-02-11T00:16:06.035+0000] {task_command.py:467} INFO - Running <TaskInstance: IMPORTATION_ECRITURE_COMPTABLES_ARTICLE_dag.check_file_in_directory scheduled__2025-02-11T00:15:00+00:00 [running]> on host b6443be51f35
[2025-02-11T00:16:06.128+0000] {taskinstance.py:3132} INFO - Exporting env vars: AIRFLOW_CTX_DAG_OWNER='***' AIRFLOW_CTX_DAG_ID='IMPORTATION_ECRITURE_COMPTABLES_ARTICLE_dag' AIRFLOW_CTX_TASK_ID='check_file_in_directory' AIRFLOW_CTX_EXECUTION_DATE='2025-02-11T00:15:00+00:00' AIRFLOW_CTX_TRY_NUMBER='1' AIRFLOW_CTX_DAG_RUN_ID='scheduled__2025-02-11T00:15:00+00:00'
[2025-02-11T00:16:06.129+0000] {logging_mixin.py:190} INFO - Task instance is in running state
[2025-02-11T00:16:06.130+0000] {logging_mixin.py:190} INFO -  Previous state of the Task instance: queued
[2025-02-11T00:16:06.131+0000] {logging_mixin.py:190} INFO - Current task name:check_file_in_directory state:running start_date:2025-02-11 00:16:05.946892+00:00
[2025-02-11T00:16:06.131+0000] {logging_mixin.py:190} INFO - Dag name:IMPORTATION_ECRITURE_COMPTABLES_ARTICLE_dag and current dag run status:running
[2025-02-11T00:16:06.132+0000] {taskinstance.py:731} INFO - ::endgroup::
[2025-02-11T00:16:06.133+0000] {baseoperator.py:421} WARNING - BranchPythonOperator.execute cannot be called outside TaskInstance!
[2025-02-11T00:16:06.134+0000] {logging_mixin.py:190} INFO - ca marche /opt/***/files/in ['.csv']
[2025-02-11T00:16:06.137+0000] {python.py:240} INFO - Done. Returned value was: verify_file_reliability
[2025-02-11T00:16:06.138+0000] {branch.py:38} INFO - Branch into verify_file_reliability
[2025-02-11T00:16:06.138+0000] {skipmixin.py:230} INFO - Following branch ('verify_file_reliability',)
[2025-02-11T00:16:06.149+0000] {skipmixin.py:278} INFO - Skipping tasks []
[2025-02-11T00:16:06.179+0000] {taskinstance.py:340} INFO - ::group::Post task execution logs
[2025-02-11T00:16:06.181+0000] {taskinstance.py:352} INFO - Marking task as SUCCESS. dag_id=IMPORTATION_ECRITURE_COMPTABLES_ARTICLE_dag, task_id=check_file_in_directory, run_id=scheduled__2025-02-11T00:15:00+00:00, execution_date=20250211T001500, start_date=20250211T001605, end_date=20250211T001606
[2025-02-11T00:16:06.193+0000] {logging_mixin.py:190} INFO - Task instance in success state
[2025-02-11T00:16:06.194+0000] {logging_mixin.py:190} INFO -  Previous state of the Task instance: running
[2025-02-11T00:16:06.195+0000] {logging_mixin.py:190} INFO - Dag name:IMPORTATION_ECRITURE_COMPTABLES_ARTICLE_dag queued_at:2025-02-11 00:16:00.986387+00:00
[2025-02-11T00:16:06.195+0000] {logging_mixin.py:190} INFO - Task hostname:b6443be51f35 operator:BranchPythonOperator
[2025-02-11T00:16:06.239+0000] {local_task_job_runner.py:266} INFO - Task exited with return code 0
[2025-02-11T00:16:06.286+0000] {taskinstance.py:3895} INFO - 1 downstream tasks scheduled from follow-on schedule check
[2025-02-11T00:16:06.289+0000] {local_task_job_runner.py:245} INFO - ::endgroup::
[2025-02-11T00:16:39.547+0000] {local_task_job_runner.py:123} INFO - ::group::Pre task execution logs
[2025-02-11T00:16:39.671+0000] {taskinstance.py:2613} INFO - Dependencies all met for dep_context=non-requeueable deps ti=<TaskInstance: IMPORTATION_ECRITURE_COMPTABLES_ARTICLE_dag.check_file_in_directory scheduled__2025-02-11T00:15:00+00:00 [queued]>
[2025-02-11T00:16:39.679+0000] {taskinstance.py:2613} INFO - Dependencies all met for dep_context=requeueable deps ti=<TaskInstance: IMPORTATION_ECRITURE_COMPTABLES_ARTICLE_dag.check_file_in_directory scheduled__2025-02-11T00:15:00+00:00 [queued]>
[2025-02-11T00:16:39.680+0000] {taskinstance.py:2866} INFO - Starting attempt 1 of 2
[2025-02-11T00:16:39.691+0000] {taskinstance.py:2889} INFO - Executing <Task(BranchPythonOperator): check_file_in_directory> on 2025-02-11 00:15:00+00:00
[2025-02-11T00:16:39.697+0000] {warnings.py:112} WARNING - /home/***/.local/lib/python3.12/site-packages/***/task/task_runner/standard_task_runner.py:70: DeprecationWarning: This process (pid=3320) is multi-threaded, use of fork() may lead to deadlocks in the child.
  pid = os.fork()

[2025-02-11T00:16:39.699+0000] {standard_task_runner.py:72} INFO - Started process 3322 to run task
[2025-02-11T00:16:39.699+0000] {standard_task_runner.py:104} INFO - Running: ['***', 'tasks', 'run', 'IMPORTATION_ECRITURE_COMPTABLES_ARTICLE_dag', 'check_file_in_directory', 'scheduled__2025-02-11T00:15:00+00:00', '--job-id', '1672', '--raw', '--subdir', 'DAGS_FOLDER/my_directory_and_file_checker.py', '--cfg-path', '/tmp/tmpqa3hbxqf']
[2025-02-11T00:16:39.700+0000] {standard_task_runner.py:105} INFO - Job 1672: Subtask check_file_in_directory
[2025-02-11T00:16:39.741+0000] {task_command.py:467} INFO - Running <TaskInstance: IMPORTATION_ECRITURE_COMPTABLES_ARTICLE_dag.check_file_in_directory scheduled__2025-02-11T00:15:00+00:00 [running]> on host b6443be51f35
[2025-02-11T00:16:39.806+0000] {taskinstance.py:3132} INFO - Exporting env vars: AIRFLOW_CTX_DAG_OWNER='***' AIRFLOW_CTX_DAG_ID='IMPORTATION_ECRITURE_COMPTABLES_ARTICLE_dag' AIRFLOW_CTX_TASK_ID='check_file_in_directory' AIRFLOW_CTX_EXECUTION_DATE='2025-02-11T00:15:00+00:00' AIRFLOW_CTX_TRY_NUMBER='1' AIRFLOW_CTX_DAG_RUN_ID='scheduled__2025-02-11T00:15:00+00:00'
[2025-02-11T00:16:39.807+0000] {logging_mixin.py:190} INFO - Task instance is in running state
[2025-02-11T00:16:39.808+0000] {logging_mixin.py:190} INFO -  Previous state of the Task instance: queued
[2025-02-11T00:16:39.809+0000] {logging_mixin.py:190} INFO - Current task name:check_file_in_directory state:running start_date:2025-02-11 00:16:39.672019+00:00
[2025-02-11T00:16:39.809+0000] {logging_mixin.py:190} INFO - Dag name:IMPORTATION_ECRITURE_COMPTABLES_ARTICLE_dag and current dag run status:running
[2025-02-11T00:16:39.809+0000] {taskinstance.py:731} INFO - ::endgroup::
[2025-02-11T00:16:39.810+0000] {baseoperator.py:421} WARNING - BranchPythonOperator.execute cannot be called outside TaskInstance!
[2025-02-11T00:16:39.811+0000] {logging_mixin.py:190} INFO - ca marche /opt/***/files/in ['.csv']
[2025-02-11T00:16:39.812+0000] {python.py:240} INFO - Done. Returned value was: verify_file_reliability
[2025-02-11T00:16:39.812+0000] {branch.py:38} INFO - Branch into verify_file_reliability
[2025-02-11T00:16:39.813+0000] {skipmixin.py:230} INFO - Following branch ('verify_file_reliability',)
[2025-02-11T00:16:39.823+0000] {skipmixin.py:278} INFO - Skipping tasks []
[2025-02-11T00:16:39.843+0000] {taskinstance.py:340} INFO - ::group::Post task execution logs
[2025-02-11T00:16:39.844+0000] {taskinstance.py:352} INFO - Marking task as SUCCESS. dag_id=IMPORTATION_ECRITURE_COMPTABLES_ARTICLE_dag, task_id=check_file_in_directory, run_id=scheduled__2025-02-11T00:15:00+00:00, execution_date=20250211T001500, start_date=20250211T001639, end_date=20250211T001639
[2025-02-11T00:16:39.851+0000] {logging_mixin.py:190} INFO - Task instance in success state
[2025-02-11T00:16:39.852+0000] {logging_mixin.py:190} INFO -  Previous state of the Task instance: running
[2025-02-11T00:16:39.853+0000] {logging_mixin.py:190} INFO - Dag name:IMPORTATION_ECRITURE_COMPTABLES_ARTICLE_dag queued_at:2025-02-11 00:16:36.087784+00:00
[2025-02-11T00:16:39.853+0000] {logging_mixin.py:190} INFO - Task hostname:b6443be51f35 operator:BranchPythonOperator
[2025-02-11T00:16:39.874+0000] {local_task_job_runner.py:266} INFO - Task exited with return code 0
[2025-02-11T00:16:39.899+0000] {taskinstance.py:3895} INFO - 1 downstream tasks scheduled from follow-on schedule check
[2025-02-11T00:16:39.903+0000] {local_task_job_runner.py:245} INFO - ::endgroup::
