[2025-02-02T21:02:02.335+0000] {local_task_job_runner.py:123} INFO - ::group::Pre task execution logs
[2025-02-02T21:02:02.358+0000] {taskinstance.py:2613} INFO - Dependencies all met for dep_context=non-requeueable deps ti=<TaskInstance: directory_and_file_verification_dag.check_file_in_directory manual__2025-02-02T21:01:57.304677+00:00 [queued]>
[2025-02-02T21:02:02.369+0000] {taskinstance.py:2613} INFO - Dependencies all met for dep_context=requeueable deps ti=<TaskInstance: directory_and_file_verification_dag.check_file_in_directory manual__2025-02-02T21:01:57.304677+00:00 [queued]>
[2025-02-02T21:02:02.370+0000] {taskinstance.py:2866} INFO - Starting attempt 1 of 1
[2025-02-02T21:02:02.385+0000] {taskinstance.py:2889} INFO - Executing <Task(BranchPythonOperator): check_file_in_directory> on 2025-02-02 21:01:57.304677+00:00
[2025-02-02T21:02:02.391+0000] {warnings.py:112} WARNING - /home/***/.local/lib/python3.12/site-packages/***/task/task_runner/standard_task_runner.py:70: DeprecationWarning: This process (pid=2595) is multi-threaded, use of fork() may lead to deadlocks in the child.
  pid = os.fork()

[2025-02-02T21:02:02.393+0000] {standard_task_runner.py:72} INFO - Started process 2597 to run task
[2025-02-02T21:02:02.393+0000] {standard_task_runner.py:104} INFO - Running: ['***', 'tasks', 'run', 'directory_and_file_verification_dag', 'check_file_in_directory', 'manual__2025-02-02T21:01:57.304677+00:00', '--job-id', '322', '--raw', '--subdir', 'DAGS_FOLDER/my_directory_and_file_checker.py', '--cfg-path', '/tmp/tmppw6k58x1']
[2025-02-02T21:02:02.395+0000] {standard_task_runner.py:105} INFO - Job 322: Subtask check_file_in_directory
[2025-02-02T21:02:02.601+0000] {task_command.py:467} INFO - Running <TaskInstance: directory_and_file_verification_dag.check_file_in_directory manual__2025-02-02T21:01:57.304677+00:00 [running]> on host 003b7fbea265
[2025-02-02T21:02:02.663+0000] {taskinstance.py:3132} INFO - Exporting env vars: AIRFLOW_CTX_DAG_OWNER='***' AIRFLOW_CTX_DAG_ID='directory_and_file_verification_dag' AIRFLOW_CTX_TASK_ID='check_file_in_directory' AIRFLOW_CTX_EXECUTION_DATE='2025-02-02T21:01:57.304677+00:00' AIRFLOW_CTX_TRY_NUMBER='1' AIRFLOW_CTX_DAG_RUN_ID='manual__2025-02-02T21:01:57.304677+00:00'
[2025-02-02T21:02:02.664+0000] {logging_mixin.py:190} INFO - Task instance is in running state
[2025-02-02T21:02:02.664+0000] {logging_mixin.py:190} INFO -  Previous state of the Task instance: queued
[2025-02-02T21:02:02.665+0000] {logging_mixin.py:190} INFO - Current task name:check_file_in_directory state:running start_date:2025-02-02 21:02:02.359505+00:00
[2025-02-02T21:02:02.666+0000] {logging_mixin.py:190} INFO - Dag name:directory_and_file_verification_dag and current dag run status:running
[2025-02-02T21:02:02.666+0000] {taskinstance.py:731} INFO - ::endgroup::
[2025-02-02T21:02:02.667+0000] {baseoperator.py:421} WARNING - BranchPythonOperator.execute cannot be called outside TaskInstance!
[2025-02-02T21:02:02.669+0000] {python.py:240} INFO - Done. Returned value was: verify_file_reliability
[2025-02-02T21:02:02.670+0000] {branch.py:38} INFO - Branch into verify_file_reliability
[2025-02-02T21:02:02.670+0000] {skipmixin.py:230} INFO - Following branch ('verify_file_reliability',)
[2025-02-02T21:02:02.681+0000] {skipmixin.py:278} INFO - Skipping tasks []
[2025-02-02T21:02:02.704+0000] {taskinstance.py:340} INFO - ::group::Post task execution logs
[2025-02-02T21:02:02.704+0000] {taskinstance.py:352} INFO - Marking task as SUCCESS. dag_id=directory_and_file_verification_dag, task_id=check_file_in_directory, run_id=manual__2025-02-02T21:01:57.304677+00:00, execution_date=20250202T210157, start_date=20250202T210202, end_date=20250202T210202
[2025-02-02T21:02:02.712+0000] {logging_mixin.py:190} INFO - Task instance in success state
[2025-02-02T21:02:02.713+0000] {logging_mixin.py:190} INFO -  Previous state of the Task instance: running
[2025-02-02T21:02:02.713+0000] {logging_mixin.py:190} INFO - Dag name:directory_and_file_verification_dag queued_at:2025-02-02 21:01:57.312649+00:00
[2025-02-02T21:02:02.714+0000] {logging_mixin.py:190} INFO - Task hostname:003b7fbea265 operator:BranchPythonOperator
[2025-02-02T21:02:02.730+0000] {local_task_job_runner.py:266} INFO - Task exited with return code 0
[2025-02-02T21:02:02.929+0000] {taskinstance.py:3895} INFO - 1 downstream tasks scheduled from follow-on schedule check
[2025-02-02T21:02:02.932+0000] {local_task_job_runner.py:245} INFO - ::endgroup::
