[2025-02-10T21:31:04.579+0000] {local_task_job_runner.py:123} INFO - ::group::Pre task execution logs
[2025-02-10T21:31:04.737+0000] {taskinstance.py:2613} INFO - Dependencies all met for dep_context=non-requeueable deps ti=<TaskInstance: IMPORTATION_ECRITURE_COMPTABLES_ARTICLE_dag.check_file_in_directory scheduled__2025-02-10T21:30:00+00:00 [queued]>
[2025-02-10T21:31:04.750+0000] {taskinstance.py:2613} INFO - Dependencies all met for dep_context=requeueable deps ti=<TaskInstance: IMPORTATION_ECRITURE_COMPTABLES_ARTICLE_dag.check_file_in_directory scheduled__2025-02-10T21:30:00+00:00 [queued]>
[2025-02-10T21:31:04.752+0000] {taskinstance.py:2866} INFO - Starting attempt 1 of 2
[2025-02-10T21:31:04.767+0000] {taskinstance.py:2889} INFO - Executing <Task(BranchPythonOperator): check_file_in_directory> on 2025-02-10 21:30:00+00:00
[2025-02-10T21:31:04.775+0000] {warnings.py:112} WARNING - /home/***/.local/lib/python3.12/site-packages/***/task/task_runner/standard_task_runner.py:70: DeprecationWarning: This process (pid=2985) is multi-threaded, use of fork() may lead to deadlocks in the child.
  pid = os.fork()

[2025-02-10T21:31:04.777+0000] {standard_task_runner.py:72} INFO - Started process 2987 to run task
[2025-02-10T21:31:04.777+0000] {standard_task_runner.py:104} INFO - Running: ['***', 'tasks', 'run', 'IMPORTATION_ECRITURE_COMPTABLES_ARTICLE_dag', 'check_file_in_directory', 'scheduled__2025-02-10T21:30:00+00:00', '--job-id', '1124', '--raw', '--subdir', 'DAGS_FOLDER/my_directory_and_file_checker.py', '--cfg-path', '/tmp/tmp7kk_x8aa']
[2025-02-10T21:31:04.779+0000] {standard_task_runner.py:105} INFO - Job 1124: Subtask check_file_in_directory
[2025-02-10T21:31:04.836+0000] {task_command.py:467} INFO - Running <TaskInstance: IMPORTATION_ECRITURE_COMPTABLES_ARTICLE_dag.check_file_in_directory scheduled__2025-02-10T21:30:00+00:00 [running]> on host b6443be51f35
[2025-02-10T21:31:04.931+0000] {taskinstance.py:3132} INFO - Exporting env vars: AIRFLOW_CTX_DAG_OWNER='***' AIRFLOW_CTX_DAG_ID='IMPORTATION_ECRITURE_COMPTABLES_ARTICLE_dag' AIRFLOW_CTX_TASK_ID='check_file_in_directory' AIRFLOW_CTX_EXECUTION_DATE='2025-02-10T21:30:00+00:00' AIRFLOW_CTX_TRY_NUMBER='1' AIRFLOW_CTX_DAG_RUN_ID='scheduled__2025-02-10T21:30:00+00:00'
[2025-02-10T21:31:04.933+0000] {logging_mixin.py:190} INFO - Task instance is in running state
[2025-02-10T21:31:04.934+0000] {logging_mixin.py:190} INFO -  Previous state of the Task instance: queued
[2025-02-10T21:31:04.935+0000] {logging_mixin.py:190} INFO - Current task name:check_file_in_directory state:running start_date:2025-02-10 21:31:04.738356+00:00
[2025-02-10T21:31:04.936+0000] {logging_mixin.py:190} INFO - Dag name:IMPORTATION_ECRITURE_COMPTABLES_ARTICLE_dag and current dag run status:running
[2025-02-10T21:31:04.936+0000] {taskinstance.py:731} INFO - ::endgroup::
[2025-02-10T21:31:04.937+0000] {baseoperator.py:421} WARNING - BranchPythonOperator.execute cannot be called outside TaskInstance!
[2025-02-10T21:31:04.939+0000] {logging_mixin.py:190} INFO - ca marche /opt/***/files/in ['.csv']
[2025-02-10T21:31:04.944+0000] {python.py:240} INFO - Done. Returned value was: verify_file_reliability
[2025-02-10T21:31:04.945+0000] {branch.py:38} INFO - Branch into verify_file_reliability
[2025-02-10T21:31:04.945+0000] {skipmixin.py:230} INFO - Following branch ('verify_file_reliability',)
[2025-02-10T21:31:04.959+0000] {skipmixin.py:278} INFO - Skipping tasks []
[2025-02-10T21:31:05.007+0000] {taskinstance.py:340} INFO - ::group::Post task execution logs
[2025-02-10T21:31:05.008+0000] {taskinstance.py:352} INFO - Marking task as SUCCESS. dag_id=IMPORTATION_ECRITURE_COMPTABLES_ARTICLE_dag, task_id=check_file_in_directory, run_id=scheduled__2025-02-10T21:30:00+00:00, execution_date=20250210T213000, start_date=20250210T213104, end_date=20250210T213105
[2025-02-10T21:31:05.027+0000] {logging_mixin.py:190} INFO - Task instance in success state
[2025-02-10T21:31:05.028+0000] {logging_mixin.py:190} INFO -  Previous state of the Task instance: running
[2025-02-10T21:31:05.029+0000] {logging_mixin.py:190} INFO - Dag name:IMPORTATION_ECRITURE_COMPTABLES_ARTICLE_dag queued_at:2025-02-10 21:31:00.060255+00:00
[2025-02-10T21:31:05.029+0000] {logging_mixin.py:190} INFO - Task hostname:b6443be51f35 operator:BranchPythonOperator
[2025-02-10T21:31:05.074+0000] {local_task_job_runner.py:266} INFO - Task exited with return code 0
[2025-02-10T21:31:05.118+0000] {taskinstance.py:3895} INFO - 1 downstream tasks scheduled from follow-on schedule check
[2025-02-10T21:31:05.121+0000] {local_task_job_runner.py:245} INFO - ::endgroup::
[2025-02-10T21:31:48.296+0000] {local_task_job_runner.py:123} INFO - ::group::Pre task execution logs
[2025-02-10T21:31:48.488+0000] {taskinstance.py:2613} INFO - Dependencies all met for dep_context=non-requeueable deps ti=<TaskInstance: IMPORTATION_ECRITURE_COMPTABLES_ARTICLE_dag.check_file_in_directory scheduled__2025-02-10T21:30:00+00:00 [queued]>
[2025-02-10T21:31:48.502+0000] {taskinstance.py:2613} INFO - Dependencies all met for dep_context=requeueable deps ti=<TaskInstance: IMPORTATION_ECRITURE_COMPTABLES_ARTICLE_dag.check_file_in_directory scheduled__2025-02-10T21:30:00+00:00 [queued]>
[2025-02-10T21:31:48.502+0000] {taskinstance.py:2866} INFO - Starting attempt 1 of 2
[2025-02-10T21:31:48.519+0000] {taskinstance.py:2889} INFO - Executing <Task(BranchPythonOperator): check_file_in_directory> on 2025-02-10 21:30:00+00:00
[2025-02-10T21:31:48.528+0000] {warnings.py:112} WARNING - /home/***/.local/lib/python3.12/site-packages/***/task/task_runner/standard_task_runner.py:70: DeprecationWarning: This process (pid=3023) is multi-threaded, use of fork() may lead to deadlocks in the child.
  pid = os.fork()

[2025-02-10T21:31:48.530+0000] {standard_task_runner.py:72} INFO - Started process 3025 to run task
[2025-02-10T21:31:48.530+0000] {standard_task_runner.py:104} INFO - Running: ['***', 'tasks', 'run', 'IMPORTATION_ECRITURE_COMPTABLES_ARTICLE_dag', 'check_file_in_directory', 'scheduled__2025-02-10T21:30:00+00:00', '--job-id', '1130', '--raw', '--subdir', 'DAGS_FOLDER/my_directory_and_file_checker.py', '--cfg-path', '/tmp/tmpa6kydzla']
[2025-02-10T21:31:48.532+0000] {standard_task_runner.py:105} INFO - Job 1130: Subtask check_file_in_directory
[2025-02-10T21:31:48.597+0000] {task_command.py:467} INFO - Running <TaskInstance: IMPORTATION_ECRITURE_COMPTABLES_ARTICLE_dag.check_file_in_directory scheduled__2025-02-10T21:30:00+00:00 [running]> on host b6443be51f35
[2025-02-10T21:31:48.699+0000] {taskinstance.py:3132} INFO - Exporting env vars: AIRFLOW_CTX_DAG_OWNER='***' AIRFLOW_CTX_DAG_ID='IMPORTATION_ECRITURE_COMPTABLES_ARTICLE_dag' AIRFLOW_CTX_TASK_ID='check_file_in_directory' AIRFLOW_CTX_EXECUTION_DATE='2025-02-10T21:30:00+00:00' AIRFLOW_CTX_TRY_NUMBER='1' AIRFLOW_CTX_DAG_RUN_ID='scheduled__2025-02-10T21:30:00+00:00'
[2025-02-10T21:31:48.700+0000] {logging_mixin.py:190} INFO - Task instance is in running state
[2025-02-10T21:31:48.701+0000] {logging_mixin.py:190} INFO -  Previous state of the Task instance: queued
[2025-02-10T21:31:48.702+0000] {logging_mixin.py:190} INFO - Current task name:check_file_in_directory state:running start_date:2025-02-10 21:31:48.489243+00:00
[2025-02-10T21:31:48.704+0000] {logging_mixin.py:190} INFO - Dag name:IMPORTATION_ECRITURE_COMPTABLES_ARTICLE_dag and current dag run status:running
[2025-02-10T21:31:48.704+0000] {taskinstance.py:731} INFO - ::endgroup::
[2025-02-10T21:31:48.706+0000] {baseoperator.py:421} WARNING - BranchPythonOperator.execute cannot be called outside TaskInstance!
[2025-02-10T21:31:48.707+0000] {logging_mixin.py:190} INFO - ca marche /opt/***/files/in ['.csv']
[2025-02-10T21:31:48.715+0000] {python.py:240} INFO - Done. Returned value was: verify_file_reliability
[2025-02-10T21:31:48.716+0000] {branch.py:38} INFO - Branch into verify_file_reliability
[2025-02-10T21:31:48.717+0000] {skipmixin.py:230} INFO - Following branch ('verify_file_reliability',)
[2025-02-10T21:31:48.733+0000] {skipmixin.py:278} INFO - Skipping tasks []
[2025-02-10T21:31:48.769+0000] {taskinstance.py:340} INFO - ::group::Post task execution logs
[2025-02-10T21:31:48.770+0000] {taskinstance.py:352} INFO - Marking task as SUCCESS. dag_id=IMPORTATION_ECRITURE_COMPTABLES_ARTICLE_dag, task_id=check_file_in_directory, run_id=scheduled__2025-02-10T21:30:00+00:00, execution_date=20250210T213000, start_date=20250210T213148, end_date=20250210T213148
[2025-02-10T21:31:48.784+0000] {logging_mixin.py:190} INFO - Task instance in success state
[2025-02-10T21:31:48.784+0000] {logging_mixin.py:190} INFO -  Previous state of the Task instance: running
[2025-02-10T21:31:48.785+0000] {logging_mixin.py:190} INFO - Dag name:IMPORTATION_ECRITURE_COMPTABLES_ARTICLE_dag queued_at:2025-02-10 21:31:42.920499+00:00
[2025-02-10T21:31:48.786+0000] {logging_mixin.py:190} INFO - Task hostname:b6443be51f35 operator:BranchPythonOperator
[2025-02-10T21:31:48.828+0000] {local_task_job_runner.py:266} INFO - Task exited with return code 0
[2025-02-10T21:31:48.870+0000] {taskinstance.py:3895} INFO - 1 downstream tasks scheduled from follow-on schedule check
[2025-02-10T21:31:48.874+0000] {local_task_job_runner.py:245} INFO - ::endgroup::
