[2025-02-14T00:26:02.412+0000] {local_task_job_runner.py:123} INFO - ::group::Pre task execution logs
[2025-02-14T00:26:02.577+0000] {taskinstance.py:2613} INFO - Dependencies all met for dep_context=non-requeueable deps ti=<TaskInstance: IMPORTATION_ECRITURE_COMPTABLES_ARTICLE_dag.check_directory scheduled__2025-02-14T00:25:00+00:00 [queued]>
[2025-02-14T00:26:02.585+0000] {taskinstance.py:2613} INFO - Dependencies all met for dep_context=requeueable deps ti=<TaskInstance: IMPORTATION_ECRITURE_COMPTABLES_ARTICLE_dag.check_directory scheduled__2025-02-14T00:25:00+00:00 [queued]>
[2025-02-14T00:26:02.586+0000] {taskinstance.py:2866} INFO - Starting attempt 1 of 2
[2025-02-14T00:26:02.600+0000] {taskinstance.py:2889} INFO - Executing <Task(BranchPythonOperator): check_directory> on 2025-02-14 00:25:00+00:00
[2025-02-14T00:26:02.609+0000] {warnings.py:112} WARNING - /home/***/.local/lib/python3.12/site-packages/***/task/task_runner/standard_task_runner.py:70: DeprecationWarning: This process (pid=1219) is multi-threaded, use of fork() may lead to deadlocks in the child.
  pid = os.fork()

[2025-02-14T00:26:02.611+0000] {standard_task_runner.py:72} INFO - Started process 1222 to run task
[2025-02-14T00:26:02.612+0000] {standard_task_runner.py:104} INFO - Running: ['***', 'tasks', 'run', 'IMPORTATION_ECRITURE_COMPTABLES_ARTICLE_dag', 'check_directory', 'scheduled__2025-02-14T00:25:00+00:00', '--job-id', '8768', '--raw', '--subdir', 'DAGS_FOLDER/my_directory_and_file_checker.py', '--cfg-path', '/tmp/tmp6t2v1jbp']
[2025-02-14T00:26:02.613+0000] {standard_task_runner.py:105} INFO - Job 8768: Subtask check_directory
[2025-02-14T00:26:02.667+0000] {task_command.py:467} INFO - Running <TaskInstance: IMPORTATION_ECRITURE_COMPTABLES_ARTICLE_dag.check_directory scheduled__2025-02-14T00:25:00+00:00 [running]> on host b6443be51f35
[2025-02-14T00:26:02.758+0000] {taskinstance.py:3132} INFO - Exporting env vars: AIRFLOW_CTX_DAG_OWNER='***' AIRFLOW_CTX_DAG_ID='IMPORTATION_ECRITURE_COMPTABLES_ARTICLE_dag' AIRFLOW_CTX_TASK_ID='check_directory' AIRFLOW_CTX_EXECUTION_DATE='2025-02-14T00:25:00+00:00' AIRFLOW_CTX_TRY_NUMBER='1' AIRFLOW_CTX_DAG_RUN_ID='scheduled__2025-02-14T00:25:00+00:00'
[2025-02-14T00:26:02.760+0000] {logging_mixin.py:190} INFO - Task instance is in running state
[2025-02-14T00:26:02.761+0000] {logging_mixin.py:190} INFO -  Previous state of the Task instance: queued
[2025-02-14T00:26:02.762+0000] {logging_mixin.py:190} INFO - Current task name:check_directory state:running start_date:2025-02-14 00:26:02.578013+00:00
[2025-02-14T00:26:02.762+0000] {logging_mixin.py:190} INFO - Dag name:IMPORTATION_ECRITURE_COMPTABLES_ARTICLE_dag and current dag run status:running
[2025-02-14T00:26:02.763+0000] {taskinstance.py:731} INFO - ::endgroup::
[2025-02-14T00:26:02.763+0000] {baseoperator.py:421} WARNING - BranchPythonOperator.execute cannot be called outside TaskInstance!
[2025-02-14T00:26:02.765+0000] {python.py:240} INFO - Done. Returned value was: check_file_in_directory
[2025-02-14T00:26:02.765+0000] {branch.py:38} INFO - Branch into check_file_in_directory
[2025-02-14T00:26:02.766+0000] {skipmixin.py:230} INFO - Following branch ('check_file_in_directory',)
[2025-02-14T00:26:02.776+0000] {skipmixin.py:278} INFO - Skipping tasks []
[2025-02-14T00:26:02.809+0000] {taskinstance.py:340} INFO - ::group::Post task execution logs
[2025-02-14T00:26:02.810+0000] {taskinstance.py:352} INFO - Marking task as SUCCESS. dag_id=IMPORTATION_ECRITURE_COMPTABLES_ARTICLE_dag, task_id=check_directory, run_id=scheduled__2025-02-14T00:25:00+00:00, execution_date=20250214T002500, start_date=20250214T002602, end_date=20250214T002602
[2025-02-14T00:26:02.821+0000] {logging_mixin.py:190} INFO - Task instance in success state
[2025-02-14T00:26:02.822+0000] {logging_mixin.py:190} INFO -  Previous state of the Task instance: running
[2025-02-14T00:26:02.823+0000] {logging_mixin.py:190} INFO - Dag name:IMPORTATION_ECRITURE_COMPTABLES_ARTICLE_dag queued_at:2025-02-14 00:26:00.775401+00:00
[2025-02-14T00:26:02.823+0000] {logging_mixin.py:190} INFO - Task hostname:b6443be51f35 operator:BranchPythonOperator
[2025-02-14T00:26:02.868+0000] {local_task_job_runner.py:266} INFO - Task exited with return code 0
[2025-02-14T00:26:02.903+0000] {taskinstance.py:3895} INFO - 1 downstream tasks scheduled from follow-on schedule check
[2025-02-14T00:26:02.905+0000] {local_task_job_runner.py:245} INFO - ::endgroup::
[2025-02-14T00:26:30.732+0000] {local_task_job_runner.py:123} INFO - ::group::Pre task execution logs
[2025-02-14T00:26:30.755+0000] {taskinstance.py:2613} INFO - Dependencies all met for dep_context=non-requeueable deps ti=<TaskInstance: IMPORTATION_ECRITURE_COMPTABLES_ARTICLE_dag.check_directory scheduled__2025-02-14T00:25:00+00:00 [queued]>
[2025-02-14T00:26:30.769+0000] {taskinstance.py:2613} INFO - Dependencies all met for dep_context=requeueable deps ti=<TaskInstance: IMPORTATION_ECRITURE_COMPTABLES_ARTICLE_dag.check_directory scheduled__2025-02-14T00:25:00+00:00 [queued]>
[2025-02-14T00:26:30.769+0000] {taskinstance.py:2866} INFO - Starting attempt 1 of 2
[2025-02-14T00:26:30.923+0000] {taskinstance.py:2889} INFO - Executing <Task(BranchPythonOperator): check_directory> on 2025-02-14 00:25:00+00:00
[2025-02-14T00:26:30.932+0000] {warnings.py:112} WARNING - /home/***/.local/lib/python3.12/site-packages/***/task/task_runner/standard_task_runner.py:70: DeprecationWarning: This process (pid=1246) is multi-threaded, use of fork() may lead to deadlocks in the child.
  pid = os.fork()

[2025-02-14T00:26:30.934+0000] {standard_task_runner.py:72} INFO - Started process 1251 to run task
[2025-02-14T00:26:30.935+0000] {standard_task_runner.py:104} INFO - Running: ['***', 'tasks', 'run', 'IMPORTATION_ECRITURE_COMPTABLES_ARTICLE_dag', 'check_directory', 'scheduled__2025-02-14T00:25:00+00:00', '--job-id', '8773', '--raw', '--subdir', 'DAGS_FOLDER/my_directory_and_file_checker.py', '--cfg-path', '/tmp/tmp_r9em70n']
[2025-02-14T00:26:30.936+0000] {standard_task_runner.py:105} INFO - Job 8773: Subtask check_directory
[2025-02-14T00:26:30.985+0000] {task_command.py:467} INFO - Running <TaskInstance: IMPORTATION_ECRITURE_COMPTABLES_ARTICLE_dag.check_directory scheduled__2025-02-14T00:25:00+00:00 [running]> on host b6443be51f35
[2025-02-14T00:26:31.060+0000] {taskinstance.py:3132} INFO - Exporting env vars: AIRFLOW_CTX_DAG_OWNER='***' AIRFLOW_CTX_DAG_ID='IMPORTATION_ECRITURE_COMPTABLES_ARTICLE_dag' AIRFLOW_CTX_TASK_ID='check_directory' AIRFLOW_CTX_EXECUTION_DATE='2025-02-14T00:25:00+00:00' AIRFLOW_CTX_TRY_NUMBER='1' AIRFLOW_CTX_DAG_RUN_ID='scheduled__2025-02-14T00:25:00+00:00'
[2025-02-14T00:26:31.062+0000] {logging_mixin.py:190} INFO - Task instance is in running state
[2025-02-14T00:26:31.062+0000] {logging_mixin.py:190} INFO -  Previous state of the Task instance: queued
[2025-02-14T00:26:31.063+0000] {logging_mixin.py:190} INFO - Current task name:check_directory state:running start_date:2025-02-14 00:26:30.756589+00:00
[2025-02-14T00:26:31.064+0000] {logging_mixin.py:190} INFO - Dag name:IMPORTATION_ECRITURE_COMPTABLES_ARTICLE_dag and current dag run status:running
[2025-02-14T00:26:31.064+0000] {taskinstance.py:731} INFO - ::endgroup::
[2025-02-14T00:26:31.065+0000] {baseoperator.py:421} WARNING - BranchPythonOperator.execute cannot be called outside TaskInstance!
[2025-02-14T00:26:31.066+0000] {python.py:240} INFO - Done. Returned value was: check_file_in_directory
[2025-02-14T00:26:31.067+0000] {branch.py:38} INFO - Branch into check_file_in_directory
[2025-02-14T00:26:31.068+0000] {skipmixin.py:230} INFO - Following branch ('check_file_in_directory',)
[2025-02-14T00:26:31.081+0000] {skipmixin.py:278} INFO - Skipping tasks []
[2025-02-14T00:26:31.109+0000] {taskinstance.py:340} INFO - ::group::Post task execution logs
[2025-02-14T00:26:31.110+0000] {taskinstance.py:352} INFO - Marking task as SUCCESS. dag_id=IMPORTATION_ECRITURE_COMPTABLES_ARTICLE_dag, task_id=check_directory, run_id=scheduled__2025-02-14T00:25:00+00:00, execution_date=20250214T002500, start_date=20250214T002630, end_date=20250214T002631
[2025-02-14T00:26:31.121+0000] {logging_mixin.py:190} INFO - Task instance in success state
[2025-02-14T00:26:31.122+0000] {logging_mixin.py:190} INFO -  Previous state of the Task instance: running
[2025-02-14T00:26:31.123+0000] {logging_mixin.py:190} INFO - Dag name:IMPORTATION_ECRITURE_COMPTABLES_ARTICLE_dag queued_at:2025-02-14 00:26:28.924403+00:00
[2025-02-14T00:26:31.123+0000] {logging_mixin.py:190} INFO - Task hostname:b6443be51f35 operator:BranchPythonOperator
[2025-02-14T00:26:31.149+0000] {local_task_job_runner.py:266} INFO - Task exited with return code 0
[2025-02-14T00:26:31.181+0000] {taskinstance.py:3895} INFO - 1 downstream tasks scheduled from follow-on schedule check
[2025-02-14T00:26:31.184+0000] {local_task_job_runner.py:245} INFO - ::endgroup::
