[2025-02-12T10:58:02.337+0000] {local_task_job_runner.py:123} INFO - ::group::Pre task execution logs
[2025-02-12T10:58:02.460+0000] {taskinstance.py:2613} INFO - Dependencies all met for dep_context=non-requeueable deps ti=<TaskInstance: IMPORTATION_ECRITURE_COMPTABLES_ARTICLE_dag.check_directory scheduled__2025-02-12T10:57:00+00:00 [queued]>
[2025-02-12T10:58:02.468+0000] {taskinstance.py:2613} INFO - Dependencies all met for dep_context=requeueable deps ti=<TaskInstance: IMPORTATION_ECRITURE_COMPTABLES_ARTICLE_dag.check_directory scheduled__2025-02-12T10:57:00+00:00 [queued]>
[2025-02-12T10:58:02.469+0000] {taskinstance.py:2866} INFO - Starting attempt 1 of 2
[2025-02-12T10:58:02.482+0000] {taskinstance.py:2889} INFO - Executing <Task(BranchPythonOperator): check_directory> on 2025-02-12 10:57:00+00:00
[2025-02-12T10:58:02.488+0000] {warnings.py:112} WARNING - /home/***/.local/lib/python3.12/site-packages/***/task/task_runner/standard_task_runner.py:70: DeprecationWarning: This process (pid=3426) is multi-threaded, use of fork() may lead to deadlocks in the child.
  pid = os.fork()

[2025-02-12T10:58:02.489+0000] {standard_task_runner.py:72} INFO - Started process 3428 to run task
[2025-02-12T10:58:02.490+0000] {standard_task_runner.py:104} INFO - Running: ['***', 'tasks', 'run', 'IMPORTATION_ECRITURE_COMPTABLES_ARTICLE_dag', 'check_directory', 'scheduled__2025-02-12T10:57:00+00:00', '--job-id', '4148', '--raw', '--subdir', 'DAGS_FOLDER/my_directory_and_file_checker.py', '--cfg-path', '/tmp/tmp3rknbbnb']
[2025-02-12T10:58:02.491+0000] {standard_task_runner.py:105} INFO - Job 4148: Subtask check_directory
[2025-02-12T10:58:02.537+0000] {task_command.py:467} INFO - Running <TaskInstance: IMPORTATION_ECRITURE_COMPTABLES_ARTICLE_dag.check_directory scheduled__2025-02-12T10:57:00+00:00 [running]> on host b6443be51f35
[2025-02-12T10:58:02.614+0000] {taskinstance.py:3132} INFO - Exporting env vars: AIRFLOW_CTX_DAG_OWNER='***' AIRFLOW_CTX_DAG_ID='IMPORTATION_ECRITURE_COMPTABLES_ARTICLE_dag' AIRFLOW_CTX_TASK_ID='check_directory' AIRFLOW_CTX_EXECUTION_DATE='2025-02-12T10:57:00+00:00' AIRFLOW_CTX_TRY_NUMBER='1' AIRFLOW_CTX_DAG_RUN_ID='scheduled__2025-02-12T10:57:00+00:00'
[2025-02-12T10:58:02.615+0000] {logging_mixin.py:190} INFO - Task instance is in running state
[2025-02-12T10:58:02.616+0000] {logging_mixin.py:190} INFO -  Previous state of the Task instance: queued
[2025-02-12T10:58:02.617+0000] {logging_mixin.py:190} INFO - Current task name:check_directory state:running start_date:2025-02-12 10:58:02.461330+00:00
[2025-02-12T10:58:02.617+0000] {logging_mixin.py:190} INFO - Dag name:IMPORTATION_ECRITURE_COMPTABLES_ARTICLE_dag and current dag run status:running
[2025-02-12T10:58:02.618+0000] {taskinstance.py:731} INFO - ::endgroup::
[2025-02-12T10:58:02.619+0000] {baseoperator.py:421} WARNING - BranchPythonOperator.execute cannot be called outside TaskInstance!
[2025-02-12T10:58:02.620+0000] {python.py:240} INFO - Done. Returned value was: check_file_in_directory
[2025-02-12T10:58:02.620+0000] {branch.py:38} INFO - Branch into check_file_in_directory
[2025-02-12T10:58:02.621+0000] {skipmixin.py:230} INFO - Following branch ('check_file_in_directory',)
[2025-02-12T10:58:02.630+0000] {skipmixin.py:278} INFO - Skipping tasks []
[2025-02-12T10:58:02.655+0000] {taskinstance.py:340} INFO - ::group::Post task execution logs
[2025-02-12T10:58:02.656+0000] {taskinstance.py:352} INFO - Marking task as SUCCESS. dag_id=IMPORTATION_ECRITURE_COMPTABLES_ARTICLE_dag, task_id=check_directory, run_id=scheduled__2025-02-12T10:57:00+00:00, execution_date=20250212T105700, start_date=20250212T105802, end_date=20250212T105802
[2025-02-12T10:58:02.665+0000] {logging_mixin.py:190} INFO - Task instance in success state
[2025-02-12T10:58:02.666+0000] {logging_mixin.py:190} INFO -  Previous state of the Task instance: running
[2025-02-12T10:58:02.667+0000] {logging_mixin.py:190} INFO - Dag name:IMPORTATION_ECRITURE_COMPTABLES_ARTICLE_dag queued_at:2025-02-12 10:58:00.755110+00:00
[2025-02-12T10:58:02.667+0000] {logging_mixin.py:190} INFO - Task hostname:b6443be51f35 operator:BranchPythonOperator
[2025-02-12T10:58:02.705+0000] {local_task_job_runner.py:266} INFO - Task exited with return code 0
[2025-02-12T10:58:02.734+0000] {taskinstance.py:3895} INFO - 1 downstream tasks scheduled from follow-on schedule check
[2025-02-12T10:58:02.737+0000] {local_task_job_runner.py:245} INFO - ::endgroup::
