[2025-02-02T23:10:19.676+0000] {local_task_job_runner.py:123} INFO - ::group::Pre task execution logs
[2025-02-02T23:10:19.694+0000] {taskinstance.py:2613} INFO - Dependencies all met for dep_context=non-requeueable deps ti=<TaskInstance: directory_and_file_verification_dag.verify_file_reliability manual__2025-02-02T23:10:11.676976+00:00 [queued]>
[2025-02-02T23:10:19.703+0000] {taskinstance.py:2613} INFO - Dependencies all met for dep_context=requeueable deps ti=<TaskInstance: directory_and_file_verification_dag.verify_file_reliability manual__2025-02-02T23:10:11.676976+00:00 [queued]>
[2025-02-02T23:10:19.704+0000] {taskinstance.py:2866} INFO - Starting attempt 1 of 1
[2025-02-02T23:10:19.716+0000] {taskinstance.py:2889} INFO - Executing <Task(BranchPythonOperator): verify_file_reliability> on 2025-02-02 23:10:11.676976+00:00
[2025-02-02T23:10:19.723+0000] {warnings.py:112} WARNING - /home/***/.local/lib/python3.12/site-packages/***/task/task_runner/standard_task_runner.py:70: DeprecationWarning: This process (pid=4508) is multi-threaded, use of fork() may lead to deadlocks in the child.
  pid = os.fork()

[2025-02-02T23:10:19.725+0000] {standard_task_runner.py:72} INFO - Started process 4510 to run task
[2025-02-02T23:10:19.725+0000] {standard_task_runner.py:104} INFO - Running: ['***', 'tasks', 'run', 'directory_and_file_verification_dag', 'verify_file_reliability', 'manual__2025-02-02T23:10:11.676976+00:00', '--job-id', '380', '--raw', '--subdir', 'DAGS_FOLDER/my_directory_and_file_checker.py', '--cfg-path', '/tmp/tmpu8azkfah']
[2025-02-02T23:10:19.726+0000] {standard_task_runner.py:105} INFO - Job 380: Subtask verify_file_reliability
[2025-02-02T23:10:19.940+0000] {task_command.py:467} INFO - Running <TaskInstance: directory_and_file_verification_dag.verify_file_reliability manual__2025-02-02T23:10:11.676976+00:00 [running]> on host 003b7fbea265
[2025-02-02T23:10:20.002+0000] {taskinstance.py:3132} INFO - Exporting env vars: AIRFLOW_CTX_DAG_OWNER='***' AIRFLOW_CTX_DAG_ID='directory_and_file_verification_dag' AIRFLOW_CTX_TASK_ID='verify_file_reliability' AIRFLOW_CTX_EXECUTION_DATE='2025-02-02T23:10:11.676976+00:00' AIRFLOW_CTX_TRY_NUMBER='1' AIRFLOW_CTX_DAG_RUN_ID='manual__2025-02-02T23:10:11.676976+00:00'
[2025-02-02T23:10:20.003+0000] {logging_mixin.py:190} INFO - Task instance is in running state
[2025-02-02T23:10:20.004+0000] {logging_mixin.py:190} INFO -  Previous state of the Task instance: queued
[2025-02-02T23:10:20.004+0000] {logging_mixin.py:190} INFO - Current task name:verify_file_reliability state:running start_date:2025-02-02 23:10:19.695632+00:00
[2025-02-02T23:10:20.004+0000] {logging_mixin.py:190} INFO - Dag name:directory_and_file_verification_dag and current dag run status:running
[2025-02-02T23:10:20.005+0000] {taskinstance.py:731} INFO - ::endgroup::
[2025-02-02T23:10:20.005+0000] {baseoperator.py:421} WARNING - BranchPythonOperator.execute cannot be called outside TaskInstance!
[2025-02-02T23:10:20.013+0000] {my_directory_and_file_checker.py:57} ERROR - ❌ Erreur d'encodage (utf-8) pour Écritures.csv: 'utf-8' codec can't decode byte 0xb0 in position 1: invalid start byte
[2025-02-02T23:10:20.064+0000] {logging_mixin.py:190} INFO - 
📂 Contenu du fichier (ISO-8859-1): Écritures.csv
[2025-02-02T23:10:20.093+0000] {logging_mixin.py:190} INFO -   Date omptabilisation       N° lot  ... KOR par Réception KOR INPUT
0           31/12/2024  A-BNDK 2304  ...             0,000     0,000
1           31/12/2024  B-BNDK 2304  ...             0,000     0,000
2           31/12/2024  C-BNDK 2304  ...             0,000     0,000
3           31/12/2024  D-BNDK 2304  ...             0,000     0,000
4           31/12/2024  E-BNDK 2304  ...             0,000     0,000

[5 rows x 27 columns]
[2025-02-02T23:10:20.094+0000] {logging_mixin.py:190} INFO - ❌ Erreur de fiabilité : Colonnes manquantes: Date comptabilisation
[2025-02-02T23:10:20.095+0000] {logging_mixin.py:190} INFO - Merde
[2025-02-02T23:10:20.097+0000] {python.py:240} INFO - Done. Returned value was: end
[2025-02-02T23:10:20.098+0000] {branch.py:38} INFO - Branch into end
[2025-02-02T23:10:20.098+0000] {skipmixin.py:230} INFO - Following branch ('end',)
[2025-02-02T23:10:20.107+0000] {skipmixin.py:278} INFO - Skipping tasks []
[2025-02-02T23:10:20.133+0000] {taskinstance.py:340} INFO - ::group::Post task execution logs
[2025-02-02T23:10:20.134+0000] {taskinstance.py:352} INFO - Marking task as SUCCESS. dag_id=directory_and_file_verification_dag, task_id=verify_file_reliability, run_id=manual__2025-02-02T23:10:11.676976+00:00, execution_date=20250202T231011, start_date=20250202T231019, end_date=20250202T231020
[2025-02-02T23:10:20.142+0000] {logging_mixin.py:190} INFO - Task instance in success state
[2025-02-02T23:10:20.143+0000] {logging_mixin.py:190} INFO -  Previous state of the Task instance: running
[2025-02-02T23:10:20.144+0000] {logging_mixin.py:190} INFO - Dag name:directory_and_file_verification_dag queued_at:2025-02-02 23:10:11.683924+00:00
[2025-02-02T23:10:20.144+0000] {logging_mixin.py:190} INFO - Task hostname:003b7fbea265 operator:BranchPythonOperator
[2025-02-02T23:10:20.181+0000] {local_task_job_runner.py:266} INFO - Task exited with return code 0
[2025-02-02T23:10:20.306+0000] {taskinstance.py:3895} INFO - 0 downstream tasks scheduled from follow-on schedule check
[2025-02-02T23:10:20.310+0000] {local_task_job_runner.py:245} INFO - ::endgroup::
