[2025-02-14T13:58:05.299+0000] {local_task_job_runner.py:123} INFO - ::group::Pre task execution logs
[2025-02-14T13:58:05.485+0000] {taskinstance.py:2613} INFO - Dependencies all met for dep_context=non-requeueable deps ti=<TaskInstance: IMPORTATION_ECRITURE_COMPTABLES_ARTICLE_dag.check_file_in_directory scheduled__2025-02-14T13:57:00+00:00 [queued]>
[2025-02-14T13:58:05.497+0000] {taskinstance.py:2613} INFO - Dependencies all met for dep_context=requeueable deps ti=<TaskInstance: IMPORTATION_ECRITURE_COMPTABLES_ARTICLE_dag.check_file_in_directory scheduled__2025-02-14T13:57:00+00:00 [queued]>
[2025-02-14T13:58:05.499+0000] {taskinstance.py:2866} INFO - Starting attempt 1 of 2
[2025-02-14T13:58:05.515+0000] {taskinstance.py:2889} INFO - Executing <Task(BranchPythonOperator): check_file_in_directory> on 2025-02-14 13:57:00+00:00
[2025-02-14T13:58:05.523+0000] {warnings.py:112} WARNING - /home/***/.local/lib/python3.12/site-packages/***/task/task_runner/standard_task_runner.py:70: DeprecationWarning: This process (pid=3338) is multi-threaded, use of fork() may lead to deadlocks in the child.
  pid = os.fork()

[2025-02-14T13:58:05.525+0000] {standard_task_runner.py:72} INFO - Started process 3340 to run task
[2025-02-14T13:58:05.525+0000] {standard_task_runner.py:104} INFO - Running: ['***', 'tasks', 'run', 'IMPORTATION_ECRITURE_COMPTABLES_ARTICLE_dag', 'check_file_in_directory', 'scheduled__2025-02-14T13:57:00+00:00', '--job-id', '10045', '--raw', '--subdir', 'DAGS_FOLDER/my_directory_and_file_checker.py', '--cfg-path', '/tmp/tmpaz_6tjny']
[2025-02-14T13:58:05.527+0000] {standard_task_runner.py:105} INFO - Job 10045: Subtask check_file_in_directory
[2025-02-14T13:58:05.585+0000] {task_command.py:467} INFO - Running <TaskInstance: IMPORTATION_ECRITURE_COMPTABLES_ARTICLE_dag.check_file_in_directory scheduled__2025-02-14T13:57:00+00:00 [running]> on host b6443be51f35
[2025-02-14T13:58:05.691+0000] {taskinstance.py:3132} INFO - Exporting env vars: AIRFLOW_CTX_DAG_OWNER='***' AIRFLOW_CTX_DAG_ID='IMPORTATION_ECRITURE_COMPTABLES_ARTICLE_dag' AIRFLOW_CTX_TASK_ID='check_file_in_directory' AIRFLOW_CTX_EXECUTION_DATE='2025-02-14T13:57:00+00:00' AIRFLOW_CTX_TRY_NUMBER='1' AIRFLOW_CTX_DAG_RUN_ID='scheduled__2025-02-14T13:57:00+00:00'
[2025-02-14T13:58:05.693+0000] {logging_mixin.py:190} INFO - Task instance is in running state
[2025-02-14T13:58:05.694+0000] {logging_mixin.py:190} INFO -  Previous state of the Task instance: queued
[2025-02-14T13:58:05.695+0000] {logging_mixin.py:190} INFO - Current task name:check_file_in_directory state:running start_date:2025-02-14 13:58:05.487217+00:00
[2025-02-14T13:58:05.695+0000] {logging_mixin.py:190} INFO - Dag name:IMPORTATION_ECRITURE_COMPTABLES_ARTICLE_dag and current dag run status:running
[2025-02-14T13:58:05.696+0000] {taskinstance.py:731} INFO - ::endgroup::
[2025-02-14T13:58:05.697+0000] {baseoperator.py:421} WARNING - BranchPythonOperator.execute cannot be called outside TaskInstance!
[2025-02-14T13:58:05.700+0000] {logging_mixin.py:190} INFO - 🔍 Vérification du répertoire: /opt/***/files/in
[2025-02-14T13:58:05.705+0000] {logging_mixin.py:190} INFO - 📂 Fichiers trouvés: ['Écritures comptables article (14).csv']
[2025-02-14T13:58:05.706+0000] {python.py:240} INFO - Done. Returned value was: verify_file_reliability
[2025-02-14T13:58:05.707+0000] {branch.py:38} INFO - Branch into verify_file_reliability
[2025-02-14T13:58:05.708+0000] {skipmixin.py:230} INFO - Following branch ('verify_file_reliability',)
[2025-02-14T13:58:05.720+0000] {skipmixin.py:278} INFO - Skipping tasks []
[2025-02-14T13:58:05.756+0000] {taskinstance.py:340} INFO - ::group::Post task execution logs
[2025-02-14T13:58:05.757+0000] {taskinstance.py:352} INFO - Marking task as SUCCESS. dag_id=IMPORTATION_ECRITURE_COMPTABLES_ARTICLE_dag, task_id=check_file_in_directory, run_id=scheduled__2025-02-14T13:57:00+00:00, execution_date=20250214T135700, start_date=20250214T135805, end_date=20250214T135805
[2025-02-14T13:58:05.768+0000] {logging_mixin.py:190} INFO - Task instance in success state
[2025-02-14T13:58:05.769+0000] {logging_mixin.py:190} INFO -  Previous state of the Task instance: running
[2025-02-14T13:58:05.769+0000] {logging_mixin.py:190} INFO - Dag name:IMPORTATION_ECRITURE_COMPTABLES_ARTICLE_dag queued_at:2025-02-14 13:58:00.216979+00:00
[2025-02-14T13:58:05.770+0000] {logging_mixin.py:190} INFO - Task hostname:b6443be51f35 operator:BranchPythonOperator
[2025-02-14T13:58:05.822+0000] {local_task_job_runner.py:266} INFO - Task exited with return code 0
[2025-02-14T13:58:05.860+0000] {taskinstance.py:3895} INFO - 0 downstream tasks scheduled from follow-on schedule check
[2025-02-14T13:58:05.863+0000] {local_task_job_runner.py:245} INFO - ::endgroup::
