[2025-02-09T20:49:06.425+0000] {local_task_job_runner.py:123} INFO - ::group::Pre task execution logs
[2025-02-09T20:49:06.527+0000] {taskinstance.py:2613} INFO - Dependencies all met for dep_context=non-requeueable deps ti=<TaskInstance: directory_and_file_verification_dag.check_file_in_directory manual__2025-02-09T20:48:53.077922+00:00 [queued]>
[2025-02-09T20:49:07.058+0000] {taskinstance.py:2613} INFO - Dependencies all met for dep_context=requeueable deps ti=<TaskInstance: directory_and_file_verification_dag.check_file_in_directory manual__2025-02-09T20:48:53.077922+00:00 [queued]>
[2025-02-09T20:49:07.060+0000] {taskinstance.py:2866} INFO - Starting attempt 1 of 1
[2025-02-09T20:49:07.102+0000] {taskinstance.py:2889} INFO - Executing <Task(BranchPythonOperator): check_file_in_directory> on 2025-02-09 20:48:53.077922+00:00
[2025-02-09T20:49:07.126+0000] {warnings.py:112} WARNING - /home/***/.local/lib/python3.12/site-packages/***/task/task_runner/standard_task_runner.py:70: DeprecationWarning: This process (pid=2865) is multi-threaded, use of fork() may lead to deadlocks in the child.
  pid = os.fork()

[2025-02-09T20:49:07.145+0000] {standard_task_runner.py:72} INFO - Started process 2867 to run task
[2025-02-09T20:49:07.134+0000] {standard_task_runner.py:104} INFO - Running: ['***', 'tasks', 'run', 'directory_and_file_verification_dag', 'check_file_in_directory', 'manual__2025-02-09T20:48:53.077922+00:00', '--job-id', '87', '--raw', '--subdir', 'DAGS_FOLDER/my_directory_and_file_checker.py', '--cfg-path', '/tmp/tmph5miirtc']
[2025-02-09T20:49:07.147+0000] {standard_task_runner.py:105} INFO - Job 87: Subtask check_file_in_directory
[2025-02-09T20:49:07.344+0000] {task_command.py:467} INFO - Running <TaskInstance: directory_and_file_verification_dag.check_file_in_directory manual__2025-02-09T20:48:53.077922+00:00 [running]> on host b6443be51f35
[2025-02-09T20:49:07.590+0000] {taskinstance.py:3132} INFO - Exporting env vars: AIRFLOW_CTX_DAG_OWNER='***' AIRFLOW_CTX_DAG_ID='directory_and_file_verification_dag' AIRFLOW_CTX_TASK_ID='check_file_in_directory' AIRFLOW_CTX_EXECUTION_DATE='2025-02-09T20:48:53.077922+00:00' AIRFLOW_CTX_TRY_NUMBER='1' AIRFLOW_CTX_DAG_RUN_ID='manual__2025-02-09T20:48:53.077922+00:00'
[2025-02-09T20:49:07.597+0000] {logging_mixin.py:190} INFO - Task instance is in running state
[2025-02-09T20:49:07.598+0000] {logging_mixin.py:190} INFO -  Previous state of the Task instance: queued
[2025-02-09T20:49:07.607+0000] {logging_mixin.py:190} INFO - Current task name:check_file_in_directory state:running start_date:2025-02-09 20:49:06.535145+00:00
[2025-02-09T20:49:07.609+0000] {logging_mixin.py:190} INFO - Dag name:directory_and_file_verification_dag and current dag run status:running
[2025-02-09T20:49:07.611+0000] {taskinstance.py:731} INFO - ::endgroup::
[2025-02-09T20:49:07.613+0000] {baseoperator.py:421} WARNING - BranchPythonOperator.execute cannot be called outside TaskInstance!
[2025-02-09T20:49:07.614+0000] {logging_mixin.py:190} INFO - ca marche /opt/***/files/in ['.csv']
[2025-02-09T20:49:07.685+0000] {python.py:240} INFO - Done. Returned value was: verify_file_reliability
[2025-02-09T20:49:07.688+0000] {branch.py:38} INFO - Branch into verify_file_reliability
[2025-02-09T20:49:07.690+0000] {skipmixin.py:230} INFO - Following branch ('verify_file_reliability',)
[2025-02-09T20:49:07.757+0000] {skipmixin.py:278} INFO - Skipping tasks []
[2025-02-09T20:49:07.880+0000] {taskinstance.py:340} INFO - ::group::Post task execution logs
[2025-02-09T20:49:07.890+0000] {taskinstance.py:352} INFO - Marking task as SUCCESS. dag_id=directory_and_file_verification_dag, task_id=check_file_in_directory, run_id=manual__2025-02-09T20:48:53.077922+00:00, execution_date=20250209T204853, start_date=20250209T204906, end_date=20250209T204907
[2025-02-09T20:49:07.953+0000] {logging_mixin.py:190} INFO - Task instance in success state
[2025-02-09T20:49:07.968+0000] {logging_mixin.py:190} INFO -  Previous state of the Task instance: running
[2025-02-09T20:49:07.975+0000] {logging_mixin.py:190} INFO - Dag name:directory_and_file_verification_dag queued_at:2025-02-09 20:48:53.099778+00:00
[2025-02-09T20:49:07.981+0000] {logging_mixin.py:190} INFO - Task hostname:b6443be51f35 operator:BranchPythonOperator
[2025-02-09T20:49:08.091+0000] {local_task_job_runner.py:266} INFO - Task exited with return code 0
[2025-02-09T20:49:08.271+0000] {taskinstance.py:3895} INFO - 1 downstream tasks scheduled from follow-on schedule check
[2025-02-09T20:49:08.324+0000] {local_task_job_runner.py:245} INFO - ::endgroup::
