[2025-02-07T22:42:51.046+0000] {local_task_job_runner.py:123} INFO - ::group::Pre task execution logs
[2025-02-07T22:42:51.539+0000] {taskinstance.py:2613} INFO - Dependencies all met for dep_context=non-requeueable deps ti=<TaskInstance: directory_and_file_verification_dag.check_file_in_directory scheduled__2025-02-07T18:00:00+00:00 [queued]>
[2025-02-07T22:42:51.561+0000] {taskinstance.py:2613} INFO - Dependencies all met for dep_context=requeueable deps ti=<TaskInstance: directory_and_file_verification_dag.check_file_in_directory scheduled__2025-02-07T18:00:00+00:00 [queued]>
[2025-02-07T22:42:51.562+0000] {taskinstance.py:2866} INFO - Starting attempt 1 of 1
[2025-02-07T22:42:51.596+0000] {taskinstance.py:2889} INFO - Executing <Task(BranchPythonOperator): check_file_in_directory> on 2025-02-07 18:00:00+00:00
[2025-02-07T22:42:51.613+0000] {warnings.py:112} WARNING - /home/***/.local/lib/python3.12/site-packages/***/task/task_runner/standard_task_runner.py:70: DeprecationWarning: This process (pid=20170) is multi-threaded, use of fork() may lead to deadlocks in the child.
  pid = os.fork()

[2025-02-07T22:42:51.616+0000] {standard_task_runner.py:72} INFO - Started process 20182 to run task
[2025-02-07T22:42:51.619+0000] {standard_task_runner.py:104} INFO - Running: ['***', 'tasks', 'run', 'directory_and_file_verification_dag', 'check_file_in_directory', 'scheduled__2025-02-07T18:00:00+00:00', '--job-id', '1080', '--raw', '--subdir', 'DAGS_FOLDER/my_directory_and_file_checker.py', '--cfg-path', '/tmp/tmphu37x0sk']
[2025-02-07T22:42:51.621+0000] {standard_task_runner.py:105} INFO - Job 1080: Subtask check_file_in_directory
[2025-02-07T22:42:51.751+0000] {task_command.py:467} INFO - Running <TaskInstance: directory_and_file_verification_dag.check_file_in_directory scheduled__2025-02-07T18:00:00+00:00 [running]> on host 003b7fbea265
[2025-02-07T22:42:51.986+0000] {taskinstance.py:3132} INFO - Exporting env vars: AIRFLOW_CTX_DAG_OWNER='***' AIRFLOW_CTX_DAG_ID='directory_and_file_verification_dag' AIRFLOW_CTX_TASK_ID='check_file_in_directory' AIRFLOW_CTX_EXECUTION_DATE='2025-02-07T18:00:00+00:00' AIRFLOW_CTX_TRY_NUMBER='1' AIRFLOW_CTX_DAG_RUN_ID='scheduled__2025-02-07T18:00:00+00:00'
[2025-02-07T22:42:52.018+0000] {logging_mixin.py:190} INFO - Task instance is in running state
[2025-02-07T22:42:52.040+0000] {logging_mixin.py:190} INFO -  Previous state of the Task instance: queued
[2025-02-07T22:42:52.058+0000] {logging_mixin.py:190} INFO - Current task name:check_file_in_directory state:running start_date:2025-02-07 22:42:51.541126+00:00
[2025-02-07T22:42:52.063+0000] {logging_mixin.py:190} INFO - Dag name:directory_and_file_verification_dag and current dag run status:running
[2025-02-07T22:42:52.064+0000] {taskinstance.py:731} INFO - ::endgroup::
[2025-02-07T22:42:52.065+0000] {baseoperator.py:421} WARNING - BranchPythonOperator.execute cannot be called outside TaskInstance!
[2025-02-07T22:42:52.087+0000] {python.py:240} INFO - Done. Returned value was: end
[2025-02-07T22:42:52.094+0000] {branch.py:38} INFO - Branch into end
[2025-02-07T22:42:52.097+0000] {skipmixin.py:230} INFO - Following branch ('end',)
[2025-02-07T22:42:52.146+0000] {skipmixin.py:278} INFO - Skipping tasks [('verify_file_reliability', -1)]
[2025-02-07T22:42:52.237+0000] {taskinstance.py:340} INFO - ::group::Post task execution logs
[2025-02-07T22:42:52.243+0000] {taskinstance.py:352} INFO - Marking task as SUCCESS. dag_id=directory_and_file_verification_dag, task_id=check_file_in_directory, run_id=scheduled__2025-02-07T18:00:00+00:00, execution_date=20250207T180000, start_date=20250207T224251, end_date=20250207T224252
[2025-02-07T22:42:52.277+0000] {logging_mixin.py:190} INFO - Task instance in success state
[2025-02-07T22:42:52.278+0000] {logging_mixin.py:190} INFO -  Previous state of the Task instance: running
[2025-02-07T22:42:52.279+0000] {logging_mixin.py:190} INFO - Dag name:directory_and_file_verification_dag queued_at:2025-02-07 22:42:40.187998+00:00
[2025-02-07T22:42:52.280+0000] {logging_mixin.py:190} INFO - Task hostname:003b7fbea265 operator:BranchPythonOperator
[2025-02-07T22:42:52.344+0000] {local_task_job_runner.py:266} INFO - Task exited with return code 0
[2025-02-07T22:42:52.451+0000] {taskinstance.py:3895} INFO - 0 downstream tasks scheduled from follow-on schedule check
[2025-02-07T22:42:52.464+0000] {local_task_job_runner.py:245} INFO - ::endgroup::
[2025-02-07T22:44:13.748+0000] {local_task_job_runner.py:123} INFO - ::group::Pre task execution logs
[2025-02-07T22:44:13.789+0000] {taskinstance.py:2613} INFO - Dependencies all met for dep_context=non-requeueable deps ti=<TaskInstance: directory_and_file_verification_dag.check_file_in_directory scheduled__2025-02-07T18:00:00+00:00 [queued]>
[2025-02-07T22:44:13.810+0000] {taskinstance.py:2613} INFO - Dependencies all met for dep_context=requeueable deps ti=<TaskInstance: directory_and_file_verification_dag.check_file_in_directory scheduled__2025-02-07T18:00:00+00:00 [queued]>
[2025-02-07T22:44:13.811+0000] {taskinstance.py:2866} INFO - Starting attempt 1 of 1
[2025-02-07T22:44:13.841+0000] {taskinstance.py:2889} INFO - Executing <Task(BranchPythonOperator): check_file_in_directory> on 2025-02-07 18:00:00+00:00
[2025-02-07T22:44:13.853+0000] {warnings.py:112} WARNING - /home/***/.local/lib/python3.12/site-packages/***/task/task_runner/standard_task_runner.py:70: DeprecationWarning: This process (pid=20373) is multi-threaded, use of fork() may lead to deadlocks in the child.
  pid = os.fork()

[2025-02-07T22:44:13.856+0000] {standard_task_runner.py:72} INFO - Started process 20385 to run task
[2025-02-07T22:44:13.857+0000] {standard_task_runner.py:104} INFO - Running: ['***', 'tasks', 'run', 'directory_and_file_verification_dag', 'check_file_in_directory', 'scheduled__2025-02-07T18:00:00+00:00', '--job-id', '1127', '--raw', '--subdir', 'DAGS_FOLDER/my_directory_and_file_checker.py', '--cfg-path', '/tmp/tmpadehyawi']
[2025-02-07T22:44:13.860+0000] {standard_task_runner.py:105} INFO - Job 1127: Subtask check_file_in_directory
[2025-02-07T22:44:13.982+0000] {task_command.py:467} INFO - Running <TaskInstance: directory_and_file_verification_dag.check_file_in_directory scheduled__2025-02-07T18:00:00+00:00 [running]> on host 003b7fbea265
[2025-02-07T22:44:14.628+0000] {taskinstance.py:3132} INFO - Exporting env vars: AIRFLOW_CTX_DAG_OWNER='***' AIRFLOW_CTX_DAG_ID='directory_and_file_verification_dag' AIRFLOW_CTX_TASK_ID='check_file_in_directory' AIRFLOW_CTX_EXECUTION_DATE='2025-02-07T18:00:00+00:00' AIRFLOW_CTX_TRY_NUMBER='1' AIRFLOW_CTX_DAG_RUN_ID='scheduled__2025-02-07T18:00:00+00:00'
[2025-02-07T22:44:14.630+0000] {logging_mixin.py:190} INFO - Task instance is in running state
[2025-02-07T22:44:14.631+0000] {logging_mixin.py:190} INFO -  Previous state of the Task instance: queued
[2025-02-07T22:44:14.632+0000] {logging_mixin.py:190} INFO - Current task name:check_file_in_directory state:running start_date:2025-02-07 22:44:13.790524+00:00
[2025-02-07T22:44:14.632+0000] {logging_mixin.py:190} INFO - Dag name:directory_and_file_verification_dag and current dag run status:running
[2025-02-07T22:44:14.633+0000] {taskinstance.py:731} INFO - ::endgroup::
[2025-02-07T22:44:14.634+0000] {baseoperator.py:421} WARNING - BranchPythonOperator.execute cannot be called outside TaskInstance!
[2025-02-07T22:44:14.640+0000] {python.py:240} INFO - Done. Returned value was: end
[2025-02-07T22:44:14.641+0000] {branch.py:38} INFO - Branch into end
[2025-02-07T22:44:14.642+0000] {skipmixin.py:230} INFO - Following branch ('end',)
[2025-02-07T22:44:14.657+0000] {skipmixin.py:278} INFO - Skipping tasks [('verify_file_reliability', -1)]
[2025-02-07T22:44:14.711+0000] {taskinstance.py:340} INFO - ::group::Post task execution logs
[2025-02-07T22:44:14.712+0000] {taskinstance.py:352} INFO - Marking task as SUCCESS. dag_id=directory_and_file_verification_dag, task_id=check_file_in_directory, run_id=scheduled__2025-02-07T18:00:00+00:00, execution_date=20250207T180000, start_date=20250207T224413, end_date=20250207T224414
[2025-02-07T22:44:14.731+0000] {logging_mixin.py:190} INFO - Task instance in success state
[2025-02-07T22:44:14.732+0000] {logging_mixin.py:190} INFO -  Previous state of the Task instance: running
[2025-02-07T22:44:14.732+0000] {logging_mixin.py:190} INFO - Dag name:directory_and_file_verification_dag queued_at:2025-02-07 22:44:04.851170+00:00
[2025-02-07T22:44:14.733+0000] {logging_mixin.py:190} INFO - Task hostname:003b7fbea265 operator:BranchPythonOperator
[2025-02-07T22:44:14.771+0000] {local_task_job_runner.py:266} INFO - Task exited with return code 0
[2025-02-07T22:44:14.815+0000] {taskinstance.py:3895} INFO - 0 downstream tasks scheduled from follow-on schedule check
[2025-02-07T22:44:14.823+0000] {local_task_job_runner.py:245} INFO - ::endgroup::
[2025-02-07T23:12:26.269+0000] {local_task_job_runner.py:123} INFO - ::group::Pre task execution logs
[2025-02-07T23:12:26.932+0000] {taskinstance.py:2613} INFO - Dependencies all met for dep_context=non-requeueable deps ti=<TaskInstance: directory_and_file_verification_dag.check_file_in_directory scheduled__2025-02-07T18:00:00+00:00 [queued]>
[2025-02-07T23:12:27.020+0000] {taskinstance.py:2613} INFO - Dependencies all met for dep_context=requeueable deps ti=<TaskInstance: directory_and_file_verification_dag.check_file_in_directory scheduled__2025-02-07T18:00:00+00:00 [queued]>
[2025-02-07T23:12:27.032+0000] {taskinstance.py:2866} INFO - Starting attempt 1 of 1
[2025-02-07T23:12:27.118+0000] {taskinstance.py:2889} INFO - Executing <Task(BranchPythonOperator): check_file_in_directory> on 2025-02-07 18:00:00+00:00
[2025-02-07T23:12:27.169+0000] {warnings.py:112} WARNING - /home/***/.local/lib/python3.12/site-packages/***/task/task_runner/standard_task_runner.py:70: DeprecationWarning: This process (pid=20928) is multi-threaded, use of fork() may lead to deadlocks in the child.
  pid = os.fork()

[2025-02-07T23:12:27.171+0000] {standard_task_runner.py:104} INFO - Running: ['***', 'tasks', 'run', 'directory_and_file_verification_dag', 'check_file_in_directory', 'scheduled__2025-02-07T18:00:00+00:00', '--job-id', '1176', '--raw', '--subdir', 'DAGS_FOLDER/my_directory_and_file_checker.py', '--cfg-path', '/tmp/tmpiuyl7u8k']
[2025-02-07T23:12:27.172+0000] {standard_task_runner.py:72} INFO - Started process 20943 to run task
[2025-02-07T23:12:27.188+0000] {standard_task_runner.py:105} INFO - Job 1176: Subtask check_file_in_directory
[2025-02-07T23:12:27.478+0000] {task_command.py:467} INFO - Running <TaskInstance: directory_and_file_verification_dag.check_file_in_directory scheduled__2025-02-07T18:00:00+00:00 [running]> on host 003b7fbea265
[2025-02-07T23:12:27.990+0000] {taskinstance.py:3132} INFO - Exporting env vars: AIRFLOW_CTX_DAG_OWNER='***' AIRFLOW_CTX_DAG_ID='directory_and_file_verification_dag' AIRFLOW_CTX_TASK_ID='check_file_in_directory' AIRFLOW_CTX_EXECUTION_DATE='2025-02-07T18:00:00+00:00' AIRFLOW_CTX_TRY_NUMBER='1' AIRFLOW_CTX_DAG_RUN_ID='scheduled__2025-02-07T18:00:00+00:00'
[2025-02-07T23:12:28.002+0000] {logging_mixin.py:190} INFO - Task instance is in running state
[2025-02-07T23:12:28.009+0000] {logging_mixin.py:190} INFO -  Previous state of the Task instance: queued
[2025-02-07T23:12:28.015+0000] {logging_mixin.py:190} INFO - Current task name:check_file_in_directory state:running start_date:2025-02-07 23:12:26.943638+00:00
[2025-02-07T23:12:28.016+0000] {logging_mixin.py:190} INFO - Dag name:directory_and_file_verification_dag and current dag run status:running
[2025-02-07T23:12:28.034+0000] {taskinstance.py:731} INFO - ::endgroup::
[2025-02-07T23:12:28.048+0000] {baseoperator.py:421} WARNING - BranchPythonOperator.execute cannot be called outside TaskInstance!
[2025-02-07T23:12:28.067+0000] {python.py:240} INFO - Done. Returned value was: end
[2025-02-07T23:12:28.072+0000] {branch.py:38} INFO - Branch into end
[2025-02-07T23:12:28.079+0000] {skipmixin.py:230} INFO - Following branch ('end',)
[2025-02-07T23:12:28.182+0000] {skipmixin.py:278} INFO - Skipping tasks [('verify_file_reliability', -1)]
[2025-02-07T23:12:28.314+0000] {taskinstance.py:340} INFO - ::group::Post task execution logs
[2025-02-07T23:12:28.316+0000] {taskinstance.py:352} INFO - Marking task as SUCCESS. dag_id=directory_and_file_verification_dag, task_id=check_file_in_directory, run_id=scheduled__2025-02-07T18:00:00+00:00, execution_date=20250207T180000, start_date=20250207T231226, end_date=20250207T231228
[2025-02-07T23:12:28.415+0000] {logging_mixin.py:190} INFO - Task instance in success state
[2025-02-07T23:12:28.418+0000] {logging_mixin.py:190} INFO -  Previous state of the Task instance: running
[2025-02-07T23:12:28.431+0000] {logging_mixin.py:190} INFO - Dag name:directory_and_file_verification_dag queued_at:2025-02-07 23:12:08.663597+00:00
[2025-02-07T23:12:28.448+0000] {logging_mixin.py:190} INFO - Task hostname:003b7fbea265 operator:BranchPythonOperator
[2025-02-07T23:12:28.521+0000] {local_task_job_runner.py:266} INFO - Task exited with return code 0
[2025-02-07T23:12:28.678+0000] {taskinstance.py:3895} INFO - 0 downstream tasks scheduled from follow-on schedule check
[2025-02-07T23:12:28.695+0000] {local_task_job_runner.py:245} INFO - ::endgroup::
