[2025-02-06T16:51:56.360+0000] {local_task_job_runner.py:123} INFO - ::group::Pre task execution logs
[2025-02-06T16:51:56.374+0000] {taskinstance.py:2613} INFO - Dependencies all met for dep_context=non-requeueable deps ti=<TaskInstance: directory_and_file_verification_dag.check_directory manual__2025-02-06T16:51:53.767171+00:00 [queued]>
[2025-02-06T16:51:56.383+0000] {taskinstance.py:2613} INFO - Dependencies all met for dep_context=requeueable deps ti=<TaskInstance: directory_and_file_verification_dag.check_directory manual__2025-02-06T16:51:53.767171+00:00 [queued]>
[2025-02-06T16:51:56.384+0000] {taskinstance.py:2866} INFO - Starting attempt 1 of 1
[2025-02-06T16:51:56.398+0000] {taskinstance.py:2889} INFO - Executing <Task(BranchPythonOperator): check_directory> on 2025-02-06 16:51:53.767171+00:00
[2025-02-06T16:51:56.405+0000] {warnings.py:112} WARNING - /home/***/.local/lib/python3.12/site-packages/***/task/task_runner/standard_task_runner.py:70: DeprecationWarning: This process (pid=5862) is multi-threaded, use of fork() may lead to deadlocks in the child.
  pid = os.fork()

[2025-02-06T16:51:56.406+0000] {standard_task_runner.py:72} INFO - Started process 5864 to run task
[2025-02-06T16:51:56.407+0000] {standard_task_runner.py:104} INFO - Running: ['***', 'tasks', 'run', 'directory_and_file_verification_dag', 'check_directory', 'manual__2025-02-06T16:51:53.767171+00:00', '--job-id', '653', '--raw', '--subdir', 'DAGS_FOLDER/my_directory_and_file_checker.py', '--cfg-path', '/tmp/tmpbh_3k8cl']
[2025-02-06T16:51:56.408+0000] {standard_task_runner.py:105} INFO - Job 653: Subtask check_directory
[2025-02-06T16:51:56.460+0000] {task_command.py:467} INFO - Running <TaskInstance: directory_and_file_verification_dag.check_directory manual__2025-02-06T16:51:53.767171+00:00 [running]> on host 003b7fbea265
[2025-02-06T16:51:56.752+0000] {taskinstance.py:3132} INFO - Exporting env vars: AIRFLOW_CTX_DAG_OWNER='***' AIRFLOW_CTX_DAG_ID='directory_and_file_verification_dag' AIRFLOW_CTX_TASK_ID='check_directory' AIRFLOW_CTX_EXECUTION_DATE='2025-02-06T16:51:53.767171+00:00' AIRFLOW_CTX_TRY_NUMBER='1' AIRFLOW_CTX_DAG_RUN_ID='manual__2025-02-06T16:51:53.767171+00:00'
[2025-02-06T16:51:56.753+0000] {logging_mixin.py:190} INFO - Task instance is in running state
[2025-02-06T16:51:56.753+0000] {logging_mixin.py:190} INFO -  Previous state of the Task instance: queued
[2025-02-06T16:51:56.754+0000] {logging_mixin.py:190} INFO - Current task name:check_directory state:running start_date:2025-02-06 16:51:56.376582+00:00
[2025-02-06T16:51:56.754+0000] {logging_mixin.py:190} INFO - Dag name:directory_and_file_verification_dag and current dag run status:running
[2025-02-06T16:51:56.755+0000] {taskinstance.py:731} INFO - ::endgroup::
[2025-02-06T16:51:56.756+0000] {baseoperator.py:421} WARNING - BranchPythonOperator.execute cannot be called outside TaskInstance!
[2025-02-06T16:51:56.758+0000] {logging_mixin.py:190} INFO - borusss ['error_date_execution.txt', 'statu_date_execution.txt', 'succes_date_execution.txt', 'test', 'Écritures comptables article.csv.bak', 'Écritures.csv', 'Écritures.csv.bak']
[2025-02-06T16:51:56.759+0000] {python.py:240} INFO - Done. Returned value was: check_file_in_directory
[2025-02-06T16:51:56.759+0000] {branch.py:38} INFO - Branch into check_file_in_directory
[2025-02-06T16:51:56.759+0000] {skipmixin.py:230} INFO - Following branch ('check_file_in_directory',)
[2025-02-06T16:51:56.770+0000] {skipmixin.py:278} INFO - Skipping tasks []
[2025-02-06T16:51:56.795+0000] {taskinstance.py:340} INFO - ::group::Post task execution logs
[2025-02-06T16:51:56.796+0000] {taskinstance.py:352} INFO - Marking task as SUCCESS. dag_id=directory_and_file_verification_dag, task_id=check_directory, run_id=manual__2025-02-06T16:51:53.767171+00:00, execution_date=20250206T165153, start_date=20250206T165156, end_date=20250206T165156
[2025-02-06T16:51:56.804+0000] {logging_mixin.py:190} INFO - Task instance in success state
[2025-02-06T16:51:56.805+0000] {logging_mixin.py:190} INFO -  Previous state of the Task instance: running
[2025-02-06T16:51:56.805+0000] {logging_mixin.py:190} INFO - Dag name:directory_and_file_verification_dag queued_at:2025-02-06 16:51:53.780890+00:00
[2025-02-06T16:51:56.806+0000] {logging_mixin.py:190} INFO - Task hostname:003b7fbea265 operator:BranchPythonOperator
[2025-02-06T16:51:56.822+0000] {local_task_job_runner.py:266} INFO - Task exited with return code 0
[2025-02-06T16:51:56.831+0000] {local_task_job_runner.py:245} INFO - ::endgroup::
