[2025-02-12T23:39:02.253+0000] {local_task_job_runner.py:123} INFO - ::group::Pre task execution logs
[2025-02-12T23:39:02.395+0000] {taskinstance.py:2613} INFO - Dependencies all met for dep_context=non-requeueable deps ti=<TaskInstance: IMPORTATION_ECRITURE_COMPTABLES_ARTICLE_dag.check_directory scheduled__2025-02-12T23:38:00+00:00 [queued]>
[2025-02-12T23:39:02.406+0000] {taskinstance.py:2613} INFO - Dependencies all met for dep_context=requeueable deps ti=<TaskInstance: IMPORTATION_ECRITURE_COMPTABLES_ARTICLE_dag.check_directory scheduled__2025-02-12T23:38:00+00:00 [queued]>
[2025-02-12T23:39:02.407+0000] {taskinstance.py:2866} INFO - Starting attempt 1 of 2
[2025-02-12T23:39:02.426+0000] {taskinstance.py:2889} INFO - Executing <Task(BranchPythonOperator): check_directory> on 2025-02-12 23:38:00+00:00
[2025-02-12T23:39:02.435+0000] {warnings.py:112} WARNING - /home/***/.local/lib/python3.12/site-packages/***/task/task_runner/standard_task_runner.py:70: DeprecationWarning: This process (pid=2386) is multi-threaded, use of fork() may lead to deadlocks in the child.
  pid = os.fork()

[2025-02-12T23:39:02.438+0000] {standard_task_runner.py:72} INFO - Started process 2388 to run task
[2025-02-12T23:39:02.438+0000] {standard_task_runner.py:104} INFO - Running: ['***', 'tasks', 'run', 'IMPORTATION_ECRITURE_COMPTABLES_ARTICLE_dag', 'check_directory', 'scheduled__2025-02-12T23:38:00+00:00', '--job-id', '5791', '--raw', '--subdir', 'DAGS_FOLDER/my_directory_and_file_checker.py', '--cfg-path', '/tmp/tmp0es86a4p']
[2025-02-12T23:39:02.440+0000] {standard_task_runner.py:105} INFO - Job 5791: Subtask check_directory
[2025-02-12T23:39:02.503+0000] {task_command.py:467} INFO - Running <TaskInstance: IMPORTATION_ECRITURE_COMPTABLES_ARTICLE_dag.check_directory scheduled__2025-02-12T23:38:00+00:00 [running]> on host b6443be51f35
[2025-02-12T23:39:02.613+0000] {taskinstance.py:3132} INFO - Exporting env vars: AIRFLOW_CTX_DAG_OWNER='***' AIRFLOW_CTX_DAG_ID='IMPORTATION_ECRITURE_COMPTABLES_ARTICLE_dag' AIRFLOW_CTX_TASK_ID='check_directory' AIRFLOW_CTX_EXECUTION_DATE='2025-02-12T23:38:00+00:00' AIRFLOW_CTX_TRY_NUMBER='1' AIRFLOW_CTX_DAG_RUN_ID='scheduled__2025-02-12T23:38:00+00:00'
[2025-02-12T23:39:02.615+0000] {logging_mixin.py:190} INFO - Task instance is in running state
[2025-02-12T23:39:02.616+0000] {logging_mixin.py:190} INFO -  Previous state of the Task instance: queued
[2025-02-12T23:39:02.616+0000] {logging_mixin.py:190} INFO - Current task name:check_directory state:running start_date:2025-02-12 23:39:02.396072+00:00
[2025-02-12T23:39:02.616+0000] {logging_mixin.py:190} INFO - Dag name:IMPORTATION_ECRITURE_COMPTABLES_ARTICLE_dag and current dag run status:running
[2025-02-12T23:39:02.617+0000] {taskinstance.py:731} INFO - ::endgroup::
[2025-02-12T23:39:02.617+0000] {baseoperator.py:421} WARNING - BranchPythonOperator.execute cannot be called outside TaskInstance!
[2025-02-12T23:39:02.618+0000] {python.py:240} INFO - Done. Returned value was: check_file_in_directory
[2025-02-12T23:39:02.619+0000] {branch.py:38} INFO - Branch into check_file_in_directory
[2025-02-12T23:39:02.619+0000] {skipmixin.py:230} INFO - Following branch ('check_file_in_directory',)
[2025-02-12T23:39:02.629+0000] {skipmixin.py:278} INFO - Skipping tasks []
[2025-02-12T23:39:02.658+0000] {taskinstance.py:340} INFO - ::group::Post task execution logs
[2025-02-12T23:39:02.659+0000] {taskinstance.py:352} INFO - Marking task as SUCCESS. dag_id=IMPORTATION_ECRITURE_COMPTABLES_ARTICLE_dag, task_id=check_directory, run_id=scheduled__2025-02-12T23:38:00+00:00, execution_date=20250212T233800, start_date=20250212T233902, end_date=20250212T233902
[2025-02-12T23:39:02.669+0000] {logging_mixin.py:190} INFO - Task instance in success state
[2025-02-12T23:39:02.669+0000] {logging_mixin.py:190} INFO -  Previous state of the Task instance: running
[2025-02-12T23:39:02.670+0000] {logging_mixin.py:190} INFO - Dag name:IMPORTATION_ECRITURE_COMPTABLES_ARTICLE_dag queued_at:2025-02-12 23:39:00.274084+00:00
[2025-02-12T23:39:02.670+0000] {logging_mixin.py:190} INFO - Task hostname:b6443be51f35 operator:BranchPythonOperator
[2025-02-12T23:39:02.694+0000] {local_task_job_runner.py:266} INFO - Task exited with return code 0
[2025-02-12T23:39:02.743+0000] {taskinstance.py:3895} INFO - 1 downstream tasks scheduled from follow-on schedule check
[2025-02-12T23:39:02.746+0000] {local_task_job_runner.py:245} INFO - ::endgroup::
[2025-02-12T23:39:38.055+0000] {local_task_job_runner.py:123} INFO - ::group::Pre task execution logs
[2025-02-12T23:39:38.075+0000] {taskinstance.py:2613} INFO - Dependencies all met for dep_context=non-requeueable deps ti=<TaskInstance: IMPORTATION_ECRITURE_COMPTABLES_ARTICLE_dag.check_directory scheduled__2025-02-12T23:38:00+00:00 [queued]>
[2025-02-12T23:39:38.083+0000] {taskinstance.py:2613} INFO - Dependencies all met for dep_context=requeueable deps ti=<TaskInstance: IMPORTATION_ECRITURE_COMPTABLES_ARTICLE_dag.check_directory scheduled__2025-02-12T23:38:00+00:00 [queued]>
[2025-02-12T23:39:38.083+0000] {taskinstance.py:2866} INFO - Starting attempt 1 of 2
[2025-02-12T23:39:38.205+0000] {taskinstance.py:2889} INFO - Executing <Task(BranchPythonOperator): check_directory> on 2025-02-12 23:38:00+00:00
[2025-02-12T23:39:38.213+0000] {warnings.py:112} WARNING - /home/***/.local/lib/python3.12/site-packages/***/task/task_runner/standard_task_runner.py:70: DeprecationWarning: This process (pid=2411) is multi-threaded, use of fork() may lead to deadlocks in the child.
  pid = os.fork()

[2025-02-12T23:39:38.215+0000] {standard_task_runner.py:72} INFO - Started process 2417 to run task
[2025-02-12T23:39:38.216+0000] {standard_task_runner.py:104} INFO - Running: ['***', 'tasks', 'run', 'IMPORTATION_ECRITURE_COMPTABLES_ARTICLE_dag', 'check_directory', 'scheduled__2025-02-12T23:38:00+00:00', '--job-id', '5796', '--raw', '--subdir', 'DAGS_FOLDER/my_directory_and_file_checker.py', '--cfg-path', '/tmp/tmpmnuih2o5']
[2025-02-12T23:39:38.217+0000] {standard_task_runner.py:105} INFO - Job 5796: Subtask check_directory
[2025-02-12T23:39:38.261+0000] {task_command.py:467} INFO - Running <TaskInstance: IMPORTATION_ECRITURE_COMPTABLES_ARTICLE_dag.check_directory scheduled__2025-02-12T23:38:00+00:00 [running]> on host b6443be51f35
[2025-02-12T23:39:38.332+0000] {taskinstance.py:3132} INFO - Exporting env vars: AIRFLOW_CTX_DAG_OWNER='***' AIRFLOW_CTX_DAG_ID='IMPORTATION_ECRITURE_COMPTABLES_ARTICLE_dag' AIRFLOW_CTX_TASK_ID='check_directory' AIRFLOW_CTX_EXECUTION_DATE='2025-02-12T23:38:00+00:00' AIRFLOW_CTX_TRY_NUMBER='1' AIRFLOW_CTX_DAG_RUN_ID='scheduled__2025-02-12T23:38:00+00:00'
[2025-02-12T23:39:38.333+0000] {logging_mixin.py:190} INFO - Task instance is in running state
[2025-02-12T23:39:38.334+0000] {logging_mixin.py:190} INFO -  Previous state of the Task instance: queued
[2025-02-12T23:39:38.335+0000] {logging_mixin.py:190} INFO - Current task name:check_directory state:running start_date:2025-02-12 23:39:38.076070+00:00
[2025-02-12T23:39:38.335+0000] {logging_mixin.py:190} INFO - Dag name:IMPORTATION_ECRITURE_COMPTABLES_ARTICLE_dag and current dag run status:running
[2025-02-12T23:39:38.336+0000] {taskinstance.py:731} INFO - ::endgroup::
[2025-02-12T23:39:38.336+0000] {baseoperator.py:421} WARNING - BranchPythonOperator.execute cannot be called outside TaskInstance!
[2025-02-12T23:39:38.338+0000] {python.py:240} INFO - Done. Returned value was: check_file_in_directory
[2025-02-12T23:39:38.338+0000] {branch.py:38} INFO - Branch into check_file_in_directory
[2025-02-12T23:39:38.339+0000] {skipmixin.py:230} INFO - Following branch ('check_file_in_directory',)
[2025-02-12T23:39:38.351+0000] {skipmixin.py:278} INFO - Skipping tasks []
[2025-02-12T23:39:38.378+0000] {taskinstance.py:340} INFO - ::group::Post task execution logs
[2025-02-12T23:39:38.379+0000] {taskinstance.py:352} INFO - Marking task as SUCCESS. dag_id=IMPORTATION_ECRITURE_COMPTABLES_ARTICLE_dag, task_id=check_directory, run_id=scheduled__2025-02-12T23:38:00+00:00, execution_date=20250212T233800, start_date=20250212T233938, end_date=20250212T233938
[2025-02-12T23:39:38.388+0000] {logging_mixin.py:190} INFO - Task instance in success state
[2025-02-12T23:39:38.389+0000] {logging_mixin.py:190} INFO -  Previous state of the Task instance: running
[2025-02-12T23:39:38.389+0000] {logging_mixin.py:190} INFO - Dag name:IMPORTATION_ECRITURE_COMPTABLES_ARTICLE_dag queued_at:2025-02-12 23:39:36.368052+00:00
[2025-02-12T23:39:38.390+0000] {logging_mixin.py:190} INFO - Task hostname:b6443be51f35 operator:BranchPythonOperator
[2025-02-12T23:39:38.430+0000] {local_task_job_runner.py:266} INFO - Task exited with return code 0
[2025-02-12T23:39:38.459+0000] {taskinstance.py:3895} INFO - 1 downstream tasks scheduled from follow-on schedule check
[2025-02-12T23:39:38.462+0000] {local_task_job_runner.py:245} INFO - ::endgroup::
