[2025-02-10T00:48:55.538+0000] {local_task_job_runner.py:123} INFO - ::group::Pre task execution logs
[2025-02-10T00:48:55.559+0000] {taskinstance.py:2613} INFO - Dependencies all met for dep_context=non-requeueable deps ti=<TaskInstance: directory_and_file_verification_dag.import_temp_ecc_to_ecc manual__2025-02-10T00:48:48.026237+00:00 [queued]>
[2025-02-10T00:48:55.687+0000] {taskinstance.py:2613} INFO - Dependencies all met for dep_context=requeueable deps ti=<TaskInstance: directory_and_file_verification_dag.import_temp_ecc_to_ecc manual__2025-02-10T00:48:48.026237+00:00 [queued]>
[2025-02-10T00:48:55.687+0000] {taskinstance.py:2866} INFO - Starting attempt 1 of 1
[2025-02-10T00:48:55.698+0000] {taskinstance.py:2889} INFO - Executing <Task(BranchPythonOperator): import_temp_ecc_to_ecc> on 2025-02-10 00:48:48.026237+00:00
[2025-02-10T00:48:55.705+0000] {warnings.py:112} WARNING - /home/***/.local/lib/python3.12/site-packages/***/task/task_runner/standard_task_runner.py:70: DeprecationWarning: This process (pid=719) is multi-threaded, use of fork() may lead to deadlocks in the child.
  pid = os.fork()

[2025-02-10T00:48:55.707+0000] {standard_task_runner.py:72} INFO - Started process 721 to run task
[2025-02-10T00:48:55.707+0000] {standard_task_runner.py:104} INFO - Running: ['***', 'tasks', 'run', 'directory_and_file_verification_dag', 'import_temp_ecc_to_ecc', 'manual__2025-02-10T00:48:48.026237+00:00', '--job-id', '168', '--raw', '--subdir', 'DAGS_FOLDER/my_directory_and_file_checker.py', '--cfg-path', '/tmp/tmpcpn096it']
[2025-02-10T00:48:55.708+0000] {standard_task_runner.py:105} INFO - Job 168: Subtask import_temp_ecc_to_ecc
[2025-02-10T00:48:55.762+0000] {task_command.py:467} INFO - Running <TaskInstance: directory_and_file_verification_dag.import_temp_ecc_to_ecc manual__2025-02-10T00:48:48.026237+00:00 [running]> on host b6443be51f35
[2025-02-10T00:48:55.848+0000] {taskinstance.py:3132} INFO - Exporting env vars: AIRFLOW_CTX_DAG_OWNER='***' AIRFLOW_CTX_DAG_ID='directory_and_file_verification_dag' AIRFLOW_CTX_TASK_ID='import_temp_ecc_to_ecc' AIRFLOW_CTX_EXECUTION_DATE='2025-02-10T00:48:48.026237+00:00' AIRFLOW_CTX_TRY_NUMBER='1' AIRFLOW_CTX_DAG_RUN_ID='manual__2025-02-10T00:48:48.026237+00:00'
[2025-02-10T00:48:55.851+0000] {logging_mixin.py:190} INFO - Task instance is in running state
[2025-02-10T00:48:55.852+0000] {logging_mixin.py:190} INFO -  Previous state of the Task instance: queued
[2025-02-10T00:48:55.853+0000] {logging_mixin.py:190} INFO - Current task name:import_temp_ecc_to_ecc state:running start_date:2025-02-10 00:48:55.560058+00:00
[2025-02-10T00:48:55.853+0000] {logging_mixin.py:190} INFO - Dag name:directory_and_file_verification_dag and current dag run status:running
[2025-02-10T00:48:55.854+0000] {taskinstance.py:731} INFO - ::endgroup::
[2025-02-10T00:48:55.855+0000] {baseoperator.py:421} WARNING - BranchPythonOperator.execute cannot be called outside TaskInstance!
[2025-02-10T00:48:55.865+0000] {base.py:84} INFO - Retrieving connection 'mysql_conn'
[2025-02-10T00:48:55.881+0000] {sql.py:553} INFO - Running statement:  SELECT * FROM temp_ecc; , parameters: None
[2025-02-10T00:48:55.883+0000] {sql.py:562} INFO - Rows affected: 4
[2025-02-10T00:48:55.885+0000] {logging_mixin.py:190} INFO - ❌ Erreur lors de l'importation des données : %d format: a real number is required, not datetime.date
[2025-02-10T00:48:55.886+0000] {python.py:240} INFO - Done. Returned value was: end
[2025-02-10T00:48:55.886+0000] {branch.py:38} INFO - Branch into end
[2025-02-10T00:48:55.887+0000] {skipmixin.py:230} INFO - Following branch ('end',)
[2025-02-10T00:48:55.898+0000] {skipmixin.py:278} INFO - Skipping tasks []
[2025-02-10T00:48:55.928+0000] {taskinstance.py:340} INFO - ::group::Post task execution logs
[2025-02-10T00:48:55.929+0000] {taskinstance.py:352} INFO - Marking task as SUCCESS. dag_id=directory_and_file_verification_dag, task_id=import_temp_ecc_to_ecc, run_id=manual__2025-02-10T00:48:48.026237+00:00, execution_date=20250210T004848, start_date=20250210T004855, end_date=20250210T004855
[2025-02-10T00:48:55.940+0000] {logging_mixin.py:190} INFO - Task instance in success state
[2025-02-10T00:48:55.941+0000] {logging_mixin.py:190} INFO -  Previous state of the Task instance: running
[2025-02-10T00:48:55.942+0000] {logging_mixin.py:190} INFO - Dag name:directory_and_file_verification_dag queued_at:2025-02-10 00:48:48.034736+00:00
[2025-02-10T00:48:55.942+0000] {logging_mixin.py:190} INFO - Task hostname:b6443be51f35 operator:BranchPythonOperator
[2025-02-10T00:48:55.962+0000] {local_task_job_runner.py:266} INFO - Task exited with return code 0
[2025-02-10T00:48:55.988+0000] {taskinstance.py:3895} INFO - 0 downstream tasks scheduled from follow-on schedule check
[2025-02-10T00:48:55.990+0000] {local_task_job_runner.py:245} INFO - ::endgroup::
