[2025-01-27T13:00:49.016+0000] {local_task_job_runner.py:123} INFO - ::group::Pre task execution logs
[2025-01-27T13:00:49.036+0000] {taskinstance.py:2613} INFO - Dependencies all met for dep_context=non-requeueable deps ti=<TaskInstance: tutorial_dag.load manual__2025-01-27T13:00:40.319294+00:00 [queued]>
[2025-01-27T13:00:49.047+0000] {taskinstance.py:2613} INFO - Dependencies all met for dep_context=requeueable deps ti=<TaskInstance: tutorial_dag.load manual__2025-01-27T13:00:40.319294+00:00 [queued]>
[2025-01-27T13:00:49.048+0000] {taskinstance.py:2866} INFO - Starting attempt 1 of 3
[2025-01-27T13:00:49.066+0000] {taskinstance.py:2889} INFO - Executing <Task(PythonOperator): load> on 2025-01-27 13:00:40.319294+00:00
[2025-01-27T13:00:49.073+0000] {warnings.py:112} WARNING - /home/***/.local/lib/python3.12/site-packages/***/task/task_runner/standard_task_runner.py:70: DeprecationWarning: This process (pid=159) is multi-threaded, use of fork() may lead to deadlocks in the child.
  pid = os.fork()

[2025-01-27T13:00:49.075+0000] {standard_task_runner.py:72} INFO - Started process 161 to run task
[2025-01-27T13:00:49.076+0000] {standard_task_runner.py:104} INFO - Running: ['***', 'tasks', 'run', 'tutorial_dag', 'load', 'manual__2025-01-27T13:00:40.319294+00:00', '--job-id', '787', '--raw', '--subdir', '/home/***/.local/lib/python3.12/site-packages/***/example_dags/tutorial_dag.py', '--cfg-path', '/tmp/tmp98l94_hd']
[2025-01-27T13:00:49.077+0000] {standard_task_runner.py:105} INFO - Job 787: Subtask load
[2025-01-27T13:00:49.339+0000] {task_command.py:467} INFO - Running <TaskInstance: tutorial_dag.load manual__2025-01-27T13:00:40.319294+00:00 [running]> on host 340d747f4248
[2025-01-27T13:00:49.419+0000] {taskinstance.py:3132} INFO - Exporting env vars: AIRFLOW_CTX_DAG_OWNER='***' AIRFLOW_CTX_DAG_ID='tutorial_dag' AIRFLOW_CTX_TASK_ID='load' AIRFLOW_CTX_EXECUTION_DATE='2025-01-27T13:00:40.319294+00:00' AIRFLOW_CTX_TRY_NUMBER='1' AIRFLOW_CTX_DAG_RUN_ID='manual__2025-01-27T13:00:40.319294+00:00'
[2025-01-27T13:00:49.420+0000] {logging_mixin.py:190} INFO - Task instance is in running state
[2025-01-27T13:00:49.421+0000] {logging_mixin.py:190} INFO -  Previous state of the Task instance: queued
[2025-01-27T13:00:49.422+0000] {logging_mixin.py:190} INFO - Current task name:load state:running start_date:2025-01-27 13:00:49.037896+00:00
[2025-01-27T13:00:49.422+0000] {logging_mixin.py:190} INFO - Dag name:tutorial_dag and current dag run status:running
[2025-01-27T13:00:49.423+0000] {taskinstance.py:731} INFO - ::endgroup::
[2025-01-27T13:00:49.434+0000] {logging_mixin.py:190} INFO - {'total_order_value': 1236.7}
[2025-01-27T13:00:49.435+0000] {python.py:240} INFO - Done. Returned value was: None
[2025-01-27T13:00:49.448+0000] {taskinstance.py:340} INFO - ::group::Post task execution logs
[2025-01-27T13:00:49.449+0000] {taskinstance.py:352} INFO - Marking task as SUCCESS. dag_id=tutorial_dag, task_id=load, run_id=manual__2025-01-27T13:00:40.319294+00:00, execution_date=20250127T130040, start_date=20250127T130049, end_date=20250127T130049
[2025-01-27T13:00:49.461+0000] {logging_mixin.py:190} INFO - Task instance in success state
[2025-01-27T13:00:49.461+0000] {logging_mixin.py:190} INFO -  Previous state of the Task instance: running
[2025-01-27T13:00:49.462+0000] {logging_mixin.py:190} INFO - Dag name:tutorial_dag queued_at:2025-01-27 13:00:40.355886+00:00
[2025-01-27T13:00:49.463+0000] {logging_mixin.py:190} INFO - Task hostname:340d747f4248 operator:PythonOperator
[2025-01-27T13:00:49.492+0000] {local_task_job_runner.py:266} INFO - Task exited with return code 0
[2025-01-27T13:00:49.690+0000] {taskinstance.py:3895} INFO - 0 downstream tasks scheduled from follow-on schedule check
[2025-01-27T13:00:49.692+0000] {local_task_job_runner.py:245} INFO - ::endgroup::
