[2025-02-02T11:38:34.884+0000] {local_task_job_runner.py:123} INFO - ::group::Pre task execution logs
[2025-02-02T11:38:34.906+0000] {taskinstance.py:2613} INFO - Dependencies all met for dep_context=non-requeueable deps ti=<TaskInstance: directory_and_file_verification_dag.read_files manual__2025-02-02T11:38:28.261665+00:00 [queued]>
[2025-02-02T11:38:34.917+0000] {taskinstance.py:2613} INFO - Dependencies all met for dep_context=requeueable deps ti=<TaskInstance: directory_and_file_verification_dag.read_files manual__2025-02-02T11:38:28.261665+00:00 [queued]>
[2025-02-02T11:38:34.918+0000] {taskinstance.py:2866} INFO - Starting attempt 1 of 1
[2025-02-02T11:38:34.931+0000] {taskinstance.py:2889} INFO - Executing <Task(BranchPythonOperator): read_files> on 2025-02-02 11:38:28.261665+00:00
[2025-02-02T11:38:34.938+0000] {warnings.py:112} WARNING - /home/***/.local/lib/python3.12/site-packages/***/task/task_runner/standard_task_runner.py:70: DeprecationWarning: This process (pid=1716) is multi-threaded, use of fork() may lead to deadlocks in the child.
  pid = os.fork()

[2025-02-02T11:38:34.940+0000] {standard_task_runner.py:72} INFO - Started process 1718 to run task
[2025-02-02T11:38:34.940+0000] {standard_task_runner.py:104} INFO - Running: ['***', 'tasks', 'run', 'directory_and_file_verification_dag', 'read_files', 'manual__2025-02-02T11:38:28.261665+00:00', '--job-id', '104', '--raw', '--subdir', 'DAGS_FOLDER/my_directory_and_file_checker.py', '--cfg-path', '/tmp/tmp5ayz_1j6']
[2025-02-02T11:38:34.941+0000] {standard_task_runner.py:105} INFO - Job 104: Subtask read_files
[2025-02-02T11:38:35.173+0000] {task_command.py:467} INFO - Running <TaskInstance: directory_and_file_verification_dag.read_files manual__2025-02-02T11:38:28.261665+00:00 [running]> on host 003b7fbea265
[2025-02-02T11:38:35.251+0000] {taskinstance.py:3132} INFO - Exporting env vars: AIRFLOW_CTX_DAG_OWNER='***' AIRFLOW_CTX_DAG_ID='directory_and_file_verification_dag' AIRFLOW_CTX_TASK_ID='read_files' AIRFLOW_CTX_EXECUTION_DATE='2025-02-02T11:38:28.261665+00:00' AIRFLOW_CTX_TRY_NUMBER='1' AIRFLOW_CTX_DAG_RUN_ID='manual__2025-02-02T11:38:28.261665+00:00'
[2025-02-02T11:38:35.252+0000] {logging_mixin.py:190} INFO - Task instance is in running state
[2025-02-02T11:38:35.252+0000] {logging_mixin.py:190} INFO -  Previous state of the Task instance: queued
[2025-02-02T11:38:35.253+0000] {logging_mixin.py:190} INFO - Current task name:read_files state:running start_date:2025-02-02 11:38:34.907056+00:00
[2025-02-02T11:38:35.253+0000] {logging_mixin.py:190} INFO - Dag name:directory_and_file_verification_dag and current dag run status:running
[2025-02-02T11:38:35.254+0000] {taskinstance.py:731} INFO - ::endgroup::
[2025-02-02T11:38:35.255+0000] {baseoperator.py:421} WARNING - BranchPythonOperator.execute cannot be called outside TaskInstance!
[2025-02-02T11:38:35.263+0000] {my_directory_and_file_checker.py:70} ERROR - Erreur d'encodage pour le fichier Écritures comptables article.csv: 'utf-8' codec can't decode byte 0xb0 in position 1: invalid start byte
[2025-02-02T11:38:35.329+0000] {my_directory_and_file_checker.py:73} ERROR - Erreur lors de la lecture du fichier Écritures comptables article.csv en ISO-8859-1: 'utf-8' codec can't decode byte 0xb0 in position 1: invalid start byte
[2025-02-02T11:38:35.330+0000] {logging_mixin.py:190} INFO - 
📂 Contenu du fichier: Écritures comptables article.csv
[2025-02-02T11:38:35.363+0000] {logging_mixin.py:190} INFO -   Date comptabilisation       N° lot  ... KOR par Réception KOR INPUT
0            31/12/2024  A-BNDK 2304  ...             0,000     0,000
1            31/12/2024  B-BNDK 2304  ...             0,000     0,000
2            31/12/2024  C-BNDK 2304  ...             0,000     0,000
3            31/12/2024  D-BNDK 2304  ...             0,000     0,000
4            31/12/2024  E-BNDK 2304  ...             0,000     0,000

[5 rows x 27 columns]
[2025-02-02T11:38:35.365+0000] {python.py:240} INFO - Done. Returned value was: None
[2025-02-02T11:38:35.365+0000] {branch.py:38} INFO - Branch into None
[2025-02-02T11:38:35.366+0000] {skipmixin.py:230} INFO - Following branch ()
[2025-02-02T11:38:35.378+0000] {skipmixin.py:278} INFO - Skipping tasks [('verify_file_reliability', -1), ('end', -1)]
[2025-02-02T11:38:35.397+0000] {taskinstance.py:340} INFO - ::group::Post task execution logs
[2025-02-02T11:38:35.398+0000] {taskinstance.py:352} INFO - Marking task as SUCCESS. dag_id=directory_and_file_verification_dag, task_id=read_files, run_id=manual__2025-02-02T11:38:28.261665+00:00, execution_date=20250202T113828, start_date=20250202T113834, end_date=20250202T113835
[2025-02-02T11:38:35.409+0000] {logging_mixin.py:190} INFO - Task instance in success state
[2025-02-02T11:38:35.409+0000] {logging_mixin.py:190} INFO -  Previous state of the Task instance: running
[2025-02-02T11:38:35.410+0000] {logging_mixin.py:190} INFO - Dag name:directory_and_file_verification_dag queued_at:2025-02-02 11:38:28.280684+00:00
[2025-02-02T11:38:35.411+0000] {logging_mixin.py:190} INFO - Task hostname:003b7fbea265 operator:BranchPythonOperator
[2025-02-02T11:38:35.438+0000] {local_task_job_runner.py:266} INFO - Task exited with return code 0
[2025-02-02T11:38:35.454+0000] {taskinstance.py:3895} INFO - 0 downstream tasks scheduled from follow-on schedule check
[2025-02-02T11:38:35.457+0000] {local_task_job_runner.py:245} INFO - ::endgroup::
