[2025-02-10T19:51:56.499+0000] {local_task_job_runner.py:123} INFO - ::group::Pre task execution logs
[2025-02-10T19:51:56.538+0000] {taskinstance.py:2613} INFO - Dependencies all met for dep_context=non-requeueable deps ti=<TaskInstance: IMPORTATION_ECRITURE_COMPTABLES_ARTICLE_dag.check_directory manual__2025-02-10T19:51:53.230336+00:00 [queued]>
[2025-02-10T19:51:56.553+0000] {taskinstance.py:2613} INFO - Dependencies all met for dep_context=requeueable deps ti=<TaskInstance: IMPORTATION_ECRITURE_COMPTABLES_ARTICLE_dag.check_directory manual__2025-02-10T19:51:53.230336+00:00 [queued]>
[2025-02-10T19:51:56.554+0000] {taskinstance.py:2866} INFO - Starting attempt 1 of 2
[2025-02-10T19:51:56.771+0000] {taskinstance.py:2889} INFO - Executing <Task(BranchPythonOperator): check_directory> on 2025-02-10 19:51:53.230336+00:00
[2025-02-10T19:51:56.778+0000] {warnings.py:112} WARNING - /home/***/.local/lib/python3.12/site-packages/***/task/task_runner/standard_task_runner.py:70: DeprecationWarning: This process (pid=150) is multi-threaded, use of fork() may lead to deadlocks in the child.
  pid = os.fork()

[2025-02-10T19:51:56.780+0000] {standard_task_runner.py:72} INFO - Started process 163 to run task
[2025-02-10T19:51:56.781+0000] {standard_task_runner.py:104} INFO - Running: ['***', 'tasks', 'run', 'IMPORTATION_ECRITURE_COMPTABLES_ARTICLE_dag', 'check_directory', 'manual__2025-02-10T19:51:53.230336+00:00', '--job-id', '734', '--raw', '--subdir', 'DAGS_FOLDER/my_directory_and_file_checker.py', '--cfg-path', '/tmp/tmpjg2q56j_']
[2025-02-10T19:51:56.782+0000] {standard_task_runner.py:105} INFO - Job 734: Subtask check_directory
[2025-02-10T19:51:56.841+0000] {task_command.py:467} INFO - Running <TaskInstance: IMPORTATION_ECRITURE_COMPTABLES_ARTICLE_dag.check_directory manual__2025-02-10T19:51:53.230336+00:00 [running]> on host b6443be51f35
[2025-02-10T19:51:56.939+0000] {taskinstance.py:3132} INFO - Exporting env vars: AIRFLOW_CTX_DAG_OWNER='***' AIRFLOW_CTX_DAG_ID='IMPORTATION_ECRITURE_COMPTABLES_ARTICLE_dag' AIRFLOW_CTX_TASK_ID='check_directory' AIRFLOW_CTX_EXECUTION_DATE='2025-02-10T19:51:53.230336+00:00' AIRFLOW_CTX_TRY_NUMBER='1' AIRFLOW_CTX_DAG_RUN_ID='manual__2025-02-10T19:51:53.230336+00:00'
[2025-02-10T19:51:56.941+0000] {logging_mixin.py:190} INFO - Task instance is in running state
[2025-02-10T19:51:56.941+0000] {logging_mixin.py:190} INFO -  Previous state of the Task instance: queued
[2025-02-10T19:51:56.942+0000] {logging_mixin.py:190} INFO - Current task name:check_directory state:running start_date:2025-02-10 19:51:56.538886+00:00
[2025-02-10T19:51:56.942+0000] {logging_mixin.py:190} INFO - Dag name:IMPORTATION_ECRITURE_COMPTABLES_ARTICLE_dag and current dag run status:running
[2025-02-10T19:51:56.943+0000] {taskinstance.py:731} INFO - ::endgroup::
[2025-02-10T19:51:56.943+0000] {baseoperator.py:421} WARNING - BranchPythonOperator.execute cannot be called outside TaskInstance!
[2025-02-10T19:51:56.944+0000] {python.py:240} INFO - Done. Returned value was: check_file_in_directory
[2025-02-10T19:51:56.945+0000] {branch.py:38} INFO - Branch into check_file_in_directory
[2025-02-10T19:51:56.946+0000] {skipmixin.py:230} INFO - Following branch ('check_file_in_directory',)
[2025-02-10T19:51:56.960+0000] {skipmixin.py:278} INFO - Skipping tasks []
[2025-02-10T19:51:56.998+0000] {taskinstance.py:340} INFO - ::group::Post task execution logs
[2025-02-10T19:51:56.998+0000] {taskinstance.py:352} INFO - Marking task as SUCCESS. dag_id=IMPORTATION_ECRITURE_COMPTABLES_ARTICLE_dag, task_id=check_directory, run_id=manual__2025-02-10T19:51:53.230336+00:00, execution_date=20250210T195153, start_date=20250210T195156, end_date=20250210T195156
[2025-02-10T19:51:57.009+0000] {logging_mixin.py:190} INFO - Task instance in success state
[2025-02-10T19:51:57.009+0000] {logging_mixin.py:190} INFO -  Previous state of the Task instance: running
[2025-02-10T19:51:57.010+0000] {logging_mixin.py:190} INFO - Dag name:IMPORTATION_ECRITURE_COMPTABLES_ARTICLE_dag queued_at:2025-02-10 19:51:53.256739+00:00
[2025-02-10T19:51:57.010+0000] {logging_mixin.py:190} INFO - Task hostname:b6443be51f35 operator:BranchPythonOperator
[2025-02-10T19:51:57.036+0000] {local_task_job_runner.py:266} INFO - Task exited with return code 0
[2025-02-10T19:51:57.072+0000] {taskinstance.py:3895} INFO - 1 downstream tasks scheduled from follow-on schedule check
[2025-02-10T19:51:57.074+0000] {local_task_job_runner.py:245} INFO - ::endgroup::
