[2025-02-10T15:59:10.583+0000] {local_task_job_runner.py:123} INFO - ::group::Pre task execution logs
[2025-02-10T15:59:10.767+0000] {taskinstance.py:2613} INFO - Dependencies all met for dep_context=non-requeueable deps ti=<TaskInstance: IMPORTATION_ECRITURE_COMPTABLES_ARTICLE_dag.verify_file_reliability scheduled__2025-02-10T15:58:00+00:00 [queued]>
[2025-02-10T15:59:10.779+0000] {taskinstance.py:2613} INFO - Dependencies all met for dep_context=requeueable deps ti=<TaskInstance: IMPORTATION_ECRITURE_COMPTABLES_ARTICLE_dag.verify_file_reliability scheduled__2025-02-10T15:58:00+00:00 [queued]>
[2025-02-10T15:59:10.780+0000] {taskinstance.py:2866} INFO - Starting attempt 1 of 2
[2025-02-10T15:59:10.798+0000] {taskinstance.py:2889} INFO - Executing <Task(BranchPythonOperator): verify_file_reliability> on 2025-02-10 15:58:00+00:00
[2025-02-10T15:59:10.807+0000] {warnings.py:112} WARNING - /home/***/.local/lib/python3.12/site-packages/***/task/task_runner/standard_task_runner.py:70: DeprecationWarning: This process (pid=7692) is multi-threaded, use of fork() may lead to deadlocks in the child.
  pid = os.fork()

[2025-02-10T15:59:10.810+0000] {standard_task_runner.py:72} INFO - Started process 7694 to run task
[2025-02-10T15:59:10.811+0000] {standard_task_runner.py:104} INFO - Running: ['***', 'tasks', 'run', 'IMPORTATION_ECRITURE_COMPTABLES_ARTICLE_dag', 'verify_file_reliability', 'scheduled__2025-02-10T15:58:00+00:00', '--job-id', '471', '--raw', '--subdir', 'DAGS_FOLDER/my_directory_and_file_checker.py', '--cfg-path', '/tmp/tmp9vw27wje']
[2025-02-10T15:59:10.812+0000] {standard_task_runner.py:105} INFO - Job 471: Subtask verify_file_reliability
[2025-02-10T15:59:10.866+0000] {task_command.py:467} INFO - Running <TaskInstance: IMPORTATION_ECRITURE_COMPTABLES_ARTICLE_dag.verify_file_reliability scheduled__2025-02-10T15:58:00+00:00 [running]> on host b6443be51f35
[2025-02-10T15:59:10.969+0000] {taskinstance.py:3132} INFO - Exporting env vars: AIRFLOW_CTX_DAG_OWNER='***' AIRFLOW_CTX_DAG_ID='IMPORTATION_ECRITURE_COMPTABLES_ARTICLE_dag' AIRFLOW_CTX_TASK_ID='verify_file_reliability' AIRFLOW_CTX_EXECUTION_DATE='2025-02-10T15:58:00+00:00' AIRFLOW_CTX_TRY_NUMBER='1' AIRFLOW_CTX_DAG_RUN_ID='scheduled__2025-02-10T15:58:00+00:00'
[2025-02-10T15:59:10.971+0000] {logging_mixin.py:190} INFO - Task instance is in running state
[2025-02-10T15:59:10.972+0000] {logging_mixin.py:190} INFO -  Previous state of the Task instance: queued
[2025-02-10T15:59:10.973+0000] {logging_mixin.py:190} INFO - Current task name:verify_file_reliability state:running start_date:2025-02-10 15:59:10.767930+00:00
[2025-02-10T15:59:10.974+0000] {logging_mixin.py:190} INFO - Dag name:IMPORTATION_ECRITURE_COMPTABLES_ARTICLE_dag and current dag run status:running
[2025-02-10T15:59:10.974+0000] {taskinstance.py:731} INFO - ::endgroup::
[2025-02-10T15:59:10.975+0000] {baseoperator.py:421} WARNING - BranchPythonOperator.execute cannot be called outside TaskInstance!
[2025-02-10T15:59:10.976+0000] {logging_mixin.py:190} INFO - camarche22 /opt/***/files/in ['.csv'] ['utf-8', 'ISO-8859-1', 'Windows-1252']
[2025-02-10T15:59:10.991+0000] {my_directory_and_file_checker.py:241} ERROR - ❌ Erreur d'encodage (utf-8) pour Écritures comptables article (10).csv: 'utf-8' codec can't decode byte 0xb0 in position 1: invalid start byte
[2025-02-10T15:59:11.022+0000] {logging_mixin.py:190} INFO - 
📂 Contenu du fichier (ISO-8859-1): Écritures comptables article (10).csv
[2025-02-10T15:59:11.033+0000] {logging_mixin.py:190} INFO -   Date comptabilisation      N° lot Type écriture N° document  N° séquence
0            16/12/2024         NaN         Vente   BL1900145        15735
1            16/12/2024         NaN         Vente      107012        15734
2            11/01/2025  16LABCDE24    Production   RPO000460        15733
3            11/01/2025  16LABCDE24    Production   RPO000460        15732
4            11/01/2025  16LABCDE24    Production   RPO000460        15731
[2025-02-10T15:59:12.139+0000] {logging_mixin.py:190} INFO - ✅Lignes  ('✅ Le fichier respecte les colonnes attendues et les types de données.', True) 10923
[2025-02-10T15:59:12.142+0000] {logging_mixin.py:190} INFO - merci
[2025-02-10T15:59:12.150+0000] {base.py:84} INFO - Retrieving connection 'mysql_conn'
[2025-02-10T15:59:12.163+0000] {logging_mixin.py:190} INFO - (('attendancedb',), ('caprostockdb',), ('information_schema',), ('mysql',), ('netvision_db',), ('performance_schema',), ('pointing_db',), ('posgpt_db',), ('pythondb',), ('sys',), ('testimportdb',))
[2025-02-10T15:59:12.208+0000] {logging_mixin.py:190} INFO - ⚠️ Données supprimées avant insertion.
[2025-02-10T15:59:12.826+0000] {sql.py:691} INFO - Loaded 1000 rows into temp_ecc so far
[2025-02-10T15:59:13.500+0000] {sql.py:691} INFO - Loaded 2000 rows into temp_ecc so far
[2025-02-10T15:59:14.146+0000] {sql.py:691} INFO - Loaded 3000 rows into temp_ecc so far
[2025-02-10T15:59:14.748+0000] {sql.py:691} INFO - Loaded 4000 rows into temp_ecc so far
[2025-02-10T15:59:15.517+0000] {sql.py:691} INFO - Loaded 5000 rows into temp_ecc so far
[2025-02-10T15:59:16.160+0000] {sql.py:691} INFO - Loaded 6000 rows into temp_ecc so far
[2025-02-10T15:59:16.800+0000] {sql.py:691} INFO - Loaded 7000 rows into temp_ecc so far
[2025-02-10T15:59:17.424+0000] {sql.py:691} INFO - Loaded 8000 rows into temp_ecc so far
[2025-02-10T15:59:18.010+0000] {sql.py:691} INFO - Loaded 9000 rows into temp_ecc so far
[2025-02-10T15:59:18.923+0000] {sql.py:691} INFO - Loaded 10000 rows into temp_ecc so far
[2025-02-10T15:59:19.969+0000] {sql.py:694} INFO - Done loading. Loaded a total of 10923 rows into temp_ecc
[2025-02-10T15:59:19.973+0000] {logging_mixin.py:190} INFO - connexion sql reussie True
[2025-02-10T15:59:20.025+0000] {logging_mixin.py:190} INFO - ❌ Erreur lors du déplacement du fichier : [Errno 13] Permission denied: '/opt/***/files/in/Écritures comptables article (10).csv'
[2025-02-10T15:59:20.030+0000] {python.py:240} INFO - Done. Returned value was: import_temp_ecc_to_ecc
[2025-02-10T15:59:20.031+0000] {branch.py:38} INFO - Branch into import_temp_ecc_to_ecc
[2025-02-10T15:59:20.033+0000] {skipmixin.py:230} INFO - Following branch ('import_temp_ecc_to_ecc',)
[2025-02-10T15:59:20.050+0000] {skipmixin.py:278} INFO - Skipping tasks []
[2025-02-10T15:59:20.106+0000] {taskinstance.py:340} INFO - ::group::Post task execution logs
[2025-02-10T15:59:20.109+0000] {taskinstance.py:352} INFO - Marking task as SUCCESS. dag_id=IMPORTATION_ECRITURE_COMPTABLES_ARTICLE_dag, task_id=verify_file_reliability, run_id=scheduled__2025-02-10T15:58:00+00:00, execution_date=20250210T155800, start_date=20250210T155910, end_date=20250210T155920
[2025-02-10T15:59:20.132+0000] {logging_mixin.py:190} INFO - Task instance in success state
[2025-02-10T15:59:20.132+0000] {logging_mixin.py:190} INFO -  Previous state of the Task instance: running
[2025-02-10T15:59:20.133+0000] {logging_mixin.py:190} INFO - Dag name:IMPORTATION_ECRITURE_COMPTABLES_ARTICLE_dag queued_at:2025-02-10 15:59:00.941568+00:00
[2025-02-10T15:59:20.134+0000] {logging_mixin.py:190} INFO - Task hostname:b6443be51f35 operator:BranchPythonOperator
[2025-02-10T15:59:20.187+0000] {local_task_job_runner.py:266} INFO - Task exited with return code 0
[2025-02-10T15:59:20.246+0000] {taskinstance.py:3895} INFO - 1 downstream tasks scheduled from follow-on schedule check
[2025-02-10T15:59:20.256+0000] {local_task_job_runner.py:245} INFO - ::endgroup::
