[2025-02-11T00:08:02.394+0000] {local_task_job_runner.py:123} INFO - ::group::Pre task execution logs
[2025-02-11T00:08:02.533+0000] {taskinstance.py:2613} INFO - Dependencies all met for dep_context=non-requeueable deps ti=<TaskInstance: IMPORTATION_ECRITURE_COMPTABLES_ARTICLE_dag.check_directory scheduled__2025-02-11T00:07:00+00:00 [queued]>
[2025-02-11T00:08:02.542+0000] {taskinstance.py:2613} INFO - Dependencies all met for dep_context=requeueable deps ti=<TaskInstance: IMPORTATION_ECRITURE_COMPTABLES_ARTICLE_dag.check_directory scheduled__2025-02-11T00:07:00+00:00 [queued]>
[2025-02-11T00:08:02.543+0000] {taskinstance.py:2866} INFO - Starting attempt 1 of 2
[2025-02-11T00:08:02.557+0000] {taskinstance.py:2889} INFO - Executing <Task(BranchPythonOperator): check_directory> on 2025-02-11 00:07:00+00:00
[2025-02-11T00:08:02.563+0000] {warnings.py:112} WARNING - /home/***/.local/lib/python3.12/site-packages/***/task/task_runner/standard_task_runner.py:70: DeprecationWarning: This process (pid=3060) is multi-threaded, use of fork() may lead to deadlocks in the child.
  pid = os.fork()

[2025-02-11T00:08:02.565+0000] {standard_task_runner.py:72} INFO - Started process 3062 to run task
[2025-02-11T00:08:02.565+0000] {standard_task_runner.py:104} INFO - Running: ['***', 'tasks', 'run', 'IMPORTATION_ECRITURE_COMPTABLES_ARTICLE_dag', 'check_directory', 'scheduled__2025-02-11T00:07:00+00:00', '--job-id', '1635', '--raw', '--subdir', 'DAGS_FOLDER/my_directory_and_file_checker.py', '--cfg-path', '/tmp/tmpdrz_w4p3']
[2025-02-11T00:08:02.566+0000] {standard_task_runner.py:105} INFO - Job 1635: Subtask check_directory
[2025-02-11T00:08:02.610+0000] {task_command.py:467} INFO - Running <TaskInstance: IMPORTATION_ECRITURE_COMPTABLES_ARTICLE_dag.check_directory scheduled__2025-02-11T00:07:00+00:00 [running]> on host b6443be51f35
[2025-02-11T00:08:02.687+0000] {taskinstance.py:3132} INFO - Exporting env vars: AIRFLOW_CTX_DAG_OWNER='***' AIRFLOW_CTX_DAG_ID='IMPORTATION_ECRITURE_COMPTABLES_ARTICLE_dag' AIRFLOW_CTX_TASK_ID='check_directory' AIRFLOW_CTX_EXECUTION_DATE='2025-02-11T00:07:00+00:00' AIRFLOW_CTX_TRY_NUMBER='1' AIRFLOW_CTX_DAG_RUN_ID='scheduled__2025-02-11T00:07:00+00:00'
[2025-02-11T00:08:02.689+0000] {logging_mixin.py:190} INFO - Task instance is in running state
[2025-02-11T00:08:02.689+0000] {logging_mixin.py:190} INFO -  Previous state of the Task instance: queued
[2025-02-11T00:08:02.690+0000] {logging_mixin.py:190} INFO - Current task name:check_directory state:running start_date:2025-02-11 00:08:02.534940+00:00
[2025-02-11T00:08:02.691+0000] {logging_mixin.py:190} INFO - Dag name:IMPORTATION_ECRITURE_COMPTABLES_ARTICLE_dag and current dag run status:running
[2025-02-11T00:08:02.692+0000] {taskinstance.py:731} INFO - ::endgroup::
[2025-02-11T00:08:02.693+0000] {baseoperator.py:421} WARNING - BranchPythonOperator.execute cannot be called outside TaskInstance!
[2025-02-11T00:08:02.694+0000] {python.py:240} INFO - Done. Returned value was: check_file_in_directory
[2025-02-11T00:08:02.695+0000] {branch.py:38} INFO - Branch into check_file_in_directory
[2025-02-11T00:08:02.696+0000] {skipmixin.py:230} INFO - Following branch ('check_file_in_directory',)
[2025-02-11T00:08:02.706+0000] {skipmixin.py:278} INFO - Skipping tasks []
[2025-02-11T00:08:02.731+0000] {taskinstance.py:340} INFO - ::group::Post task execution logs
[2025-02-11T00:08:02.732+0000] {taskinstance.py:352} INFO - Marking task as SUCCESS. dag_id=IMPORTATION_ECRITURE_COMPTABLES_ARTICLE_dag, task_id=check_directory, run_id=scheduled__2025-02-11T00:07:00+00:00, execution_date=20250211T000700, start_date=20250211T000802, end_date=20250211T000802
[2025-02-11T00:08:02.741+0000] {logging_mixin.py:190} INFO - Task instance in success state
[2025-02-11T00:08:02.742+0000] {logging_mixin.py:190} INFO -  Previous state of the Task instance: running
[2025-02-11T00:08:02.743+0000] {logging_mixin.py:190} INFO - Dag name:IMPORTATION_ECRITURE_COMPTABLES_ARTICLE_dag queued_at:2025-02-11 00:08:00.809055+00:00
[2025-02-11T00:08:02.743+0000] {logging_mixin.py:190} INFO - Task hostname:b6443be51f35 operator:BranchPythonOperator
[2025-02-11T00:08:02.780+0000] {local_task_job_runner.py:266} INFO - Task exited with return code 0
[2025-02-11T00:08:02.812+0000] {taskinstance.py:3895} INFO - 1 downstream tasks scheduled from follow-on schedule check
[2025-02-11T00:08:02.815+0000] {local_task_job_runner.py:245} INFO - ::endgroup::
[2025-02-11T00:08:50.315+0000] {local_task_job_runner.py:123} INFO - ::group::Pre task execution logs
[2025-02-11T00:08:50.543+0000] {taskinstance.py:2613} INFO - Dependencies all met for dep_context=non-requeueable deps ti=<TaskInstance: IMPORTATION_ECRITURE_COMPTABLES_ARTICLE_dag.check_directory scheduled__2025-02-11T00:07:00+00:00 [queued]>
[2025-02-11T00:08:50.556+0000] {taskinstance.py:2613} INFO - Dependencies all met for dep_context=requeueable deps ti=<TaskInstance: IMPORTATION_ECRITURE_COMPTABLES_ARTICLE_dag.check_directory scheduled__2025-02-11T00:07:00+00:00 [queued]>
[2025-02-11T00:08:50.557+0000] {taskinstance.py:2866} INFO - Starting attempt 1 of 2
[2025-02-11T00:08:50.580+0000] {taskinstance.py:2889} INFO - Executing <Task(BranchPythonOperator): check_directory> on 2025-02-11 00:07:00+00:00
[2025-02-11T00:08:50.591+0000] {warnings.py:112} WARNING - /home/***/.local/lib/python3.12/site-packages/***/task/task_runner/standard_task_runner.py:70: DeprecationWarning: This process (pid=3098) is multi-threaded, use of fork() may lead to deadlocks in the child.
  pid = os.fork()

[2025-02-11T00:08:50.593+0000] {standard_task_runner.py:72} INFO - Started process 3100 to run task
[2025-02-11T00:08:50.594+0000] {standard_task_runner.py:104} INFO - Running: ['***', 'tasks', 'run', 'IMPORTATION_ECRITURE_COMPTABLES_ARTICLE_dag', 'check_directory', 'scheduled__2025-02-11T00:07:00+00:00', '--job-id', '1641', '--raw', '--subdir', 'DAGS_FOLDER/my_directory_and_file_checker.py', '--cfg-path', '/tmp/tmp8ubp75tl']
[2025-02-11T00:08:50.596+0000] {standard_task_runner.py:105} INFO - Job 1641: Subtask check_directory
[2025-02-11T00:08:50.709+0000] {task_command.py:467} INFO - Running <TaskInstance: IMPORTATION_ECRITURE_COMPTABLES_ARTICLE_dag.check_directory scheduled__2025-02-11T00:07:00+00:00 [running]> on host b6443be51f35
[2025-02-11T00:08:50.918+0000] {taskinstance.py:3132} INFO - Exporting env vars: AIRFLOW_CTX_DAG_OWNER='***' AIRFLOW_CTX_DAG_ID='IMPORTATION_ECRITURE_COMPTABLES_ARTICLE_dag' AIRFLOW_CTX_TASK_ID='check_directory' AIRFLOW_CTX_EXECUTION_DATE='2025-02-11T00:07:00+00:00' AIRFLOW_CTX_TRY_NUMBER='1' AIRFLOW_CTX_DAG_RUN_ID='scheduled__2025-02-11T00:07:00+00:00'
[2025-02-11T00:08:50.920+0000] {logging_mixin.py:190} INFO - Task instance is in running state
[2025-02-11T00:08:50.921+0000] {logging_mixin.py:190} INFO -  Previous state of the Task instance: queued
[2025-02-11T00:08:50.922+0000] {logging_mixin.py:190} INFO - Current task name:check_directory state:running start_date:2025-02-11 00:08:50.544049+00:00
[2025-02-11T00:08:50.922+0000] {logging_mixin.py:190} INFO - Dag name:IMPORTATION_ECRITURE_COMPTABLES_ARTICLE_dag and current dag run status:running
[2025-02-11T00:08:50.923+0000] {taskinstance.py:731} INFO - ::endgroup::
[2025-02-11T00:08:50.924+0000] {baseoperator.py:421} WARNING - BranchPythonOperator.execute cannot be called outside TaskInstance!
[2025-02-11T00:08:50.925+0000] {python.py:240} INFO - Done. Returned value was: check_file_in_directory
[2025-02-11T00:08:50.926+0000] {branch.py:38} INFO - Branch into check_file_in_directory
[2025-02-11T00:08:50.927+0000] {skipmixin.py:230} INFO - Following branch ('check_file_in_directory',)
[2025-02-11T00:08:50.944+0000] {skipmixin.py:278} INFO - Skipping tasks []
[2025-02-11T00:08:51.102+0000] {taskinstance.py:340} INFO - ::group::Post task execution logs
[2025-02-11T00:08:51.104+0000] {taskinstance.py:352} INFO - Marking task as SUCCESS. dag_id=IMPORTATION_ECRITURE_COMPTABLES_ARTICLE_dag, task_id=check_directory, run_id=scheduled__2025-02-11T00:07:00+00:00, execution_date=20250211T000700, start_date=20250211T000850, end_date=20250211T000851
[2025-02-11T00:08:51.139+0000] {logging_mixin.py:190} INFO - Task instance in success state
[2025-02-11T00:08:51.141+0000] {logging_mixin.py:190} INFO -  Previous state of the Task instance: running
[2025-02-11T00:08:51.142+0000] {logging_mixin.py:190} INFO - Dag name:IMPORTATION_ECRITURE_COMPTABLES_ARTICLE_dag queued_at:2025-02-11 00:08:47.395775+00:00
[2025-02-11T00:08:51.143+0000] {logging_mixin.py:190} INFO - Task hostname:b6443be51f35 operator:BranchPythonOperator
[2025-02-11T00:08:51.172+0000] {local_task_job_runner.py:266} INFO - Task exited with return code 0
[2025-02-11T00:08:51.213+0000] {taskinstance.py:3895} INFO - 1 downstream tasks scheduled from follow-on schedule check
[2025-02-11T00:08:51.237+0000] {local_task_job_runner.py:245} INFO - ::endgroup::
