[2025-02-02T16:02:17.880+0000] {local_task_job_runner.py:123} INFO - ::group::Pre task execution logs
[2025-02-02T16:02:17.896+0000] {taskinstance.py:2613} INFO - Dependencies all met for dep_context=non-requeueable deps ti=<TaskInstance: directory_and_file_verification_dag.check_file_in_directory manual__2025-02-02T16:02:13.544293+00:00 [queued]>
[2025-02-02T16:02:17.903+0000] {taskinstance.py:2613} INFO - Dependencies all met for dep_context=requeueable deps ti=<TaskInstance: directory_and_file_verification_dag.check_file_in_directory manual__2025-02-02T16:02:13.544293+00:00 [queued]>
[2025-02-02T16:02:17.904+0000] {taskinstance.py:2866} INFO - Starting attempt 1 of 1
[2025-02-02T16:02:17.916+0000] {taskinstance.py:2889} INFO - Executing <Task(BranchPythonOperator): check_file_in_directory> on 2025-02-02 16:02:13.544293+00:00
[2025-02-02T16:02:17.921+0000] {warnings.py:112} WARNING - /home/***/.local/lib/python3.12/site-packages/***/task/task_runner/standard_task_runner.py:70: DeprecationWarning: This process (pid=417) is multi-threaded, use of fork() may lead to deadlocks in the child.
  pid = os.fork()

[2025-02-02T16:02:17.923+0000] {standard_task_runner.py:72} INFO - Started process 419 to run task
[2025-02-02T16:02:17.923+0000] {standard_task_runner.py:104} INFO - Running: ['***', 'tasks', 'run', 'directory_and_file_verification_dag', 'check_file_in_directory', 'manual__2025-02-02T16:02:13.544293+00:00', '--job-id', '228', '--raw', '--subdir', 'DAGS_FOLDER/my_directory_and_file_checker.py', '--cfg-path', '/tmp/tmp34qv02my']
[2025-02-02T16:02:17.924+0000] {standard_task_runner.py:105} INFO - Job 228: Subtask check_file_in_directory
[2025-02-02T16:02:18.102+0000] {task_command.py:467} INFO - Running <TaskInstance: directory_and_file_verification_dag.check_file_in_directory manual__2025-02-02T16:02:13.544293+00:00 [running]> on host 003b7fbea265
[2025-02-02T16:02:18.159+0000] {taskinstance.py:3132} INFO - Exporting env vars: AIRFLOW_CTX_DAG_OWNER='***' AIRFLOW_CTX_DAG_ID='directory_and_file_verification_dag' AIRFLOW_CTX_TASK_ID='check_file_in_directory' AIRFLOW_CTX_EXECUTION_DATE='2025-02-02T16:02:13.544293+00:00' AIRFLOW_CTX_TRY_NUMBER='1' AIRFLOW_CTX_DAG_RUN_ID='manual__2025-02-02T16:02:13.544293+00:00'
[2025-02-02T16:02:18.160+0000] {logging_mixin.py:190} INFO - Task instance is in running state
[2025-02-02T16:02:18.161+0000] {logging_mixin.py:190} INFO -  Previous state of the Task instance: queued
[2025-02-02T16:02:18.162+0000] {logging_mixin.py:190} INFO - Current task name:check_file_in_directory state:running start_date:2025-02-02 16:02:17.896936+00:00
[2025-02-02T16:02:18.162+0000] {logging_mixin.py:190} INFO - Dag name:directory_and_file_verification_dag and current dag run status:running
[2025-02-02T16:02:18.163+0000] {taskinstance.py:731} INFO - ::endgroup::
[2025-02-02T16:02:18.164+0000] {baseoperator.py:421} WARNING - BranchPythonOperator.execute cannot be called outside TaskInstance!
[2025-02-02T16:02:18.167+0000] {python.py:240} INFO - Done. Returned value was: verify_file_reliability
[2025-02-02T16:02:18.168+0000] {branch.py:38} INFO - Branch into verify_file_reliability
[2025-02-02T16:02:18.168+0000] {skipmixin.py:230} INFO - Following branch ('verify_file_reliability',)
[2025-02-02T16:02:18.178+0000] {skipmixin.py:278} INFO - Skipping tasks []
[2025-02-02T16:02:18.200+0000] {taskinstance.py:340} INFO - ::group::Post task execution logs
[2025-02-02T16:02:18.201+0000] {taskinstance.py:352} INFO - Marking task as SUCCESS. dag_id=directory_and_file_verification_dag, task_id=check_file_in_directory, run_id=manual__2025-02-02T16:02:13.544293+00:00, execution_date=20250202T160213, start_date=20250202T160217, end_date=20250202T160218
[2025-02-02T16:02:18.209+0000] {logging_mixin.py:190} INFO - Task instance in success state
[2025-02-02T16:02:18.210+0000] {logging_mixin.py:190} INFO -  Previous state of the Task instance: running
[2025-02-02T16:02:18.210+0000] {logging_mixin.py:190} INFO - Dag name:directory_and_file_verification_dag queued_at:2025-02-02 16:02:13.554327+00:00
[2025-02-02T16:02:18.211+0000] {logging_mixin.py:190} INFO - Task hostname:003b7fbea265 operator:BranchPythonOperator
[2025-02-02T16:02:18.259+0000] {local_task_job_runner.py:266} INFO - Task exited with return code 0
[2025-02-02T16:02:18.407+0000] {taskinstance.py:3895} INFO - 1 downstream tasks scheduled from follow-on schedule check
[2025-02-02T16:02:18.410+0000] {local_task_job_runner.py:245} INFO - ::endgroup::
