[2025-02-13T22:56:03.741+0000] {local_task_job_runner.py:123} INFO - ::group::Pre task execution logs
[2025-02-13T22:56:03.886+0000] {taskinstance.py:2613} INFO - Dependencies all met for dep_context=non-requeueable deps ti=<TaskInstance: IMPORTATION_ECRITURE_COMPTABLES_ARTICLE_dag.check_file_in_directory scheduled__2025-02-13T22:55:00+00:00 [queued]>
[2025-02-13T22:56:03.897+0000] {taskinstance.py:2613} INFO - Dependencies all met for dep_context=requeueable deps ti=<TaskInstance: IMPORTATION_ECRITURE_COMPTABLES_ARTICLE_dag.check_file_in_directory scheduled__2025-02-13T22:55:00+00:00 [queued]>
[2025-02-13T22:56:03.898+0000] {taskinstance.py:2866} INFO - Starting attempt 1 of 2
[2025-02-13T22:56:03.915+0000] {taskinstance.py:2889} INFO - Executing <Task(BranchPythonOperator): check_file_in_directory> on 2025-02-13 22:55:00+00:00
[2025-02-13T22:56:03.923+0000] {warnings.py:112} WARNING - /home/***/.local/lib/python3.12/site-packages/***/task/task_runner/standard_task_runner.py:70: DeprecationWarning: This process (pid=1001) is multi-threaded, use of fork() may lead to deadlocks in the child.
  pid = os.fork()

[2025-02-13T22:56:03.925+0000] {standard_task_runner.py:72} INFO - Started process 1003 to run task
[2025-02-13T22:56:03.925+0000] {standard_task_runner.py:104} INFO - Running: ['***', 'tasks', 'run', 'IMPORTATION_ECRITURE_COMPTABLES_ARTICLE_dag', 'check_file_in_directory', 'scheduled__2025-02-13T22:55:00+00:00', '--job-id', '8414', '--raw', '--subdir', 'DAGS_FOLDER/my_directory_and_file_checker.py', '--cfg-path', '/tmp/tmp85hb44en']
[2025-02-13T22:56:03.926+0000] {standard_task_runner.py:105} INFO - Job 8414: Subtask check_file_in_directory
[2025-02-13T22:56:03.975+0000] {task_command.py:467} INFO - Running <TaskInstance: IMPORTATION_ECRITURE_COMPTABLES_ARTICLE_dag.check_file_in_directory scheduled__2025-02-13T22:55:00+00:00 [running]> on host b6443be51f35
[2025-02-13T22:56:04.089+0000] {taskinstance.py:3132} INFO - Exporting env vars: AIRFLOW_CTX_DAG_OWNER='***' AIRFLOW_CTX_DAG_ID='IMPORTATION_ECRITURE_COMPTABLES_ARTICLE_dag' AIRFLOW_CTX_TASK_ID='check_file_in_directory' AIRFLOW_CTX_EXECUTION_DATE='2025-02-13T22:55:00+00:00' AIRFLOW_CTX_TRY_NUMBER='1' AIRFLOW_CTX_DAG_RUN_ID='scheduled__2025-02-13T22:55:00+00:00'
[2025-02-13T22:56:04.091+0000] {logging_mixin.py:190} INFO - Task instance is in running state
[2025-02-13T22:56:04.092+0000] {logging_mixin.py:190} INFO -  Previous state of the Task instance: queued
[2025-02-13T22:56:04.092+0000] {logging_mixin.py:190} INFO - Current task name:check_file_in_directory state:running start_date:2025-02-13 22:56:03.887021+00:00
[2025-02-13T22:56:04.093+0000] {logging_mixin.py:190} INFO - Dag name:IMPORTATION_ECRITURE_COMPTABLES_ARTICLE_dag and current dag run status:running
[2025-02-13T22:56:04.093+0000] {taskinstance.py:731} INFO - ::endgroup::
[2025-02-13T22:56:04.094+0000] {baseoperator.py:421} WARNING - BranchPythonOperator.execute cannot be called outside TaskInstance!
[2025-02-13T22:56:04.095+0000] {logging_mixin.py:190} INFO - ca marche /opt/***/files/in ['.csv']
[2025-02-13T22:56:04.098+0000] {python.py:240} INFO - Done. Returned value was: verify_file_reliability
[2025-02-13T22:56:04.099+0000] {branch.py:38} INFO - Branch into verify_file_reliability
[2025-02-13T22:56:04.100+0000] {skipmixin.py:230} INFO - Following branch ('verify_file_reliability',)
[2025-02-13T22:56:04.134+0000] {skipmixin.py:278} INFO - Skipping tasks []
[2025-02-13T22:56:04.174+0000] {taskinstance.py:340} INFO - ::group::Post task execution logs
[2025-02-13T22:56:04.175+0000] {taskinstance.py:352} INFO - Marking task as SUCCESS. dag_id=IMPORTATION_ECRITURE_COMPTABLES_ARTICLE_dag, task_id=check_file_in_directory, run_id=scheduled__2025-02-13T22:55:00+00:00, execution_date=20250213T225500, start_date=20250213T225603, end_date=20250213T225604
[2025-02-13T22:56:04.192+0000] {logging_mixin.py:190} INFO - Task instance in success state
[2025-02-13T22:56:04.193+0000] {logging_mixin.py:190} INFO -  Previous state of the Task instance: running
[2025-02-13T22:56:04.194+0000] {logging_mixin.py:190} INFO - Dag name:IMPORTATION_ECRITURE_COMPTABLES_ARTICLE_dag queued_at:2025-02-13 22:56:00.211438+00:00
[2025-02-13T22:56:04.194+0000] {logging_mixin.py:190} INFO - Task hostname:b6443be51f35 operator:BranchPythonOperator
[2025-02-13T22:56:04.220+0000] {local_task_job_runner.py:266} INFO - Task exited with return code 0
[2025-02-13T22:56:04.268+0000] {taskinstance.py:3895} INFO - 1 downstream tasks scheduled from follow-on schedule check
[2025-02-13T22:56:04.271+0000] {local_task_job_runner.py:245} INFO - ::endgroup::
[2025-02-13T22:56:57.722+0000] {local_task_job_runner.py:123} INFO - ::group::Pre task execution logs
[2025-02-13T22:56:57.905+0000] {taskinstance.py:2613} INFO - Dependencies all met for dep_context=non-requeueable deps ti=<TaskInstance: IMPORTATION_ECRITURE_COMPTABLES_ARTICLE_dag.check_file_in_directory scheduled__2025-02-13T22:55:00+00:00 [queued]>
[2025-02-13T22:56:57.922+0000] {taskinstance.py:2613} INFO - Dependencies all met for dep_context=requeueable deps ti=<TaskInstance: IMPORTATION_ECRITURE_COMPTABLES_ARTICLE_dag.check_file_in_directory scheduled__2025-02-13T22:55:00+00:00 [queued]>
[2025-02-13T22:56:57.923+0000] {taskinstance.py:2866} INFO - Starting attempt 1 of 2
[2025-02-13T22:56:57.970+0000] {taskinstance.py:2889} INFO - Executing <Task(BranchPythonOperator): check_file_in_directory> on 2025-02-13 22:55:00+00:00
[2025-02-13T22:56:57.983+0000] {standard_task_runner.py:104} INFO - Running: ['***', 'tasks', 'run', 'IMPORTATION_ECRITURE_COMPTABLES_ARTICLE_dag', 'check_file_in_directory', 'scheduled__2025-02-13T22:55:00+00:00', '--job-id', '8417', '--raw', '--subdir', 'DAGS_FOLDER/my_directory_and_file_checker.py', '--cfg-path', '/tmp/tmpc10yimm0']
[2025-02-13T22:56:57.985+0000] {standard_task_runner.py:105} INFO - Job 8417: Subtask check_file_in_directory
[2025-02-13T22:56:57.980+0000] {warnings.py:112} WARNING - /home/***/.local/lib/python3.12/site-packages/***/task/task_runner/standard_task_runner.py:70: DeprecationWarning: This process (pid=1027) is multi-threaded, use of fork() may lead to deadlocks in the child.
  pid = os.fork()

[2025-02-13T22:56:57.993+0000] {standard_task_runner.py:72} INFO - Started process 1029 to run task
[2025-02-13T22:56:58.093+0000] {task_command.py:467} INFO - Running <TaskInstance: IMPORTATION_ECRITURE_COMPTABLES_ARTICLE_dag.check_file_in_directory scheduled__2025-02-13T22:55:00+00:00 [running]> on host b6443be51f35
[2025-02-13T22:56:58.205+0000] {taskinstance.py:3132} INFO - Exporting env vars: AIRFLOW_CTX_DAG_OWNER='***' AIRFLOW_CTX_DAG_ID='IMPORTATION_ECRITURE_COMPTABLES_ARTICLE_dag' AIRFLOW_CTX_TASK_ID='check_file_in_directory' AIRFLOW_CTX_EXECUTION_DATE='2025-02-13T22:55:00+00:00' AIRFLOW_CTX_TRY_NUMBER='1' AIRFLOW_CTX_DAG_RUN_ID='scheduled__2025-02-13T22:55:00+00:00'
[2025-02-13T22:56:58.207+0000] {logging_mixin.py:190} INFO - Task instance is in running state
[2025-02-13T22:56:58.208+0000] {logging_mixin.py:190} INFO -  Previous state of the Task instance: queued
[2025-02-13T22:56:58.208+0000] {logging_mixin.py:190} INFO - Current task name:check_file_in_directory state:running start_date:2025-02-13 22:56:57.905809+00:00
[2025-02-13T22:56:58.209+0000] {logging_mixin.py:190} INFO - Dag name:IMPORTATION_ECRITURE_COMPTABLES_ARTICLE_dag and current dag run status:running
[2025-02-13T22:56:58.210+0000] {taskinstance.py:731} INFO - ::endgroup::
[2025-02-13T22:56:58.210+0000] {baseoperator.py:421} WARNING - BranchPythonOperator.execute cannot be called outside TaskInstance!
[2025-02-13T22:56:58.211+0000] {logging_mixin.py:190} INFO - ca marche /opt/***/files/in ['.csv']
[2025-02-13T22:56:58.214+0000] {python.py:240} INFO - Done. Returned value was: verify_file_reliability
[2025-02-13T22:56:58.215+0000] {branch.py:38} INFO - Branch into verify_file_reliability
[2025-02-13T22:56:58.216+0000] {skipmixin.py:230} INFO - Following branch ('verify_file_reliability',)
[2025-02-13T22:56:58.235+0000] {skipmixin.py:278} INFO - Skipping tasks []
[2025-02-13T22:56:58.267+0000] {taskinstance.py:340} INFO - ::group::Post task execution logs
[2025-02-13T22:56:58.268+0000] {taskinstance.py:352} INFO - Marking task as SUCCESS. dag_id=IMPORTATION_ECRITURE_COMPTABLES_ARTICLE_dag, task_id=check_file_in_directory, run_id=scheduled__2025-02-13T22:55:00+00:00, execution_date=20250213T225500, start_date=20250213T225657, end_date=20250213T225658
[2025-02-13T22:56:58.280+0000] {logging_mixin.py:190} INFO - Task instance in success state
[2025-02-13T22:56:58.280+0000] {logging_mixin.py:190} INFO -  Previous state of the Task instance: running
[2025-02-13T22:56:58.281+0000] {logging_mixin.py:190} INFO - Dag name:IMPORTATION_ECRITURE_COMPTABLES_ARTICLE_dag queued_at:2025-02-13 22:56:52.577524+00:00
[2025-02-13T22:56:58.281+0000] {logging_mixin.py:190} INFO - Task hostname:b6443be51f35 operator:BranchPythonOperator
[2025-02-13T22:56:58.330+0000] {local_task_job_runner.py:266} INFO - Task exited with return code 0
[2025-02-13T22:56:58.372+0000] {taskinstance.py:3895} INFO - 1 downstream tasks scheduled from follow-on schedule check
[2025-02-13T22:56:58.375+0000] {local_task_job_runner.py:245} INFO - ::endgroup::
