[2025-02-12T15:03:04.835+0000] {local_task_job_runner.py:123} INFO - ::group::Pre task execution logs
[2025-02-12T15:03:04.863+0000] {taskinstance.py:2613} INFO - Dependencies all met for dep_context=non-requeueable deps ti=<TaskInstance: IMPORTATION_ECRITURE_COMPTABLES_ARTICLE_dag.check_file_in_directory scheduled__2025-02-12T15:02:00+00:00 [queued]>
[2025-02-12T15:03:04.875+0000] {taskinstance.py:2613} INFO - Dependencies all met for dep_context=requeueable deps ti=<TaskInstance: IMPORTATION_ECRITURE_COMPTABLES_ARTICLE_dag.check_file_in_directory scheduled__2025-02-12T15:02:00+00:00 [queued]>
[2025-02-12T15:03:04.876+0000] {taskinstance.py:2866} INFO - Starting attempt 1 of 2
[2025-02-12T15:03:04.893+0000] {taskinstance.py:2889} INFO - Executing <Task(BranchPythonOperator): check_file_in_directory> on 2025-02-12 15:02:00+00:00
[2025-02-12T15:03:04.903+0000] {warnings.py:112} WARNING - /home/***/.local/lib/python3.12/site-packages/***/task/task_runner/standard_task_runner.py:70: DeprecationWarning: This process (pid=10531) is multi-threaded, use of fork() may lead to deadlocks in the child.
  pid = os.fork()

[2025-02-12T15:03:04.905+0000] {standard_task_runner.py:72} INFO - Started process 10533 to run task
[2025-02-12T15:03:04.906+0000] {standard_task_runner.py:104} INFO - Running: ['***', 'tasks', 'run', 'IMPORTATION_ECRITURE_COMPTABLES_ARTICLE_dag', 'check_file_in_directory', 'scheduled__2025-02-12T15:02:00+00:00', '--job-id', '5129', '--raw', '--subdir', 'DAGS_FOLDER/my_directory_and_file_checker.py', '--cfg-path', '/tmp/tmpx06623v2']
[2025-02-12T15:03:04.907+0000] {standard_task_runner.py:105} INFO - Job 5129: Subtask check_file_in_directory
[2025-02-12T15:03:04.983+0000] {task_command.py:467} INFO - Running <TaskInstance: IMPORTATION_ECRITURE_COMPTABLES_ARTICLE_dag.check_file_in_directory scheduled__2025-02-12T15:02:00+00:00 [running]> on host b6443be51f35
[2025-02-12T15:03:05.363+0000] {taskinstance.py:3132} INFO - Exporting env vars: AIRFLOW_CTX_DAG_OWNER='***' AIRFLOW_CTX_DAG_ID='IMPORTATION_ECRITURE_COMPTABLES_ARTICLE_dag' AIRFLOW_CTX_TASK_ID='check_file_in_directory' AIRFLOW_CTX_EXECUTION_DATE='2025-02-12T15:02:00+00:00' AIRFLOW_CTX_TRY_NUMBER='1' AIRFLOW_CTX_DAG_RUN_ID='scheduled__2025-02-12T15:02:00+00:00'
[2025-02-12T15:03:05.364+0000] {logging_mixin.py:190} INFO - Task instance is in running state
[2025-02-12T15:03:05.364+0000] {logging_mixin.py:190} INFO -  Previous state of the Task instance: queued
[2025-02-12T15:03:05.365+0000] {logging_mixin.py:190} INFO - Current task name:check_file_in_directory state:running start_date:2025-02-12 15:03:04.864105+00:00
[2025-02-12T15:03:05.365+0000] {logging_mixin.py:190} INFO - Dag name:IMPORTATION_ECRITURE_COMPTABLES_ARTICLE_dag and current dag run status:running
[2025-02-12T15:03:05.365+0000] {taskinstance.py:731} INFO - ::endgroup::
[2025-02-12T15:03:05.366+0000] {baseoperator.py:421} WARNING - BranchPythonOperator.execute cannot be called outside TaskInstance!
[2025-02-12T15:03:05.366+0000] {logging_mixin.py:190} INFO - ca marche /opt/***/files/in ['.csv']
[2025-02-12T15:03:05.368+0000] {python.py:240} INFO - Done. Returned value was: verify_file_reliability
[2025-02-12T15:03:05.369+0000] {branch.py:38} INFO - Branch into verify_file_reliability
[2025-02-12T15:03:05.369+0000] {skipmixin.py:230} INFO - Following branch ('verify_file_reliability',)
[2025-02-12T15:03:05.378+0000] {skipmixin.py:278} INFO - Skipping tasks []
[2025-02-12T15:03:05.405+0000] {taskinstance.py:340} INFO - ::group::Post task execution logs
[2025-02-12T15:03:05.406+0000] {taskinstance.py:352} INFO - Marking task as SUCCESS. dag_id=IMPORTATION_ECRITURE_COMPTABLES_ARTICLE_dag, task_id=check_file_in_directory, run_id=scheduled__2025-02-12T15:02:00+00:00, execution_date=20250212T150200, start_date=20250212T150304, end_date=20250212T150305
[2025-02-12T15:03:05.417+0000] {logging_mixin.py:190} INFO - Task instance in success state
[2025-02-12T15:03:05.417+0000] {logging_mixin.py:190} INFO -  Previous state of the Task instance: running
[2025-02-12T15:03:05.418+0000] {logging_mixin.py:190} INFO - Dag name:IMPORTATION_ECRITURE_COMPTABLES_ARTICLE_dag queued_at:2025-02-12 15:03:00.992306+00:00
[2025-02-12T15:03:05.418+0000] {logging_mixin.py:190} INFO - Task hostname:b6443be51f35 operator:BranchPythonOperator
[2025-02-12T15:03:05.442+0000] {local_task_job_runner.py:266} INFO - Task exited with return code 0
[2025-02-12T15:03:05.478+0000] {taskinstance.py:3895} INFO - 1 downstream tasks scheduled from follow-on schedule check
[2025-02-12T15:03:05.480+0000] {local_task_job_runner.py:245} INFO - ::endgroup::
[2025-02-12T15:04:04.821+0000] {local_task_job_runner.py:123} INFO - ::group::Pre task execution logs
[2025-02-12T15:04:04.849+0000] {taskinstance.py:2613} INFO - Dependencies all met for dep_context=non-requeueable deps ti=<TaskInstance: IMPORTATION_ECRITURE_COMPTABLES_ARTICLE_dag.check_file_in_directory scheduled__2025-02-12T15:02:00+00:00 [queued]>
[2025-02-12T15:04:04.864+0000] {taskinstance.py:2613} INFO - Dependencies all met for dep_context=requeueable deps ti=<TaskInstance: IMPORTATION_ECRITURE_COMPTABLES_ARTICLE_dag.check_file_in_directory scheduled__2025-02-12T15:02:00+00:00 [queued]>
[2025-02-12T15:04:04.865+0000] {taskinstance.py:2866} INFO - Starting attempt 1 of 2
[2025-02-12T15:04:04.883+0000] {taskinstance.py:2889} INFO - Executing <Task(BranchPythonOperator): check_file_in_directory> on 2025-02-12 15:02:00+00:00
[2025-02-12T15:04:04.892+0000] {warnings.py:112} WARNING - /home/***/.local/lib/python3.12/site-packages/***/task/task_runner/standard_task_runner.py:70: DeprecationWarning: This process (pid=10566) is multi-threaded, use of fork() may lead to deadlocks in the child.
  pid = os.fork()

[2025-02-12T15:04:04.894+0000] {standard_task_runner.py:72} INFO - Started process 10569 to run task
[2025-02-12T15:04:04.895+0000] {standard_task_runner.py:104} INFO - Running: ['***', 'tasks', 'run', 'IMPORTATION_ECRITURE_COMPTABLES_ARTICLE_dag', 'check_file_in_directory', 'scheduled__2025-02-12T15:02:00+00:00', '--job-id', '5135', '--raw', '--subdir', 'DAGS_FOLDER/my_directory_and_file_checker.py', '--cfg-path', '/tmp/tmpru2uhhk8']
[2025-02-12T15:04:04.897+0000] {standard_task_runner.py:105} INFO - Job 5135: Subtask check_file_in_directory
[2025-02-12T15:04:04.951+0000] {task_command.py:467} INFO - Running <TaskInstance: IMPORTATION_ECRITURE_COMPTABLES_ARTICLE_dag.check_file_in_directory scheduled__2025-02-12T15:02:00+00:00 [running]> on host b6443be51f35
[2025-02-12T15:04:05.250+0000] {taskinstance.py:3132} INFO - Exporting env vars: AIRFLOW_CTX_DAG_OWNER='***' AIRFLOW_CTX_DAG_ID='IMPORTATION_ECRITURE_COMPTABLES_ARTICLE_dag' AIRFLOW_CTX_TASK_ID='check_file_in_directory' AIRFLOW_CTX_EXECUTION_DATE='2025-02-12T15:02:00+00:00' AIRFLOW_CTX_TRY_NUMBER='1' AIRFLOW_CTX_DAG_RUN_ID='scheduled__2025-02-12T15:02:00+00:00'
[2025-02-12T15:04:05.252+0000] {logging_mixin.py:190} INFO - Task instance is in running state
[2025-02-12T15:04:05.253+0000] {logging_mixin.py:190} INFO -  Previous state of the Task instance: queued
[2025-02-12T15:04:05.253+0000] {logging_mixin.py:190} INFO - Current task name:check_file_in_directory state:running start_date:2025-02-12 15:04:04.850553+00:00
[2025-02-12T15:04:05.254+0000] {logging_mixin.py:190} INFO - Dag name:IMPORTATION_ECRITURE_COMPTABLES_ARTICLE_dag and current dag run status:running
[2025-02-12T15:04:05.254+0000] {taskinstance.py:731} INFO - ::endgroup::
[2025-02-12T15:04:05.255+0000] {baseoperator.py:421} WARNING - BranchPythonOperator.execute cannot be called outside TaskInstance!
[2025-02-12T15:04:05.256+0000] {logging_mixin.py:190} INFO - ca marche /opt/***/files/in ['.csv']
[2025-02-12T15:04:05.259+0000] {python.py:240} INFO - Done. Returned value was: verify_file_reliability
[2025-02-12T15:04:05.260+0000] {branch.py:38} INFO - Branch into verify_file_reliability
[2025-02-12T15:04:05.260+0000] {skipmixin.py:230} INFO - Following branch ('verify_file_reliability',)
[2025-02-12T15:04:05.278+0000] {skipmixin.py:278} INFO - Skipping tasks []
[2025-02-12T15:04:05.306+0000] {taskinstance.py:340} INFO - ::group::Post task execution logs
[2025-02-12T15:04:05.307+0000] {taskinstance.py:352} INFO - Marking task as SUCCESS. dag_id=IMPORTATION_ECRITURE_COMPTABLES_ARTICLE_dag, task_id=check_file_in_directory, run_id=scheduled__2025-02-12T15:02:00+00:00, execution_date=20250212T150200, start_date=20250212T150404, end_date=20250212T150405
[2025-02-12T15:04:05.319+0000] {logging_mixin.py:190} INFO - Task instance in success state
[2025-02-12T15:04:05.320+0000] {logging_mixin.py:190} INFO -  Previous state of the Task instance: running
[2025-02-12T15:04:05.320+0000] {logging_mixin.py:190} INFO - Dag name:IMPORTATION_ECRITURE_COMPTABLES_ARTICLE_dag queued_at:2025-02-12 15:03:59.874851+00:00
[2025-02-12T15:04:05.321+0000] {logging_mixin.py:190} INFO - Task hostname:b6443be51f35 operator:BranchPythonOperator
[2025-02-12T15:04:05.350+0000] {local_task_job_runner.py:266} INFO - Task exited with return code 0
[2025-02-12T15:04:05.384+0000] {taskinstance.py:3895} INFO - 1 downstream tasks scheduled from follow-on schedule check
[2025-02-12T15:04:05.387+0000] {local_task_job_runner.py:245} INFO - ::endgroup::
