[2025-02-07T12:02:56.275+0000] {local_task_job_runner.py:123} INFO - ::group::Pre task execution logs
[2025-02-07T12:02:56.311+0000] {taskinstance.py:2613} INFO - Dependencies all met for dep_context=non-requeueable deps ti=<TaskInstance: directory_and_file_verification_dag.check_file_in_directory manual__2025-02-07T12:02:49.718050+00:00 [queued]>
[2025-02-07T12:02:56.327+0000] {taskinstance.py:2613} INFO - Dependencies all met for dep_context=requeueable deps ti=<TaskInstance: directory_and_file_verification_dag.check_file_in_directory manual__2025-02-07T12:02:49.718050+00:00 [queued]>
[2025-02-07T12:02:56.328+0000] {taskinstance.py:2866} INFO - Starting attempt 1 of 1
[2025-02-07T12:02:56.353+0000] {taskinstance.py:2889} INFO - Executing <Task(BranchPythonOperator): check_file_in_directory> on 2025-02-07 12:02:49.718050+00:00
[2025-02-07T12:02:56.361+0000] {warnings.py:112} WARNING - /home/***/.local/lib/python3.12/site-packages/***/task/task_runner/standard_task_runner.py:70: DeprecationWarning: This process (pid=14089) is multi-threaded, use of fork() may lead to deadlocks in the child.
  pid = os.fork()

[2025-02-07T12:02:56.364+0000] {standard_task_runner.py:72} INFO - Started process 14091 to run task
[2025-02-07T12:02:56.365+0000] {standard_task_runner.py:104} INFO - Running: ['***', 'tasks', 'run', 'directory_and_file_verification_dag', 'check_file_in_directory', 'manual__2025-02-07T12:02:49.718050+00:00', '--job-id', '813', '--raw', '--subdir', 'DAGS_FOLDER/my_directory_and_file_checker.py', '--cfg-path', '/tmp/tmpij4ox46x']
[2025-02-07T12:02:56.367+0000] {standard_task_runner.py:105} INFO - Job 813: Subtask check_file_in_directory
[2025-02-07T12:02:56.439+0000] {task_command.py:467} INFO - Running <TaskInstance: directory_and_file_verification_dag.check_file_in_directory manual__2025-02-07T12:02:49.718050+00:00 [running]> on host 003b7fbea265
[2025-02-07T12:02:56.842+0000] {taskinstance.py:3132} INFO - Exporting env vars: AIRFLOW_CTX_DAG_OWNER='***' AIRFLOW_CTX_DAG_ID='directory_and_file_verification_dag' AIRFLOW_CTX_TASK_ID='check_file_in_directory' AIRFLOW_CTX_EXECUTION_DATE='2025-02-07T12:02:49.718050+00:00' AIRFLOW_CTX_TRY_NUMBER='1' AIRFLOW_CTX_DAG_RUN_ID='manual__2025-02-07T12:02:49.718050+00:00'
[2025-02-07T12:02:56.844+0000] {logging_mixin.py:190} INFO - Task instance is in running state
[2025-02-07T12:02:56.844+0000] {logging_mixin.py:190} INFO -  Previous state of the Task instance: queued
[2025-02-07T12:02:56.845+0000] {logging_mixin.py:190} INFO - Current task name:check_file_in_directory state:running start_date:2025-02-07 12:02:56.312307+00:00
[2025-02-07T12:02:56.845+0000] {logging_mixin.py:190} INFO - Dag name:directory_and_file_verification_dag and current dag run status:running
[2025-02-07T12:02:56.846+0000] {taskinstance.py:731} INFO - ::endgroup::
[2025-02-07T12:02:56.847+0000] {baseoperator.py:421} WARNING - BranchPythonOperator.execute cannot be called outside TaskInstance!
[2025-02-07T12:02:56.852+0000] {python.py:240} INFO - Done. Returned value was: verify_file_reliability
[2025-02-07T12:02:56.853+0000] {branch.py:38} INFO - Branch into verify_file_reliability
[2025-02-07T12:02:56.854+0000] {skipmixin.py:230} INFO - Following branch ('verify_file_reliability',)
[2025-02-07T12:02:56.872+0000] {skipmixin.py:278} INFO - Skipping tasks []
[2025-02-07T12:02:56.909+0000] {taskinstance.py:340} INFO - ::group::Post task execution logs
[2025-02-07T12:02:56.910+0000] {taskinstance.py:352} INFO - Marking task as SUCCESS. dag_id=directory_and_file_verification_dag, task_id=check_file_in_directory, run_id=manual__2025-02-07T12:02:49.718050+00:00, execution_date=20250207T120249, start_date=20250207T120256, end_date=20250207T120256
[2025-02-07T12:02:56.928+0000] {logging_mixin.py:190} INFO - Task instance in success state
[2025-02-07T12:02:56.929+0000] {logging_mixin.py:190} INFO -  Previous state of the Task instance: running
[2025-02-07T12:02:56.930+0000] {logging_mixin.py:190} INFO - Dag name:directory_and_file_verification_dag queued_at:2025-02-07 12:02:49.734151+00:00
[2025-02-07T12:02:56.930+0000] {logging_mixin.py:190} INFO - Task hostname:003b7fbea265 operator:BranchPythonOperator
[2025-02-07T12:02:56.982+0000] {local_task_job_runner.py:266} INFO - Task exited with return code 0
[2025-02-07T12:02:57.028+0000] {taskinstance.py:3895} INFO - 1 downstream tasks scheduled from follow-on schedule check
[2025-02-07T12:02:57.031+0000] {local_task_job_runner.py:245} INFO - ::endgroup::
