[2025-02-07T22:42:35.579+0000] {local_task_job_runner.py:123} INFO - ::group::Pre task execution logs
[2025-02-07T22:42:36.074+0000] {taskinstance.py:2613} INFO - Dependencies all met for dep_context=non-requeueable deps ti=<TaskInstance: directory_and_file_verification_dag.check_file_in_directory scheduled__2025-02-07T14:00:00+00:00 [queued]>
[2025-02-07T22:42:36.107+0000] {taskinstance.py:2613} INFO - Dependencies all met for dep_context=requeueable deps ti=<TaskInstance: directory_and_file_verification_dag.check_file_in_directory scheduled__2025-02-07T14:00:00+00:00 [queued]>
[2025-02-07T22:42:36.113+0000] {taskinstance.py:2866} INFO - Starting attempt 1 of 1
[2025-02-07T22:42:36.174+0000] {taskinstance.py:2889} INFO - Executing <Task(BranchPythonOperator): check_file_in_directory> on 2025-02-07 14:00:00+00:00
[2025-02-07T22:42:36.202+0000] {warnings.py:112} WARNING - /home/***/.local/lib/python3.12/site-packages/***/task/task_runner/standard_task_runner.py:70: DeprecationWarning: This process (pid=20103) is multi-threaded, use of fork() may lead to deadlocks in the child.
  pid = os.fork()

[2025-02-07T22:42:36.207+0000] {standard_task_runner.py:104} INFO - Running: ['***', 'tasks', 'run', 'directory_and_file_verification_dag', 'check_file_in_directory', 'scheduled__2025-02-07T14:00:00+00:00', '--job-id', '1070', '--raw', '--subdir', 'DAGS_FOLDER/my_directory_and_file_checker.py', '--cfg-path', '/tmp/tmpy5k1z5ih']
[2025-02-07T22:42:36.210+0000] {standard_task_runner.py:105} INFO - Job 1070: Subtask check_file_in_directory
[2025-02-07T22:42:36.207+0000] {standard_task_runner.py:72} INFO - Started process 20137 to run task
[2025-02-07T22:42:36.395+0000] {task_command.py:467} INFO - Running <TaskInstance: directory_and_file_verification_dag.check_file_in_directory scheduled__2025-02-07T14:00:00+00:00 [running]> on host 003b7fbea265
[2025-02-07T22:42:36.734+0000] {taskinstance.py:3132} INFO - Exporting env vars: AIRFLOW_CTX_DAG_OWNER='***' AIRFLOW_CTX_DAG_ID='directory_and_file_verification_dag' AIRFLOW_CTX_TASK_ID='check_file_in_directory' AIRFLOW_CTX_EXECUTION_DATE='2025-02-07T14:00:00+00:00' AIRFLOW_CTX_TRY_NUMBER='1' AIRFLOW_CTX_DAG_RUN_ID='scheduled__2025-02-07T14:00:00+00:00'
[2025-02-07T22:42:36.737+0000] {logging_mixin.py:190} INFO - Task instance is in running state
[2025-02-07T22:42:36.738+0000] {logging_mixin.py:190} INFO -  Previous state of the Task instance: queued
[2025-02-07T22:42:36.740+0000] {logging_mixin.py:190} INFO - Current task name:check_file_in_directory state:running start_date:2025-02-07 22:42:36.082237+00:00
[2025-02-07T22:42:36.745+0000] {logging_mixin.py:190} INFO - Dag name:directory_and_file_verification_dag and current dag run status:running
[2025-02-07T22:42:36.747+0000] {taskinstance.py:731} INFO - ::endgroup::
[2025-02-07T22:42:36.751+0000] {baseoperator.py:421} WARNING - BranchPythonOperator.execute cannot be called outside TaskInstance!
[2025-02-07T22:42:36.756+0000] {python.py:240} INFO - Done. Returned value was: end
[2025-02-07T22:42:36.757+0000] {branch.py:38} INFO - Branch into end
[2025-02-07T22:42:36.758+0000] {skipmixin.py:230} INFO - Following branch ('end',)
[2025-02-07T22:42:36.805+0000] {skipmixin.py:278} INFO - Skipping tasks [('verify_file_reliability', -1)]
[2025-02-07T22:42:36.903+0000] {taskinstance.py:340} INFO - ::group::Post task execution logs
[2025-02-07T22:42:36.908+0000] {taskinstance.py:352} INFO - Marking task as SUCCESS. dag_id=directory_and_file_verification_dag, task_id=check_file_in_directory, run_id=scheduled__2025-02-07T14:00:00+00:00, execution_date=20250207T140000, start_date=20250207T224236, end_date=20250207T224236
[2025-02-07T22:42:36.932+0000] {logging_mixin.py:190} INFO - Task instance in success state
[2025-02-07T22:42:36.934+0000] {logging_mixin.py:190} INFO -  Previous state of the Task instance: running
[2025-02-07T22:42:36.935+0000] {logging_mixin.py:190} INFO - Dag name:directory_and_file_verification_dag queued_at:2025-02-07 22:42:00.132804+00:00
[2025-02-07T22:42:36.937+0000] {logging_mixin.py:190} INFO - Task hostname:003b7fbea265 operator:BranchPythonOperator
[2025-02-07T22:42:36.968+0000] {local_task_job_runner.py:266} INFO - Task exited with return code 0
[2025-02-07T22:42:37.123+0000] {taskinstance.py:3895} INFO - 0 downstream tasks scheduled from follow-on schedule check
[2025-02-07T22:42:37.133+0000] {local_task_job_runner.py:245} INFO - ::endgroup::
[2025-02-07T22:43:59.601+0000] {local_task_job_runner.py:123} INFO - ::group::Pre task execution logs
[2025-02-07T22:44:00.068+0000] {taskinstance.py:2613} INFO - Dependencies all met for dep_context=non-requeueable deps ti=<TaskInstance: directory_and_file_verification_dag.check_file_in_directory scheduled__2025-02-07T14:00:00+00:00 [queued]>
[2025-02-07T22:44:00.100+0000] {taskinstance.py:2613} INFO - Dependencies all met for dep_context=requeueable deps ti=<TaskInstance: directory_and_file_verification_dag.check_file_in_directory scheduled__2025-02-07T14:00:00+00:00 [queued]>
[2025-02-07T22:44:00.101+0000] {taskinstance.py:2866} INFO - Starting attempt 1 of 1
[2025-02-07T22:44:00.159+0000] {taskinstance.py:2889} INFO - Executing <Task(BranchPythonOperator): check_file_in_directory> on 2025-02-07 14:00:00+00:00
[2025-02-07T22:44:00.184+0000] {warnings.py:112} WARNING - /home/***/.local/lib/python3.12/site-packages/***/task/task_runner/standard_task_runner.py:70: DeprecationWarning: This process (pid=20305) is multi-threaded, use of fork() may lead to deadlocks in the child.
  pid = os.fork()

[2025-02-07T22:44:00.190+0000] {standard_task_runner.py:104} INFO - Running: ['***', 'tasks', 'run', 'directory_and_file_verification_dag', 'check_file_in_directory', 'scheduled__2025-02-07T14:00:00+00:00', '--job-id', '1113', '--raw', '--subdir', 'DAGS_FOLDER/my_directory_and_file_checker.py', '--cfg-path', '/tmp/tmpgruj485k']
[2025-02-07T22:44:00.192+0000] {standard_task_runner.py:72} INFO - Started process 20331 to run task
[2025-02-07T22:44:00.192+0000] {standard_task_runner.py:105} INFO - Job 1113: Subtask check_file_in_directory
[2025-02-07T22:44:00.322+0000] {task_command.py:467} INFO - Running <TaskInstance: directory_and_file_verification_dag.check_file_in_directory scheduled__2025-02-07T14:00:00+00:00 [running]> on host 003b7fbea265
[2025-02-07T22:44:00.613+0000] {taskinstance.py:3132} INFO - Exporting env vars: AIRFLOW_CTX_DAG_OWNER='***' AIRFLOW_CTX_DAG_ID='directory_and_file_verification_dag' AIRFLOW_CTX_TASK_ID='check_file_in_directory' AIRFLOW_CTX_EXECUTION_DATE='2025-02-07T14:00:00+00:00' AIRFLOW_CTX_TRY_NUMBER='1' AIRFLOW_CTX_DAG_RUN_ID='scheduled__2025-02-07T14:00:00+00:00'
[2025-02-07T22:44:00.615+0000] {logging_mixin.py:190} INFO - Task instance is in running state
[2025-02-07T22:44:00.616+0000] {logging_mixin.py:190} INFO -  Previous state of the Task instance: queued
[2025-02-07T22:44:00.617+0000] {logging_mixin.py:190} INFO - Current task name:check_file_in_directory state:running start_date:2025-02-07 22:44:00.070897+00:00
[2025-02-07T22:44:00.618+0000] {logging_mixin.py:190} INFO - Dag name:directory_and_file_verification_dag and current dag run status:running
[2025-02-07T22:44:00.619+0000] {taskinstance.py:731} INFO - ::endgroup::
[2025-02-07T22:44:00.619+0000] {baseoperator.py:421} WARNING - BranchPythonOperator.execute cannot be called outside TaskInstance!
[2025-02-07T22:44:00.622+0000] {python.py:240} INFO - Done. Returned value was: end
[2025-02-07T22:44:00.623+0000] {branch.py:38} INFO - Branch into end
[2025-02-07T22:44:00.624+0000] {skipmixin.py:230} INFO - Following branch ('end',)
[2025-02-07T22:44:00.642+0000] {skipmixin.py:278} INFO - Skipping tasks [('verify_file_reliability', -1)]
[2025-02-07T22:44:00.727+0000] {taskinstance.py:340} INFO - ::group::Post task execution logs
[2025-02-07T22:44:00.734+0000] {taskinstance.py:352} INFO - Marking task as SUCCESS. dag_id=directory_and_file_verification_dag, task_id=check_file_in_directory, run_id=scheduled__2025-02-07T14:00:00+00:00, execution_date=20250207T140000, start_date=20250207T224400, end_date=20250207T224400
[2025-02-07T22:44:00.756+0000] {logging_mixin.py:190} INFO - Task instance in success state
[2025-02-07T22:44:00.761+0000] {logging_mixin.py:190} INFO -  Previous state of the Task instance: running
[2025-02-07T22:44:00.763+0000] {logging_mixin.py:190} INFO - Dag name:directory_and_file_verification_dag queued_at:2025-02-07 22:43:31.017616+00:00
[2025-02-07T22:44:00.763+0000] {logging_mixin.py:190} INFO - Task hostname:003b7fbea265 operator:BranchPythonOperator
[2025-02-07T22:44:00.794+0000] {local_task_job_runner.py:266} INFO - Task exited with return code 0
[2025-02-07T22:44:00.811+0000] {local_task_job_runner.py:245} INFO - ::endgroup::
[2025-02-07T23:12:04.609+0000] {local_task_job_runner.py:123} INFO - ::group::Pre task execution logs
[2025-02-07T23:12:04.677+0000] {taskinstance.py:2613} INFO - Dependencies all met for dep_context=non-requeueable deps ti=<TaskInstance: directory_and_file_verification_dag.check_file_in_directory scheduled__2025-02-07T14:00:00+00:00 [queued]>
[2025-02-07T23:12:04.700+0000] {taskinstance.py:2613} INFO - Dependencies all met for dep_context=requeueable deps ti=<TaskInstance: directory_and_file_verification_dag.check_file_in_directory scheduled__2025-02-07T14:00:00+00:00 [queued]>
[2025-02-07T23:12:04.701+0000] {taskinstance.py:2866} INFO - Starting attempt 1 of 1
[2025-02-07T23:12:04.759+0000] {taskinstance.py:2889} INFO - Executing <Task(BranchPythonOperator): check_file_in_directory> on 2025-02-07 14:00:00+00:00
[2025-02-07T23:12:04.773+0000] {warnings.py:112} WARNING - /home/***/.local/lib/python3.12/site-packages/***/task/task_runner/standard_task_runner.py:70: DeprecationWarning: This process (pid=20871) is multi-threaded, use of fork() may lead to deadlocks in the child.
  pid = os.fork()

[2025-02-07T23:12:04.778+0000] {standard_task_runner.py:72} INFO - Started process 20893 to run task
[2025-02-07T23:12:04.785+0000] {standard_task_runner.py:104} INFO - Running: ['***', 'tasks', 'run', 'directory_and_file_verification_dag', 'check_file_in_directory', 'scheduled__2025-02-07T14:00:00+00:00', '--job-id', '1165', '--raw', '--subdir', 'DAGS_FOLDER/my_directory_and_file_checker.py', '--cfg-path', '/tmp/tmpnti9_1wv']
[2025-02-07T23:12:04.790+0000] {standard_task_runner.py:105} INFO - Job 1165: Subtask check_file_in_directory
[2025-02-07T23:12:04.917+0000] {task_command.py:467} INFO - Running <TaskInstance: directory_and_file_verification_dag.check_file_in_directory scheduled__2025-02-07T14:00:00+00:00 [running]> on host 003b7fbea265
[2025-02-07T23:12:05.102+0000] {taskinstance.py:3132} INFO - Exporting env vars: AIRFLOW_CTX_DAG_OWNER='***' AIRFLOW_CTX_DAG_ID='directory_and_file_verification_dag' AIRFLOW_CTX_TASK_ID='check_file_in_directory' AIRFLOW_CTX_EXECUTION_DATE='2025-02-07T14:00:00+00:00' AIRFLOW_CTX_TRY_NUMBER='1' AIRFLOW_CTX_DAG_RUN_ID='scheduled__2025-02-07T14:00:00+00:00'
[2025-02-07T23:12:05.104+0000] {logging_mixin.py:190} INFO - Task instance is in running state
[2025-02-07T23:12:05.105+0000] {logging_mixin.py:190} INFO -  Previous state of the Task instance: queued
[2025-02-07T23:12:05.107+0000] {logging_mixin.py:190} INFO - Current task name:check_file_in_directory state:running start_date:2025-02-07 23:12:04.679525+00:00
[2025-02-07T23:12:05.109+0000] {logging_mixin.py:190} INFO - Dag name:directory_and_file_verification_dag and current dag run status:running
[2025-02-07T23:12:05.110+0000] {taskinstance.py:731} INFO - ::endgroup::
[2025-02-07T23:12:05.112+0000] {baseoperator.py:421} WARNING - BranchPythonOperator.execute cannot be called outside TaskInstance!
[2025-02-07T23:12:05.115+0000] {python.py:240} INFO - Done. Returned value was: end
[2025-02-07T23:12:05.116+0000] {branch.py:38} INFO - Branch into end
[2025-02-07T23:12:05.117+0000] {skipmixin.py:230} INFO - Following branch ('end',)
[2025-02-07T23:12:05.146+0000] {skipmixin.py:278} INFO - Skipping tasks [('verify_file_reliability', -1)]
[2025-02-07T23:12:05.201+0000] {taskinstance.py:340} INFO - ::group::Post task execution logs
[2025-02-07T23:12:05.202+0000] {taskinstance.py:352} INFO - Marking task as SUCCESS. dag_id=directory_and_file_verification_dag, task_id=check_file_in_directory, run_id=scheduled__2025-02-07T14:00:00+00:00, execution_date=20250207T140000, start_date=20250207T231204, end_date=20250207T231205
[2025-02-07T23:12:05.218+0000] {logging_mixin.py:190} INFO - Task instance in success state
[2025-02-07T23:12:05.219+0000] {logging_mixin.py:190} INFO -  Previous state of the Task instance: running
[2025-02-07T23:12:05.219+0000] {logging_mixin.py:190} INFO - Dag name:directory_and_file_verification_dag queued_at:2025-02-07 23:11:25.515689+00:00
[2025-02-07T23:12:05.220+0000] {logging_mixin.py:190} INFO - Task hostname:003b7fbea265 operator:BranchPythonOperator
[2025-02-07T23:12:05.247+0000] {local_task_job_runner.py:266} INFO - Task exited with return code 0
[2025-02-07T23:12:05.310+0000] {taskinstance.py:3895} INFO - 0 downstream tasks scheduled from follow-on schedule check
[2025-02-07T23:12:05.333+0000] {local_task_job_runner.py:245} INFO - ::endgroup::
