[2025-02-10T20:47:04.955+0000] {local_task_job_runner.py:123} INFO - ::group::Pre task execution logs
[2025-02-10T20:47:05.082+0000] {taskinstance.py:2613} INFO - Dependencies all met for dep_context=non-requeueable deps ti=<TaskInstance: IMPORTATION_ECRITURE_COMPTABLES_ARTICLE_dag.check_file_in_directory scheduled__2025-02-10T20:46:00+00:00 [queued]>
[2025-02-10T20:47:05.093+0000] {taskinstance.py:2613} INFO - Dependencies all met for dep_context=requeueable deps ti=<TaskInstance: IMPORTATION_ECRITURE_COMPTABLES_ARTICLE_dag.check_file_in_directory scheduled__2025-02-10T20:46:00+00:00 [queued]>
[2025-02-10T20:47:05.094+0000] {taskinstance.py:2866} INFO - Starting attempt 1 of 2
[2025-02-10T20:47:05.108+0000] {taskinstance.py:2889} INFO - Executing <Task(BranchPythonOperator): check_file_in_directory> on 2025-02-10 20:46:00+00:00
[2025-02-10T20:47:05.115+0000] {warnings.py:112} WARNING - /home/***/.local/lib/python3.12/site-packages/***/task/task_runner/standard_task_runner.py:70: DeprecationWarning: This process (pid=1636) is multi-threaded, use of fork() may lead to deadlocks in the child.
  pid = os.fork()

[2025-02-10T20:47:05.117+0000] {standard_task_runner.py:72} INFO - Started process 1638 to run task
[2025-02-10T20:47:05.118+0000] {standard_task_runner.py:104} INFO - Running: ['***', 'tasks', 'run', 'IMPORTATION_ECRITURE_COMPTABLES_ARTICLE_dag', 'check_file_in_directory', 'scheduled__2025-02-10T20:46:00+00:00', '--job-id', '926', '--raw', '--subdir', 'DAGS_FOLDER/my_directory_and_file_checker.py', '--cfg-path', '/tmp/tmpt5r8736j']
[2025-02-10T20:47:05.119+0000] {standard_task_runner.py:105} INFO - Job 926: Subtask check_file_in_directory
[2025-02-10T20:47:05.161+0000] {task_command.py:467} INFO - Running <TaskInstance: IMPORTATION_ECRITURE_COMPTABLES_ARTICLE_dag.check_file_in_directory scheduled__2025-02-10T20:46:00+00:00 [running]> on host b6443be51f35
[2025-02-10T20:47:05.242+0000] {taskinstance.py:3132} INFO - Exporting env vars: AIRFLOW_CTX_DAG_OWNER='***' AIRFLOW_CTX_DAG_ID='IMPORTATION_ECRITURE_COMPTABLES_ARTICLE_dag' AIRFLOW_CTX_TASK_ID='check_file_in_directory' AIRFLOW_CTX_EXECUTION_DATE='2025-02-10T20:46:00+00:00' AIRFLOW_CTX_TRY_NUMBER='1' AIRFLOW_CTX_DAG_RUN_ID='scheduled__2025-02-10T20:46:00+00:00'
[2025-02-10T20:47:05.243+0000] {logging_mixin.py:190} INFO - Task instance is in running state
[2025-02-10T20:47:05.244+0000] {logging_mixin.py:190} INFO -  Previous state of the Task instance: queued
[2025-02-10T20:47:05.244+0000] {logging_mixin.py:190} INFO - Current task name:check_file_in_directory state:running start_date:2025-02-10 20:47:05.084065+00:00
[2025-02-10T20:47:05.245+0000] {logging_mixin.py:190} INFO - Dag name:IMPORTATION_ECRITURE_COMPTABLES_ARTICLE_dag and current dag run status:running
[2025-02-10T20:47:05.246+0000] {taskinstance.py:731} INFO - ::endgroup::
[2025-02-10T20:47:05.247+0000] {baseoperator.py:421} WARNING - BranchPythonOperator.execute cannot be called outside TaskInstance!
[2025-02-10T20:47:05.248+0000] {logging_mixin.py:190} INFO - ca marche /opt/***/files/in ['.csv']
[2025-02-10T20:47:05.252+0000] {python.py:240} INFO - Done. Returned value was: verify_file_reliability
[2025-02-10T20:47:05.252+0000] {branch.py:38} INFO - Branch into verify_file_reliability
[2025-02-10T20:47:05.253+0000] {skipmixin.py:230} INFO - Following branch ('verify_file_reliability',)
[2025-02-10T20:47:05.263+0000] {skipmixin.py:278} INFO - Skipping tasks []
[2025-02-10T20:47:05.290+0000] {taskinstance.py:340} INFO - ::group::Post task execution logs
[2025-02-10T20:47:05.291+0000] {taskinstance.py:352} INFO - Marking task as SUCCESS. dag_id=IMPORTATION_ECRITURE_COMPTABLES_ARTICLE_dag, task_id=check_file_in_directory, run_id=scheduled__2025-02-10T20:46:00+00:00, execution_date=20250210T204600, start_date=20250210T204705, end_date=20250210T204705
[2025-02-10T20:47:05.299+0000] {logging_mixin.py:190} INFO - Task instance in success state
[2025-02-10T20:47:05.300+0000] {logging_mixin.py:190} INFO -  Previous state of the Task instance: running
[2025-02-10T20:47:05.300+0000] {logging_mixin.py:190} INFO - Dag name:IMPORTATION_ECRITURE_COMPTABLES_ARTICLE_dag queued_at:2025-02-10 20:47:01.057352+00:00
[2025-02-10T20:47:05.301+0000] {logging_mixin.py:190} INFO - Task hostname:b6443be51f35 operator:BranchPythonOperator
[2025-02-10T20:47:05.333+0000] {local_task_job_runner.py:266} INFO - Task exited with return code 0
[2025-02-10T20:47:05.361+0000] {taskinstance.py:3895} INFO - 1 downstream tasks scheduled from follow-on schedule check
[2025-02-10T20:47:05.364+0000] {local_task_job_runner.py:245} INFO - ::endgroup::
[2025-02-10T20:48:00.466+0000] {local_task_job_runner.py:123} INFO - ::group::Pre task execution logs
[2025-02-10T20:48:00.619+0000] {taskinstance.py:2613} INFO - Dependencies all met for dep_context=non-requeueable deps ti=<TaskInstance: IMPORTATION_ECRITURE_COMPTABLES_ARTICLE_dag.check_file_in_directory scheduled__2025-02-10T20:46:00+00:00 [queued]>
[2025-02-10T20:48:00.629+0000] {taskinstance.py:2613} INFO - Dependencies all met for dep_context=requeueable deps ti=<TaskInstance: IMPORTATION_ECRITURE_COMPTABLES_ARTICLE_dag.check_file_in_directory scheduled__2025-02-10T20:46:00+00:00 [queued]>
[2025-02-10T20:48:00.629+0000] {taskinstance.py:2866} INFO - Starting attempt 1 of 2
[2025-02-10T20:48:00.645+0000] {taskinstance.py:2889} INFO - Executing <Task(BranchPythonOperator): check_file_in_directory> on 2025-02-10 20:46:00+00:00
[2025-02-10T20:48:00.653+0000] {warnings.py:112} WARNING - /home/***/.local/lib/python3.12/site-packages/***/task/task_runner/standard_task_runner.py:70: DeprecationWarning: This process (pid=1667) is multi-threaded, use of fork() may lead to deadlocks in the child.
  pid = os.fork()

[2025-02-10T20:48:00.655+0000] {standard_task_runner.py:72} INFO - Started process 1671 to run task
[2025-02-10T20:48:00.656+0000] {standard_task_runner.py:104} INFO - Running: ['***', 'tasks', 'run', 'IMPORTATION_ECRITURE_COMPTABLES_ARTICLE_dag', 'check_file_in_directory', 'scheduled__2025-02-10T20:46:00+00:00', '--job-id', '932', '--raw', '--subdir', 'DAGS_FOLDER/my_directory_and_file_checker.py', '--cfg-path', '/tmp/tmp5kv9eyq_']
[2025-02-10T20:48:00.657+0000] {standard_task_runner.py:105} INFO - Job 932: Subtask check_file_in_directory
[2025-02-10T20:48:00.710+0000] {task_command.py:467} INFO - Running <TaskInstance: IMPORTATION_ECRITURE_COMPTABLES_ARTICLE_dag.check_file_in_directory scheduled__2025-02-10T20:46:00+00:00 [running]> on host b6443be51f35
[2025-02-10T20:48:00.816+0000] {taskinstance.py:3132} INFO - Exporting env vars: AIRFLOW_CTX_DAG_OWNER='***' AIRFLOW_CTX_DAG_ID='IMPORTATION_ECRITURE_COMPTABLES_ARTICLE_dag' AIRFLOW_CTX_TASK_ID='check_file_in_directory' AIRFLOW_CTX_EXECUTION_DATE='2025-02-10T20:46:00+00:00' AIRFLOW_CTX_TRY_NUMBER='1' AIRFLOW_CTX_DAG_RUN_ID='scheduled__2025-02-10T20:46:00+00:00'
[2025-02-10T20:48:00.818+0000] {logging_mixin.py:190} INFO - Task instance is in running state
[2025-02-10T20:48:00.819+0000] {logging_mixin.py:190} INFO -  Previous state of the Task instance: queued
[2025-02-10T20:48:00.819+0000] {logging_mixin.py:190} INFO - Current task name:check_file_in_directory state:running start_date:2025-02-10 20:48:00.620352+00:00
[2025-02-10T20:48:00.820+0000] {logging_mixin.py:190} INFO - Dag name:IMPORTATION_ECRITURE_COMPTABLES_ARTICLE_dag and current dag run status:running
[2025-02-10T20:48:00.820+0000] {taskinstance.py:731} INFO - ::endgroup::
[2025-02-10T20:48:00.821+0000] {baseoperator.py:421} WARNING - BranchPythonOperator.execute cannot be called outside TaskInstance!
[2025-02-10T20:48:00.822+0000] {logging_mixin.py:190} INFO - ca marche /opt/***/files/in ['.csv']
[2025-02-10T20:48:00.824+0000] {python.py:240} INFO - Done. Returned value was: verify_file_reliability
[2025-02-10T20:48:00.825+0000] {branch.py:38} INFO - Branch into verify_file_reliability
[2025-02-10T20:48:00.826+0000] {skipmixin.py:230} INFO - Following branch ('verify_file_reliability',)
[2025-02-10T20:48:00.846+0000] {skipmixin.py:278} INFO - Skipping tasks []
[2025-02-10T20:48:00.883+0000] {taskinstance.py:340} INFO - ::group::Post task execution logs
[2025-02-10T20:48:00.884+0000] {taskinstance.py:352} INFO - Marking task as SUCCESS. dag_id=IMPORTATION_ECRITURE_COMPTABLES_ARTICLE_dag, task_id=check_file_in_directory, run_id=scheduled__2025-02-10T20:46:00+00:00, execution_date=20250210T204600, start_date=20250210T204800, end_date=20250210T204800
[2025-02-10T20:48:00.904+0000] {logging_mixin.py:190} INFO - Task instance in success state
[2025-02-10T20:48:00.905+0000] {logging_mixin.py:190} INFO -  Previous state of the Task instance: running
[2025-02-10T20:48:00.906+0000] {logging_mixin.py:190} INFO - Dag name:IMPORTATION_ECRITURE_COMPTABLES_ARTICLE_dag queued_at:2025-02-10 20:47:56.821514+00:00
[2025-02-10T20:48:00.907+0000] {logging_mixin.py:190} INFO - Task hostname:b6443be51f35 operator:BranchPythonOperator
[2025-02-10T20:48:00.951+0000] {local_task_job_runner.py:266} INFO - Task exited with return code 0
[2025-02-10T20:48:00.997+0000] {taskinstance.py:3895} INFO - 1 downstream tasks scheduled from follow-on schedule check
[2025-02-10T20:48:00.999+0000] {local_task_job_runner.py:245} INFO - ::endgroup::
