[2025-02-11T00:00:04.586+0000] {local_task_job_runner.py:123} INFO - ::group::Pre task execution logs
[2025-02-11T00:00:04.756+0000] {taskinstance.py:2613} INFO - Dependencies all met for dep_context=non-requeueable deps ti=<TaskInstance: IMPORTATION_ECRITURE_COMPTABLES_ARTICLE_dag.check_file_in_directory scheduled__2025-02-10T23:59:00+00:00 [queued]>
[2025-02-11T00:00:04.770+0000] {taskinstance.py:2613} INFO - Dependencies all met for dep_context=requeueable deps ti=<TaskInstance: IMPORTATION_ECRITURE_COMPTABLES_ARTICLE_dag.check_file_in_directory scheduled__2025-02-10T23:59:00+00:00 [queued]>
[2025-02-11T00:00:04.771+0000] {taskinstance.py:2866} INFO - Starting attempt 1 of 2
[2025-02-11T00:00:04.790+0000] {taskinstance.py:2889} INFO - Executing <Task(BranchPythonOperator): check_file_in_directory> on 2025-02-10 23:59:00+00:00
[2025-02-11T00:00:04.799+0000] {warnings.py:112} WARNING - /home/***/.local/lib/python3.12/site-packages/***/task/task_runner/standard_task_runner.py:70: DeprecationWarning: This process (pid=2858) is multi-threaded, use of fork() may lead to deadlocks in the child.
  pid = os.fork()

[2025-02-11T00:00:04.802+0000] {standard_task_runner.py:72} INFO - Started process 2860 to run task
[2025-02-11T00:00:04.802+0000] {standard_task_runner.py:104} INFO - Running: ['***', 'tasks', 'run', 'IMPORTATION_ECRITURE_COMPTABLES_ARTICLE_dag', 'check_file_in_directory', 'scheduled__2025-02-10T23:59:00+00:00', '--job-id', '1609', '--raw', '--subdir', 'DAGS_FOLDER/my_directory_and_file_checker.py', '--cfg-path', '/tmp/tmp4gfi8tm4']
[2025-02-11T00:00:04.803+0000] {standard_task_runner.py:105} INFO - Job 1609: Subtask check_file_in_directory
[2025-02-11T00:00:04.855+0000] {task_command.py:467} INFO - Running <TaskInstance: IMPORTATION_ECRITURE_COMPTABLES_ARTICLE_dag.check_file_in_directory scheduled__2025-02-10T23:59:00+00:00 [running]> on host b6443be51f35
[2025-02-11T00:00:04.953+0000] {taskinstance.py:3132} INFO - Exporting env vars: AIRFLOW_CTX_DAG_OWNER='***' AIRFLOW_CTX_DAG_ID='IMPORTATION_ECRITURE_COMPTABLES_ARTICLE_dag' AIRFLOW_CTX_TASK_ID='check_file_in_directory' AIRFLOW_CTX_EXECUTION_DATE='2025-02-10T23:59:00+00:00' AIRFLOW_CTX_TRY_NUMBER='1' AIRFLOW_CTX_DAG_RUN_ID='scheduled__2025-02-10T23:59:00+00:00'
[2025-02-11T00:00:04.955+0000] {logging_mixin.py:190} INFO - Task instance is in running state
[2025-02-11T00:00:04.955+0000] {logging_mixin.py:190} INFO -  Previous state of the Task instance: queued
[2025-02-11T00:00:04.956+0000] {logging_mixin.py:190} INFO - Current task name:check_file_in_directory state:running start_date:2025-02-11 00:00:04.757532+00:00
[2025-02-11T00:00:04.957+0000] {logging_mixin.py:190} INFO - Dag name:IMPORTATION_ECRITURE_COMPTABLES_ARTICLE_dag and current dag run status:running
[2025-02-11T00:00:04.958+0000] {taskinstance.py:731} INFO - ::endgroup::
[2025-02-11T00:00:04.959+0000] {baseoperator.py:421} WARNING - BranchPythonOperator.execute cannot be called outside TaskInstance!
[2025-02-11T00:00:04.960+0000] {logging_mixin.py:190} INFO - ca marche /opt/***/files/in ['.csv']
[2025-02-11T00:00:04.966+0000] {python.py:240} INFO - Done. Returned value was: verify_file_reliability
[2025-02-11T00:00:04.967+0000] {branch.py:38} INFO - Branch into verify_file_reliability
[2025-02-11T00:00:04.968+0000] {skipmixin.py:230} INFO - Following branch ('verify_file_reliability',)
[2025-02-11T00:00:04.979+0000] {skipmixin.py:278} INFO - Skipping tasks []
[2025-02-11T00:00:05.014+0000] {taskinstance.py:340} INFO - ::group::Post task execution logs
[2025-02-11T00:00:05.015+0000] {taskinstance.py:352} INFO - Marking task as SUCCESS. dag_id=IMPORTATION_ECRITURE_COMPTABLES_ARTICLE_dag, task_id=check_file_in_directory, run_id=scheduled__2025-02-10T23:59:00+00:00, execution_date=20250210T235900, start_date=20250211T000004, end_date=20250211T000005
[2025-02-11T00:00:05.027+0000] {logging_mixin.py:190} INFO - Task instance in success state
[2025-02-11T00:00:05.028+0000] {logging_mixin.py:190} INFO -  Previous state of the Task instance: running
[2025-02-11T00:00:05.028+0000] {logging_mixin.py:190} INFO - Dag name:IMPORTATION_ECRITURE_COMPTABLES_ARTICLE_dag queued_at:2025-02-11 00:00:00.533256+00:00
[2025-02-11T00:00:05.029+0000] {logging_mixin.py:190} INFO - Task hostname:b6443be51f35 operator:BranchPythonOperator
[2025-02-11T00:00:05.058+0000] {local_task_job_runner.py:266} INFO - Task exited with return code 0
[2025-02-11T00:00:05.104+0000] {taskinstance.py:3895} INFO - 1 downstream tasks scheduled from follow-on schedule check
[2025-02-11T00:00:05.107+0000] {local_task_job_runner.py:245} INFO - ::endgroup::
