[2025-02-07T22:42:44.094+0000] {local_task_job_runner.py:123} INFO - ::group::Pre task execution logs
[2025-02-07T22:42:44.156+0000] {taskinstance.py:2613} INFO - Dependencies all met for dep_context=non-requeueable deps ti=<TaskInstance: directory_and_file_verification_dag.check_directory scheduled__2025-02-07T16:00:00+00:00 [queued]>
[2025-02-07T22:42:44.179+0000] {taskinstance.py:2613} INFO - Dependencies all met for dep_context=requeueable deps ti=<TaskInstance: directory_and_file_verification_dag.check_directory scheduled__2025-02-07T16:00:00+00:00 [queued]>
[2025-02-07T22:42:44.180+0000] {taskinstance.py:2866} INFO - Starting attempt 1 of 1
[2025-02-07T22:42:44.214+0000] {taskinstance.py:2889} INFO - Executing <Task(BranchPythonOperator): check_directory> on 2025-02-07 16:00:00+00:00
[2025-02-07T22:42:44.229+0000] {warnings.py:112} WARNING - /home/***/.local/lib/python3.12/site-packages/***/task/task_runner/standard_task_runner.py:70: DeprecationWarning: This process (pid=20143) is multi-threaded, use of fork() may lead to deadlocks in the child.
  pid = os.fork()

[2025-02-07T22:42:44.233+0000] {standard_task_runner.py:72} INFO - Started process 20155 to run task
[2025-02-07T22:42:44.239+0000] {standard_task_runner.py:104} INFO - Running: ['***', 'tasks', 'run', 'directory_and_file_verification_dag', 'check_directory', 'scheduled__2025-02-07T16:00:00+00:00', '--job-id', '1073', '--raw', '--subdir', 'DAGS_FOLDER/my_directory_and_file_checker.py', '--cfg-path', '/tmp/tmpwovqxfy7']
[2025-02-07T22:42:44.243+0000] {standard_task_runner.py:105} INFO - Job 1073: Subtask check_directory
[2025-02-07T22:42:44.372+0000] {task_command.py:467} INFO - Running <TaskInstance: directory_and_file_verification_dag.check_directory scheduled__2025-02-07T16:00:00+00:00 [running]> on host 003b7fbea265
[2025-02-07T22:42:45.247+0000] {taskinstance.py:3132} INFO - Exporting env vars: AIRFLOW_CTX_DAG_OWNER='***' AIRFLOW_CTX_DAG_ID='directory_and_file_verification_dag' AIRFLOW_CTX_TASK_ID='check_directory' AIRFLOW_CTX_EXECUTION_DATE='2025-02-07T16:00:00+00:00' AIRFLOW_CTX_TRY_NUMBER='1' AIRFLOW_CTX_DAG_RUN_ID='scheduled__2025-02-07T16:00:00+00:00'
[2025-02-07T22:42:45.248+0000] {logging_mixin.py:190} INFO - Task instance is in running state
[2025-02-07T22:42:45.249+0000] {logging_mixin.py:190} INFO -  Previous state of the Task instance: queued
[2025-02-07T22:42:45.250+0000] {logging_mixin.py:190} INFO - Current task name:check_directory state:running start_date:2025-02-07 22:42:44.157583+00:00
[2025-02-07T22:42:45.251+0000] {logging_mixin.py:190} INFO - Dag name:directory_and_file_verification_dag and current dag run status:running
[2025-02-07T22:42:45.254+0000] {taskinstance.py:731} INFO - ::endgroup::
[2025-02-07T22:42:45.256+0000] {baseoperator.py:421} WARNING - BranchPythonOperator.execute cannot be called outside TaskInstance!
[2025-02-07T22:42:45.270+0000] {logging_mixin.py:190} INFO - borusss ['in', 'logs', 'out', 'statu_date_execution.txt', 'succes_date_execution.txt', 'test', 'Écritures - Copie.csv.bak', 'Écritures comptables article.csv.bak', 'Écritures.csv.bak']
[2025-02-07T22:42:45.273+0000] {python.py:240} INFO - Done. Returned value was: check_file_in_directory
[2025-02-07T22:42:45.277+0000] {branch.py:38} INFO - Branch into check_file_in_directory
[2025-02-07T22:42:45.278+0000] {skipmixin.py:230} INFO - Following branch ('check_file_in_directory',)
[2025-02-07T22:42:45.323+0000] {skipmixin.py:278} INFO - Skipping tasks []
[2025-02-07T22:42:45.399+0000] {taskinstance.py:340} INFO - ::group::Post task execution logs
[2025-02-07T22:42:45.400+0000] {taskinstance.py:352} INFO - Marking task as SUCCESS. dag_id=directory_and_file_verification_dag, task_id=check_directory, run_id=scheduled__2025-02-07T16:00:00+00:00, execution_date=20250207T160000, start_date=20250207T224244, end_date=20250207T224245
[2025-02-07T22:42:45.423+0000] {logging_mixin.py:190} INFO - Task instance in success state
[2025-02-07T22:42:45.424+0000] {logging_mixin.py:190} INFO -  Previous state of the Task instance: running
[2025-02-07T22:42:45.425+0000] {logging_mixin.py:190} INFO - Dag name:directory_and_file_verification_dag queued_at:2025-02-07 22:42:39.920058+00:00
[2025-02-07T22:42:45.425+0000] {logging_mixin.py:190} INFO - Task hostname:003b7fbea265 operator:BranchPythonOperator
[2025-02-07T22:42:45.484+0000] {local_task_job_runner.py:266} INFO - Task exited with return code 0
[2025-02-07T22:42:45.544+0000] {taskinstance.py:3895} INFO - 1 downstream tasks scheduled from follow-on schedule check
[2025-02-07T22:42:45.547+0000] {local_task_job_runner.py:245} INFO - ::endgroup::
[2025-02-07T22:44:02.036+0000] {local_task_job_runner.py:123} INFO - ::group::Pre task execution logs
[2025-02-07T22:44:02.054+0000] {taskinstance.py:2613} INFO - Dependencies all met for dep_context=non-requeueable deps ti=<TaskInstance: directory_and_file_verification_dag.check_directory scheduled__2025-02-07T16:00:00+00:00 [queued]>
[2025-02-07T22:44:02.062+0000] {taskinstance.py:2613} INFO - Dependencies all met for dep_context=requeueable deps ti=<TaskInstance: directory_and_file_verification_dag.check_directory scheduled__2025-02-07T16:00:00+00:00 [queued]>
[2025-02-07T22:44:02.063+0000] {taskinstance.py:2866} INFO - Starting attempt 1 of 1
[2025-02-07T22:44:02.079+0000] {taskinstance.py:2889} INFO - Executing <Task(BranchPythonOperator): check_directory> on 2025-02-07 16:00:00+00:00
[2025-02-07T22:44:02.087+0000] {warnings.py:112} WARNING - /home/***/.local/lib/python3.12/site-packages/***/task/task_runner/standard_task_runner.py:70: DeprecationWarning: This process (pid=20325) is multi-threaded, use of fork() may lead to deadlocks in the child.
  pid = os.fork()

[2025-02-07T22:44:02.089+0000] {standard_task_runner.py:72} INFO - Started process 20343 to run task
[2025-02-07T22:44:02.090+0000] {standard_task_runner.py:104} INFO - Running: ['***', 'tasks', 'run', 'directory_and_file_verification_dag', 'check_directory', 'scheduled__2025-02-07T16:00:00+00:00', '--job-id', '1119', '--raw', '--subdir', 'DAGS_FOLDER/my_directory_and_file_checker.py', '--cfg-path', '/tmp/tmptppx9o75']
[2025-02-07T22:44:02.091+0000] {standard_task_runner.py:105} INFO - Job 1119: Subtask check_directory
[2025-02-07T22:44:02.147+0000] {task_command.py:467} INFO - Running <TaskInstance: directory_and_file_verification_dag.check_directory scheduled__2025-02-07T16:00:00+00:00 [running]> on host 003b7fbea265
[2025-02-07T22:44:02.440+0000] {taskinstance.py:3132} INFO - Exporting env vars: AIRFLOW_CTX_DAG_OWNER='***' AIRFLOW_CTX_DAG_ID='directory_and_file_verification_dag' AIRFLOW_CTX_TASK_ID='check_directory' AIRFLOW_CTX_EXECUTION_DATE='2025-02-07T16:00:00+00:00' AIRFLOW_CTX_TRY_NUMBER='1' AIRFLOW_CTX_DAG_RUN_ID='scheduled__2025-02-07T16:00:00+00:00'
[2025-02-07T22:44:02.442+0000] {logging_mixin.py:190} INFO - Task instance is in running state
[2025-02-07T22:44:02.442+0000] {logging_mixin.py:190} INFO -  Previous state of the Task instance: queued
[2025-02-07T22:44:02.443+0000] {logging_mixin.py:190} INFO - Current task name:check_directory state:running start_date:2025-02-07 22:44:02.054996+00:00
[2025-02-07T22:44:02.444+0000] {logging_mixin.py:190} INFO - Dag name:directory_and_file_verification_dag and current dag run status:running
[2025-02-07T22:44:02.444+0000] {taskinstance.py:731} INFO - ::endgroup::
[2025-02-07T22:44:02.445+0000] {baseoperator.py:421} WARNING - BranchPythonOperator.execute cannot be called outside TaskInstance!
[2025-02-07T22:44:02.449+0000] {logging_mixin.py:190} INFO - borusss ['in', 'logs', 'out', 'statu_date_execution.txt', 'succes_date_execution.txt', 'test', 'Écritures - Copie.csv.bak', 'Écritures comptables article.csv.bak', 'Écritures.csv.bak']
[2025-02-07T22:44:02.450+0000] {python.py:240} INFO - Done. Returned value was: check_file_in_directory
[2025-02-07T22:44:02.451+0000] {branch.py:38} INFO - Branch into check_file_in_directory
[2025-02-07T22:44:02.451+0000] {skipmixin.py:230} INFO - Following branch ('check_file_in_directory',)
[2025-02-07T22:44:02.460+0000] {skipmixin.py:278} INFO - Skipping tasks []
[2025-02-07T22:44:02.487+0000] {taskinstance.py:340} INFO - ::group::Post task execution logs
[2025-02-07T22:44:02.488+0000] {taskinstance.py:352} INFO - Marking task as SUCCESS. dag_id=directory_and_file_verification_dag, task_id=check_directory, run_id=scheduled__2025-02-07T16:00:00+00:00, execution_date=20250207T160000, start_date=20250207T224402, end_date=20250207T224402
[2025-02-07T22:44:02.497+0000] {logging_mixin.py:190} INFO - Task instance in success state
[2025-02-07T22:44:02.498+0000] {logging_mixin.py:190} INFO -  Previous state of the Task instance: running
[2025-02-07T22:44:02.499+0000] {logging_mixin.py:190} INFO - Dag name:directory_and_file_verification_dag queued_at:2025-02-07 22:43:58.047720+00:00
[2025-02-07T22:44:02.499+0000] {logging_mixin.py:190} INFO - Task hostname:003b7fbea265 operator:BranchPythonOperator
[2025-02-07T22:44:02.546+0000] {local_task_job_runner.py:266} INFO - Task exited with return code 0
[2025-02-07T22:44:02.578+0000] {taskinstance.py:3895} INFO - 1 downstream tasks scheduled from follow-on schedule check
[2025-02-07T22:44:02.580+0000] {local_task_job_runner.py:245} INFO - ::endgroup::
[2025-02-07T23:12:11.495+0000] {local_task_job_runner.py:123} INFO - ::group::Pre task execution logs
[2025-02-07T23:12:11.564+0000] {taskinstance.py:2613} INFO - Dependencies all met for dep_context=non-requeueable deps ti=<TaskInstance: directory_and_file_verification_dag.check_directory scheduled__2025-02-07T16:00:00+00:00 [queued]>
[2025-02-07T23:12:11.609+0000] {taskinstance.py:2613} INFO - Dependencies all met for dep_context=requeueable deps ti=<TaskInstance: directory_and_file_verification_dag.check_directory scheduled__2025-02-07T16:00:00+00:00 [queued]>
[2025-02-07T23:12:11.626+0000] {taskinstance.py:2866} INFO - Starting attempt 1 of 1
[2025-02-07T23:12:11.709+0000] {taskinstance.py:2889} INFO - Executing <Task(BranchPythonOperator): check_directory> on 2025-02-07 16:00:00+00:00
[2025-02-07T23:12:11.737+0000] {warnings.py:112} WARNING - /home/***/.local/lib/python3.12/site-packages/***/task/task_runner/standard_task_runner.py:70: DeprecationWarning: This process (pid=20897) is multi-threaded, use of fork() may lead to deadlocks in the child.
  pid = os.fork()

[2025-02-07T23:12:11.740+0000] {standard_task_runner.py:72} INFO - Started process 20911 to run task
[2025-02-07T23:12:11.754+0000] {standard_task_runner.py:104} INFO - Running: ['***', 'tasks', 'run', 'directory_and_file_verification_dag', 'check_directory', 'scheduled__2025-02-07T16:00:00+00:00', '--job-id', '1167', '--raw', '--subdir', 'DAGS_FOLDER/my_directory_and_file_checker.py', '--cfg-path', '/tmp/tmprdx3vizv']
[2025-02-07T23:12:11.756+0000] {standard_task_runner.py:105} INFO - Job 1167: Subtask check_directory
[2025-02-07T23:12:11.913+0000] {task_command.py:467} INFO - Running <TaskInstance: directory_and_file_verification_dag.check_directory scheduled__2025-02-07T16:00:00+00:00 [running]> on host 003b7fbea265
[2025-02-07T23:12:12.702+0000] {taskinstance.py:3132} INFO - Exporting env vars: AIRFLOW_CTX_DAG_OWNER='***' AIRFLOW_CTX_DAG_ID='directory_and_file_verification_dag' AIRFLOW_CTX_TASK_ID='check_directory' AIRFLOW_CTX_EXECUTION_DATE='2025-02-07T16:00:00+00:00' AIRFLOW_CTX_TRY_NUMBER='1' AIRFLOW_CTX_DAG_RUN_ID='scheduled__2025-02-07T16:00:00+00:00'
[2025-02-07T23:12:12.704+0000] {logging_mixin.py:190} INFO - Task instance is in running state
[2025-02-07T23:12:12.705+0000] {logging_mixin.py:190} INFO -  Previous state of the Task instance: queued
[2025-02-07T23:12:12.706+0000] {logging_mixin.py:190} INFO - Current task name:check_directory state:running start_date:2025-02-07 23:12:11.565140+00:00
[2025-02-07T23:12:12.707+0000] {logging_mixin.py:190} INFO - Dag name:directory_and_file_verification_dag and current dag run status:running
[2025-02-07T23:12:12.708+0000] {taskinstance.py:731} INFO - ::endgroup::
[2025-02-07T23:12:12.713+0000] {baseoperator.py:421} WARNING - BranchPythonOperator.execute cannot be called outside TaskInstance!
[2025-02-07T23:12:12.721+0000] {logging_mixin.py:190} INFO - borusss ['in', 'logs', 'out', 'statu_date_execution.txt', 'succes_date_execution.txt', 'test', 'Écritures - Copie.csv.bak', 'Écritures comptables article.csv.bak', 'Écritures.csv.bak']
[2025-02-07T23:12:12.723+0000] {python.py:240} INFO - Done. Returned value was: check_file_in_directory
[2025-02-07T23:12:12.724+0000] {branch.py:38} INFO - Branch into check_file_in_directory
[2025-02-07T23:12:12.724+0000] {skipmixin.py:230} INFO - Following branch ('check_file_in_directory',)
[2025-02-07T23:12:12.750+0000] {skipmixin.py:278} INFO - Skipping tasks []
[2025-02-07T23:12:12.856+0000] {taskinstance.py:340} INFO - ::group::Post task execution logs
[2025-02-07T23:12:12.858+0000] {taskinstance.py:352} INFO - Marking task as SUCCESS. dag_id=directory_and_file_verification_dag, task_id=check_directory, run_id=scheduled__2025-02-07T16:00:00+00:00, execution_date=20250207T160000, start_date=20250207T231211, end_date=20250207T231212
[2025-02-07T23:12:12.901+0000] {logging_mixin.py:190} INFO - Task instance in success state
[2025-02-07T23:12:12.906+0000] {logging_mixin.py:190} INFO -  Previous state of the Task instance: running
[2025-02-07T23:12:12.910+0000] {logging_mixin.py:190} INFO - Dag name:directory_and_file_verification_dag queued_at:2025-02-07 23:12:07.376338+00:00
[2025-02-07T23:12:12.931+0000] {logging_mixin.py:190} INFO - Task hostname:003b7fbea265 operator:BranchPythonOperator
[2025-02-07T23:12:12.978+0000] {local_task_job_runner.py:266} INFO - Task exited with return code 0
[2025-02-07T23:12:13.057+0000] {taskinstance.py:3895} INFO - 1 downstream tasks scheduled from follow-on schedule check
[2025-02-07T23:12:13.065+0000] {local_task_job_runner.py:245} INFO - ::endgroup::
