[2025-02-07T22:23:32.789+0000] {local_task_job_runner.py:123} INFO - ::group::Pre task execution logs
[2025-02-07T22:23:32.971+0000] {taskinstance.py:2613} INFO - Dependencies all met for dep_context=non-requeueable deps ti=<TaskInstance: directory_and_file_verification_dag.verify_file_reliability scheduled__2025-02-07T00:13:00+00:00 [queued]>
[2025-02-07T22:23:33.966+0000] {taskinstance.py:2613} INFO - Dependencies all met for dep_context=requeueable deps ti=<TaskInstance: directory_and_file_verification_dag.verify_file_reliability scheduled__2025-02-07T00:13:00+00:00 [queued]>
[2025-02-07T22:23:33.979+0000] {taskinstance.py:2866} INFO - Starting attempt 1 of 1
[2025-02-07T22:23:34.075+0000] {taskinstance.py:2889} INFO - Executing <Task(BranchPythonOperator): verify_file_reliability> on 2025-02-07 00:13:00+00:00
[2025-02-07T22:23:34.119+0000] {standard_task_runner.py:104} INFO - Running: ['***', 'tasks', 'run', 'directory_and_file_verification_dag', 'verify_file_reliability', 'scheduled__2025-02-07T00:13:00+00:00', '--job-id', '923', '--raw', '--subdir', 'DAGS_FOLDER/my_directory_and_file_checker.py', '--cfg-path', '/tmp/tmpqf3c1mth']
[2025-02-07T22:23:34.114+0000] {warnings.py:112} WARNING - /home/***/.local/lib/python3.12/site-packages/***/task/task_runner/standard_task_runner.py:70: DeprecationWarning: This process (pid=19292) is multi-threaded, use of fork() may lead to deadlocks in the child.
  pid = os.fork()

[2025-02-07T22:23:34.122+0000] {standard_task_runner.py:105} INFO - Job 923: Subtask verify_file_reliability
[2025-02-07T22:23:34.124+0000] {standard_task_runner.py:72} INFO - Started process 19330 to run task
[2025-02-07T22:23:34.403+0000] {task_command.py:467} INFO - Running <TaskInstance: directory_and_file_verification_dag.verify_file_reliability scheduled__2025-02-07T00:13:00+00:00 [running]> on host 003b7fbea265
[2025-02-07T22:23:34.987+0000] {taskinstance.py:3132} INFO - Exporting env vars: AIRFLOW_CTX_DAG_OWNER='***' AIRFLOW_CTX_DAG_ID='directory_and_file_verification_dag' AIRFLOW_CTX_TASK_ID='verify_file_reliability' AIRFLOW_CTX_EXECUTION_DATE='2025-02-07T00:13:00+00:00' AIRFLOW_CTX_TRY_NUMBER='1' AIRFLOW_CTX_DAG_RUN_ID='scheduled__2025-02-07T00:13:00+00:00'
[2025-02-07T22:23:34.993+0000] {logging_mixin.py:190} INFO - Task instance is in running state
[2025-02-07T22:23:35.002+0000] {logging_mixin.py:190} INFO -  Previous state of the Task instance: queued
[2025-02-07T22:23:35.010+0000] {logging_mixin.py:190} INFO - Current task name:verify_file_reliability state:running start_date:2025-02-07 22:23:32.974960+00:00
[2025-02-07T22:23:35.011+0000] {logging_mixin.py:190} INFO - Dag name:directory_and_file_verification_dag and current dag run status:running
[2025-02-07T22:23:35.014+0000] {taskinstance.py:731} INFO - ::endgroup::
[2025-02-07T22:23:35.022+0000] {baseoperator.py:421} WARNING - BranchPythonOperator.execute cannot be called outside TaskInstance!
[2025-02-07T22:23:35.103+0000] {my_directory_and_file_checker.py:103} ERROR - ❌ Erreur d'encodage (utf-8) pour Écritures.csv: 'utf-8' codec can't decode byte 0xb0 in position 1: invalid start byte
[2025-02-07T22:23:35.236+0000] {logging_mixin.py:190} INFO - 
📂 Contenu du fichier (ISO-8859-1): Écritures.csv
[2025-02-07T22:23:35.283+0000] {logging_mixin.py:190} INFO -   Date comptabilisation       N° lot Type écriture
0            31/12/2024  A-BNDK 2304    Production
1            31/12/2024  B-BNDK 2304    Production
2            31/12/2024  C-BNDK 2304    Production
3            31/12/2024  D-BNDK 2304    Production
4            31/12/2024  E-BNDK 2304    Production
[2025-02-07T22:23:35.309+0000] {logging_mixin.py:190} INFO - borisPanda3 <class 'pandas.core.frame.DataFrame'>   Accounting_Date   Lot_Number Type_ecriture
0      31/12/2024  A-BNDK 2304    Production
1      31/12/2024  B-BNDK 2304    Production
2      31/12/2024  C-BNDK 2304    Production
3      31/12/2024  D-BNDK 2304    Production
4      31/12/2024  E-BNDK 2304    Production
[2025-02-07T22:24:00.950+0000] {job.py:229} INFO - Heartbeat recovered after 10.65 seconds
[2025-02-07T22:25:14.394+0000] {job.py:229} INFO - Heartbeat recovered after 13.29 seconds
[2025-02-07T22:27:36.471+0000] {job.py:229} INFO - Heartbeat recovered after 10.87 seconds
[2025-02-07T22:28:13.096+0000] {job.py:229} INFO - Heartbeat recovered after 11.15 seconds
[2025-02-07T22:28:18.280+0000] {job.py:229} INFO - Heartbeat recovered after 10.72 seconds
[2025-02-07T22:29:56.315+0000] {logging_mixin.py:190} INFO - ✅Lignes  ('✅ Le fichier respecte les colonnes attendues et les types de données.', True) 9854
[2025-02-07T22:29:56.338+0000] {logging_mixin.py:190} INFO - merci
[2025-02-07T22:29:56.453+0000] {base.py:84} INFO - Retrieving connection 'mysql_conn'
[2025-02-07T22:29:56.559+0000] {logging_mixin.py:190} INFO - (('attendancedb',), ('caprostockdb',), ('information_schema',), ('mysql',), ('netvision_db',), ('performance_schema',), ('pointing_db',), ('posgpt_db',), ('pythondb',), ('sys',), ('testimportdb',))
[2025-02-07T22:32:26.680+0000] {logging_mixin.py:190} INFO - ⚠️ Données supprimées avant insertion.
[2025-02-07T22:32:35.840+0000] {sql.py:691} INFO - Loaded 1000 rows into temp_ecc so far
[2025-02-07T22:32:41.194+0000] {sql.py:691} INFO - Loaded 2000 rows into temp_ecc so far
[2025-02-07T22:32:47.564+0000] {sql.py:691} INFO - Loaded 3000 rows into temp_ecc so far
[2025-02-07T22:32:58.138+0000] {sql.py:691} INFO - Loaded 4000 rows into temp_ecc so far
[2025-02-07T22:33:08.128+0000] {sql.py:691} INFO - Loaded 5000 rows into temp_ecc so far
[2025-02-07T22:33:17.727+0000] {sql.py:691} INFO - Loaded 6000 rows into temp_ecc so far
[2025-02-07T22:33:27.629+0000] {sql.py:691} INFO - Loaded 7000 rows into temp_ecc so far
[2025-02-07T22:33:34.255+0000] {sql.py:691} INFO - Loaded 8000 rows into temp_ecc so far
[2025-02-07T22:33:44.399+0000] {sql.py:691} INFO - Loaded 9000 rows into temp_ecc so far
[2025-02-07T22:33:51.585+0000] {sql.py:694} INFO - Done loading. Loaded a total of 9854 rows into temp_ecc
[2025-02-07T22:33:51.600+0000] {logging_mixin.py:190} INFO - connexion sql reussie True
[2025-02-07T22:33:51.687+0000] {logging_mixin.py:190} INFO - Afficher   Accounting_Date   Lot_Number Type_ecriture
0      2024-12-31  A-BNDK 2304    Production
1      2024-12-31  B-BNDK 2304    Production
2      2024-12-31  C-BNDK 2304    Production
3      2024-12-31  D-BNDK 2304    Production
4      2024-12-31  E-BNDK 2304    Production
[2025-02-07T22:33:51.703+0000] {python.py:240} INFO - Done. Returned value was: end
[2025-02-07T22:33:51.706+0000] {branch.py:38} INFO - Branch into end
[2025-02-07T22:33:51.729+0000] {skipmixin.py:230} INFO - Following branch ('end',)
[2025-02-07T22:33:51.947+0000] {skipmixin.py:278} INFO - Skipping tasks []
[2025-02-07T22:33:52.379+0000] {taskinstance.py:340} INFO - ::group::Post task execution logs
[2025-02-07T22:33:52.390+0000] {taskinstance.py:352} INFO - Marking task as SUCCESS. dag_id=directory_and_file_verification_dag, task_id=verify_file_reliability, run_id=scheduled__2025-02-07T00:13:00+00:00, execution_date=20250207T001300, start_date=20250207T222332, end_date=20250207T223352
[2025-02-07T22:33:52.948+0000] {logging_mixin.py:190} INFO - Task instance in success state
[2025-02-07T22:33:52.959+0000] {logging_mixin.py:190} INFO -  Previous state of the Task instance: running
[2025-02-07T22:33:52.970+0000] {logging_mixin.py:190} INFO - Dag name:directory_and_file_verification_dag queued_at:2025-02-07 22:21:18.790293+00:00
[2025-02-07T22:33:52.972+0000] {logging_mixin.py:190} INFO - Task hostname:003b7fbea265 operator:BranchPythonOperator
[2025-02-07T22:33:53.140+0000] {local_task_job_runner.py:266} INFO - Task exited with return code 0
[2025-02-07T22:33:53.265+0000] {local_task_job_runner.py:245} INFO - ::endgroup::
