[2025-02-07T22:42:32.503+0000] {local_task_job_runner.py:123} INFO - ::group::Pre task execution logs
[2025-02-07T22:42:33.443+0000] {taskinstance.py:2613} INFO - Dependencies all met for dep_context=non-requeueable deps ti=<TaskInstance: directory_and_file_verification_dag.check_file_in_directory scheduled__2025-02-07T07:00:00+00:00 [queued]>
[2025-02-07T22:42:33.641+0000] {taskinstance.py:2613} INFO - Dependencies all met for dep_context=requeueable deps ti=<TaskInstance: directory_and_file_verification_dag.check_file_in_directory scheduled__2025-02-07T07:00:00+00:00 [queued]>
[2025-02-07T22:42:33.663+0000] {taskinstance.py:2866} INFO - Starting attempt 1 of 1
[2025-02-07T22:42:33.851+0000] {taskinstance.py:2889} INFO - Executing <Task(BranchPythonOperator): check_file_in_directory> on 2025-02-07 07:00:00+00:00
[2025-02-07T22:42:33.870+0000] {warnings.py:112} WARNING - /home/***/.local/lib/python3.12/site-packages/***/task/task_runner/standard_task_runner.py:70: DeprecationWarning: This process (pid=20077) is multi-threaded, use of fork() may lead to deadlocks in the child.
  pid = os.fork()

[2025-02-07T22:42:33.885+0000] {standard_task_runner.py:72} INFO - Started process 20129 to run task
[2025-02-07T22:42:33.916+0000] {standard_task_runner.py:104} INFO - Running: ['***', 'tasks', 'run', 'directory_and_file_verification_dag', 'check_file_in_directory', 'scheduled__2025-02-07T07:00:00+00:00', '--job-id', '1066', '--raw', '--subdir', 'DAGS_FOLDER/my_directory_and_file_checker.py', '--cfg-path', '/tmp/tmpr0vpk9b3']
[2025-02-07T22:42:33.918+0000] {standard_task_runner.py:105} INFO - Job 1066: Subtask check_file_in_directory
[2025-02-07T22:42:34.272+0000] {task_command.py:467} INFO - Running <TaskInstance: directory_and_file_verification_dag.check_file_in_directory scheduled__2025-02-07T07:00:00+00:00 [running]> on host 003b7fbea265
[2025-02-07T22:42:34.722+0000] {taskinstance.py:3132} INFO - Exporting env vars: AIRFLOW_CTX_DAG_OWNER='***' AIRFLOW_CTX_DAG_ID='directory_and_file_verification_dag' AIRFLOW_CTX_TASK_ID='check_file_in_directory' AIRFLOW_CTX_EXECUTION_DATE='2025-02-07T07:00:00+00:00' AIRFLOW_CTX_TRY_NUMBER='1' AIRFLOW_CTX_DAG_RUN_ID='scheduled__2025-02-07T07:00:00+00:00'
[2025-02-07T22:42:34.725+0000] {logging_mixin.py:190} INFO - Task instance is in running state
[2025-02-07T22:42:34.726+0000] {logging_mixin.py:190} INFO -  Previous state of the Task instance: queued
[2025-02-07T22:42:34.730+0000] {logging_mixin.py:190} INFO - Current task name:check_file_in_directory state:running start_date:2025-02-07 22:42:33.448518+00:00
[2025-02-07T22:42:34.732+0000] {logging_mixin.py:190} INFO - Dag name:directory_and_file_verification_dag and current dag run status:running
[2025-02-07T22:42:34.735+0000] {taskinstance.py:731} INFO - ::endgroup::
[2025-02-07T22:42:34.737+0000] {baseoperator.py:421} WARNING - BranchPythonOperator.execute cannot be called outside TaskInstance!
[2025-02-07T22:42:34.762+0000] {python.py:240} INFO - Done. Returned value was: end
[2025-02-07T22:42:34.773+0000] {branch.py:38} INFO - Branch into end
[2025-02-07T22:42:34.778+0000] {skipmixin.py:230} INFO - Following branch ('end',)
[2025-02-07T22:42:34.809+0000] {skipmixin.py:278} INFO - Skipping tasks [('verify_file_reliability', -1)]
[2025-02-07T22:42:34.941+0000] {taskinstance.py:340} INFO - ::group::Post task execution logs
[2025-02-07T22:42:34.944+0000] {taskinstance.py:352} INFO - Marking task as SUCCESS. dag_id=directory_and_file_verification_dag, task_id=check_file_in_directory, run_id=scheduled__2025-02-07T07:00:00+00:00, execution_date=20250207T070000, start_date=20250207T224233, end_date=20250207T224234
[2025-02-07T22:42:35.057+0000] {logging_mixin.py:190} INFO - Task instance in success state
[2025-02-07T22:42:35.062+0000] {logging_mixin.py:190} INFO -  Previous state of the Task instance: running
[2025-02-07T22:42:35.063+0000] {logging_mixin.py:190} INFO - Dag name:directory_and_file_verification_dag queued_at:2025-02-07 22:41:56.837081+00:00
[2025-02-07T22:42:35.064+0000] {logging_mixin.py:190} INFO - Task hostname:003b7fbea265 operator:BranchPythonOperator
[2025-02-07T22:42:35.115+0000] {local_task_job_runner.py:266} INFO - Task exited with return code 0
[2025-02-07T22:42:35.192+0000] {taskinstance.py:3895} INFO - 0 downstream tasks scheduled from follow-on schedule check
[2025-02-07T22:42:35.235+0000] {local_task_job_runner.py:245} INFO - ::endgroup::
[2025-02-07T22:43:58.237+0000] {local_task_job_runner.py:123} INFO - ::group::Pre task execution logs
[2025-02-07T22:43:58.724+0000] {taskinstance.py:2613} INFO - Dependencies all met for dep_context=non-requeueable deps ti=<TaskInstance: directory_and_file_verification_dag.check_file_in_directory scheduled__2025-02-07T07:00:00+00:00 [queued]>
[2025-02-07T22:43:58.757+0000] {taskinstance.py:2613} INFO - Dependencies all met for dep_context=requeueable deps ti=<TaskInstance: directory_and_file_verification_dag.check_file_in_directory scheduled__2025-02-07T07:00:00+00:00 [queued]>
[2025-02-07T22:43:58.760+0000] {taskinstance.py:2866} INFO - Starting attempt 1 of 1
[2025-02-07T22:43:58.803+0000] {taskinstance.py:2889} INFO - Executing <Task(BranchPythonOperator): check_file_in_directory> on 2025-02-07 07:00:00+00:00
[2025-02-07T22:43:58.828+0000] {warnings.py:112} WARNING - /home/***/.local/lib/python3.12/site-packages/***/task/task_runner/standard_task_runner.py:70: DeprecationWarning: This process (pid=20282) is multi-threaded, use of fork() may lead to deadlocks in the child.
  pid = os.fork()

[2025-02-07T22:43:58.831+0000] {standard_task_runner.py:72} INFO - Started process 20327 to run task
[2025-02-07T22:43:58.866+0000] {standard_task_runner.py:104} INFO - Running: ['***', 'tasks', 'run', 'directory_and_file_verification_dag', 'check_file_in_directory', 'scheduled__2025-02-07T07:00:00+00:00', '--job-id', '1111', '--raw', '--subdir', 'DAGS_FOLDER/my_directory_and_file_checker.py', '--cfg-path', '/tmp/tmp9dmwuj_g']
[2025-02-07T22:43:58.882+0000] {standard_task_runner.py:105} INFO - Job 1111: Subtask check_file_in_directory
[2025-02-07T22:43:59.056+0000] {task_command.py:467} INFO - Running <TaskInstance: directory_and_file_verification_dag.check_file_in_directory scheduled__2025-02-07T07:00:00+00:00 [running]> on host 003b7fbea265
[2025-02-07T22:43:59.389+0000] {taskinstance.py:3132} INFO - Exporting env vars: AIRFLOW_CTX_DAG_OWNER='***' AIRFLOW_CTX_DAG_ID='directory_and_file_verification_dag' AIRFLOW_CTX_TASK_ID='check_file_in_directory' AIRFLOW_CTX_EXECUTION_DATE='2025-02-07T07:00:00+00:00' AIRFLOW_CTX_TRY_NUMBER='1' AIRFLOW_CTX_DAG_RUN_ID='scheduled__2025-02-07T07:00:00+00:00'
[2025-02-07T22:43:59.392+0000] {logging_mixin.py:190} INFO - Task instance is in running state
[2025-02-07T22:43:59.396+0000] {logging_mixin.py:190} INFO -  Previous state of the Task instance: queued
[2025-02-07T22:43:59.400+0000] {logging_mixin.py:190} INFO - Current task name:check_file_in_directory state:running start_date:2025-02-07 22:43:58.727609+00:00
[2025-02-07T22:43:59.402+0000] {logging_mixin.py:190} INFO - Dag name:directory_and_file_verification_dag and current dag run status:running
[2025-02-07T22:43:59.407+0000] {taskinstance.py:731} INFO - ::endgroup::
[2025-02-07T22:43:59.422+0000] {baseoperator.py:421} WARNING - BranchPythonOperator.execute cannot be called outside TaskInstance!
[2025-02-07T22:43:59.424+0000] {python.py:240} INFO - Done. Returned value was: end
[2025-02-07T22:43:59.425+0000] {branch.py:38} INFO - Branch into end
[2025-02-07T22:43:59.428+0000] {skipmixin.py:230} INFO - Following branch ('end',)
[2025-02-07T22:43:59.451+0000] {skipmixin.py:278} INFO - Skipping tasks [('verify_file_reliability', -1)]
[2025-02-07T22:43:59.551+0000] {taskinstance.py:340} INFO - ::group::Post task execution logs
[2025-02-07T22:43:59.554+0000] {taskinstance.py:352} INFO - Marking task as SUCCESS. dag_id=directory_and_file_verification_dag, task_id=check_file_in_directory, run_id=scheduled__2025-02-07T07:00:00+00:00, execution_date=20250207T070000, start_date=20250207T224358, end_date=20250207T224359
[2025-02-07T22:43:59.616+0000] {logging_mixin.py:190} INFO - Task instance in success state
[2025-02-07T22:43:59.628+0000] {logging_mixin.py:190} INFO -  Previous state of the Task instance: running
[2025-02-07T22:43:59.633+0000] {logging_mixin.py:190} INFO - Dag name:directory_and_file_verification_dag queued_at:2025-02-07 22:43:28.019883+00:00
[2025-02-07T22:43:59.634+0000] {logging_mixin.py:190} INFO - Task hostname:003b7fbea265 operator:BranchPythonOperator
[2025-02-07T22:43:59.743+0000] {local_task_job_runner.py:266} INFO - Task exited with return code 0
[2025-02-07T22:43:59.874+0000] {taskinstance.py:3895} INFO - 0 downstream tasks scheduled from follow-on schedule check
[2025-02-07T22:43:59.910+0000] {local_task_job_runner.py:245} INFO - ::endgroup::
[2025-02-07T23:11:55.361+0000] {local_task_job_runner.py:123} INFO - ::group::Pre task execution logs
[2025-02-07T23:11:55.498+0000] {taskinstance.py:2613} INFO - Dependencies all met for dep_context=non-requeueable deps ti=<TaskInstance: directory_and_file_verification_dag.check_file_in_directory scheduled__2025-02-07T07:00:00+00:00 [queued]>
[2025-02-07T23:11:56.062+0000] {taskinstance.py:2613} INFO - Dependencies all met for dep_context=requeueable deps ti=<TaskInstance: directory_and_file_verification_dag.check_file_in_directory scheduled__2025-02-07T07:00:00+00:00 [queued]>
[2025-02-07T23:11:56.066+0000] {taskinstance.py:2866} INFO - Starting attempt 1 of 1
[2025-02-07T23:11:56.113+0000] {taskinstance.py:2889} INFO - Executing <Task(BranchPythonOperator): check_file_in_directory> on 2025-02-07 07:00:00+00:00
[2025-02-07T23:11:56.139+0000] {warnings.py:112} WARNING - /home/***/.local/lib/python3.12/site-packages/***/task/task_runner/standard_task_runner.py:70: DeprecationWarning: This process (pid=20828) is multi-threaded, use of fork() may lead to deadlocks in the child.
  pid = os.fork()

[2025-02-07T23:11:56.145+0000] {standard_task_runner.py:104} INFO - Running: ['***', 'tasks', 'run', 'directory_and_file_verification_dag', 'check_file_in_directory', 'scheduled__2025-02-07T07:00:00+00:00', '--job-id', '1156', '--raw', '--subdir', 'DAGS_FOLDER/my_directory_and_file_checker.py', '--cfg-path', '/tmp/tmpr0fi46bh']
[2025-02-07T23:11:56.148+0000] {standard_task_runner.py:105} INFO - Job 1156: Subtask check_file_in_directory
[2025-02-07T23:11:56.147+0000] {standard_task_runner.py:72} INFO - Started process 20864 to run task
[2025-02-07T23:11:56.391+0000] {task_command.py:467} INFO - Running <TaskInstance: directory_and_file_verification_dag.check_file_in_directory scheduled__2025-02-07T07:00:00+00:00 [running]> on host 003b7fbea265
[2025-02-07T23:11:56.694+0000] {taskinstance.py:3132} INFO - Exporting env vars: AIRFLOW_CTX_DAG_OWNER='***' AIRFLOW_CTX_DAG_ID='directory_and_file_verification_dag' AIRFLOW_CTX_TASK_ID='check_file_in_directory' AIRFLOW_CTX_EXECUTION_DATE='2025-02-07T07:00:00+00:00' AIRFLOW_CTX_TRY_NUMBER='1' AIRFLOW_CTX_DAG_RUN_ID='scheduled__2025-02-07T07:00:00+00:00'
[2025-02-07T23:11:56.700+0000] {logging_mixin.py:190} INFO - Task instance is in running state
[2025-02-07T23:11:56.712+0000] {logging_mixin.py:190} INFO -  Previous state of the Task instance: queued
[2025-02-07T23:11:56.716+0000] {logging_mixin.py:190} INFO - Current task name:check_file_in_directory state:running start_date:2025-02-07 23:11:55.504148+00:00
[2025-02-07T23:11:56.719+0000] {logging_mixin.py:190} INFO - Dag name:directory_and_file_verification_dag and current dag run status:running
[2025-02-07T23:11:56.729+0000] {taskinstance.py:731} INFO - ::endgroup::
[2025-02-07T23:11:56.737+0000] {baseoperator.py:421} WARNING - BranchPythonOperator.execute cannot be called outside TaskInstance!
[2025-02-07T23:11:56.750+0000] {python.py:240} INFO - Done. Returned value was: end
[2025-02-07T23:11:56.751+0000] {branch.py:38} INFO - Branch into end
[2025-02-07T23:11:56.752+0000] {skipmixin.py:230} INFO - Following branch ('end',)
[2025-02-07T23:11:56.847+0000] {skipmixin.py:278} INFO - Skipping tasks [('verify_file_reliability', -1)]
[2025-02-07T23:11:57.038+0000] {taskinstance.py:340} INFO - ::group::Post task execution logs
[2025-02-07T23:11:57.041+0000] {taskinstance.py:352} INFO - Marking task as SUCCESS. dag_id=directory_and_file_verification_dag, task_id=check_file_in_directory, run_id=scheduled__2025-02-07T07:00:00+00:00, execution_date=20250207T070000, start_date=20250207T231155, end_date=20250207T231157
[2025-02-07T23:11:57.560+0000] {logging_mixin.py:190} INFO - Task instance in success state
[2025-02-07T23:11:57.562+0000] {logging_mixin.py:190} INFO -  Previous state of the Task instance: running
[2025-02-07T23:11:57.566+0000] {logging_mixin.py:190} INFO - Dag name:directory_and_file_verification_dag queued_at:2025-02-07 23:11:21.768681+00:00
[2025-02-07T23:11:57.568+0000] {logging_mixin.py:190} INFO - Task hostname:003b7fbea265 operator:BranchPythonOperator
[2025-02-07T23:11:57.656+0000] {local_task_job_runner.py:266} INFO - Task exited with return code 0
[2025-02-07T23:11:57.778+0000] {taskinstance.py:3895} INFO - 0 downstream tasks scheduled from follow-on schedule check
[2025-02-07T23:11:57.795+0000] {local_task_job_runner.py:245} INFO - ::endgroup::
