[2025-02-09T16:38:07.032+0000] {local_task_job_runner.py:123} INFO - ::group::Pre task execution logs
[2025-02-09T16:38:07.078+0000] {taskinstance.py:2613} INFO - Dependencies all met for dep_context=non-requeueable deps ti=<TaskInstance: directory_and_file_verification_dag.verify_file_reliability manual__2025-02-09T16:31:35.771811+00:00 [queued]>
[2025-02-09T16:38:07.310+0000] {taskinstance.py:2613} INFO - Dependencies all met for dep_context=requeueable deps ti=<TaskInstance: directory_and_file_verification_dag.verify_file_reliability manual__2025-02-09T16:31:35.771811+00:00 [queued]>
[2025-02-09T16:38:07.311+0000] {taskinstance.py:2866} INFO - Starting attempt 1 of 1
[2025-02-09T16:38:07.340+0000] {taskinstance.py:2889} INFO - Executing <Task(BranchPythonOperator): verify_file_reliability> on 2025-02-09 16:31:35.771811+00:00
[2025-02-09T16:38:07.352+0000] {warnings.py:112} WARNING - /home/***/.local/lib/python3.12/site-packages/***/task/task_runner/standard_task_runner.py:70: DeprecationWarning: This process (pid=79) is multi-threaded, use of fork() may lead to deadlocks in the child.
  pid = os.fork()

[2025-02-09T16:38:07.356+0000] {standard_task_runner.py:72} INFO - Started process 81 to run task
[2025-02-09T16:38:07.355+0000] {standard_task_runner.py:104} INFO - Running: ['***', 'tasks', 'run', 'directory_and_file_verification_dag', 'verify_file_reliability', 'manual__2025-02-09T16:31:35.771811+00:00', '--job-id', '52', '--raw', '--subdir', 'DAGS_FOLDER/my_directory_and_file_checker.py', '--cfg-path', '/tmp/tmp20n3s_w6']
[2025-02-09T16:38:07.357+0000] {standard_task_runner.py:105} INFO - Job 52: Subtask verify_file_reliability
[2025-02-09T16:38:07.442+0000] {task_command.py:467} INFO - Running <TaskInstance: directory_and_file_verification_dag.verify_file_reliability manual__2025-02-09T16:31:35.771811+00:00 [running]> on host b6443be51f35
[2025-02-09T16:38:07.572+0000] {taskinstance.py:3132} INFO - Exporting env vars: AIRFLOW_CTX_DAG_OWNER='***' AIRFLOW_CTX_DAG_ID='directory_and_file_verification_dag' AIRFLOW_CTX_TASK_ID='verify_file_reliability' AIRFLOW_CTX_EXECUTION_DATE='2025-02-09T16:31:35.771811+00:00' AIRFLOW_CTX_TRY_NUMBER='1' AIRFLOW_CTX_DAG_RUN_ID='manual__2025-02-09T16:31:35.771811+00:00'
[2025-02-09T16:38:07.574+0000] {logging_mixin.py:190} INFO - Task instance is in running state
[2025-02-09T16:38:07.575+0000] {logging_mixin.py:190} INFO -  Previous state of the Task instance: queued
[2025-02-09T16:38:07.576+0000] {logging_mixin.py:190} INFO - Current task name:verify_file_reliability state:running start_date:2025-02-09 16:38:07.079280+00:00
[2025-02-09T16:38:07.576+0000] {logging_mixin.py:190} INFO - Dag name:directory_and_file_verification_dag and current dag run status:running
[2025-02-09T16:38:07.577+0000] {taskinstance.py:731} INFO - ::endgroup::
[2025-02-09T16:38:07.578+0000] {baseoperator.py:421} WARNING - BranchPythonOperator.execute cannot be called outside TaskInstance!
[2025-02-09T16:38:07.580+0000] {logging_mixin.py:190} INFO - camarche22 /opt/***/files/in ['.csv'] ['utf-8', 'ISO-8859-1', 'Windows-1252']
[2025-02-09T16:38:07.595+0000] {my_directory_and_file_checker.py:164} ERROR - ❌ Erreur d'encodage (utf-8) pour Écritures.csv: 'utf-8' codec can't decode byte 0xb0 in position 1: invalid start byte
[2025-02-09T16:38:07.644+0000] {logging_mixin.py:190} INFO - 
📂 Contenu du fichier (ISO-8859-1): Écritures.csv
[2025-02-09T16:38:07.690+0000] {logging_mixin.py:190} INFO -   Date comptabilisation       N° lot Type écriture
0            31/12/2024  A-BNDK 2304    Production
1            31/12/2024  B-BNDK 2304    Production
2            31/12/2024  C-BNDK 2304    Production
3            31/12/2024  D-BNDK 2304    Production
4            31/12/2024  E-BNDK 2304    Production
[2025-02-09T16:38:10.312+0000] {logging_mixin.py:190} INFO - ✅Lignes  ('✅ Le fichier respecte les colonnes attendues et les types de données.', True) 9854
[2025-02-09T16:38:10.318+0000] {logging_mixin.py:190} INFO - merci
[2025-02-09T16:38:10.335+0000] {base.py:84} INFO - Retrieving connection 'mysql_conn'
[2025-02-09T16:38:10.382+0000] {logging_mixin.py:190} INFO - (('attendancedb',), ('caprostockdb',), ('information_schema',), ('mysql',), ('netvision_db',), ('performance_schema',), ('pointing_db',), ('posgpt_db',), ('pythondb',), ('sys',), ('testimportdb',))
[2025-02-09T16:38:10.495+0000] {logging_mixin.py:190} INFO - ⚠️ Données supprimées avant insertion.
[2025-02-09T16:38:12.128+0000] {sql.py:691} INFO - Loaded 1000 rows into temp_ecc so far
[2025-02-09T16:38:14.631+0000] {sql.py:691} INFO - Loaded 2000 rows into temp_ecc so far
[2025-02-09T16:38:16.361+0000] {sql.py:691} INFO - Loaded 3000 rows into temp_ecc so far
[2025-02-09T16:38:18.823+0000] {sql.py:691} INFO - Loaded 4000 rows into temp_ecc so far
[2025-02-09T16:38:20.660+0000] {sql.py:691} INFO - Loaded 5000 rows into temp_ecc so far
[2025-02-09T16:38:22.240+0000] {sql.py:691} INFO - Loaded 6000 rows into temp_ecc so far
[2025-02-09T16:38:24.064+0000] {sql.py:691} INFO - Loaded 7000 rows into temp_ecc so far
[2025-02-09T16:38:25.497+0000] {sql.py:691} INFO - Loaded 8000 rows into temp_ecc so far
[2025-02-09T16:38:26.936+0000] {sql.py:691} INFO - Loaded 9000 rows into temp_ecc so far
[2025-02-09T16:38:27.960+0000] {sql.py:694} INFO - Done loading. Loaded a total of 9854 rows into temp_ecc
[2025-02-09T16:38:27.963+0000] {logging_mixin.py:190} INFO - connexion sql reussie True
[2025-02-09T16:38:28.005+0000] {logging_mixin.py:190} INFO - ❌ Erreur lors du déplacement du fichier : [Errno 13] Permission denied: '/opt/***/files/in/Écritures.csv'
[2025-02-09T16:38:28.007+0000] {python.py:240} INFO - Done. Returned value was: end
[2025-02-09T16:38:28.007+0000] {branch.py:38} INFO - Branch into end
[2025-02-09T16:38:28.008+0000] {skipmixin.py:230} INFO - Following branch ('end',)
[2025-02-09T16:38:28.028+0000] {skipmixin.py:278} INFO - Skipping tasks []
[2025-02-09T16:38:28.094+0000] {taskinstance.py:340} INFO - ::group::Post task execution logs
[2025-02-09T16:38:28.096+0000] {taskinstance.py:352} INFO - Marking task as SUCCESS. dag_id=directory_and_file_verification_dag, task_id=verify_file_reliability, run_id=manual__2025-02-09T16:31:35.771811+00:00, execution_date=20250209T163135, start_date=20250209T163807, end_date=20250209T163828
[2025-02-09T16:38:28.114+0000] {logging_mixin.py:190} INFO - Task instance in success state
[2025-02-09T16:38:28.116+0000] {logging_mixin.py:190} INFO -  Previous state of the Task instance: running
[2025-02-09T16:38:28.116+0000] {logging_mixin.py:190} INFO - Dag name:directory_and_file_verification_dag queued_at:2025-02-09 16:31:35.795549+00:00
[2025-02-09T16:38:28.117+0000] {logging_mixin.py:190} INFO - Task hostname:b6443be51f35 operator:BranchPythonOperator
[2025-02-09T16:38:28.149+0000] {local_task_job_runner.py:266} INFO - Task exited with return code 0
[2025-02-09T16:38:28.186+0000] {taskinstance.py:3895} INFO - 0 downstream tasks scheduled from follow-on schedule check
[2025-02-09T16:38:28.189+0000] {local_task_job_runner.py:245} INFO - ::endgroup::
