[2025-02-09T08:45:07.326+0000] {local_task_job_runner.py:123} INFO - ::group::Pre task execution logs
[2025-02-09T08:45:07.342+0000] {taskinstance.py:2613} INFO - Dependencies all met for dep_context=non-requeueable deps ti=<TaskInstance: directory_and_file_verification_dag.check_directory manual__2025-02-09T08:45:05.470591+00:00 [queued]>
[2025-02-09T08:45:07.349+0000] {taskinstance.py:2613} INFO - Dependencies all met for dep_context=requeueable deps ti=<TaskInstance: directory_and_file_verification_dag.check_directory manual__2025-02-09T08:45:05.470591+00:00 [queued]>
[2025-02-09T08:45:07.350+0000] {taskinstance.py:2866} INFO - Starting attempt 1 of 1
[2025-02-09T08:45:07.361+0000] {taskinstance.py:2889} INFO - Executing <Task(BranchPythonOperator): check_directory> on 2025-02-09 08:45:05.470591+00:00
[2025-02-09T08:45:07.368+0000] {warnings.py:112} WARNING - /home/***/.local/lib/python3.12/site-packages/***/task/task_runner/standard_task_runner.py:70: DeprecationWarning: This process (pid=481) is multi-threaded, use of fork() may lead to deadlocks in the child.
  pid = os.fork()

[2025-02-09T08:45:07.369+0000] {standard_task_runner.py:72} INFO - Started process 483 to run task
[2025-02-09T08:45:07.370+0000] {standard_task_runner.py:104} INFO - Running: ['***', 'tasks', 'run', 'directory_and_file_verification_dag', 'check_directory', 'manual__2025-02-09T08:45:05.470591+00:00', '--job-id', '1391', '--raw', '--subdir', 'DAGS_FOLDER/my_directory_and_file_checker.py', '--cfg-path', '/tmp/tmp9exkurt1']
[2025-02-09T08:45:07.371+0000] {standard_task_runner.py:105} INFO - Job 1391: Subtask check_directory
[2025-02-09T08:45:07.412+0000] {task_command.py:467} INFO - Running <TaskInstance: directory_and_file_verification_dag.check_directory manual__2025-02-09T08:45:05.470591+00:00 [running]> on host 003b7fbea265
[2025-02-09T08:45:07.479+0000] {taskinstance.py:3132} INFO - Exporting env vars: AIRFLOW_CTX_DAG_OWNER='***' AIRFLOW_CTX_DAG_ID='directory_and_file_verification_dag' AIRFLOW_CTX_TASK_ID='check_directory' AIRFLOW_CTX_EXECUTION_DATE='2025-02-09T08:45:05.470591+00:00' AIRFLOW_CTX_TRY_NUMBER='1' AIRFLOW_CTX_DAG_RUN_ID='manual__2025-02-09T08:45:05.470591+00:00'
[2025-02-09T08:45:07.480+0000] {logging_mixin.py:190} INFO - Task instance is in running state
[2025-02-09T08:45:07.481+0000] {logging_mixin.py:190} INFO -  Previous state of the Task instance: queued
[2025-02-09T08:45:07.482+0000] {logging_mixin.py:190} INFO - Current task name:check_directory state:running start_date:2025-02-09 08:45:07.342907+00:00
[2025-02-09T08:45:07.482+0000] {logging_mixin.py:190} INFO - Dag name:directory_and_file_verification_dag and current dag run status:running
[2025-02-09T08:45:07.483+0000] {taskinstance.py:731} INFO - ::endgroup::
[2025-02-09T08:45:07.483+0000] {baseoperator.py:421} WARNING - BranchPythonOperator.execute cannot be called outside TaskInstance!
[2025-02-09T08:45:07.485+0000] {logging_mixin.py:190} INFO - azazazbb /opt/***/files
[2025-02-09T08:45:07.485+0000] {python.py:240} INFO - Done. Returned value was: check_file_in_directory
[2025-02-09T08:45:07.486+0000] {branch.py:38} INFO - Branch into check_file_in_directory
[2025-02-09T08:45:07.486+0000] {skipmixin.py:230} INFO - Following branch ('check_file_in_directory',)
[2025-02-09T08:45:07.664+0000] {skipmixin.py:278} INFO - Skipping tasks []
[2025-02-09T08:45:07.689+0000] {taskinstance.py:340} INFO - ::group::Post task execution logs
[2025-02-09T08:45:07.690+0000] {taskinstance.py:352} INFO - Marking task as SUCCESS. dag_id=directory_and_file_verification_dag, task_id=check_directory, run_id=manual__2025-02-09T08:45:05.470591+00:00, execution_date=20250209T084505, start_date=20250209T084507, end_date=20250209T084507
[2025-02-09T08:45:07.699+0000] {logging_mixin.py:190} INFO - Task instance in success state
[2025-02-09T08:45:07.699+0000] {logging_mixin.py:190} INFO -  Previous state of the Task instance: running
[2025-02-09T08:45:07.700+0000] {logging_mixin.py:190} INFO - Dag name:directory_and_file_verification_dag queued_at:2025-02-09 08:45:05.480567+00:00
[2025-02-09T08:45:07.700+0000] {logging_mixin.py:190} INFO - Task hostname:003b7fbea265 operator:BranchPythonOperator
[2025-02-09T08:45:07.745+0000] {local_task_job_runner.py:266} INFO - Task exited with return code 0
[2025-02-09T08:45:07.771+0000] {taskinstance.py:3895} INFO - 1 downstream tasks scheduled from follow-on schedule check
[2025-02-09T08:45:07.774+0000] {local_task_job_runner.py:245} INFO - ::endgroup::
