[2025-02-13T16:29:03.081+0000] {local_task_job_runner.py:123} INFO - ::group::Pre task execution logs
[2025-02-13T16:29:03.268+0000] {taskinstance.py:2613} INFO - Dependencies all met for dep_context=non-requeueable deps ti=<TaskInstance: IMPORTATION_ECRITURE_COMPTABLES_ARTICLE_dag.check_directory scheduled__2025-02-13T16:28:00+00:00 [queued]>
[2025-02-13T16:29:03.277+0000] {taskinstance.py:2613} INFO - Dependencies all met for dep_context=requeueable deps ti=<TaskInstance: IMPORTATION_ECRITURE_COMPTABLES_ARTICLE_dag.check_directory scheduled__2025-02-13T16:28:00+00:00 [queued]>
[2025-02-13T16:29:03.278+0000] {taskinstance.py:2866} INFO - Starting attempt 1 of 2
[2025-02-13T16:29:03.298+0000] {taskinstance.py:2889} INFO - Executing <Task(BranchPythonOperator): check_directory> on 2025-02-13 16:28:00+00:00
[2025-02-13T16:29:03.307+0000] {warnings.py:112} WARNING - /home/***/.local/lib/python3.12/site-packages/***/task/task_runner/standard_task_runner.py:70: DeprecationWarning: This process (pid=16451) is multi-threaded, use of fork() may lead to deadlocks in the child.
  pid = os.fork()

[2025-02-13T16:29:03.308+0000] {standard_task_runner.py:72} INFO - Started process 16453 to run task
[2025-02-13T16:29:03.310+0000] {standard_task_runner.py:104} INFO - Running: ['***', 'tasks', 'run', 'IMPORTATION_ECRITURE_COMPTABLES_ARTICLE_dag', 'check_directory', 'scheduled__2025-02-13T16:28:00+00:00', '--job-id', '7767', '--raw', '--subdir', 'DAGS_FOLDER/my_directory_and_file_checker.py', '--cfg-path', '/tmp/tmp_2u2tu41']
[2025-02-13T16:29:03.311+0000] {standard_task_runner.py:105} INFO - Job 7767: Subtask check_directory
[2025-02-13T16:29:03.368+0000] {task_command.py:467} INFO - Running <TaskInstance: IMPORTATION_ECRITURE_COMPTABLES_ARTICLE_dag.check_directory scheduled__2025-02-13T16:28:00+00:00 [running]> on host b6443be51f35
[2025-02-13T16:29:03.493+0000] {taskinstance.py:3132} INFO - Exporting env vars: AIRFLOW_CTX_DAG_OWNER='***' AIRFLOW_CTX_DAG_ID='IMPORTATION_ECRITURE_COMPTABLES_ARTICLE_dag' AIRFLOW_CTX_TASK_ID='check_directory' AIRFLOW_CTX_EXECUTION_DATE='2025-02-13T16:28:00+00:00' AIRFLOW_CTX_TRY_NUMBER='1' AIRFLOW_CTX_DAG_RUN_ID='scheduled__2025-02-13T16:28:00+00:00'
[2025-02-13T16:29:03.495+0000] {logging_mixin.py:190} INFO - Task instance is in running state
[2025-02-13T16:29:03.496+0000] {logging_mixin.py:190} INFO -  Previous state of the Task instance: queued
[2025-02-13T16:29:03.497+0000] {logging_mixin.py:190} INFO - Current task name:check_directory state:running start_date:2025-02-13 16:29:03.268823+00:00
[2025-02-13T16:29:03.498+0000] {logging_mixin.py:190} INFO - Dag name:IMPORTATION_ECRITURE_COMPTABLES_ARTICLE_dag and current dag run status:running
[2025-02-13T16:29:03.498+0000] {taskinstance.py:731} INFO - ::endgroup::
[2025-02-13T16:29:03.499+0000] {baseoperator.py:421} WARNING - BranchPythonOperator.execute cannot be called outside TaskInstance!
[2025-02-13T16:29:03.500+0000] {python.py:240} INFO - Done. Returned value was: check_file_in_directory
[2025-02-13T16:29:03.501+0000] {branch.py:38} INFO - Branch into check_file_in_directory
[2025-02-13T16:29:03.501+0000] {skipmixin.py:230} INFO - Following branch ('check_file_in_directory',)
[2025-02-13T16:29:03.515+0000] {skipmixin.py:278} INFO - Skipping tasks []
[2025-02-13T16:29:03.544+0000] {taskinstance.py:340} INFO - ::group::Post task execution logs
[2025-02-13T16:29:03.547+0000] {taskinstance.py:352} INFO - Marking task as SUCCESS. dag_id=IMPORTATION_ECRITURE_COMPTABLES_ARTICLE_dag, task_id=check_directory, run_id=scheduled__2025-02-13T16:28:00+00:00, execution_date=20250213T162800, start_date=20250213T162903, end_date=20250213T162903
[2025-02-13T16:29:03.560+0000] {logging_mixin.py:190} INFO - Task instance in success state
[2025-02-13T16:29:03.561+0000] {logging_mixin.py:190} INFO -  Previous state of the Task instance: running
[2025-02-13T16:29:03.562+0000] {logging_mixin.py:190} INFO - Dag name:IMPORTATION_ECRITURE_COMPTABLES_ARTICLE_dag queued_at:2025-02-13 16:29:00.572293+00:00
[2025-02-13T16:29:03.562+0000] {logging_mixin.py:190} INFO - Task hostname:b6443be51f35 operator:BranchPythonOperator
[2025-02-13T16:29:03.605+0000] {local_task_job_runner.py:266} INFO - Task exited with return code 0
[2025-02-13T16:29:03.640+0000] {taskinstance.py:3895} INFO - 1 downstream tasks scheduled from follow-on schedule check
[2025-02-13T16:29:03.643+0000] {local_task_job_runner.py:245} INFO - ::endgroup::
[2025-02-13T16:29:55.558+0000] {local_task_job_runner.py:123} INFO - ::group::Pre task execution logs
[2025-02-13T16:29:55.713+0000] {taskinstance.py:2613} INFO - Dependencies all met for dep_context=non-requeueable deps ti=<TaskInstance: IMPORTATION_ECRITURE_COMPTABLES_ARTICLE_dag.check_directory scheduled__2025-02-13T16:28:00+00:00 [queued]>
[2025-02-13T16:29:55.723+0000] {taskinstance.py:2613} INFO - Dependencies all met for dep_context=requeueable deps ti=<TaskInstance: IMPORTATION_ECRITURE_COMPTABLES_ARTICLE_dag.check_directory scheduled__2025-02-13T16:28:00+00:00 [queued]>
[2025-02-13T16:29:55.724+0000] {taskinstance.py:2866} INFO - Starting attempt 1 of 2
[2025-02-13T16:29:55.739+0000] {taskinstance.py:2889} INFO - Executing <Task(BranchPythonOperator): check_directory> on 2025-02-13 16:28:00+00:00
[2025-02-13T16:29:55.746+0000] {warnings.py:112} WARNING - /home/***/.local/lib/python3.12/site-packages/***/task/task_runner/standard_task_runner.py:70: DeprecationWarning: This process (pid=16474) is multi-threaded, use of fork() may lead to deadlocks in the child.
  pid = os.fork()

[2025-02-13T16:29:55.748+0000] {standard_task_runner.py:72} INFO - Started process 16476 to run task
[2025-02-13T16:29:55.748+0000] {standard_task_runner.py:104} INFO - Running: ['***', 'tasks', 'run', 'IMPORTATION_ECRITURE_COMPTABLES_ARTICLE_dag', 'check_directory', 'scheduled__2025-02-13T16:28:00+00:00', '--job-id', '7771', '--raw', '--subdir', 'DAGS_FOLDER/my_directory_and_file_checker.py', '--cfg-path', '/tmp/tmp84md9kip']
[2025-02-13T16:29:55.750+0000] {standard_task_runner.py:105} INFO - Job 7771: Subtask check_directory
[2025-02-13T16:29:55.799+0000] {task_command.py:467} INFO - Running <TaskInstance: IMPORTATION_ECRITURE_COMPTABLES_ARTICLE_dag.check_directory scheduled__2025-02-13T16:28:00+00:00 [running]> on host b6443be51f35
[2025-02-13T16:29:55.897+0000] {taskinstance.py:3132} INFO - Exporting env vars: AIRFLOW_CTX_DAG_OWNER='***' AIRFLOW_CTX_DAG_ID='IMPORTATION_ECRITURE_COMPTABLES_ARTICLE_dag' AIRFLOW_CTX_TASK_ID='check_directory' AIRFLOW_CTX_EXECUTION_DATE='2025-02-13T16:28:00+00:00' AIRFLOW_CTX_TRY_NUMBER='1' AIRFLOW_CTX_DAG_RUN_ID='scheduled__2025-02-13T16:28:00+00:00'
[2025-02-13T16:29:55.899+0000] {logging_mixin.py:190} INFO - Task instance is in running state
[2025-02-13T16:29:55.899+0000] {logging_mixin.py:190} INFO -  Previous state of the Task instance: queued
[2025-02-13T16:29:55.900+0000] {logging_mixin.py:190} INFO - Current task name:check_directory state:running start_date:2025-02-13 16:29:55.714034+00:00
[2025-02-13T16:29:55.901+0000] {logging_mixin.py:190} INFO - Dag name:IMPORTATION_ECRITURE_COMPTABLES_ARTICLE_dag and current dag run status:running
[2025-02-13T16:29:55.901+0000] {taskinstance.py:731} INFO - ::endgroup::
[2025-02-13T16:29:55.902+0000] {baseoperator.py:421} WARNING - BranchPythonOperator.execute cannot be called outside TaskInstance!
[2025-02-13T16:29:55.904+0000] {python.py:240} INFO - Done. Returned value was: check_file_in_directory
[2025-02-13T16:29:55.905+0000] {branch.py:38} INFO - Branch into check_file_in_directory
[2025-02-13T16:29:55.906+0000] {skipmixin.py:230} INFO - Following branch ('check_file_in_directory',)
[2025-02-13T16:29:55.920+0000] {skipmixin.py:278} INFO - Skipping tasks []
[2025-02-13T16:29:55.953+0000] {taskinstance.py:340} INFO - ::group::Post task execution logs
[2025-02-13T16:29:55.954+0000] {taskinstance.py:352} INFO - Marking task as SUCCESS. dag_id=IMPORTATION_ECRITURE_COMPTABLES_ARTICLE_dag, task_id=check_directory, run_id=scheduled__2025-02-13T16:28:00+00:00, execution_date=20250213T162800, start_date=20250213T162955, end_date=20250213T162955
[2025-02-13T16:29:55.965+0000] {logging_mixin.py:190} INFO - Task instance in success state
[2025-02-13T16:29:55.966+0000] {logging_mixin.py:190} INFO -  Previous state of the Task instance: running
[2025-02-13T16:29:55.967+0000] {logging_mixin.py:190} INFO - Dag name:IMPORTATION_ECRITURE_COMPTABLES_ARTICLE_dag queued_at:2025-02-13 16:29:52.991474+00:00
[2025-02-13T16:29:55.967+0000] {logging_mixin.py:190} INFO - Task hostname:b6443be51f35 operator:BranchPythonOperator
[2025-02-13T16:29:56.004+0000] {local_task_job_runner.py:266} INFO - Task exited with return code 0
[2025-02-13T16:29:56.040+0000] {taskinstance.py:3895} INFO - 1 downstream tasks scheduled from follow-on schedule check
[2025-02-13T16:29:56.043+0000] {local_task_job_runner.py:245} INFO - ::endgroup::
