[2025-02-07T22:42:07.825+0000] {local_task_job_runner.py:123} INFO - ::group::Pre task execution logs
[2025-02-07T22:42:09.221+0000] {taskinstance.py:2613} INFO - Dependencies all met for dep_context=non-requeueable deps ti=<TaskInstance: directory_and_file_verification_dag.check_directory scheduled__2025-02-07T05:00:00+00:00 [queued]>
[2025-02-07T22:42:09.382+0000] {taskinstance.py:2613} INFO - Dependencies all met for dep_context=requeueable deps ti=<TaskInstance: directory_and_file_verification_dag.check_directory scheduled__2025-02-07T05:00:00+00:00 [queued]>
[2025-02-07T22:42:09.400+0000] {taskinstance.py:2866} INFO - Starting attempt 1 of 1
[2025-02-07T22:42:09.902+0000] {taskinstance.py:2889} INFO - Executing <Task(BranchPythonOperator): check_directory> on 2025-02-07 05:00:00+00:00
[2025-02-07T22:42:09.945+0000] {warnings.py:112} WARNING - /home/***/.local/lib/python3.12/site-packages/***/task/task_runner/standard_task_runner.py:70: DeprecationWarning: This process (pid=20018) is multi-threaded, use of fork() may lead to deadlocks in the child.
  pid = os.fork()

[2025-02-07T22:42:09.957+0000] {standard_task_runner.py:104} INFO - Running: ['***', 'tasks', 'run', 'directory_and_file_verification_dag', 'check_directory', 'scheduled__2025-02-07T05:00:00+00:00', '--job-id', '1046', '--raw', '--subdir', 'DAGS_FOLDER/my_directory_and_file_checker.py', '--cfg-path', '/tmp/tmpxwho_y04']
[2025-02-07T22:42:09.964+0000] {standard_task_runner.py:72} INFO - Started process 20054 to run task
[2025-02-07T22:42:09.965+0000] {standard_task_runner.py:105} INFO - Job 1046: Subtask check_directory
[2025-02-07T22:42:10.244+0000] {task_command.py:467} INFO - Running <TaskInstance: directory_and_file_verification_dag.check_directory scheduled__2025-02-07T05:00:00+00:00 [running]> on host 003b7fbea265
[2025-02-07T22:42:11.209+0000] {taskinstance.py:3132} INFO - Exporting env vars: AIRFLOW_CTX_DAG_OWNER='***' AIRFLOW_CTX_DAG_ID='directory_and_file_verification_dag' AIRFLOW_CTX_TASK_ID='check_directory' AIRFLOW_CTX_EXECUTION_DATE='2025-02-07T05:00:00+00:00' AIRFLOW_CTX_TRY_NUMBER='1' AIRFLOW_CTX_DAG_RUN_ID='scheduled__2025-02-07T05:00:00+00:00'
[2025-02-07T22:42:11.219+0000] {logging_mixin.py:190} INFO - Task instance is in running state
[2025-02-07T22:42:11.222+0000] {logging_mixin.py:190} INFO -  Previous state of the Task instance: queued
[2025-02-07T22:42:11.223+0000] {logging_mixin.py:190} INFO - Current task name:check_directory state:running start_date:2025-02-07 22:42:09.241177+00:00
[2025-02-07T22:42:11.223+0000] {logging_mixin.py:190} INFO - Dag name:directory_and_file_verification_dag and current dag run status:running
[2025-02-07T22:42:11.224+0000] {taskinstance.py:731} INFO - ::endgroup::
[2025-02-07T22:42:11.225+0000] {baseoperator.py:421} WARNING - BranchPythonOperator.execute cannot be called outside TaskInstance!
[2025-02-07T22:42:11.228+0000] {logging_mixin.py:190} INFO - borusss ['in', 'logs', 'out', 'statu_date_execution.txt', 'succes_date_execution.txt', 'test', 'Écritures - Copie.csv.bak', 'Écritures comptables article.csv.bak', 'Écritures.csv.bak']
[2025-02-07T22:42:11.229+0000] {python.py:240} INFO - Done. Returned value was: check_file_in_directory
[2025-02-07T22:42:11.230+0000] {branch.py:38} INFO - Branch into check_file_in_directory
[2025-02-07T22:42:11.232+0000] {skipmixin.py:230} INFO - Following branch ('check_file_in_directory',)
[2025-02-07T22:42:11.286+0000] {skipmixin.py:278} INFO - Skipping tasks []
[2025-02-07T22:42:11.551+0000] {taskinstance.py:340} INFO - ::group::Post task execution logs
[2025-02-07T22:42:11.608+0000] {taskinstance.py:352} INFO - Marking task as SUCCESS. dag_id=directory_and_file_verification_dag, task_id=check_directory, run_id=scheduled__2025-02-07T05:00:00+00:00, execution_date=20250207T050000, start_date=20250207T224209, end_date=20250207T224211
[2025-02-07T22:42:11.732+0000] {logging_mixin.py:190} INFO - Task instance in success state
[2025-02-07T22:42:11.739+0000] {logging_mixin.py:190} INFO -  Previous state of the Task instance: running
[2025-02-07T22:42:11.740+0000] {logging_mixin.py:190} INFO - Dag name:directory_and_file_verification_dag queued_at:2025-02-07 22:41:56.290935+00:00
[2025-02-07T22:42:11.742+0000] {logging_mixin.py:190} INFO - Task hostname:003b7fbea265 operator:BranchPythonOperator
[2025-02-07T22:42:11.825+0000] {local_task_job_runner.py:266} INFO - Task exited with return code 0
[2025-02-07T22:42:12.027+0000] {taskinstance.py:3895} INFO - 1 downstream tasks scheduled from follow-on schedule check
[2025-02-07T22:42:12.058+0000] {local_task_job_runner.py:245} INFO - ::endgroup::
[2025-02-07T22:43:35.889+0000] {local_task_job_runner.py:123} INFO - ::group::Pre task execution logs
[2025-02-07T22:43:37.470+0000] {taskinstance.py:2613} INFO - Dependencies all met for dep_context=non-requeueable deps ti=<TaskInstance: directory_and_file_verification_dag.check_directory scheduled__2025-02-07T05:00:00+00:00 [queued]>
[2025-02-07T22:43:37.523+0000] {taskinstance.py:2613} INFO - Dependencies all met for dep_context=requeueable deps ti=<TaskInstance: directory_and_file_verification_dag.check_directory scheduled__2025-02-07T05:00:00+00:00 [queued]>
[2025-02-07T22:43:37.551+0000] {taskinstance.py:2866} INFO - Starting attempt 1 of 1
[2025-02-07T22:43:37.696+0000] {taskinstance.py:2889} INFO - Executing <Task(BranchPythonOperator): check_directory> on 2025-02-07 05:00:00+00:00
[2025-02-07T22:43:37.740+0000] {warnings.py:112} WARNING - /home/***/.local/lib/python3.12/site-packages/***/task/task_runner/standard_task_runner.py:70: DeprecationWarning: This process (pid=20216) is multi-threaded, use of fork() may lead to deadlocks in the child.
  pid = os.fork()

[2025-02-07T22:43:37.752+0000] {standard_task_runner.py:72} INFO - Started process 20260 to run task
[2025-02-07T22:43:37.803+0000] {standard_task_runner.py:104} INFO - Running: ['***', 'tasks', 'run', 'directory_and_file_verification_dag', 'check_directory', 'scheduled__2025-02-07T05:00:00+00:00', '--job-id', '1092', '--raw', '--subdir', 'DAGS_FOLDER/my_directory_and_file_checker.py', '--cfg-path', '/tmp/tmpj43bpp7u']
[2025-02-07T22:43:37.812+0000] {standard_task_runner.py:105} INFO - Job 1092: Subtask check_directory
[2025-02-07T22:43:38.341+0000] {task_command.py:467} INFO - Running <TaskInstance: directory_and_file_verification_dag.check_directory scheduled__2025-02-07T05:00:00+00:00 [running]> on host 003b7fbea265
[2025-02-07T22:43:38.768+0000] {taskinstance.py:3132} INFO - Exporting env vars: AIRFLOW_CTX_DAG_OWNER='***' AIRFLOW_CTX_DAG_ID='directory_and_file_verification_dag' AIRFLOW_CTX_TASK_ID='check_directory' AIRFLOW_CTX_EXECUTION_DATE='2025-02-07T05:00:00+00:00' AIRFLOW_CTX_TRY_NUMBER='1' AIRFLOW_CTX_DAG_RUN_ID='scheduled__2025-02-07T05:00:00+00:00'
[2025-02-07T22:43:38.772+0000] {logging_mixin.py:190} INFO - Task instance is in running state
[2025-02-07T22:43:38.782+0000] {logging_mixin.py:190} INFO -  Previous state of the Task instance: queued
[2025-02-07T22:43:38.789+0000] {logging_mixin.py:190} INFO - Current task name:check_directory state:running start_date:2025-02-07 22:43:37.473123+00:00
[2025-02-07T22:43:38.790+0000] {logging_mixin.py:190} INFO - Dag name:directory_and_file_verification_dag and current dag run status:running
[2025-02-07T22:43:38.829+0000] {taskinstance.py:731} INFO - ::endgroup::
[2025-02-07T22:43:38.837+0000] {baseoperator.py:421} WARNING - BranchPythonOperator.execute cannot be called outside TaskInstance!
[2025-02-07T22:43:38.861+0000] {logging_mixin.py:190} INFO - borusss ['in', 'logs', 'out', 'statu_date_execution.txt', 'succes_date_execution.txt', 'test', 'Écritures - Copie.csv.bak', 'Écritures comptables article.csv.bak', 'Écritures.csv.bak']
[2025-02-07T22:43:38.862+0000] {python.py:240} INFO - Done. Returned value was: check_file_in_directory
[2025-02-07T22:43:38.881+0000] {branch.py:38} INFO - Branch into check_file_in_directory
[2025-02-07T22:43:38.883+0000] {skipmixin.py:230} INFO - Following branch ('check_file_in_directory',)
[2025-02-07T22:43:38.984+0000] {skipmixin.py:278} INFO - Skipping tasks []
[2025-02-07T22:43:39.251+0000] {taskinstance.py:340} INFO - ::group::Post task execution logs
[2025-02-07T22:43:39.267+0000] {taskinstance.py:352} INFO - Marking task as SUCCESS. dag_id=directory_and_file_verification_dag, task_id=check_directory, run_id=scheduled__2025-02-07T05:00:00+00:00, execution_date=20250207T050000, start_date=20250207T224337, end_date=20250207T224339
[2025-02-07T22:43:39.523+0000] {logging_mixin.py:190} INFO - Task instance in success state
[2025-02-07T22:43:39.532+0000] {logging_mixin.py:190} INFO -  Previous state of the Task instance: running
[2025-02-07T22:43:39.533+0000] {logging_mixin.py:190} INFO - Dag name:directory_and_file_verification_dag queued_at:2025-02-07 22:43:27.571375+00:00
[2025-02-07T22:43:39.539+0000] {logging_mixin.py:190} INFO - Task hostname:003b7fbea265 operator:BranchPythonOperator
[2025-02-07T22:43:39.670+0000] {local_task_job_runner.py:266} INFO - Task exited with return code 0
[2025-02-07T22:43:39.854+0000] {taskinstance.py:3895} INFO - 1 downstream tasks scheduled from follow-on schedule check
[2025-02-07T22:43:39.872+0000] {local_task_job_runner.py:245} INFO - ::endgroup::
[2025-02-07T23:11:32.898+0000] {local_task_job_runner.py:123} INFO - ::group::Pre task execution logs
[2025-02-07T23:11:33.919+0000] {taskinstance.py:2613} INFO - Dependencies all met for dep_context=non-requeueable deps ti=<TaskInstance: directory_and_file_verification_dag.check_directory scheduled__2025-02-07T05:00:00+00:00 [queued]>
[2025-02-07T23:11:34.033+0000] {taskinstance.py:2613} INFO - Dependencies all met for dep_context=requeueable deps ti=<TaskInstance: directory_and_file_verification_dag.check_directory scheduled__2025-02-07T05:00:00+00:00 [queued]>
[2025-02-07T23:11:34.042+0000] {taskinstance.py:2866} INFO - Starting attempt 1 of 1
[2025-02-07T23:11:34.143+0000] {taskinstance.py:2889} INFO - Executing <Task(BranchPythonOperator): check_directory> on 2025-02-07 05:00:00+00:00
[2025-02-07T23:11:34.179+0000] {warnings.py:112} WARNING - /home/***/.local/lib/python3.12/site-packages/***/task/task_runner/standard_task_runner.py:70: DeprecationWarning: This process (pid=20772) is multi-threaded, use of fork() may lead to deadlocks in the child.
  pid = os.fork()

[2025-02-07T23:11:34.209+0000] {standard_task_runner.py:72} INFO - Started process 20810 to run task
[2025-02-07T23:11:34.214+0000] {standard_task_runner.py:104} INFO - Running: ['***', 'tasks', 'run', 'directory_and_file_verification_dag', 'check_directory', 'scheduled__2025-02-07T05:00:00+00:00', '--job-id', '1140', '--raw', '--subdir', 'DAGS_FOLDER/my_directory_and_file_checker.py', '--cfg-path', '/tmp/tmpf4qnop9u']
[2025-02-07T23:11:34.238+0000] {standard_task_runner.py:105} INFO - Job 1140: Subtask check_directory
[2025-02-07T23:11:34.586+0000] {task_command.py:467} INFO - Running <TaskInstance: directory_and_file_verification_dag.check_directory scheduled__2025-02-07T05:00:00+00:00 [running]> on host 003b7fbea265
[2025-02-07T23:11:35.122+0000] {taskinstance.py:3132} INFO - Exporting env vars: AIRFLOW_CTX_DAG_OWNER='***' AIRFLOW_CTX_DAG_ID='directory_and_file_verification_dag' AIRFLOW_CTX_TASK_ID='check_directory' AIRFLOW_CTX_EXECUTION_DATE='2025-02-07T05:00:00+00:00' AIRFLOW_CTX_TRY_NUMBER='1' AIRFLOW_CTX_DAG_RUN_ID='scheduled__2025-02-07T05:00:00+00:00'
[2025-02-07T23:11:35.125+0000] {logging_mixin.py:190} INFO - Task instance is in running state
[2025-02-07T23:11:35.131+0000] {logging_mixin.py:190} INFO -  Previous state of the Task instance: queued
[2025-02-07T23:11:35.136+0000] {logging_mixin.py:190} INFO - Current task name:check_directory state:running start_date:2025-02-07 23:11:34.002999+00:00
[2025-02-07T23:11:35.151+0000] {logging_mixin.py:190} INFO - Dag name:directory_and_file_verification_dag and current dag run status:running
[2025-02-07T23:11:35.161+0000] {taskinstance.py:731} INFO - ::endgroup::
[2025-02-07T23:11:35.182+0000] {baseoperator.py:421} WARNING - BranchPythonOperator.execute cannot be called outside TaskInstance!
[2025-02-07T23:11:35.190+0000] {logging_mixin.py:190} INFO - borusss ['in', 'logs', 'out', 'statu_date_execution.txt', 'succes_date_execution.txt', 'test', 'Écritures - Copie.csv.bak', 'Écritures comptables article.csv.bak', 'Écritures.csv.bak']
[2025-02-07T23:11:35.203+0000] {python.py:240} INFO - Done. Returned value was: check_file_in_directory
[2025-02-07T23:11:35.204+0000] {branch.py:38} INFO - Branch into check_file_in_directory
[2025-02-07T23:11:35.208+0000] {skipmixin.py:230} INFO - Following branch ('check_file_in_directory',)
[2025-02-07T23:11:35.278+0000] {skipmixin.py:278} INFO - Skipping tasks []
[2025-02-07T23:11:35.453+0000] {taskinstance.py:340} INFO - ::group::Post task execution logs
[2025-02-07T23:11:35.461+0000] {taskinstance.py:352} INFO - Marking task as SUCCESS. dag_id=directory_and_file_verification_dag, task_id=check_directory, run_id=scheduled__2025-02-07T05:00:00+00:00, execution_date=20250207T050000, start_date=20250207T231134, end_date=20250207T231135
[2025-02-07T23:11:35.578+0000] {logging_mixin.py:190} INFO - Task instance in success state
[2025-02-07T23:11:35.590+0000] {logging_mixin.py:190} INFO -  Previous state of the Task instance: running
[2025-02-07T23:11:35.608+0000] {logging_mixin.py:190} INFO - Dag name:directory_and_file_verification_dag queued_at:2025-02-07 23:11:21.311779+00:00
[2025-02-07T23:11:35.622+0000] {logging_mixin.py:190} INFO - Task hostname:003b7fbea265 operator:BranchPythonOperator
[2025-02-07T23:11:35.695+0000] {local_task_job_runner.py:266} INFO - Task exited with return code 0
[2025-02-07T23:11:35.908+0000] {taskinstance.py:3895} INFO - 1 downstream tasks scheduled from follow-on schedule check
[2025-02-07T23:11:35.935+0000] {local_task_job_runner.py:245} INFO - ::endgroup::
[2025-02-07T23:15:03.065+0000] {local_task_job_runner.py:123} INFO - ::group::Pre task execution logs
[2025-02-07T23:15:03.286+0000] {taskinstance.py:2613} INFO - Dependencies all met for dep_context=non-requeueable deps ti=<TaskInstance: directory_and_file_verification_dag.check_directory scheduled__2025-02-07T05:00:00+00:00 [queued]>
[2025-02-07T23:15:03.330+0000] {taskinstance.py:2613} INFO - Dependencies all met for dep_context=requeueable deps ti=<TaskInstance: directory_and_file_verification_dag.check_directory scheduled__2025-02-07T05:00:00+00:00 [queued]>
[2025-02-07T23:15:03.377+0000] {taskinstance.py:2866} INFO - Starting attempt 1 of 1
[2025-02-07T23:15:04.438+0000] {taskinstance.py:2889} INFO - Executing <Task(BranchPythonOperator): check_directory> on 2025-02-07 05:00:00+00:00
[2025-02-07T23:15:04.487+0000] {warnings.py:112} WARNING - /home/***/.local/lib/python3.12/site-packages/***/task/task_runner/standard_task_runner.py:70: DeprecationWarning: This process (pid=93) is multi-threaded, use of fork() may lead to deadlocks in the child.
  pid = os.fork()

[2025-02-07T23:15:04.504+0000] {standard_task_runner.py:72} INFO - Started process 119 to run task
[2025-02-07T23:15:04.530+0000] {standard_task_runner.py:104} INFO - Running: ['***', 'tasks', 'run', 'directory_and_file_verification_dag', 'check_directory', 'scheduled__2025-02-07T05:00:00+00:00', '--job-id', '1188', '--raw', '--subdir', 'DAGS_FOLDER/my_directory_and_file_checker.py', '--cfg-path', '/tmp/tmpqjb2ypvf']
[2025-02-07T23:15:04.547+0000] {standard_task_runner.py:105} INFO - Job 1188: Subtask check_directory
[2025-02-07T23:15:05.140+0000] {task_command.py:467} INFO - Running <TaskInstance: directory_and_file_verification_dag.check_directory scheduled__2025-02-07T05:00:00+00:00 [running]> on host 003b7fbea265
[2025-02-07T23:15:06.044+0000] {taskinstance.py:3132} INFO - Exporting env vars: AIRFLOW_CTX_DAG_OWNER='***' AIRFLOW_CTX_DAG_ID='directory_and_file_verification_dag' AIRFLOW_CTX_TASK_ID='check_directory' AIRFLOW_CTX_EXECUTION_DATE='2025-02-07T05:00:00+00:00' AIRFLOW_CTX_TRY_NUMBER='1' AIRFLOW_CTX_DAG_RUN_ID='scheduled__2025-02-07T05:00:00+00:00'
[2025-02-07T23:15:06.046+0000] {logging_mixin.py:190} INFO - Task instance is in running state
[2025-02-07T23:15:06.047+0000] {logging_mixin.py:190} INFO -  Previous state of the Task instance: queued
[2025-02-07T23:15:06.076+0000] {logging_mixin.py:190} INFO - Current task name:check_directory state:running start_date:2025-02-07 23:15:03.288057+00:00
[2025-02-07T23:15:06.078+0000] {logging_mixin.py:190} INFO - Dag name:directory_and_file_verification_dag and current dag run status:running
[2025-02-07T23:15:06.087+0000] {taskinstance.py:731} INFO - ::endgroup::
[2025-02-07T23:15:06.088+0000] {baseoperator.py:421} WARNING - BranchPythonOperator.execute cannot be called outside TaskInstance!
[2025-02-07T23:15:06.097+0000] {logging_mixin.py:190} INFO - borusss ['in', 'logs', 'out', 'statu_date_execution.txt', 'succes_date_execution.txt', 'test', 'Écritures - Copie.csv.bak', 'Écritures comptables article.csv.bak', 'Écritures.csv.bak']
[2025-02-07T23:15:06.099+0000] {python.py:240} INFO - Done. Returned value was: check_file_in_directory
[2025-02-07T23:15:06.101+0000] {branch.py:38} INFO - Branch into check_file_in_directory
[2025-02-07T23:15:06.102+0000] {skipmixin.py:230} INFO - Following branch ('check_file_in_directory',)
[2025-02-07T23:15:06.160+0000] {skipmixin.py:278} INFO - Skipping tasks []
[2025-02-07T23:15:06.276+0000] {taskinstance.py:340} INFO - ::group::Post task execution logs
[2025-02-07T23:15:06.296+0000] {taskinstance.py:352} INFO - Marking task as SUCCESS. dag_id=directory_and_file_verification_dag, task_id=check_directory, run_id=scheduled__2025-02-07T05:00:00+00:00, execution_date=20250207T050000, start_date=20250207T231503, end_date=20250207T231506
[2025-02-07T23:15:06.364+0000] {logging_mixin.py:190} INFO - Task instance in success state
[2025-02-07T23:15:06.397+0000] {logging_mixin.py:190} INFO -  Previous state of the Task instance: running
[2025-02-07T23:15:06.448+0000] {logging_mixin.py:190} INFO - Dag name:directory_and_file_verification_dag queued_at:2025-02-07 23:14:42.973717+00:00
[2025-02-07T23:15:06.450+0000] {logging_mixin.py:190} INFO - Task hostname:003b7fbea265 operator:BranchPythonOperator
[2025-02-07T23:15:06.598+0000] {local_task_job_runner.py:266} INFO - Task exited with return code 0
[2025-02-07T23:15:06.669+0000] {local_task_job_runner.py:245} INFO - ::endgroup::
