[2025-02-10T19:51:31.449+0000] {local_task_job_runner.py:123} INFO - ::group::Pre task execution logs
[2025-02-10T19:51:31.652+0000] {taskinstance.py:2613} INFO - Dependencies all met for dep_context=non-requeueable deps ti=<TaskInstance: IMPORTATION_ECRITURE_COMPTABLES_ARTICLE_dag.verify_file_reliability scheduled__2025-02-10T19:50:00+00:00 [queued]>
[2025-02-10T19:51:31.664+0000] {taskinstance.py:2613} INFO - Dependencies all met for dep_context=requeueable deps ti=<TaskInstance: IMPORTATION_ECRITURE_COMPTABLES_ARTICLE_dag.verify_file_reliability scheduled__2025-02-10T19:50:00+00:00 [queued]>
[2025-02-10T19:51:31.666+0000] {taskinstance.py:2866} INFO - Starting attempt 1 of 2
[2025-02-10T19:51:31.683+0000] {taskinstance.py:2889} INFO - Executing <Task(BranchPythonOperator): verify_file_reliability> on 2025-02-10 19:50:00+00:00
[2025-02-10T19:51:31.691+0000] {warnings.py:112} WARNING - /home/***/.local/lib/python3.12/site-packages/***/task/task_runner/standard_task_runner.py:70: DeprecationWarning: This process (pid=144) is multi-threaded, use of fork() may lead to deadlocks in the child.
  pid = os.fork()

[2025-02-10T19:51:31.693+0000] {standard_task_runner.py:72} INFO - Started process 146 to run task
[2025-02-10T19:51:31.693+0000] {standard_task_runner.py:104} INFO - Running: ['***', 'tasks', 'run', 'IMPORTATION_ECRITURE_COMPTABLES_ARTICLE_dag', 'verify_file_reliability', 'scheduled__2025-02-10T19:50:00+00:00', '--job-id', '732', '--raw', '--subdir', 'DAGS_FOLDER/my_directory_and_file_checker.py', '--cfg-path', '/tmp/tmpwbc_y1mc']
[2025-02-10T19:51:31.695+0000] {standard_task_runner.py:105} INFO - Job 732: Subtask verify_file_reliability
[2025-02-10T19:51:31.750+0000] {task_command.py:467} INFO - Running <TaskInstance: IMPORTATION_ECRITURE_COMPTABLES_ARTICLE_dag.verify_file_reliability scheduled__2025-02-10T19:50:00+00:00 [running]> on host b6443be51f35
[2025-02-10T19:51:31.884+0000] {taskinstance.py:3132} INFO - Exporting env vars: AIRFLOW_CTX_DAG_OWNER='***' AIRFLOW_CTX_DAG_ID='IMPORTATION_ECRITURE_COMPTABLES_ARTICLE_dag' AIRFLOW_CTX_TASK_ID='verify_file_reliability' AIRFLOW_CTX_EXECUTION_DATE='2025-02-10T19:50:00+00:00' AIRFLOW_CTX_TRY_NUMBER='1' AIRFLOW_CTX_DAG_RUN_ID='scheduled__2025-02-10T19:50:00+00:00'
[2025-02-10T19:51:31.889+0000] {logging_mixin.py:190} INFO - Task instance is in running state
[2025-02-10T19:51:31.891+0000] {logging_mixin.py:190} INFO -  Previous state of the Task instance: queued
[2025-02-10T19:51:31.892+0000] {logging_mixin.py:190} INFO - Current task name:verify_file_reliability state:running start_date:2025-02-10 19:51:31.652896+00:00
[2025-02-10T19:51:31.892+0000] {logging_mixin.py:190} INFO - Dag name:IMPORTATION_ECRITURE_COMPTABLES_ARTICLE_dag and current dag run status:running
[2025-02-10T19:51:31.893+0000] {taskinstance.py:731} INFO - ::endgroup::
[2025-02-10T19:51:31.894+0000] {baseoperator.py:421} WARNING - BranchPythonOperator.execute cannot be called outside TaskInstance!
[2025-02-10T19:51:31.895+0000] {logging_mixin.py:190} INFO - camarche22 /opt/***/files/in ['.csv'] ['utf-8', 'ISO-8859-1', 'Windows-1252']
[2025-02-10T19:51:31.951+0000] {logging_mixin.py:190} INFO - 
📂 Contenu du fichier (utf-8): Écritures comptables article (11).csv
[2025-02-10T19:51:31.999+0000] {logging_mixin.py:190} INFO -   Date comptabilisation      N° lot  ... KOR par Réception KOR INPUT
0            24/01/2025  26LABCDE24  ...                 0         0
1            24/01/2025  26LABCDE24  ...                 0         0
2            24/01/2025  26LABCDE24  ...                 0         0
3            24/01/2025  26LABCDE24  ...                 0         0
4            24/01/2025  26LABCDE24  ...                 0         0

[5 rows x 27 columns]
[2025-02-10T19:51:32.002+0000] {logging_mixin.py:190} INFO - Taille de EXPECTED_COLUMNS: 26
[2025-02-10T19:51:32.002+0000] {logging_mixin.py:190} INFO - Contenu de EXPECTED_COLUMNS: ['accounting_date', 'lot_number', 'type_ecriture', 'type_document', 'document_number', 'article_number', 'variant_code', 'description', 'package_number', 'store_code', 'unit_code', 'created_by', 'quantity', 'quantity_in_sac', 'quantity_invoiced', 'remaining_quantity', 'quantity_reserved', 'lettering_writingsales_amount_actual', 'total_cost_actual', 'total_cost_not_included', 'is_open', 'order_type', 'created_at', 'sequence_number', 'kor_by_reception', 'kor_input']
[2025-02-10T19:51:32.765+0000] {logging_mixin.py:190} INFO - Erreur Type de donnée invalide dans la colonne ' Ligne 0 : quantity_in_sac': 0 n'est pas du type <class 'str'>
[2025-02-10T19:51:32.772+0000] {logging_mixin.py:190} INFO - Merde
[2025-02-10T19:51:32.777+0000] {python.py:240} INFO - Done. Returned value was: end
[2025-02-10T19:51:32.777+0000] {branch.py:38} INFO - Branch into end
[2025-02-10T19:51:32.778+0000] {skipmixin.py:230} INFO - Following branch ('end',)
[2025-02-10T19:51:32.789+0000] {skipmixin.py:278} INFO - Skipping tasks [('import_temp_ecc_to_ecc', -1)]
[2025-02-10T19:51:32.825+0000] {taskinstance.py:340} INFO - ::group::Post task execution logs
[2025-02-10T19:51:32.826+0000] {taskinstance.py:352} INFO - Marking task as SUCCESS. dag_id=IMPORTATION_ECRITURE_COMPTABLES_ARTICLE_dag, task_id=verify_file_reliability, run_id=scheduled__2025-02-10T19:50:00+00:00, execution_date=20250210T195000, start_date=20250210T195131, end_date=20250210T195132
[2025-02-10T19:51:32.884+0000] {logging_mixin.py:190} INFO - Task instance in success state
[2025-02-10T19:51:32.884+0000] {logging_mixin.py:190} INFO -  Previous state of the Task instance: running
[2025-02-10T19:51:32.885+0000] {logging_mixin.py:190} INFO - Dag name:IMPORTATION_ECRITURE_COMPTABLES_ARTICLE_dag queued_at:2025-02-10 19:51:22.562570+00:00
[2025-02-10T19:51:32.885+0000] {logging_mixin.py:190} INFO - Task hostname:b6443be51f35 operator:BranchPythonOperator
[2025-02-10T19:51:32.914+0000] {local_task_job_runner.py:266} INFO - Task exited with return code 0
[2025-02-10T19:51:32.932+0000] {taskinstance.py:3895} INFO - 0 downstream tasks scheduled from follow-on schedule check
[2025-02-10T19:51:32.935+0000] {local_task_job_runner.py:245} INFO - ::endgroup::
[2025-02-10T19:52:03.626+0000] {local_task_job_runner.py:123} INFO - ::group::Pre task execution logs
[2025-02-10T19:52:03.670+0000] {taskinstance.py:2613} INFO - Dependencies all met for dep_context=non-requeueable deps ti=<TaskInstance: IMPORTATION_ECRITURE_COMPTABLES_ARTICLE_dag.verify_file_reliability scheduled__2025-02-10T19:50:00+00:00 [queued]>
[2025-02-10T19:52:03.917+0000] {taskinstance.py:2613} INFO - Dependencies all met for dep_context=requeueable deps ti=<TaskInstance: IMPORTATION_ECRITURE_COMPTABLES_ARTICLE_dag.verify_file_reliability scheduled__2025-02-10T19:50:00+00:00 [queued]>
[2025-02-10T19:52:03.918+0000] {taskinstance.py:2866} INFO - Starting attempt 1 of 2
[2025-02-10T19:52:03.943+0000] {taskinstance.py:2889} INFO - Executing <Task(BranchPythonOperator): verify_file_reliability> on 2025-02-10 19:50:00+00:00
[2025-02-10T19:52:03.957+0000] {warnings.py:112} WARNING - /home/***/.local/lib/python3.12/site-packages/***/task/task_runner/standard_task_runner.py:70: DeprecationWarning: This process (pid=171) is multi-threaded, use of fork() may lead to deadlocks in the child.
  pid = os.fork()

[2025-02-10T19:52:03.959+0000] {standard_task_runner.py:72} INFO - Started process 177 to run task
[2025-02-10T19:52:03.960+0000] {standard_task_runner.py:104} INFO - Running: ['***', 'tasks', 'run', 'IMPORTATION_ECRITURE_COMPTABLES_ARTICLE_dag', 'verify_file_reliability', 'scheduled__2025-02-10T19:50:00+00:00', '--job-id', '737', '--raw', '--subdir', 'DAGS_FOLDER/my_directory_and_file_checker.py', '--cfg-path', '/tmp/tmpld0oddnq']
[2025-02-10T19:52:03.962+0000] {standard_task_runner.py:105} INFO - Job 737: Subtask verify_file_reliability
[2025-02-10T19:52:04.055+0000] {task_command.py:467} INFO - Running <TaskInstance: IMPORTATION_ECRITURE_COMPTABLES_ARTICLE_dag.verify_file_reliability scheduled__2025-02-10T19:50:00+00:00 [running]> on host b6443be51f35
[2025-02-10T19:52:04.251+0000] {taskinstance.py:3132} INFO - Exporting env vars: AIRFLOW_CTX_DAG_OWNER='***' AIRFLOW_CTX_DAG_ID='IMPORTATION_ECRITURE_COMPTABLES_ARTICLE_dag' AIRFLOW_CTX_TASK_ID='verify_file_reliability' AIRFLOW_CTX_EXECUTION_DATE='2025-02-10T19:50:00+00:00' AIRFLOW_CTX_TRY_NUMBER='1' AIRFLOW_CTX_DAG_RUN_ID='scheduled__2025-02-10T19:50:00+00:00'
[2025-02-10T19:52:04.259+0000] {logging_mixin.py:190} INFO - Task instance is in running state
[2025-02-10T19:52:04.260+0000] {logging_mixin.py:190} INFO -  Previous state of the Task instance: queued
[2025-02-10T19:52:04.261+0000] {logging_mixin.py:190} INFO - Current task name:verify_file_reliability state:running start_date:2025-02-10 19:52:03.671221+00:00
[2025-02-10T19:52:04.262+0000] {logging_mixin.py:190} INFO - Dag name:IMPORTATION_ECRITURE_COMPTABLES_ARTICLE_dag and current dag run status:running
[2025-02-10T19:52:04.263+0000] {taskinstance.py:731} INFO - ::endgroup::
[2025-02-10T19:52:04.265+0000] {baseoperator.py:421} WARNING - BranchPythonOperator.execute cannot be called outside TaskInstance!
[2025-02-10T19:52:04.267+0000] {logging_mixin.py:190} INFO - camarche22 /opt/***/files/in ['.csv'] ['utf-8', 'ISO-8859-1', 'Windows-1252']
[2025-02-10T19:52:04.429+0000] {logging_mixin.py:190} INFO - 
📂 Contenu du fichier (utf-8): Écritures comptables article (11).csv
[2025-02-10T19:52:04.568+0000] {logging_mixin.py:190} INFO -   Date comptabilisation      N° lot  ... KOR par Réception KOR INPUT
0            24/01/2025  26LABCDE24  ...                 0         0
1            24/01/2025  26LABCDE24  ...                 0         0
2            24/01/2025  26LABCDE24  ...                 0         0
3            24/01/2025  26LABCDE24  ...                 0         0
4            24/01/2025  26LABCDE24  ...                 0         0

[5 rows x 27 columns]
[2025-02-10T19:52:04.572+0000] {logging_mixin.py:190} INFO - Taille de EXPECTED_COLUMNS: 26
[2025-02-10T19:52:04.573+0000] {logging_mixin.py:190} INFO - Contenu de EXPECTED_COLUMNS: ['accounting_date', 'lot_number', 'type_ecriture', 'type_document', 'document_number', 'article_number', 'variant_code', 'description', 'package_number', 'store_code', 'unit_code', 'created_by', 'quantity', 'quantity_in_sac', 'quantity_invoiced', 'remaining_quantity', 'quantity_reserved', 'lettering_writingsales_amount_actual', 'total_cost_actual', 'total_cost_not_included', 'is_open', 'order_type', 'created_at', 'sequence_number', 'kor_by_reception', 'kor_input']
[2025-02-10T19:52:05.802+0000] {logging_mixin.py:190} INFO - Erreur Type de donnée invalide dans la colonne ' Ligne 0 : quantity_in_sac': 0 n'est pas du type <class 'str'>
[2025-02-10T19:52:05.807+0000] {logging_mixin.py:190} INFO - Merde
[2025-02-10T19:52:05.813+0000] {python.py:240} INFO - Done. Returned value was: end
[2025-02-10T19:52:05.814+0000] {branch.py:38} INFO - Branch into end
[2025-02-10T19:52:05.815+0000] {skipmixin.py:230} INFO - Following branch ('end',)
[2025-02-10T19:52:05.831+0000] {skipmixin.py:278} INFO - Skipping tasks [('import_temp_ecc_to_ecc', -1)]
[2025-02-10T19:52:05.880+0000] {taskinstance.py:340} INFO - ::group::Post task execution logs
[2025-02-10T19:52:05.883+0000] {taskinstance.py:352} INFO - Marking task as SUCCESS. dag_id=IMPORTATION_ECRITURE_COMPTABLES_ARTICLE_dag, task_id=verify_file_reliability, run_id=scheduled__2025-02-10T19:50:00+00:00, execution_date=20250210T195000, start_date=20250210T195203, end_date=20250210T195205
[2025-02-10T19:52:05.920+0000] {logging_mixin.py:190} INFO - Task instance in success state
[2025-02-10T19:52:05.923+0000] {logging_mixin.py:190} INFO -  Previous state of the Task instance: running
[2025-02-10T19:52:05.925+0000] {logging_mixin.py:190} INFO - Dag name:IMPORTATION_ECRITURE_COMPTABLES_ARTICLE_dag queued_at:2025-02-10 19:51:52.994256+00:00
[2025-02-10T19:52:05.929+0000] {logging_mixin.py:190} INFO - Task hostname:b6443be51f35 operator:BranchPythonOperator
[2025-02-10T19:52:05.984+0000] {local_task_job_runner.py:266} INFO - Task exited with return code 0
[2025-02-10T19:52:06.041+0000] {taskinstance.py:3895} INFO - 0 downstream tasks scheduled from follow-on schedule check
[2025-02-10T19:52:06.049+0000] {local_task_job_runner.py:245} INFO - ::endgroup::
