[2025-02-06T23:05:33.598+0000] {local_task_job_runner.py:123} INFO - ::group::Pre task execution logs
[2025-02-06T23:05:33.619+0000] {taskinstance.py:2613} INFO - Dependencies all met for dep_context=non-requeueable deps ti=<TaskInstance: directory_and_file_verification_dag.verify_file_reliability manual__2025-02-06T23:05:25.703893+00:00 [queued]>
[2025-02-06T23:05:33.632+0000] {taskinstance.py:2613} INFO - Dependencies all met for dep_context=requeueable deps ti=<TaskInstance: directory_and_file_verification_dag.verify_file_reliability manual__2025-02-06T23:05:25.703893+00:00 [queued]>
[2025-02-06T23:05:33.633+0000] {taskinstance.py:2866} INFO - Starting attempt 1 of 1
[2025-02-06T23:05:33.665+0000] {taskinstance.py:2889} INFO - Executing <Task(BranchPythonOperator): verify_file_reliability> on 2025-02-06 23:05:25.703893+00:00
[2025-02-06T23:05:33.670+0000] {warnings.py:112} WARNING - /home/***/.local/lib/python3.12/site-packages/***/task/task_runner/standard_task_runner.py:70: DeprecationWarning: This process (pid=8834) is multi-threaded, use of fork() may lead to deadlocks in the child.
  pid = os.fork()

[2025-02-06T23:05:33.672+0000] {standard_task_runner.py:72} INFO - Started process 8836 to run task
[2025-02-06T23:05:33.672+0000] {standard_task_runner.py:104} INFO - Running: ['***', 'tasks', 'run', 'directory_and_file_verification_dag', 'verify_file_reliability', 'manual__2025-02-06T23:05:25.703893+00:00', '--job-id', '727', '--raw', '--subdir', 'DAGS_FOLDER/my_directory_and_file_checker.py', '--cfg-path', '/tmp/tmpfy58gbcf']
[2025-02-06T23:05:33.673+0000] {standard_task_runner.py:105} INFO - Job 727: Subtask verify_file_reliability
[2025-02-06T23:05:33.718+0000] {task_command.py:467} INFO - Running <TaskInstance: directory_and_file_verification_dag.verify_file_reliability manual__2025-02-06T23:05:25.703893+00:00 [running]> on host 003b7fbea265
[2025-02-06T23:05:33.962+0000] {taskinstance.py:3132} INFO - Exporting env vars: AIRFLOW_CTX_DAG_OWNER='***' AIRFLOW_CTX_DAG_ID='directory_and_file_verification_dag' AIRFLOW_CTX_TASK_ID='verify_file_reliability' AIRFLOW_CTX_EXECUTION_DATE='2025-02-06T23:05:25.703893+00:00' AIRFLOW_CTX_TRY_NUMBER='1' AIRFLOW_CTX_DAG_RUN_ID='manual__2025-02-06T23:05:25.703893+00:00'
[2025-02-06T23:05:33.963+0000] {logging_mixin.py:190} INFO - Task instance is in running state
[2025-02-06T23:05:33.964+0000] {logging_mixin.py:190} INFO -  Previous state of the Task instance: queued
[2025-02-06T23:05:33.965+0000] {logging_mixin.py:190} INFO - Current task name:verify_file_reliability state:running start_date:2025-02-06 23:05:33.620502+00:00
[2025-02-06T23:05:33.965+0000] {logging_mixin.py:190} INFO - Dag name:directory_and_file_verification_dag and current dag run status:running
[2025-02-06T23:05:33.966+0000] {taskinstance.py:731} INFO - ::endgroup::
[2025-02-06T23:05:33.967+0000] {baseoperator.py:421} WARNING - BranchPythonOperator.execute cannot be called outside TaskInstance!
[2025-02-06T23:05:33.975+0000] {my_directory_and_file_checker.py:101} ERROR - ❌ Erreur d'encodage (utf-8) pour Écritures.csv: 'utf-8' codec can't decode byte 0xb0 in position 1: invalid start byte
[2025-02-06T23:05:33.988+0000] {logging_mixin.py:190} INFO - 
📂 Contenu du fichier (ISO-8859-1): Écritures.csv
[2025-02-06T23:05:33.995+0000] {logging_mixin.py:190} INFO -   Date comptabilisation       N° lot Type écriture
0            31/12/2024  A-BNDK 2304    Production
1            31/12/2024  B-BNDK 2304    Production
2            31/12/2024  C-BNDK 2304    Production
3            31/12/2024  D-BNDK 2304    Production
4            31/12/2024  E-BNDK 2304    Production
[2025-02-06T23:05:34.001+0000] {logging_mixin.py:190} INFO - borisPanda3 <class 'pandas.core.frame.DataFrame'>   Accounting_Date   Lot_Number Type_ecriture
0      31/12/2024  A-BNDK 2304    Production
1      31/12/2024  B-BNDK 2304    Production
2      31/12/2024  C-BNDK 2304    Production
3      31/12/2024  D-BNDK 2304    Production
4      31/12/2024  E-BNDK 2304    Production
[2025-02-06T23:05:34.008+0000] {logging_mixin.py:190} INFO - yuioioio2000      Accounting_Date   Lot_Number     Type_ecriture
0         31/12/2024  A-BNDK 2304        Production
1         31/12/2024  B-BNDK 2304        Production
2         31/12/2024  C-BNDK 2304        Production
3         31/12/2024  D-BNDK 2304        Production
4         31/12/2024  E-BNDK 2304        Production
...              ...          ...               ...
9849      31/07/2024   C-TIEB2301  Positif (ajust.)
9850      31/07/2024   C-BOK22B02  Positif (ajust.)
9851      31/07/2024    C-BOK2305  Positif (ajust.)
9852      31/07/2024   D-TIEB2301  Positif (ajust.)
9853      31/07/2024   E-TIEB2301  Positif (ajust.)

[9854 rows x 3 columns]
[2025-02-06T23:06:04.807+0000] {logging_mixin.py:190} INFO - Erreur Type de donnée invalide dans la colonne ' Ligne 5 : Lot_Number': nan n'est pas du type <class 'str'>
[2025-02-06T23:06:04.810+0000] {logging_mixin.py:190} INFO - Merde
[2025-02-06T23:06:04.811+0000] {python.py:240} INFO - Done. Returned value was: None
[2025-02-06T23:06:04.812+0000] {branch.py:38} INFO - Branch into None
[2025-02-06T23:06:04.813+0000] {skipmixin.py:230} INFO - Following branch ()
[2025-02-06T23:06:04.834+0000] {skipmixin.py:278} INFO - Skipping tasks [('end', -1)]
[2025-02-06T23:06:04.871+0000] {taskinstance.py:340} INFO - ::group::Post task execution logs
[2025-02-06T23:06:04.872+0000] {taskinstance.py:352} INFO - Marking task as SUCCESS. dag_id=directory_and_file_verification_dag, task_id=verify_file_reliability, run_id=manual__2025-02-06T23:05:25.703893+00:00, execution_date=20250206T230525, start_date=20250206T230533, end_date=20250206T230604
[2025-02-06T23:06:04.890+0000] {logging_mixin.py:190} INFO - Task instance in success state
[2025-02-06T23:06:04.890+0000] {logging_mixin.py:190} INFO -  Previous state of the Task instance: running
[2025-02-06T23:06:04.891+0000] {logging_mixin.py:190} INFO - Dag name:directory_and_file_verification_dag queued_at:2025-02-06 23:05:25.727008+00:00
[2025-02-06T23:06:04.891+0000] {logging_mixin.py:190} INFO - Task hostname:003b7fbea265 operator:BranchPythonOperator
[2025-02-06T23:06:04.956+0000] {local_task_job_runner.py:266} INFO - Task exited with return code 0
[2025-02-06T23:06:04.981+0000] {taskinstance.py:3895} INFO - 0 downstream tasks scheduled from follow-on schedule check
[2025-02-06T23:06:04.984+0000] {local_task_job_runner.py:245} INFO - ::endgroup::
