[2025-02-11T00:08:04.421+0000] {local_task_job_runner.py:123} INFO - ::group::Pre task execution logs
[2025-02-11T00:08:04.555+0000] {taskinstance.py:2613} INFO - Dependencies all met for dep_context=non-requeueable deps ti=<TaskInstance: IMPORTATION_ECRITURE_COMPTABLES_ARTICLE_dag.check_file_in_directory scheduled__2025-02-11T00:07:00+00:00 [queued]>
[2025-02-11T00:08:04.564+0000] {taskinstance.py:2613} INFO - Dependencies all met for dep_context=requeueable deps ti=<TaskInstance: IMPORTATION_ECRITURE_COMPTABLES_ARTICLE_dag.check_file_in_directory scheduled__2025-02-11T00:07:00+00:00 [queued]>
[2025-02-11T00:08:04.565+0000] {taskinstance.py:2866} INFO - Starting attempt 1 of 2
[2025-02-11T00:08:04.578+0000] {taskinstance.py:2889} INFO - Executing <Task(BranchPythonOperator): check_file_in_directory> on 2025-02-11 00:07:00+00:00
[2025-02-11T00:08:04.584+0000] {warnings.py:112} WARNING - /home/***/.local/lib/python3.12/site-packages/***/task/task_runner/standard_task_runner.py:70: DeprecationWarning: This process (pid=3064) is multi-threaded, use of fork() may lead to deadlocks in the child.
  pid = os.fork()

[2025-02-11T00:08:04.586+0000] {standard_task_runner.py:72} INFO - Started process 3066 to run task
[2025-02-11T00:08:04.587+0000] {standard_task_runner.py:104} INFO - Running: ['***', 'tasks', 'run', 'IMPORTATION_ECRITURE_COMPTABLES_ARTICLE_dag', 'check_file_in_directory', 'scheduled__2025-02-11T00:07:00+00:00', '--job-id', '1636', '--raw', '--subdir', 'DAGS_FOLDER/my_directory_and_file_checker.py', '--cfg-path', '/tmp/tmphiurfsls']
[2025-02-11T00:08:04.588+0000] {standard_task_runner.py:105} INFO - Job 1636: Subtask check_file_in_directory
[2025-02-11T00:08:04.632+0000] {task_command.py:467} INFO - Running <TaskInstance: IMPORTATION_ECRITURE_COMPTABLES_ARTICLE_dag.check_file_in_directory scheduled__2025-02-11T00:07:00+00:00 [running]> on host b6443be51f35
[2025-02-11T00:08:04.712+0000] {taskinstance.py:3132} INFO - Exporting env vars: AIRFLOW_CTX_DAG_OWNER='***' AIRFLOW_CTX_DAG_ID='IMPORTATION_ECRITURE_COMPTABLES_ARTICLE_dag' AIRFLOW_CTX_TASK_ID='check_file_in_directory' AIRFLOW_CTX_EXECUTION_DATE='2025-02-11T00:07:00+00:00' AIRFLOW_CTX_TRY_NUMBER='1' AIRFLOW_CTX_DAG_RUN_ID='scheduled__2025-02-11T00:07:00+00:00'
[2025-02-11T00:08:04.713+0000] {logging_mixin.py:190} INFO - Task instance is in running state
[2025-02-11T00:08:04.714+0000] {logging_mixin.py:190} INFO -  Previous state of the Task instance: queued
[2025-02-11T00:08:04.715+0000] {logging_mixin.py:190} INFO - Current task name:check_file_in_directory state:running start_date:2025-02-11 00:08:04.555742+00:00
[2025-02-11T00:08:04.715+0000] {logging_mixin.py:190} INFO - Dag name:IMPORTATION_ECRITURE_COMPTABLES_ARTICLE_dag and current dag run status:running
[2025-02-11T00:08:04.716+0000] {taskinstance.py:731} INFO - ::endgroup::
[2025-02-11T00:08:04.717+0000] {baseoperator.py:421} WARNING - BranchPythonOperator.execute cannot be called outside TaskInstance!
[2025-02-11T00:08:04.718+0000] {logging_mixin.py:190} INFO - ca marche /opt/***/files/in ['.csv']
[2025-02-11T00:08:04.721+0000] {python.py:240} INFO - Done. Returned value was: verify_file_reliability
[2025-02-11T00:08:04.721+0000] {branch.py:38} INFO - Branch into verify_file_reliability
[2025-02-11T00:08:04.722+0000] {skipmixin.py:230} INFO - Following branch ('verify_file_reliability',)
[2025-02-11T00:08:04.731+0000] {skipmixin.py:278} INFO - Skipping tasks []
[2025-02-11T00:08:04.759+0000] {taskinstance.py:340} INFO - ::group::Post task execution logs
[2025-02-11T00:08:04.760+0000] {taskinstance.py:352} INFO - Marking task as SUCCESS. dag_id=IMPORTATION_ECRITURE_COMPTABLES_ARTICLE_dag, task_id=check_file_in_directory, run_id=scheduled__2025-02-11T00:07:00+00:00, execution_date=20250211T000700, start_date=20250211T000804, end_date=20250211T000804
[2025-02-11T00:08:04.770+0000] {logging_mixin.py:190} INFO - Task instance in success state
[2025-02-11T00:08:04.771+0000] {logging_mixin.py:190} INFO -  Previous state of the Task instance: running
[2025-02-11T00:08:04.772+0000] {logging_mixin.py:190} INFO - Dag name:IMPORTATION_ECRITURE_COMPTABLES_ARTICLE_dag queued_at:2025-02-11 00:08:00.809055+00:00
[2025-02-11T00:08:04.773+0000] {logging_mixin.py:190} INFO - Task hostname:b6443be51f35 operator:BranchPythonOperator
[2025-02-11T00:08:04.802+0000] {local_task_job_runner.py:266} INFO - Task exited with return code 0
[2025-02-11T00:08:04.829+0000] {taskinstance.py:3895} INFO - 1 downstream tasks scheduled from follow-on schedule check
[2025-02-11T00:08:04.831+0000] {local_task_job_runner.py:245} INFO - ::endgroup::
[2025-02-11T00:08:54.047+0000] {local_task_job_runner.py:123} INFO - ::group::Pre task execution logs
[2025-02-11T00:08:54.247+0000] {taskinstance.py:2613} INFO - Dependencies all met for dep_context=non-requeueable deps ti=<TaskInstance: IMPORTATION_ECRITURE_COMPTABLES_ARTICLE_dag.check_file_in_directory scheduled__2025-02-11T00:07:00+00:00 [queued]>
[2025-02-11T00:08:54.263+0000] {taskinstance.py:2613} INFO - Dependencies all met for dep_context=requeueable deps ti=<TaskInstance: IMPORTATION_ECRITURE_COMPTABLES_ARTICLE_dag.check_file_in_directory scheduled__2025-02-11T00:07:00+00:00 [queued]>
[2025-02-11T00:08:54.264+0000] {taskinstance.py:2866} INFO - Starting attempt 1 of 2
[2025-02-11T00:08:54.283+0000] {taskinstance.py:2889} INFO - Executing <Task(BranchPythonOperator): check_file_in_directory> on 2025-02-11 00:07:00+00:00
[2025-02-11T00:08:54.295+0000] {warnings.py:112} WARNING - /home/***/.local/lib/python3.12/site-packages/***/task/task_runner/standard_task_runner.py:70: DeprecationWarning: This process (pid=3102) is multi-threaded, use of fork() may lead to deadlocks in the child.
  pid = os.fork()

[2025-02-11T00:08:54.298+0000] {standard_task_runner.py:72} INFO - Started process 3104 to run task
[2025-02-11T00:08:54.298+0000] {standard_task_runner.py:104} INFO - Running: ['***', 'tasks', 'run', 'IMPORTATION_ECRITURE_COMPTABLES_ARTICLE_dag', 'check_file_in_directory', 'scheduled__2025-02-11T00:07:00+00:00', '--job-id', '1642', '--raw', '--subdir', 'DAGS_FOLDER/my_directory_and_file_checker.py', '--cfg-path', '/tmp/tmp1rzoprd0']
[2025-02-11T00:08:54.300+0000] {standard_task_runner.py:105} INFO - Job 1642: Subtask check_file_in_directory
[2025-02-11T00:08:54.371+0000] {task_command.py:467} INFO - Running <TaskInstance: IMPORTATION_ECRITURE_COMPTABLES_ARTICLE_dag.check_file_in_directory scheduled__2025-02-11T00:07:00+00:00 [running]> on host b6443be51f35
[2025-02-11T00:08:54.472+0000] {taskinstance.py:3132} INFO - Exporting env vars: AIRFLOW_CTX_DAG_OWNER='***' AIRFLOW_CTX_DAG_ID='IMPORTATION_ECRITURE_COMPTABLES_ARTICLE_dag' AIRFLOW_CTX_TASK_ID='check_file_in_directory' AIRFLOW_CTX_EXECUTION_DATE='2025-02-11T00:07:00+00:00' AIRFLOW_CTX_TRY_NUMBER='1' AIRFLOW_CTX_DAG_RUN_ID='scheduled__2025-02-11T00:07:00+00:00'
[2025-02-11T00:08:54.474+0000] {logging_mixin.py:190} INFO - Task instance is in running state
[2025-02-11T00:08:54.474+0000] {logging_mixin.py:190} INFO -  Previous state of the Task instance: queued
[2025-02-11T00:08:54.475+0000] {logging_mixin.py:190} INFO - Current task name:check_file_in_directory state:running start_date:2025-02-11 00:08:54.248123+00:00
[2025-02-11T00:08:54.475+0000] {logging_mixin.py:190} INFO - Dag name:IMPORTATION_ECRITURE_COMPTABLES_ARTICLE_dag and current dag run status:running
[2025-02-11T00:08:54.476+0000] {taskinstance.py:731} INFO - ::endgroup::
[2025-02-11T00:08:54.477+0000] {baseoperator.py:421} WARNING - BranchPythonOperator.execute cannot be called outside TaskInstance!
[2025-02-11T00:08:54.478+0000] {logging_mixin.py:190} INFO - ca marche /opt/***/files/in ['.csv']
[2025-02-11T00:08:54.480+0000] {python.py:240} INFO - Done. Returned value was: verify_file_reliability
[2025-02-11T00:08:54.481+0000] {branch.py:38} INFO - Branch into verify_file_reliability
[2025-02-11T00:08:54.481+0000] {skipmixin.py:230} INFO - Following branch ('verify_file_reliability',)
[2025-02-11T00:08:54.500+0000] {skipmixin.py:278} INFO - Skipping tasks []
[2025-02-11T00:08:54.537+0000] {taskinstance.py:340} INFO - ::group::Post task execution logs
[2025-02-11T00:08:54.537+0000] {taskinstance.py:352} INFO - Marking task as SUCCESS. dag_id=IMPORTATION_ECRITURE_COMPTABLES_ARTICLE_dag, task_id=check_file_in_directory, run_id=scheduled__2025-02-11T00:07:00+00:00, execution_date=20250211T000700, start_date=20250211T000854, end_date=20250211T000854
[2025-02-11T00:08:54.553+0000] {logging_mixin.py:190} INFO - Task instance in success state
[2025-02-11T00:08:54.554+0000] {logging_mixin.py:190} INFO -  Previous state of the Task instance: running
[2025-02-11T00:08:54.555+0000] {logging_mixin.py:190} INFO - Dag name:IMPORTATION_ECRITURE_COMPTABLES_ARTICLE_dag queued_at:2025-02-11 00:08:47.395775+00:00
[2025-02-11T00:08:54.556+0000] {logging_mixin.py:190} INFO - Task hostname:b6443be51f35 operator:BranchPythonOperator
[2025-02-11T00:08:54.595+0000] {local_task_job_runner.py:266} INFO - Task exited with return code 0
[2025-02-11T00:08:54.640+0000] {taskinstance.py:3895} INFO - 1 downstream tasks scheduled from follow-on schedule check
[2025-02-11T00:08:54.652+0000] {local_task_job_runner.py:245} INFO - ::endgroup::
