[2025-02-10T21:34:05.608+0000] {local_task_job_runner.py:123} INFO - ::group::Pre task execution logs
[2025-02-10T21:34:05.834+0000] {taskinstance.py:2613} INFO - Dependencies all met for dep_context=non-requeueable deps ti=<TaskInstance: IMPORTATION_ECRITURE_COMPTABLES_ARTICLE_dag.check_file_in_directory scheduled__2025-02-10T21:33:00+00:00 [queued]>
[2025-02-10T21:34:05.848+0000] {taskinstance.py:2613} INFO - Dependencies all met for dep_context=requeueable deps ti=<TaskInstance: IMPORTATION_ECRITURE_COMPTABLES_ARTICLE_dag.check_file_in_directory scheduled__2025-02-10T21:33:00+00:00 [queued]>
[2025-02-10T21:34:05.849+0000] {taskinstance.py:2866} INFO - Starting attempt 1 of 2
[2025-02-10T21:34:05.864+0000] {taskinstance.py:2889} INFO - Executing <Task(BranchPythonOperator): check_file_in_directory> on 2025-02-10 21:33:00+00:00
[2025-02-10T21:34:05.875+0000] {warnings.py:112} WARNING - /home/***/.local/lib/python3.12/site-packages/***/task/task_runner/standard_task_runner.py:70: DeprecationWarning: This process (pid=3090) is multi-threaded, use of fork() may lead to deadlocks in the child.
  pid = os.fork()

[2025-02-10T21:34:05.878+0000] {standard_task_runner.py:72} INFO - Started process 3092 to run task
[2025-02-10T21:34:05.878+0000] {standard_task_runner.py:104} INFO - Running: ['***', 'tasks', 'run', 'IMPORTATION_ECRITURE_COMPTABLES_ARTICLE_dag', 'check_file_in_directory', 'scheduled__2025-02-10T21:33:00+00:00', '--job-id', '1139', '--raw', '--subdir', 'DAGS_FOLDER/my_directory_and_file_checker.py', '--cfg-path', '/tmp/tmp6mf324t8']
[2025-02-10T21:34:05.879+0000] {standard_task_runner.py:105} INFO - Job 1139: Subtask check_file_in_directory
[2025-02-10T21:34:05.953+0000] {task_command.py:467} INFO - Running <TaskInstance: IMPORTATION_ECRITURE_COMPTABLES_ARTICLE_dag.check_file_in_directory scheduled__2025-02-10T21:33:00+00:00 [running]> on host b6443be51f35
[2025-02-10T21:34:06.117+0000] {taskinstance.py:3132} INFO - Exporting env vars: AIRFLOW_CTX_DAG_OWNER='***' AIRFLOW_CTX_DAG_ID='IMPORTATION_ECRITURE_COMPTABLES_ARTICLE_dag' AIRFLOW_CTX_TASK_ID='check_file_in_directory' AIRFLOW_CTX_EXECUTION_DATE='2025-02-10T21:33:00+00:00' AIRFLOW_CTX_TRY_NUMBER='1' AIRFLOW_CTX_DAG_RUN_ID='scheduled__2025-02-10T21:33:00+00:00'
[2025-02-10T21:34:06.119+0000] {logging_mixin.py:190} INFO - Task instance is in running state
[2025-02-10T21:34:06.120+0000] {logging_mixin.py:190} INFO -  Previous state of the Task instance: queued
[2025-02-10T21:34:06.121+0000] {logging_mixin.py:190} INFO - Current task name:check_file_in_directory state:running start_date:2025-02-10 21:34:05.835566+00:00
[2025-02-10T21:34:06.123+0000] {logging_mixin.py:190} INFO - Dag name:IMPORTATION_ECRITURE_COMPTABLES_ARTICLE_dag and current dag run status:running
[2025-02-10T21:34:06.124+0000] {taskinstance.py:731} INFO - ::endgroup::
[2025-02-10T21:34:06.125+0000] {baseoperator.py:421} WARNING - BranchPythonOperator.execute cannot be called outside TaskInstance!
[2025-02-10T21:34:06.126+0000] {logging_mixin.py:190} INFO - ca marche /opt/***/files/in ['.csv']
[2025-02-10T21:34:06.129+0000] {python.py:240} INFO - Done. Returned value was: verify_file_reliability
[2025-02-10T21:34:06.130+0000] {branch.py:38} INFO - Branch into verify_file_reliability
[2025-02-10T21:34:06.130+0000] {skipmixin.py:230} INFO - Following branch ('verify_file_reliability',)
[2025-02-10T21:34:06.170+0000] {skipmixin.py:278} INFO - Skipping tasks []
[2025-02-10T21:34:06.243+0000] {taskinstance.py:340} INFO - ::group::Post task execution logs
[2025-02-10T21:34:06.245+0000] {taskinstance.py:352} INFO - Marking task as SUCCESS. dag_id=IMPORTATION_ECRITURE_COMPTABLES_ARTICLE_dag, task_id=check_file_in_directory, run_id=scheduled__2025-02-10T21:33:00+00:00, execution_date=20250210T213300, start_date=20250210T213405, end_date=20250210T213406
[2025-02-10T21:34:06.268+0000] {logging_mixin.py:190} INFO - Task instance in success state
[2025-02-10T21:34:06.269+0000] {logging_mixin.py:190} INFO -  Previous state of the Task instance: running
[2025-02-10T21:34:06.270+0000] {logging_mixin.py:190} INFO - Dag name:IMPORTATION_ECRITURE_COMPTABLES_ARTICLE_dag queued_at:2025-02-10 21:34:00.977460+00:00
[2025-02-10T21:34:06.270+0000] {logging_mixin.py:190} INFO - Task hostname:b6443be51f35 operator:BranchPythonOperator
[2025-02-10T21:34:06.295+0000] {local_task_job_runner.py:266} INFO - Task exited with return code 0
[2025-02-10T21:34:06.340+0000] {taskinstance.py:3895} INFO - 1 downstream tasks scheduled from follow-on schedule check
[2025-02-10T21:34:06.343+0000] {local_task_job_runner.py:245} INFO - ::endgroup::
[2025-02-10T21:35:00.737+0000] {local_task_job_runner.py:123} INFO - ::group::Pre task execution logs
[2025-02-10T21:35:00.925+0000] {taskinstance.py:2613} INFO - Dependencies all met for dep_context=non-requeueable deps ti=<TaskInstance: IMPORTATION_ECRITURE_COMPTABLES_ARTICLE_dag.check_file_in_directory scheduled__2025-02-10T21:33:00+00:00 [queued]>
[2025-02-10T21:35:00.941+0000] {taskinstance.py:2613} INFO - Dependencies all met for dep_context=requeueable deps ti=<TaskInstance: IMPORTATION_ECRITURE_COMPTABLES_ARTICLE_dag.check_file_in_directory scheduled__2025-02-10T21:33:00+00:00 [queued]>
[2025-02-10T21:35:00.942+0000] {taskinstance.py:2866} INFO - Starting attempt 1 of 2
[2025-02-10T21:35:00.968+0000] {taskinstance.py:2889} INFO - Executing <Task(BranchPythonOperator): check_file_in_directory> on 2025-02-10 21:33:00+00:00
[2025-02-10T21:35:00.982+0000] {warnings.py:112} WARNING - /home/***/.local/lib/python3.12/site-packages/***/task/task_runner/standard_task_runner.py:70: DeprecationWarning: This process (pid=3119) is multi-threaded, use of fork() may lead to deadlocks in the child.
  pid = os.fork()

[2025-02-10T21:35:00.983+0000] {standard_task_runner.py:104} INFO - Running: ['***', 'tasks', 'run', 'IMPORTATION_ECRITURE_COMPTABLES_ARTICLE_dag', 'check_file_in_directory', 'scheduled__2025-02-10T21:33:00+00:00', '--job-id', '1145', '--raw', '--subdir', 'DAGS_FOLDER/my_directory_and_file_checker.py', '--cfg-path', '/tmp/tmpu6gautqy']
[2025-02-10T21:35:00.986+0000] {standard_task_runner.py:72} INFO - Started process 3133 to run task
[2025-02-10T21:35:00.986+0000] {standard_task_runner.py:105} INFO - Job 1145: Subtask check_file_in_directory
[2025-02-10T21:35:01.061+0000] {task_command.py:467} INFO - Running <TaskInstance: IMPORTATION_ECRITURE_COMPTABLES_ARTICLE_dag.check_file_in_directory scheduled__2025-02-10T21:33:00+00:00 [running]> on host b6443be51f35
[2025-02-10T21:35:01.213+0000] {taskinstance.py:3132} INFO - Exporting env vars: AIRFLOW_CTX_DAG_OWNER='***' AIRFLOW_CTX_DAG_ID='IMPORTATION_ECRITURE_COMPTABLES_ARTICLE_dag' AIRFLOW_CTX_TASK_ID='check_file_in_directory' AIRFLOW_CTX_EXECUTION_DATE='2025-02-10T21:33:00+00:00' AIRFLOW_CTX_TRY_NUMBER='1' AIRFLOW_CTX_DAG_RUN_ID='scheduled__2025-02-10T21:33:00+00:00'
[2025-02-10T21:35:01.215+0000] {logging_mixin.py:190} INFO - Task instance is in running state
[2025-02-10T21:35:01.216+0000] {logging_mixin.py:190} INFO -  Previous state of the Task instance: queued
[2025-02-10T21:35:01.217+0000] {logging_mixin.py:190} INFO - Current task name:check_file_in_directory state:running start_date:2025-02-10 21:35:00.926463+00:00
[2025-02-10T21:35:01.217+0000] {logging_mixin.py:190} INFO - Dag name:IMPORTATION_ECRITURE_COMPTABLES_ARTICLE_dag and current dag run status:running
[2025-02-10T21:35:01.218+0000] {taskinstance.py:731} INFO - ::endgroup::
[2025-02-10T21:35:01.219+0000] {baseoperator.py:421} WARNING - BranchPythonOperator.execute cannot be called outside TaskInstance!
[2025-02-10T21:35:01.219+0000] {logging_mixin.py:190} INFO - ca marche /opt/***/files/in ['.csv']
[2025-02-10T21:35:01.223+0000] {python.py:240} INFO - Done. Returned value was: verify_file_reliability
[2025-02-10T21:35:01.224+0000] {branch.py:38} INFO - Branch into verify_file_reliability
[2025-02-10T21:35:01.225+0000] {skipmixin.py:230} INFO - Following branch ('verify_file_reliability',)
[2025-02-10T21:35:01.245+0000] {skipmixin.py:278} INFO - Skipping tasks []
[2025-02-10T21:35:01.279+0000] {taskinstance.py:340} INFO - ::group::Post task execution logs
[2025-02-10T21:35:01.280+0000] {taskinstance.py:352} INFO - Marking task as SUCCESS. dag_id=IMPORTATION_ECRITURE_COMPTABLES_ARTICLE_dag, task_id=check_file_in_directory, run_id=scheduled__2025-02-10T21:33:00+00:00, execution_date=20250210T213300, start_date=20250210T213500, end_date=20250210T213501
[2025-02-10T21:35:01.297+0000] {logging_mixin.py:190} INFO - Task instance in success state
[2025-02-10T21:35:01.298+0000] {logging_mixin.py:190} INFO -  Previous state of the Task instance: running
[2025-02-10T21:35:01.299+0000] {logging_mixin.py:190} INFO - Dag name:IMPORTATION_ECRITURE_COMPTABLES_ARTICLE_dag queued_at:2025-02-10 21:34:54.926389+00:00
[2025-02-10T21:35:01.299+0000] {logging_mixin.py:190} INFO - Task hostname:b6443be51f35 operator:BranchPythonOperator
[2025-02-10T21:35:01.323+0000] {local_task_job_runner.py:266} INFO - Task exited with return code 0
[2025-02-10T21:35:01.378+0000] {taskinstance.py:3895} INFO - 1 downstream tasks scheduled from follow-on schedule check
[2025-02-10T21:35:01.381+0000] {local_task_job_runner.py:245} INFO - ::endgroup::
