[2025-02-11T00:25:02.030+0000] {local_task_job_runner.py:123} INFO - ::group::Pre task execution logs
[2025-02-11T00:25:02.314+0000] {taskinstance.py:2613} INFO - Dependencies all met for dep_context=non-requeueable deps ti=<TaskInstance: IMPORTATION_ECRITURE_COMPTABLES_ARTICLE_dag.check_directory scheduled__2025-02-11T00:24:00+00:00 [queued]>
[2025-02-11T00:25:02.329+0000] {taskinstance.py:2613} INFO - Dependencies all met for dep_context=requeueable deps ti=<TaskInstance: IMPORTATION_ECRITURE_COMPTABLES_ARTICLE_dag.check_directory scheduled__2025-02-11T00:24:00+00:00 [queued]>
[2025-02-11T00:25:02.331+0000] {taskinstance.py:2866} INFO - Starting attempt 1 of 2
[2025-02-11T00:25:02.354+0000] {taskinstance.py:2889} INFO - Executing <Task(BranchPythonOperator): check_directory> on 2025-02-11 00:24:00+00:00
[2025-02-11T00:25:02.361+0000] {warnings.py:112} WARNING - /home/***/.local/lib/python3.12/site-packages/***/task/task_runner/standard_task_runner.py:70: DeprecationWarning: This process (pid=3567) is multi-threaded, use of fork() may lead to deadlocks in the child.
  pid = os.fork()

[2025-02-11T00:25:02.363+0000] {standard_task_runner.py:72} INFO - Started process 3569 to run task
[2025-02-11T00:25:02.363+0000] {standard_task_runner.py:104} INFO - Running: ['***', 'tasks', 'run', 'IMPORTATION_ECRITURE_COMPTABLES_ARTICLE_dag', 'check_directory', 'scheduled__2025-02-11T00:24:00+00:00', '--job-id', '1707', '--raw', '--subdir', 'DAGS_FOLDER/my_directory_and_file_checker.py', '--cfg-path', '/tmp/tmp_apcdrto']
[2025-02-11T00:25:02.365+0000] {standard_task_runner.py:105} INFO - Job 1707: Subtask check_directory
[2025-02-11T00:25:02.426+0000] {task_command.py:467} INFO - Running <TaskInstance: IMPORTATION_ECRITURE_COMPTABLES_ARTICLE_dag.check_directory scheduled__2025-02-11T00:24:00+00:00 [running]> on host b6443be51f35
[2025-02-11T00:25:02.542+0000] {taskinstance.py:3132} INFO - Exporting env vars: AIRFLOW_CTX_DAG_OWNER='***' AIRFLOW_CTX_DAG_ID='IMPORTATION_ECRITURE_COMPTABLES_ARTICLE_dag' AIRFLOW_CTX_TASK_ID='check_directory' AIRFLOW_CTX_EXECUTION_DATE='2025-02-11T00:24:00+00:00' AIRFLOW_CTX_TRY_NUMBER='1' AIRFLOW_CTX_DAG_RUN_ID='scheduled__2025-02-11T00:24:00+00:00'
[2025-02-11T00:25:02.544+0000] {logging_mixin.py:190} INFO - Task instance is in running state
[2025-02-11T00:25:02.544+0000] {logging_mixin.py:190} INFO -  Previous state of the Task instance: queued
[2025-02-11T00:25:02.545+0000] {logging_mixin.py:190} INFO - Current task name:check_directory state:running start_date:2025-02-11 00:25:02.315984+00:00
[2025-02-11T00:25:02.545+0000] {logging_mixin.py:190} INFO - Dag name:IMPORTATION_ECRITURE_COMPTABLES_ARTICLE_dag and current dag run status:running
[2025-02-11T00:25:02.546+0000] {taskinstance.py:731} INFO - ::endgroup::
[2025-02-11T00:25:02.547+0000] {baseoperator.py:421} WARNING - BranchPythonOperator.execute cannot be called outside TaskInstance!
[2025-02-11T00:25:02.548+0000] {python.py:240} INFO - Done. Returned value was: check_file_in_directory
[2025-02-11T00:25:02.548+0000] {branch.py:38} INFO - Branch into check_file_in_directory
[2025-02-11T00:25:02.549+0000] {skipmixin.py:230} INFO - Following branch ('check_file_in_directory',)
[2025-02-11T00:25:02.562+0000] {skipmixin.py:278} INFO - Skipping tasks []
[2025-02-11T00:25:02.598+0000] {taskinstance.py:340} INFO - ::group::Post task execution logs
[2025-02-11T00:25:02.599+0000] {taskinstance.py:352} INFO - Marking task as SUCCESS. dag_id=IMPORTATION_ECRITURE_COMPTABLES_ARTICLE_dag, task_id=check_directory, run_id=scheduled__2025-02-11T00:24:00+00:00, execution_date=20250211T002400, start_date=20250211T002502, end_date=20250211T002502
[2025-02-11T00:25:02.610+0000] {logging_mixin.py:190} INFO - Task instance in success state
[2025-02-11T00:25:02.611+0000] {logging_mixin.py:190} INFO -  Previous state of the Task instance: running
[2025-02-11T00:25:02.611+0000] {logging_mixin.py:190} INFO - Dag name:IMPORTATION_ECRITURE_COMPTABLES_ARTICLE_dag queued_at:2025-02-11 00:25:00.546667+00:00
[2025-02-11T00:25:02.612+0000] {logging_mixin.py:190} INFO - Task hostname:b6443be51f35 operator:BranchPythonOperator
[2025-02-11T00:25:02.659+0000] {local_task_job_runner.py:266} INFO - Task exited with return code 0
[2025-02-11T00:25:02.697+0000] {taskinstance.py:3895} INFO - 1 downstream tasks scheduled from follow-on schedule check
[2025-02-11T00:25:02.700+0000] {local_task_job_runner.py:245} INFO - ::endgroup::
[2025-02-11T00:25:36.358+0000] {local_task_job_runner.py:123} INFO - ::group::Pre task execution logs
[2025-02-11T00:25:36.501+0000] {taskinstance.py:2613} INFO - Dependencies all met for dep_context=non-requeueable deps ti=<TaskInstance: IMPORTATION_ECRITURE_COMPTABLES_ARTICLE_dag.check_directory scheduled__2025-02-11T00:24:00+00:00 [queued]>
[2025-02-11T00:25:36.509+0000] {taskinstance.py:2613} INFO - Dependencies all met for dep_context=requeueable deps ti=<TaskInstance: IMPORTATION_ECRITURE_COMPTABLES_ARTICLE_dag.check_directory scheduled__2025-02-11T00:24:00+00:00 [queued]>
[2025-02-11T00:25:36.510+0000] {taskinstance.py:2866} INFO - Starting attempt 1 of 2
[2025-02-11T00:25:36.523+0000] {taskinstance.py:2889} INFO - Executing <Task(BranchPythonOperator): check_directory> on 2025-02-11 00:24:00+00:00
[2025-02-11T00:25:36.530+0000] {warnings.py:112} WARNING - /home/***/.local/lib/python3.12/site-packages/***/task/task_runner/standard_task_runner.py:70: DeprecationWarning: This process (pid=3594) is multi-threaded, use of fork() may lead to deadlocks in the child.
  pid = os.fork()

[2025-02-11T00:25:36.532+0000] {standard_task_runner.py:72} INFO - Started process 3598 to run task
[2025-02-11T00:25:36.532+0000] {standard_task_runner.py:104} INFO - Running: ['***', 'tasks', 'run', 'IMPORTATION_ECRITURE_COMPTABLES_ARTICLE_dag', 'check_directory', 'scheduled__2025-02-11T00:24:00+00:00', '--job-id', '1713', '--raw', '--subdir', 'DAGS_FOLDER/my_directory_and_file_checker.py', '--cfg-path', '/tmp/tmponuf3dam']
[2025-02-11T00:25:36.534+0000] {standard_task_runner.py:105} INFO - Job 1713: Subtask check_directory
[2025-02-11T00:25:36.584+0000] {task_command.py:467} INFO - Running <TaskInstance: IMPORTATION_ECRITURE_COMPTABLES_ARTICLE_dag.check_directory scheduled__2025-02-11T00:24:00+00:00 [running]> on host b6443be51f35
[2025-02-11T00:25:36.669+0000] {taskinstance.py:3132} INFO - Exporting env vars: AIRFLOW_CTX_DAG_OWNER='***' AIRFLOW_CTX_DAG_ID='IMPORTATION_ECRITURE_COMPTABLES_ARTICLE_dag' AIRFLOW_CTX_TASK_ID='check_directory' AIRFLOW_CTX_EXECUTION_DATE='2025-02-11T00:24:00+00:00' AIRFLOW_CTX_TRY_NUMBER='1' AIRFLOW_CTX_DAG_RUN_ID='scheduled__2025-02-11T00:24:00+00:00'
[2025-02-11T00:25:36.671+0000] {logging_mixin.py:190} INFO - Task instance is in running state
[2025-02-11T00:25:36.672+0000] {logging_mixin.py:190} INFO -  Previous state of the Task instance: queued
[2025-02-11T00:25:36.673+0000] {logging_mixin.py:190} INFO - Current task name:check_directory state:running start_date:2025-02-11 00:25:36.502031+00:00
[2025-02-11T00:25:36.673+0000] {logging_mixin.py:190} INFO - Dag name:IMPORTATION_ECRITURE_COMPTABLES_ARTICLE_dag and current dag run status:running
[2025-02-11T00:25:36.674+0000] {taskinstance.py:731} INFO - ::endgroup::
[2025-02-11T00:25:36.675+0000] {baseoperator.py:421} WARNING - BranchPythonOperator.execute cannot be called outside TaskInstance!
[2025-02-11T00:25:36.676+0000] {python.py:240} INFO - Done. Returned value was: check_file_in_directory
[2025-02-11T00:25:36.677+0000] {branch.py:38} INFO - Branch into check_file_in_directory
[2025-02-11T00:25:36.677+0000] {skipmixin.py:230} INFO - Following branch ('check_file_in_directory',)
[2025-02-11T00:25:36.696+0000] {skipmixin.py:278} INFO - Skipping tasks []
[2025-02-11T00:25:36.729+0000] {taskinstance.py:340} INFO - ::group::Post task execution logs
[2025-02-11T00:25:36.729+0000] {taskinstance.py:352} INFO - Marking task as SUCCESS. dag_id=IMPORTATION_ECRITURE_COMPTABLES_ARTICLE_dag, task_id=check_directory, run_id=scheduled__2025-02-11T00:24:00+00:00, execution_date=20250211T002400, start_date=20250211T002536, end_date=20250211T002536
[2025-02-11T00:25:36.742+0000] {logging_mixin.py:190} INFO - Task instance in success state
[2025-02-11T00:25:36.742+0000] {logging_mixin.py:190} INFO -  Previous state of the Task instance: running
[2025-02-11T00:25:36.743+0000] {logging_mixin.py:190} INFO - Dag name:IMPORTATION_ECRITURE_COMPTABLES_ARTICLE_dag queued_at:2025-02-11 00:25:34.389065+00:00
[2025-02-11T00:25:36.744+0000] {logging_mixin.py:190} INFO - Task hostname:b6443be51f35 operator:BranchPythonOperator
[2025-02-11T00:25:36.788+0000] {local_task_job_runner.py:266} INFO - Task exited with return code 0
[2025-02-11T00:25:36.832+0000] {taskinstance.py:3895} INFO - 1 downstream tasks scheduled from follow-on schedule check
[2025-02-11T00:25:36.834+0000] {local_task_job_runner.py:245} INFO - ::endgroup::
