[2025-02-10T23:36:02.149+0000] {local_task_job_runner.py:123} INFO - ::group::Pre task execution logs
[2025-02-10T23:36:02.318+0000] {taskinstance.py:2613} INFO - Dependencies all met for dep_context=non-requeueable deps ti=<TaskInstance: IMPORTATION_ECRITURE_COMPTABLES_ARTICLE_dag.check_directory scheduled__2025-02-10T23:35:00+00:00 [queued]>
[2025-02-10T23:36:02.324+0000] {taskinstance.py:2613} INFO - Dependencies all met for dep_context=requeueable deps ti=<TaskInstance: IMPORTATION_ECRITURE_COMPTABLES_ARTICLE_dag.check_directory scheduled__2025-02-10T23:35:00+00:00 [queued]>
[2025-02-10T23:36:02.324+0000] {taskinstance.py:2866} INFO - Starting attempt 1 of 2
[2025-02-10T23:36:02.337+0000] {taskinstance.py:2889} INFO - Executing <Task(BranchPythonOperator): check_directory> on 2025-02-10 23:35:00+00:00
[2025-02-10T23:36:02.343+0000] {warnings.py:112} WARNING - /home/***/.local/lib/python3.12/site-packages/***/task/task_runner/standard_task_runner.py:70: DeprecationWarning: This process (pid=2139) is multi-threaded, use of fork() may lead to deadlocks in the child.
  pid = os.fork()

[2025-02-10T23:36:02.344+0000] {standard_task_runner.py:72} INFO - Started process 2141 to run task
[2025-02-10T23:36:02.345+0000] {standard_task_runner.py:104} INFO - Running: ['***', 'tasks', 'run', 'IMPORTATION_ECRITURE_COMPTABLES_ARTICLE_dag', 'check_directory', 'scheduled__2025-02-10T23:35:00+00:00', '--job-id', '1506', '--raw', '--subdir', 'DAGS_FOLDER/my_directory_and_file_checker.py', '--cfg-path', '/tmp/tmp8ca56orn']
[2025-02-10T23:36:02.346+0000] {standard_task_runner.py:105} INFO - Job 1506: Subtask check_directory
[2025-02-10T23:36:02.386+0000] {task_command.py:467} INFO - Running <TaskInstance: IMPORTATION_ECRITURE_COMPTABLES_ARTICLE_dag.check_directory scheduled__2025-02-10T23:35:00+00:00 [running]> on host b6443be51f35
[2025-02-10T23:36:02.458+0000] {taskinstance.py:3132} INFO - Exporting env vars: AIRFLOW_CTX_DAG_OWNER='***' AIRFLOW_CTX_DAG_ID='IMPORTATION_ECRITURE_COMPTABLES_ARTICLE_dag' AIRFLOW_CTX_TASK_ID='check_directory' AIRFLOW_CTX_EXECUTION_DATE='2025-02-10T23:35:00+00:00' AIRFLOW_CTX_TRY_NUMBER='1' AIRFLOW_CTX_DAG_RUN_ID='scheduled__2025-02-10T23:35:00+00:00'
[2025-02-10T23:36:02.459+0000] {logging_mixin.py:190} INFO - Task instance is in running state
[2025-02-10T23:36:02.460+0000] {logging_mixin.py:190} INFO -  Previous state of the Task instance: queued
[2025-02-10T23:36:02.461+0000] {logging_mixin.py:190} INFO - Current task name:check_directory state:running start_date:2025-02-10 23:36:02.318534+00:00
[2025-02-10T23:36:02.461+0000] {logging_mixin.py:190} INFO - Dag name:IMPORTATION_ECRITURE_COMPTABLES_ARTICLE_dag and current dag run status:running
[2025-02-10T23:36:02.461+0000] {taskinstance.py:731} INFO - ::endgroup::
[2025-02-10T23:36:02.462+0000] {baseoperator.py:421} WARNING - BranchPythonOperator.execute cannot be called outside TaskInstance!
[2025-02-10T23:36:02.463+0000] {python.py:240} INFO - Done. Returned value was: check_file_in_directory
[2025-02-10T23:36:02.464+0000] {branch.py:38} INFO - Branch into check_file_in_directory
[2025-02-10T23:36:02.465+0000] {skipmixin.py:230} INFO - Following branch ('check_file_in_directory',)
[2025-02-10T23:36:02.474+0000] {skipmixin.py:278} INFO - Skipping tasks []
[2025-02-10T23:36:02.499+0000] {taskinstance.py:340} INFO - ::group::Post task execution logs
[2025-02-10T23:36:02.500+0000] {taskinstance.py:352} INFO - Marking task as SUCCESS. dag_id=IMPORTATION_ECRITURE_COMPTABLES_ARTICLE_dag, task_id=check_directory, run_id=scheduled__2025-02-10T23:35:00+00:00, execution_date=20250210T233500, start_date=20250210T233602, end_date=20250210T233602
[2025-02-10T23:36:02.509+0000] {logging_mixin.py:190} INFO - Task instance in success state
[2025-02-10T23:36:02.510+0000] {logging_mixin.py:190} INFO -  Previous state of the Task instance: running
[2025-02-10T23:36:02.511+0000] {logging_mixin.py:190} INFO - Dag name:IMPORTATION_ECRITURE_COMPTABLES_ARTICLE_dag queued_at:2025-02-10 23:36:00.817733+00:00
[2025-02-10T23:36:02.511+0000] {logging_mixin.py:190} INFO - Task hostname:b6443be51f35 operator:BranchPythonOperator
[2025-02-10T23:36:02.560+0000] {local_task_job_runner.py:266} INFO - Task exited with return code 0
[2025-02-10T23:36:02.596+0000] {taskinstance.py:3895} INFO - 1 downstream tasks scheduled from follow-on schedule check
[2025-02-10T23:36:02.598+0000] {local_task_job_runner.py:245} INFO - ::endgroup::
