[2025-02-10T16:34:07.945+0000] {local_task_job_runner.py:123} INFO - ::group::Pre task execution logs
[2025-02-10T16:34:08.122+0000] {taskinstance.py:2613} INFO - Dependencies all met for dep_context=non-requeueable deps ti=<TaskInstance: IMPORTATION_ECRITURE_COMPTABLES_ARTICLE_dag.verify_file_reliability scheduled__2025-02-10T16:33:00+00:00 [queued]>
[2025-02-10T16:34:08.134+0000] {taskinstance.py:2613} INFO - Dependencies all met for dep_context=requeueable deps ti=<TaskInstance: IMPORTATION_ECRITURE_COMPTABLES_ARTICLE_dag.verify_file_reliability scheduled__2025-02-10T16:33:00+00:00 [queued]>
[2025-02-10T16:34:08.136+0000] {taskinstance.py:2866} INFO - Starting attempt 1 of 2
[2025-02-10T16:34:08.154+0000] {taskinstance.py:2889} INFO - Executing <Task(BranchPythonOperator): verify_file_reliability> on 2025-02-10 16:33:00+00:00
[2025-02-10T16:34:08.162+0000] {warnings.py:112} WARNING - /home/***/.local/lib/python3.12/site-packages/***/task/task_runner/standard_task_runner.py:70: DeprecationWarning: This process (pid=8562) is multi-threaded, use of fork() may lead to deadlocks in the child.
  pid = os.fork()

[2025-02-10T16:34:08.164+0000] {standard_task_runner.py:72} INFO - Started process 8564 to run task
[2025-02-10T16:34:08.164+0000] {standard_task_runner.py:104} INFO - Running: ['***', 'tasks', 'run', 'IMPORTATION_ECRITURE_COMPTABLES_ARTICLE_dag', 'verify_file_reliability', 'scheduled__2025-02-10T16:33:00+00:00', '--job-id', '578', '--raw', '--subdir', 'DAGS_FOLDER/my_directory_and_file_checker.py', '--cfg-path', '/tmp/tmpt_obl9nc']
[2025-02-10T16:34:08.166+0000] {standard_task_runner.py:105} INFO - Job 578: Subtask verify_file_reliability
[2025-02-10T16:34:08.225+0000] {task_command.py:467} INFO - Running <TaskInstance: IMPORTATION_ECRITURE_COMPTABLES_ARTICLE_dag.verify_file_reliability scheduled__2025-02-10T16:33:00+00:00 [running]> on host b6443be51f35
[2025-02-10T16:34:08.357+0000] {taskinstance.py:3132} INFO - Exporting env vars: AIRFLOW_CTX_DAG_OWNER='***' AIRFLOW_CTX_DAG_ID='IMPORTATION_ECRITURE_COMPTABLES_ARTICLE_dag' AIRFLOW_CTX_TASK_ID='verify_file_reliability' AIRFLOW_CTX_EXECUTION_DATE='2025-02-10T16:33:00+00:00' AIRFLOW_CTX_TRY_NUMBER='1' AIRFLOW_CTX_DAG_RUN_ID='scheduled__2025-02-10T16:33:00+00:00'
[2025-02-10T16:34:08.359+0000] {logging_mixin.py:190} INFO - Task instance is in running state
[2025-02-10T16:34:08.360+0000] {logging_mixin.py:190} INFO -  Previous state of the Task instance: queued
[2025-02-10T16:34:08.360+0000] {logging_mixin.py:190} INFO - Current task name:verify_file_reliability state:running start_date:2025-02-10 16:34:08.123762+00:00
[2025-02-10T16:34:08.361+0000] {logging_mixin.py:190} INFO - Dag name:IMPORTATION_ECRITURE_COMPTABLES_ARTICLE_dag and current dag run status:running
[2025-02-10T16:34:08.362+0000] {taskinstance.py:731} INFO - ::endgroup::
[2025-02-10T16:34:08.362+0000] {baseoperator.py:421} WARNING - BranchPythonOperator.execute cannot be called outside TaskInstance!
[2025-02-10T16:34:08.363+0000] {logging_mixin.py:190} INFO - camarche22 /opt/***/files/in ['.csv'] ['utf-8', 'ISO-8859-1', 'Windows-1252']
[2025-02-10T16:34:08.439+0000] {logging_mixin.py:190} INFO - 
📂 Contenu du fichier (utf-8): Écritures comptables article (11).csv
[2025-02-10T16:34:08.504+0000] {logging_mixin.py:190} INFO -   Date comptabilisation      N° lot  ... KOR par Réception KOR INPUT
0            24/01/2025  26LABCDE24  ...             0,000     0,000
1            24/01/2025  26LABCDE24  ...             0,000     0,000
2            24/01/2025  26LABCDE24  ...             0,000     0,000
3            24/01/2025  26LABCDE24  ...             0,000     0,000
4            24/01/2025  26LABCDE24  ...             0,000     0,000

[5 rows x 27 columns]
[2025-02-10T16:34:08.506+0000] {logging_mixin.py:190} INFO - ❌ Colonnes manquantes : order_type, description, created_at, created_by, total_cost_not_included, total_cost_actual, quantity_in_sac, store_code, quantity_invoiced, quantity, is_open, package_number, unit_code, quantity_reserved, lettering_writingsales_amount_actual, remaining_quantity, sequence_number
[2025-02-10T16:34:08.507+0000] {logging_mixin.py:190} INFO - ❌ BORISColonnes manquantes : accounting_date, lot_number, type_ecriture, type_document, document_number, article_number, type_document, type_document, article_number, type_document, type_document, article_number, type_document, type_document, type_document, type_document, type_document, type_document, type_document, type_document, type_document, type_document, type_document, type_document, variant_code, variant_code, KOR INPUT
[2025-02-10T16:34:08.509+0000] {logging_mixin.py:190} INFO - /opt/***/files/in/Écritures comptables article (11).csv Écritures comptables article (11).csv /opt/***/files/in/Écritures comptables article (11).csv non traité Boris :None
[2025-02-10T16:34:08.512+0000] {python.py:240} INFO - Done. Returned value was: None
[2025-02-10T16:34:08.513+0000] {branch.py:38} INFO - Branch into None
[2025-02-10T16:34:08.514+0000] {skipmixin.py:230} INFO - Following branch ()
[2025-02-10T16:34:08.526+0000] {skipmixin.py:278} INFO - Skipping tasks [('end', -1), ('import_temp_ecc_to_ecc', -1)]
[2025-02-10T16:34:08.554+0000] {taskinstance.py:340} INFO - ::group::Post task execution logs
[2025-02-10T16:34:08.555+0000] {taskinstance.py:352} INFO - Marking task as SUCCESS. dag_id=IMPORTATION_ECRITURE_COMPTABLES_ARTICLE_dag, task_id=verify_file_reliability, run_id=scheduled__2025-02-10T16:33:00+00:00, execution_date=20250210T163300, start_date=20250210T163408, end_date=20250210T163408
[2025-02-10T16:34:08.565+0000] {logging_mixin.py:190} INFO - Task instance in success state
[2025-02-10T16:34:08.566+0000] {logging_mixin.py:190} INFO -  Previous state of the Task instance: running
[2025-02-10T16:34:08.566+0000] {logging_mixin.py:190} INFO - Dag name:IMPORTATION_ECRITURE_COMPTABLES_ARTICLE_dag queued_at:2025-02-10 16:34:00.257633+00:00
[2025-02-10T16:34:08.567+0000] {logging_mixin.py:190} INFO - Task hostname:b6443be51f35 operator:BranchPythonOperator
[2025-02-10T16:34:08.621+0000] {local_task_job_runner.py:266} INFO - Task exited with return code 0
[2025-02-10T16:34:08.643+0000] {taskinstance.py:3895} INFO - 0 downstream tasks scheduled from follow-on schedule check
[2025-02-10T16:34:08.646+0000] {local_task_job_runner.py:245} INFO - ::endgroup::
