[2025-02-10T21:00:03.947+0000] {local_task_job_runner.py:123} INFO - ::group::Pre task execution logs
[2025-02-10T21:00:04.137+0000] {taskinstance.py:2613} INFO - Dependencies all met for dep_context=non-requeueable deps ti=<TaskInstance: IMPORTATION_ECRITURE_COMPTABLES_ARTICLE_dag.check_file_in_directory scheduled__2025-02-10T20:59:00+00:00 [queued]>
[2025-02-10T21:00:04.151+0000] {taskinstance.py:2613} INFO - Dependencies all met for dep_context=requeueable deps ti=<TaskInstance: IMPORTATION_ECRITURE_COMPTABLES_ARTICLE_dag.check_file_in_directory scheduled__2025-02-10T20:59:00+00:00 [queued]>
[2025-02-10T21:00:04.152+0000] {taskinstance.py:2866} INFO - Starting attempt 1 of 2
[2025-02-10T21:00:04.177+0000] {taskinstance.py:2889} INFO - Executing <Task(BranchPythonOperator): check_file_in_directory> on 2025-02-10 20:59:00+00:00
[2025-02-10T21:00:04.186+0000] {warnings.py:112} WARNING - /home/***/.local/lib/python3.12/site-packages/***/task/task_runner/standard_task_runner.py:70: DeprecationWarning: This process (pid=2052) is multi-threaded, use of fork() may lead to deadlocks in the child.
  pid = os.fork()

[2025-02-10T21:00:04.189+0000] {standard_task_runner.py:72} INFO - Started process 2062 to run task
[2025-02-10T21:00:04.190+0000] {standard_task_runner.py:104} INFO - Running: ['***', 'tasks', 'run', 'IMPORTATION_ECRITURE_COMPTABLES_ARTICLE_dag', 'check_file_in_directory', 'scheduled__2025-02-10T20:59:00+00:00', '--job-id', '989', '--raw', '--subdir', 'DAGS_FOLDER/my_directory_and_file_checker.py', '--cfg-path', '/tmp/tmp4_lgyt2s']
[2025-02-10T21:00:04.191+0000] {standard_task_runner.py:105} INFO - Job 989: Subtask check_file_in_directory
[2025-02-10T21:00:04.244+0000] {task_command.py:467} INFO - Running <TaskInstance: IMPORTATION_ECRITURE_COMPTABLES_ARTICLE_dag.check_file_in_directory scheduled__2025-02-10T20:59:00+00:00 [running]> on host b6443be51f35
[2025-02-10T21:00:04.343+0000] {taskinstance.py:3132} INFO - Exporting env vars: AIRFLOW_CTX_DAG_OWNER='***' AIRFLOW_CTX_DAG_ID='IMPORTATION_ECRITURE_COMPTABLES_ARTICLE_dag' AIRFLOW_CTX_TASK_ID='check_file_in_directory' AIRFLOW_CTX_EXECUTION_DATE='2025-02-10T20:59:00+00:00' AIRFLOW_CTX_TRY_NUMBER='1' AIRFLOW_CTX_DAG_RUN_ID='scheduled__2025-02-10T20:59:00+00:00'
[2025-02-10T21:00:04.345+0000] {logging_mixin.py:190} INFO - Task instance is in running state
[2025-02-10T21:00:04.345+0000] {logging_mixin.py:190} INFO -  Previous state of the Task instance: queued
[2025-02-10T21:00:04.346+0000] {logging_mixin.py:190} INFO - Current task name:check_file_in_directory state:running start_date:2025-02-10 21:00:04.138175+00:00
[2025-02-10T21:00:04.346+0000] {logging_mixin.py:190} INFO - Dag name:IMPORTATION_ECRITURE_COMPTABLES_ARTICLE_dag and current dag run status:running
[2025-02-10T21:00:04.347+0000] {taskinstance.py:731} INFO - ::endgroup::
[2025-02-10T21:00:04.347+0000] {baseoperator.py:421} WARNING - BranchPythonOperator.execute cannot be called outside TaskInstance!
[2025-02-10T21:00:04.348+0000] {logging_mixin.py:190} INFO - ca marche /opt/***/files/in ['.csv']
[2025-02-10T21:00:04.350+0000] {python.py:240} INFO - Done. Returned value was: verify_file_reliability
[2025-02-10T21:00:04.350+0000] {branch.py:38} INFO - Branch into verify_file_reliability
[2025-02-10T21:00:04.351+0000] {skipmixin.py:230} INFO - Following branch ('verify_file_reliability',)
[2025-02-10T21:00:04.363+0000] {skipmixin.py:278} INFO - Skipping tasks []
[2025-02-10T21:00:04.391+0000] {taskinstance.py:340} INFO - ::group::Post task execution logs
[2025-02-10T21:00:04.391+0000] {taskinstance.py:352} INFO - Marking task as SUCCESS. dag_id=IMPORTATION_ECRITURE_COMPTABLES_ARTICLE_dag, task_id=check_file_in_directory, run_id=scheduled__2025-02-10T20:59:00+00:00, execution_date=20250210T205900, start_date=20250210T210004, end_date=20250210T210004
[2025-02-10T21:00:04.401+0000] {logging_mixin.py:190} INFO - Task instance in success state
[2025-02-10T21:00:04.402+0000] {logging_mixin.py:190} INFO -  Previous state of the Task instance: running
[2025-02-10T21:00:04.402+0000] {logging_mixin.py:190} INFO - Dag name:IMPORTATION_ECRITURE_COMPTABLES_ARTICLE_dag queued_at:2025-02-10 21:00:00.079721+00:00
[2025-02-10T21:00:04.403+0000] {logging_mixin.py:190} INFO - Task hostname:b6443be51f35 operator:BranchPythonOperator
[2025-02-10T21:00:04.444+0000] {local_task_job_runner.py:266} INFO - Task exited with return code 0
[2025-02-10T21:00:04.479+0000] {taskinstance.py:3895} INFO - 1 downstream tasks scheduled from follow-on schedule check
[2025-02-10T21:00:04.482+0000] {local_task_job_runner.py:245} INFO - ::endgroup::
[2025-02-10T21:01:05.306+0000] {local_task_job_runner.py:123} INFO - ::group::Pre task execution logs
[2025-02-10T21:01:05.465+0000] {taskinstance.py:2613} INFO - Dependencies all met for dep_context=non-requeueable deps ti=<TaskInstance: IMPORTATION_ECRITURE_COMPTABLES_ARTICLE_dag.check_file_in_directory scheduled__2025-02-10T20:59:00+00:00 [queued]>
[2025-02-10T21:01:05.476+0000] {taskinstance.py:2613} INFO - Dependencies all met for dep_context=requeueable deps ti=<TaskInstance: IMPORTATION_ECRITURE_COMPTABLES_ARTICLE_dag.check_file_in_directory scheduled__2025-02-10T20:59:00+00:00 [queued]>
[2025-02-10T21:01:05.477+0000] {taskinstance.py:2866} INFO - Starting attempt 1 of 2
[2025-02-10T21:01:05.495+0000] {taskinstance.py:2889} INFO - Executing <Task(BranchPythonOperator): check_file_in_directory> on 2025-02-10 20:59:00+00:00
[2025-02-10T21:01:05.506+0000] {warnings.py:112} WARNING - /home/***/.local/lib/python3.12/site-packages/***/task/task_runner/standard_task_runner.py:70: DeprecationWarning: This process (pid=2095) is multi-threaded, use of fork() may lead to deadlocks in the child.
  pid = os.fork()

[2025-02-10T21:01:05.508+0000] {standard_task_runner.py:72} INFO - Started process 2101 to run task
[2025-02-10T21:01:05.509+0000] {standard_task_runner.py:104} INFO - Running: ['***', 'tasks', 'run', 'IMPORTATION_ECRITURE_COMPTABLES_ARTICLE_dag', 'check_file_in_directory', 'scheduled__2025-02-10T20:59:00+00:00', '--job-id', '997', '--raw', '--subdir', 'DAGS_FOLDER/my_directory_and_file_checker.py', '--cfg-path', '/tmp/tmprvlsyh7o']
[2025-02-10T21:01:05.510+0000] {standard_task_runner.py:105} INFO - Job 997: Subtask check_file_in_directory
[2025-02-10T21:01:05.565+0000] {task_command.py:467} INFO - Running <TaskInstance: IMPORTATION_ECRITURE_COMPTABLES_ARTICLE_dag.check_file_in_directory scheduled__2025-02-10T20:59:00+00:00 [running]> on host b6443be51f35
[2025-02-10T21:01:05.653+0000] {taskinstance.py:3132} INFO - Exporting env vars: AIRFLOW_CTX_DAG_OWNER='***' AIRFLOW_CTX_DAG_ID='IMPORTATION_ECRITURE_COMPTABLES_ARTICLE_dag' AIRFLOW_CTX_TASK_ID='check_file_in_directory' AIRFLOW_CTX_EXECUTION_DATE='2025-02-10T20:59:00+00:00' AIRFLOW_CTX_TRY_NUMBER='1' AIRFLOW_CTX_DAG_RUN_ID='scheduled__2025-02-10T20:59:00+00:00'
[2025-02-10T21:01:05.654+0000] {logging_mixin.py:190} INFO - Task instance is in running state
[2025-02-10T21:01:05.655+0000] {logging_mixin.py:190} INFO -  Previous state of the Task instance: queued
[2025-02-10T21:01:05.656+0000] {logging_mixin.py:190} INFO - Current task name:check_file_in_directory state:running start_date:2025-02-10 21:01:05.466526+00:00
[2025-02-10T21:01:05.656+0000] {logging_mixin.py:190} INFO - Dag name:IMPORTATION_ECRITURE_COMPTABLES_ARTICLE_dag and current dag run status:running
[2025-02-10T21:01:05.657+0000] {taskinstance.py:731} INFO - ::endgroup::
[2025-02-10T21:01:05.658+0000] {baseoperator.py:421} WARNING - BranchPythonOperator.execute cannot be called outside TaskInstance!
[2025-02-10T21:01:05.659+0000] {logging_mixin.py:190} INFO - ca marche /opt/***/files/in ['.csv']
[2025-02-10T21:01:05.662+0000] {python.py:240} INFO - Done. Returned value was: verify_file_reliability
[2025-02-10T21:01:05.664+0000] {branch.py:38} INFO - Branch into verify_file_reliability
[2025-02-10T21:01:05.665+0000] {skipmixin.py:230} INFO - Following branch ('verify_file_reliability',)
[2025-02-10T21:01:05.682+0000] {skipmixin.py:278} INFO - Skipping tasks []
[2025-02-10T21:01:05.717+0000] {taskinstance.py:340} INFO - ::group::Post task execution logs
[2025-02-10T21:01:05.718+0000] {taskinstance.py:352} INFO - Marking task as SUCCESS. dag_id=IMPORTATION_ECRITURE_COMPTABLES_ARTICLE_dag, task_id=check_file_in_directory, run_id=scheduled__2025-02-10T20:59:00+00:00, execution_date=20250210T205900, start_date=20250210T210105, end_date=20250210T210105
[2025-02-10T21:01:05.733+0000] {logging_mixin.py:190} INFO - Task instance in success state
[2025-02-10T21:01:05.734+0000] {logging_mixin.py:190} INFO -  Previous state of the Task instance: running
[2025-02-10T21:01:05.735+0000] {logging_mixin.py:190} INFO - Dag name:IMPORTATION_ECRITURE_COMPTABLES_ARTICLE_dag queued_at:2025-02-10 21:01:00.625771+00:00
[2025-02-10T21:01:05.735+0000] {logging_mixin.py:190} INFO - Task hostname:b6443be51f35 operator:BranchPythonOperator
[2025-02-10T21:01:05.765+0000] {local_task_job_runner.py:266} INFO - Task exited with return code 0
[2025-02-10T21:01:05.805+0000] {taskinstance.py:3895} INFO - 1 downstream tasks scheduled from follow-on schedule check
[2025-02-10T21:01:05.807+0000] {local_task_job_runner.py:245} INFO - ::endgroup::
