[2025-02-10T21:40:02.738+0000] {local_task_job_runner.py:123} INFO - ::group::Pre task execution logs
[2025-02-10T21:40:02.885+0000] {taskinstance.py:2613} INFO - Dependencies all met for dep_context=non-requeueable deps ti=<TaskInstance: IMPORTATION_ECRITURE_COMPTABLES_ARTICLE_dag.check_directory scheduled__2025-02-10T21:39:00+00:00 [queued]>
[2025-02-10T21:40:02.896+0000] {taskinstance.py:2613} INFO - Dependencies all met for dep_context=requeueable deps ti=<TaskInstance: IMPORTATION_ECRITURE_COMPTABLES_ARTICLE_dag.check_directory scheduled__2025-02-10T21:39:00+00:00 [queued]>
[2025-02-10T21:40:02.896+0000] {taskinstance.py:2866} INFO - Starting attempt 1 of 2
[2025-02-10T21:40:02.914+0000] {taskinstance.py:2889} INFO - Executing <Task(BranchPythonOperator): check_directory> on 2025-02-10 21:39:00+00:00
[2025-02-10T21:40:02.921+0000] {warnings.py:112} WARNING - /home/***/.local/lib/python3.12/site-packages/***/task/task_runner/standard_task_runner.py:70: DeprecationWarning: This process (pid=3260) is multi-threaded, use of fork() may lead to deadlocks in the child.
  pid = os.fork()

[2025-02-10T21:40:02.923+0000] {standard_task_runner.py:72} INFO - Started process 3262 to run task
[2025-02-10T21:40:02.923+0000] {standard_task_runner.py:104} INFO - Running: ['***', 'tasks', 'run', 'IMPORTATION_ECRITURE_COMPTABLES_ARTICLE_dag', 'check_directory', 'scheduled__2025-02-10T21:39:00+00:00', '--job-id', '1162', '--raw', '--subdir', 'DAGS_FOLDER/my_directory_and_file_checker.py', '--cfg-path', '/tmp/tmpvvdcjxt_']
[2025-02-10T21:40:02.925+0000] {standard_task_runner.py:105} INFO - Job 1162: Subtask check_directory
[2025-02-10T21:40:02.983+0000] {task_command.py:467} INFO - Running <TaskInstance: IMPORTATION_ECRITURE_COMPTABLES_ARTICLE_dag.check_directory scheduled__2025-02-10T21:39:00+00:00 [running]> on host b6443be51f35
[2025-02-10T21:40:03.079+0000] {taskinstance.py:3132} INFO - Exporting env vars: AIRFLOW_CTX_DAG_OWNER='***' AIRFLOW_CTX_DAG_ID='IMPORTATION_ECRITURE_COMPTABLES_ARTICLE_dag' AIRFLOW_CTX_TASK_ID='check_directory' AIRFLOW_CTX_EXECUTION_DATE='2025-02-10T21:39:00+00:00' AIRFLOW_CTX_TRY_NUMBER='1' AIRFLOW_CTX_DAG_RUN_ID='scheduled__2025-02-10T21:39:00+00:00'
[2025-02-10T21:40:03.080+0000] {logging_mixin.py:190} INFO - Task instance is in running state
[2025-02-10T21:40:03.081+0000] {logging_mixin.py:190} INFO -  Previous state of the Task instance: queued
[2025-02-10T21:40:03.082+0000] {logging_mixin.py:190} INFO - Current task name:check_directory state:running start_date:2025-02-10 21:40:02.886888+00:00
[2025-02-10T21:40:03.083+0000] {logging_mixin.py:190} INFO - Dag name:IMPORTATION_ECRITURE_COMPTABLES_ARTICLE_dag and current dag run status:running
[2025-02-10T21:40:03.083+0000] {taskinstance.py:731} INFO - ::endgroup::
[2025-02-10T21:40:03.084+0000] {baseoperator.py:421} WARNING - BranchPythonOperator.execute cannot be called outside TaskInstance!
[2025-02-10T21:40:03.086+0000] {python.py:240} INFO - Done. Returned value was: check_file_in_directory
[2025-02-10T21:40:03.087+0000] {branch.py:38} INFO - Branch into check_file_in_directory
[2025-02-10T21:40:03.088+0000] {skipmixin.py:230} INFO - Following branch ('check_file_in_directory',)
[2025-02-10T21:40:03.100+0000] {skipmixin.py:278} INFO - Skipping tasks []
[2025-02-10T21:40:03.131+0000] {taskinstance.py:340} INFO - ::group::Post task execution logs
[2025-02-10T21:40:03.132+0000] {taskinstance.py:352} INFO - Marking task as SUCCESS. dag_id=IMPORTATION_ECRITURE_COMPTABLES_ARTICLE_dag, task_id=check_directory, run_id=scheduled__2025-02-10T21:39:00+00:00, execution_date=20250210T213900, start_date=20250210T214002, end_date=20250210T214003
[2025-02-10T21:40:03.144+0000] {logging_mixin.py:190} INFO - Task instance in success state
[2025-02-10T21:40:03.145+0000] {logging_mixin.py:190} INFO -  Previous state of the Task instance: running
[2025-02-10T21:40:03.145+0000] {logging_mixin.py:190} INFO - Dag name:IMPORTATION_ECRITURE_COMPTABLES_ARTICLE_dag queued_at:2025-02-10 21:40:00.770290+00:00
[2025-02-10T21:40:03.146+0000] {logging_mixin.py:190} INFO - Task hostname:b6443be51f35 operator:BranchPythonOperator
[2025-02-10T21:40:03.181+0000] {local_task_job_runner.py:266} INFO - Task exited with return code 0
[2025-02-10T21:40:03.219+0000] {taskinstance.py:3895} INFO - 1 downstream tasks scheduled from follow-on schedule check
[2025-02-10T21:40:03.222+0000] {local_task_job_runner.py:245} INFO - ::endgroup::
[2025-02-10T21:40:57.338+0000] {local_task_job_runner.py:123} INFO - ::group::Pre task execution logs
[2025-02-10T21:40:57.480+0000] {taskinstance.py:2613} INFO - Dependencies all met for dep_context=non-requeueable deps ti=<TaskInstance: IMPORTATION_ECRITURE_COMPTABLES_ARTICLE_dag.check_directory scheduled__2025-02-10T21:39:00+00:00 [queued]>
[2025-02-10T21:40:57.489+0000] {taskinstance.py:2613} INFO - Dependencies all met for dep_context=requeueable deps ti=<TaskInstance: IMPORTATION_ECRITURE_COMPTABLES_ARTICLE_dag.check_directory scheduled__2025-02-10T21:39:00+00:00 [queued]>
[2025-02-10T21:40:57.490+0000] {taskinstance.py:2866} INFO - Starting attempt 1 of 2
[2025-02-10T21:40:57.506+0000] {taskinstance.py:2889} INFO - Executing <Task(BranchPythonOperator): check_directory> on 2025-02-10 21:39:00+00:00
[2025-02-10T21:40:57.512+0000] {warnings.py:112} WARNING - /home/***/.local/lib/python3.12/site-packages/***/task/task_runner/standard_task_runner.py:70: DeprecationWarning: This process (pid=3291) is multi-threaded, use of fork() may lead to deadlocks in the child.
  pid = os.fork()

[2025-02-10T21:40:57.515+0000] {standard_task_runner.py:72} INFO - Started process 3293 to run task
[2025-02-10T21:40:57.516+0000] {standard_task_runner.py:104} INFO - Running: ['***', 'tasks', 'run', 'IMPORTATION_ECRITURE_COMPTABLES_ARTICLE_dag', 'check_directory', 'scheduled__2025-02-10T21:39:00+00:00', '--job-id', '1168', '--raw', '--subdir', 'DAGS_FOLDER/my_directory_and_file_checker.py', '--cfg-path', '/tmp/tmpx9srr0n2']
[2025-02-10T21:40:57.517+0000] {standard_task_runner.py:105} INFO - Job 1168: Subtask check_directory
[2025-02-10T21:40:57.573+0000] {task_command.py:467} INFO - Running <TaskInstance: IMPORTATION_ECRITURE_COMPTABLES_ARTICLE_dag.check_directory scheduled__2025-02-10T21:39:00+00:00 [running]> on host b6443be51f35
[2025-02-10T21:40:57.666+0000] {taskinstance.py:3132} INFO - Exporting env vars: AIRFLOW_CTX_DAG_OWNER='***' AIRFLOW_CTX_DAG_ID='IMPORTATION_ECRITURE_COMPTABLES_ARTICLE_dag' AIRFLOW_CTX_TASK_ID='check_directory' AIRFLOW_CTX_EXECUTION_DATE='2025-02-10T21:39:00+00:00' AIRFLOW_CTX_TRY_NUMBER='1' AIRFLOW_CTX_DAG_RUN_ID='scheduled__2025-02-10T21:39:00+00:00'
[2025-02-10T21:40:57.668+0000] {logging_mixin.py:190} INFO - Task instance is in running state
[2025-02-10T21:40:57.669+0000] {logging_mixin.py:190} INFO -  Previous state of the Task instance: queued
[2025-02-10T21:40:57.670+0000] {logging_mixin.py:190} INFO - Current task name:check_directory state:running start_date:2025-02-10 21:40:57.481060+00:00
[2025-02-10T21:40:57.670+0000] {logging_mixin.py:190} INFO - Dag name:IMPORTATION_ECRITURE_COMPTABLES_ARTICLE_dag and current dag run status:running
[2025-02-10T21:40:57.671+0000] {taskinstance.py:731} INFO - ::endgroup::
[2025-02-10T21:40:57.672+0000] {baseoperator.py:421} WARNING - BranchPythonOperator.execute cannot be called outside TaskInstance!
[2025-02-10T21:40:57.673+0000] {python.py:240} INFO - Done. Returned value was: check_file_in_directory
[2025-02-10T21:40:57.675+0000] {branch.py:38} INFO - Branch into check_file_in_directory
[2025-02-10T21:40:57.676+0000] {skipmixin.py:230} INFO - Following branch ('check_file_in_directory',)
[2025-02-10T21:40:57.692+0000] {skipmixin.py:278} INFO - Skipping tasks []
[2025-02-10T21:40:57.724+0000] {taskinstance.py:340} INFO - ::group::Post task execution logs
[2025-02-10T21:40:57.726+0000] {taskinstance.py:352} INFO - Marking task as SUCCESS. dag_id=IMPORTATION_ECRITURE_COMPTABLES_ARTICLE_dag, task_id=check_directory, run_id=scheduled__2025-02-10T21:39:00+00:00, execution_date=20250210T213900, start_date=20250210T214057, end_date=20250210T214057
[2025-02-10T21:40:57.737+0000] {logging_mixin.py:190} INFO - Task instance in success state
[2025-02-10T21:40:57.738+0000] {logging_mixin.py:190} INFO -  Previous state of the Task instance: running
[2025-02-10T21:40:57.739+0000] {logging_mixin.py:190} INFO - Dag name:IMPORTATION_ECRITURE_COMPTABLES_ARTICLE_dag queued_at:2025-02-10 21:40:55.623422+00:00
[2025-02-10T21:40:57.740+0000] {logging_mixin.py:190} INFO - Task hostname:b6443be51f35 operator:BranchPythonOperator
[2025-02-10T21:40:57.772+0000] {local_task_job_runner.py:266} INFO - Task exited with return code 0
[2025-02-10T21:40:57.810+0000] {taskinstance.py:3895} INFO - 1 downstream tasks scheduled from follow-on schedule check
[2025-02-10T21:40:57.813+0000] {local_task_job_runner.py:245} INFO - ::endgroup::
