[2025-02-07T22:22:08.627+0000] {local_task_job_runner.py:123} INFO - ::group::Pre task execution logs
[2025-02-07T22:22:08.701+0000] {taskinstance.py:2613} INFO - Dependencies all met for dep_context=non-requeueable deps ti=<TaskInstance: directory_and_file_verification_dag.check_directory scheduled__2025-02-07T00:12:00+00:00 [queued]>
[2025-02-07T22:22:08.734+0000] {taskinstance.py:2613} INFO - Dependencies all met for dep_context=requeueable deps ti=<TaskInstance: directory_and_file_verification_dag.check_directory scheduled__2025-02-07T00:12:00+00:00 [queued]>
[2025-02-07T22:22:08.739+0000] {taskinstance.py:2866} INFO - Starting attempt 1 of 1
[2025-02-07T22:22:09.524+0000] {taskinstance.py:2889} INFO - Executing <Task(BranchPythonOperator): check_directory> on 2025-02-07 00:12:00+00:00
[2025-02-07T22:22:09.581+0000] {warnings.py:112} WARNING - /home/***/.local/lib/python3.12/site-packages/***/task/task_runner/standard_task_runner.py:70: DeprecationWarning: This process (pid=19173) is multi-threaded, use of fork() may lead to deadlocks in the child.
  pid = os.fork()

[2025-02-07T22:22:09.598+0000] {standard_task_runner.py:72} INFO - Started process 19217 to run task
[2025-02-07T22:22:09.623+0000] {standard_task_runner.py:104} INFO - Running: ['***', 'tasks', 'run', 'directory_and_file_verification_dag', 'check_directory', 'scheduled__2025-02-07T00:12:00+00:00', '--job-id', '893', '--raw', '--subdir', 'DAGS_FOLDER/my_directory_and_file_checker.py', '--cfg-path', '/tmp/tmp6gb6y805']
[2025-02-07T22:22:09.693+0000] {standard_task_runner.py:105} INFO - Job 893: Subtask check_directory
[2025-02-07T22:22:10.420+0000] {task_command.py:467} INFO - Running <TaskInstance: directory_and_file_verification_dag.check_directory scheduled__2025-02-07T00:12:00+00:00 [running]> on host 003b7fbea265
[2025-02-07T22:22:11.609+0000] {taskinstance.py:3132} INFO - Exporting env vars: AIRFLOW_CTX_DAG_OWNER='***' AIRFLOW_CTX_DAG_ID='directory_and_file_verification_dag' AIRFLOW_CTX_TASK_ID='check_directory' AIRFLOW_CTX_EXECUTION_DATE='2025-02-07T00:12:00+00:00' AIRFLOW_CTX_TRY_NUMBER='1' AIRFLOW_CTX_DAG_RUN_ID='scheduled__2025-02-07T00:12:00+00:00'
[2025-02-07T22:22:11.624+0000] {logging_mixin.py:190} INFO - Task instance is in running state
[2025-02-07T22:22:11.629+0000] {logging_mixin.py:190} INFO -  Previous state of the Task instance: queued
[2025-02-07T22:22:11.630+0000] {logging_mixin.py:190} INFO - Current task name:check_directory state:running start_date:2025-02-07 22:22:08.704865+00:00
[2025-02-07T22:22:11.632+0000] {logging_mixin.py:190} INFO - Dag name:directory_and_file_verification_dag and current dag run status:running
[2025-02-07T22:22:11.633+0000] {taskinstance.py:731} INFO - ::endgroup::
[2025-02-07T22:22:11.635+0000] {baseoperator.py:421} WARNING - BranchPythonOperator.execute cannot be called outside TaskInstance!
[2025-02-07T22:22:11.658+0000] {logging_mixin.py:190} INFO - borusss ['statu_date_execution.txt', 'succes_date_execution.txt', 'test', 'Écritures - Copie.csv.bak', 'Écritures comptables article.csv.bak', 'Écritures.csv', 'Écritures.csv.bak']
[2025-02-07T22:22:11.663+0000] {python.py:240} INFO - Done. Returned value was: check_file_in_directory
[2025-02-07T22:22:11.695+0000] {branch.py:38} INFO - Branch into check_file_in_directory
[2025-02-07T22:22:11.741+0000] {skipmixin.py:230} INFO - Following branch ('check_file_in_directory',)
[2025-02-07T22:22:11.992+0000] {skipmixin.py:278} INFO - Skipping tasks []
[2025-02-07T22:22:12.211+0000] {taskinstance.py:340} INFO - ::group::Post task execution logs
[2025-02-07T22:22:12.218+0000] {taskinstance.py:352} INFO - Marking task as SUCCESS. dag_id=directory_and_file_verification_dag, task_id=check_directory, run_id=scheduled__2025-02-07T00:12:00+00:00, execution_date=20250207T001200, start_date=20250207T222208, end_date=20250207T222212
[2025-02-07T22:22:12.279+0000] {logging_mixin.py:190} INFO - Task instance in success state
[2025-02-07T22:22:12.295+0000] {logging_mixin.py:190} INFO -  Previous state of the Task instance: running
[2025-02-07T22:22:12.297+0000] {logging_mixin.py:190} INFO - Dag name:directory_and_file_verification_dag queued_at:2025-02-07 22:21:18.305672+00:00
[2025-02-07T22:22:12.298+0000] {logging_mixin.py:190} INFO - Task hostname:003b7fbea265 operator:BranchPythonOperator
[2025-02-07T22:22:12.371+0000] {local_task_job_runner.py:266} INFO - Task exited with return code 0
[2025-02-07T22:22:12.453+0000] {local_task_job_runner.py:245} INFO - ::endgroup::
