[2025-02-10T23:38:01.508+0000] {local_task_job_runner.py:123} INFO - ::group::Pre task execution logs
[2025-02-10T23:38:01.623+0000] {taskinstance.py:2613} INFO - Dependencies all met for dep_context=non-requeueable deps ti=<TaskInstance: IMPORTATION_ECRITURE_COMPTABLES_ARTICLE_dag.check_directory scheduled__2025-02-10T23:37:00+00:00 [queued]>
[2025-02-10T23:38:01.630+0000] {taskinstance.py:2613} INFO - Dependencies all met for dep_context=requeueable deps ti=<TaskInstance: IMPORTATION_ECRITURE_COMPTABLES_ARTICLE_dag.check_directory scheduled__2025-02-10T23:37:00+00:00 [queued]>
[2025-02-10T23:38:01.631+0000] {taskinstance.py:2866} INFO - Starting attempt 1 of 2
[2025-02-10T23:38:01.643+0000] {taskinstance.py:2889} INFO - Executing <Task(BranchPythonOperator): check_directory> on 2025-02-10 23:37:00+00:00
[2025-02-10T23:38:01.649+0000] {warnings.py:112} WARNING - /home/***/.local/lib/python3.12/site-packages/***/task/task_runner/standard_task_runner.py:70: DeprecationWarning: This process (pid=2192) is multi-threaded, use of fork() may lead to deadlocks in the child.
  pid = os.fork()

[2025-02-10T23:38:01.651+0000] {standard_task_runner.py:72} INFO - Started process 2194 to run task
[2025-02-10T23:38:01.650+0000] {standard_task_runner.py:104} INFO - Running: ['***', 'tasks', 'run', 'IMPORTATION_ECRITURE_COMPTABLES_ARTICLE_dag', 'check_directory', 'scheduled__2025-02-10T23:37:00+00:00', '--job-id', '1512', '--raw', '--subdir', 'DAGS_FOLDER/my_directory_and_file_checker.py', '--cfg-path', '/tmp/tmp6ro5y1m0']
[2025-02-10T23:38:01.652+0000] {standard_task_runner.py:105} INFO - Job 1512: Subtask check_directory
[2025-02-10T23:38:01.694+0000] {task_command.py:467} INFO - Running <TaskInstance: IMPORTATION_ECRITURE_COMPTABLES_ARTICLE_dag.check_directory scheduled__2025-02-10T23:37:00+00:00 [running]> on host b6443be51f35
[2025-02-10T23:38:01.774+0000] {taskinstance.py:3132} INFO - Exporting env vars: AIRFLOW_CTX_DAG_OWNER='***' AIRFLOW_CTX_DAG_ID='IMPORTATION_ECRITURE_COMPTABLES_ARTICLE_dag' AIRFLOW_CTX_TASK_ID='check_directory' AIRFLOW_CTX_EXECUTION_DATE='2025-02-10T23:37:00+00:00' AIRFLOW_CTX_TRY_NUMBER='1' AIRFLOW_CTX_DAG_RUN_ID='scheduled__2025-02-10T23:37:00+00:00'
[2025-02-10T23:38:01.775+0000] {logging_mixin.py:190} INFO - Task instance is in running state
[2025-02-10T23:38:01.776+0000] {logging_mixin.py:190} INFO -  Previous state of the Task instance: queued
[2025-02-10T23:38:01.777+0000] {logging_mixin.py:190} INFO - Current task name:check_directory state:running start_date:2025-02-10 23:38:01.623835+00:00
[2025-02-10T23:38:01.778+0000] {logging_mixin.py:190} INFO - Dag name:IMPORTATION_ECRITURE_COMPTABLES_ARTICLE_dag and current dag run status:running
[2025-02-10T23:38:01.778+0000] {taskinstance.py:731} INFO - ::endgroup::
[2025-02-10T23:38:01.779+0000] {baseoperator.py:421} WARNING - BranchPythonOperator.execute cannot be called outside TaskInstance!
[2025-02-10T23:38:01.780+0000] {python.py:240} INFO - Done. Returned value was: check_file_in_directory
[2025-02-10T23:38:01.781+0000] {branch.py:38} INFO - Branch into check_file_in_directory
[2025-02-10T23:38:01.782+0000] {skipmixin.py:230} INFO - Following branch ('check_file_in_directory',)
[2025-02-10T23:38:01.791+0000] {skipmixin.py:278} INFO - Skipping tasks []
[2025-02-10T23:38:01.815+0000] {taskinstance.py:340} INFO - ::group::Post task execution logs
[2025-02-10T23:38:01.816+0000] {taskinstance.py:352} INFO - Marking task as SUCCESS. dag_id=IMPORTATION_ECRITURE_COMPTABLES_ARTICLE_dag, task_id=check_directory, run_id=scheduled__2025-02-10T23:37:00+00:00, execution_date=20250210T233700, start_date=20250210T233801, end_date=20250210T233801
[2025-02-10T23:38:01.824+0000] {logging_mixin.py:190} INFO - Task instance in success state
[2025-02-10T23:38:01.825+0000] {logging_mixin.py:190} INFO -  Previous state of the Task instance: running
[2025-02-10T23:38:01.825+0000] {logging_mixin.py:190} INFO - Dag name:IMPORTATION_ECRITURE_COMPTABLES_ARTICLE_dag queued_at:2025-02-10 23:38:00.231560+00:00
[2025-02-10T23:38:01.826+0000] {logging_mixin.py:190} INFO - Task hostname:b6443be51f35 operator:BranchPythonOperator
[2025-02-10T23:38:01.866+0000] {local_task_job_runner.py:266} INFO - Task exited with return code 0
[2025-02-10T23:38:01.893+0000] {taskinstance.py:3895} INFO - 1 downstream tasks scheduled from follow-on schedule check
[2025-02-10T23:38:01.896+0000] {local_task_job_runner.py:245} INFO - ::endgroup::
[2025-02-10T23:38:37.781+0000] {local_task_job_runner.py:123} INFO - ::group::Pre task execution logs
[2025-02-10T23:38:37.895+0000] {taskinstance.py:2613} INFO - Dependencies all met for dep_context=non-requeueable deps ti=<TaskInstance: IMPORTATION_ECRITURE_COMPTABLES_ARTICLE_dag.check_directory scheduled__2025-02-10T23:37:00+00:00 [queued]>
[2025-02-10T23:38:37.903+0000] {taskinstance.py:2613} INFO - Dependencies all met for dep_context=requeueable deps ti=<TaskInstance: IMPORTATION_ECRITURE_COMPTABLES_ARTICLE_dag.check_directory scheduled__2025-02-10T23:37:00+00:00 [queued]>
[2025-02-10T23:38:37.904+0000] {taskinstance.py:2866} INFO - Starting attempt 1 of 2
[2025-02-10T23:38:37.916+0000] {taskinstance.py:2889} INFO - Executing <Task(BranchPythonOperator): check_directory> on 2025-02-10 23:37:00+00:00
[2025-02-10T23:38:37.921+0000] {warnings.py:112} WARNING - /home/***/.local/lib/python3.12/site-packages/***/task/task_runner/standard_task_runner.py:70: DeprecationWarning: This process (pid=2223) is multi-threaded, use of fork() may lead to deadlocks in the child.
  pid = os.fork()

[2025-02-10T23:38:37.923+0000] {standard_task_runner.py:72} INFO - Started process 2225 to run task
[2025-02-10T23:38:37.923+0000] {standard_task_runner.py:104} INFO - Running: ['***', 'tasks', 'run', 'IMPORTATION_ECRITURE_COMPTABLES_ARTICLE_dag', 'check_directory', 'scheduled__2025-02-10T23:37:00+00:00', '--job-id', '1518', '--raw', '--subdir', 'DAGS_FOLDER/my_directory_and_file_checker.py', '--cfg-path', '/tmp/tmp51fgsbq6']
[2025-02-10T23:38:37.924+0000] {standard_task_runner.py:105} INFO - Job 1518: Subtask check_directory
[2025-02-10T23:38:37.966+0000] {task_command.py:467} INFO - Running <TaskInstance: IMPORTATION_ECRITURE_COMPTABLES_ARTICLE_dag.check_directory scheduled__2025-02-10T23:37:00+00:00 [running]> on host b6443be51f35
[2025-02-10T23:38:38.046+0000] {taskinstance.py:3132} INFO - Exporting env vars: AIRFLOW_CTX_DAG_OWNER='***' AIRFLOW_CTX_DAG_ID='IMPORTATION_ECRITURE_COMPTABLES_ARTICLE_dag' AIRFLOW_CTX_TASK_ID='check_directory' AIRFLOW_CTX_EXECUTION_DATE='2025-02-10T23:37:00+00:00' AIRFLOW_CTX_TRY_NUMBER='1' AIRFLOW_CTX_DAG_RUN_ID='scheduled__2025-02-10T23:37:00+00:00'
[2025-02-10T23:38:38.047+0000] {logging_mixin.py:190} INFO - Task instance is in running state
[2025-02-10T23:38:38.048+0000] {logging_mixin.py:190} INFO -  Previous state of the Task instance: queued
[2025-02-10T23:38:38.049+0000] {logging_mixin.py:190} INFO - Current task name:check_directory state:running start_date:2025-02-10 23:38:37.896667+00:00
[2025-02-10T23:38:38.049+0000] {logging_mixin.py:190} INFO - Dag name:IMPORTATION_ECRITURE_COMPTABLES_ARTICLE_dag and current dag run status:running
[2025-02-10T23:38:38.050+0000] {taskinstance.py:731} INFO - ::endgroup::
[2025-02-10T23:38:38.050+0000] {baseoperator.py:421} WARNING - BranchPythonOperator.execute cannot be called outside TaskInstance!
[2025-02-10T23:38:38.051+0000] {python.py:240} INFO - Done. Returned value was: check_file_in_directory
[2025-02-10T23:38:38.052+0000] {branch.py:38} INFO - Branch into check_file_in_directory
[2025-02-10T23:38:38.053+0000] {skipmixin.py:230} INFO - Following branch ('check_file_in_directory',)
[2025-02-10T23:38:38.068+0000] {skipmixin.py:278} INFO - Skipping tasks []
[2025-02-10T23:38:38.094+0000] {taskinstance.py:340} INFO - ::group::Post task execution logs
[2025-02-10T23:38:38.095+0000] {taskinstance.py:352} INFO - Marking task as SUCCESS. dag_id=IMPORTATION_ECRITURE_COMPTABLES_ARTICLE_dag, task_id=check_directory, run_id=scheduled__2025-02-10T23:37:00+00:00, execution_date=20250210T233700, start_date=20250210T233837, end_date=20250210T233838
[2025-02-10T23:38:38.103+0000] {logging_mixin.py:190} INFO - Task instance in success state
[2025-02-10T23:38:38.104+0000] {logging_mixin.py:190} INFO -  Previous state of the Task instance: running
[2025-02-10T23:38:38.105+0000] {logging_mixin.py:190} INFO - Dag name:IMPORTATION_ECRITURE_COMPTABLES_ARTICLE_dag queued_at:2025-02-10 23:38:36.522147+00:00
[2025-02-10T23:38:38.105+0000] {logging_mixin.py:190} INFO - Task hostname:b6443be51f35 operator:BranchPythonOperator
[2025-02-10T23:38:38.138+0000] {local_task_job_runner.py:266} INFO - Task exited with return code 0
[2025-02-10T23:38:38.165+0000] {taskinstance.py:3895} INFO - 1 downstream tasks scheduled from follow-on schedule check
[2025-02-10T23:38:38.168+0000] {local_task_job_runner.py:245} INFO - ::endgroup::
