[2025-02-02T14:43:00.533+0000] {local_task_job_runner.py:123} INFO - ::group::Pre task execution logs
[2025-02-02T14:43:00.547+0000] {taskinstance.py:2613} INFO - Dependencies all met for dep_context=non-requeueable deps ti=<TaskInstance: directory_and_file_verification_dag.read_files manual__2025-02-02T14:42:58.274910+00:00 [queued]>
[2025-02-02T14:43:00.556+0000] {taskinstance.py:2613} INFO - Dependencies all met for dep_context=requeueable deps ti=<TaskInstance: directory_and_file_verification_dag.read_files manual__2025-02-02T14:42:58.274910+00:00 [queued]>
[2025-02-02T14:43:00.557+0000] {taskinstance.py:2866} INFO - Starting attempt 1 of 1
[2025-02-02T14:43:00.569+0000] {taskinstance.py:2889} INFO - Executing <Task(BranchPythonOperator): read_files> on 2025-02-02 14:42:58.274910+00:00
[2025-02-02T14:43:00.575+0000] {warnings.py:112} WARNING - /home/***/.local/lib/python3.12/site-packages/***/task/task_runner/standard_task_runner.py:70: DeprecationWarning: This process (pid=552) is multi-threaded, use of fork() may lead to deadlocks in the child.
  pid = os.fork()

[2025-02-02T14:43:00.577+0000] {standard_task_runner.py:72} INFO - Started process 555 to run task
[2025-02-02T14:43:00.577+0000] {standard_task_runner.py:104} INFO - Running: ['***', 'tasks', 'run', 'directory_and_file_verification_dag', 'read_files', 'manual__2025-02-02T14:42:58.274910+00:00', '--job-id', '150', '--raw', '--subdir', 'DAGS_FOLDER/my_directory_and_file_checker.py', '--cfg-path', '/tmp/tmpojrgdqef']
[2025-02-02T14:43:00.578+0000] {standard_task_runner.py:105} INFO - Job 150: Subtask read_files
[2025-02-02T14:43:00.625+0000] {task_command.py:467} INFO - Running <TaskInstance: directory_and_file_verification_dag.read_files manual__2025-02-02T14:42:58.274910+00:00 [running]> on host 003b7fbea265
[2025-02-02T14:43:00.964+0000] {taskinstance.py:3132} INFO - Exporting env vars: AIRFLOW_CTX_DAG_OWNER='***' AIRFLOW_CTX_DAG_ID='directory_and_file_verification_dag' AIRFLOW_CTX_TASK_ID='read_files' AIRFLOW_CTX_EXECUTION_DATE='2025-02-02T14:42:58.274910+00:00' AIRFLOW_CTX_TRY_NUMBER='1' AIRFLOW_CTX_DAG_RUN_ID='manual__2025-02-02T14:42:58.274910+00:00'
[2025-02-02T14:43:00.965+0000] {logging_mixin.py:190} INFO - Task instance is in running state
[2025-02-02T14:43:00.966+0000] {logging_mixin.py:190} INFO -  Previous state of the Task instance: queued
[2025-02-02T14:43:00.967+0000] {logging_mixin.py:190} INFO - Current task name:read_files state:running start_date:2025-02-02 14:43:00.547964+00:00
[2025-02-02T14:43:00.967+0000] {logging_mixin.py:190} INFO - Dag name:directory_and_file_verification_dag and current dag run status:running
[2025-02-02T14:43:00.968+0000] {taskinstance.py:731} INFO - ::endgroup::
[2025-02-02T14:43:00.969+0000] {baseoperator.py:421} WARNING - BranchPythonOperator.execute cannot be called outside TaskInstance!
[2025-02-02T14:43:00.981+0000] {my_directory_and_file_checker.py:68} ERROR - Erreur d'encodage pour le fichier Écritures comptables article.csv: 'utf-8' codec can't decode byte 0xb0 in position 1: invalid start byte
[2025-02-02T14:43:01.058+0000] {my_directory_and_file_checker.py:71} ERROR - Erreur lors de la lecture du fichier Écritures comptables article.csv en ISO-8859-1: 'utf-8' codec can't decode byte 0xb0 in position 1: invalid start byte
[2025-02-02T14:43:01.059+0000] {logging_mixin.py:190} INFO - 
📂 Contenu du fichier: Écritures comptables article.csv
[2025-02-02T14:43:01.092+0000] {logging_mixin.py:190} INFO -   Date comptabilisation       N° lot  ... KOR par Réception KOR INPUT
0            31/12/2024  A-BNDK 2304  ...             0,000     0,000
1            31/12/2024  B-BNDK 2304  ...             0,000     0,000
2            31/12/2024  C-BNDK 2304  ...             0,000     0,000
3            31/12/2024  D-BNDK 2304  ...             0,000     0,000
4            31/12/2024  E-BNDK 2304  ...             0,000     0,000

[5 rows x 27 columns]
[2025-02-02T14:43:01.094+0000] {python.py:240} INFO - Done. Returned value was: None
[2025-02-02T14:43:01.094+0000] {branch.py:38} INFO - Branch into None
[2025-02-02T14:43:01.095+0000] {skipmixin.py:230} INFO - Following branch ()
[2025-02-02T14:43:01.106+0000] {skipmixin.py:278} INFO - Skipping tasks [('end', -1)]
[2025-02-02T14:43:01.127+0000] {taskinstance.py:340} INFO - ::group::Post task execution logs
[2025-02-02T14:43:01.128+0000] {taskinstance.py:352} INFO - Marking task as SUCCESS. dag_id=directory_and_file_verification_dag, task_id=read_files, run_id=manual__2025-02-02T14:42:58.274910+00:00, execution_date=20250202T144258, start_date=20250202T144300, end_date=20250202T144301
[2025-02-02T14:43:01.138+0000] {logging_mixin.py:190} INFO - Task instance in success state
[2025-02-02T14:43:01.139+0000] {logging_mixin.py:190} INFO -  Previous state of the Task instance: running
[2025-02-02T14:43:01.139+0000] {logging_mixin.py:190} INFO - Dag name:directory_and_file_verification_dag queued_at:2025-02-02 14:42:58.293847+00:00
[2025-02-02T14:43:01.140+0000] {logging_mixin.py:190} INFO - Task hostname:003b7fbea265 operator:BranchPythonOperator
[2025-02-02T14:43:01.193+0000] {local_task_job_runner.py:266} INFO - Task exited with return code 0
[2025-02-02T14:43:01.203+0000] {local_task_job_runner.py:245} INFO - ::endgroup::
