[2025-02-09T12:30:17.692+0000] {local_task_job_runner.py:123} INFO - ::group::Pre task execution logs
[2025-02-09T12:30:17.718+0000] {taskinstance.py:2613} INFO - Dependencies all met for dep_context=non-requeueable deps ti=<TaskInstance: directory_and_file_verification_dag.verify_file_reliability manual__2025-02-09T12:30:11.923666+00:00 [queued]>
[2025-02-09T12:30:17.861+0000] {taskinstance.py:2613} INFO - Dependencies all met for dep_context=requeueable deps ti=<TaskInstance: directory_and_file_verification_dag.verify_file_reliability manual__2025-02-09T12:30:11.923666+00:00 [queued]>
[2025-02-09T12:30:17.862+0000] {taskinstance.py:2866} INFO - Starting attempt 1 of 1
[2025-02-09T12:30:17.878+0000] {taskinstance.py:2889} INFO - Executing <Task(BranchPythonOperator): verify_file_reliability> on 2025-02-09 12:30:11.923666+00:00
[2025-02-09T12:30:17.886+0000] {warnings.py:112} WARNING - /home/***/.local/lib/python3.12/site-packages/***/task/task_runner/standard_task_runner.py:70: DeprecationWarning: This process (pid=149) is multi-threaded, use of fork() may lead to deadlocks in the child.
  pid = os.fork()

[2025-02-09T12:30:17.887+0000] {standard_task_runner.py:72} INFO - Started process 151 to run task
[2025-02-09T12:30:17.887+0000] {standard_task_runner.py:104} INFO - Running: ['***', 'tasks', 'run', 'directory_and_file_verification_dag', 'verify_file_reliability', 'manual__2025-02-09T12:30:11.923666+00:00', '--job-id', '1559', '--raw', '--subdir', 'DAGS_FOLDER/my_directory_and_file_checker.py', '--cfg-path', '/tmp/tmpvdejzgmm']
[2025-02-09T12:30:17.888+0000] {standard_task_runner.py:105} INFO - Job 1559: Subtask verify_file_reliability
[2025-02-09T12:30:17.931+0000] {task_command.py:467} INFO - Running <TaskInstance: directory_and_file_verification_dag.verify_file_reliability manual__2025-02-09T12:30:11.923666+00:00 [running]> on host a6b46cf73464
[2025-02-09T12:30:18.005+0000] {taskinstance.py:3132} INFO - Exporting env vars: AIRFLOW_CTX_DAG_OWNER='***' AIRFLOW_CTX_DAG_ID='directory_and_file_verification_dag' AIRFLOW_CTX_TASK_ID='verify_file_reliability' AIRFLOW_CTX_EXECUTION_DATE='2025-02-09T12:30:11.923666+00:00' AIRFLOW_CTX_TRY_NUMBER='1' AIRFLOW_CTX_DAG_RUN_ID='manual__2025-02-09T12:30:11.923666+00:00'
[2025-02-09T12:30:18.007+0000] {logging_mixin.py:190} INFO - Task instance is in running state
[2025-02-09T12:30:18.008+0000] {logging_mixin.py:190} INFO -  Previous state of the Task instance: queued
[2025-02-09T12:30:18.008+0000] {logging_mixin.py:190} INFO - Current task name:verify_file_reliability state:running start_date:2025-02-09 12:30:17.719384+00:00
[2025-02-09T12:30:18.009+0000] {logging_mixin.py:190} INFO - Dag name:directory_and_file_verification_dag and current dag run status:running
[2025-02-09T12:30:18.009+0000] {taskinstance.py:731} INFO - ::endgroup::
[2025-02-09T12:30:18.010+0000] {baseoperator.py:421} WARNING - BranchPythonOperator.execute cannot be called outside TaskInstance!
[2025-02-09T12:30:18.011+0000] {logging_mixin.py:190} INFO - camarche22 /opt/***/files/in ['.csv'] ['utf-8', 'ISO-8859-1', 'Windows-1252']
[2025-02-09T12:30:18.020+0000] {my_directory_and_file_checker.py:139} ERROR - ❌ Erreur d'encodage (utf-8) pour Écritures_20250209_121040_20250209_121628_20250209_122741.csv: 'utf-8' codec can't decode byte 0xb0 in position 1: invalid start byte
[2025-02-09T12:30:18.044+0000] {logging_mixin.py:190} INFO - 
📂 Contenu du fichier (ISO-8859-1): Écritures_20250209_121040_20250209_121628_20250209_122741.csv
[2025-02-09T12:30:18.051+0000] {logging_mixin.py:190} INFO -   Date comptabilisation       N° lot Type écriture
0            31/12/2024  A-BNDK 2304    Production
1            31/12/2024  B-BNDK 2304    Production
2            31/12/2024  C-BNDK 2304    Production
3            31/12/2024  D-BNDK 2304    Production
4            31/12/2024  E-BNDK 2304    Production
[2025-02-09T12:30:19.174+0000] {logging_mixin.py:190} INFO - ✅Lignes  ('✅ Le fichier respecte les colonnes attendues et les types de données.', True) 9854
[2025-02-09T12:30:19.178+0000] {logging_mixin.py:190} INFO - merci
[2025-02-09T12:30:19.193+0000] {base.py:84} INFO - Retrieving connection 'mysql_conn'
[2025-02-09T12:30:19.213+0000] {logging_mixin.py:190} INFO - (('attendancedb',), ('caprostockdb',), ('information_schema',), ('mysql',), ('netvision_db',), ('performance_schema',), ('pointing_db',), ('posgpt_db',), ('pythondb',), ('sys',), ('testimportdb',))
[2025-02-09T12:30:19.275+0000] {logging_mixin.py:190} INFO - ⚠️ Données supprimées avant insertion.
[2025-02-09T12:30:19.946+0000] {sql.py:691} INFO - Loaded 1000 rows into temp_ecc so far
[2025-02-09T12:30:20.591+0000] {sql.py:691} INFO - Loaded 2000 rows into temp_ecc so far
[2025-02-09T12:30:21.178+0000] {sql.py:691} INFO - Loaded 3000 rows into temp_ecc so far
[2025-02-09T12:30:21.789+0000] {sql.py:691} INFO - Loaded 4000 rows into temp_ecc so far
[2025-02-09T12:30:22.408+0000] {sql.py:691} INFO - Loaded 5000 rows into temp_ecc so far
[2025-02-09T12:30:23.019+0000] {sql.py:691} INFO - Loaded 6000 rows into temp_ecc so far
[2025-02-09T12:30:23.705+0000] {sql.py:691} INFO - Loaded 7000 rows into temp_ecc so far
[2025-02-09T12:30:24.372+0000] {sql.py:691} INFO - Loaded 8000 rows into temp_ecc so far
[2025-02-09T12:30:25.026+0000] {sql.py:691} INFO - Loaded 9000 rows into temp_ecc so far
[2025-02-09T12:30:25.571+0000] {sql.py:694} INFO - Done loading. Loaded a total of 9854 rows into temp_ecc
[2025-02-09T12:30:25.574+0000] {logging_mixin.py:190} INFO - connexion sql reussie True
[2025-02-09T12:30:25.595+0000] {logging_mixin.py:190} INFO - ✅ Fichier déplacé vers /opt/***/files/out/success/Écritures_20250209_121040_20250209_121628_20250209_122741_20250209_123025.csv
[2025-02-09T12:30:25.602+0000] {python.py:240} INFO - Done. Returned value was: end
[2025-02-09T12:30:25.602+0000] {branch.py:38} INFO - Branch into end
[2025-02-09T12:30:25.603+0000] {skipmixin.py:230} INFO - Following branch ('end',)
[2025-02-09T12:30:25.619+0000] {skipmixin.py:278} INFO - Skipping tasks []
[2025-02-09T12:30:25.651+0000] {taskinstance.py:340} INFO - ::group::Post task execution logs
[2025-02-09T12:30:25.652+0000] {taskinstance.py:352} INFO - Marking task as SUCCESS. dag_id=directory_and_file_verification_dag, task_id=verify_file_reliability, run_id=manual__2025-02-09T12:30:11.923666+00:00, execution_date=20250209T123011, start_date=20250209T123017, end_date=20250209T123025
[2025-02-09T12:30:25.667+0000] {logging_mixin.py:190} INFO - Task instance in success state
[2025-02-09T12:30:25.667+0000] {logging_mixin.py:190} INFO -  Previous state of the Task instance: running
[2025-02-09T12:30:25.668+0000] {logging_mixin.py:190} INFO - Dag name:directory_and_file_verification_dag queued_at:2025-02-09 12:30:11.939472+00:00
[2025-02-09T12:30:25.668+0000] {logging_mixin.py:190} INFO - Task hostname:a6b46cf73464 operator:BranchPythonOperator
[2025-02-09T12:30:25.683+0000] {local_task_job_runner.py:266} INFO - Task exited with return code 0
[2025-02-09T12:30:25.704+0000] {taskinstance.py:3895} INFO - 0 downstream tasks scheduled from follow-on schedule check
[2025-02-09T12:30:25.706+0000] {local_task_job_runner.py:245} INFO - ::endgroup::
