[2025-02-09T15:43:02.187+0000] {local_task_job_runner.py:123} INFO - ::group::Pre task execution logs
[2025-02-09T15:43:02.256+0000] {taskinstance.py:2613} INFO - Dependencies all met for dep_context=non-requeueable deps ti=<TaskInstance: directory_and_file_verification_dag.verify_file_reliability manual__2025-02-09T15:42:49.046027+00:00 [queued]>
[2025-02-09T15:43:02.632+0000] {taskinstance.py:2613} INFO - Dependencies all met for dep_context=requeueable deps ti=<TaskInstance: directory_and_file_verification_dag.verify_file_reliability manual__2025-02-09T15:42:49.046027+00:00 [queued]>
[2025-02-09T15:43:02.633+0000] {taskinstance.py:2866} INFO - Starting attempt 1 of 1
[2025-02-09T15:43:02.663+0000] {taskinstance.py:2889} INFO - Executing <Task(BranchPythonOperator): verify_file_reliability> on 2025-02-09 15:42:49.046027+00:00
[2025-02-09T15:43:02.675+0000] {warnings.py:112} WARNING - /home/***/.local/lib/python3.12/site-packages/***/task/task_runner/standard_task_runner.py:70: DeprecationWarning: This process (pid=260) is multi-threaded, use of fork() may lead to deadlocks in the child.
  pid = os.fork()

[2025-02-09T15:43:02.678+0000] {standard_task_runner.py:72} INFO - Started process 262 to run task
[2025-02-09T15:43:02.678+0000] {standard_task_runner.py:104} INFO - Running: ['***', 'tasks', 'run', 'directory_and_file_verification_dag', 'verify_file_reliability', 'manual__2025-02-09T15:42:49.046027+00:00', '--job-id', '20', '--raw', '--subdir', 'DAGS_FOLDER/my_directory_and_file_checker.py', '--cfg-path', '/tmp/tmpd5bhajoa']
[2025-02-09T15:43:02.680+0000] {standard_task_runner.py:105} INFO - Job 20: Subtask verify_file_reliability
[2025-02-09T15:43:02.785+0000] {task_command.py:467} INFO - Running <TaskInstance: directory_and_file_verification_dag.verify_file_reliability manual__2025-02-09T15:42:49.046027+00:00 [running]> on host d4cc7d48468b
[2025-02-09T15:43:02.969+0000] {taskinstance.py:3132} INFO - Exporting env vars: AIRFLOW_CTX_DAG_OWNER='***' AIRFLOW_CTX_DAG_ID='directory_and_file_verification_dag' AIRFLOW_CTX_TASK_ID='verify_file_reliability' AIRFLOW_CTX_EXECUTION_DATE='2025-02-09T15:42:49.046027+00:00' AIRFLOW_CTX_TRY_NUMBER='1' AIRFLOW_CTX_DAG_RUN_ID='manual__2025-02-09T15:42:49.046027+00:00'
[2025-02-09T15:43:02.974+0000] {logging_mixin.py:190} INFO - Task instance is in running state
[2025-02-09T15:43:02.975+0000] {logging_mixin.py:190} INFO -  Previous state of the Task instance: queued
[2025-02-09T15:43:02.976+0000] {logging_mixin.py:190} INFO - Current task name:verify_file_reliability state:running start_date:2025-02-09 15:43:02.258197+00:00
[2025-02-09T15:43:02.977+0000] {logging_mixin.py:190} INFO - Dag name:directory_and_file_verification_dag and current dag run status:running
[2025-02-09T15:43:02.978+0000] {taskinstance.py:731} INFO - ::endgroup::
[2025-02-09T15:43:02.980+0000] {baseoperator.py:421} WARNING - BranchPythonOperator.execute cannot be called outside TaskInstance!
[2025-02-09T15:43:02.982+0000] {logging_mixin.py:190} INFO - camarche22 /opt/***/files/in ['.csv'] ['utf-8', 'ISO-8859-1', 'Windows-1252']
[2025-02-09T15:43:02.998+0000] {my_directory_and_file_checker.py:139} ERROR - ❌ Erreur d'encodage (utf-8) pour Écritures.csv: 'utf-8' codec can't decode byte 0xb0 in position 1: invalid start byte
[2025-02-09T15:43:03.051+0000] {logging_mixin.py:190} INFO - 
📂 Contenu du fichier (ISO-8859-1): Écritures.csv
[2025-02-09T15:43:03.075+0000] {logging_mixin.py:190} INFO -   Date comptabilisation       N° lot Type écriture
0            31/12/2024  A-BNDK 2304    Production
1            31/12/2024  B-BNDK 2304    Production
2            31/12/2024  C-BNDK 2304    Production
3            31/12/2024  D-BNDK 2304    Production
4            31/12/2024  E-BNDK 2304    Production
[2025-02-09T15:43:06.590+0000] {logging_mixin.py:190} INFO - ✅Lignes  ('✅ Le fichier respecte les colonnes attendues et les types de données.', True) 9854
[2025-02-09T15:43:06.596+0000] {logging_mixin.py:190} INFO - merci
[2025-02-09T15:43:06.620+0000] {base.py:84} INFO - Retrieving connection 'mysql_conn'
[2025-02-09T15:43:06.653+0000] {logging_mixin.py:190} INFO - (('attendancedb',), ('caprostockdb',), ('information_schema',), ('mysql',), ('netvision_db',), ('performance_schema',), ('pointing_db',), ('posgpt_db',), ('pythondb',), ('sys',), ('testimportdb',))
[2025-02-09T15:43:06.754+0000] {logging_mixin.py:190} INFO - ⚠️ Données supprimées avant insertion.
[2025-02-09T15:43:08.190+0000] {sql.py:691} INFO - Loaded 1000 rows into temp_ecc so far
[2025-02-09T15:43:09.531+0000] {sql.py:691} INFO - Loaded 2000 rows into temp_ecc so far
[2025-02-09T15:43:11.265+0000] {sql.py:691} INFO - Loaded 3000 rows into temp_ecc so far
[2025-02-09T15:43:12.300+0000] {sql.py:691} INFO - Loaded 4000 rows into temp_ecc so far
[2025-02-09T15:43:13.218+0000] {sql.py:691} INFO - Loaded 5000 rows into temp_ecc so far
[2025-02-09T15:43:14.107+0000] {sql.py:691} INFO - Loaded 6000 rows into temp_ecc so far
[2025-02-09T15:43:15.234+0000] {sql.py:691} INFO - Loaded 7000 rows into temp_ecc so far
[2025-02-09T15:43:16.584+0000] {sql.py:691} INFO - Loaded 8000 rows into temp_ecc so far
[2025-02-09T15:43:17.665+0000] {sql.py:691} INFO - Loaded 9000 rows into temp_ecc so far
[2025-02-09T15:43:18.792+0000] {sql.py:694} INFO - Done loading. Loaded a total of 9854 rows into temp_ecc
[2025-02-09T15:43:18.794+0000] {logging_mixin.py:190} INFO - connexion sql reussie True
[2025-02-09T15:43:18.808+0000] {logging_mixin.py:190} INFO - ❌ Erreur lors du déplacement du fichier : [Errno 2] No such file or directory: '/opt/***/files/out/success/Écritures_20250209_154318.csv'
[2025-02-09T15:43:18.813+0000] {python.py:240} INFO - Done. Returned value was: end
[2025-02-09T15:43:18.813+0000] {branch.py:38} INFO - Branch into end
[2025-02-09T15:43:18.814+0000] {skipmixin.py:230} INFO - Following branch ('end',)
[2025-02-09T15:43:18.834+0000] {skipmixin.py:278} INFO - Skipping tasks []
[2025-02-09T15:43:18.874+0000] {taskinstance.py:340} INFO - ::group::Post task execution logs
[2025-02-09T15:43:18.875+0000] {taskinstance.py:352} INFO - Marking task as SUCCESS. dag_id=directory_and_file_verification_dag, task_id=verify_file_reliability, run_id=manual__2025-02-09T15:42:49.046027+00:00, execution_date=20250209T154249, start_date=20250209T154302, end_date=20250209T154318
[2025-02-09T15:43:18.891+0000] {logging_mixin.py:190} INFO - Task instance in success state
[2025-02-09T15:43:18.892+0000] {logging_mixin.py:190} INFO -  Previous state of the Task instance: running
[2025-02-09T15:43:18.893+0000] {logging_mixin.py:190} INFO - Dag name:directory_and_file_verification_dag queued_at:2025-02-09 15:42:49.072603+00:00
[2025-02-09T15:43:18.894+0000] {logging_mixin.py:190} INFO - Task hostname:d4cc7d48468b operator:BranchPythonOperator
[2025-02-09T15:43:18.922+0000] {local_task_job_runner.py:266} INFO - Task exited with return code 0
[2025-02-09T15:43:18.950+0000] {taskinstance.py:3895} INFO - 0 downstream tasks scheduled from follow-on schedule check
[2025-02-09T15:43:18.953+0000] {local_task_job_runner.py:245} INFO - ::endgroup::
