[2025-02-12T13:59:01.863+0000] {local_task_job_runner.py:123} INFO - ::group::Pre task execution logs
[2025-02-12T13:59:01.879+0000] {taskinstance.py:2613} INFO - Dependencies all met for dep_context=non-requeueable deps ti=<TaskInstance: IMPORTATION_ECRITURE_COMPTABLES_ARTICLE_dag.check_directory scheduled__2025-02-12T13:58:00+00:00 [queued]>
[2025-02-12T13:59:01.886+0000] {taskinstance.py:2613} INFO - Dependencies all met for dep_context=requeueable deps ti=<TaskInstance: IMPORTATION_ECRITURE_COMPTABLES_ARTICLE_dag.check_directory scheduled__2025-02-12T13:58:00+00:00 [queued]>
[2025-02-12T13:59:01.887+0000] {taskinstance.py:2866} INFO - Starting attempt 1 of 2
[2025-02-12T13:59:01.899+0000] {taskinstance.py:2889} INFO - Executing <Task(BranchPythonOperator): check_directory> on 2025-02-12 13:58:00+00:00
[2025-02-12T13:59:01.905+0000] {warnings.py:112} WARNING - /home/***/.local/lib/python3.12/site-packages/***/task/task_runner/standard_task_runner.py:70: DeprecationWarning: This process (pid=8675) is multi-threaded, use of fork() may lead to deadlocks in the child.
  pid = os.fork()

[2025-02-12T13:59:01.907+0000] {standard_task_runner.py:72} INFO - Started process 8677 to run task
[2025-02-12T13:59:01.907+0000] {standard_task_runner.py:104} INFO - Running: ['***', 'tasks', 'run', 'IMPORTATION_ECRITURE_COMPTABLES_ARTICLE_dag', 'check_directory', 'scheduled__2025-02-12T13:58:00+00:00', '--job-id', '4872', '--raw', '--subdir', 'DAGS_FOLDER/my_directory_and_file_checker.py', '--cfg-path', '/tmp/tmpwotrg5bx']
[2025-02-12T13:59:01.908+0000] {standard_task_runner.py:105} INFO - Job 4872: Subtask check_directory
[2025-02-12T13:59:01.951+0000] {task_command.py:467} INFO - Running <TaskInstance: IMPORTATION_ECRITURE_COMPTABLES_ARTICLE_dag.check_directory scheduled__2025-02-12T13:58:00+00:00 [running]> on host b6443be51f35
[2025-02-12T13:59:02.261+0000] {taskinstance.py:3132} INFO - Exporting env vars: AIRFLOW_CTX_DAG_OWNER='***' AIRFLOW_CTX_DAG_ID='IMPORTATION_ECRITURE_COMPTABLES_ARTICLE_dag' AIRFLOW_CTX_TASK_ID='check_directory' AIRFLOW_CTX_EXECUTION_DATE='2025-02-12T13:58:00+00:00' AIRFLOW_CTX_TRY_NUMBER='1' AIRFLOW_CTX_DAG_RUN_ID='scheduled__2025-02-12T13:58:00+00:00'
[2025-02-12T13:59:02.262+0000] {logging_mixin.py:190} INFO - Task instance is in running state
[2025-02-12T13:59:02.263+0000] {logging_mixin.py:190} INFO -  Previous state of the Task instance: queued
[2025-02-12T13:59:02.263+0000] {logging_mixin.py:190} INFO - Current task name:check_directory state:running start_date:2025-02-12 13:59:01.880564+00:00
[2025-02-12T13:59:02.264+0000] {logging_mixin.py:190} INFO - Dag name:IMPORTATION_ECRITURE_COMPTABLES_ARTICLE_dag and current dag run status:running
[2025-02-12T13:59:02.264+0000] {taskinstance.py:731} INFO - ::endgroup::
[2025-02-12T13:59:02.265+0000] {baseoperator.py:421} WARNING - BranchPythonOperator.execute cannot be called outside TaskInstance!
[2025-02-12T13:59:02.266+0000] {python.py:240} INFO - Done. Returned value was: check_file_in_directory
[2025-02-12T13:59:02.267+0000] {branch.py:38} INFO - Branch into check_file_in_directory
[2025-02-12T13:59:02.267+0000] {skipmixin.py:230} INFO - Following branch ('check_file_in_directory',)
[2025-02-12T13:59:02.276+0000] {skipmixin.py:278} INFO - Skipping tasks []
[2025-02-12T13:59:02.300+0000] {taskinstance.py:340} INFO - ::group::Post task execution logs
[2025-02-12T13:59:02.301+0000] {taskinstance.py:352} INFO - Marking task as SUCCESS. dag_id=IMPORTATION_ECRITURE_COMPTABLES_ARTICLE_dag, task_id=check_directory, run_id=scheduled__2025-02-12T13:58:00+00:00, execution_date=20250212T135800, start_date=20250212T135901, end_date=20250212T135902
[2025-02-12T13:59:02.308+0000] {logging_mixin.py:190} INFO - Task instance in success state
[2025-02-12T13:59:02.309+0000] {logging_mixin.py:190} INFO -  Previous state of the Task instance: running
[2025-02-12T13:59:02.310+0000] {logging_mixin.py:190} INFO - Dag name:IMPORTATION_ECRITURE_COMPTABLES_ARTICLE_dag queued_at:2025-02-12 13:59:00.593983+00:00
[2025-02-12T13:59:02.310+0000] {logging_mixin.py:190} INFO - Task hostname:b6443be51f35 operator:BranchPythonOperator
[2025-02-12T13:59:02.323+0000] {local_task_job_runner.py:266} INFO - Task exited with return code 0
[2025-02-12T13:59:02.348+0000] {taskinstance.py:3895} INFO - 1 downstream tasks scheduled from follow-on schedule check
[2025-02-12T13:59:02.351+0000] {local_task_job_runner.py:245} INFO - ::endgroup::
