[2025-02-07T22:33:58.942+0000] {local_task_job_runner.py:123} INFO - ::group::Pre task execution logs
[2025-02-07T22:33:59.869+0000] {taskinstance.py:2613} INFO - Dependencies all met for dep_context=non-requeueable deps ti=<TaskInstance: directory_and_file_verification_dag.check_file_in_directory scheduled__2025-02-07T04:10:00+00:00 [queued]>
[2025-02-07T22:34:00.010+0000] {taskinstance.py:2613} INFO - Dependencies all met for dep_context=requeueable deps ti=<TaskInstance: directory_and_file_verification_dag.check_file_in_directory scheduled__2025-02-07T04:10:00+00:00 [queued]>
[2025-02-07T22:34:00.028+0000] {taskinstance.py:2866} INFO - Starting attempt 1 of 1
[2025-02-07T22:34:00.217+0000] {taskinstance.py:2889} INFO - Executing <Task(BranchPythonOperator): check_file_in_directory> on 2025-02-07 04:10:00+00:00
[2025-02-07T22:34:00.289+0000] {warnings.py:112} WARNING - /home/***/.local/lib/python3.12/site-packages/***/task/task_runner/standard_task_runner.py:70: DeprecationWarning: This process (pid=19658) is multi-threaded, use of fork() may lead to deadlocks in the child.
  pid = os.fork()

[2025-02-07T22:34:00.292+0000] {standard_task_runner.py:72} INFO - Started process 19741 to run task
[2025-02-07T22:34:00.295+0000] {standard_task_runner.py:104} INFO - Running: ['***', 'tasks', 'run', 'directory_and_file_verification_dag', 'check_file_in_directory', 'scheduled__2025-02-07T04:10:00+00:00', '--job-id', '998', '--raw', '--subdir', 'DAGS_FOLDER/my_directory_and_file_checker.py', '--cfg-path', '/tmp/tmp2sy33v6e']
[2025-02-07T22:34:00.346+0000] {standard_task_runner.py:105} INFO - Job 998: Subtask check_file_in_directory
[2025-02-07T22:34:00.796+0000] {task_command.py:467} INFO - Running <TaskInstance: directory_and_file_verification_dag.check_file_in_directory scheduled__2025-02-07T04:10:00+00:00 [running]> on host 003b7fbea265
[2025-02-07T22:34:01.276+0000] {taskinstance.py:3132} INFO - Exporting env vars: AIRFLOW_CTX_DAG_OWNER='***' AIRFLOW_CTX_DAG_ID='directory_and_file_verification_dag' AIRFLOW_CTX_TASK_ID='check_file_in_directory' AIRFLOW_CTX_EXECUTION_DATE='2025-02-07T04:10:00+00:00' AIRFLOW_CTX_TRY_NUMBER='1' AIRFLOW_CTX_DAG_RUN_ID='scheduled__2025-02-07T04:10:00+00:00'
[2025-02-07T22:34:01.282+0000] {logging_mixin.py:190} INFO - Task instance is in running state
[2025-02-07T22:34:01.287+0000] {logging_mixin.py:190} INFO -  Previous state of the Task instance: queued
[2025-02-07T22:34:01.309+0000] {logging_mixin.py:190} INFO - Current task name:check_file_in_directory state:running start_date:2025-02-07 22:33:59.882252+00:00
[2025-02-07T22:34:01.317+0000] {logging_mixin.py:190} INFO - Dag name:directory_and_file_verification_dag and current dag run status:running
[2025-02-07T22:34:01.326+0000] {taskinstance.py:731} INFO - ::endgroup::
[2025-02-07T22:34:01.328+0000] {baseoperator.py:421} WARNING - BranchPythonOperator.execute cannot be called outside TaskInstance!
[2025-02-07T22:34:01.350+0000] {python.py:240} INFO - Done. Returned value was: end
[2025-02-07T22:34:01.354+0000] {branch.py:38} INFO - Branch into end
[2025-02-07T22:34:01.358+0000] {skipmixin.py:230} INFO - Following branch ('end',)
[2025-02-07T22:34:01.428+0000] {skipmixin.py:278} INFO - Skipping tasks [('verify_file_reliability', -1)]
[2025-02-07T22:34:01.687+0000] {taskinstance.py:340} INFO - ::group::Post task execution logs
[2025-02-07T22:34:01.690+0000] {taskinstance.py:352} INFO - Marking task as SUCCESS. dag_id=directory_and_file_verification_dag, task_id=check_file_in_directory, run_id=scheduled__2025-02-07T04:10:00+00:00, execution_date=20250207T041000, start_date=20250207T223359, end_date=20250207T223401
[2025-02-07T22:34:01.745+0000] {logging_mixin.py:190} INFO - Task instance in success state
[2025-02-07T22:34:01.757+0000] {logging_mixin.py:190} INFO -  Previous state of the Task instance: running
[2025-02-07T22:34:01.759+0000] {logging_mixin.py:190} INFO - Dag name:directory_and_file_verification_dag queued_at:2025-02-07 22:33:01.398452+00:00
[2025-02-07T22:34:01.760+0000] {logging_mixin.py:190} INFO - Task hostname:003b7fbea265 operator:BranchPythonOperator
[2025-02-07T22:34:01.828+0000] {local_task_job_runner.py:266} INFO - Task exited with return code 0
[2025-02-07T22:34:02.019+0000] {taskinstance.py:3895} INFO - 0 downstream tasks scheduled from follow-on schedule check
[2025-02-07T22:34:02.069+0000] {local_task_job_runner.py:245} INFO - ::endgroup::
