[2025-02-10T23:19:07.041+0000] {local_task_job_runner.py:123} INFO - ::group::Pre task execution logs
[2025-02-10T23:19:07.211+0000] {taskinstance.py:2613} INFO - Dependencies all met for dep_context=non-requeueable deps ti=<TaskInstance: IMPORTATION_ECRITURE_COMPTABLES_ARTICLE_dag.verify_file_reliability scheduled__2025-02-10T23:18:00+00:00 [queued]>
[2025-02-10T23:19:07.221+0000] {taskinstance.py:2613} INFO - Dependencies all met for dep_context=requeueable deps ti=<TaskInstance: IMPORTATION_ECRITURE_COMPTABLES_ARTICLE_dag.verify_file_reliability scheduled__2025-02-10T23:18:00+00:00 [queued]>
[2025-02-10T23:19:07.222+0000] {taskinstance.py:2866} INFO - Starting attempt 1 of 2
[2025-02-10T23:19:07.237+0000] {taskinstance.py:2889} INFO - Executing <Task(BranchPythonOperator): verify_file_reliability> on 2025-02-10 23:18:00+00:00
[2025-02-10T23:19:07.244+0000] {warnings.py:112} WARNING - /home/***/.local/lib/python3.12/site-packages/***/task/task_runner/standard_task_runner.py:70: DeprecationWarning: This process (pid=1638) is multi-threaded, use of fork() may lead to deadlocks in the child.
  pid = os.fork()

[2025-02-10T23:19:07.246+0000] {standard_task_runner.py:72} INFO - Started process 1640 to run task
[2025-02-10T23:19:07.246+0000] {standard_task_runner.py:104} INFO - Running: ['***', 'tasks', 'run', 'IMPORTATION_ECRITURE_COMPTABLES_ARTICLE_dag', 'verify_file_reliability', 'scheduled__2025-02-10T23:18:00+00:00', '--job-id', '1436', '--raw', '--subdir', 'DAGS_FOLDER/my_directory_and_file_checker.py', '--cfg-path', '/tmp/tmpiy4p1b7q']
[2025-02-10T23:19:07.248+0000] {standard_task_runner.py:105} INFO - Job 1436: Subtask verify_file_reliability
[2025-02-10T23:19:07.294+0000] {task_command.py:467} INFO - Running <TaskInstance: IMPORTATION_ECRITURE_COMPTABLES_ARTICLE_dag.verify_file_reliability scheduled__2025-02-10T23:18:00+00:00 [running]> on host b6443be51f35
[2025-02-10T23:19:07.404+0000] {taskinstance.py:3132} INFO - Exporting env vars: AIRFLOW_CTX_DAG_OWNER='***' AIRFLOW_CTX_DAG_ID='IMPORTATION_ECRITURE_COMPTABLES_ARTICLE_dag' AIRFLOW_CTX_TASK_ID='verify_file_reliability' AIRFLOW_CTX_EXECUTION_DATE='2025-02-10T23:18:00+00:00' AIRFLOW_CTX_TRY_NUMBER='1' AIRFLOW_CTX_DAG_RUN_ID='scheduled__2025-02-10T23:18:00+00:00'
[2025-02-10T23:19:07.406+0000] {logging_mixin.py:190} INFO - Task instance is in running state
[2025-02-10T23:19:07.407+0000] {logging_mixin.py:190} INFO -  Previous state of the Task instance: queued
[2025-02-10T23:19:07.408+0000] {logging_mixin.py:190} INFO - Current task name:verify_file_reliability state:running start_date:2025-02-10 23:19:07.211838+00:00
[2025-02-10T23:19:07.408+0000] {logging_mixin.py:190} INFO - Dag name:IMPORTATION_ECRITURE_COMPTABLES_ARTICLE_dag and current dag run status:running
[2025-02-10T23:19:07.409+0000] {taskinstance.py:731} INFO - ::endgroup::
[2025-02-10T23:19:07.410+0000] {baseoperator.py:421} WARNING - BranchPythonOperator.execute cannot be called outside TaskInstance!
[2025-02-10T23:19:07.411+0000] {logging_mixin.py:190} INFO - camarche22 /opt/***/files/in ['.csv'] ['utf-8', 'ISO-8859-1', 'Windows-1252'] {'accounting_date': <class 'datetime.date'>, 'lot_number': <class 'str'>, 'type_ecriture': <class 'str'>, 'type_document': <class 'str'>, 'document_number': <class 'str'>, 'article_number': <class 'str'>, 'variant_code': <class 'str'>, 'description': <class 'str'>, 'package_number': <class 'str'>, 'store_code': <class 'str'>, 'unit_code': <class 'str'>, 'created_by': <class 'str'>, 'quantity': <class 'str'>, 'quantity_in_sac': <class 'float'>, 'quantity_invoiced': <class 'str'>, 'remaining_quantity': <class 'str'>, 'quantity_reserved': <class 'float'>, 'lettering_writing': <class 'float'>, 'sales_amount_actual': <class 'float'>, 'total_cost_actual': <class 'float'>, 'total_cost_not_included': <class 'float'>, 'is_open': <class 'str'>, 'order_type': <class 'str'>, 'created_at': <class 'datetime.datetime'>, 'sequence_number': <class 'int'>, 'kor_by_reception': <class 'float'>, 'kor_input': <class 'float'>} {'Date comptabilisation': 'accounting_date', 'N° lot': 'lot_number', 'Type écriture': 'type_ecriture', 'Type document': 'type_document', 'N° document': 'document_number', 'N° article': 'article_number', 'Code variante': 'variant_code', 'Description': 'description', 'N° Package': 'package_number', 'Code magasin': 'store_code', 'Code unité': 'unit_code', 'Créé par': 'created_by', 'Quantité': 'quantity', 'Quantite en sac': 'quantity_in_sac', 'Quantité facturée': 'quantity_invoiced', 'Quantité restante': 'remaining_quantity', 'Quantité réservée': 'quantity_reserved', 'Ecriture lettrage': 'lettering_writing', 'Montant vente (réel)': 'sales_amount_actual', 'Coût total (réel)': 'total_cost_actual', 'Coût total (non incorp.)': 'total_cost_not_included', 'Ouvert': 'is_open', 'Type de commande': 'order_type', 'Créé à': 'created_at', 'N° séquence': 'sequence_number', 'KOR par Réception': 'kor_by_reception', 'KOR INPUT': 'kor_input'}
[2025-02-10T23:19:07.465+0000] {logging_mixin.py:190} INFO - 
📂 Contenu du fichier (utf-8): Écritures comptables article (11).csv
[2025-02-10T23:19:07.509+0000] {logging_mixin.py:190} INFO -   Date comptabilisation      N° lot  ... KOR par Réception KOR INPUT
0            24/01/2025  26LABCDE24  ...                 0         0
1            24/01/2025  26LABCDE24  ...                 0         0
2            24/01/2025  26LABCDE24  ...                 0         0
3            24/01/2025  26LABCDE24  ...                 0         0
4            24/01/2025  26LABCDE24  ...                 0         0

[5 rows x 27 columns]
[2025-02-10T23:19:07.510+0000] {logging_mixin.py:190} INFO - expected_columns20202 : ['accounting_date', 'lot_number', 'type_ecriture', 'type_document', 'document_number', 'article_number', 'variant_code', 'description', 'package_number', 'store_code', 'unit_code', 'created_by', 'quantity', 'quantity_in_sac', 'quantity_invoiced', 'remaining_quantity', 'quantity_reserved', 'lettering_writing', 'sales_amount_actual', 'total_cost_actual', 'total_cost_not_included', 'is_open', 'order_type', 'created_at', 'sequence_number', 'kor_by_reception', 'kor_input']
[2025-02-10T23:19:07.510+0000] {logging_mixin.py:190} INFO - renamed_columns2022 : {'Date comptabilisation': 'accounting_date', 'N° lot': 'lot_number', 'Type écriture': 'type_ecriture', 'Type document': 'type_document', 'N° document': 'document_number', 'N° article': 'article_number', 'Code variante': 'variant_code', 'Description': 'description', 'N° Package': 'package_number', 'Code magasin': 'store_code', 'Code unité': 'unit_code', 'Créé par': 'created_by', 'Quantité': 'quantity', 'Quantite en sac': 'quantity_in_sac', 'Quantité facturée': 'quantity_invoiced', 'Quantité restante': 'remaining_quantity', 'Quantité réservée': 'quantity_reserved', 'Ecriture lettrage': 'lettering_writing', 'Montant vente (réel)': 'sales_amount_actual', 'Coût total (réel)': 'total_cost_actual', 'Coût total (non incorp.)': 'total_cost_not_included', 'Ouvert': 'is_open', 'Type de commande': 'order_type', 'Créé à': 'created_at', 'N° séquence': 'sequence_number', 'KOR par Réception': 'kor_by_reception', 'KOR INPUT': 'kor_input'}
[2025-02-10T23:19:08.628+0000] {logging_mixin.py:190} INFO - ✅Lignes  ('✅ Le fichier respecte les colonnes attendues et les types de données.', True) 4915
[2025-02-10T23:19:08.631+0000] {logging_mixin.py:190} INFO - merci
[2025-02-10T23:19:08.641+0000] {base.py:84} INFO - Retrieving connection 'mysql_conn'
[2025-02-10T23:19:08.662+0000] {logging_mixin.py:190} INFO - (('attendancedb',), ('caprostockdb',), ('information_schema',), ('mysql',), ('netvision_db',), ('performance_schema',), ('pointing_db',), ('posgpt_db',), ('pythondb',), ('sys',), ('testimportdb',))
[2025-02-10T23:19:08.664+0000] {logging_mixin.py:190} INFO - ererrerer 0       10/02/2025 15:34
1       10/02/2025 15:34
2       10/02/2025 15:34
3       10/02/2025 15:34
4       10/02/2025 15:34
              ...       
4910    29/08/2024 21:30
4911    29/08/2024 21:30
4912    29/08/2024 21:30
4913    29/08/2024 21:30
4914    29/08/2024 21:30
Name: created_at, Length: 4915, dtype: object
[2025-02-10T23:19:08.677+0000] {logging_mixin.py:190} INFO - ❌ Erreur de connexion : unconverted data remains when parsing with format "%d/%m/%Y": " 15:34", at position 0. You might want to try:
    - passing `format` if your strings have a consistent format;
    - passing `format='ISO8601'` if your strings are all ISO8601 but not necessarily in exactly the same format;
    - passing `format='mixed'`, and the format will be inferred for each element individually. You might want to use `dayfirst` alongside this.
[2025-02-10T23:19:08.681+0000] {logging_mixin.py:190} INFO - connexion sql echoue
[2025-02-10T23:19:08.733+0000] {logging_mixin.py:190} INFO - ❌ Erreur lors du déplacement du fichier : [Errno 13] Permission denied: '/opt/***/files/in/Écritures comptables article (11).csv'
[2025-02-10T23:19:08.739+0000] {python.py:240} INFO - Done. Returned value was: None
[2025-02-10T23:19:08.740+0000] {branch.py:38} INFO - Branch into None
[2025-02-10T23:19:08.742+0000] {skipmixin.py:230} INFO - Following branch ()
[2025-02-10T23:19:08.755+0000] {skipmixin.py:278} INFO - Skipping tasks [('end', -1), ('import_temp_ecc_to_ecc', -1)]
[2025-02-10T23:19:08.787+0000] {taskinstance.py:340} INFO - ::group::Post task execution logs
[2025-02-10T23:19:08.787+0000] {taskinstance.py:352} INFO - Marking task as SUCCESS. dag_id=IMPORTATION_ECRITURE_COMPTABLES_ARTICLE_dag, task_id=verify_file_reliability, run_id=scheduled__2025-02-10T23:18:00+00:00, execution_date=20250210T231800, start_date=20250210T231907, end_date=20250210T231908
[2025-02-10T23:19:08.803+0000] {logging_mixin.py:190} INFO - Task instance in success state
[2025-02-10T23:19:08.803+0000] {logging_mixin.py:190} INFO -  Previous state of the Task instance: running
[2025-02-10T23:19:08.804+0000] {logging_mixin.py:190} INFO - Dag name:IMPORTATION_ECRITURE_COMPTABLES_ARTICLE_dag queued_at:2025-02-10 23:19:00.667894+00:00
[2025-02-10T23:19:08.804+0000] {logging_mixin.py:190} INFO - Task hostname:b6443be51f35 operator:BranchPythonOperator
[2025-02-10T23:19:08.828+0000] {local_task_job_runner.py:266} INFO - Task exited with return code 0
[2025-02-10T23:19:08.847+0000] {taskinstance.py:3895} INFO - 0 downstream tasks scheduled from follow-on schedule check
[2025-02-10T23:19:08.849+0000] {local_task_job_runner.py:245} INFO - ::endgroup::
[2025-02-10T23:19:31.301+0000] {local_task_job_runner.py:123} INFO - ::group::Pre task execution logs
[2025-02-10T23:19:31.429+0000] {taskinstance.py:2613} INFO - Dependencies all met for dep_context=non-requeueable deps ti=<TaskInstance: IMPORTATION_ECRITURE_COMPTABLES_ARTICLE_dag.verify_file_reliability scheduled__2025-02-10T23:18:00+00:00 [queued]>
[2025-02-10T23:19:31.439+0000] {taskinstance.py:2613} INFO - Dependencies all met for dep_context=requeueable deps ti=<TaskInstance: IMPORTATION_ECRITURE_COMPTABLES_ARTICLE_dag.verify_file_reliability scheduled__2025-02-10T23:18:00+00:00 [queued]>
[2025-02-10T23:19:31.439+0000] {taskinstance.py:2866} INFO - Starting attempt 1 of 2
[2025-02-10T23:19:31.451+0000] {taskinstance.py:2889} INFO - Executing <Task(BranchPythonOperator): verify_file_reliability> on 2025-02-10 23:18:00+00:00
[2025-02-10T23:19:31.458+0000] {warnings.py:112} WARNING - /home/***/.local/lib/python3.12/site-packages/***/task/task_runner/standard_task_runner.py:70: DeprecationWarning: This process (pid=1669) is multi-threaded, use of fork() may lead to deadlocks in the child.
  pid = os.fork()

[2025-02-10T23:19:31.459+0000] {standard_task_runner.py:72} INFO - Started process 1671 to run task
[2025-02-10T23:19:31.460+0000] {standard_task_runner.py:104} INFO - Running: ['***', 'tasks', 'run', 'IMPORTATION_ECRITURE_COMPTABLES_ARTICLE_dag', 'verify_file_reliability', 'scheduled__2025-02-10T23:18:00+00:00', '--job-id', '1442', '--raw', '--subdir', 'DAGS_FOLDER/my_directory_and_file_checker.py', '--cfg-path', '/tmp/tmpxr4gga_y']
[2025-02-10T23:19:31.461+0000] {standard_task_runner.py:105} INFO - Job 1442: Subtask verify_file_reliability
[2025-02-10T23:19:31.507+0000] {task_command.py:467} INFO - Running <TaskInstance: IMPORTATION_ECRITURE_COMPTABLES_ARTICLE_dag.verify_file_reliability scheduled__2025-02-10T23:18:00+00:00 [running]> on host b6443be51f35
[2025-02-10T23:19:31.596+0000] {taskinstance.py:3132} INFO - Exporting env vars: AIRFLOW_CTX_DAG_OWNER='***' AIRFLOW_CTX_DAG_ID='IMPORTATION_ECRITURE_COMPTABLES_ARTICLE_dag' AIRFLOW_CTX_TASK_ID='verify_file_reliability' AIRFLOW_CTX_EXECUTION_DATE='2025-02-10T23:18:00+00:00' AIRFLOW_CTX_TRY_NUMBER='1' AIRFLOW_CTX_DAG_RUN_ID='scheduled__2025-02-10T23:18:00+00:00'
[2025-02-10T23:19:31.597+0000] {logging_mixin.py:190} INFO - Task instance is in running state
[2025-02-10T23:19:31.598+0000] {logging_mixin.py:190} INFO -  Previous state of the Task instance: queued
[2025-02-10T23:19:31.598+0000] {logging_mixin.py:190} INFO - Current task name:verify_file_reliability state:running start_date:2025-02-10 23:19:31.430611+00:00
[2025-02-10T23:19:31.599+0000] {logging_mixin.py:190} INFO - Dag name:IMPORTATION_ECRITURE_COMPTABLES_ARTICLE_dag and current dag run status:running
[2025-02-10T23:19:31.600+0000] {taskinstance.py:731} INFO - ::endgroup::
[2025-02-10T23:19:31.600+0000] {baseoperator.py:421} WARNING - BranchPythonOperator.execute cannot be called outside TaskInstance!
[2025-02-10T23:19:31.601+0000] {logging_mixin.py:190} INFO - camarche22 /opt/***/files/in ['.csv'] ['utf-8', 'ISO-8859-1', 'Windows-1252'] {'accounting_date': <class 'datetime.date'>, 'lot_number': <class 'str'>, 'type_ecriture': <class 'str'>, 'type_document': <class 'str'>, 'document_number': <class 'str'>, 'article_number': <class 'str'>, 'variant_code': <class 'str'>, 'description': <class 'str'>, 'package_number': <class 'str'>, 'store_code': <class 'str'>, 'unit_code': <class 'str'>, 'created_by': <class 'str'>, 'quantity': <class 'str'>, 'quantity_in_sac': <class 'float'>, 'quantity_invoiced': <class 'str'>, 'remaining_quantity': <class 'str'>, 'quantity_reserved': <class 'float'>, 'lettering_writing': <class 'float'>, 'sales_amount_actual': <class 'float'>, 'total_cost_actual': <class 'float'>, 'total_cost_not_included': <class 'float'>, 'is_open': <class 'str'>, 'order_type': <class 'str'>, 'created_at': <class 'datetime.datetime'>, 'sequence_number': <class 'int'>, 'kor_by_reception': <class 'float'>, 'kor_input': <class 'float'>} {'Date comptabilisation': 'accounting_date', 'N° lot': 'lot_number', 'Type écriture': 'type_ecriture', 'Type document': 'type_document', 'N° document': 'document_number', 'N° article': 'article_number', 'Code variante': 'variant_code', 'Description': 'description', 'N° Package': 'package_number', 'Code magasin': 'store_code', 'Code unité': 'unit_code', 'Créé par': 'created_by', 'Quantité': 'quantity', 'Quantite en sac': 'quantity_in_sac', 'Quantité facturée': 'quantity_invoiced', 'Quantité restante': 'remaining_quantity', 'Quantité réservée': 'quantity_reserved', 'Ecriture lettrage': 'lettering_writing', 'Montant vente (réel)': 'sales_amount_actual', 'Coût total (réel)': 'total_cost_actual', 'Coût total (non incorp.)': 'total_cost_not_included', 'Ouvert': 'is_open', 'Type de commande': 'order_type', 'Créé à': 'created_at', 'N° séquence': 'sequence_number', 'KOR par Réception': 'kor_by_reception', 'KOR INPUT': 'kor_input'}
[2025-02-10T23:19:31.646+0000] {logging_mixin.py:190} INFO - 
📂 Contenu du fichier (utf-8): Écritures comptables article (11).csv
[2025-02-10T23:19:31.680+0000] {logging_mixin.py:190} INFO -   Date comptabilisation      N° lot  ... KOR par Réception KOR INPUT
0            24/01/2025  26LABCDE24  ...                 0         0
1            24/01/2025  26LABCDE24  ...                 0         0
2            24/01/2025  26LABCDE24  ...                 0         0
3            24/01/2025  26LABCDE24  ...                 0         0
4            24/01/2025  26LABCDE24  ...                 0         0

[5 rows x 27 columns]
[2025-02-10T23:19:31.681+0000] {logging_mixin.py:190} INFO - expected_columns20202 : ['accounting_date', 'lot_number', 'type_ecriture', 'type_document', 'document_number', 'article_number', 'variant_code', 'description', 'package_number', 'store_code', 'unit_code', 'created_by', 'quantity', 'quantity_in_sac', 'quantity_invoiced', 'remaining_quantity', 'quantity_reserved', 'lettering_writing', 'sales_amount_actual', 'total_cost_actual', 'total_cost_not_included', 'is_open', 'order_type', 'created_at', 'sequence_number', 'kor_by_reception', 'kor_input']
[2025-02-10T23:19:31.682+0000] {logging_mixin.py:190} INFO - renamed_columns2022 : {'Date comptabilisation': 'accounting_date', 'N° lot': 'lot_number', 'Type écriture': 'type_ecriture', 'Type document': 'type_document', 'N° document': 'document_number', 'N° article': 'article_number', 'Code variante': 'variant_code', 'Description': 'description', 'N° Package': 'package_number', 'Code magasin': 'store_code', 'Code unité': 'unit_code', 'Créé par': 'created_by', 'Quantité': 'quantity', 'Quantite en sac': 'quantity_in_sac', 'Quantité facturée': 'quantity_invoiced', 'Quantité restante': 'remaining_quantity', 'Quantité réservée': 'quantity_reserved', 'Ecriture lettrage': 'lettering_writing', 'Montant vente (réel)': 'sales_amount_actual', 'Coût total (réel)': 'total_cost_actual', 'Coût total (non incorp.)': 'total_cost_not_included', 'Ouvert': 'is_open', 'Type de commande': 'order_type', 'Créé à': 'created_at', 'N° séquence': 'sequence_number', 'KOR par Réception': 'kor_by_reception', 'KOR INPUT': 'kor_input'}
[2025-02-10T23:19:32.767+0000] {logging_mixin.py:190} INFO - ✅Lignes  ('✅ Le fichier respecte les colonnes attendues et les types de données.', True) 4915
[2025-02-10T23:19:32.771+0000] {logging_mixin.py:190} INFO - merci
[2025-02-10T23:19:32.780+0000] {base.py:84} INFO - Retrieving connection 'mysql_conn'
[2025-02-10T23:19:32.795+0000] {logging_mixin.py:190} INFO - (('attendancedb',), ('caprostockdb',), ('information_schema',), ('mysql',), ('netvision_db',), ('performance_schema',), ('pointing_db',), ('posgpt_db',), ('pythondb',), ('sys',), ('testimportdb',))
[2025-02-10T23:19:32.797+0000] {logging_mixin.py:190} INFO - ererrerer 0       10/02/2025 15:34
1       10/02/2025 15:34
2       10/02/2025 15:34
3       10/02/2025 15:34
4       10/02/2025 15:34
              ...       
4910    29/08/2024 21:30
4911    29/08/2024 21:30
4912    29/08/2024 21:30
4913    29/08/2024 21:30
4914    29/08/2024 21:30
Name: created_at, Length: 4915, dtype: object
[2025-02-10T23:19:32.808+0000] {logging_mixin.py:190} INFO - ❌ Erreur de connexion : unconverted data remains when parsing with format "%d/%m/%Y": " 15:34", at position 0. You might want to try:
    - passing `format` if your strings have a consistent format;
    - passing `format='ISO8601'` if your strings are all ISO8601 but not necessarily in exactly the same format;
    - passing `format='mixed'`, and the format will be inferred for each element individually. You might want to use `dayfirst` alongside this.
[2025-02-10T23:19:32.813+0000] {logging_mixin.py:190} INFO - connexion sql echoue
[2025-02-10T23:19:32.853+0000] {logging_mixin.py:190} INFO - ❌ Erreur lors du déplacement du fichier : [Errno 13] Permission denied: '/opt/***/files/in/Écritures comptables article (11).csv'
[2025-02-10T23:19:32.856+0000] {python.py:240} INFO - Done. Returned value was: None
[2025-02-10T23:19:32.857+0000] {branch.py:38} INFO - Branch into None
[2025-02-10T23:19:32.857+0000] {skipmixin.py:230} INFO - Following branch ()
[2025-02-10T23:19:32.871+0000] {skipmixin.py:278} INFO - Skipping tasks [('end', -1), ('import_temp_ecc_to_ecc', -1)]
[2025-02-10T23:19:32.893+0000] {taskinstance.py:340} INFO - ::group::Post task execution logs
[2025-02-10T23:19:32.894+0000] {taskinstance.py:352} INFO - Marking task as SUCCESS. dag_id=IMPORTATION_ECRITURE_COMPTABLES_ARTICLE_dag, task_id=verify_file_reliability, run_id=scheduled__2025-02-10T23:18:00+00:00, execution_date=20250210T231800, start_date=20250210T231931, end_date=20250210T231932
[2025-02-10T23:19:32.904+0000] {logging_mixin.py:190} INFO - Task instance in success state
[2025-02-10T23:19:32.905+0000] {logging_mixin.py:190} INFO -  Previous state of the Task instance: running
[2025-02-10T23:19:32.905+0000] {logging_mixin.py:190} INFO - Dag name:IMPORTATION_ECRITURE_COMPTABLES_ARTICLE_dag queued_at:2025-02-10 23:19:23.861966+00:00
[2025-02-10T23:19:32.906+0000] {logging_mixin.py:190} INFO - Task hostname:b6443be51f35 operator:BranchPythonOperator
[2025-02-10T23:19:32.920+0000] {local_task_job_runner.py:266} INFO - Task exited with return code 0
[2025-02-10T23:19:32.935+0000] {taskinstance.py:3895} INFO - 0 downstream tasks scheduled from follow-on schedule check
[2025-02-10T23:19:32.938+0000] {local_task_job_runner.py:245} INFO - ::endgroup::
