[2025-02-07T22:23:32.594+0000] {local_task_job_runner.py:123} INFO - ::group::Pre task execution logs
[2025-02-07T22:23:32.828+0000] {taskinstance.py:2613} INFO - Dependencies all met for dep_context=non-requeueable deps ti=<TaskInstance: directory_and_file_verification_dag.verify_file_reliability scheduled__2025-02-07T00:12:00+00:00 [queued]>
[2025-02-07T22:23:33.864+0000] {taskinstance.py:2613} INFO - Dependencies all met for dep_context=requeueable deps ti=<TaskInstance: directory_and_file_verification_dag.verify_file_reliability scheduled__2025-02-07T00:12:00+00:00 [queued]>
[2025-02-07T22:23:33.872+0000] {taskinstance.py:2866} INFO - Starting attempt 1 of 1
[2025-02-07T22:23:33.972+0000] {taskinstance.py:2889} INFO - Executing <Task(BranchPythonOperator): verify_file_reliability> on 2025-02-07 00:12:00+00:00
[2025-02-07T22:23:34.031+0000] {warnings.py:112} WARNING - /home/***/.local/lib/python3.12/site-packages/***/task/task_runner/standard_task_runner.py:70: DeprecationWarning: This process (pid=19293) is multi-threaded, use of fork() may lead to deadlocks in the child.
  pid = os.fork()

[2025-02-07T22:23:34.054+0000] {standard_task_runner.py:72} INFO - Started process 19328 to run task
[2025-02-07T22:23:34.039+0000] {standard_task_runner.py:104} INFO - Running: ['***', 'tasks', 'run', 'directory_and_file_verification_dag', 'verify_file_reliability', 'scheduled__2025-02-07T00:12:00+00:00', '--job-id', '921', '--raw', '--subdir', 'DAGS_FOLDER/my_directory_and_file_checker.py', '--cfg-path', '/tmp/tmpvnsa0z7h']
[2025-02-07T22:23:34.064+0000] {standard_task_runner.py:105} INFO - Job 921: Subtask verify_file_reliability
[2025-02-07T22:23:34.400+0000] {task_command.py:467} INFO - Running <TaskInstance: directory_and_file_verification_dag.verify_file_reliability scheduled__2025-02-07T00:12:00+00:00 [running]> on host 003b7fbea265
[2025-02-07T22:23:34.812+0000] {taskinstance.py:3132} INFO - Exporting env vars: AIRFLOW_CTX_DAG_OWNER='***' AIRFLOW_CTX_DAG_ID='directory_and_file_verification_dag' AIRFLOW_CTX_TASK_ID='verify_file_reliability' AIRFLOW_CTX_EXECUTION_DATE='2025-02-07T00:12:00+00:00' AIRFLOW_CTX_TRY_NUMBER='1' AIRFLOW_CTX_DAG_RUN_ID='scheduled__2025-02-07T00:12:00+00:00'
[2025-02-07T22:23:34.820+0000] {logging_mixin.py:190} INFO - Task instance is in running state
[2025-02-07T22:23:34.835+0000] {logging_mixin.py:190} INFO -  Previous state of the Task instance: queued
[2025-02-07T22:23:34.840+0000] {logging_mixin.py:190} INFO - Current task name:verify_file_reliability state:running start_date:2025-02-07 22:23:32.830788+00:00
[2025-02-07T22:23:34.845+0000] {logging_mixin.py:190} INFO - Dag name:directory_and_file_verification_dag and current dag run status:running
[2025-02-07T22:23:34.851+0000] {taskinstance.py:731} INFO - ::endgroup::
[2025-02-07T22:23:34.879+0000] {baseoperator.py:421} WARNING - BranchPythonOperator.execute cannot be called outside TaskInstance!
[2025-02-07T22:23:34.976+0000] {my_directory_and_file_checker.py:103} ERROR - ❌ Erreur d'encodage (utf-8) pour Écritures.csv: 'utf-8' codec can't decode byte 0xb0 in position 1: invalid start byte
[2025-02-07T22:23:35.123+0000] {logging_mixin.py:190} INFO - 
📂 Contenu du fichier (ISO-8859-1): Écritures.csv
[2025-02-07T22:23:35.165+0000] {logging_mixin.py:190} INFO -   Date comptabilisation       N° lot Type écriture
0            31/12/2024  A-BNDK 2304    Production
1            31/12/2024  B-BNDK 2304    Production
2            31/12/2024  C-BNDK 2304    Production
3            31/12/2024  D-BNDK 2304    Production
4            31/12/2024  E-BNDK 2304    Production
[2025-02-07T22:23:35.202+0000] {logging_mixin.py:190} INFO - borisPanda3 <class 'pandas.core.frame.DataFrame'>   Accounting_Date   Lot_Number Type_ecriture
0      31/12/2024  A-BNDK 2304    Production
1      31/12/2024  B-BNDK 2304    Production
2      31/12/2024  C-BNDK 2304    Production
3      31/12/2024  D-BNDK 2304    Production
4      31/12/2024  E-BNDK 2304    Production
[2025-02-07T22:25:14.419+0000] {job.py:229} INFO - Heartbeat recovered after 14.04 seconds
[2025-02-07T22:27:35.871+0000] {job.py:229} INFO - Heartbeat recovered after 10.55 seconds
[2025-02-07T22:28:13.103+0000] {job.py:229} INFO - Heartbeat recovered after 11.78 seconds
[2025-02-07T22:28:18.213+0000] {job.py:229} INFO - Heartbeat recovered after 11.71 seconds
[2025-02-07T22:29:57.163+0000] {logging_mixin.py:190} INFO - ✅Lignes  ('✅ Le fichier respecte les colonnes attendues et les types de données.', True) 9854
[2025-02-07T22:29:57.176+0000] {logging_mixin.py:190} INFO - merci
[2025-02-07T22:29:57.252+0000] {base.py:84} INFO - Retrieving connection 'mysql_conn'
[2025-02-07T22:29:57.306+0000] {logging_mixin.py:190} INFO - (('attendancedb',), ('caprostockdb',), ('information_schema',), ('mysql',), ('netvision_db',), ('performance_schema',), ('pointing_db',), ('posgpt_db',), ('pythondb',), ('sys',), ('testimportdb',))
[2025-02-07T22:32:38.153+0000] {logging_mixin.py:190} INFO - ❌ Erreur de connexion : (1205, 'Lock wait timeout exceeded; try restarting transaction')
[2025-02-07T22:32:38.158+0000] {logging_mixin.py:190} INFO - connexion sql echoue
[2025-02-07T22:32:38.169+0000] {python.py:240} INFO - Done. Returned value was: None
[2025-02-07T22:32:38.181+0000] {branch.py:38} INFO - Branch into None
[2025-02-07T22:32:38.196+0000] {skipmixin.py:230} INFO - Following branch ()
[2025-02-07T22:32:38.312+0000] {skipmixin.py:278} INFO - Skipping tasks [('end', -1)]
[2025-02-07T22:32:38.614+0000] {taskinstance.py:340} INFO - ::group::Post task execution logs
[2025-02-07T22:32:38.616+0000] {taskinstance.py:352} INFO - Marking task as SUCCESS. dag_id=directory_and_file_verification_dag, task_id=verify_file_reliability, run_id=scheduled__2025-02-07T00:12:00+00:00, execution_date=20250207T001200, start_date=20250207T222332, end_date=20250207T223238
[2025-02-07T22:32:39.166+0000] {logging_mixin.py:190} INFO - Task instance in success state
[2025-02-07T22:32:39.168+0000] {logging_mixin.py:190} INFO -  Previous state of the Task instance: running
[2025-02-07T22:32:39.169+0000] {logging_mixin.py:190} INFO - Dag name:directory_and_file_verification_dag queued_at:2025-02-07 22:21:18.305672+00:00
[2025-02-07T22:32:39.171+0000] {logging_mixin.py:190} INFO - Task hostname:003b7fbea265 operator:BranchPythonOperator
[2025-02-07T22:32:39.300+0000] {local_task_job_runner.py:266} INFO - Task exited with return code 0
[2025-02-07T22:32:39.415+0000] {taskinstance.py:3895} INFO - 0 downstream tasks scheduled from follow-on schedule check
[2025-02-07T22:32:39.433+0000] {local_task_job_runner.py:245} INFO - ::endgroup::
