[2025-02-11T09:57:04.805+0000] {local_task_job_runner.py:123} INFO - ::group::Pre task execution logs
[2025-02-11T09:57:05.036+0000] {taskinstance.py:2613} INFO - Dependencies all met for dep_context=non-requeueable deps ti=<TaskInstance: IMPORTATION_ECRITURE_COMPTABLES_ARTICLE_dag.check_file_in_directory scheduled__2025-02-11T09:56:00+00:00 [queued]>
[2025-02-11T09:57:05.056+0000] {taskinstance.py:2613} INFO - Dependencies all met for dep_context=requeueable deps ti=<TaskInstance: IMPORTATION_ECRITURE_COMPTABLES_ARTICLE_dag.check_file_in_directory scheduled__2025-02-11T09:56:00+00:00 [queued]>
[2025-02-11T09:57:05.057+0000] {taskinstance.py:2866} INFO - Starting attempt 1 of 2
[2025-02-11T09:57:05.080+0000] {taskinstance.py:2889} INFO - Executing <Task(BranchPythonOperator): check_file_in_directory> on 2025-02-11 09:56:00+00:00
[2025-02-11T09:57:05.092+0000] {warnings.py:112} WARNING - /home/***/.local/lib/python3.12/site-packages/***/task/task_runner/standard_task_runner.py:70: DeprecationWarning: This process (pid=6536) is multi-threaded, use of fork() may lead to deadlocks in the child.
  pid = os.fork()

[2025-02-11T09:57:05.094+0000] {standard_task_runner.py:72} INFO - Started process 6538 to run task
[2025-02-11T09:57:05.095+0000] {standard_task_runner.py:104} INFO - Running: ['***', 'tasks', 'run', 'IMPORTATION_ECRITURE_COMPTABLES_ARTICLE_dag', 'check_file_in_directory', 'scheduled__2025-02-11T09:56:00+00:00', '--job-id', '2117', '--raw', '--subdir', 'DAGS_FOLDER/my_directory_and_file_checker.py', '--cfg-path', '/tmp/tmp0d9l7_m7']
[2025-02-11T09:57:05.096+0000] {standard_task_runner.py:105} INFO - Job 2117: Subtask check_file_in_directory
[2025-02-11T09:57:05.148+0000] {task_command.py:467} INFO - Running <TaskInstance: IMPORTATION_ECRITURE_COMPTABLES_ARTICLE_dag.check_file_in_directory scheduled__2025-02-11T09:56:00+00:00 [running]> on host b6443be51f35
[2025-02-11T09:57:05.239+0000] {taskinstance.py:3132} INFO - Exporting env vars: AIRFLOW_CTX_DAG_OWNER='***' AIRFLOW_CTX_DAG_ID='IMPORTATION_ECRITURE_COMPTABLES_ARTICLE_dag' AIRFLOW_CTX_TASK_ID='check_file_in_directory' AIRFLOW_CTX_EXECUTION_DATE='2025-02-11T09:56:00+00:00' AIRFLOW_CTX_TRY_NUMBER='1' AIRFLOW_CTX_DAG_RUN_ID='scheduled__2025-02-11T09:56:00+00:00'
[2025-02-11T09:57:05.241+0000] {logging_mixin.py:190} INFO - Task instance is in running state
[2025-02-11T09:57:05.241+0000] {logging_mixin.py:190} INFO -  Previous state of the Task instance: queued
[2025-02-11T09:57:05.242+0000] {logging_mixin.py:190} INFO - Current task name:check_file_in_directory state:running start_date:2025-02-11 09:57:05.037050+00:00
[2025-02-11T09:57:05.242+0000] {logging_mixin.py:190} INFO - Dag name:IMPORTATION_ECRITURE_COMPTABLES_ARTICLE_dag and current dag run status:running
[2025-02-11T09:57:05.243+0000] {taskinstance.py:731} INFO - ::endgroup::
[2025-02-11T09:57:05.243+0000] {baseoperator.py:421} WARNING - BranchPythonOperator.execute cannot be called outside TaskInstance!
[2025-02-11T09:57:05.244+0000] {logging_mixin.py:190} INFO - ca marche /opt/***/files/in ['.csv']
[2025-02-11T09:57:05.246+0000] {python.py:240} INFO - Done. Returned value was: verify_file_reliability
[2025-02-11T09:57:05.247+0000] {branch.py:38} INFO - Branch into verify_file_reliability
[2025-02-11T09:57:05.247+0000] {skipmixin.py:230} INFO - Following branch ('verify_file_reliability',)
[2025-02-11T09:57:05.258+0000] {skipmixin.py:278} INFO - Skipping tasks []
[2025-02-11T09:57:05.289+0000] {taskinstance.py:340} INFO - ::group::Post task execution logs
[2025-02-11T09:57:05.289+0000] {taskinstance.py:352} INFO - Marking task as SUCCESS. dag_id=IMPORTATION_ECRITURE_COMPTABLES_ARTICLE_dag, task_id=check_file_in_directory, run_id=scheduled__2025-02-11T09:56:00+00:00, execution_date=20250211T095600, start_date=20250211T095705, end_date=20250211T095705
[2025-02-11T09:57:05.299+0000] {logging_mixin.py:190} INFO - Task instance in success state
[2025-02-11T09:57:05.300+0000] {logging_mixin.py:190} INFO -  Previous state of the Task instance: running
[2025-02-11T09:57:05.300+0000] {logging_mixin.py:190} INFO - Dag name:IMPORTATION_ECRITURE_COMPTABLES_ARTICLE_dag queued_at:2025-02-11 09:57:00.512810+00:00
[2025-02-11T09:57:05.301+0000] {logging_mixin.py:190} INFO - Task hostname:b6443be51f35 operator:BranchPythonOperator
[2025-02-11T09:57:05.351+0000] {local_task_job_runner.py:266} INFO - Task exited with return code 0
[2025-02-11T09:57:05.385+0000] {taskinstance.py:3895} INFO - 1 downstream tasks scheduled from follow-on schedule check
[2025-02-11T09:57:05.388+0000] {local_task_job_runner.py:245} INFO - ::endgroup::
[2025-02-11T09:58:02.106+0000] {local_task_job_runner.py:123} INFO - ::group::Pre task execution logs
[2025-02-11T09:58:02.413+0000] {taskinstance.py:2613} INFO - Dependencies all met for dep_context=non-requeueable deps ti=<TaskInstance: IMPORTATION_ECRITURE_COMPTABLES_ARTICLE_dag.check_file_in_directory scheduled__2025-02-11T09:56:00+00:00 [queued]>
[2025-02-11T09:58:02.439+0000] {taskinstance.py:2613} INFO - Dependencies all met for dep_context=requeueable deps ti=<TaskInstance: IMPORTATION_ECRITURE_COMPTABLES_ARTICLE_dag.check_file_in_directory scheduled__2025-02-11T09:56:00+00:00 [queued]>
[2025-02-11T09:58:02.440+0000] {taskinstance.py:2866} INFO - Starting attempt 1 of 2
[2025-02-11T09:58:02.474+0000] {taskinstance.py:2889} INFO - Executing <Task(BranchPythonOperator): check_file_in_directory> on 2025-02-11 09:56:00+00:00
[2025-02-11T09:58:02.491+0000] {warnings.py:112} WARNING - /home/***/.local/lib/python3.12/site-packages/***/task/task_runner/standard_task_runner.py:70: DeprecationWarning: This process (pid=6583) is multi-threaded, use of fork() may lead to deadlocks in the child.
  pid = os.fork()

[2025-02-11T09:58:02.494+0000] {standard_task_runner.py:72} INFO - Started process 6588 to run task
[2025-02-11T09:58:02.496+0000] {standard_task_runner.py:104} INFO - Running: ['***', 'tasks', 'run', 'IMPORTATION_ECRITURE_COMPTABLES_ARTICLE_dag', 'check_file_in_directory', 'scheduled__2025-02-11T09:56:00+00:00', '--job-id', '2126', '--raw', '--subdir', 'DAGS_FOLDER/my_directory_and_file_checker.py', '--cfg-path', '/tmp/tmpc438jczc']
[2025-02-11T09:58:02.498+0000] {standard_task_runner.py:105} INFO - Job 2126: Subtask check_file_in_directory
[2025-02-11T09:58:02.599+0000] {task_command.py:467} INFO - Running <TaskInstance: IMPORTATION_ECRITURE_COMPTABLES_ARTICLE_dag.check_file_in_directory scheduled__2025-02-11T09:56:00+00:00 [running]> on host b6443be51f35
[2025-02-11T09:58:02.799+0000] {taskinstance.py:3132} INFO - Exporting env vars: AIRFLOW_CTX_DAG_OWNER='***' AIRFLOW_CTX_DAG_ID='IMPORTATION_ECRITURE_COMPTABLES_ARTICLE_dag' AIRFLOW_CTX_TASK_ID='check_file_in_directory' AIRFLOW_CTX_EXECUTION_DATE='2025-02-11T09:56:00+00:00' AIRFLOW_CTX_TRY_NUMBER='1' AIRFLOW_CTX_DAG_RUN_ID='scheduled__2025-02-11T09:56:00+00:00'
[2025-02-11T09:58:02.801+0000] {logging_mixin.py:190} INFO - Task instance is in running state
[2025-02-11T09:58:02.804+0000] {logging_mixin.py:190} INFO -  Previous state of the Task instance: queued
[2025-02-11T09:58:02.807+0000] {logging_mixin.py:190} INFO - Current task name:check_file_in_directory state:running start_date:2025-02-11 09:58:02.414838+00:00
[2025-02-11T09:58:02.811+0000] {logging_mixin.py:190} INFO - Dag name:IMPORTATION_ECRITURE_COMPTABLES_ARTICLE_dag and current dag run status:running
[2025-02-11T09:58:02.812+0000] {taskinstance.py:731} INFO - ::endgroup::
[2025-02-11T09:58:02.815+0000] {baseoperator.py:421} WARNING - BranchPythonOperator.execute cannot be called outside TaskInstance!
[2025-02-11T09:58:02.816+0000] {logging_mixin.py:190} INFO - ca marche /opt/***/files/in ['.csv']
[2025-02-11T09:58:02.818+0000] {python.py:240} INFO - Done. Returned value was: verify_file_reliability
[2025-02-11T09:58:02.819+0000] {branch.py:38} INFO - Branch into verify_file_reliability
[2025-02-11T09:58:02.821+0000] {skipmixin.py:230} INFO - Following branch ('verify_file_reliability',)
[2025-02-11T09:58:02.845+0000] {skipmixin.py:278} INFO - Skipping tasks []
[2025-02-11T09:58:02.918+0000] {taskinstance.py:340} INFO - ::group::Post task execution logs
[2025-02-11T09:58:02.929+0000] {taskinstance.py:352} INFO - Marking task as SUCCESS. dag_id=IMPORTATION_ECRITURE_COMPTABLES_ARTICLE_dag, task_id=check_file_in_directory, run_id=scheduled__2025-02-11T09:56:00+00:00, execution_date=20250211T095600, start_date=20250211T095802, end_date=20250211T095802
[2025-02-11T09:58:02.949+0000] {logging_mixin.py:190} INFO - Task instance in success state
[2025-02-11T09:58:02.950+0000] {logging_mixin.py:190} INFO -  Previous state of the Task instance: running
[2025-02-11T09:58:02.951+0000] {logging_mixin.py:190} INFO - Dag name:IMPORTATION_ECRITURE_COMPTABLES_ARTICLE_dag queued_at:2025-02-11 09:57:58.252852+00:00
[2025-02-11T09:58:02.952+0000] {logging_mixin.py:190} INFO - Task hostname:b6443be51f35 operator:BranchPythonOperator
[2025-02-11T09:58:02.997+0000] {local_task_job_runner.py:266} INFO - Task exited with return code 0
[2025-02-11T09:58:03.061+0000] {taskinstance.py:3895} INFO - 1 downstream tasks scheduled from follow-on schedule check
[2025-02-11T09:58:03.064+0000] {local_task_job_runner.py:245} INFO - ::endgroup::
