[2025-02-14T12:34:05.399+0000] {local_task_job_runner.py:123} INFO - ::group::Pre task execution logs
[2025-02-14T12:34:05.596+0000] {taskinstance.py:2613} INFO - Dependencies all met for dep_context=non-requeueable deps ti=<TaskInstance: IMPORTATION_ECRITURE_COMPTABLES_ARTICLE_dag.check_file_in_directory scheduled__2025-02-14T12:33:00+00:00 [queued]>
[2025-02-14T12:34:05.608+0000] {taskinstance.py:2613} INFO - Dependencies all met for dep_context=requeueable deps ti=<TaskInstance: IMPORTATION_ECRITURE_COMPTABLES_ARTICLE_dag.check_file_in_directory scheduled__2025-02-14T12:33:00+00:00 [queued]>
[2025-02-14T12:34:05.609+0000] {taskinstance.py:2866} INFO - Starting attempt 1 of 2
[2025-02-14T12:34:05.626+0000] {taskinstance.py:2889} INFO - Executing <Task(BranchPythonOperator): check_file_in_directory> on 2025-02-14 12:33:00+00:00
[2025-02-14T12:34:05.635+0000] {warnings.py:112} WARNING - /home/***/.local/lib/python3.12/site-packages/***/task/task_runner/standard_task_runner.py:70: DeprecationWarning: This process (pid=1260) is multi-threaded, use of fork() may lead to deadlocks in the child.
  pid = os.fork()

[2025-02-14T12:34:05.637+0000] {standard_task_runner.py:72} INFO - Started process 1262 to run task
[2025-02-14T12:34:05.637+0000] {standard_task_runner.py:104} INFO - Running: ['***', 'tasks', 'run', 'IMPORTATION_ECRITURE_COMPTABLES_ARTICLE_dag', 'check_file_in_directory', 'scheduled__2025-02-14T12:33:00+00:00', '--job-id', '9790', '--raw', '--subdir', 'DAGS_FOLDER/my_directory_and_file_checker.py', '--cfg-path', '/tmp/tmp1gcc7xwx']
[2025-02-14T12:34:05.639+0000] {standard_task_runner.py:105} INFO - Job 9790: Subtask check_file_in_directory
[2025-02-14T12:34:05.692+0000] {task_command.py:467} INFO - Running <TaskInstance: IMPORTATION_ECRITURE_COMPTABLES_ARTICLE_dag.check_file_in_directory scheduled__2025-02-14T12:33:00+00:00 [running]> on host b6443be51f35
[2025-02-14T12:34:05.789+0000] {taskinstance.py:3132} INFO - Exporting env vars: AIRFLOW_CTX_DAG_OWNER='***' AIRFLOW_CTX_DAG_ID='IMPORTATION_ECRITURE_COMPTABLES_ARTICLE_dag' AIRFLOW_CTX_TASK_ID='check_file_in_directory' AIRFLOW_CTX_EXECUTION_DATE='2025-02-14T12:33:00+00:00' AIRFLOW_CTX_TRY_NUMBER='1' AIRFLOW_CTX_DAG_RUN_ID='scheduled__2025-02-14T12:33:00+00:00'
[2025-02-14T12:34:05.791+0000] {logging_mixin.py:190} INFO - Task instance is in running state
[2025-02-14T12:34:05.792+0000] {logging_mixin.py:190} INFO -  Previous state of the Task instance: queued
[2025-02-14T12:34:05.793+0000] {logging_mixin.py:190} INFO - Current task name:check_file_in_directory state:running start_date:2025-02-14 12:34:05.597107+00:00
[2025-02-14T12:34:05.794+0000] {logging_mixin.py:190} INFO - Dag name:IMPORTATION_ECRITURE_COMPTABLES_ARTICLE_dag and current dag run status:running
[2025-02-14T12:34:05.795+0000] {taskinstance.py:731} INFO - ::endgroup::
[2025-02-14T12:34:05.796+0000] {baseoperator.py:421} WARNING - BranchPythonOperator.execute cannot be called outside TaskInstance!
[2025-02-14T12:34:05.799+0000] {logging_mixin.py:190} INFO - 🔍 Vérification du répertoire: /opt/***/files/in
[2025-02-14T12:34:05.802+0000] {logging_mixin.py:190} INFO - 📂 Fichiers trouvés: ['Écritures comptables article (14).csv']
[2025-02-14T12:34:05.803+0000] {python.py:240} INFO - Done. Returned value was: verify_file_reliability
[2025-02-14T12:34:05.803+0000] {branch.py:38} INFO - Branch into verify_file_reliability
[2025-02-14T12:34:05.804+0000] {skipmixin.py:230} INFO - Following branch ('verify_file_reliability',)
[2025-02-14T12:34:05.817+0000] {skipmixin.py:278} INFO - Skipping tasks []
[2025-02-14T12:34:05.849+0000] {taskinstance.py:340} INFO - ::group::Post task execution logs
[2025-02-14T12:34:05.851+0000] {taskinstance.py:352} INFO - Marking task as SUCCESS. dag_id=IMPORTATION_ECRITURE_COMPTABLES_ARTICLE_dag, task_id=check_file_in_directory, run_id=scheduled__2025-02-14T12:33:00+00:00, execution_date=20250214T123300, start_date=20250214T123405, end_date=20250214T123405
[2025-02-14T12:34:05.861+0000] {logging_mixin.py:190} INFO - Task instance in success state
[2025-02-14T12:34:05.862+0000] {logging_mixin.py:190} INFO -  Previous state of the Task instance: running
[2025-02-14T12:34:05.863+0000] {logging_mixin.py:190} INFO - Dag name:IMPORTATION_ECRITURE_COMPTABLES_ARTICLE_dag queued_at:2025-02-14 12:34:00.819454+00:00
[2025-02-14T12:34:05.864+0000] {logging_mixin.py:190} INFO - Task hostname:b6443be51f35 operator:BranchPythonOperator
[2025-02-14T12:34:05.895+0000] {local_task_job_runner.py:266} INFO - Task exited with return code 0
[2025-02-14T12:34:05.908+0000] {local_task_job_runner.py:245} INFO - ::endgroup::
[2025-02-14T12:34:40.845+0000] {local_task_job_runner.py:123} INFO - ::group::Pre task execution logs
[2025-02-14T12:34:41.016+0000] {taskinstance.py:2613} INFO - Dependencies all met for dep_context=non-requeueable deps ti=<TaskInstance: IMPORTATION_ECRITURE_COMPTABLES_ARTICLE_dag.check_file_in_directory scheduled__2025-02-14T12:33:00+00:00 [queued]>
[2025-02-14T12:34:41.026+0000] {taskinstance.py:2613} INFO - Dependencies all met for dep_context=requeueable deps ti=<TaskInstance: IMPORTATION_ECRITURE_COMPTABLES_ARTICLE_dag.check_file_in_directory scheduled__2025-02-14T12:33:00+00:00 [queued]>
[2025-02-14T12:34:41.027+0000] {taskinstance.py:2866} INFO - Starting attempt 1 of 2
[2025-02-14T12:34:41.041+0000] {taskinstance.py:2889} INFO - Executing <Task(BranchPythonOperator): check_file_in_directory> on 2025-02-14 12:33:00+00:00
[2025-02-14T12:34:41.049+0000] {warnings.py:112} WARNING - /home/***/.local/lib/python3.12/site-packages/***/task/task_runner/standard_task_runner.py:70: DeprecationWarning: This process (pid=1279) is multi-threaded, use of fork() may lead to deadlocks in the child.
  pid = os.fork()

[2025-02-14T12:34:41.051+0000] {standard_task_runner.py:72} INFO - Started process 1281 to run task
[2025-02-14T12:34:41.051+0000] {standard_task_runner.py:104} INFO - Running: ['***', 'tasks', 'run', 'IMPORTATION_ECRITURE_COMPTABLES_ARTICLE_dag', 'check_file_in_directory', 'scheduled__2025-02-14T12:33:00+00:00', '--job-id', '9793', '--raw', '--subdir', 'DAGS_FOLDER/my_directory_and_file_checker.py', '--cfg-path', '/tmp/tmpiyp3kuoi']
[2025-02-14T12:34:41.053+0000] {standard_task_runner.py:105} INFO - Job 9793: Subtask check_file_in_directory
[2025-02-14T12:34:41.119+0000] {task_command.py:467} INFO - Running <TaskInstance: IMPORTATION_ECRITURE_COMPTABLES_ARTICLE_dag.check_file_in_directory scheduled__2025-02-14T12:33:00+00:00 [running]> on host b6443be51f35
[2025-02-14T12:34:41.225+0000] {taskinstance.py:3132} INFO - Exporting env vars: AIRFLOW_CTX_DAG_OWNER='***' AIRFLOW_CTX_DAG_ID='IMPORTATION_ECRITURE_COMPTABLES_ARTICLE_dag' AIRFLOW_CTX_TASK_ID='check_file_in_directory' AIRFLOW_CTX_EXECUTION_DATE='2025-02-14T12:33:00+00:00' AIRFLOW_CTX_TRY_NUMBER='1' AIRFLOW_CTX_DAG_RUN_ID='scheduled__2025-02-14T12:33:00+00:00'
[2025-02-14T12:34:41.227+0000] {logging_mixin.py:190} INFO - Task instance is in running state
[2025-02-14T12:34:41.228+0000] {logging_mixin.py:190} INFO -  Previous state of the Task instance: queued
[2025-02-14T12:34:41.229+0000] {logging_mixin.py:190} INFO - Current task name:check_file_in_directory state:running start_date:2025-02-14 12:34:41.016950+00:00
[2025-02-14T12:34:41.229+0000] {logging_mixin.py:190} INFO - Dag name:IMPORTATION_ECRITURE_COMPTABLES_ARTICLE_dag and current dag run status:running
[2025-02-14T12:34:41.229+0000] {taskinstance.py:731} INFO - ::endgroup::
[2025-02-14T12:34:41.230+0000] {baseoperator.py:421} WARNING - BranchPythonOperator.execute cannot be called outside TaskInstance!
[2025-02-14T12:34:41.232+0000] {logging_mixin.py:190} INFO - 🔍 Vérification du répertoire: /opt/***/files/in
[2025-02-14T12:34:41.234+0000] {logging_mixin.py:190} INFO - 📂 Fichiers trouvés: ['Écritures comptables article (14).csv']
[2025-02-14T12:34:41.235+0000] {python.py:240} INFO - Done. Returned value was: verify_file_reliability
[2025-02-14T12:34:41.235+0000] {branch.py:38} INFO - Branch into verify_file_reliability
[2025-02-14T12:34:41.236+0000] {skipmixin.py:230} INFO - Following branch ('verify_file_reliability',)
[2025-02-14T12:34:41.250+0000] {skipmixin.py:278} INFO - Skipping tasks []
[2025-02-14T12:34:41.277+0000] {taskinstance.py:340} INFO - ::group::Post task execution logs
[2025-02-14T12:34:41.278+0000] {taskinstance.py:352} INFO - Marking task as SUCCESS. dag_id=IMPORTATION_ECRITURE_COMPTABLES_ARTICLE_dag, task_id=check_file_in_directory, run_id=scheduled__2025-02-14T12:33:00+00:00, execution_date=20250214T123300, start_date=20250214T123441, end_date=20250214T123441
[2025-02-14T12:34:41.289+0000] {logging_mixin.py:190} INFO - Task instance in success state
[2025-02-14T12:34:41.290+0000] {logging_mixin.py:190} INFO -  Previous state of the Task instance: running
[2025-02-14T12:34:41.291+0000] {logging_mixin.py:190} INFO - Dag name:IMPORTATION_ECRITURE_COMPTABLES_ARTICLE_dag queued_at:2025-02-14 12:34:36.186716+00:00
[2025-02-14T12:34:41.291+0000] {logging_mixin.py:190} INFO - Task hostname:b6443be51f35 operator:BranchPythonOperator
[2025-02-14T12:34:41.308+0000] {local_task_job_runner.py:266} INFO - Task exited with return code 0
[2025-02-14T12:34:41.341+0000] {taskinstance.py:3895} INFO - 1 downstream tasks scheduled from follow-on schedule check
[2025-02-14T12:34:41.344+0000] {local_task_job_runner.py:245} INFO - ::endgroup::
