[2025-02-09T23:43:33.248+0000] {local_task_job_runner.py:123} INFO - ::group::Pre task execution logs
[2025-02-09T23:43:33.278+0000] {taskinstance.py:2613} INFO - Dependencies all met for dep_context=non-requeueable deps ti=<TaskInstance: directory_and_file_verification_dag.verify_file_reliability manual__2025-02-09T23:43:24.325226+00:00 [queued]>
[2025-02-09T23:43:33.452+0000] {taskinstance.py:2613} INFO - Dependencies all met for dep_context=requeueable deps ti=<TaskInstance: directory_and_file_verification_dag.verify_file_reliability manual__2025-02-09T23:43:24.325226+00:00 [queued]>
[2025-02-09T23:43:33.453+0000] {taskinstance.py:2866} INFO - Starting attempt 1 of 1
[2025-02-09T23:43:33.468+0000] {taskinstance.py:2889} INFO - Executing <Task(BranchPythonOperator): verify_file_reliability> on 2025-02-09 23:43:24.325226+00:00
[2025-02-09T23:43:33.480+0000] {warnings.py:112} WARNING - /home/***/.local/lib/python3.12/site-packages/***/task/task_runner/standard_task_runner.py:70: DeprecationWarning: This process (pid=5074) is multi-threaded, use of fork() may lead to deadlocks in the child.
  pid = os.fork()

[2025-02-09T23:43:33.482+0000] {standard_task_runner.py:72} INFO - Started process 5083 to run task
[2025-02-09T23:43:33.485+0000] {standard_task_runner.py:104} INFO - Running: ['***', 'tasks', 'run', 'directory_and_file_verification_dag', 'verify_file_reliability', 'manual__2025-02-09T23:43:24.325226+00:00', '--job-id', '117', '--raw', '--subdir', 'DAGS_FOLDER/my_directory_and_file_checker.py', '--cfg-path', '/tmp/tmp9rhi1usp']
[2025-02-09T23:43:33.486+0000] {standard_task_runner.py:105} INFO - Job 117: Subtask verify_file_reliability
[2025-02-09T23:43:33.569+0000] {task_command.py:467} INFO - Running <TaskInstance: directory_and_file_verification_dag.verify_file_reliability manual__2025-02-09T23:43:24.325226+00:00 [running]> on host b6443be51f35
[2025-02-09T23:43:33.703+0000] {taskinstance.py:3132} INFO - Exporting env vars: AIRFLOW_CTX_DAG_OWNER='***' AIRFLOW_CTX_DAG_ID='directory_and_file_verification_dag' AIRFLOW_CTX_TASK_ID='verify_file_reliability' AIRFLOW_CTX_EXECUTION_DATE='2025-02-09T23:43:24.325226+00:00' AIRFLOW_CTX_TRY_NUMBER='1' AIRFLOW_CTX_DAG_RUN_ID='manual__2025-02-09T23:43:24.325226+00:00'
[2025-02-09T23:43:33.705+0000] {logging_mixin.py:190} INFO - Task instance is in running state
[2025-02-09T23:43:33.705+0000] {logging_mixin.py:190} INFO -  Previous state of the Task instance: queued
[2025-02-09T23:43:33.706+0000] {logging_mixin.py:190} INFO - Current task name:verify_file_reliability state:running start_date:2025-02-09 23:43:33.279310+00:00
[2025-02-09T23:43:33.706+0000] {logging_mixin.py:190} INFO - Dag name:directory_and_file_verification_dag and current dag run status:running
[2025-02-09T23:43:33.706+0000] {taskinstance.py:731} INFO - ::endgroup::
[2025-02-09T23:43:33.707+0000] {baseoperator.py:421} WARNING - BranchPythonOperator.execute cannot be called outside TaskInstance!
[2025-02-09T23:43:33.708+0000] {logging_mixin.py:190} INFO - camarche22 /opt/***/files/in ['.csv'] ['utf-8', 'ISO-8859-1', 'Windows-1252']
[2025-02-09T23:43:33.749+0000] {logging_mixin.py:190} INFO - 
📂 Contenu du fichier (utf-8): Écritures comptables article.csv
[2025-02-09T23:43:33.764+0000] {logging_mixin.py:190} INFO -   Date comptabilisation      N° lot Type écriture N° document  N° séquence
0            16/12/2024         NaN         Vente   BL1900145        15735
1            16/12/2024         NaN         Vente      107012        15734
2            11/01/2025  16LABCDE24    Production   RPO000460        15733
3            11/01/2025  16LABCDE24    Production   RPO000460        15732
4            11/01/2025  16LABCDE24    Production   RPO000460        15731
[2025-02-09T23:43:35.673+0000] {logging_mixin.py:190} INFO - ✅Lignes  ('✅ Le fichier respecte les colonnes attendues et les types de données.', True) 10923
[2025-02-09T23:43:35.677+0000] {logging_mixin.py:190} INFO - merci
[2025-02-09T23:43:35.696+0000] {base.py:84} INFO - Retrieving connection 'mysql_conn'
[2025-02-09T23:43:35.715+0000] {logging_mixin.py:190} INFO - (('attendancedb',), ('caprostockdb',), ('information_schema',), ('mysql',), ('netvision_db',), ('performance_schema',), ('pointing_db',), ('posgpt_db',), ('pythondb',), ('sys',), ('testimportdb',))
[2025-02-09T23:43:35.798+0000] {logging_mixin.py:190} INFO - ⚠️ Données supprimées avant insertion.
[2025-02-09T23:43:36.544+0000] {sql.py:691} INFO - Loaded 1000 rows into temp_ecc so far
[2025-02-09T23:43:37.562+0000] {sql.py:691} INFO - Loaded 2000 rows into temp_ecc so far
[2025-02-09T23:43:38.357+0000] {sql.py:691} INFO - Loaded 3000 rows into temp_ecc so far
[2025-02-09T23:43:39.035+0000] {sql.py:691} INFO - Loaded 4000 rows into temp_ecc so far
[2025-02-09T23:43:39.698+0000] {sql.py:691} INFO - Loaded 5000 rows into temp_ecc so far
[2025-02-09T23:43:40.498+0000] {sql.py:691} INFO - Loaded 6000 rows into temp_ecc so far
[2025-02-09T23:43:41.245+0000] {sql.py:691} INFO - Loaded 7000 rows into temp_ecc so far
[2025-02-09T23:43:42.196+0000] {sql.py:691} INFO - Loaded 8000 rows into temp_ecc so far
[2025-02-09T23:43:43.267+0000] {sql.py:691} INFO - Loaded 9000 rows into temp_ecc so far
[2025-02-09T23:43:44.065+0000] {sql.py:691} INFO - Loaded 10000 rows into temp_ecc so far
[2025-02-09T23:43:44.763+0000] {sql.py:694} INFO - Done loading. Loaded a total of 10923 rows into temp_ecc
[2025-02-09T23:43:44.765+0000] {logging_mixin.py:190} INFO - connexion sql reussie True
[2025-02-09T23:43:44.802+0000] {logging_mixin.py:190} INFO - ❌ Erreur lors du déplacement du fichier : [Errno 13] Permission denied: '/opt/***/files/in/Écritures comptables article.csv'
[2025-02-09T23:43:44.812+0000] {python.py:240} INFO - Done. Returned value was: import_temp_ecc_to_ecc
[2025-02-09T23:43:44.814+0000] {branch.py:38} INFO - Branch into import_temp_ecc_to_ecc
[2025-02-09T23:43:44.815+0000] {skipmixin.py:230} INFO - Following branch ('import_temp_ecc_to_ecc',)
[2025-02-09T23:43:44.843+0000] {skipmixin.py:278} INFO - Skipping tasks []
[2025-02-09T23:43:44.880+0000] {taskinstance.py:340} INFO - ::group::Post task execution logs
[2025-02-09T23:43:44.881+0000] {taskinstance.py:352} INFO - Marking task as SUCCESS. dag_id=directory_and_file_verification_dag, task_id=verify_file_reliability, run_id=manual__2025-02-09T23:43:24.325226+00:00, execution_date=20250209T234324, start_date=20250209T234333, end_date=20250209T234344
[2025-02-09T23:43:44.894+0000] {logging_mixin.py:190} INFO - Task instance in success state
[2025-02-09T23:43:44.895+0000] {logging_mixin.py:190} INFO -  Previous state of the Task instance: running
[2025-02-09T23:43:44.896+0000] {logging_mixin.py:190} INFO - Dag name:directory_and_file_verification_dag queued_at:2025-02-09 23:43:24.342789+00:00
[2025-02-09T23:43:44.896+0000] {logging_mixin.py:190} INFO - Task hostname:b6443be51f35 operator:BranchPythonOperator
[2025-02-09T23:43:44.941+0000] {local_task_job_runner.py:266} INFO - Task exited with return code 0
[2025-02-09T23:43:44.975+0000] {taskinstance.py:3895} INFO - 1 downstream tasks scheduled from follow-on schedule check
[2025-02-09T23:43:44.977+0000] {local_task_job_runner.py:245} INFO - ::endgroup::
