[2025-02-10T21:31:01.834+0000] {local_task_job_runner.py:123} INFO - ::group::Pre task execution logs
[2025-02-10T21:31:01.975+0000] {taskinstance.py:2613} INFO - Dependencies all met for dep_context=non-requeueable deps ti=<TaskInstance: IMPORTATION_ECRITURE_COMPTABLES_ARTICLE_dag.check_directory scheduled__2025-02-10T21:30:00+00:00 [queued]>
[2025-02-10T21:31:01.987+0000] {taskinstance.py:2613} INFO - Dependencies all met for dep_context=requeueable deps ti=<TaskInstance: IMPORTATION_ECRITURE_COMPTABLES_ARTICLE_dag.check_directory scheduled__2025-02-10T21:30:00+00:00 [queued]>
[2025-02-10T21:31:01.988+0000] {taskinstance.py:2866} INFO - Starting attempt 1 of 2
[2025-02-10T21:31:02.003+0000] {taskinstance.py:2889} INFO - Executing <Task(BranchPythonOperator): check_directory> on 2025-02-10 21:30:00+00:00
[2025-02-10T21:31:02.009+0000] {warnings.py:112} WARNING - /home/***/.local/lib/python3.12/site-packages/***/task/task_runner/standard_task_runner.py:70: DeprecationWarning: This process (pid=2981) is multi-threaded, use of fork() may lead to deadlocks in the child.
  pid = os.fork()

[2025-02-10T21:31:02.011+0000] {standard_task_runner.py:72} INFO - Started process 2983 to run task
[2025-02-10T21:31:02.011+0000] {standard_task_runner.py:104} INFO - Running: ['***', 'tasks', 'run', 'IMPORTATION_ECRITURE_COMPTABLES_ARTICLE_dag', 'check_directory', 'scheduled__2025-02-10T21:30:00+00:00', '--job-id', '1123', '--raw', '--subdir', 'DAGS_FOLDER/my_directory_and_file_checker.py', '--cfg-path', '/tmp/tmpuk_n5isv']
[2025-02-10T21:31:02.013+0000] {standard_task_runner.py:105} INFO - Job 1123: Subtask check_directory
[2025-02-10T21:31:02.068+0000] {task_command.py:467} INFO - Running <TaskInstance: IMPORTATION_ECRITURE_COMPTABLES_ARTICLE_dag.check_directory scheduled__2025-02-10T21:30:00+00:00 [running]> on host b6443be51f35
[2025-02-10T21:31:02.161+0000] {taskinstance.py:3132} INFO - Exporting env vars: AIRFLOW_CTX_DAG_OWNER='***' AIRFLOW_CTX_DAG_ID='IMPORTATION_ECRITURE_COMPTABLES_ARTICLE_dag' AIRFLOW_CTX_TASK_ID='check_directory' AIRFLOW_CTX_EXECUTION_DATE='2025-02-10T21:30:00+00:00' AIRFLOW_CTX_TRY_NUMBER='1' AIRFLOW_CTX_DAG_RUN_ID='scheduled__2025-02-10T21:30:00+00:00'
[2025-02-10T21:31:02.163+0000] {logging_mixin.py:190} INFO - Task instance is in running state
[2025-02-10T21:31:02.164+0000] {logging_mixin.py:190} INFO -  Previous state of the Task instance: queued
[2025-02-10T21:31:02.165+0000] {logging_mixin.py:190} INFO - Current task name:check_directory state:running start_date:2025-02-10 21:31:01.976174+00:00
[2025-02-10T21:31:02.166+0000] {logging_mixin.py:190} INFO - Dag name:IMPORTATION_ECRITURE_COMPTABLES_ARTICLE_dag and current dag run status:running
[2025-02-10T21:31:02.167+0000] {taskinstance.py:731} INFO - ::endgroup::
[2025-02-10T21:31:02.168+0000] {baseoperator.py:421} WARNING - BranchPythonOperator.execute cannot be called outside TaskInstance!
[2025-02-10T21:31:02.170+0000] {python.py:240} INFO - Done. Returned value was: check_file_in_directory
[2025-02-10T21:31:02.171+0000] {branch.py:38} INFO - Branch into check_file_in_directory
[2025-02-10T21:31:02.172+0000] {skipmixin.py:230} INFO - Following branch ('check_file_in_directory',)
[2025-02-10T21:31:02.185+0000] {skipmixin.py:278} INFO - Skipping tasks []
[2025-02-10T21:31:02.219+0000] {taskinstance.py:340} INFO - ::group::Post task execution logs
[2025-02-10T21:31:02.219+0000] {taskinstance.py:352} INFO - Marking task as SUCCESS. dag_id=IMPORTATION_ECRITURE_COMPTABLES_ARTICLE_dag, task_id=check_directory, run_id=scheduled__2025-02-10T21:30:00+00:00, execution_date=20250210T213000, start_date=20250210T213101, end_date=20250210T213102
[2025-02-10T21:31:02.230+0000] {logging_mixin.py:190} INFO - Task instance in success state
[2025-02-10T21:31:02.231+0000] {logging_mixin.py:190} INFO -  Previous state of the Task instance: running
[2025-02-10T21:31:02.231+0000] {logging_mixin.py:190} INFO - Dag name:IMPORTATION_ECRITURE_COMPTABLES_ARTICLE_dag queued_at:2025-02-10 21:31:00.060255+00:00
[2025-02-10T21:31:02.232+0000] {logging_mixin.py:190} INFO - Task hostname:b6443be51f35 operator:BranchPythonOperator
[2025-02-10T21:31:02.269+0000] {local_task_job_runner.py:266} INFO - Task exited with return code 0
[2025-02-10T21:31:02.302+0000] {taskinstance.py:3895} INFO - 1 downstream tasks scheduled from follow-on schedule check
[2025-02-10T21:31:02.306+0000] {local_task_job_runner.py:245} INFO - ::endgroup::
[2025-02-10T21:31:44.999+0000] {local_task_job_runner.py:123} INFO - ::group::Pre task execution logs
[2025-02-10T21:31:45.174+0000] {taskinstance.py:2613} INFO - Dependencies all met for dep_context=non-requeueable deps ti=<TaskInstance: IMPORTATION_ECRITURE_COMPTABLES_ARTICLE_dag.check_directory scheduled__2025-02-10T21:30:00+00:00 [queued]>
[2025-02-10T21:31:45.185+0000] {taskinstance.py:2613} INFO - Dependencies all met for dep_context=requeueable deps ti=<TaskInstance: IMPORTATION_ECRITURE_COMPTABLES_ARTICLE_dag.check_directory scheduled__2025-02-10T21:30:00+00:00 [queued]>
[2025-02-10T21:31:45.186+0000] {taskinstance.py:2866} INFO - Starting attempt 1 of 2
[2025-02-10T21:31:45.205+0000] {taskinstance.py:2889} INFO - Executing <Task(BranchPythonOperator): check_directory> on 2025-02-10 21:30:00+00:00
[2025-02-10T21:31:45.214+0000] {warnings.py:112} WARNING - /home/***/.local/lib/python3.12/site-packages/***/task/task_runner/standard_task_runner.py:70: DeprecationWarning: This process (pid=3019) is multi-threaded, use of fork() may lead to deadlocks in the child.
  pid = os.fork()

[2025-02-10T21:31:45.216+0000] {standard_task_runner.py:72} INFO - Started process 3021 to run task
[2025-02-10T21:31:45.217+0000] {standard_task_runner.py:104} INFO - Running: ['***', 'tasks', 'run', 'IMPORTATION_ECRITURE_COMPTABLES_ARTICLE_dag', 'check_directory', 'scheduled__2025-02-10T21:30:00+00:00', '--job-id', '1129', '--raw', '--subdir', 'DAGS_FOLDER/my_directory_and_file_checker.py', '--cfg-path', '/tmp/tmpkq6l9uw2']
[2025-02-10T21:31:45.219+0000] {standard_task_runner.py:105} INFO - Job 1129: Subtask check_directory
[2025-02-10T21:31:45.278+0000] {task_command.py:467} INFO - Running <TaskInstance: IMPORTATION_ECRITURE_COMPTABLES_ARTICLE_dag.check_directory scheduled__2025-02-10T21:30:00+00:00 [running]> on host b6443be51f35
[2025-02-10T21:31:45.388+0000] {taskinstance.py:3132} INFO - Exporting env vars: AIRFLOW_CTX_DAG_OWNER='***' AIRFLOW_CTX_DAG_ID='IMPORTATION_ECRITURE_COMPTABLES_ARTICLE_dag' AIRFLOW_CTX_TASK_ID='check_directory' AIRFLOW_CTX_EXECUTION_DATE='2025-02-10T21:30:00+00:00' AIRFLOW_CTX_TRY_NUMBER='1' AIRFLOW_CTX_DAG_RUN_ID='scheduled__2025-02-10T21:30:00+00:00'
[2025-02-10T21:31:45.390+0000] {logging_mixin.py:190} INFO - Task instance is in running state
[2025-02-10T21:31:45.391+0000] {logging_mixin.py:190} INFO -  Previous state of the Task instance: queued
[2025-02-10T21:31:45.392+0000] {logging_mixin.py:190} INFO - Current task name:check_directory state:running start_date:2025-02-10 21:31:45.176052+00:00
[2025-02-10T21:31:45.392+0000] {logging_mixin.py:190} INFO - Dag name:IMPORTATION_ECRITURE_COMPTABLES_ARTICLE_dag and current dag run status:running
[2025-02-10T21:31:45.393+0000] {taskinstance.py:731} INFO - ::endgroup::
[2025-02-10T21:31:45.394+0000] {baseoperator.py:421} WARNING - BranchPythonOperator.execute cannot be called outside TaskInstance!
[2025-02-10T21:31:45.395+0000] {python.py:240} INFO - Done. Returned value was: check_file_in_directory
[2025-02-10T21:31:45.395+0000] {branch.py:38} INFO - Branch into check_file_in_directory
[2025-02-10T21:31:45.396+0000] {skipmixin.py:230} INFO - Following branch ('check_file_in_directory',)
[2025-02-10T21:31:45.411+0000] {skipmixin.py:278} INFO - Skipping tasks []
[2025-02-10T21:31:45.439+0000] {taskinstance.py:340} INFO - ::group::Post task execution logs
[2025-02-10T21:31:45.439+0000] {taskinstance.py:352} INFO - Marking task as SUCCESS. dag_id=IMPORTATION_ECRITURE_COMPTABLES_ARTICLE_dag, task_id=check_directory, run_id=scheduled__2025-02-10T21:30:00+00:00, execution_date=20250210T213000, start_date=20250210T213145, end_date=20250210T213145
[2025-02-10T21:31:45.449+0000] {logging_mixin.py:190} INFO - Task instance in success state
[2025-02-10T21:31:45.450+0000] {logging_mixin.py:190} INFO -  Previous state of the Task instance: running
[2025-02-10T21:31:45.450+0000] {logging_mixin.py:190} INFO - Dag name:IMPORTATION_ECRITURE_COMPTABLES_ARTICLE_dag queued_at:2025-02-10 21:31:42.920499+00:00
[2025-02-10T21:31:45.450+0000] {logging_mixin.py:190} INFO - Task hostname:b6443be51f35 operator:BranchPythonOperator
[2025-02-10T21:31:45.473+0000] {local_task_job_runner.py:266} INFO - Task exited with return code 0
[2025-02-10T21:31:45.509+0000] {taskinstance.py:3895} INFO - 1 downstream tasks scheduled from follow-on schedule check
[2025-02-10T21:31:45.513+0000] {local_task_job_runner.py:245} INFO - ::endgroup::
