[2025-02-09T21:06:56.140+0000] {local_task_job_runner.py:123} INFO - ::group::Pre task execution logs
[2025-02-09T21:06:56.230+0000] {taskinstance.py:2613} INFO - Dependencies all met for dep_context=non-requeueable deps ti=<TaskInstance: directory_and_file_verification_dag.verify_file_reliability manual__2025-02-09T21:06:33.897795+00:00 [queued]>
[2025-02-09T21:06:56.676+0000] {taskinstance.py:2613} INFO - Dependencies all met for dep_context=requeueable deps ti=<TaskInstance: directory_and_file_verification_dag.verify_file_reliability manual__2025-02-09T21:06:33.897795+00:00 [queued]>
[2025-02-09T21:06:56.677+0000] {taskinstance.py:2866} INFO - Starting attempt 1 of 1
[2025-02-09T21:06:56.716+0000] {taskinstance.py:2889} INFO - Executing <Task(BranchPythonOperator): verify_file_reliability> on 2025-02-09 21:06:33.897795+00:00
[2025-02-09T21:06:56.737+0000] {warnings.py:112} WARNING - /home/***/.local/lib/python3.12/site-packages/***/task/task_runner/standard_task_runner.py:70: DeprecationWarning: This process (pid=3116) is multi-threaded, use of fork() may lead to deadlocks in the child.
  pid = os.fork()

[2025-02-09T21:06:56.742+0000] {standard_task_runner.py:104} INFO - Running: ['***', 'tasks', 'run', 'directory_and_file_verification_dag', 'verify_file_reliability', 'manual__2025-02-09T21:06:33.897795+00:00', '--job-id', '100', '--raw', '--subdir', 'DAGS_FOLDER/my_directory_and_file_checker.py', '--cfg-path', '/tmp/tmp61r5il3v']
[2025-02-09T21:06:56.745+0000] {standard_task_runner.py:72} INFO - Started process 3118 to run task
[2025-02-09T21:06:56.748+0000] {standard_task_runner.py:105} INFO - Job 100: Subtask verify_file_reliability
[2025-02-09T21:06:56.884+0000] {task_command.py:467} INFO - Running <TaskInstance: directory_and_file_verification_dag.verify_file_reliability manual__2025-02-09T21:06:33.897795+00:00 [running]> on host b6443be51f35
[2025-02-09T21:06:57.092+0000] {taskinstance.py:3132} INFO - Exporting env vars: AIRFLOW_CTX_DAG_OWNER='***' AIRFLOW_CTX_DAG_ID='directory_and_file_verification_dag' AIRFLOW_CTX_TASK_ID='verify_file_reliability' AIRFLOW_CTX_EXECUTION_DATE='2025-02-09T21:06:33.897795+00:00' AIRFLOW_CTX_TRY_NUMBER='1' AIRFLOW_CTX_DAG_RUN_ID='manual__2025-02-09T21:06:33.897795+00:00'
[2025-02-09T21:06:57.097+0000] {logging_mixin.py:190} INFO - Task instance is in running state
[2025-02-09T21:06:57.098+0000] {logging_mixin.py:190} INFO -  Previous state of the Task instance: queued
[2025-02-09T21:06:57.098+0000] {logging_mixin.py:190} INFO - Current task name:verify_file_reliability state:running start_date:2025-02-09 21:06:56.232912+00:00
[2025-02-09T21:06:57.099+0000] {logging_mixin.py:190} INFO - Dag name:directory_and_file_verification_dag and current dag run status:running
[2025-02-09T21:06:57.100+0000] {taskinstance.py:731} INFO - ::endgroup::
[2025-02-09T21:06:57.101+0000] {baseoperator.py:421} WARNING - BranchPythonOperator.execute cannot be called outside TaskInstance!
[2025-02-09T21:06:57.102+0000] {logging_mixin.py:190} INFO - camarche22 /opt/***/files/in ['.csv'] ['utf-8', 'ISO-8859-1', 'Windows-1252']
[2025-02-09T21:06:57.199+0000] {logging_mixin.py:190} INFO - 
📂 Contenu du fichier (utf-8): Écritures comptables article.csv
[2025-02-09T21:06:57.228+0000] {logging_mixin.py:190} INFO -   Date comptabilisation      N° lot Type écriture N° document  N° séquence
0            16/12/2024         NaN         Vente   BL1900145        15735
1            16/12/2024         NaN         Vente      107012        15734
2            11/01/2025  16LABCDE24    Production   RPO000460        15733
3            11/01/2025  16LABCDE24    Production   RPO000460        15732
4            11/01/2025  16LABCDE24    Production   RPO000460        15731
[2025-02-09T21:06:57.304+0000] {logging_mixin.py:190} INFO - gaston                    id accounting_date  ... document_number sequence_number
0      BL190014515735      16/12/2024  ...       BL1900145           15735
1         10701215734      16/12/2024  ...          107012           15734
2      RPO00046015733      11/01/2025  ...       RPO000460           15733
3      RPO00046015732      11/01/2025  ...       RPO000460           15732
4      RPO00046015731      11/01/2025  ...       RPO000460           15731
...               ...             ...  ...             ...             ...
10918      T001804789      31/07/2024  ...          T00180            4789
10919      T001804788      31/07/2024  ...          T00180            4788
10920      T001804787      31/07/2024  ...          T00180            4787
10921      T001804786      31/07/2024  ...          T00180            4786
10922      T001804785      31/07/2024  ...          T00180            4785

[10923 rows x 6 columns]
[2025-02-09T21:07:01.967+0000] {logging_mixin.py:190} INFO - ✅Lignes  ('✅ Le fichier respecte les colonnes attendues et les types de données.', True) 10923
[2025-02-09T21:07:01.975+0000] {logging_mixin.py:190} INFO - merci
[2025-02-09T21:07:02.008+0000] {base.py:84} INFO - Retrieving connection 'mysql_conn'
[2025-02-09T21:07:02.059+0000] {logging_mixin.py:190} INFO - (('attendancedb',), ('caprostockdb',), ('information_schema',), ('mysql',), ('netvision_db',), ('performance_schema',), ('pointing_db',), ('posgpt_db',), ('pythondb',), ('sys',), ('testimportdb',))
[2025-02-09T21:07:02.171+0000] {logging_mixin.py:190} INFO - ⚠️ Données supprimées avant insertion.
[2025-02-09T21:07:05.930+0000] {sql.py:691} INFO - Loaded 1000 rows into temp_ecc so far
[2025-02-09T21:07:09.986+0000] {sql.py:691} INFO - Loaded 2000 rows into temp_ecc so far
[2025-02-09T21:07:14.499+0000] {sql.py:691} INFO - Loaded 3000 rows into temp_ecc so far
[2025-02-09T21:07:18.051+0000] {sql.py:691} INFO - Loaded 4000 rows into temp_ecc so far
[2025-02-09T21:07:22.012+0000] {sql.py:691} INFO - Loaded 5000 rows into temp_ecc so far
[2025-02-09T21:07:27.236+0000] {sql.py:691} INFO - Loaded 6000 rows into temp_ecc so far
[2025-02-09T21:07:30.852+0000] {sql.py:691} INFO - Loaded 7000 rows into temp_ecc so far
[2025-02-09T21:07:32.558+0000] {sql.py:691} INFO - Loaded 8000 rows into temp_ecc so far
[2025-02-09T21:07:33.498+0000] {sql.py:691} INFO - Loaded 9000 rows into temp_ecc so far
[2025-02-09T21:07:34.545+0000] {sql.py:691} INFO - Loaded 10000 rows into temp_ecc so far
[2025-02-09T21:07:36.414+0000] {sql.py:694} INFO - Done loading. Loaded a total of 10923 rows into temp_ecc
[2025-02-09T21:07:36.419+0000] {logging_mixin.py:190} INFO - connexion sql reussie True
[2025-02-09T21:07:36.596+0000] {logging_mixin.py:190} INFO - ❌ Erreur lors du déplacement du fichier : [Errno 13] Permission denied: '/opt/***/files/in/Écritures comptables article.csv'
[2025-02-09T21:07:36.609+0000] {python.py:240} INFO - Done. Returned value was: end
[2025-02-09T21:07:36.612+0000] {branch.py:38} INFO - Branch into end
[2025-02-09T21:07:36.614+0000] {skipmixin.py:230} INFO - Following branch ('end',)
[2025-02-09T21:07:36.645+0000] {skipmixin.py:278} INFO - Skipping tasks []
[2025-02-09T21:07:36.746+0000] {taskinstance.py:340} INFO - ::group::Post task execution logs
[2025-02-09T21:07:36.748+0000] {taskinstance.py:352} INFO - Marking task as SUCCESS. dag_id=directory_and_file_verification_dag, task_id=verify_file_reliability, run_id=manual__2025-02-09T21:06:33.897795+00:00, execution_date=20250209T210633, start_date=20250209T210656, end_date=20250209T210736
[2025-02-09T21:07:36.815+0000] {logging_mixin.py:190} INFO - Task instance in success state
[2025-02-09T21:07:36.816+0000] {logging_mixin.py:190} INFO -  Previous state of the Task instance: running
[2025-02-09T21:07:36.818+0000] {logging_mixin.py:190} INFO - Dag name:directory_and_file_verification_dag queued_at:2025-02-09 21:06:33.939924+00:00
[2025-02-09T21:07:36.819+0000] {logging_mixin.py:190} INFO - Task hostname:b6443be51f35 operator:BranchPythonOperator
[2025-02-09T21:07:36.859+0000] {local_task_job_runner.py:266} INFO - Task exited with return code 0
[2025-02-09T21:07:36.924+0000] {taskinstance.py:3895} INFO - 0 downstream tasks scheduled from follow-on schedule check
[2025-02-09T21:07:36.930+0000] {local_task_job_runner.py:245} INFO - ::endgroup::
