[2025-01-29T00:27:05.340+0000] {local_task_job_runner.py:123} INFO - ::group::Pre task execution logs
[2025-01-29T00:27:05.353+0000] {taskinstance.py:2613} INFO - Dependencies all met for dep_context=non-requeueable deps ti=<TaskInstance: directory_and_file_verification_dag.check_directory manual__2025-01-29T00:27:03.732096+00:00 [queued]>
[2025-01-29T00:27:05.359+0000] {taskinstance.py:2613} INFO - Dependencies all met for dep_context=requeueable deps ti=<TaskInstance: directory_and_file_verification_dag.check_directory manual__2025-01-29T00:27:03.732096+00:00 [queued]>
[2025-01-29T00:27:05.360+0000] {taskinstance.py:2866} INFO - Starting attempt 1 of 1
[2025-01-29T00:27:05.370+0000] {taskinstance.py:2889} INFO - Executing <Task(BranchPythonOperator): check_directory> on 2025-01-29 00:27:03.732096+00:00
[2025-01-29T00:27:05.375+0000] {warnings.py:112} WARNING - /home/***/.local/lib/python3.12/site-packages/***/task/task_runner/standard_task_runner.py:70: DeprecationWarning: This process (pid=742) is multi-threaded, use of fork() may lead to deadlocks in the child.
  pid = os.fork()

[2025-01-29T00:27:05.376+0000] {standard_task_runner.py:72} INFO - Started process 744 to run task
[2025-01-29T00:27:05.376+0000] {standard_task_runner.py:104} INFO - Running: ['***', 'tasks', 'run', 'directory_and_file_verification_dag', 'check_directory', 'manual__2025-01-29T00:27:03.732096+00:00', '--job-id', '34', '--raw', '--subdir', 'DAGS_FOLDER/my_directory_and_file_checker.py', '--cfg-path', '/tmp/tmp372dr_j8']
[2025-01-29T00:27:05.378+0000] {standard_task_runner.py:105} INFO - Job 34: Subtask check_directory
[2025-01-29T00:27:05.573+0000] {task_command.py:467} INFO - Running <TaskInstance: directory_and_file_verification_dag.check_directory manual__2025-01-29T00:27:03.732096+00:00 [running]> on host f85a165ecee3
[2025-01-29T00:27:05.631+0000] {taskinstance.py:3132} INFO - Exporting env vars: AIRFLOW_CTX_DAG_OWNER='***' AIRFLOW_CTX_DAG_ID='directory_and_file_verification_dag' AIRFLOW_CTX_TASK_ID='check_directory' AIRFLOW_CTX_EXECUTION_DATE='2025-01-29T00:27:03.732096+00:00' AIRFLOW_CTX_TRY_NUMBER='1' AIRFLOW_CTX_DAG_RUN_ID='manual__2025-01-29T00:27:03.732096+00:00'
[2025-01-29T00:27:05.632+0000] {logging_mixin.py:190} INFO - Task instance is in running state
[2025-01-29T00:27:05.633+0000] {logging_mixin.py:190} INFO -  Previous state of the Task instance: queued
[2025-01-29T00:27:05.634+0000] {logging_mixin.py:190} INFO - Current task name:check_directory state:running start_date:2025-01-29 00:27:05.354086+00:00
[2025-01-29T00:27:05.634+0000] {logging_mixin.py:190} INFO - Dag name:directory_and_file_verification_dag and current dag run status:running
[2025-01-29T00:27:05.635+0000] {taskinstance.py:731} INFO - ::endgroup::
[2025-01-29T00:27:05.636+0000] {baseoperator.py:421} WARNING - BranchPythonOperator.execute cannot be called outside TaskInstance!
[2025-01-29T00:27:05.636+0000] {python.py:240} INFO - Done. Returned value was: end
[2025-01-29T00:27:05.637+0000] {branch.py:38} INFO - Branch into end
[2025-01-29T00:27:05.637+0000] {skipmixin.py:230} INFO - Following branch ('end',)
[2025-01-29T00:27:05.647+0000] {skipmixin.py:278} INFO - Skipping tasks [('check_file_in_directory', -1)]
[2025-01-29T00:27:05.672+0000] {taskinstance.py:340} INFO - ::group::Post task execution logs
[2025-01-29T00:27:05.673+0000] {taskinstance.py:352} INFO - Marking task as SUCCESS. dag_id=directory_and_file_verification_dag, task_id=check_directory, run_id=manual__2025-01-29T00:27:03.732096+00:00, execution_date=20250129T002703, start_date=20250129T002705, end_date=20250129T002705
[2025-01-29T00:27:05.682+0000] {logging_mixin.py:190} INFO - Task instance in success state
[2025-01-29T00:27:05.682+0000] {logging_mixin.py:190} INFO -  Previous state of the Task instance: running
[2025-01-29T00:27:05.683+0000] {logging_mixin.py:190} INFO - Dag name:directory_and_file_verification_dag queued_at:2025-01-29 00:27:03.739673+00:00
[2025-01-29T00:27:05.683+0000] {logging_mixin.py:190} INFO - Task hostname:f85a165ecee3 operator:BranchPythonOperator
[2025-01-29T00:27:05.711+0000] {local_task_job_runner.py:266} INFO - Task exited with return code 0
[2025-01-29T00:27:05.724+0000] {taskinstance.py:3895} INFO - 0 downstream tasks scheduled from follow-on schedule check
[2025-01-29T00:27:05.727+0000] {local_task_job_runner.py:245} INFO - ::endgroup::
