[2025-02-09T10:24:38.519+0000] {local_task_job_runner.py:123} INFO - ::group::Pre task execution logs
[2025-02-09T10:24:38.541+0000] {taskinstance.py:2613} INFO - Dependencies all met for dep_context=non-requeueable deps ti=<TaskInstance: directory_and_file_verification_dag.check_directory manual__2025-02-09T10:24:36.156036+00:00 [queued]>
[2025-02-09T10:24:38.549+0000] {taskinstance.py:2613} INFO - Dependencies all met for dep_context=requeueable deps ti=<TaskInstance: directory_and_file_verification_dag.check_directory manual__2025-02-09T10:24:36.156036+00:00 [queued]>
[2025-02-09T10:24:38.550+0000] {taskinstance.py:2866} INFO - Starting attempt 1 of 1
[2025-02-09T10:24:38.565+0000] {taskinstance.py:2889} INFO - Executing <Task(BranchPythonOperator): check_directory> on 2025-02-09 10:24:36.156036+00:00
[2025-02-09T10:24:38.571+0000] {warnings.py:112} WARNING - /home/***/.local/lib/python3.12/site-packages/***/task/task_runner/standard_task_runner.py:70: DeprecationWarning: This process (pid=1989) is multi-threaded, use of fork() may lead to deadlocks in the child.
  pid = os.fork()

[2025-02-09T10:24:38.574+0000] {standard_task_runner.py:72} INFO - Started process 1991 to run task
[2025-02-09T10:24:38.573+0000] {standard_task_runner.py:104} INFO - Running: ['***', 'tasks', 'run', 'directory_and_file_verification_dag', 'check_directory', 'manual__2025-02-09T10:24:36.156036+00:00', '--job-id', '1451', '--raw', '--subdir', 'DAGS_FOLDER/my_directory_and_file_checker.py', '--cfg-path', '/tmp/tmpv68hy59x']
[2025-02-09T10:24:38.575+0000] {standard_task_runner.py:105} INFO - Job 1451: Subtask check_directory
[2025-02-09T10:24:38.627+0000] {task_command.py:467} INFO - Running <TaskInstance: directory_and_file_verification_dag.check_directory manual__2025-02-09T10:24:36.156036+00:00 [running]> on host 003b7fbea265
[2025-02-09T10:24:38.709+0000] {taskinstance.py:3132} INFO - Exporting env vars: AIRFLOW_CTX_DAG_OWNER='***' AIRFLOW_CTX_DAG_ID='directory_and_file_verification_dag' AIRFLOW_CTX_TASK_ID='check_directory' AIRFLOW_CTX_EXECUTION_DATE='2025-02-09T10:24:36.156036+00:00' AIRFLOW_CTX_TRY_NUMBER='1' AIRFLOW_CTX_DAG_RUN_ID='manual__2025-02-09T10:24:36.156036+00:00'
[2025-02-09T10:24:38.711+0000] {logging_mixin.py:190} INFO - Task instance is in running state
[2025-02-09T10:24:38.712+0000] {logging_mixin.py:190} INFO -  Previous state of the Task instance: queued
[2025-02-09T10:24:38.713+0000] {logging_mixin.py:190} INFO - Current task name:check_directory state:running start_date:2025-02-09 10:24:38.542368+00:00
[2025-02-09T10:24:38.714+0000] {logging_mixin.py:190} INFO - Dag name:directory_and_file_verification_dag and current dag run status:running
[2025-02-09T10:24:38.715+0000] {taskinstance.py:731} INFO - ::endgroup::
[2025-02-09T10:24:38.716+0000] {baseoperator.py:421} WARNING - BranchPythonOperator.execute cannot be called outside TaskInstance!
[2025-02-09T10:24:38.718+0000] {python.py:240} INFO - Done. Returned value was: check_file_in_directory
[2025-02-09T10:24:38.719+0000] {branch.py:38} INFO - Branch into check_file_in_directory
[2025-02-09T10:24:38.720+0000] {skipmixin.py:230} INFO - Following branch ('check_file_in_directory',)
[2025-02-09T10:24:38.914+0000] {skipmixin.py:278} INFO - Skipping tasks []
[2025-02-09T10:24:38.946+0000] {taskinstance.py:340} INFO - ::group::Post task execution logs
[2025-02-09T10:24:38.948+0000] {taskinstance.py:352} INFO - Marking task as SUCCESS. dag_id=directory_and_file_verification_dag, task_id=check_directory, run_id=manual__2025-02-09T10:24:36.156036+00:00, execution_date=20250209T102436, start_date=20250209T102438, end_date=20250209T102438
[2025-02-09T10:24:38.959+0000] {logging_mixin.py:190} INFO - Task instance in success state
[2025-02-09T10:24:38.960+0000] {logging_mixin.py:190} INFO -  Previous state of the Task instance: running
[2025-02-09T10:24:38.961+0000] {logging_mixin.py:190} INFO - Dag name:directory_and_file_verification_dag queued_at:2025-02-09 10:24:36.185210+00:00
[2025-02-09T10:24:38.962+0000] {logging_mixin.py:190} INFO - Task hostname:003b7fbea265 operator:BranchPythonOperator
[2025-02-09T10:24:38.993+0000] {local_task_job_runner.py:266} INFO - Task exited with return code 0
[2025-02-09T10:24:39.023+0000] {taskinstance.py:3895} INFO - 1 downstream tasks scheduled from follow-on schedule check
[2025-02-09T10:24:39.027+0000] {local_task_job_runner.py:245} INFO - ::endgroup::
