[2025-02-08T14:26:11.827+0000] {local_task_job_runner.py:123} INFO - ::group::Pre task execution logs
[2025-02-08T14:26:11.855+0000] {taskinstance.py:2613} INFO - Dependencies all met for dep_context=non-requeueable deps ti=<TaskInstance: directory_and_file_verification_dag.check_file_in_directory manual__2025-02-08T14:26:06.129334+00:00 [queued]>
[2025-02-08T14:26:11.867+0000] {taskinstance.py:2613} INFO - Dependencies all met for dep_context=requeueable deps ti=<TaskInstance: directory_and_file_verification_dag.check_file_in_directory manual__2025-02-08T14:26:06.129334+00:00 [queued]>
[2025-02-08T14:26:11.868+0000] {taskinstance.py:2866} INFO - Starting attempt 1 of 1
[2025-02-08T14:26:11.884+0000] {taskinstance.py:2889} INFO - Executing <Task(BranchPythonOperator): check_file_in_directory> on 2025-02-08 14:26:06.129334+00:00
[2025-02-08T14:26:11.893+0000] {warnings.py:112} WARNING - /home/***/.local/lib/python3.12/site-packages/***/task/task_runner/standard_task_runner.py:70: DeprecationWarning: This process (pid=2341) is multi-threaded, use of fork() may lead to deadlocks in the child.
  pid = os.fork()

[2025-02-08T14:26:11.895+0000] {standard_task_runner.py:72} INFO - Started process 2350 to run task
[2025-02-08T14:26:11.896+0000] {standard_task_runner.py:104} INFO - Running: ['***', 'tasks', 'run', 'directory_and_file_verification_dag', 'check_file_in_directory', 'manual__2025-02-08T14:26:06.129334+00:00', '--job-id', '1244', '--raw', '--subdir', 'DAGS_FOLDER/my_directory_and_file_checker.py', '--cfg-path', '/tmp/tmp09fgunz2']
[2025-02-08T14:26:11.898+0000] {standard_task_runner.py:105} INFO - Job 1244: Subtask check_file_in_directory
[2025-02-08T14:26:11.955+0000] {task_command.py:467} INFO - Running <TaskInstance: directory_and_file_verification_dag.check_file_in_directory manual__2025-02-08T14:26:06.129334+00:00 [running]> on host 003b7fbea265
[2025-02-08T14:26:12.278+0000] {taskinstance.py:3132} INFO - Exporting env vars: AIRFLOW_CTX_DAG_OWNER='***' AIRFLOW_CTX_DAG_ID='directory_and_file_verification_dag' AIRFLOW_CTX_TASK_ID='check_file_in_directory' AIRFLOW_CTX_EXECUTION_DATE='2025-02-08T14:26:06.129334+00:00' AIRFLOW_CTX_TRY_NUMBER='1' AIRFLOW_CTX_DAG_RUN_ID='manual__2025-02-08T14:26:06.129334+00:00'
[2025-02-08T14:26:12.279+0000] {logging_mixin.py:190} INFO - Task instance is in running state
[2025-02-08T14:26:12.279+0000] {logging_mixin.py:190} INFO -  Previous state of the Task instance: queued
[2025-02-08T14:26:12.280+0000] {logging_mixin.py:190} INFO - Current task name:check_file_in_directory state:running start_date:2025-02-08 14:26:11.856358+00:00
[2025-02-08T14:26:12.281+0000] {logging_mixin.py:190} INFO - Dag name:directory_and_file_verification_dag and current dag run status:running
[2025-02-08T14:26:12.282+0000] {taskinstance.py:731} INFO - ::endgroup::
[2025-02-08T14:26:12.282+0000] {baseoperator.py:421} WARNING - BranchPythonOperator.execute cannot be called outside TaskInstance!
[2025-02-08T14:26:12.283+0000] {logging_mixin.py:190} INFO - ca marche /opt/***/files ['.csv']
[2025-02-08T14:26:12.287+0000] {python.py:240} INFO - Done. Returned value was: verify_file_reliability
[2025-02-08T14:26:12.287+0000] {branch.py:38} INFO - Branch into verify_file_reliability
[2025-02-08T14:26:12.288+0000] {skipmixin.py:230} INFO - Following branch ('verify_file_reliability',)
[2025-02-08T14:26:12.302+0000] {skipmixin.py:278} INFO - Skipping tasks []
[2025-02-08T14:26:12.334+0000] {taskinstance.py:340} INFO - ::group::Post task execution logs
[2025-02-08T14:26:12.335+0000] {taskinstance.py:352} INFO - Marking task as SUCCESS. dag_id=directory_and_file_verification_dag, task_id=check_file_in_directory, run_id=manual__2025-02-08T14:26:06.129334+00:00, execution_date=20250208T142606, start_date=20250208T142611, end_date=20250208T142612
[2025-02-08T14:26:12.346+0000] {logging_mixin.py:190} INFO - Task instance in success state
[2025-02-08T14:26:12.347+0000] {logging_mixin.py:190} INFO -  Previous state of the Task instance: running
[2025-02-08T14:26:12.347+0000] {logging_mixin.py:190} INFO - Dag name:directory_and_file_verification_dag queued_at:2025-02-08 14:26:06.153108+00:00
[2025-02-08T14:26:12.348+0000] {logging_mixin.py:190} INFO - Task hostname:003b7fbea265 operator:BranchPythonOperator
[2025-02-08T14:26:12.393+0000] {local_task_job_runner.py:266} INFO - Task exited with return code 0
[2025-02-08T14:26:12.433+0000] {taskinstance.py:3895} INFO - 1 downstream tasks scheduled from follow-on schedule check
[2025-02-08T14:26:12.436+0000] {local_task_job_runner.py:245} INFO - ::endgroup::
