[2025-02-10T23:38:03.659+0000] {local_task_job_runner.py:123} INFO - ::group::Pre task execution logs
[2025-02-10T23:38:03.800+0000] {taskinstance.py:2613} INFO - Dependencies all met for dep_context=non-requeueable deps ti=<TaskInstance: IMPORTATION_ECRITURE_COMPTABLES_ARTICLE_dag.check_file_in_directory scheduled__2025-02-10T23:37:00+00:00 [queued]>
[2025-02-10T23:38:03.809+0000] {taskinstance.py:2613} INFO - Dependencies all met for dep_context=requeueable deps ti=<TaskInstance: IMPORTATION_ECRITURE_COMPTABLES_ARTICLE_dag.check_file_in_directory scheduled__2025-02-10T23:37:00+00:00 [queued]>
[2025-02-10T23:38:03.811+0000] {taskinstance.py:2866} INFO - Starting attempt 1 of 2
[2025-02-10T23:38:03.822+0000] {taskinstance.py:2889} INFO - Executing <Task(BranchPythonOperator): check_file_in_directory> on 2025-02-10 23:37:00+00:00
[2025-02-10T23:38:03.828+0000] {warnings.py:112} WARNING - /home/***/.local/lib/python3.12/site-packages/***/task/task_runner/standard_task_runner.py:70: DeprecationWarning: This process (pid=2196) is multi-threaded, use of fork() may lead to deadlocks in the child.
  pid = os.fork()

[2025-02-10T23:38:03.830+0000] {standard_task_runner.py:72} INFO - Started process 2198 to run task
[2025-02-10T23:38:03.831+0000] {standard_task_runner.py:104} INFO - Running: ['***', 'tasks', 'run', 'IMPORTATION_ECRITURE_COMPTABLES_ARTICLE_dag', 'check_file_in_directory', 'scheduled__2025-02-10T23:37:00+00:00', '--job-id', '1513', '--raw', '--subdir', 'DAGS_FOLDER/my_directory_and_file_checker.py', '--cfg-path', '/tmp/tmpo57f_h5t']
[2025-02-10T23:38:03.832+0000] {standard_task_runner.py:105} INFO - Job 1513: Subtask check_file_in_directory
[2025-02-10T23:38:03.871+0000] {task_command.py:467} INFO - Running <TaskInstance: IMPORTATION_ECRITURE_COMPTABLES_ARTICLE_dag.check_file_in_directory scheduled__2025-02-10T23:37:00+00:00 [running]> on host b6443be51f35
[2025-02-10T23:38:03.942+0000] {taskinstance.py:3132} INFO - Exporting env vars: AIRFLOW_CTX_DAG_OWNER='***' AIRFLOW_CTX_DAG_ID='IMPORTATION_ECRITURE_COMPTABLES_ARTICLE_dag' AIRFLOW_CTX_TASK_ID='check_file_in_directory' AIRFLOW_CTX_EXECUTION_DATE='2025-02-10T23:37:00+00:00' AIRFLOW_CTX_TRY_NUMBER='1' AIRFLOW_CTX_DAG_RUN_ID='scheduled__2025-02-10T23:37:00+00:00'
[2025-02-10T23:38:03.943+0000] {logging_mixin.py:190} INFO - Task instance is in running state
[2025-02-10T23:38:03.944+0000] {logging_mixin.py:190} INFO -  Previous state of the Task instance: queued
[2025-02-10T23:38:03.945+0000] {logging_mixin.py:190} INFO - Current task name:check_file_in_directory state:running start_date:2025-02-10 23:38:03.801651+00:00
[2025-02-10T23:38:03.945+0000] {logging_mixin.py:190} INFO - Dag name:IMPORTATION_ECRITURE_COMPTABLES_ARTICLE_dag and current dag run status:running
[2025-02-10T23:38:03.946+0000] {taskinstance.py:731} INFO - ::endgroup::
[2025-02-10T23:38:03.946+0000] {baseoperator.py:421} WARNING - BranchPythonOperator.execute cannot be called outside TaskInstance!
[2025-02-10T23:38:03.947+0000] {logging_mixin.py:190} INFO - ca marche /opt/***/files/in ['.csv']
[2025-02-10T23:38:03.951+0000] {python.py:240} INFO - Done. Returned value was: verify_file_reliability
[2025-02-10T23:38:03.951+0000] {branch.py:38} INFO - Branch into verify_file_reliability
[2025-02-10T23:38:03.952+0000] {skipmixin.py:230} INFO - Following branch ('verify_file_reliability',)
[2025-02-10T23:38:03.961+0000] {skipmixin.py:278} INFO - Skipping tasks []
[2025-02-10T23:38:03.985+0000] {taskinstance.py:340} INFO - ::group::Post task execution logs
[2025-02-10T23:38:03.986+0000] {taskinstance.py:352} INFO - Marking task as SUCCESS. dag_id=IMPORTATION_ECRITURE_COMPTABLES_ARTICLE_dag, task_id=check_file_in_directory, run_id=scheduled__2025-02-10T23:37:00+00:00, execution_date=20250210T233700, start_date=20250210T233803, end_date=20250210T233803
[2025-02-10T23:38:03.994+0000] {logging_mixin.py:190} INFO - Task instance in success state
[2025-02-10T23:38:03.995+0000] {logging_mixin.py:190} INFO -  Previous state of the Task instance: running
[2025-02-10T23:38:03.996+0000] {logging_mixin.py:190} INFO - Dag name:IMPORTATION_ECRITURE_COMPTABLES_ARTICLE_dag queued_at:2025-02-10 23:38:00.231560+00:00
[2025-02-10T23:38:03.996+0000] {logging_mixin.py:190} INFO - Task hostname:b6443be51f35 operator:BranchPythonOperator
[2025-02-10T23:38:04.006+0000] {local_task_job_runner.py:266} INFO - Task exited with return code 0
[2025-02-10T23:38:04.033+0000] {taskinstance.py:3895} INFO - 1 downstream tasks scheduled from follow-on schedule check
[2025-02-10T23:38:04.035+0000] {local_task_job_runner.py:245} INFO - ::endgroup::
[2025-02-10T23:38:40.693+0000] {local_task_job_runner.py:123} INFO - ::group::Pre task execution logs
[2025-02-10T23:38:40.908+0000] {taskinstance.py:2613} INFO - Dependencies all met for dep_context=non-requeueable deps ti=<TaskInstance: IMPORTATION_ECRITURE_COMPTABLES_ARTICLE_dag.check_file_in_directory scheduled__2025-02-10T23:37:00+00:00 [queued]>
[2025-02-10T23:38:40.921+0000] {taskinstance.py:2613} INFO - Dependencies all met for dep_context=requeueable deps ti=<TaskInstance: IMPORTATION_ECRITURE_COMPTABLES_ARTICLE_dag.check_file_in_directory scheduled__2025-02-10T23:37:00+00:00 [queued]>
[2025-02-10T23:38:40.922+0000] {taskinstance.py:2866} INFO - Starting attempt 1 of 2
[2025-02-10T23:38:40.947+0000] {taskinstance.py:2889} INFO - Executing <Task(BranchPythonOperator): check_file_in_directory> on 2025-02-10 23:37:00+00:00
[2025-02-10T23:38:40.956+0000] {warnings.py:112} WARNING - /home/***/.local/lib/python3.12/site-packages/***/task/task_runner/standard_task_runner.py:70: DeprecationWarning: This process (pid=2227) is multi-threaded, use of fork() may lead to deadlocks in the child.
  pid = os.fork()

[2025-02-10T23:38:40.959+0000] {standard_task_runner.py:72} INFO - Started process 2229 to run task
[2025-02-10T23:38:40.959+0000] {standard_task_runner.py:104} INFO - Running: ['***', 'tasks', 'run', 'IMPORTATION_ECRITURE_COMPTABLES_ARTICLE_dag', 'check_file_in_directory', 'scheduled__2025-02-10T23:37:00+00:00', '--job-id', '1519', '--raw', '--subdir', 'DAGS_FOLDER/my_directory_and_file_checker.py', '--cfg-path', '/tmp/tmp4ljo3tgj']
[2025-02-10T23:38:40.963+0000] {standard_task_runner.py:105} INFO - Job 1519: Subtask check_file_in_directory
[2025-02-10T23:38:41.031+0000] {task_command.py:467} INFO - Running <TaskInstance: IMPORTATION_ECRITURE_COMPTABLES_ARTICLE_dag.check_file_in_directory scheduled__2025-02-10T23:37:00+00:00 [running]> on host b6443be51f35
[2025-02-10T23:38:41.132+0000] {taskinstance.py:3132} INFO - Exporting env vars: AIRFLOW_CTX_DAG_OWNER='***' AIRFLOW_CTX_DAG_ID='IMPORTATION_ECRITURE_COMPTABLES_ARTICLE_dag' AIRFLOW_CTX_TASK_ID='check_file_in_directory' AIRFLOW_CTX_EXECUTION_DATE='2025-02-10T23:37:00+00:00' AIRFLOW_CTX_TRY_NUMBER='1' AIRFLOW_CTX_DAG_RUN_ID='scheduled__2025-02-10T23:37:00+00:00'
[2025-02-10T23:38:41.134+0000] {logging_mixin.py:190} INFO - Task instance is in running state
[2025-02-10T23:38:41.135+0000] {logging_mixin.py:190} INFO -  Previous state of the Task instance: queued
[2025-02-10T23:38:41.135+0000] {logging_mixin.py:190} INFO - Current task name:check_file_in_directory state:running start_date:2025-02-10 23:38:40.909154+00:00
[2025-02-10T23:38:41.136+0000] {logging_mixin.py:190} INFO - Dag name:IMPORTATION_ECRITURE_COMPTABLES_ARTICLE_dag and current dag run status:running
[2025-02-10T23:38:41.136+0000] {taskinstance.py:731} INFO - ::endgroup::
[2025-02-10T23:38:41.137+0000] {baseoperator.py:421} WARNING - BranchPythonOperator.execute cannot be called outside TaskInstance!
[2025-02-10T23:38:41.138+0000] {logging_mixin.py:190} INFO - ca marche /opt/***/files/in ['.csv']
[2025-02-10T23:38:41.141+0000] {python.py:240} INFO - Done. Returned value was: verify_file_reliability
[2025-02-10T23:38:41.141+0000] {branch.py:38} INFO - Branch into verify_file_reliability
[2025-02-10T23:38:41.142+0000] {skipmixin.py:230} INFO - Following branch ('verify_file_reliability',)
[2025-02-10T23:38:41.162+0000] {skipmixin.py:278} INFO - Skipping tasks []
[2025-02-10T23:38:41.196+0000] {taskinstance.py:340} INFO - ::group::Post task execution logs
[2025-02-10T23:38:41.197+0000] {taskinstance.py:352} INFO - Marking task as SUCCESS. dag_id=IMPORTATION_ECRITURE_COMPTABLES_ARTICLE_dag, task_id=check_file_in_directory, run_id=scheduled__2025-02-10T23:37:00+00:00, execution_date=20250210T233700, start_date=20250210T233840, end_date=20250210T233841
[2025-02-10T23:38:41.211+0000] {logging_mixin.py:190} INFO - Task instance in success state
[2025-02-10T23:38:41.213+0000] {logging_mixin.py:190} INFO -  Previous state of the Task instance: running
[2025-02-10T23:38:41.214+0000] {logging_mixin.py:190} INFO - Dag name:IMPORTATION_ECRITURE_COMPTABLES_ARTICLE_dag queued_at:2025-02-10 23:38:36.522147+00:00
[2025-02-10T23:38:41.215+0000] {logging_mixin.py:190} INFO - Task hostname:b6443be51f35 operator:BranchPythonOperator
[2025-02-10T23:38:41.257+0000] {local_task_job_runner.py:266} INFO - Task exited with return code 0
[2025-02-10T23:38:41.308+0000] {taskinstance.py:3895} INFO - 1 downstream tasks scheduled from follow-on schedule check
[2025-02-10T23:38:41.311+0000] {local_task_job_runner.py:245} INFO - ::endgroup::
