[2025-02-07T23:00:02.471+0000] {local_task_job_runner.py:123} INFO - ::group::Pre task execution logs
[2025-02-07T23:00:02.492+0000] {taskinstance.py:2613} INFO - Dependencies all met for dep_context=non-requeueable deps ti=<TaskInstance: directory_and_file_verification_dag.check_directory scheduled__2025-02-07T22:00:00+00:00 [queued]>
[2025-02-07T23:00:02.500+0000] {taskinstance.py:2613} INFO - Dependencies all met for dep_context=requeueable deps ti=<TaskInstance: directory_and_file_verification_dag.check_directory scheduled__2025-02-07T22:00:00+00:00 [queued]>
[2025-02-07T23:00:02.501+0000] {taskinstance.py:2866} INFO - Starting attempt 1 of 1
[2025-02-07T23:00:02.515+0000] {taskinstance.py:2889} INFO - Executing <Task(BranchPythonOperator): check_directory> on 2025-02-07 22:00:00+00:00
[2025-02-07T23:00:02.521+0000] {warnings.py:112} WARNING - /home/***/.local/lib/python3.12/site-packages/***/task/task_runner/standard_task_runner.py:70: DeprecationWarning: This process (pid=20597) is multi-threaded, use of fork() may lead to deadlocks in the child.
  pid = os.fork()

[2025-02-07T23:00:02.523+0000] {standard_task_runner.py:72} INFO - Started process 20599 to run task
[2025-02-07T23:00:02.524+0000] {standard_task_runner.py:104} INFO - Running: ['***', 'tasks', 'run', 'directory_and_file_verification_dag', 'check_directory', 'scheduled__2025-02-07T22:00:00+00:00', '--job-id', '1131', '--raw', '--subdir', 'DAGS_FOLDER/my_directory_and_file_checker.py', '--cfg-path', '/tmp/tmpdt410kzq']
[2025-02-07T23:00:02.525+0000] {standard_task_runner.py:105} INFO - Job 1131: Subtask check_directory
[2025-02-07T23:00:02.572+0000] {task_command.py:467} INFO - Running <TaskInstance: directory_and_file_verification_dag.check_directory scheduled__2025-02-07T22:00:00+00:00 [running]> on host 003b7fbea265
[2025-02-07T23:00:02.831+0000] {taskinstance.py:3132} INFO - Exporting env vars: AIRFLOW_CTX_DAG_OWNER='***' AIRFLOW_CTX_DAG_ID='directory_and_file_verification_dag' AIRFLOW_CTX_TASK_ID='check_directory' AIRFLOW_CTX_EXECUTION_DATE='2025-02-07T22:00:00+00:00' AIRFLOW_CTX_TRY_NUMBER='1' AIRFLOW_CTX_DAG_RUN_ID='scheduled__2025-02-07T22:00:00+00:00'
[2025-02-07T23:00:02.832+0000] {logging_mixin.py:190} INFO - Task instance is in running state
[2025-02-07T23:00:02.833+0000] {logging_mixin.py:190} INFO -  Previous state of the Task instance: queued
[2025-02-07T23:00:02.833+0000] {logging_mixin.py:190} INFO - Current task name:check_directory state:running start_date:2025-02-07 23:00:02.492882+00:00
[2025-02-07T23:00:02.834+0000] {logging_mixin.py:190} INFO - Dag name:directory_and_file_verification_dag and current dag run status:running
[2025-02-07T23:00:02.835+0000] {taskinstance.py:731} INFO - ::endgroup::
[2025-02-07T23:00:02.835+0000] {baseoperator.py:421} WARNING - BranchPythonOperator.execute cannot be called outside TaskInstance!
[2025-02-07T23:00:02.839+0000] {logging_mixin.py:190} INFO - borusss ['in', 'logs', 'out', 'statu_date_execution.txt', 'succes_date_execution.txt', 'test', 'Écritures - Copie.csv.bak', 'Écritures comptables article.csv.bak', 'Écritures.csv.bak']
[2025-02-07T23:00:02.840+0000] {python.py:240} INFO - Done. Returned value was: check_file_in_directory
[2025-02-07T23:00:02.840+0000] {branch.py:38} INFO - Branch into check_file_in_directory
[2025-02-07T23:00:02.841+0000] {skipmixin.py:230} INFO - Following branch ('check_file_in_directory',)
[2025-02-07T23:00:02.849+0000] {skipmixin.py:278} INFO - Skipping tasks []
[2025-02-07T23:00:02.872+0000] {taskinstance.py:340} INFO - ::group::Post task execution logs
[2025-02-07T23:00:02.873+0000] {taskinstance.py:352} INFO - Marking task as SUCCESS. dag_id=directory_and_file_verification_dag, task_id=check_directory, run_id=scheduled__2025-02-07T22:00:00+00:00, execution_date=20250207T220000, start_date=20250207T230002, end_date=20250207T230002
[2025-02-07T23:00:02.882+0000] {logging_mixin.py:190} INFO - Task instance in success state
[2025-02-07T23:00:02.883+0000] {logging_mixin.py:190} INFO -  Previous state of the Task instance: running
[2025-02-07T23:00:02.883+0000] {logging_mixin.py:190} INFO - Dag name:directory_and_file_verification_dag queued_at:2025-02-07 23:00:00.790318+00:00
[2025-02-07T23:00:02.884+0000] {logging_mixin.py:190} INFO - Task hostname:003b7fbea265 operator:BranchPythonOperator
[2025-02-07T23:00:02.899+0000] {local_task_job_runner.py:266} INFO - Task exited with return code 0
[2025-02-07T23:00:02.927+0000] {taskinstance.py:3895} INFO - 1 downstream tasks scheduled from follow-on schedule check
[2025-02-07T23:00:02.931+0000] {local_task_job_runner.py:245} INFO - ::endgroup::
[2025-02-07T23:12:15.349+0000] {local_task_job_runner.py:123} INFO - ::group::Pre task execution logs
[2025-02-07T23:12:16.063+0000] {taskinstance.py:2613} INFO - Dependencies all met for dep_context=non-requeueable deps ti=<TaskInstance: directory_and_file_verification_dag.check_directory scheduled__2025-02-07T22:00:00+00:00 [queued]>
[2025-02-07T23:12:16.168+0000] {taskinstance.py:2613} INFO - Dependencies all met for dep_context=requeueable deps ti=<TaskInstance: directory_and_file_verification_dag.check_directory scheduled__2025-02-07T22:00:00+00:00 [queued]>
[2025-02-07T23:12:16.181+0000] {taskinstance.py:2866} INFO - Starting attempt 1 of 1
[2025-02-07T23:12:16.262+0000] {taskinstance.py:2889} INFO - Executing <Task(BranchPythonOperator): check_directory> on 2025-02-07 22:00:00+00:00
[2025-02-07T23:12:16.332+0000] {warnings.py:112} WARNING - /home/***/.local/lib/python3.12/site-packages/***/task/task_runner/standard_task_runner.py:70: DeprecationWarning: This process (pid=20909) is multi-threaded, use of fork() may lead to deadlocks in the child.
  pid = os.fork()

[2025-02-07T23:12:16.369+0000] {standard_task_runner.py:72} INFO - Started process 20926 to run task
[2025-02-07T23:12:16.366+0000] {standard_task_runner.py:104} INFO - Running: ['***', 'tasks', 'run', 'directory_and_file_verification_dag', 'check_directory', 'scheduled__2025-02-07T22:00:00+00:00', '--job-id', '1173', '--raw', '--subdir', 'DAGS_FOLDER/my_directory_and_file_checker.py', '--cfg-path', '/tmp/tmpth21d2y1']
[2025-02-07T23:12:16.387+0000] {standard_task_runner.py:105} INFO - Job 1173: Subtask check_directory
[2025-02-07T23:12:16.674+0000] {task_command.py:467} INFO - Running <TaskInstance: directory_and_file_verification_dag.check_directory scheduled__2025-02-07T22:00:00+00:00 [running]> on host 003b7fbea265
[2025-02-07T23:12:17.088+0000] {taskinstance.py:3132} INFO - Exporting env vars: AIRFLOW_CTX_DAG_OWNER='***' AIRFLOW_CTX_DAG_ID='directory_and_file_verification_dag' AIRFLOW_CTX_TASK_ID='check_directory' AIRFLOW_CTX_EXECUTION_DATE='2025-02-07T22:00:00+00:00' AIRFLOW_CTX_TRY_NUMBER='1' AIRFLOW_CTX_DAG_RUN_ID='scheduled__2025-02-07T22:00:00+00:00'
[2025-02-07T23:12:17.120+0000] {logging_mixin.py:190} INFO - Task instance is in running state
[2025-02-07T23:12:17.155+0000] {logging_mixin.py:190} INFO -  Previous state of the Task instance: queued
[2025-02-07T23:12:17.199+0000] {logging_mixin.py:190} INFO - Current task name:check_directory state:running start_date:2025-02-07 23:12:16.076582+00:00
[2025-02-07T23:12:17.218+0000] {logging_mixin.py:190} INFO - Dag name:directory_and_file_verification_dag and current dag run status:running
[2025-02-07T23:12:17.220+0000] {taskinstance.py:731} INFO - ::endgroup::
[2025-02-07T23:12:17.234+0000] {baseoperator.py:421} WARNING - BranchPythonOperator.execute cannot be called outside TaskInstance!
[2025-02-07T23:12:17.278+0000] {logging_mixin.py:190} INFO - borusss ['in', 'logs', 'out', 'statu_date_execution.txt', 'succes_date_execution.txt', 'test', 'Écritures - Copie.csv.bak', 'Écritures comptables article.csv.bak', 'Écritures.csv.bak']
[2025-02-07T23:12:17.280+0000] {python.py:240} INFO - Done. Returned value was: check_file_in_directory
[2025-02-07T23:12:17.281+0000] {branch.py:38} INFO - Branch into check_file_in_directory
[2025-02-07T23:12:17.282+0000] {skipmixin.py:230} INFO - Following branch ('check_file_in_directory',)
[2025-02-07T23:12:17.303+0000] {skipmixin.py:278} INFO - Skipping tasks []
[2025-02-07T23:12:17.509+0000] {taskinstance.py:340} INFO - ::group::Post task execution logs
[2025-02-07T23:12:17.545+0000] {taskinstance.py:352} INFO - Marking task as SUCCESS. dag_id=directory_and_file_verification_dag, task_id=check_directory, run_id=scheduled__2025-02-07T22:00:00+00:00, execution_date=20250207T220000, start_date=20250207T231216, end_date=20250207T231217
[2025-02-07T23:12:17.698+0000] {logging_mixin.py:190} INFO - Task instance in success state
[2025-02-07T23:12:17.707+0000] {logging_mixin.py:190} INFO -  Previous state of the Task instance: running
[2025-02-07T23:12:17.732+0000] {logging_mixin.py:190} INFO - Dag name:directory_and_file_verification_dag queued_at:2025-02-07 23:12:09.405909+00:00
[2025-02-07T23:12:17.802+0000] {logging_mixin.py:190} INFO - Task hostname:003b7fbea265 operator:BranchPythonOperator
[2025-02-07T23:12:17.941+0000] {local_task_job_runner.py:266} INFO - Task exited with return code 0
[2025-02-07T23:12:18.061+0000] {local_task_job_runner.py:245} INFO - ::endgroup::
