[2025-02-07T22:33:20.502+0000] {local_task_job_runner.py:123} INFO - ::group::Pre task execution logs
[2025-02-07T22:33:21.512+0000] {taskinstance.py:2613} INFO - Dependencies all met for dep_context=non-requeueable deps ti=<TaskInstance: directory_and_file_verification_dag.check_directory scheduled__2025-02-07T05:10:00+00:00 [queued]>
[2025-02-07T22:33:21.599+0000] {taskinstance.py:2613} INFO - Dependencies all met for dep_context=requeueable deps ti=<TaskInstance: directory_and_file_verification_dag.check_directory scheduled__2025-02-07T05:10:00+00:00 [queued]>
[2025-02-07T22:33:21.616+0000] {taskinstance.py:2866} INFO - Starting attempt 1 of 1
[2025-02-07T22:33:21.859+0000] {taskinstance.py:2889} INFO - Executing <Task(BranchPythonOperator): check_directory> on 2025-02-07 05:10:00+00:00
[2025-02-07T22:33:21.896+0000] {warnings.py:112} WARNING - /home/***/.local/lib/python3.12/site-packages/***/task/task_runner/standard_task_runner.py:70: DeprecationWarning: This process (pid=19626) is multi-threaded, use of fork() may lead to deadlocks in the child.
  pid = os.fork()

[2025-02-07T22:33:21.978+0000] {standard_task_runner.py:72} INFO - Started process 19654 to run task
[2025-02-07T22:33:21.977+0000] {standard_task_runner.py:104} INFO - Running: ['***', 'tasks', 'run', 'directory_and_file_verification_dag', 'check_directory', 'scheduled__2025-02-07T05:10:00+00:00', '--job-id', '980', '--raw', '--subdir', 'DAGS_FOLDER/my_directory_and_file_checker.py', '--cfg-path', '/tmp/tmp2m9did2b']
[2025-02-07T22:33:22.015+0000] {standard_task_runner.py:105} INFO - Job 980: Subtask check_directory
[2025-02-07T22:33:22.366+0000] {task_command.py:467} INFO - Running <TaskInstance: directory_and_file_verification_dag.check_directory scheduled__2025-02-07T05:10:00+00:00 [running]> on host 003b7fbea265
[2025-02-07T22:33:23.283+0000] {taskinstance.py:3132} INFO - Exporting env vars: AIRFLOW_CTX_DAG_OWNER='***' AIRFLOW_CTX_DAG_ID='directory_and_file_verification_dag' AIRFLOW_CTX_TASK_ID='check_directory' AIRFLOW_CTX_EXECUTION_DATE='2025-02-07T05:10:00+00:00' AIRFLOW_CTX_TRY_NUMBER='1' AIRFLOW_CTX_DAG_RUN_ID='scheduled__2025-02-07T05:10:00+00:00'
[2025-02-07T22:33:23.291+0000] {logging_mixin.py:190} INFO - Task instance is in running state
[2025-02-07T22:33:23.293+0000] {logging_mixin.py:190} INFO -  Previous state of the Task instance: queued
[2025-02-07T22:33:23.295+0000] {logging_mixin.py:190} INFO - Current task name:check_directory state:running start_date:2025-02-07 22:33:21.521158+00:00
[2025-02-07T22:33:23.297+0000] {logging_mixin.py:190} INFO - Dag name:directory_and_file_verification_dag and current dag run status:running
[2025-02-07T22:33:23.298+0000] {taskinstance.py:731} INFO - ::endgroup::
[2025-02-07T22:33:23.301+0000] {baseoperator.py:421} WARNING - BranchPythonOperator.execute cannot be called outside TaskInstance!
[2025-02-07T22:33:23.325+0000] {logging_mixin.py:190} INFO - borusss ['in', 'logs', 'out', 'statu_date_execution.txt', 'succes_date_execution.txt', 'test', 'Écritures - Copie.csv.bak', 'Écritures comptables article.csv.bak', 'Écritures.csv.bak']
[2025-02-07T22:33:23.326+0000] {python.py:240} INFO - Done. Returned value was: check_file_in_directory
[2025-02-07T22:33:23.329+0000] {branch.py:38} INFO - Branch into check_file_in_directory
[2025-02-07T22:33:23.332+0000] {skipmixin.py:230} INFO - Following branch ('check_file_in_directory',)
[2025-02-07T22:33:23.384+0000] {skipmixin.py:278} INFO - Skipping tasks []
[2025-02-07T22:33:23.578+0000] {taskinstance.py:340} INFO - ::group::Post task execution logs
[2025-02-07T22:33:23.580+0000] {taskinstance.py:352} INFO - Marking task as SUCCESS. dag_id=directory_and_file_verification_dag, task_id=check_directory, run_id=scheduled__2025-02-07T05:10:00+00:00, execution_date=20250207T051000, start_date=20250207T223321, end_date=20250207T223323
[2025-02-07T22:33:23.653+0000] {logging_mixin.py:190} INFO - Task instance in success state
[2025-02-07T22:33:23.654+0000] {logging_mixin.py:190} INFO -  Previous state of the Task instance: running
[2025-02-07T22:33:23.655+0000] {logging_mixin.py:190} INFO - Dag name:directory_and_file_verification_dag queued_at:2025-02-07 22:33:02.667837+00:00
[2025-02-07T22:33:23.656+0000] {logging_mixin.py:190} INFO - Task hostname:003b7fbea265 operator:BranchPythonOperator
[2025-02-07T22:33:23.754+0000] {local_task_job_runner.py:266} INFO - Task exited with return code 0
[2025-02-07T22:33:23.797+0000] {local_task_job_runner.py:245} INFO - ::endgroup::
