[2025-02-08T16:50:52.380+0000] {local_task_job_runner.py:123} INFO - ::group::Pre task execution logs
[2025-02-08T16:50:52.404+0000] {taskinstance.py:2613} INFO - Dependencies all met for dep_context=non-requeueable deps ti=<TaskInstance: directory_and_file_verification_dag.check_directory manual__2025-02-08T16:50:49.960721+00:00 [queued]>
[2025-02-08T16:50:52.415+0000] {taskinstance.py:2613} INFO - Dependencies all met for dep_context=requeueable deps ti=<TaskInstance: directory_and_file_verification_dag.check_directory manual__2025-02-08T16:50:49.960721+00:00 [queued]>
[2025-02-08T16:50:52.416+0000] {taskinstance.py:2866} INFO - Starting attempt 1 of 1
[2025-02-08T16:50:52.432+0000] {taskinstance.py:2889} INFO - Executing <Task(BranchPythonOperator): check_directory> on 2025-02-08 16:50:49.960721+00:00
[2025-02-08T16:50:52.440+0000] {warnings.py:112} WARNING - /home/***/.local/lib/python3.12/site-packages/***/task/task_runner/standard_task_runner.py:70: DeprecationWarning: This process (pid=4467) is multi-threaded, use of fork() may lead to deadlocks in the child.
  pid = os.fork()

[2025-02-08T16:50:52.442+0000] {standard_task_runner.py:72} INFO - Started process 4469 to run task
[2025-02-08T16:50:52.443+0000] {standard_task_runner.py:104} INFO - Running: ['***', 'tasks', 'run', 'directory_and_file_verification_dag', 'check_directory', 'manual__2025-02-08T16:50:49.960721+00:00', '--job-id', '1318', '--raw', '--subdir', 'DAGS_FOLDER/my_directory_and_file_checker.py', '--cfg-path', '/tmp/tmpaztxhsh_']
[2025-02-08T16:50:52.444+0000] {standard_task_runner.py:105} INFO - Job 1318: Subtask check_directory
[2025-02-08T16:50:52.504+0000] {task_command.py:467} INFO - Running <TaskInstance: directory_and_file_verification_dag.check_directory manual__2025-02-08T16:50:49.960721+00:00 [running]> on host 003b7fbea265
[2025-02-08T16:50:52.605+0000] {taskinstance.py:3132} INFO - Exporting env vars: AIRFLOW_CTX_DAG_OWNER='***' AIRFLOW_CTX_DAG_ID='directory_and_file_verification_dag' AIRFLOW_CTX_TASK_ID='check_directory' AIRFLOW_CTX_EXECUTION_DATE='2025-02-08T16:50:49.960721+00:00' AIRFLOW_CTX_TRY_NUMBER='1' AIRFLOW_CTX_DAG_RUN_ID='manual__2025-02-08T16:50:49.960721+00:00'
[2025-02-08T16:50:52.608+0000] {logging_mixin.py:190} INFO - Task instance is in running state
[2025-02-08T16:50:52.609+0000] {logging_mixin.py:190} INFO -  Previous state of the Task instance: queued
[2025-02-08T16:50:52.609+0000] {logging_mixin.py:190} INFO - Current task name:check_directory state:running start_date:2025-02-08 16:50:52.405089+00:00
[2025-02-08T16:50:52.610+0000] {logging_mixin.py:190} INFO - Dag name:directory_and_file_verification_dag and current dag run status:running
[2025-02-08T16:50:52.611+0000] {taskinstance.py:731} INFO - ::endgroup::
[2025-02-08T16:50:52.611+0000] {baseoperator.py:421} WARNING - BranchPythonOperator.execute cannot be called outside TaskInstance!
[2025-02-08T16:50:52.612+0000] {python.py:240} INFO - Done. Returned value was: check_file_in_directory
[2025-02-08T16:50:52.613+0000] {branch.py:38} INFO - Branch into check_file_in_directory
[2025-02-08T16:50:52.614+0000] {skipmixin.py:230} INFO - Following branch ('check_file_in_directory',)
[2025-02-08T16:50:52.865+0000] {skipmixin.py:278} INFO - Skipping tasks []
[2025-02-08T16:50:52.905+0000] {taskinstance.py:340} INFO - ::group::Post task execution logs
[2025-02-08T16:50:52.906+0000] {taskinstance.py:352} INFO - Marking task as SUCCESS. dag_id=directory_and_file_verification_dag, task_id=check_directory, run_id=manual__2025-02-08T16:50:49.960721+00:00, execution_date=20250208T165049, start_date=20250208T165052, end_date=20250208T165052
[2025-02-08T16:50:52.923+0000] {logging_mixin.py:190} INFO - Task instance in success state
[2025-02-08T16:50:52.925+0000] {logging_mixin.py:190} INFO -  Previous state of the Task instance: running
[2025-02-08T16:50:52.926+0000] {logging_mixin.py:190} INFO - Dag name:directory_and_file_verification_dag queued_at:2025-02-08 16:50:49.971337+00:00
[2025-02-08T16:50:52.927+0000] {logging_mixin.py:190} INFO - Task hostname:003b7fbea265 operator:BranchPythonOperator
[2025-02-08T16:50:52.979+0000] {local_task_job_runner.py:266} INFO - Task exited with return code 0
[2025-02-08T16:50:53.027+0000] {taskinstance.py:3895} INFO - 1 downstream tasks scheduled from follow-on schedule check
[2025-02-08T16:50:53.031+0000] {local_task_job_runner.py:245} INFO - ::endgroup::
