[2025-02-11T00:25:05.073+0000] {local_task_job_runner.py:123} INFO - ::group::Pre task execution logs
[2025-02-11T00:25:05.207+0000] {taskinstance.py:2613} INFO - Dependencies all met for dep_context=non-requeueable deps ti=<TaskInstance: IMPORTATION_ECRITURE_COMPTABLES_ARTICLE_dag.check_file_in_directory scheduled__2025-02-11T00:24:00+00:00 [queued]>
[2025-02-11T00:25:05.217+0000] {taskinstance.py:2613} INFO - Dependencies all met for dep_context=requeueable deps ti=<TaskInstance: IMPORTATION_ECRITURE_COMPTABLES_ARTICLE_dag.check_file_in_directory scheduled__2025-02-11T00:24:00+00:00 [queued]>
[2025-02-11T00:25:05.218+0000] {taskinstance.py:2866} INFO - Starting attempt 1 of 2
[2025-02-11T00:25:05.232+0000] {taskinstance.py:2889} INFO - Executing <Task(BranchPythonOperator): check_file_in_directory> on 2025-02-11 00:24:00+00:00
[2025-02-11T00:25:05.238+0000] {warnings.py:112} WARNING - /home/***/.local/lib/python3.12/site-packages/***/task/task_runner/standard_task_runner.py:70: DeprecationWarning: This process (pid=3571) is multi-threaded, use of fork() may lead to deadlocks in the child.
  pid = os.fork()

[2025-02-11T00:25:05.240+0000] {standard_task_runner.py:72} INFO - Started process 3573 to run task
[2025-02-11T00:25:05.241+0000] {standard_task_runner.py:104} INFO - Running: ['***', 'tasks', 'run', 'IMPORTATION_ECRITURE_COMPTABLES_ARTICLE_dag', 'check_file_in_directory', 'scheduled__2025-02-11T00:24:00+00:00', '--job-id', '1708', '--raw', '--subdir', 'DAGS_FOLDER/my_directory_and_file_checker.py', '--cfg-path', '/tmp/tmpvreqr58b']
[2025-02-11T00:25:05.242+0000] {standard_task_runner.py:105} INFO - Job 1708: Subtask check_file_in_directory
[2025-02-11T00:25:05.285+0000] {task_command.py:467} INFO - Running <TaskInstance: IMPORTATION_ECRITURE_COMPTABLES_ARTICLE_dag.check_file_in_directory scheduled__2025-02-11T00:24:00+00:00 [running]> on host b6443be51f35
[2025-02-11T00:25:05.364+0000] {taskinstance.py:3132} INFO - Exporting env vars: AIRFLOW_CTX_DAG_OWNER='***' AIRFLOW_CTX_DAG_ID='IMPORTATION_ECRITURE_COMPTABLES_ARTICLE_dag' AIRFLOW_CTX_TASK_ID='check_file_in_directory' AIRFLOW_CTX_EXECUTION_DATE='2025-02-11T00:24:00+00:00' AIRFLOW_CTX_TRY_NUMBER='1' AIRFLOW_CTX_DAG_RUN_ID='scheduled__2025-02-11T00:24:00+00:00'
[2025-02-11T00:25:05.365+0000] {logging_mixin.py:190} INFO - Task instance is in running state
[2025-02-11T00:25:05.366+0000] {logging_mixin.py:190} INFO -  Previous state of the Task instance: queued
[2025-02-11T00:25:05.366+0000] {logging_mixin.py:190} INFO - Current task name:check_file_in_directory state:running start_date:2025-02-11 00:25:05.208030+00:00
[2025-02-11T00:25:05.367+0000] {logging_mixin.py:190} INFO - Dag name:IMPORTATION_ECRITURE_COMPTABLES_ARTICLE_dag and current dag run status:running
[2025-02-11T00:25:05.368+0000] {taskinstance.py:731} INFO - ::endgroup::
[2025-02-11T00:25:05.369+0000] {baseoperator.py:421} WARNING - BranchPythonOperator.execute cannot be called outside TaskInstance!
[2025-02-11T00:25:05.370+0000] {logging_mixin.py:190} INFO - ca marche /opt/***/files/in ['.csv']
[2025-02-11T00:25:05.374+0000] {python.py:240} INFO - Done. Returned value was: verify_file_reliability
[2025-02-11T00:25:05.374+0000] {branch.py:38} INFO - Branch into verify_file_reliability
[2025-02-11T00:25:05.375+0000] {skipmixin.py:230} INFO - Following branch ('verify_file_reliability',)
[2025-02-11T00:25:05.385+0000] {skipmixin.py:278} INFO - Skipping tasks []
[2025-02-11T00:25:05.410+0000] {taskinstance.py:340} INFO - ::group::Post task execution logs
[2025-02-11T00:25:05.411+0000] {taskinstance.py:352} INFO - Marking task as SUCCESS. dag_id=IMPORTATION_ECRITURE_COMPTABLES_ARTICLE_dag, task_id=check_file_in_directory, run_id=scheduled__2025-02-11T00:24:00+00:00, execution_date=20250211T002400, start_date=20250211T002505, end_date=20250211T002505
[2025-02-11T00:25:05.419+0000] {logging_mixin.py:190} INFO - Task instance in success state
[2025-02-11T00:25:05.420+0000] {logging_mixin.py:190} INFO -  Previous state of the Task instance: running
[2025-02-11T00:25:05.421+0000] {logging_mixin.py:190} INFO - Dag name:IMPORTATION_ECRITURE_COMPTABLES_ARTICLE_dag queued_at:2025-02-11 00:25:00.546667+00:00
[2025-02-11T00:25:05.421+0000] {logging_mixin.py:190} INFO - Task hostname:b6443be51f35 operator:BranchPythonOperator
[2025-02-11T00:25:05.456+0000] {local_task_job_runner.py:266} INFO - Task exited with return code 0
[2025-02-11T00:25:05.483+0000] {taskinstance.py:3895} INFO - 1 downstream tasks scheduled from follow-on schedule check
[2025-02-11T00:25:05.486+0000] {local_task_job_runner.py:245} INFO - ::endgroup::
[2025-02-11T00:25:38.362+0000] {local_task_job_runner.py:123} INFO - ::group::Pre task execution logs
[2025-02-11T00:25:38.479+0000] {taskinstance.py:2613} INFO - Dependencies all met for dep_context=non-requeueable deps ti=<TaskInstance: IMPORTATION_ECRITURE_COMPTABLES_ARTICLE_dag.check_file_in_directory scheduled__2025-02-11T00:24:00+00:00 [queued]>
[2025-02-11T00:25:38.488+0000] {taskinstance.py:2613} INFO - Dependencies all met for dep_context=requeueable deps ti=<TaskInstance: IMPORTATION_ECRITURE_COMPTABLES_ARTICLE_dag.check_file_in_directory scheduled__2025-02-11T00:24:00+00:00 [queued]>
[2025-02-11T00:25:38.489+0000] {taskinstance.py:2866} INFO - Starting attempt 1 of 2
[2025-02-11T00:25:38.501+0000] {taskinstance.py:2889} INFO - Executing <Task(BranchPythonOperator): check_file_in_directory> on 2025-02-11 00:24:00+00:00
[2025-02-11T00:25:38.507+0000] {warnings.py:112} WARNING - /home/***/.local/lib/python3.12/site-packages/***/task/task_runner/standard_task_runner.py:70: DeprecationWarning: This process (pid=3602) is multi-threaded, use of fork() may lead to deadlocks in the child.
  pid = os.fork()

[2025-02-11T00:25:38.508+0000] {standard_task_runner.py:104} INFO - Running: ['***', 'tasks', 'run', 'IMPORTATION_ECRITURE_COMPTABLES_ARTICLE_dag', 'check_file_in_directory', 'scheduled__2025-02-11T00:24:00+00:00', '--job-id', '1714', '--raw', '--subdir', 'DAGS_FOLDER/my_directory_and_file_checker.py', '--cfg-path', '/tmp/tmpet5abzcm']
[2025-02-11T00:25:38.509+0000] {standard_task_runner.py:72} INFO - Started process 3604 to run task
[2025-02-11T00:25:38.509+0000] {standard_task_runner.py:105} INFO - Job 1714: Subtask check_file_in_directory
[2025-02-11T00:25:38.550+0000] {task_command.py:467} INFO - Running <TaskInstance: IMPORTATION_ECRITURE_COMPTABLES_ARTICLE_dag.check_file_in_directory scheduled__2025-02-11T00:24:00+00:00 [running]> on host b6443be51f35
[2025-02-11T00:25:38.616+0000] {taskinstance.py:3132} INFO - Exporting env vars: AIRFLOW_CTX_DAG_OWNER='***' AIRFLOW_CTX_DAG_ID='IMPORTATION_ECRITURE_COMPTABLES_ARTICLE_dag' AIRFLOW_CTX_TASK_ID='check_file_in_directory' AIRFLOW_CTX_EXECUTION_DATE='2025-02-11T00:24:00+00:00' AIRFLOW_CTX_TRY_NUMBER='1' AIRFLOW_CTX_DAG_RUN_ID='scheduled__2025-02-11T00:24:00+00:00'
[2025-02-11T00:25:38.618+0000] {logging_mixin.py:190} INFO - Task instance is in running state
[2025-02-11T00:25:38.618+0000] {logging_mixin.py:190} INFO -  Previous state of the Task instance: queued
[2025-02-11T00:25:38.619+0000] {logging_mixin.py:190} INFO - Current task name:check_file_in_directory state:running start_date:2025-02-11 00:25:38.480752+00:00
[2025-02-11T00:25:38.620+0000] {logging_mixin.py:190} INFO - Dag name:IMPORTATION_ECRITURE_COMPTABLES_ARTICLE_dag and current dag run status:running
[2025-02-11T00:25:38.620+0000] {taskinstance.py:731} INFO - ::endgroup::
[2025-02-11T00:25:38.622+0000] {baseoperator.py:421} WARNING - BranchPythonOperator.execute cannot be called outside TaskInstance!
[2025-02-11T00:25:38.623+0000] {logging_mixin.py:190} INFO - ca marche /opt/***/files/in ['.csv']
[2025-02-11T00:25:38.627+0000] {python.py:240} INFO - Done. Returned value was: verify_file_reliability
[2025-02-11T00:25:38.628+0000] {branch.py:38} INFO - Branch into verify_file_reliability
[2025-02-11T00:25:38.628+0000] {skipmixin.py:230} INFO - Following branch ('verify_file_reliability',)
[2025-02-11T00:25:38.640+0000] {skipmixin.py:278} INFO - Skipping tasks []
[2025-02-11T00:25:38.665+0000] {taskinstance.py:340} INFO - ::group::Post task execution logs
[2025-02-11T00:25:38.666+0000] {taskinstance.py:352} INFO - Marking task as SUCCESS. dag_id=IMPORTATION_ECRITURE_COMPTABLES_ARTICLE_dag, task_id=check_file_in_directory, run_id=scheduled__2025-02-11T00:24:00+00:00, execution_date=20250211T002400, start_date=20250211T002538, end_date=20250211T002538
[2025-02-11T00:25:38.675+0000] {logging_mixin.py:190} INFO - Task instance in success state
[2025-02-11T00:25:38.675+0000] {logging_mixin.py:190} INFO -  Previous state of the Task instance: running
[2025-02-11T00:25:38.676+0000] {logging_mixin.py:190} INFO - Dag name:IMPORTATION_ECRITURE_COMPTABLES_ARTICLE_dag queued_at:2025-02-11 00:25:34.389065+00:00
[2025-02-11T00:25:38.676+0000] {logging_mixin.py:190} INFO - Task hostname:b6443be51f35 operator:BranchPythonOperator
[2025-02-11T00:25:38.684+0000] {local_task_job_runner.py:266} INFO - Task exited with return code 0
[2025-02-11T00:25:38.709+0000] {taskinstance.py:3895} INFO - 1 downstream tasks scheduled from follow-on schedule check
[2025-02-11T00:25:38.712+0000] {local_task_job_runner.py:245} INFO - ::endgroup::
