[2025-02-10T20:41:02.023+0000] {local_task_job_runner.py:123} INFO - ::group::Pre task execution logs
[2025-02-10T20:41:02.179+0000] {taskinstance.py:2613} INFO - Dependencies all met for dep_context=non-requeueable deps ti=<TaskInstance: IMPORTATION_ECRITURE_COMPTABLES_ARTICLE_dag.check_directory scheduled__2025-02-10T20:40:00+00:00 [queued]>
[2025-02-10T20:41:02.188+0000] {taskinstance.py:2613} INFO - Dependencies all met for dep_context=requeueable deps ti=<TaskInstance: IMPORTATION_ECRITURE_COMPTABLES_ARTICLE_dag.check_directory scheduled__2025-02-10T20:40:00+00:00 [queued]>
[2025-02-10T20:41:02.189+0000] {taskinstance.py:2866} INFO - Starting attempt 1 of 2
[2025-02-10T20:41:02.207+0000] {taskinstance.py:2889} INFO - Executing <Task(BranchPythonOperator): check_directory> on 2025-02-10 20:40:00+00:00
[2025-02-10T20:41:02.216+0000] {warnings.py:112} WARNING - /home/***/.local/lib/python3.12/site-packages/***/task/task_runner/standard_task_runner.py:70: DeprecationWarning: This process (pid=1456) is multi-threaded, use of fork() may lead to deadlocks in the child.
  pid = os.fork()

[2025-02-10T20:41:02.218+0000] {standard_task_runner.py:72} INFO - Started process 1458 to run task
[2025-02-10T20:41:02.218+0000] {standard_task_runner.py:104} INFO - Running: ['***', 'tasks', 'run', 'IMPORTATION_ECRITURE_COMPTABLES_ARTICLE_dag', 'check_directory', 'scheduled__2025-02-10T20:40:00+00:00', '--job-id', '901', '--raw', '--subdir', 'DAGS_FOLDER/my_directory_and_file_checker.py', '--cfg-path', '/tmp/tmp5rezk_le']
[2025-02-10T20:41:02.219+0000] {standard_task_runner.py:105} INFO - Job 901: Subtask check_directory
[2025-02-10T20:41:02.276+0000] {task_command.py:467} INFO - Running <TaskInstance: IMPORTATION_ECRITURE_COMPTABLES_ARTICLE_dag.check_directory scheduled__2025-02-10T20:40:00+00:00 [running]> on host b6443be51f35
[2025-02-10T20:41:02.377+0000] {taskinstance.py:3132} INFO - Exporting env vars: AIRFLOW_CTX_DAG_OWNER='***' AIRFLOW_CTX_DAG_ID='IMPORTATION_ECRITURE_COMPTABLES_ARTICLE_dag' AIRFLOW_CTX_TASK_ID='check_directory' AIRFLOW_CTX_EXECUTION_DATE='2025-02-10T20:40:00+00:00' AIRFLOW_CTX_TRY_NUMBER='1' AIRFLOW_CTX_DAG_RUN_ID='scheduled__2025-02-10T20:40:00+00:00'
[2025-02-10T20:41:02.378+0000] {logging_mixin.py:190} INFO - Task instance is in running state
[2025-02-10T20:41:02.379+0000] {logging_mixin.py:190} INFO -  Previous state of the Task instance: queued
[2025-02-10T20:41:02.380+0000] {logging_mixin.py:190} INFO - Current task name:check_directory state:running start_date:2025-02-10 20:41:02.180709+00:00
[2025-02-10T20:41:02.380+0000] {logging_mixin.py:190} INFO - Dag name:IMPORTATION_ECRITURE_COMPTABLES_ARTICLE_dag and current dag run status:running
[2025-02-10T20:41:02.381+0000] {taskinstance.py:731} INFO - ::endgroup::
[2025-02-10T20:41:02.382+0000] {baseoperator.py:421} WARNING - BranchPythonOperator.execute cannot be called outside TaskInstance!
[2025-02-10T20:41:02.383+0000] {python.py:240} INFO - Done. Returned value was: check_file_in_directory
[2025-02-10T20:41:02.383+0000] {branch.py:38} INFO - Branch into check_file_in_directory
[2025-02-10T20:41:02.384+0000] {skipmixin.py:230} INFO - Following branch ('check_file_in_directory',)
[2025-02-10T20:41:02.396+0000] {skipmixin.py:278} INFO - Skipping tasks []
[2025-02-10T20:41:02.424+0000] {taskinstance.py:340} INFO - ::group::Post task execution logs
[2025-02-10T20:41:02.425+0000] {taskinstance.py:352} INFO - Marking task as SUCCESS. dag_id=IMPORTATION_ECRITURE_COMPTABLES_ARTICLE_dag, task_id=check_directory, run_id=scheduled__2025-02-10T20:40:00+00:00, execution_date=20250210T204000, start_date=20250210T204102, end_date=20250210T204102
[2025-02-10T20:41:02.435+0000] {logging_mixin.py:190} INFO - Task instance in success state
[2025-02-10T20:41:02.436+0000] {logging_mixin.py:190} INFO -  Previous state of the Task instance: running
[2025-02-10T20:41:02.436+0000] {logging_mixin.py:190} INFO - Dag name:IMPORTATION_ECRITURE_COMPTABLES_ARTICLE_dag queued_at:2025-02-10 20:41:00.562060+00:00
[2025-02-10T20:41:02.437+0000] {logging_mixin.py:190} INFO - Task hostname:b6443be51f35 operator:BranchPythonOperator
[2025-02-10T20:41:02.473+0000] {local_task_job_runner.py:266} INFO - Task exited with return code 0
[2025-02-10T20:41:02.504+0000] {taskinstance.py:3895} INFO - 1 downstream tasks scheduled from follow-on schedule check
[2025-02-10T20:41:02.507+0000] {local_task_job_runner.py:245} INFO - ::endgroup::
[2025-02-10T20:41:52.264+0000] {local_task_job_runner.py:123} INFO - ::group::Pre task execution logs
[2025-02-10T20:41:52.379+0000] {taskinstance.py:2613} INFO - Dependencies all met for dep_context=non-requeueable deps ti=<TaskInstance: IMPORTATION_ECRITURE_COMPTABLES_ARTICLE_dag.check_directory scheduled__2025-02-10T20:40:00+00:00 [queued]>
[2025-02-10T20:41:52.387+0000] {taskinstance.py:2613} INFO - Dependencies all met for dep_context=requeueable deps ti=<TaskInstance: IMPORTATION_ECRITURE_COMPTABLES_ARTICLE_dag.check_directory scheduled__2025-02-10T20:40:00+00:00 [queued]>
[2025-02-10T20:41:52.387+0000] {taskinstance.py:2866} INFO - Starting attempt 1 of 2
[2025-02-10T20:41:52.399+0000] {taskinstance.py:2889} INFO - Executing <Task(BranchPythonOperator): check_directory> on 2025-02-10 20:40:00+00:00
[2025-02-10T20:41:52.406+0000] {warnings.py:112} WARNING - /home/***/.local/lib/python3.12/site-packages/***/task/task_runner/standard_task_runner.py:70: DeprecationWarning: This process (pid=1488) is multi-threaded, use of fork() may lead to deadlocks in the child.
  pid = os.fork()

[2025-02-10T20:41:52.408+0000] {standard_task_runner.py:72} INFO - Started process 1490 to run task
[2025-02-10T20:41:52.408+0000] {standard_task_runner.py:104} INFO - Running: ['***', 'tasks', 'run', 'IMPORTATION_ECRITURE_COMPTABLES_ARTICLE_dag', 'check_directory', 'scheduled__2025-02-10T20:40:00+00:00', '--job-id', '907', '--raw', '--subdir', 'DAGS_FOLDER/my_directory_and_file_checker.py', '--cfg-path', '/tmp/tmpzk7ii2up']
[2025-02-10T20:41:52.409+0000] {standard_task_runner.py:105} INFO - Job 907: Subtask check_directory
[2025-02-10T20:41:52.454+0000] {task_command.py:467} INFO - Running <TaskInstance: IMPORTATION_ECRITURE_COMPTABLES_ARTICLE_dag.check_directory scheduled__2025-02-10T20:40:00+00:00 [running]> on host b6443be51f35
[2025-02-10T20:41:52.535+0000] {taskinstance.py:3132} INFO - Exporting env vars: AIRFLOW_CTX_DAG_OWNER='***' AIRFLOW_CTX_DAG_ID='IMPORTATION_ECRITURE_COMPTABLES_ARTICLE_dag' AIRFLOW_CTX_TASK_ID='check_directory' AIRFLOW_CTX_EXECUTION_DATE='2025-02-10T20:40:00+00:00' AIRFLOW_CTX_TRY_NUMBER='1' AIRFLOW_CTX_DAG_RUN_ID='scheduled__2025-02-10T20:40:00+00:00'
[2025-02-10T20:41:52.537+0000] {logging_mixin.py:190} INFO - Task instance is in running state
[2025-02-10T20:41:52.537+0000] {logging_mixin.py:190} INFO -  Previous state of the Task instance: queued
[2025-02-10T20:41:52.538+0000] {logging_mixin.py:190} INFO - Current task name:check_directory state:running start_date:2025-02-10 20:41:52.380756+00:00
[2025-02-10T20:41:52.539+0000] {logging_mixin.py:190} INFO - Dag name:IMPORTATION_ECRITURE_COMPTABLES_ARTICLE_dag and current dag run status:running
[2025-02-10T20:41:52.539+0000] {taskinstance.py:731} INFO - ::endgroup::
[2025-02-10T20:41:52.540+0000] {baseoperator.py:421} WARNING - BranchPythonOperator.execute cannot be called outside TaskInstance!
[2025-02-10T20:41:52.541+0000] {python.py:240} INFO - Done. Returned value was: check_file_in_directory
[2025-02-10T20:41:52.542+0000] {branch.py:38} INFO - Branch into check_file_in_directory
[2025-02-10T20:41:52.543+0000] {skipmixin.py:230} INFO - Following branch ('check_file_in_directory',)
[2025-02-10T20:41:52.556+0000] {skipmixin.py:278} INFO - Skipping tasks []
[2025-02-10T20:41:52.585+0000] {taskinstance.py:340} INFO - ::group::Post task execution logs
[2025-02-10T20:41:52.585+0000] {taskinstance.py:352} INFO - Marking task as SUCCESS. dag_id=IMPORTATION_ECRITURE_COMPTABLES_ARTICLE_dag, task_id=check_directory, run_id=scheduled__2025-02-10T20:40:00+00:00, execution_date=20250210T204000, start_date=20250210T204152, end_date=20250210T204152
[2025-02-10T20:41:52.598+0000] {logging_mixin.py:190} INFO - Task instance in success state
[2025-02-10T20:41:52.599+0000] {logging_mixin.py:190} INFO -  Previous state of the Task instance: running
[2025-02-10T20:41:52.600+0000] {logging_mixin.py:190} INFO - Dag name:IMPORTATION_ECRITURE_COMPTABLES_ARTICLE_dag queued_at:2025-02-10 20:41:50.812173+00:00
[2025-02-10T20:41:52.600+0000] {logging_mixin.py:190} INFO - Task hostname:b6443be51f35 operator:BranchPythonOperator
[2025-02-10T20:41:52.624+0000] {local_task_job_runner.py:266} INFO - Task exited with return code 0
[2025-02-10T20:41:52.658+0000] {taskinstance.py:3895} INFO - 1 downstream tasks scheduled from follow-on schedule check
[2025-02-10T20:41:52.661+0000] {local_task_job_runner.py:245} INFO - ::endgroup::
