[2025-02-09T22:51:43.654+0000] {local_task_job_runner.py:123} INFO - ::group::Pre task execution logs
[2025-02-09T22:51:43.695+0000] {taskinstance.py:2613} INFO - Dependencies all met for dep_context=non-requeueable deps ti=<TaskInstance: directory_and_file_verification_dag.verify_file_reliability manual__2025-02-09T22:51:30.942798+00:00 [queued]>
[2025-02-09T22:51:43.928+0000] {taskinstance.py:2613} INFO - Dependencies all met for dep_context=requeueable deps ti=<TaskInstance: directory_and_file_verification_dag.verify_file_reliability manual__2025-02-09T22:51:30.942798+00:00 [queued]>
[2025-02-09T22:51:43.929+0000] {taskinstance.py:2866} INFO - Starting attempt 1 of 1
[2025-02-09T22:51:43.957+0000] {taskinstance.py:2889} INFO - Executing <Task(BranchPythonOperator): verify_file_reliability> on 2025-02-09 22:51:30.942798+00:00
[2025-02-09T22:51:43.970+0000] {warnings.py:112} WARNING - /home/***/.local/lib/python3.12/site-packages/***/task/task_runner/standard_task_runner.py:70: DeprecationWarning: This process (pid=4428) is multi-threaded, use of fork() may lead to deadlocks in the child.
  pid = os.fork()

[2025-02-09T22:51:43.972+0000] {standard_task_runner.py:72} INFO - Started process 4430 to run task
[2025-02-09T22:51:43.973+0000] {standard_task_runner.py:104} INFO - Running: ['***', 'tasks', 'run', 'directory_and_file_verification_dag', 'verify_file_reliability', 'manual__2025-02-09T22:51:30.942798+00:00', '--job-id', '113', '--raw', '--subdir', 'DAGS_FOLDER/my_directory_and_file_checker.py', '--cfg-path', '/tmp/tmpz8togf29']
[2025-02-09T22:51:43.976+0000] {standard_task_runner.py:105} INFO - Job 113: Subtask verify_file_reliability
[2025-02-09T22:51:44.071+0000] {task_command.py:467} INFO - Running <TaskInstance: directory_and_file_verification_dag.verify_file_reliability manual__2025-02-09T22:51:30.942798+00:00 [running]> on host b6443be51f35
[2025-02-09T22:51:44.260+0000] {taskinstance.py:3132} INFO - Exporting env vars: AIRFLOW_CTX_DAG_OWNER='***' AIRFLOW_CTX_DAG_ID='directory_and_file_verification_dag' AIRFLOW_CTX_TASK_ID='verify_file_reliability' AIRFLOW_CTX_EXECUTION_DATE='2025-02-09T22:51:30.942798+00:00' AIRFLOW_CTX_TRY_NUMBER='1' AIRFLOW_CTX_DAG_RUN_ID='manual__2025-02-09T22:51:30.942798+00:00'
[2025-02-09T22:51:44.262+0000] {logging_mixin.py:190} INFO - Task instance is in running state
[2025-02-09T22:51:44.263+0000] {logging_mixin.py:190} INFO -  Previous state of the Task instance: queued
[2025-02-09T22:51:44.264+0000] {logging_mixin.py:190} INFO - Current task name:verify_file_reliability state:running start_date:2025-02-09 22:51:43.696875+00:00
[2025-02-09T22:51:44.265+0000] {logging_mixin.py:190} INFO - Dag name:directory_and_file_verification_dag and current dag run status:running
[2025-02-09T22:51:44.265+0000] {taskinstance.py:731} INFO - ::endgroup::
[2025-02-09T22:51:44.267+0000] {baseoperator.py:421} WARNING - BranchPythonOperator.execute cannot be called outside TaskInstance!
[2025-02-09T22:51:44.268+0000] {logging_mixin.py:190} INFO - camarche22 /opt/***/files/in ['.csv'] ['utf-8', 'ISO-8859-1', 'Windows-1252']
[2025-02-09T22:51:44.306+0000] {logging_mixin.py:190} INFO - 
📂 Contenu du fichier (utf-8): Écritures comptables article.csv
[2025-02-09T22:51:44.326+0000] {logging_mixin.py:190} INFO -   Date comptabilisation      N° lot Type écriture N° document  N° séquence
0            16/12/2024         NaN         Vente   BL1900145        15735
1            16/12/2024         NaN         Vente      107012        15734
2            11/01/2025  16LABCDE24    Production   RPO000460        15733
3            11/01/2025  16LABCDE24    Production   RPO000460        15732
4            11/01/2025  16LABCDE24    Production   RPO000460        15731
[2025-02-09T22:51:46.458+0000] {logging_mixin.py:190} INFO - ✅Lignes  ('✅ Le fichier respecte les colonnes attendues et les types de données.', True) 10923
[2025-02-09T22:51:46.465+0000] {logging_mixin.py:190} INFO - merci
[2025-02-09T22:51:46.484+0000] {base.py:84} INFO - Retrieving connection 'mysql_conn'
[2025-02-09T22:51:46.509+0000] {logging_mixin.py:190} INFO - (('attendancedb',), ('caprostockdb',), ('information_schema',), ('mysql',), ('netvision_db',), ('performance_schema',), ('pointing_db',), ('posgpt_db',), ('pythondb',), ('sys',), ('testimportdb',))
[2025-02-09T22:51:46.588+0000] {logging_mixin.py:190} INFO - ⚠️ Données supprimées avant insertion.
[2025-02-09T22:51:47.763+0000] {sql.py:691} INFO - Loaded 1000 rows into temp_ecc so far
[2025-02-09T22:51:48.773+0000] {sql.py:691} INFO - Loaded 2000 rows into temp_ecc so far
[2025-02-09T22:51:50.179+0000] {sql.py:691} INFO - Loaded 3000 rows into temp_ecc so far
[2025-02-09T22:51:52.135+0000] {sql.py:691} INFO - Loaded 4000 rows into temp_ecc so far
[2025-02-09T22:51:53.739+0000] {sql.py:691} INFO - Loaded 5000 rows into temp_ecc so far
[2025-02-09T22:51:54.858+0000] {sql.py:691} INFO - Loaded 6000 rows into temp_ecc so far
[2025-02-09T22:51:55.846+0000] {sql.py:691} INFO - Loaded 7000 rows into temp_ecc so far
[2025-02-09T22:51:56.822+0000] {sql.py:691} INFO - Loaded 8000 rows into temp_ecc so far
[2025-02-09T22:51:57.871+0000] {sql.py:691} INFO - Loaded 9000 rows into temp_ecc so far
[2025-02-09T22:51:58.780+0000] {sql.py:691} INFO - Loaded 10000 rows into temp_ecc so far
[2025-02-09T22:51:59.621+0000] {sql.py:694} INFO - Done loading. Loaded a total of 10923 rows into temp_ecc
[2025-02-09T22:51:59.624+0000] {logging_mixin.py:190} INFO - connexion sql reussie True
[2025-02-09T22:51:59.657+0000] {logging_mixin.py:190} INFO - ❌ Erreur lors du déplacement du fichier : [Errno 13] Permission denied: '/opt/***/files/in/Écritures comptables article.csv'
[2025-02-09T22:51:59.662+0000] {python.py:240} INFO - Done. Returned value was: import_temp_ecc_to_ecc
[2025-02-09T22:51:59.662+0000] {branch.py:38} INFO - Branch into import_temp_ecc_to_ecc
[2025-02-09T22:51:59.663+0000] {skipmixin.py:230} INFO - Following branch ('import_temp_ecc_to_ecc',)
[2025-02-09T22:51:59.684+0000] {skipmixin.py:278} INFO - Skipping tasks []
[2025-02-09T22:51:59.722+0000] {taskinstance.py:340} INFO - ::group::Post task execution logs
[2025-02-09T22:51:59.724+0000] {taskinstance.py:352} INFO - Marking task as SUCCESS. dag_id=directory_and_file_verification_dag, task_id=verify_file_reliability, run_id=manual__2025-02-09T22:51:30.942798+00:00, execution_date=20250209T225130, start_date=20250209T225143, end_date=20250209T225159
[2025-02-09T22:51:59.741+0000] {logging_mixin.py:190} INFO - Task instance in success state
[2025-02-09T22:51:59.742+0000] {logging_mixin.py:190} INFO -  Previous state of the Task instance: running
[2025-02-09T22:51:59.742+0000] {logging_mixin.py:190} INFO - Dag name:directory_and_file_verification_dag queued_at:2025-02-09 22:51:30.980221+00:00
[2025-02-09T22:51:59.743+0000] {logging_mixin.py:190} INFO - Task hostname:b6443be51f35 operator:BranchPythonOperator
[2025-02-09T22:51:59.794+0000] {local_task_job_runner.py:266} INFO - Task exited with return code 0
[2025-02-09T22:51:59.838+0000] {taskinstance.py:3895} INFO - 1 downstream tasks scheduled from follow-on schedule check
[2025-02-09T22:51:59.842+0000] {local_task_job_runner.py:245} INFO - ::endgroup::
