[2025-02-14T00:21:04.492+0000] {local_task_job_runner.py:123} INFO - ::group::Pre task execution logs
[2025-02-14T00:21:04.620+0000] {taskinstance.py:2613} INFO - Dependencies all met for dep_context=non-requeueable deps ti=<TaskInstance: IMPORTATION_ECRITURE_COMPTABLES_ARTICLE_dag.check_file_in_directory scheduled__2025-02-14T00:20:00+00:00 [queued]>
[2025-02-14T00:21:04.631+0000] {taskinstance.py:2613} INFO - Dependencies all met for dep_context=requeueable deps ti=<TaskInstance: IMPORTATION_ECRITURE_COMPTABLES_ARTICLE_dag.check_file_in_directory scheduled__2025-02-14T00:20:00+00:00 [queued]>
[2025-02-14T00:21:04.632+0000] {taskinstance.py:2866} INFO - Starting attempt 1 of 2
[2025-02-14T00:21:04.645+0000] {taskinstance.py:2889} INFO - Executing <Task(BranchPythonOperator): check_file_in_directory> on 2025-02-14 00:20:00+00:00
[2025-02-14T00:21:04.651+0000] {warnings.py:112} WARNING - /home/***/.local/lib/python3.12/site-packages/***/task/task_runner/standard_task_runner.py:70: DeprecationWarning: This process (pid=1083) is multi-threaded, use of fork() may lead to deadlocks in the child.
  pid = os.fork()

[2025-02-14T00:21:04.652+0000] {standard_task_runner.py:72} INFO - Started process 1085 to run task
[2025-02-14T00:21:04.653+0000] {standard_task_runner.py:104} INFO - Running: ['***', 'tasks', 'run', 'IMPORTATION_ECRITURE_COMPTABLES_ARTICLE_dag', 'check_file_in_directory', 'scheduled__2025-02-14T00:20:00+00:00', '--job-id', '8749', '--raw', '--subdir', 'DAGS_FOLDER/my_directory_and_file_checker.py', '--cfg-path', '/tmp/tmpo1121lbn']
[2025-02-14T00:21:04.654+0000] {standard_task_runner.py:105} INFO - Job 8749: Subtask check_file_in_directory
[2025-02-14T00:21:04.696+0000] {task_command.py:467} INFO - Running <TaskInstance: IMPORTATION_ECRITURE_COMPTABLES_ARTICLE_dag.check_file_in_directory scheduled__2025-02-14T00:20:00+00:00 [running]> on host b6443be51f35
[2025-02-14T00:21:04.785+0000] {taskinstance.py:3132} INFO - Exporting env vars: AIRFLOW_CTX_DAG_OWNER='***' AIRFLOW_CTX_DAG_ID='IMPORTATION_ECRITURE_COMPTABLES_ARTICLE_dag' AIRFLOW_CTX_TASK_ID='check_file_in_directory' AIRFLOW_CTX_EXECUTION_DATE='2025-02-14T00:20:00+00:00' AIRFLOW_CTX_TRY_NUMBER='1' AIRFLOW_CTX_DAG_RUN_ID='scheduled__2025-02-14T00:20:00+00:00'
[2025-02-14T00:21:04.787+0000] {logging_mixin.py:190} INFO - Task instance is in running state
[2025-02-14T00:21:04.788+0000] {logging_mixin.py:190} INFO -  Previous state of the Task instance: queued
[2025-02-14T00:21:04.788+0000] {logging_mixin.py:190} INFO - Current task name:check_file_in_directory state:running start_date:2025-02-14 00:21:04.621443+00:00
[2025-02-14T00:21:04.789+0000] {logging_mixin.py:190} INFO - Dag name:IMPORTATION_ECRITURE_COMPTABLES_ARTICLE_dag and current dag run status:running
[2025-02-14T00:21:04.790+0000] {taskinstance.py:731} INFO - ::endgroup::
[2025-02-14T00:21:04.791+0000] {baseoperator.py:421} WARNING - BranchPythonOperator.execute cannot be called outside TaskInstance!
[2025-02-14T00:21:04.791+0000] {logging_mixin.py:190} INFO - ca marche /opt/***/files/in ['.csv']
[2025-02-14T00:21:04.796+0000] {python.py:240} INFO - Done. Returned value was: verify_file_reliability
[2025-02-14T00:21:04.796+0000] {branch.py:38} INFO - Branch into verify_file_reliability
[2025-02-14T00:21:04.797+0000] {skipmixin.py:230} INFO - Following branch ('verify_file_reliability',)
[2025-02-14T00:21:04.807+0000] {skipmixin.py:278} INFO - Skipping tasks []
[2025-02-14T00:21:04.836+0000] {taskinstance.py:340} INFO - ::group::Post task execution logs
[2025-02-14T00:21:04.837+0000] {taskinstance.py:352} INFO - Marking task as SUCCESS. dag_id=IMPORTATION_ECRITURE_COMPTABLES_ARTICLE_dag, task_id=check_file_in_directory, run_id=scheduled__2025-02-14T00:20:00+00:00, execution_date=20250214T002000, start_date=20250214T002104, end_date=20250214T002104
[2025-02-14T00:21:04.847+0000] {logging_mixin.py:190} INFO - Task instance in success state
[2025-02-14T00:21:04.847+0000] {logging_mixin.py:190} INFO -  Previous state of the Task instance: running
[2025-02-14T00:21:04.848+0000] {logging_mixin.py:190} INFO - Dag name:IMPORTATION_ECRITURE_COMPTABLES_ARTICLE_dag queued_at:2025-02-14 00:21:00.936916+00:00
[2025-02-14T00:21:04.848+0000] {logging_mixin.py:190} INFO - Task hostname:b6443be51f35 operator:BranchPythonOperator
[2025-02-14T00:21:04.868+0000] {local_task_job_runner.py:266} INFO - Task exited with return code 0
[2025-02-14T00:21:04.897+0000] {taskinstance.py:3895} INFO - 1 downstream tasks scheduled from follow-on schedule check
[2025-02-14T00:21:04.901+0000] {local_task_job_runner.py:245} INFO - ::endgroup::
[2025-02-14T00:21:46.664+0000] {local_task_job_runner.py:123} INFO - ::group::Pre task execution logs
[2025-02-14T00:21:46.789+0000] {taskinstance.py:2613} INFO - Dependencies all met for dep_context=non-requeueable deps ti=<TaskInstance: IMPORTATION_ECRITURE_COMPTABLES_ARTICLE_dag.check_file_in_directory scheduled__2025-02-14T00:20:00+00:00 [queued]>
[2025-02-14T00:21:46.797+0000] {taskinstance.py:2613} INFO - Dependencies all met for dep_context=requeueable deps ti=<TaskInstance: IMPORTATION_ECRITURE_COMPTABLES_ARTICLE_dag.check_file_in_directory scheduled__2025-02-14T00:20:00+00:00 [queued]>
[2025-02-14T00:21:46.798+0000] {taskinstance.py:2866} INFO - Starting attempt 1 of 2
[2025-02-14T00:21:46.811+0000] {taskinstance.py:2889} INFO - Executing <Task(BranchPythonOperator): check_file_in_directory> on 2025-02-14 00:20:00+00:00
[2025-02-14T00:21:46.816+0000] {warnings.py:112} WARNING - /home/***/.local/lib/python3.12/site-packages/***/task/task_runner/standard_task_runner.py:70: DeprecationWarning: This process (pid=1108) is multi-threaded, use of fork() may lead to deadlocks in the child.
  pid = os.fork()

[2025-02-14T00:21:46.818+0000] {standard_task_runner.py:72} INFO - Started process 1110 to run task
[2025-02-14T00:21:46.818+0000] {standard_task_runner.py:104} INFO - Running: ['***', 'tasks', 'run', 'IMPORTATION_ECRITURE_COMPTABLES_ARTICLE_dag', 'check_file_in_directory', 'scheduled__2025-02-14T00:20:00+00:00', '--job-id', '8752', '--raw', '--subdir', 'DAGS_FOLDER/my_directory_and_file_checker.py', '--cfg-path', '/tmp/tmpsi_fxbh7']
[2025-02-14T00:21:46.819+0000] {standard_task_runner.py:105} INFO - Job 8752: Subtask check_file_in_directory
[2025-02-14T00:21:46.860+0000] {task_command.py:467} INFO - Running <TaskInstance: IMPORTATION_ECRITURE_COMPTABLES_ARTICLE_dag.check_file_in_directory scheduled__2025-02-14T00:20:00+00:00 [running]> on host b6443be51f35
[2025-02-14T00:21:46.926+0000] {taskinstance.py:3132} INFO - Exporting env vars: AIRFLOW_CTX_DAG_OWNER='***' AIRFLOW_CTX_DAG_ID='IMPORTATION_ECRITURE_COMPTABLES_ARTICLE_dag' AIRFLOW_CTX_TASK_ID='check_file_in_directory' AIRFLOW_CTX_EXECUTION_DATE='2025-02-14T00:20:00+00:00' AIRFLOW_CTX_TRY_NUMBER='1' AIRFLOW_CTX_DAG_RUN_ID='scheduled__2025-02-14T00:20:00+00:00'
[2025-02-14T00:21:46.927+0000] {logging_mixin.py:190} INFO - Task instance is in running state
[2025-02-14T00:21:46.928+0000] {logging_mixin.py:190} INFO -  Previous state of the Task instance: queued
[2025-02-14T00:21:46.929+0000] {logging_mixin.py:190} INFO - Current task name:check_file_in_directory state:running start_date:2025-02-14 00:21:46.789843+00:00
[2025-02-14T00:21:46.929+0000] {logging_mixin.py:190} INFO - Dag name:IMPORTATION_ECRITURE_COMPTABLES_ARTICLE_dag and current dag run status:running
[2025-02-14T00:21:46.930+0000] {taskinstance.py:731} INFO - ::endgroup::
[2025-02-14T00:21:46.931+0000] {baseoperator.py:421} WARNING - BranchPythonOperator.execute cannot be called outside TaskInstance!
[2025-02-14T00:21:46.932+0000] {logging_mixin.py:190} INFO - ca marche /opt/***/files/in ['.csv']
[2025-02-14T00:21:46.935+0000] {python.py:240} INFO - Done. Returned value was: verify_file_reliability
[2025-02-14T00:21:46.936+0000] {branch.py:38} INFO - Branch into verify_file_reliability
[2025-02-14T00:21:46.937+0000] {skipmixin.py:230} INFO - Following branch ('verify_file_reliability',)
[2025-02-14T00:21:46.948+0000] {skipmixin.py:278} INFO - Skipping tasks []
[2025-02-14T00:21:46.972+0000] {taskinstance.py:340} INFO - ::group::Post task execution logs
[2025-02-14T00:21:46.973+0000] {taskinstance.py:352} INFO - Marking task as SUCCESS. dag_id=IMPORTATION_ECRITURE_COMPTABLES_ARTICLE_dag, task_id=check_file_in_directory, run_id=scheduled__2025-02-14T00:20:00+00:00, execution_date=20250214T002000, start_date=20250214T002146, end_date=20250214T002146
[2025-02-14T00:21:46.981+0000] {logging_mixin.py:190} INFO - Task instance in success state
[2025-02-14T00:21:46.982+0000] {logging_mixin.py:190} INFO -  Previous state of the Task instance: running
[2025-02-14T00:21:46.982+0000] {logging_mixin.py:190} INFO - Dag name:IMPORTATION_ECRITURE_COMPTABLES_ARTICLE_dag queued_at:2025-02-14 00:21:43.355603+00:00
[2025-02-14T00:21:46.983+0000] {logging_mixin.py:190} INFO - Task hostname:b6443be51f35 operator:BranchPythonOperator
[2025-02-14T00:21:46.993+0000] {local_task_job_runner.py:266} INFO - Task exited with return code 0
[2025-02-14T00:21:47.017+0000] {taskinstance.py:3895} INFO - 1 downstream tasks scheduled from follow-on schedule check
[2025-02-14T00:21:47.020+0000] {local_task_job_runner.py:245} INFO - ::endgroup::
