[2025-02-10T19:08:07.622+0000] {local_task_job_runner.py:123} INFO - ::group::Pre task execution logs
[2025-02-10T19:08:07.643+0000] {taskinstance.py:2613} INFO - Dependencies all met for dep_context=non-requeueable deps ti=<TaskInstance: IMPORTATION_ECRITURE_COMPTABLES_ARTICLE_dag.verify_file_reliability scheduled__2025-02-10T19:07:00+00:00 [queued]>
[2025-02-10T19:08:07.652+0000] {taskinstance.py:2613} INFO - Dependencies all met for dep_context=requeueable deps ti=<TaskInstance: IMPORTATION_ECRITURE_COMPTABLES_ARTICLE_dag.verify_file_reliability scheduled__2025-02-10T19:07:00+00:00 [queued]>
[2025-02-10T19:08:07.653+0000] {taskinstance.py:2866} INFO - Starting attempt 1 of 2
[2025-02-10T19:08:07.666+0000] {taskinstance.py:2889} INFO - Executing <Task(BranchPythonOperator): verify_file_reliability> on 2025-02-10 19:07:00+00:00
[2025-02-10T19:08:07.672+0000] {warnings.py:112} WARNING - /home/***/.local/lib/python3.12/site-packages/***/task/task_runner/standard_task_runner.py:70: DeprecationWarning: This process (pid=9997) is multi-threaded, use of fork() may lead to deadlocks in the child.
  pid = os.fork()

[2025-02-10T19:08:07.674+0000] {standard_task_runner.py:72} INFO - Started process 9999 to run task
[2025-02-10T19:08:07.674+0000] {standard_task_runner.py:104} INFO - Running: ['***', 'tasks', 'run', 'IMPORTATION_ECRITURE_COMPTABLES_ARTICLE_dag', 'verify_file_reliability', 'scheduled__2025-02-10T19:07:00+00:00', '--job-id', '691', '--raw', '--subdir', 'DAGS_FOLDER/my_directory_and_file_checker.py', '--cfg-path', '/tmp/tmp365tw4hb']
[2025-02-10T19:08:07.676+0000] {standard_task_runner.py:105} INFO - Job 691: Subtask verify_file_reliability
[2025-02-10T19:08:07.719+0000] {task_command.py:467} INFO - Running <TaskInstance: IMPORTATION_ECRITURE_COMPTABLES_ARTICLE_dag.verify_file_reliability scheduled__2025-02-10T19:07:00+00:00 [running]> on host b6443be51f35
[2025-02-10T19:08:07.984+0000] {taskinstance.py:3132} INFO - Exporting env vars: AIRFLOW_CTX_DAG_OWNER='***' AIRFLOW_CTX_DAG_ID='IMPORTATION_ECRITURE_COMPTABLES_ARTICLE_dag' AIRFLOW_CTX_TASK_ID='verify_file_reliability' AIRFLOW_CTX_EXECUTION_DATE='2025-02-10T19:07:00+00:00' AIRFLOW_CTX_TRY_NUMBER='1' AIRFLOW_CTX_DAG_RUN_ID='scheduled__2025-02-10T19:07:00+00:00'
[2025-02-10T19:08:07.985+0000] {logging_mixin.py:190} INFO - Task instance is in running state
[2025-02-10T19:08:07.986+0000] {logging_mixin.py:190} INFO -  Previous state of the Task instance: queued
[2025-02-10T19:08:07.986+0000] {logging_mixin.py:190} INFO - Current task name:verify_file_reliability state:running start_date:2025-02-10 19:08:07.644094+00:00
[2025-02-10T19:08:07.987+0000] {logging_mixin.py:190} INFO - Dag name:IMPORTATION_ECRITURE_COMPTABLES_ARTICLE_dag and current dag run status:running
[2025-02-10T19:08:07.987+0000] {taskinstance.py:731} INFO - ::endgroup::
[2025-02-10T19:08:07.988+0000] {baseoperator.py:421} WARNING - BranchPythonOperator.execute cannot be called outside TaskInstance!
[2025-02-10T19:08:07.989+0000] {logging_mixin.py:190} INFO - camarche22 /opt/***/files/in ['.csv'] ['utf-8', 'ISO-8859-1', 'Windows-1252']
[2025-02-10T19:08:08.027+0000] {logging_mixin.py:190} INFO - 
📂 Contenu du fichier (utf-8): Écritures comptables article (11).csv
[2025-02-10T19:08:08.060+0000] {logging_mixin.py:190} INFO -   Date comptabilisation      N° lot  ... KOR par Réception KOR INPUT
0            24/01/2025  26LABCDE24  ...                 0         0
1            24/01/2025  26LABCDE24  ...                 0         0
2            24/01/2025  26LABCDE24  ...                 0         0
3            24/01/2025  26LABCDE24  ...                 0         0
4            24/01/2025  26LABCDE24  ...                 0         0

[5 rows x 27 columns]
[2025-02-10T19:08:08.061+0000] {logging_mixin.py:190} INFO - ❌ Colonnes manquantes : order_type, created_at, total_cost_not_included, total_cost_actual, kor_by_reception, quantity_in_sac, quantity_invoiced, quantity, is_open, kor_input, quantity_reserved, lettering_writingsales_amount_actual, remaining_quantity, sequence_number
[2025-02-10T19:08:08.062+0000] {logging_mixin.py:190} INFO - ❌ BORISColonnes manquantes : accounting_date, lot_number, type_ecriture, type_document, document_number, article_number, variant_code, description, package_number, store_code, unit_code, created_by, Quantité, Quantite en sac, Quantité facturée, Quantité restante, Quantité réservée, Ecriture lettrage, Montant vente (réel), Coût total (réel), Coût total (non incorp.), Ouvert, Type de commande, Créé à, N° séquence, KOR par Réception, KOR INPUT
[2025-02-10T19:08:08.063+0000] {logging_mixin.py:190} INFO - /opt/***/files/in/Écritures comptables article (11).csv Écritures comptables article (11).csv /opt/***/files/in/Écritures comptables article (11).csv non traité Boris :None
[2025-02-10T19:08:08.065+0000] {python.py:240} INFO - Done. Returned value was: None
[2025-02-10T19:08:08.066+0000] {branch.py:38} INFO - Branch into None
[2025-02-10T19:08:08.066+0000] {skipmixin.py:230} INFO - Following branch ()
[2025-02-10T19:08:08.077+0000] {skipmixin.py:278} INFO - Skipping tasks [('end', -1), ('import_temp_ecc_to_ecc', -1)]
[2025-02-10T19:08:08.098+0000] {taskinstance.py:340} INFO - ::group::Post task execution logs
[2025-02-10T19:08:08.099+0000] {taskinstance.py:352} INFO - Marking task as SUCCESS. dag_id=IMPORTATION_ECRITURE_COMPTABLES_ARTICLE_dag, task_id=verify_file_reliability, run_id=scheduled__2025-02-10T19:07:00+00:00, execution_date=20250210T190700, start_date=20250210T190807, end_date=20250210T190808
[2025-02-10T19:08:08.108+0000] {logging_mixin.py:190} INFO - Task instance in success state
[2025-02-10T19:08:08.109+0000] {logging_mixin.py:190} INFO -  Previous state of the Task instance: running
[2025-02-10T19:08:08.109+0000] {logging_mixin.py:190} INFO - Dag name:IMPORTATION_ECRITURE_COMPTABLES_ARTICLE_dag queued_at:2025-02-10 19:08:00.419256+00:00
[2025-02-10T19:08:08.110+0000] {logging_mixin.py:190} INFO - Task hostname:b6443be51f35 operator:BranchPythonOperator
[2025-02-10T19:08:08.131+0000] {local_task_job_runner.py:266} INFO - Task exited with return code 0
[2025-02-10T19:08:08.146+0000] {taskinstance.py:3895} INFO - 0 downstream tasks scheduled from follow-on schedule check
[2025-02-10T19:08:08.149+0000] {local_task_job_runner.py:245} INFO - ::endgroup::
