[2025-02-07T22:42:02.722+0000] {local_task_job_runner.py:123} INFO - ::group::Pre task execution logs
[2025-02-07T22:42:02.844+0000] {taskinstance.py:2613} INFO - Dependencies all met for dep_context=non-requeueable deps ti=<TaskInstance: directory_and_file_verification_dag.check_directory scheduled__2025-02-07T01:00:00+00:00 [queued]>
[2025-02-07T22:42:02.918+0000] {taskinstance.py:2613} INFO - Dependencies all met for dep_context=requeueable deps ti=<TaskInstance: directory_and_file_verification_dag.check_directory scheduled__2025-02-07T01:00:00+00:00 [queued]>
[2025-02-07T22:42:02.926+0000] {taskinstance.py:2866} INFO - Starting attempt 1 of 1
[2025-02-07T22:42:03.622+0000] {taskinstance.py:2889} INFO - Executing <Task(BranchPythonOperator): check_directory> on 2025-02-07 01:00:00+00:00
[2025-02-07T22:42:03.672+0000] {warnings.py:112} WARNING - /home/***/.local/lib/python3.12/site-packages/***/task/task_runner/standard_task_runner.py:70: DeprecationWarning: This process (pid=20010) is multi-threaded, use of fork() may lead to deadlocks in the child.
  pid = os.fork()

[2025-02-07T22:42:03.687+0000] {standard_task_runner.py:72} INFO - Started process 20042 to run task
[2025-02-07T22:42:03.739+0000] {standard_task_runner.py:104} INFO - Running: ['***', 'tasks', 'run', 'directory_and_file_verification_dag', 'check_directory', 'scheduled__2025-02-07T01:00:00+00:00', '--job-id', '1042', '--raw', '--subdir', 'DAGS_FOLDER/my_directory_and_file_checker.py', '--cfg-path', '/tmp/tmp516hkx48']
[2025-02-07T22:42:03.746+0000] {standard_task_runner.py:105} INFO - Job 1042: Subtask check_directory
[2025-02-07T22:42:04.291+0000] {task_command.py:467} INFO - Running <TaskInstance: directory_and_file_verification_dag.check_directory scheduled__2025-02-07T01:00:00+00:00 [running]> on host 003b7fbea265
[2025-02-07T22:42:05.361+0000] {taskinstance.py:3132} INFO - Exporting env vars: AIRFLOW_CTX_DAG_OWNER='***' AIRFLOW_CTX_DAG_ID='directory_and_file_verification_dag' AIRFLOW_CTX_TASK_ID='check_directory' AIRFLOW_CTX_EXECUTION_DATE='2025-02-07T01:00:00+00:00' AIRFLOW_CTX_TRY_NUMBER='1' AIRFLOW_CTX_DAG_RUN_ID='scheduled__2025-02-07T01:00:00+00:00'
[2025-02-07T22:42:05.813+0000] {logging_mixin.py:190} INFO - Task instance is in running state
[2025-02-07T22:42:05.862+0000] {logging_mixin.py:190} INFO -  Previous state of the Task instance: queued
[2025-02-07T22:42:05.885+0000] {logging_mixin.py:190} INFO - Current task name:check_directory state:running start_date:2025-02-07 22:42:02.851563+00:00
[2025-02-07T22:42:05.903+0000] {logging_mixin.py:190} INFO - Dag name:directory_and_file_verification_dag and current dag run status:running
[2025-02-07T22:42:05.904+0000] {taskinstance.py:731} INFO - ::endgroup::
[2025-02-07T22:42:05.919+0000] {baseoperator.py:421} WARNING - BranchPythonOperator.execute cannot be called outside TaskInstance!
[2025-02-07T22:42:05.940+0000] {logging_mixin.py:190} INFO - borusss ['in', 'logs', 'out', 'statu_date_execution.txt', 'succes_date_execution.txt', 'test', 'Écritures - Copie.csv.bak', 'Écritures comptables article.csv.bak', 'Écritures.csv.bak']
[2025-02-07T22:42:05.941+0000] {python.py:240} INFO - Done. Returned value was: check_file_in_directory
[2025-02-07T22:42:05.956+0000] {branch.py:38} INFO - Branch into check_file_in_directory
[2025-02-07T22:42:05.962+0000] {skipmixin.py:230} INFO - Following branch ('check_file_in_directory',)
[2025-02-07T22:42:06.144+0000] {skipmixin.py:278} INFO - Skipping tasks []
[2025-02-07T22:42:06.620+0000] {taskinstance.py:340} INFO - ::group::Post task execution logs
[2025-02-07T22:42:06.640+0000] {taskinstance.py:352} INFO - Marking task as SUCCESS. dag_id=directory_and_file_verification_dag, task_id=check_directory, run_id=scheduled__2025-02-07T01:00:00+00:00, execution_date=20250207T010000, start_date=20250207T224202, end_date=20250207T224206
[2025-02-07T22:42:06.914+0000] {logging_mixin.py:190} INFO - Task instance in success state
[2025-02-07T22:42:06.915+0000] {logging_mixin.py:190} INFO -  Previous state of the Task instance: running
[2025-02-07T22:42:06.919+0000] {logging_mixin.py:190} INFO - Dag name:directory_and_file_verification_dag queued_at:2025-02-07 22:41:55.838606+00:00
[2025-02-07T22:42:06.938+0000] {logging_mixin.py:190} INFO - Task hostname:003b7fbea265 operator:BranchPythonOperator
[2025-02-07T22:42:07.543+0000] {local_task_job_runner.py:266} INFO - Task exited with return code 0
[2025-02-07T22:42:07.920+0000] {taskinstance.py:3895} INFO - 1 downstream tasks scheduled from follow-on schedule check
[2025-02-07T22:42:07.967+0000] {local_task_job_runner.py:245} INFO - ::endgroup::
[2025-02-07T22:43:33.472+0000] {local_task_job_runner.py:123} INFO - ::group::Pre task execution logs
[2025-02-07T22:43:33.584+0000] {taskinstance.py:2613} INFO - Dependencies all met for dep_context=non-requeueable deps ti=<TaskInstance: directory_and_file_verification_dag.check_directory scheduled__2025-02-07T01:00:00+00:00 [queued]>
[2025-02-07T22:43:33.624+0000] {taskinstance.py:2613} INFO - Dependencies all met for dep_context=requeueable deps ti=<TaskInstance: directory_and_file_verification_dag.check_directory scheduled__2025-02-07T01:00:00+00:00 [queued]>
[2025-02-07T22:43:33.625+0000] {taskinstance.py:2866} INFO - Starting attempt 1 of 1
[2025-02-07T22:43:34.304+0000] {taskinstance.py:2889} INFO - Executing <Task(BranchPythonOperator): check_directory> on 2025-02-07 01:00:00+00:00
[2025-02-07T22:43:34.337+0000] {warnings.py:112} WARNING - /home/***/.local/lib/python3.12/site-packages/***/task/task_runner/standard_task_runner.py:70: DeprecationWarning: This process (pid=20208) is multi-threaded, use of fork() may lead to deadlocks in the child.
  pid = os.fork()

[2025-02-07T22:43:34.352+0000] {standard_task_runner.py:72} INFO - Started process 20247 to run task
[2025-02-07T22:43:34.373+0000] {standard_task_runner.py:104} INFO - Running: ['***', 'tasks', 'run', 'directory_and_file_verification_dag', 'check_directory', 'scheduled__2025-02-07T01:00:00+00:00', '--job-id', '1089', '--raw', '--subdir', 'DAGS_FOLDER/my_directory_and_file_checker.py', '--cfg-path', '/tmp/tmpdued1ypa']
[2025-02-07T22:43:34.377+0000] {standard_task_runner.py:105} INFO - Job 1089: Subtask check_directory
[2025-02-07T22:43:34.746+0000] {task_command.py:467} INFO - Running <TaskInstance: directory_and_file_verification_dag.check_directory scheduled__2025-02-07T01:00:00+00:00 [running]> on host 003b7fbea265
[2025-02-07T22:43:35.370+0000] {taskinstance.py:3132} INFO - Exporting env vars: AIRFLOW_CTX_DAG_OWNER='***' AIRFLOW_CTX_DAG_ID='directory_and_file_verification_dag' AIRFLOW_CTX_TASK_ID='check_directory' AIRFLOW_CTX_EXECUTION_DATE='2025-02-07T01:00:00+00:00' AIRFLOW_CTX_TRY_NUMBER='1' AIRFLOW_CTX_DAG_RUN_ID='scheduled__2025-02-07T01:00:00+00:00'
[2025-02-07T22:43:35.377+0000] {logging_mixin.py:190} INFO - Task instance is in running state
[2025-02-07T22:43:35.382+0000] {logging_mixin.py:190} INFO -  Previous state of the Task instance: queued
[2025-02-07T22:43:35.383+0000] {logging_mixin.py:190} INFO - Current task name:check_directory state:running start_date:2025-02-07 22:43:33.587348+00:00
[2025-02-07T22:43:35.384+0000] {logging_mixin.py:190} INFO - Dag name:directory_and_file_verification_dag and current dag run status:running
[2025-02-07T22:43:35.385+0000] {taskinstance.py:731} INFO - ::endgroup::
[2025-02-07T22:43:35.386+0000] {baseoperator.py:421} WARNING - BranchPythonOperator.execute cannot be called outside TaskInstance!
[2025-02-07T22:43:35.397+0000] {logging_mixin.py:190} INFO - borusss ['in', 'logs', 'out', 'statu_date_execution.txt', 'succes_date_execution.txt', 'test', 'Écritures - Copie.csv.bak', 'Écritures comptables article.csv.bak', 'Écritures.csv.bak']
[2025-02-07T22:43:35.398+0000] {python.py:240} INFO - Done. Returned value was: check_file_in_directory
[2025-02-07T22:43:35.400+0000] {branch.py:38} INFO - Branch into check_file_in_directory
[2025-02-07T22:43:35.401+0000] {skipmixin.py:230} INFO - Following branch ('check_file_in_directory',)
[2025-02-07T22:43:35.574+0000] {skipmixin.py:278} INFO - Skipping tasks []
[2025-02-07T22:43:35.674+0000] {taskinstance.py:340} INFO - ::group::Post task execution logs
[2025-02-07T22:43:35.675+0000] {taskinstance.py:352} INFO - Marking task as SUCCESS. dag_id=directory_and_file_verification_dag, task_id=check_directory, run_id=scheduled__2025-02-07T01:00:00+00:00, execution_date=20250207T010000, start_date=20250207T224333, end_date=20250207T224335
[2025-02-07T22:43:35.723+0000] {logging_mixin.py:190} INFO - Task instance in success state
[2025-02-07T22:43:35.749+0000] {logging_mixin.py:190} INFO -  Previous state of the Task instance: running
[2025-02-07T22:43:35.751+0000] {logging_mixin.py:190} INFO - Dag name:directory_and_file_verification_dag queued_at:2025-02-07 22:43:27.060199+00:00
[2025-02-07T22:43:35.755+0000] {logging_mixin.py:190} INFO - Task hostname:003b7fbea265 operator:BranchPythonOperator
[2025-02-07T22:43:35.881+0000] {local_task_job_runner.py:266} INFO - Task exited with return code 0
[2025-02-07T22:43:36.306+0000] {taskinstance.py:3895} INFO - 1 downstream tasks scheduled from follow-on schedule check
[2025-02-07T22:43:36.348+0000] {local_task_job_runner.py:245} INFO - ::endgroup::
[2025-02-07T23:11:28.431+0000] {local_task_job_runner.py:123} INFO - ::group::Pre task execution logs
[2025-02-07T23:11:28.605+0000] {taskinstance.py:2613} INFO - Dependencies all met for dep_context=non-requeueable deps ti=<TaskInstance: directory_and_file_verification_dag.check_directory scheduled__2025-02-07T01:00:00+00:00 [queued]>
[2025-02-07T23:11:28.744+0000] {taskinstance.py:2613} INFO - Dependencies all met for dep_context=requeueable deps ti=<TaskInstance: directory_and_file_verification_dag.check_directory scheduled__2025-02-07T01:00:00+00:00 [queued]>
[2025-02-07T23:11:28.811+0000] {taskinstance.py:2866} INFO - Starting attempt 1 of 1
[2025-02-07T23:11:30.116+0000] {taskinstance.py:2889} INFO - Executing <Task(BranchPythonOperator): check_directory> on 2025-02-07 01:00:00+00:00
[2025-02-07T23:11:30.306+0000] {standard_task_runner.py:104} INFO - Running: ['***', 'tasks', 'run', 'directory_and_file_verification_dag', 'check_directory', 'scheduled__2025-02-07T01:00:00+00:00', '--job-id', '1137', '--raw', '--subdir', 'DAGS_FOLDER/my_directory_and_file_checker.py', '--cfg-path', '/tmp/tmp3dhk1lo2']
[2025-02-07T23:11:30.362+0000] {standard_task_runner.py:105} INFO - Job 1137: Subtask check_directory
[2025-02-07T23:11:30.207+0000] {warnings.py:112} WARNING - /home/***/.local/lib/python3.12/site-packages/***/task/task_runner/standard_task_runner.py:70: DeprecationWarning: This process (pid=20764) is multi-threaded, use of fork() may lead to deadlocks in the child.
  pid = os.fork()

[2025-02-07T23:11:30.411+0000] {standard_task_runner.py:72} INFO - Started process 20796 to run task
[2025-02-07T23:11:30.994+0000] {task_command.py:467} INFO - Running <TaskInstance: directory_and_file_verification_dag.check_directory scheduled__2025-02-07T01:00:00+00:00 [running]> on host 003b7fbea265
[2025-02-07T23:11:31.785+0000] {taskinstance.py:3132} INFO - Exporting env vars: AIRFLOW_CTX_DAG_OWNER='***' AIRFLOW_CTX_DAG_ID='directory_and_file_verification_dag' AIRFLOW_CTX_TASK_ID='check_directory' AIRFLOW_CTX_EXECUTION_DATE='2025-02-07T01:00:00+00:00' AIRFLOW_CTX_TRY_NUMBER='1' AIRFLOW_CTX_DAG_RUN_ID='scheduled__2025-02-07T01:00:00+00:00'
[2025-02-07T23:11:31.787+0000] {logging_mixin.py:190} INFO - Task instance is in running state
[2025-02-07T23:11:31.788+0000] {logging_mixin.py:190} INFO -  Previous state of the Task instance: queued
[2025-02-07T23:11:31.794+0000] {logging_mixin.py:190} INFO - Current task name:check_directory state:running start_date:2025-02-07 23:11:28.621657+00:00
[2025-02-07T23:11:31.798+0000] {logging_mixin.py:190} INFO - Dag name:directory_and_file_verification_dag and current dag run status:running
[2025-02-07T23:11:31.802+0000] {taskinstance.py:731} INFO - ::endgroup::
[2025-02-07T23:11:31.804+0000] {baseoperator.py:421} WARNING - BranchPythonOperator.execute cannot be called outside TaskInstance!
[2025-02-07T23:11:31.814+0000] {logging_mixin.py:190} INFO - borusss ['in', 'logs', 'out', 'statu_date_execution.txt', 'succes_date_execution.txt', 'test', 'Écritures - Copie.csv.bak', 'Écritures comptables article.csv.bak', 'Écritures.csv.bak']
[2025-02-07T23:11:31.815+0000] {python.py:240} INFO - Done. Returned value was: check_file_in_directory
[2025-02-07T23:11:31.816+0000] {branch.py:38} INFO - Branch into check_file_in_directory
[2025-02-07T23:11:31.817+0000] {skipmixin.py:230} INFO - Following branch ('check_file_in_directory',)
[2025-02-07T23:11:31.857+0000] {skipmixin.py:278} INFO - Skipping tasks []
[2025-02-07T23:11:32.066+0000] {taskinstance.py:340} INFO - ::group::Post task execution logs
[2025-02-07T23:11:32.067+0000] {taskinstance.py:352} INFO - Marking task as SUCCESS. dag_id=directory_and_file_verification_dag, task_id=check_directory, run_id=scheduled__2025-02-07T01:00:00+00:00, execution_date=20250207T010000, start_date=20250207T231128, end_date=20250207T231132
[2025-02-07T23:11:32.210+0000] {logging_mixin.py:190} INFO - Task instance in success state
[2025-02-07T23:11:32.215+0000] {logging_mixin.py:190} INFO -  Previous state of the Task instance: running
[2025-02-07T23:11:32.231+0000] {logging_mixin.py:190} INFO - Dag name:directory_and_file_verification_dag queued_at:2025-02-07 23:11:20.814260+00:00
[2025-02-07T23:11:32.232+0000] {logging_mixin.py:190} INFO - Task hostname:003b7fbea265 operator:BranchPythonOperator
[2025-02-07T23:11:32.318+0000] {local_task_job_runner.py:266} INFO - Task exited with return code 0
[2025-02-07T23:11:32.472+0000] {local_task_job_runner.py:245} INFO - ::endgroup::
[2025-02-07T23:14:56.555+0000] {local_task_job_runner.py:123} INFO - ::group::Pre task execution logs
[2025-02-07T23:14:56.747+0000] {taskinstance.py:2613} INFO - Dependencies all met for dep_context=non-requeueable deps ti=<TaskInstance: directory_and_file_verification_dag.check_directory scheduled__2025-02-07T01:00:00+00:00 [queued]>
[2025-02-07T23:14:56.893+0000] {taskinstance.py:2613} INFO - Dependencies all met for dep_context=requeueable deps ti=<TaskInstance: directory_and_file_verification_dag.check_directory scheduled__2025-02-07T01:00:00+00:00 [queued]>
[2025-02-07T23:14:56.958+0000] {taskinstance.py:2866} INFO - Starting attempt 1 of 1
[2025-02-07T23:14:59.606+0000] {taskinstance.py:2889} INFO - Executing <Task(BranchPythonOperator): check_directory> on 2025-02-07 01:00:00+00:00
[2025-02-07T23:14:59.765+0000] {warnings.py:112} WARNING - /home/***/.local/lib/python3.12/site-packages/***/task/task_runner/standard_task_runner.py:70: DeprecationWarning: This process (pid=83) is multi-threaded, use of fork() may lead to deadlocks in the child.
  pid = os.fork()

[2025-02-07T23:14:59.801+0000] {standard_task_runner.py:72} INFO - Started process 113 to run task
[2025-02-07T23:14:59.840+0000] {standard_task_runner.py:104} INFO - Running: ['***', 'tasks', 'run', 'directory_and_file_verification_dag', 'check_directory', 'scheduled__2025-02-07T01:00:00+00:00', '--job-id', '1184', '--raw', '--subdir', 'DAGS_FOLDER/my_directory_and_file_checker.py', '--cfg-path', '/tmp/tmpmn70qp7c']
[2025-02-07T23:14:59.846+0000] {standard_task_runner.py:105} INFO - Job 1184: Subtask check_directory
[2025-02-07T23:15:00.755+0000] {task_command.py:467} INFO - Running <TaskInstance: directory_and_file_verification_dag.check_directory scheduled__2025-02-07T01:00:00+00:00 [running]> on host 003b7fbea265
[2025-02-07T23:15:01.876+0000] {taskinstance.py:3132} INFO - Exporting env vars: AIRFLOW_CTX_DAG_OWNER='***' AIRFLOW_CTX_DAG_ID='directory_and_file_verification_dag' AIRFLOW_CTX_TASK_ID='check_directory' AIRFLOW_CTX_EXECUTION_DATE='2025-02-07T01:00:00+00:00' AIRFLOW_CTX_TRY_NUMBER='1' AIRFLOW_CTX_DAG_RUN_ID='scheduled__2025-02-07T01:00:00+00:00'
[2025-02-07T23:15:01.905+0000] {logging_mixin.py:190} INFO - Task instance is in running state
[2025-02-07T23:15:01.916+0000] {logging_mixin.py:190} INFO -  Previous state of the Task instance: queued
[2025-02-07T23:15:01.930+0000] {logging_mixin.py:190} INFO - Current task name:check_directory state:running start_date:2025-02-07 23:14:56.755807+00:00
[2025-02-07T23:15:01.936+0000] {logging_mixin.py:190} INFO - Dag name:directory_and_file_verification_dag and current dag run status:running
[2025-02-07T23:15:01.940+0000] {taskinstance.py:731} INFO - ::endgroup::
[2025-02-07T23:15:01.946+0000] {baseoperator.py:421} WARNING - BranchPythonOperator.execute cannot be called outside TaskInstance!
[2025-02-07T23:15:01.965+0000] {logging_mixin.py:190} INFO - borusss ['in', 'logs', 'out', 'statu_date_execution.txt', 'succes_date_execution.txt', 'test', 'Écritures - Copie.csv.bak', 'Écritures comptables article.csv.bak', 'Écritures.csv.bak']
[2025-02-07T23:15:01.973+0000] {python.py:240} INFO - Done. Returned value was: check_file_in_directory
[2025-02-07T23:15:01.975+0000] {branch.py:38} INFO - Branch into check_file_in_directory
[2025-02-07T23:15:01.981+0000] {skipmixin.py:230} INFO - Following branch ('check_file_in_directory',)
[2025-02-07T23:15:02.277+0000] {skipmixin.py:278} INFO - Skipping tasks []
[2025-02-07T23:15:02.838+0000] {taskinstance.py:340} INFO - ::group::Post task execution logs
[2025-02-07T23:15:02.849+0000] {taskinstance.py:352} INFO - Marking task as SUCCESS. dag_id=directory_and_file_verification_dag, task_id=check_directory, run_id=scheduled__2025-02-07T01:00:00+00:00, execution_date=20250207T010000, start_date=20250207T231456, end_date=20250207T231502
[2025-02-07T23:15:03.309+0000] {logging_mixin.py:190} INFO - Task instance in success state
[2025-02-07T23:15:03.379+0000] {logging_mixin.py:190} INFO -  Previous state of the Task instance: running
[2025-02-07T23:15:03.386+0000] {logging_mixin.py:190} INFO - Dag name:directory_and_file_verification_dag queued_at:2025-02-07 23:14:41.685670+00:00
[2025-02-07T23:15:03.387+0000] {logging_mixin.py:190} INFO - Task hostname:003b7fbea265 operator:BranchPythonOperator
[2025-02-07T23:15:03.581+0000] {local_task_job_runner.py:266} INFO - Task exited with return code 0
[2025-02-07T23:15:03.839+0000] {taskinstance.py:3895} INFO - 1 downstream tasks scheduled from follow-on schedule check
[2025-02-07T23:15:03.856+0000] {local_task_job_runner.py:245} INFO - ::endgroup::
