[2025-02-13T23:05:03.915+0000] {local_task_job_runner.py:123} INFO - ::group::Pre task execution logs
[2025-02-13T23:05:04.036+0000] {taskinstance.py:2613} INFO - Dependencies all met for dep_context=non-requeueable deps ti=<TaskInstance: IMPORTATION_ECRITURE_COMPTABLES_ARTICLE_dag.check_file_in_directory scheduled__2025-02-13T23:04:00+00:00 [queued]>
[2025-02-13T23:05:04.044+0000] {taskinstance.py:2613} INFO - Dependencies all met for dep_context=requeueable deps ti=<TaskInstance: IMPORTATION_ECRITURE_COMPTABLES_ARTICLE_dag.check_file_in_directory scheduled__2025-02-13T23:04:00+00:00 [queued]>
[2025-02-13T23:05:04.045+0000] {taskinstance.py:2866} INFO - Starting attempt 1 of 2
[2025-02-13T23:05:04.057+0000] {taskinstance.py:2889} INFO - Executing <Task(BranchPythonOperator): check_file_in_directory> on 2025-02-13 23:04:00+00:00
[2025-02-13T23:05:04.062+0000] {warnings.py:112} WARNING - /home/***/.local/lib/python3.12/site-packages/***/task/task_runner/standard_task_runner.py:70: DeprecationWarning: This process (pid=1265) is multi-threaded, use of fork() may lead to deadlocks in the child.
  pid = os.fork()

[2025-02-13T23:05:04.064+0000] {standard_task_runner.py:72} INFO - Started process 1267 to run task
[2025-02-13T23:05:04.064+0000] {standard_task_runner.py:104} INFO - Running: ['***', 'tasks', 'run', 'IMPORTATION_ECRITURE_COMPTABLES_ARTICLE_dag', 'check_file_in_directory', 'scheduled__2025-02-13T23:04:00+00:00', '--job-id', '8450', '--raw', '--subdir', 'DAGS_FOLDER/my_directory_and_file_checker.py', '--cfg-path', '/tmp/tmp_mxc6yfu']
[2025-02-13T23:05:04.065+0000] {standard_task_runner.py:105} INFO - Job 8450: Subtask check_file_in_directory
[2025-02-13T23:05:04.107+0000] {task_command.py:467} INFO - Running <TaskInstance: IMPORTATION_ECRITURE_COMPTABLES_ARTICLE_dag.check_file_in_directory scheduled__2025-02-13T23:04:00+00:00 [running]> on host b6443be51f35
[2025-02-13T23:05:04.179+0000] {taskinstance.py:3132} INFO - Exporting env vars: AIRFLOW_CTX_DAG_OWNER='***' AIRFLOW_CTX_DAG_ID='IMPORTATION_ECRITURE_COMPTABLES_ARTICLE_dag' AIRFLOW_CTX_TASK_ID='check_file_in_directory' AIRFLOW_CTX_EXECUTION_DATE='2025-02-13T23:04:00+00:00' AIRFLOW_CTX_TRY_NUMBER='1' AIRFLOW_CTX_DAG_RUN_ID='scheduled__2025-02-13T23:04:00+00:00'
[2025-02-13T23:05:04.180+0000] {logging_mixin.py:190} INFO - Task instance is in running state
[2025-02-13T23:05:04.181+0000] {logging_mixin.py:190} INFO -  Previous state of the Task instance: queued
[2025-02-13T23:05:04.181+0000] {logging_mixin.py:190} INFO - Current task name:check_file_in_directory state:running start_date:2025-02-13 23:05:04.037144+00:00
[2025-02-13T23:05:04.182+0000] {logging_mixin.py:190} INFO - Dag name:IMPORTATION_ECRITURE_COMPTABLES_ARTICLE_dag and current dag run status:running
[2025-02-13T23:05:04.182+0000] {taskinstance.py:731} INFO - ::endgroup::
[2025-02-13T23:05:04.183+0000] {baseoperator.py:421} WARNING - BranchPythonOperator.execute cannot be called outside TaskInstance!
[2025-02-13T23:05:04.184+0000] {logging_mixin.py:190} INFO - ca marche /opt/***/files/in ['.csv']
[2025-02-13T23:05:04.187+0000] {python.py:240} INFO - Done. Returned value was: verify_file_reliability
[2025-02-13T23:05:04.188+0000] {branch.py:38} INFO - Branch into verify_file_reliability
[2025-02-13T23:05:04.188+0000] {skipmixin.py:230} INFO - Following branch ('verify_file_reliability',)
[2025-02-13T23:05:04.197+0000] {skipmixin.py:278} INFO - Skipping tasks []
[2025-02-13T23:05:04.219+0000] {taskinstance.py:340} INFO - ::group::Post task execution logs
[2025-02-13T23:05:04.220+0000] {taskinstance.py:352} INFO - Marking task as SUCCESS. dag_id=IMPORTATION_ECRITURE_COMPTABLES_ARTICLE_dag, task_id=check_file_in_directory, run_id=scheduled__2025-02-13T23:04:00+00:00, execution_date=20250213T230400, start_date=20250213T230504, end_date=20250213T230504
[2025-02-13T23:05:04.229+0000] {logging_mixin.py:190} INFO - Task instance in success state
[2025-02-13T23:05:04.229+0000] {logging_mixin.py:190} INFO -  Previous state of the Task instance: running
[2025-02-13T23:05:04.230+0000] {logging_mixin.py:190} INFO - Dag name:IMPORTATION_ECRITURE_COMPTABLES_ARTICLE_dag queued_at:2025-02-13 23:05:00.278425+00:00
[2025-02-13T23:05:04.230+0000] {logging_mixin.py:190} INFO - Task hostname:b6443be51f35 operator:BranchPythonOperator
[2025-02-13T23:05:04.279+0000] {local_task_job_runner.py:266} INFO - Task exited with return code 0
[2025-02-13T23:05:04.305+0000] {taskinstance.py:3895} INFO - 1 downstream tasks scheduled from follow-on schedule check
[2025-02-13T23:05:04.308+0000] {local_task_job_runner.py:245} INFO - ::endgroup::
[2025-02-13T23:05:58.220+0000] {local_task_job_runner.py:123} INFO - ::group::Pre task execution logs
[2025-02-13T23:05:58.379+0000] {taskinstance.py:2613} INFO - Dependencies all met for dep_context=non-requeueable deps ti=<TaskInstance: IMPORTATION_ECRITURE_COMPTABLES_ARTICLE_dag.check_file_in_directory scheduled__2025-02-13T23:04:00+00:00 [queued]>
[2025-02-13T23:05:58.388+0000] {taskinstance.py:2613} INFO - Dependencies all met for dep_context=requeueable deps ti=<TaskInstance: IMPORTATION_ECRITURE_COMPTABLES_ARTICLE_dag.check_file_in_directory scheduled__2025-02-13T23:04:00+00:00 [queued]>
[2025-02-13T23:05:58.389+0000] {taskinstance.py:2866} INFO - Starting attempt 1 of 2
[2025-02-13T23:05:58.402+0000] {taskinstance.py:2889} INFO - Executing <Task(BranchPythonOperator): check_file_in_directory> on 2025-02-13 23:04:00+00:00
[2025-02-13T23:05:58.408+0000] {warnings.py:112} WARNING - /home/***/.local/lib/python3.12/site-packages/***/task/task_runner/standard_task_runner.py:70: DeprecationWarning: This process (pid=1296) is multi-threaded, use of fork() may lead to deadlocks in the child.
  pid = os.fork()

[2025-02-13T23:05:58.410+0000] {standard_task_runner.py:72} INFO - Started process 1298 to run task
[2025-02-13T23:05:58.410+0000] {standard_task_runner.py:104} INFO - Running: ['***', 'tasks', 'run', 'IMPORTATION_ECRITURE_COMPTABLES_ARTICLE_dag', 'check_file_in_directory', 'scheduled__2025-02-13T23:04:00+00:00', '--job-id', '8456', '--raw', '--subdir', 'DAGS_FOLDER/my_directory_and_file_checker.py', '--cfg-path', '/tmp/tmpo9enjjq0']
[2025-02-13T23:05:58.411+0000] {standard_task_runner.py:105} INFO - Job 8456: Subtask check_file_in_directory
[2025-02-13T23:05:58.451+0000] {task_command.py:467} INFO - Running <TaskInstance: IMPORTATION_ECRITURE_COMPTABLES_ARTICLE_dag.check_file_in_directory scheduled__2025-02-13T23:04:00+00:00 [running]> on host b6443be51f35
[2025-02-13T23:05:58.518+0000] {taskinstance.py:3132} INFO - Exporting env vars: AIRFLOW_CTX_DAG_OWNER='***' AIRFLOW_CTX_DAG_ID='IMPORTATION_ECRITURE_COMPTABLES_ARTICLE_dag' AIRFLOW_CTX_TASK_ID='check_file_in_directory' AIRFLOW_CTX_EXECUTION_DATE='2025-02-13T23:04:00+00:00' AIRFLOW_CTX_TRY_NUMBER='1' AIRFLOW_CTX_DAG_RUN_ID='scheduled__2025-02-13T23:04:00+00:00'
[2025-02-13T23:05:58.519+0000] {logging_mixin.py:190} INFO - Task instance is in running state
[2025-02-13T23:05:58.520+0000] {logging_mixin.py:190} INFO -  Previous state of the Task instance: queued
[2025-02-13T23:05:58.521+0000] {logging_mixin.py:190} INFO - Current task name:check_file_in_directory state:running start_date:2025-02-13 23:05:58.380757+00:00
[2025-02-13T23:05:58.521+0000] {logging_mixin.py:190} INFO - Dag name:IMPORTATION_ECRITURE_COMPTABLES_ARTICLE_dag and current dag run status:running
[2025-02-13T23:05:58.522+0000] {taskinstance.py:731} INFO - ::endgroup::
[2025-02-13T23:05:58.522+0000] {baseoperator.py:421} WARNING - BranchPythonOperator.execute cannot be called outside TaskInstance!
[2025-02-13T23:05:58.523+0000] {logging_mixin.py:190} INFO - ca marche /opt/***/files/in ['.csv']
[2025-02-13T23:05:58.527+0000] {python.py:240} INFO - Done. Returned value was: verify_file_reliability
[2025-02-13T23:05:58.528+0000] {branch.py:38} INFO - Branch into verify_file_reliability
[2025-02-13T23:05:58.528+0000] {skipmixin.py:230} INFO - Following branch ('verify_file_reliability',)
[2025-02-13T23:05:58.539+0000] {skipmixin.py:278} INFO - Skipping tasks []
[2025-02-13T23:05:58.565+0000] {taskinstance.py:340} INFO - ::group::Post task execution logs
[2025-02-13T23:05:58.565+0000] {taskinstance.py:352} INFO - Marking task as SUCCESS. dag_id=IMPORTATION_ECRITURE_COMPTABLES_ARTICLE_dag, task_id=check_file_in_directory, run_id=scheduled__2025-02-13T23:04:00+00:00, execution_date=20250213T230400, start_date=20250213T230558, end_date=20250213T230558
[2025-02-13T23:05:58.575+0000] {logging_mixin.py:190} INFO - Task instance in success state
[2025-02-13T23:05:58.576+0000] {logging_mixin.py:190} INFO -  Previous state of the Task instance: running
[2025-02-13T23:05:58.576+0000] {logging_mixin.py:190} INFO - Dag name:IMPORTATION_ECRITURE_COMPTABLES_ARTICLE_dag queued_at:2025-02-13 23:05:54.848127+00:00
[2025-02-13T23:05:58.577+0000] {logging_mixin.py:190} INFO - Task hostname:b6443be51f35 operator:BranchPythonOperator
[2025-02-13T23:05:58.585+0000] {local_task_job_runner.py:266} INFO - Task exited with return code 0
[2025-02-13T23:05:58.610+0000] {taskinstance.py:3895} INFO - 1 downstream tasks scheduled from follow-on schedule check
[2025-02-13T23:05:58.613+0000] {local_task_job_runner.py:245} INFO - ::endgroup::
