[2025-02-09T10:24:42.940+0000] {local_task_job_runner.py:123} INFO - ::group::Pre task execution logs
[2025-02-09T10:24:42.967+0000] {taskinstance.py:2613} INFO - Dependencies all met for dep_context=non-requeueable deps ti=<TaskInstance: directory_and_file_verification_dag.verify_file_reliability manual__2025-02-09T10:24:36.156036+00:00 [queued]>
[2025-02-09T10:24:42.980+0000] {taskinstance.py:2613} INFO - Dependencies all met for dep_context=requeueable deps ti=<TaskInstance: directory_and_file_verification_dag.verify_file_reliability manual__2025-02-09T10:24:36.156036+00:00 [queued]>
[2025-02-09T10:24:42.981+0000] {taskinstance.py:2866} INFO - Starting attempt 1 of 1
[2025-02-09T10:24:42.998+0000] {taskinstance.py:2889} INFO - Executing <Task(BranchPythonOperator): verify_file_reliability> on 2025-02-09 10:24:36.156036+00:00
[2025-02-09T10:24:43.006+0000] {warnings.py:112} WARNING - /home/***/.local/lib/python3.12/site-packages/***/task/task_runner/standard_task_runner.py:70: DeprecationWarning: This process (pid=1997) is multi-threaded, use of fork() may lead to deadlocks in the child.
  pid = os.fork()

[2025-02-09T10:24:43.008+0000] {standard_task_runner.py:72} INFO - Started process 1999 to run task
[2025-02-09T10:24:43.008+0000] {standard_task_runner.py:104} INFO - Running: ['***', 'tasks', 'run', 'directory_and_file_verification_dag', 'verify_file_reliability', 'manual__2025-02-09T10:24:36.156036+00:00', '--job-id', '1453', '--raw', '--subdir', 'DAGS_FOLDER/my_directory_and_file_checker.py', '--cfg-path', '/tmp/tmpm009qwdq']
[2025-02-09T10:24:43.010+0000] {standard_task_runner.py:105} INFO - Job 1453: Subtask verify_file_reliability
[2025-02-09T10:24:43.066+0000] {task_command.py:467} INFO - Running <TaskInstance: directory_and_file_verification_dag.verify_file_reliability manual__2025-02-09T10:24:36.156036+00:00 [running]> on host 003b7fbea265
[2025-02-09T10:24:43.370+0000] {taskinstance.py:3132} INFO - Exporting env vars: AIRFLOW_CTX_DAG_OWNER='***' AIRFLOW_CTX_DAG_ID='directory_and_file_verification_dag' AIRFLOW_CTX_TASK_ID='verify_file_reliability' AIRFLOW_CTX_EXECUTION_DATE='2025-02-09T10:24:36.156036+00:00' AIRFLOW_CTX_TRY_NUMBER='1' AIRFLOW_CTX_DAG_RUN_ID='manual__2025-02-09T10:24:36.156036+00:00'
[2025-02-09T10:24:43.373+0000] {logging_mixin.py:190} INFO - Task instance is in running state
[2025-02-09T10:24:43.374+0000] {logging_mixin.py:190} INFO -  Previous state of the Task instance: queued
[2025-02-09T10:24:43.375+0000] {logging_mixin.py:190} INFO - Current task name:verify_file_reliability state:running start_date:2025-02-09 10:24:42.968321+00:00
[2025-02-09T10:24:43.375+0000] {logging_mixin.py:190} INFO - Dag name:directory_and_file_verification_dag and current dag run status:running
[2025-02-09T10:24:43.376+0000] {taskinstance.py:731} INFO - ::endgroup::
[2025-02-09T10:24:43.376+0000] {baseoperator.py:421} WARNING - BranchPythonOperator.execute cannot be called outside TaskInstance!
[2025-02-09T10:24:43.377+0000] {logging_mixin.py:190} INFO - camarche22 /opt/***/files ['.csv'] ['utf-8', 'ISO-8859-1', 'Windows-1252']
[2025-02-09T10:24:43.380+0000] {python.py:240} INFO - Done. Returned value was: None
[2025-02-09T10:24:43.381+0000] {branch.py:38} INFO - Branch into None
[2025-02-09T10:24:43.382+0000] {skipmixin.py:230} INFO - Following branch ()
[2025-02-09T10:24:43.396+0000] {skipmixin.py:278} INFO - Skipping tasks [('end', -1)]
[2025-02-09T10:24:43.423+0000] {taskinstance.py:340} INFO - ::group::Post task execution logs
[2025-02-09T10:24:43.424+0000] {taskinstance.py:352} INFO - Marking task as SUCCESS. dag_id=directory_and_file_verification_dag, task_id=verify_file_reliability, run_id=manual__2025-02-09T10:24:36.156036+00:00, execution_date=20250209T102436, start_date=20250209T102442, end_date=20250209T102443
[2025-02-09T10:24:43.437+0000] {logging_mixin.py:190} INFO - Task instance in success state
[2025-02-09T10:24:43.438+0000] {logging_mixin.py:190} INFO -  Previous state of the Task instance: running
[2025-02-09T10:24:43.439+0000] {logging_mixin.py:190} INFO - Dag name:directory_and_file_verification_dag queued_at:2025-02-09 10:24:36.185210+00:00
[2025-02-09T10:24:43.440+0000] {logging_mixin.py:190} INFO - Task hostname:003b7fbea265 operator:BranchPythonOperator
[2025-02-09T10:24:43.470+0000] {local_task_job_runner.py:266} INFO - Task exited with return code 0
[2025-02-09T10:24:43.489+0000] {taskinstance.py:3895} INFO - 0 downstream tasks scheduled from follow-on schedule check
[2025-02-09T10:24:43.492+0000] {local_task_job_runner.py:245} INFO - ::endgroup::
