[2025-02-11T00:00:24.715+0000] {processor.py:186} INFO - Started process (PID=12395) to work on /opt/airflow/dags/my_first_dag.py
[2025-02-11T00:00:24.716+0000] {processor.py:914} INFO - Processing file /opt/airflow/dags/my_first_dag.py for tasks to queue
[2025-02-11T00:00:24.717+0000] {logging_mixin.py:190} INFO - [2025-02-11T00:00:24.717+0000] {dagbag.py:588} INFO - Filling up the DagBag from /opt/airflow/dags/my_first_dag.py
[2025-02-11T00:00:24.728+0000] {processor.py:925} INFO - DAG(s) 'my_first_dag' retrieved from /opt/airflow/dags/my_first_dag.py
[2025-02-11T00:00:24.745+0000] {logging_mixin.py:190} INFO - [2025-02-11T00:00:24.744+0000] {dag.py:3239} INFO - Sync 1 DAGs
[2025-02-11T00:00:24.763+0000] {logging_mixin.py:190} INFO - [2025-02-11T00:00:24.763+0000] {dag.py:4180} INFO - Setting next_dagrun for my_first_dag to 2025-01-26 00:00:00+00:00, run_after=2025-02-25 00:00:00+00:00
[2025-02-11T00:00:24.783+0000] {processor.py:208} INFO - Processing /opt/airflow/dags/my_first_dag.py took 0.072 seconds
[2025-02-11T00:00:55.552+0000] {processor.py:186} INFO - Started process (PID=12461) to work on /opt/airflow/dags/my_first_dag.py
[2025-02-11T00:00:55.553+0000] {processor.py:914} INFO - Processing file /opt/airflow/dags/my_first_dag.py for tasks to queue
[2025-02-11T00:00:55.556+0000] {logging_mixin.py:190} INFO - [2025-02-11T00:00:55.555+0000] {dagbag.py:588} INFO - Filling up the DagBag from /opt/airflow/dags/my_first_dag.py
[2025-02-11T00:00:55.569+0000] {processor.py:925} INFO - DAG(s) 'my_first_dag' retrieved from /opt/airflow/dags/my_first_dag.py
[2025-02-11T00:00:55.589+0000] {logging_mixin.py:190} INFO - [2025-02-11T00:00:55.589+0000] {dag.py:3239} INFO - Sync 1 DAGs
[2025-02-11T00:00:55.617+0000] {logging_mixin.py:190} INFO - [2025-02-11T00:00:55.617+0000] {dag.py:4180} INFO - Setting next_dagrun for my_first_dag to 2025-01-26 00:00:00+00:00, run_after=2025-02-25 00:00:00+00:00
[2025-02-11T00:00:55.638+0000] {processor.py:208} INFO - Processing /opt/airflow/dags/my_first_dag.py took 0.091 seconds
[2025-02-11T00:01:25.888+0000] {processor.py:186} INFO - Started process (PID=12527) to work on /opt/airflow/dags/my_first_dag.py
[2025-02-11T00:01:25.889+0000] {processor.py:914} INFO - Processing file /opt/airflow/dags/my_first_dag.py for tasks to queue
[2025-02-11T00:01:25.893+0000] {logging_mixin.py:190} INFO - [2025-02-11T00:01:25.893+0000] {dagbag.py:588} INFO - Filling up the DagBag from /opt/airflow/dags/my_first_dag.py
[2025-02-11T00:01:25.912+0000] {processor.py:925} INFO - DAG(s) 'my_first_dag' retrieved from /opt/airflow/dags/my_first_dag.py
[2025-02-11T00:01:25.936+0000] {logging_mixin.py:190} INFO - [2025-02-11T00:01:25.935+0000] {dag.py:3239} INFO - Sync 1 DAGs
[2025-02-11T00:01:25.975+0000] {logging_mixin.py:190} INFO - [2025-02-11T00:01:25.975+0000] {dag.py:4180} INFO - Setting next_dagrun for my_first_dag to 2025-01-26 00:00:00+00:00, run_after=2025-02-25 00:00:00+00:00
[2025-02-11T00:01:26.003+0000] {processor.py:208} INFO - Processing /opt/airflow/dags/my_first_dag.py took 0.124 seconds
[2025-02-11T00:01:56.576+0000] {processor.py:186} INFO - Started process (PID=12592) to work on /opt/airflow/dags/my_first_dag.py
[2025-02-11T00:01:56.577+0000] {processor.py:914} INFO - Processing file /opt/airflow/dags/my_first_dag.py for tasks to queue
[2025-02-11T00:01:56.580+0000] {logging_mixin.py:190} INFO - [2025-02-11T00:01:56.579+0000] {dagbag.py:588} INFO - Filling up the DagBag from /opt/airflow/dags/my_first_dag.py
[2025-02-11T00:01:56.595+0000] {processor.py:925} INFO - DAG(s) 'my_first_dag' retrieved from /opt/airflow/dags/my_first_dag.py
[2025-02-11T00:01:56.617+0000] {logging_mixin.py:190} INFO - [2025-02-11T00:01:56.616+0000] {dag.py:3239} INFO - Sync 1 DAGs
[2025-02-11T00:01:56.647+0000] {logging_mixin.py:190} INFO - [2025-02-11T00:01:56.647+0000] {dag.py:4180} INFO - Setting next_dagrun for my_first_dag to 2025-01-26 00:00:00+00:00, run_after=2025-02-25 00:00:00+00:00
[2025-02-11T00:01:56.679+0000] {processor.py:208} INFO - Processing /opt/airflow/dags/my_first_dag.py took 0.108 seconds
[2025-02-11T00:02:27.193+0000] {processor.py:186} INFO - Started process (PID=12663) to work on /opt/airflow/dags/my_first_dag.py
[2025-02-11T00:02:27.194+0000] {processor.py:914} INFO - Processing file /opt/airflow/dags/my_first_dag.py for tasks to queue
[2025-02-11T00:02:27.197+0000] {logging_mixin.py:190} INFO - [2025-02-11T00:02:27.197+0000] {dagbag.py:588} INFO - Filling up the DagBag from /opt/airflow/dags/my_first_dag.py
[2025-02-11T00:02:27.213+0000] {processor.py:925} INFO - DAG(s) 'my_first_dag' retrieved from /opt/airflow/dags/my_first_dag.py
[2025-02-11T00:02:27.240+0000] {logging_mixin.py:190} INFO - [2025-02-11T00:02:27.240+0000] {dag.py:3239} INFO - Sync 1 DAGs
[2025-02-11T00:02:27.274+0000] {logging_mixin.py:190} INFO - [2025-02-11T00:02:27.274+0000] {dag.py:4180} INFO - Setting next_dagrun for my_first_dag to 2025-01-26 00:00:00+00:00, run_after=2025-02-25 00:00:00+00:00
[2025-02-11T00:02:27.295+0000] {processor.py:208} INFO - Processing /opt/airflow/dags/my_first_dag.py took 0.108 seconds
[2025-02-11T00:02:57.714+0000] {processor.py:186} INFO - Started process (PID=12729) to work on /opt/airflow/dags/my_first_dag.py
[2025-02-11T00:02:57.715+0000] {processor.py:914} INFO - Processing file /opt/airflow/dags/my_first_dag.py for tasks to queue
[2025-02-11T00:02:57.717+0000] {logging_mixin.py:190} INFO - [2025-02-11T00:02:57.716+0000] {dagbag.py:588} INFO - Filling up the DagBag from /opt/airflow/dags/my_first_dag.py
[2025-02-11T00:02:57.728+0000] {processor.py:925} INFO - DAG(s) 'my_first_dag' retrieved from /opt/airflow/dags/my_first_dag.py
[2025-02-11T00:02:57.741+0000] {logging_mixin.py:190} INFO - [2025-02-11T00:02:57.741+0000] {dag.py:3239} INFO - Sync 1 DAGs
[2025-02-11T00:02:57.759+0000] {logging_mixin.py:190} INFO - [2025-02-11T00:02:57.759+0000] {dag.py:4180} INFO - Setting next_dagrun for my_first_dag to 2025-01-26 00:00:00+00:00, run_after=2025-02-25 00:00:00+00:00
[2025-02-11T00:02:57.777+0000] {processor.py:208} INFO - Processing /opt/airflow/dags/my_first_dag.py took 0.067 seconds
[2025-02-11T00:03:28.240+0000] {processor.py:186} INFO - Started process (PID=12795) to work on /opt/airflow/dags/my_first_dag.py
[2025-02-11T00:03:28.241+0000] {processor.py:914} INFO - Processing file /opt/airflow/dags/my_first_dag.py for tasks to queue
[2025-02-11T00:03:28.243+0000] {logging_mixin.py:190} INFO - [2025-02-11T00:03:28.243+0000] {dagbag.py:588} INFO - Filling up the DagBag from /opt/airflow/dags/my_first_dag.py
[2025-02-11T00:03:28.254+0000] {processor.py:925} INFO - DAG(s) 'my_first_dag' retrieved from /opt/airflow/dags/my_first_dag.py
[2025-02-11T00:03:28.267+0000] {logging_mixin.py:190} INFO - [2025-02-11T00:03:28.267+0000] {dag.py:3239} INFO - Sync 1 DAGs
[2025-02-11T00:03:28.285+0000] {logging_mixin.py:190} INFO - [2025-02-11T00:03:28.285+0000] {dag.py:4180} INFO - Setting next_dagrun for my_first_dag to 2025-01-26 00:00:00+00:00, run_after=2025-02-25 00:00:00+00:00
[2025-02-11T00:03:28.305+0000] {processor.py:208} INFO - Processing /opt/airflow/dags/my_first_dag.py took 0.069 seconds
[2025-02-11T00:03:58.556+0000] {processor.py:186} INFO - Started process (PID=12861) to work on /opt/airflow/dags/my_first_dag.py
[2025-02-11T00:03:58.557+0000] {processor.py:914} INFO - Processing file /opt/airflow/dags/my_first_dag.py for tasks to queue
[2025-02-11T00:03:58.560+0000] {logging_mixin.py:190} INFO - [2025-02-11T00:03:58.560+0000] {dagbag.py:588} INFO - Filling up the DagBag from /opt/airflow/dags/my_first_dag.py
[2025-02-11T00:03:58.576+0000] {processor.py:925} INFO - DAG(s) 'my_first_dag' retrieved from /opt/airflow/dags/my_first_dag.py
[2025-02-11T00:03:58.592+0000] {logging_mixin.py:190} INFO - [2025-02-11T00:03:58.592+0000] {dag.py:3239} INFO - Sync 1 DAGs
[2025-02-11T00:03:58.610+0000] {logging_mixin.py:190} INFO - [2025-02-11T00:03:58.610+0000] {dag.py:4180} INFO - Setting next_dagrun for my_first_dag to 2025-01-26 00:00:00+00:00, run_after=2025-02-25 00:00:00+00:00
[2025-02-11T00:03:58.629+0000] {processor.py:208} INFO - Processing /opt/airflow/dags/my_first_dag.py took 0.077 seconds
[2025-02-11T00:04:28.980+0000] {processor.py:186} INFO - Started process (PID=12927) to work on /opt/airflow/dags/my_first_dag.py
[2025-02-11T00:04:28.981+0000] {processor.py:914} INFO - Processing file /opt/airflow/dags/my_first_dag.py for tasks to queue
[2025-02-11T00:04:28.984+0000] {logging_mixin.py:190} INFO - [2025-02-11T00:04:28.983+0000] {dagbag.py:588} INFO - Filling up the DagBag from /opt/airflow/dags/my_first_dag.py
[2025-02-11T00:04:28.995+0000] {processor.py:925} INFO - DAG(s) 'my_first_dag' retrieved from /opt/airflow/dags/my_first_dag.py
[2025-02-11T00:04:29.011+0000] {logging_mixin.py:190} INFO - [2025-02-11T00:04:29.011+0000] {dag.py:3239} INFO - Sync 1 DAGs
[2025-02-11T00:04:29.030+0000] {logging_mixin.py:190} INFO - [2025-02-11T00:04:29.029+0000] {dag.py:4180} INFO - Setting next_dagrun for my_first_dag to 2025-01-26 00:00:00+00:00, run_after=2025-02-25 00:00:00+00:00
[2025-02-11T00:04:29.046+0000] {processor.py:208} INFO - Processing /opt/airflow/dags/my_first_dag.py took 0.070 seconds
[2025-02-11T00:04:59.299+0000] {processor.py:186} INFO - Started process (PID=12993) to work on /opt/airflow/dags/my_first_dag.py
[2025-02-11T00:04:59.300+0000] {processor.py:914} INFO - Processing file /opt/airflow/dags/my_first_dag.py for tasks to queue
[2025-02-11T00:04:59.302+0000] {logging_mixin.py:190} INFO - [2025-02-11T00:04:59.301+0000] {dagbag.py:588} INFO - Filling up the DagBag from /opt/airflow/dags/my_first_dag.py
[2025-02-11T00:04:59.312+0000] {processor.py:925} INFO - DAG(s) 'my_first_dag' retrieved from /opt/airflow/dags/my_first_dag.py
[2025-02-11T00:04:59.325+0000] {logging_mixin.py:190} INFO - [2025-02-11T00:04:59.325+0000] {dag.py:3239} INFO - Sync 1 DAGs
[2025-02-11T00:04:59.341+0000] {logging_mixin.py:190} INFO - [2025-02-11T00:04:59.341+0000] {dag.py:4180} INFO - Setting next_dagrun for my_first_dag to 2025-01-26 00:00:00+00:00, run_after=2025-02-25 00:00:00+00:00
[2025-02-11T00:04:59.359+0000] {processor.py:208} INFO - Processing /opt/airflow/dags/my_first_dag.py took 0.065 seconds
[2025-02-11T00:05:29.507+0000] {processor.py:186} INFO - Started process (PID=13059) to work on /opt/airflow/dags/my_first_dag.py
[2025-02-11T00:05:29.509+0000] {processor.py:914} INFO - Processing file /opt/airflow/dags/my_first_dag.py for tasks to queue
[2025-02-11T00:05:29.511+0000] {logging_mixin.py:190} INFO - [2025-02-11T00:05:29.511+0000] {dagbag.py:588} INFO - Filling up the DagBag from /opt/airflow/dags/my_first_dag.py
[2025-02-11T00:05:29.522+0000] {processor.py:925} INFO - DAG(s) 'my_first_dag' retrieved from /opt/airflow/dags/my_first_dag.py
[2025-02-11T00:05:29.537+0000] {logging_mixin.py:190} INFO - [2025-02-11T00:05:29.536+0000] {dag.py:3239} INFO - Sync 1 DAGs
[2025-02-11T00:05:29.555+0000] {logging_mixin.py:190} INFO - [2025-02-11T00:05:29.555+0000] {dag.py:4180} INFO - Setting next_dagrun for my_first_dag to 2025-01-26 00:00:00+00:00, run_after=2025-02-25 00:00:00+00:00
[2025-02-11T00:05:29.576+0000] {processor.py:208} INFO - Processing /opt/airflow/dags/my_first_dag.py took 0.074 seconds
[2025-02-11T00:05:59.959+0000] {processor.py:186} INFO - Started process (PID=13125) to work on /opt/airflow/dags/my_first_dag.py
[2025-02-11T00:05:59.960+0000] {processor.py:914} INFO - Processing file /opt/airflow/dags/my_first_dag.py for tasks to queue
[2025-02-11T00:05:59.961+0000] {logging_mixin.py:190} INFO - [2025-02-11T00:05:59.961+0000] {dagbag.py:588} INFO - Filling up the DagBag from /opt/airflow/dags/my_first_dag.py
[2025-02-11T00:05:59.974+0000] {processor.py:925} INFO - DAG(s) 'my_first_dag' retrieved from /opt/airflow/dags/my_first_dag.py
[2025-02-11T00:05:59.988+0000] {logging_mixin.py:190} INFO - [2025-02-11T00:05:59.987+0000] {dag.py:3239} INFO - Sync 1 DAGs
[2025-02-11T00:06:00.005+0000] {logging_mixin.py:190} INFO - [2025-02-11T00:06:00.005+0000] {dag.py:4180} INFO - Setting next_dagrun for my_first_dag to 2025-01-26 00:00:00+00:00, run_after=2025-02-25 00:00:00+00:00
[2025-02-11T00:06:00.032+0000] {processor.py:208} INFO - Processing /opt/airflow/dags/my_first_dag.py took 0.077 seconds
[2025-02-11T00:06:30.147+0000] {processor.py:186} INFO - Started process (PID=13191) to work on /opt/airflow/dags/my_first_dag.py
[2025-02-11T00:06:30.148+0000] {processor.py:914} INFO - Processing file /opt/airflow/dags/my_first_dag.py for tasks to queue
[2025-02-11T00:06:30.150+0000] {logging_mixin.py:190} INFO - [2025-02-11T00:06:30.150+0000] {dagbag.py:588} INFO - Filling up the DagBag from /opt/airflow/dags/my_first_dag.py
[2025-02-11T00:06:30.163+0000] {processor.py:925} INFO - DAG(s) 'my_first_dag' retrieved from /opt/airflow/dags/my_first_dag.py
[2025-02-11T00:06:30.182+0000] {logging_mixin.py:190} INFO - [2025-02-11T00:06:30.182+0000] {dag.py:3239} INFO - Sync 1 DAGs
[2025-02-11T00:06:30.206+0000] {logging_mixin.py:190} INFO - [2025-02-11T00:06:30.206+0000] {dag.py:4180} INFO - Setting next_dagrun for my_first_dag to 2025-01-26 00:00:00+00:00, run_after=2025-02-25 00:00:00+00:00
[2025-02-11T00:06:30.228+0000] {processor.py:208} INFO - Processing /opt/airflow/dags/my_first_dag.py took 0.086 seconds
[2025-02-11T00:07:00.570+0000] {processor.py:186} INFO - Started process (PID=13257) to work on /opt/airflow/dags/my_first_dag.py
[2025-02-11T00:07:00.572+0000] {processor.py:914} INFO - Processing file /opt/airflow/dags/my_first_dag.py for tasks to queue
[2025-02-11T00:07:00.575+0000] {logging_mixin.py:190} INFO - [2025-02-11T00:07:00.574+0000] {dagbag.py:588} INFO - Filling up the DagBag from /opt/airflow/dags/my_first_dag.py
[2025-02-11T00:07:00.594+0000] {processor.py:925} INFO - DAG(s) 'my_first_dag' retrieved from /opt/airflow/dags/my_first_dag.py
[2025-02-11T00:07:00.620+0000] {logging_mixin.py:190} INFO - [2025-02-11T00:07:00.620+0000] {dag.py:3239} INFO - Sync 1 DAGs
[2025-02-11T00:07:00.652+0000] {logging_mixin.py:190} INFO - [2025-02-11T00:07:00.652+0000] {dag.py:4180} INFO - Setting next_dagrun for my_first_dag to 2025-01-26 00:00:00+00:00, run_after=2025-02-25 00:00:00+00:00
[2025-02-11T00:07:00.675+0000] {processor.py:208} INFO - Processing /opt/airflow/dags/my_first_dag.py took 0.112 seconds
[2025-02-11T00:07:30.811+0000] {processor.py:186} INFO - Started process (PID=13324) to work on /opt/airflow/dags/my_first_dag.py
[2025-02-11T00:07:30.812+0000] {processor.py:914} INFO - Processing file /opt/airflow/dags/my_first_dag.py for tasks to queue
[2025-02-11T00:07:30.813+0000] {logging_mixin.py:190} INFO - [2025-02-11T00:07:30.813+0000] {dagbag.py:588} INFO - Filling up the DagBag from /opt/airflow/dags/my_first_dag.py
[2025-02-11T00:07:30.825+0000] {processor.py:925} INFO - DAG(s) 'my_first_dag' retrieved from /opt/airflow/dags/my_first_dag.py
[2025-02-11T00:07:30.841+0000] {logging_mixin.py:190} INFO - [2025-02-11T00:07:30.841+0000] {dag.py:3239} INFO - Sync 1 DAGs
[2025-02-11T00:07:30.857+0000] {logging_mixin.py:190} INFO - [2025-02-11T00:07:30.857+0000] {dag.py:4180} INFO - Setting next_dagrun for my_first_dag to 2025-01-26 00:00:00+00:00, run_after=2025-02-25 00:00:00+00:00
[2025-02-11T00:07:30.874+0000] {processor.py:208} INFO - Processing /opt/airflow/dags/my_first_dag.py took 0.068 seconds
[2025-02-11T00:08:00.973+0000] {processor.py:186} INFO - Started process (PID=13391) to work on /opt/airflow/dags/my_first_dag.py
[2025-02-11T00:08:00.974+0000] {processor.py:914} INFO - Processing file /opt/airflow/dags/my_first_dag.py for tasks to queue
[2025-02-11T00:08:00.977+0000] {logging_mixin.py:190} INFO - [2025-02-11T00:08:00.976+0000] {dagbag.py:588} INFO - Filling up the DagBag from /opt/airflow/dags/my_first_dag.py
[2025-02-11T00:08:00.996+0000] {processor.py:925} INFO - DAG(s) 'my_first_dag' retrieved from /opt/airflow/dags/my_first_dag.py
[2025-02-11T00:08:01.020+0000] {logging_mixin.py:190} INFO - [2025-02-11T00:08:01.020+0000] {dag.py:3239} INFO - Sync 1 DAGs
[2025-02-11T00:08:01.049+0000] {logging_mixin.py:190} INFO - [2025-02-11T00:08:01.049+0000] {dag.py:4180} INFO - Setting next_dagrun for my_first_dag to 2025-01-26 00:00:00+00:00, run_after=2025-02-25 00:00:00+00:00
[2025-02-11T00:08:01.072+0000] {processor.py:208} INFO - Processing /opt/airflow/dags/my_first_dag.py took 0.108 seconds
[2025-02-11T00:08:31.720+0000] {processor.py:186} INFO - Started process (PID=13457) to work on /opt/airflow/dags/my_first_dag.py
[2025-02-11T00:08:31.721+0000] {processor.py:914} INFO - Processing file /opt/airflow/dags/my_first_dag.py for tasks to queue
[2025-02-11T00:08:31.723+0000] {logging_mixin.py:190} INFO - [2025-02-11T00:08:31.723+0000] {dagbag.py:588} INFO - Filling up the DagBag from /opt/airflow/dags/my_first_dag.py
[2025-02-11T00:08:31.738+0000] {processor.py:925} INFO - DAG(s) 'my_first_dag' retrieved from /opt/airflow/dags/my_first_dag.py
[2025-02-11T00:08:31.754+0000] {logging_mixin.py:190} INFO - [2025-02-11T00:08:31.754+0000] {dag.py:3239} INFO - Sync 1 DAGs
[2025-02-11T00:08:31.777+0000] {logging_mixin.py:190} INFO - [2025-02-11T00:08:31.776+0000] {dag.py:4180} INFO - Setting next_dagrun for my_first_dag to 2025-01-26 00:00:00+00:00, run_after=2025-02-25 00:00:00+00:00
[2025-02-11T00:08:31.795+0000] {processor.py:208} INFO - Processing /opt/airflow/dags/my_first_dag.py took 0.080 seconds
[2025-02-11T00:09:01.842+0000] {processor.py:186} INFO - Started process (PID=13523) to work on /opt/airflow/dags/my_first_dag.py
[2025-02-11T00:09:01.843+0000] {processor.py:914} INFO - Processing file /opt/airflow/dags/my_first_dag.py for tasks to queue
[2025-02-11T00:09:01.847+0000] {logging_mixin.py:190} INFO - [2025-02-11T00:09:01.847+0000] {dagbag.py:588} INFO - Filling up the DagBag from /opt/airflow/dags/my_first_dag.py
[2025-02-11T00:09:01.865+0000] {processor.py:925} INFO - DAG(s) 'my_first_dag' retrieved from /opt/airflow/dags/my_first_dag.py
[2025-02-11T00:09:01.890+0000] {logging_mixin.py:190} INFO - [2025-02-11T00:09:01.890+0000] {dag.py:3239} INFO - Sync 1 DAGs
[2025-02-11T00:09:01.922+0000] {logging_mixin.py:190} INFO - [2025-02-11T00:09:01.922+0000] {dag.py:4180} INFO - Setting next_dagrun for my_first_dag to 2025-01-26 00:00:00+00:00, run_after=2025-02-25 00:00:00+00:00
[2025-02-11T00:09:01.946+0000] {processor.py:208} INFO - Processing /opt/airflow/dags/my_first_dag.py took 0.111 seconds
[2025-02-11T00:09:32.482+0000] {processor.py:186} INFO - Started process (PID=13588) to work on /opt/airflow/dags/my_first_dag.py
[2025-02-11T00:09:32.483+0000] {processor.py:914} INFO - Processing file /opt/airflow/dags/my_first_dag.py for tasks to queue
[2025-02-11T00:09:32.485+0000] {logging_mixin.py:190} INFO - [2025-02-11T00:09:32.485+0000] {dagbag.py:588} INFO - Filling up the DagBag from /opt/airflow/dags/my_first_dag.py
[2025-02-11T00:09:32.497+0000] {processor.py:925} INFO - DAG(s) 'my_first_dag' retrieved from /opt/airflow/dags/my_first_dag.py
[2025-02-11T00:09:32.515+0000] {logging_mixin.py:190} INFO - [2025-02-11T00:09:32.515+0000] {dag.py:3239} INFO - Sync 1 DAGs
[2025-02-11T00:09:32.535+0000] {logging_mixin.py:190} INFO - [2025-02-11T00:09:32.534+0000] {dag.py:4180} INFO - Setting next_dagrun for my_first_dag to 2025-01-26 00:00:00+00:00, run_after=2025-02-25 00:00:00+00:00
[2025-02-11T00:09:32.556+0000] {processor.py:208} INFO - Processing /opt/airflow/dags/my_first_dag.py took 0.080 seconds
[2025-02-11T00:10:03.134+0000] {processor.py:186} INFO - Started process (PID=13654) to work on /opt/airflow/dags/my_first_dag.py
[2025-02-11T00:10:03.136+0000] {processor.py:914} INFO - Processing file /opt/airflow/dags/my_first_dag.py for tasks to queue
[2025-02-11T00:10:03.139+0000] {logging_mixin.py:190} INFO - [2025-02-11T00:10:03.139+0000] {dagbag.py:588} INFO - Filling up the DagBag from /opt/airflow/dags/my_first_dag.py
[2025-02-11T00:10:03.159+0000] {processor.py:925} INFO - DAG(s) 'my_first_dag' retrieved from /opt/airflow/dags/my_first_dag.py
[2025-02-11T00:10:03.180+0000] {logging_mixin.py:190} INFO - [2025-02-11T00:10:03.180+0000] {dag.py:3239} INFO - Sync 1 DAGs
[2025-02-11T00:10:03.209+0000] {logging_mixin.py:190} INFO - [2025-02-11T00:10:03.209+0000] {dag.py:4180} INFO - Setting next_dagrun for my_first_dag to 2025-01-26 00:00:00+00:00, run_after=2025-02-25 00:00:00+00:00
[2025-02-11T00:10:03.232+0000] {processor.py:208} INFO - Processing /opt/airflow/dags/my_first_dag.py took 0.106 seconds
[2025-02-11T00:10:33.528+0000] {processor.py:186} INFO - Started process (PID=13721) to work on /opt/airflow/dags/my_first_dag.py
[2025-02-11T00:10:33.528+0000] {processor.py:914} INFO - Processing file /opt/airflow/dags/my_first_dag.py for tasks to queue
[2025-02-11T00:10:33.530+0000] {logging_mixin.py:190} INFO - [2025-02-11T00:10:33.530+0000] {dagbag.py:588} INFO - Filling up the DagBag from /opt/airflow/dags/my_first_dag.py
[2025-02-11T00:10:33.541+0000] {processor.py:925} INFO - DAG(s) 'my_first_dag' retrieved from /opt/airflow/dags/my_first_dag.py
[2025-02-11T00:10:33.554+0000] {logging_mixin.py:190} INFO - [2025-02-11T00:10:33.554+0000] {dag.py:3239} INFO - Sync 1 DAGs
[2025-02-11T00:10:33.570+0000] {logging_mixin.py:190} INFO - [2025-02-11T00:10:33.570+0000] {dag.py:4180} INFO - Setting next_dagrun for my_first_dag to 2025-01-26 00:00:00+00:00, run_after=2025-02-25 00:00:00+00:00
[2025-02-11T00:10:33.589+0000] {processor.py:208} INFO - Processing /opt/airflow/dags/my_first_dag.py took 0.066 seconds
[2025-02-11T00:11:04.265+0000] {processor.py:186} INFO - Started process (PID=13787) to work on /opt/airflow/dags/my_first_dag.py
[2025-02-11T00:11:04.266+0000] {processor.py:914} INFO - Processing file /opt/airflow/dags/my_first_dag.py for tasks to queue
[2025-02-11T00:11:04.269+0000] {logging_mixin.py:190} INFO - [2025-02-11T00:11:04.268+0000] {dagbag.py:588} INFO - Filling up the DagBag from /opt/airflow/dags/my_first_dag.py
[2025-02-11T00:11:04.284+0000] {processor.py:925} INFO - DAG(s) 'my_first_dag' retrieved from /opt/airflow/dags/my_first_dag.py
[2025-02-11T00:11:04.309+0000] {logging_mixin.py:190} INFO - [2025-02-11T00:11:04.309+0000] {dag.py:3239} INFO - Sync 1 DAGs
[2025-02-11T00:11:04.339+0000] {logging_mixin.py:190} INFO - [2025-02-11T00:11:04.338+0000] {dag.py:4180} INFO - Setting next_dagrun for my_first_dag to 2025-01-26 00:00:00+00:00, run_after=2025-02-25 00:00:00+00:00
[2025-02-11T00:11:04.361+0000] {processor.py:208} INFO - Processing /opt/airflow/dags/my_first_dag.py took 0.104 seconds
[2025-02-11T00:11:35.219+0000] {processor.py:186} INFO - Started process (PID=13853) to work on /opt/airflow/dags/my_first_dag.py
[2025-02-11T00:11:35.220+0000] {processor.py:914} INFO - Processing file /opt/airflow/dags/my_first_dag.py for tasks to queue
[2025-02-11T00:11:35.223+0000] {logging_mixin.py:190} INFO - [2025-02-11T00:11:35.222+0000] {dagbag.py:588} INFO - Filling up the DagBag from /opt/airflow/dags/my_first_dag.py
[2025-02-11T00:11:35.241+0000] {processor.py:925} INFO - DAG(s) 'my_first_dag' retrieved from /opt/airflow/dags/my_first_dag.py
[2025-02-11T00:11:35.262+0000] {logging_mixin.py:190} INFO - [2025-02-11T00:11:35.262+0000] {dag.py:3239} INFO - Sync 1 DAGs
[2025-02-11T00:11:35.287+0000] {logging_mixin.py:190} INFO - [2025-02-11T00:11:35.286+0000] {dag.py:4180} INFO - Setting next_dagrun for my_first_dag to 2025-01-26 00:00:00+00:00, run_after=2025-02-25 00:00:00+00:00
[2025-02-11T00:11:35.310+0000] {processor.py:208} INFO - Processing /opt/airflow/dags/my_first_dag.py took 0.098 seconds
[2025-02-11T00:12:06.240+0000] {processor.py:186} INFO - Started process (PID=13919) to work on /opt/airflow/dags/my_first_dag.py
[2025-02-11T00:12:06.244+0000] {processor.py:914} INFO - Processing file /opt/airflow/dags/my_first_dag.py for tasks to queue
[2025-02-11T00:12:06.249+0000] {logging_mixin.py:190} INFO - [2025-02-11T00:12:06.248+0000] {dagbag.py:588} INFO - Filling up the DagBag from /opt/airflow/dags/my_first_dag.py
[2025-02-11T00:12:06.280+0000] {processor.py:925} INFO - DAG(s) 'my_first_dag' retrieved from /opt/airflow/dags/my_first_dag.py
[2025-02-11T00:12:06.307+0000] {logging_mixin.py:190} INFO - [2025-02-11T00:12:06.307+0000] {dag.py:3239} INFO - Sync 1 DAGs
[2025-02-11T00:12:06.349+0000] {logging_mixin.py:190} INFO - [2025-02-11T00:12:06.349+0000] {dag.py:4180} INFO - Setting next_dagrun for my_first_dag to 2025-01-26 00:00:00+00:00, run_after=2025-02-25 00:00:00+00:00
[2025-02-11T00:12:06.383+0000] {processor.py:208} INFO - Processing /opt/airflow/dags/my_first_dag.py took 0.152 seconds
[2025-02-11T00:12:36.825+0000] {processor.py:186} INFO - Started process (PID=13985) to work on /opt/airflow/dags/my_first_dag.py
[2025-02-11T00:12:36.826+0000] {processor.py:914} INFO - Processing file /opt/airflow/dags/my_first_dag.py for tasks to queue
[2025-02-11T00:12:36.828+0000] {logging_mixin.py:190} INFO - [2025-02-11T00:12:36.827+0000] {dagbag.py:588} INFO - Filling up the DagBag from /opt/airflow/dags/my_first_dag.py
[2025-02-11T00:12:36.839+0000] {processor.py:925} INFO - DAG(s) 'my_first_dag' retrieved from /opt/airflow/dags/my_first_dag.py
[2025-02-11T00:12:36.853+0000] {logging_mixin.py:190} INFO - [2025-02-11T00:12:36.853+0000] {dag.py:3239} INFO - Sync 1 DAGs
[2025-02-11T00:12:36.872+0000] {logging_mixin.py:190} INFO - [2025-02-11T00:12:36.871+0000] {dag.py:4180} INFO - Setting next_dagrun for my_first_dag to 2025-01-26 00:00:00+00:00, run_after=2025-02-25 00:00:00+00:00
[2025-02-11T00:12:36.889+0000] {processor.py:208} INFO - Processing /opt/airflow/dags/my_first_dag.py took 0.069 seconds
[2025-02-11T00:13:07.036+0000] {processor.py:186} INFO - Started process (PID=14051) to work on /opt/airflow/dags/my_first_dag.py
[2025-02-11T00:13:07.037+0000] {processor.py:914} INFO - Processing file /opt/airflow/dags/my_first_dag.py for tasks to queue
[2025-02-11T00:13:07.040+0000] {logging_mixin.py:190} INFO - [2025-02-11T00:13:07.039+0000] {dagbag.py:588} INFO - Filling up the DagBag from /opt/airflow/dags/my_first_dag.py
[2025-02-11T00:13:07.056+0000] {processor.py:925} INFO - DAG(s) 'my_first_dag' retrieved from /opt/airflow/dags/my_first_dag.py
[2025-02-11T00:13:07.078+0000] {logging_mixin.py:190} INFO - [2025-02-11T00:13:07.078+0000] {dag.py:3239} INFO - Sync 1 DAGs
[2025-02-11T00:13:07.112+0000] {logging_mixin.py:190} INFO - [2025-02-11T00:13:07.112+0000] {dag.py:4180} INFO - Setting next_dagrun for my_first_dag to 2025-01-26 00:00:00+00:00, run_after=2025-02-25 00:00:00+00:00
[2025-02-11T00:13:07.144+0000] {processor.py:208} INFO - Processing /opt/airflow/dags/my_first_dag.py took 0.114 seconds
[2025-02-11T00:13:37.198+0000] {processor.py:186} INFO - Started process (PID=14117) to work on /opt/airflow/dags/my_first_dag.py
[2025-02-11T00:13:37.198+0000] {processor.py:914} INFO - Processing file /opt/airflow/dags/my_first_dag.py for tasks to queue
[2025-02-11T00:13:37.200+0000] {logging_mixin.py:190} INFO - [2025-02-11T00:13:37.200+0000] {dagbag.py:588} INFO - Filling up the DagBag from /opt/airflow/dags/my_first_dag.py
[2025-02-11T00:13:37.212+0000] {processor.py:925} INFO - DAG(s) 'my_first_dag' retrieved from /opt/airflow/dags/my_first_dag.py
[2025-02-11T00:13:37.227+0000] {logging_mixin.py:190} INFO - [2025-02-11T00:13:37.226+0000] {dag.py:3239} INFO - Sync 1 DAGs
[2025-02-11T00:13:37.244+0000] {logging_mixin.py:190} INFO - [2025-02-11T00:13:37.244+0000] {dag.py:4180} INFO - Setting next_dagrun for my_first_dag to 2025-01-26 00:00:00+00:00, run_after=2025-02-25 00:00:00+00:00
[2025-02-11T00:13:37.263+0000] {processor.py:208} INFO - Processing /opt/airflow/dags/my_first_dag.py took 0.071 seconds
[2025-02-11T00:14:08.288+0000] {processor.py:186} INFO - Started process (PID=14183) to work on /opt/airflow/dags/my_first_dag.py
[2025-02-11T00:14:08.289+0000] {processor.py:914} INFO - Processing file /opt/airflow/dags/my_first_dag.py for tasks to queue
[2025-02-11T00:14:08.291+0000] {logging_mixin.py:190} INFO - [2025-02-11T00:14:08.291+0000] {dagbag.py:588} INFO - Filling up the DagBag from /opt/airflow/dags/my_first_dag.py
[2025-02-11T00:14:08.306+0000] {processor.py:925} INFO - DAG(s) 'my_first_dag' retrieved from /opt/airflow/dags/my_first_dag.py
[2025-02-11T00:14:08.324+0000] {logging_mixin.py:190} INFO - [2025-02-11T00:14:08.324+0000] {dag.py:3239} INFO - Sync 1 DAGs
[2025-02-11T00:14:08.351+0000] {logging_mixin.py:190} INFO - [2025-02-11T00:14:08.351+0000] {dag.py:4180} INFO - Setting next_dagrun for my_first_dag to 2025-01-26 00:00:00+00:00, run_after=2025-02-25 00:00:00+00:00
[2025-02-11T00:14:08.376+0000] {processor.py:208} INFO - Processing /opt/airflow/dags/my_first_dag.py took 0.095 seconds
[2025-02-11T00:14:38.565+0000] {processor.py:186} INFO - Started process (PID=14249) to work on /opt/airflow/dags/my_first_dag.py
[2025-02-11T00:14:38.566+0000] {processor.py:914} INFO - Processing file /opt/airflow/dags/my_first_dag.py for tasks to queue
[2025-02-11T00:14:38.568+0000] {logging_mixin.py:190} INFO - [2025-02-11T00:14:38.567+0000] {dagbag.py:588} INFO - Filling up the DagBag from /opt/airflow/dags/my_first_dag.py
[2025-02-11T00:14:38.580+0000] {processor.py:925} INFO - DAG(s) 'my_first_dag' retrieved from /opt/airflow/dags/my_first_dag.py
[2025-02-11T00:14:38.596+0000] {logging_mixin.py:190} INFO - [2025-02-11T00:14:38.595+0000] {dag.py:3239} INFO - Sync 1 DAGs
[2025-02-11T00:14:38.615+0000] {logging_mixin.py:190} INFO - [2025-02-11T00:14:38.614+0000] {dag.py:4180} INFO - Setting next_dagrun for my_first_dag to 2025-01-26 00:00:00+00:00, run_after=2025-02-25 00:00:00+00:00
[2025-02-11T00:14:38.635+0000] {processor.py:208} INFO - Processing /opt/airflow/dags/my_first_dag.py took 0.074 seconds
[2025-02-11T00:15:08.735+0000] {processor.py:186} INFO - Started process (PID=14304) to work on /opt/airflow/dags/my_first_dag.py
[2025-02-11T00:15:08.736+0000] {processor.py:914} INFO - Processing file /opt/airflow/dags/my_first_dag.py for tasks to queue
[2025-02-11T00:15:08.738+0000] {logging_mixin.py:190} INFO - [2025-02-11T00:15:08.738+0000] {dagbag.py:588} INFO - Filling up the DagBag from /opt/airflow/dags/my_first_dag.py
[2025-02-11T00:15:08.753+0000] {processor.py:925} INFO - DAG(s) 'my_first_dag' retrieved from /opt/airflow/dags/my_first_dag.py
[2025-02-11T00:15:08.772+0000] {logging_mixin.py:190} INFO - [2025-02-11T00:15:08.772+0000] {dag.py:3239} INFO - Sync 1 DAGs
[2025-02-11T00:15:08.801+0000] {logging_mixin.py:190} INFO - [2025-02-11T00:15:08.801+0000] {dag.py:4180} INFO - Setting next_dagrun for my_first_dag to 2025-01-26 00:00:00+00:00, run_after=2025-02-25 00:00:00+00:00
[2025-02-11T00:15:08.822+0000] {processor.py:208} INFO - Processing /opt/airflow/dags/my_first_dag.py took 0.094 seconds
[2025-02-11T00:15:39.232+0000] {processor.py:186} INFO - Started process (PID=14362) to work on /opt/airflow/dags/my_first_dag.py
[2025-02-11T00:15:39.233+0000] {processor.py:914} INFO - Processing file /opt/airflow/dags/my_first_dag.py for tasks to queue
[2025-02-11T00:15:39.236+0000] {logging_mixin.py:190} INFO - [2025-02-11T00:15:39.235+0000] {dagbag.py:588} INFO - Filling up the DagBag from /opt/airflow/dags/my_first_dag.py
[2025-02-11T00:15:39.251+0000] {processor.py:925} INFO - DAG(s) 'my_first_dag' retrieved from /opt/airflow/dags/my_first_dag.py
[2025-02-11T00:15:39.270+0000] {logging_mixin.py:190} INFO - [2025-02-11T00:15:39.269+0000] {dag.py:3239} INFO - Sync 1 DAGs
[2025-02-11T00:15:39.294+0000] {logging_mixin.py:190} INFO - [2025-02-11T00:15:39.294+0000] {dag.py:4180} INFO - Setting next_dagrun for my_first_dag to 2025-01-26 00:00:00+00:00, run_after=2025-02-25 00:00:00+00:00
[2025-02-11T00:15:39.316+0000] {processor.py:208} INFO - Processing /opt/airflow/dags/my_first_dag.py took 0.090 seconds
[2025-02-11T00:16:09.427+0000] {processor.py:186} INFO - Started process (PID=14421) to work on /opt/airflow/dags/my_first_dag.py
[2025-02-11T00:16:09.428+0000] {processor.py:914} INFO - Processing file /opt/airflow/dags/my_first_dag.py for tasks to queue
[2025-02-11T00:16:09.430+0000] {logging_mixin.py:190} INFO - [2025-02-11T00:16:09.430+0000] {dagbag.py:588} INFO - Filling up the DagBag from /opt/airflow/dags/my_first_dag.py
[2025-02-11T00:16:09.441+0000] {processor.py:925} INFO - DAG(s) 'my_first_dag' retrieved from /opt/airflow/dags/my_first_dag.py
[2025-02-11T00:16:09.460+0000] {logging_mixin.py:190} INFO - [2025-02-11T00:16:09.460+0000] {dag.py:3239} INFO - Sync 1 DAGs
[2025-02-11T00:16:09.479+0000] {logging_mixin.py:190} INFO - [2025-02-11T00:16:09.479+0000] {dag.py:4180} INFO - Setting next_dagrun for my_first_dag to 2025-01-26 00:00:00+00:00, run_after=2025-02-25 00:00:00+00:00
[2025-02-11T00:16:09.498+0000] {processor.py:208} INFO - Processing /opt/airflow/dags/my_first_dag.py took 0.076 seconds
[2025-02-11T00:16:39.970+0000] {processor.py:186} INFO - Started process (PID=14487) to work on /opt/airflow/dags/my_first_dag.py
[2025-02-11T00:16:39.971+0000] {processor.py:914} INFO - Processing file /opt/airflow/dags/my_first_dag.py for tasks to queue
[2025-02-11T00:16:39.972+0000] {logging_mixin.py:190} INFO - [2025-02-11T00:16:39.972+0000] {dagbag.py:588} INFO - Filling up the DagBag from /opt/airflow/dags/my_first_dag.py
[2025-02-11T00:16:39.985+0000] {processor.py:925} INFO - DAG(s) 'my_first_dag' retrieved from /opt/airflow/dags/my_first_dag.py
[2025-02-11T00:16:40.003+0000] {logging_mixin.py:190} INFO - [2025-02-11T00:16:40.003+0000] {dag.py:3239} INFO - Sync 1 DAGs
[2025-02-11T00:16:40.024+0000] {logging_mixin.py:190} INFO - [2025-02-11T00:16:40.024+0000] {dag.py:4180} INFO - Setting next_dagrun for my_first_dag to 2025-01-26 00:00:00+00:00, run_after=2025-02-25 00:00:00+00:00
[2025-02-11T00:16:40.044+0000] {processor.py:208} INFO - Processing /opt/airflow/dags/my_first_dag.py took 0.079 seconds
[2025-02-11T00:17:10.860+0000] {processor.py:186} INFO - Started process (PID=14553) to work on /opt/airflow/dags/my_first_dag.py
[2025-02-11T00:17:10.861+0000] {processor.py:914} INFO - Processing file /opt/airflow/dags/my_first_dag.py for tasks to queue
[2025-02-11T00:17:10.863+0000] {logging_mixin.py:190} INFO - [2025-02-11T00:17:10.863+0000] {dagbag.py:588} INFO - Filling up the DagBag from /opt/airflow/dags/my_first_dag.py
[2025-02-11T00:17:10.876+0000] {processor.py:925} INFO - DAG(s) 'my_first_dag' retrieved from /opt/airflow/dags/my_first_dag.py
[2025-02-11T00:17:10.892+0000] {logging_mixin.py:190} INFO - [2025-02-11T00:17:10.892+0000] {dag.py:3239} INFO - Sync 1 DAGs
[2025-02-11T00:17:10.909+0000] {logging_mixin.py:190} INFO - [2025-02-11T00:17:10.909+0000] {dag.py:4180} INFO - Setting next_dagrun for my_first_dag to 2025-01-26 00:00:00+00:00, run_after=2025-02-25 00:00:00+00:00
[2025-02-11T00:17:10.928+0000] {processor.py:208} INFO - Processing /opt/airflow/dags/my_first_dag.py took 0.074 seconds
[2025-02-11T00:17:41.879+0000] {processor.py:186} INFO - Started process (PID=14619) to work on /opt/airflow/dags/my_first_dag.py
[2025-02-11T00:17:41.880+0000] {processor.py:914} INFO - Processing file /opt/airflow/dags/my_first_dag.py for tasks to queue
[2025-02-11T00:17:41.883+0000] {logging_mixin.py:190} INFO - [2025-02-11T00:17:41.883+0000] {dagbag.py:588} INFO - Filling up the DagBag from /opt/airflow/dags/my_first_dag.py
[2025-02-11T00:17:41.904+0000] {processor.py:925} INFO - DAG(s) 'my_first_dag' retrieved from /opt/airflow/dags/my_first_dag.py
[2025-02-11T00:17:41.926+0000] {logging_mixin.py:190} INFO - [2025-02-11T00:17:41.925+0000] {dag.py:3239} INFO - Sync 1 DAGs
[2025-02-11T00:17:41.954+0000] {logging_mixin.py:190} INFO - [2025-02-11T00:17:41.954+0000] {dag.py:4180} INFO - Setting next_dagrun for my_first_dag to 2025-01-26 00:00:00+00:00, run_after=2025-02-25 00:00:00+00:00
[2025-02-11T00:17:41.979+0000] {processor.py:208} INFO - Processing /opt/airflow/dags/my_first_dag.py took 0.108 seconds
[2025-02-11T00:18:12.696+0000] {processor.py:186} INFO - Started process (PID=14685) to work on /opt/airflow/dags/my_first_dag.py
[2025-02-11T00:18:12.698+0000] {processor.py:914} INFO - Processing file /opt/airflow/dags/my_first_dag.py for tasks to queue
[2025-02-11T00:18:12.704+0000] {logging_mixin.py:190} INFO - [2025-02-11T00:18:12.703+0000] {dagbag.py:588} INFO - Filling up the DagBag from /opt/airflow/dags/my_first_dag.py
[2025-02-11T00:18:12.728+0000] {processor.py:925} INFO - DAG(s) 'my_first_dag' retrieved from /opt/airflow/dags/my_first_dag.py
[2025-02-11T00:18:12.757+0000] {logging_mixin.py:190} INFO - [2025-02-11T00:18:12.757+0000] {dag.py:3239} INFO - Sync 1 DAGs
[2025-02-11T00:18:12.804+0000] {logging_mixin.py:190} INFO - [2025-02-11T00:18:12.804+0000] {dag.py:4180} INFO - Setting next_dagrun for my_first_dag to 2025-01-26 00:00:00+00:00, run_after=2025-02-25 00:00:00+00:00
[2025-02-11T00:18:12.861+0000] {processor.py:208} INFO - Processing /opt/airflow/dags/my_first_dag.py took 0.177 seconds
[2025-02-11T00:18:43.588+0000] {processor.py:186} INFO - Started process (PID=14751) to work on /opt/airflow/dags/my_first_dag.py
[2025-02-11T00:18:43.589+0000] {processor.py:914} INFO - Processing file /opt/airflow/dags/my_first_dag.py for tasks to queue
[2025-02-11T00:18:43.591+0000] {logging_mixin.py:190} INFO - [2025-02-11T00:18:43.591+0000] {dagbag.py:588} INFO - Filling up the DagBag from /opt/airflow/dags/my_first_dag.py
[2025-02-11T00:18:43.610+0000] {processor.py:925} INFO - DAG(s) 'my_first_dag' retrieved from /opt/airflow/dags/my_first_dag.py
[2025-02-11T00:18:43.633+0000] {logging_mixin.py:190} INFO - [2025-02-11T00:18:43.633+0000] {dag.py:3239} INFO - Sync 1 DAGs
[2025-02-11T00:18:43.663+0000] {logging_mixin.py:190} INFO - [2025-02-11T00:18:43.663+0000] {dag.py:4180} INFO - Setting next_dagrun for my_first_dag to 2025-01-26 00:00:00+00:00, run_after=2025-02-25 00:00:00+00:00
[2025-02-11T00:18:43.686+0000] {processor.py:208} INFO - Processing /opt/airflow/dags/my_first_dag.py took 0.105 seconds
[2025-02-11T00:19:13.998+0000] {processor.py:186} INFO - Started process (PID=14817) to work on /opt/airflow/dags/my_first_dag.py
[2025-02-11T00:19:13.999+0000] {processor.py:914} INFO - Processing file /opt/airflow/dags/my_first_dag.py for tasks to queue
[2025-02-11T00:19:14.003+0000] {logging_mixin.py:190} INFO - [2025-02-11T00:19:14.002+0000] {dagbag.py:588} INFO - Filling up the DagBag from /opt/airflow/dags/my_first_dag.py
[2025-02-11T00:19:14.016+0000] {processor.py:925} INFO - DAG(s) 'my_first_dag' retrieved from /opt/airflow/dags/my_first_dag.py
[2025-02-11T00:19:14.034+0000] {logging_mixin.py:190} INFO - [2025-02-11T00:19:14.034+0000] {dag.py:3239} INFO - Sync 1 DAGs
[2025-02-11T00:19:14.056+0000] {logging_mixin.py:190} INFO - [2025-02-11T00:19:14.056+0000] {dag.py:4180} INFO - Setting next_dagrun for my_first_dag to 2025-01-26 00:00:00+00:00, run_after=2025-02-25 00:00:00+00:00
[2025-02-11T00:19:14.078+0000] {processor.py:208} INFO - Processing /opt/airflow/dags/my_first_dag.py took 0.086 seconds
[2025-02-11T00:19:44.214+0000] {processor.py:186} INFO - Started process (PID=14883) to work on /opt/airflow/dags/my_first_dag.py
[2025-02-11T00:19:44.216+0000] {processor.py:914} INFO - Processing file /opt/airflow/dags/my_first_dag.py for tasks to queue
[2025-02-11T00:19:44.218+0000] {logging_mixin.py:190} INFO - [2025-02-11T00:19:44.218+0000] {dagbag.py:588} INFO - Filling up the DagBag from /opt/airflow/dags/my_first_dag.py
[2025-02-11T00:19:44.239+0000] {processor.py:925} INFO - DAG(s) 'my_first_dag' retrieved from /opt/airflow/dags/my_first_dag.py
[2025-02-11T00:19:44.261+0000] {logging_mixin.py:190} INFO - [2025-02-11T00:19:44.261+0000] {dag.py:3239} INFO - Sync 1 DAGs
[2025-02-11T00:19:44.291+0000] {logging_mixin.py:190} INFO - [2025-02-11T00:19:44.291+0000] {dag.py:4180} INFO - Setting next_dagrun for my_first_dag to 2025-01-26 00:00:00+00:00, run_after=2025-02-25 00:00:00+00:00
[2025-02-11T00:19:44.324+0000] {processor.py:208} INFO - Processing /opt/airflow/dags/my_first_dag.py took 0.116 seconds
[2025-02-11T00:20:14.582+0000] {processor.py:186} INFO - Started process (PID=14949) to work on /opt/airflow/dags/my_first_dag.py
[2025-02-11T00:20:14.583+0000] {processor.py:914} INFO - Processing file /opt/airflow/dags/my_first_dag.py for tasks to queue
[2025-02-11T00:20:14.585+0000] {logging_mixin.py:190} INFO - [2025-02-11T00:20:14.585+0000] {dagbag.py:588} INFO - Filling up the DagBag from /opt/airflow/dags/my_first_dag.py
[2025-02-11T00:20:14.599+0000] {processor.py:925} INFO - DAG(s) 'my_first_dag' retrieved from /opt/airflow/dags/my_first_dag.py
[2025-02-11T00:20:14.613+0000] {logging_mixin.py:190} INFO - [2025-02-11T00:20:14.613+0000] {dag.py:3239} INFO - Sync 1 DAGs
[2025-02-11T00:20:14.633+0000] {logging_mixin.py:190} INFO - [2025-02-11T00:20:14.633+0000] {dag.py:4180} INFO - Setting next_dagrun for my_first_dag to 2025-01-26 00:00:00+00:00, run_after=2025-02-25 00:00:00+00:00
[2025-02-11T00:20:14.653+0000] {processor.py:208} INFO - Processing /opt/airflow/dags/my_first_dag.py took 0.076 seconds
[2025-02-11T00:20:45.326+0000] {processor.py:186} INFO - Started process (PID=15015) to work on /opt/airflow/dags/my_first_dag.py
[2025-02-11T00:20:45.326+0000] {processor.py:914} INFO - Processing file /opt/airflow/dags/my_first_dag.py for tasks to queue
[2025-02-11T00:20:45.328+0000] {logging_mixin.py:190} INFO - [2025-02-11T00:20:45.328+0000] {dagbag.py:588} INFO - Filling up the DagBag from /opt/airflow/dags/my_first_dag.py
[2025-02-11T00:20:45.341+0000] {processor.py:925} INFO - DAG(s) 'my_first_dag' retrieved from /opt/airflow/dags/my_first_dag.py
[2025-02-11T00:20:45.355+0000] {logging_mixin.py:190} INFO - [2025-02-11T00:20:45.354+0000] {dag.py:3239} INFO - Sync 1 DAGs
[2025-02-11T00:20:45.373+0000] {logging_mixin.py:190} INFO - [2025-02-11T00:20:45.373+0000] {dag.py:4180} INFO - Setting next_dagrun for my_first_dag to 2025-01-26 00:00:00+00:00, run_after=2025-02-25 00:00:00+00:00
[2025-02-11T00:20:45.394+0000] {processor.py:208} INFO - Processing /opt/airflow/dags/my_first_dag.py took 0.072 seconds
[2025-02-11T00:21:15.779+0000] {processor.py:186} INFO - Started process (PID=15080) to work on /opt/airflow/dags/my_first_dag.py
[2025-02-11T00:21:15.780+0000] {processor.py:914} INFO - Processing file /opt/airflow/dags/my_first_dag.py for tasks to queue
[2025-02-11T00:21:15.781+0000] {logging_mixin.py:190} INFO - [2025-02-11T00:21:15.781+0000] {dagbag.py:588} INFO - Filling up the DagBag from /opt/airflow/dags/my_first_dag.py
[2025-02-11T00:21:15.793+0000] {processor.py:925} INFO - DAG(s) 'my_first_dag' retrieved from /opt/airflow/dags/my_first_dag.py
[2025-02-11T00:21:15.809+0000] {logging_mixin.py:190} INFO - [2025-02-11T00:21:15.809+0000] {dag.py:3239} INFO - Sync 1 DAGs
[2025-02-11T00:21:15.829+0000] {logging_mixin.py:190} INFO - [2025-02-11T00:21:15.829+0000] {dag.py:4180} INFO - Setting next_dagrun for my_first_dag to 2025-01-26 00:00:00+00:00, run_after=2025-02-25 00:00:00+00:00
[2025-02-11T00:21:15.849+0000] {processor.py:208} INFO - Processing /opt/airflow/dags/my_first_dag.py took 0.077 seconds
[2025-02-11T00:21:45.978+0000] {processor.py:186} INFO - Started process (PID=15147) to work on /opt/airflow/dags/my_first_dag.py
[2025-02-11T00:21:45.979+0000] {processor.py:914} INFO - Processing file /opt/airflow/dags/my_first_dag.py for tasks to queue
[2025-02-11T00:21:45.981+0000] {logging_mixin.py:190} INFO - [2025-02-11T00:21:45.981+0000] {dagbag.py:588} INFO - Filling up the DagBag from /opt/airflow/dags/my_first_dag.py
[2025-02-11T00:21:45.991+0000] {processor.py:925} INFO - DAG(s) 'my_first_dag' retrieved from /opt/airflow/dags/my_first_dag.py
[2025-02-11T00:21:46.008+0000] {logging_mixin.py:190} INFO - [2025-02-11T00:21:46.008+0000] {dag.py:3239} INFO - Sync 1 DAGs
[2025-02-11T00:21:46.028+0000] {logging_mixin.py:190} INFO - [2025-02-11T00:21:46.028+0000] {dag.py:4180} INFO - Setting next_dagrun for my_first_dag to 2025-01-26 00:00:00+00:00, run_after=2025-02-25 00:00:00+00:00
[2025-02-11T00:21:46.050+0000] {processor.py:208} INFO - Processing /opt/airflow/dags/my_first_dag.py took 0.077 seconds
[2025-02-11T00:22:16.304+0000] {processor.py:186} INFO - Started process (PID=15208) to work on /opt/airflow/dags/my_first_dag.py
[2025-02-11T00:22:16.305+0000] {processor.py:914} INFO - Processing file /opt/airflow/dags/my_first_dag.py for tasks to queue
[2025-02-11T00:22:16.307+0000] {logging_mixin.py:190} INFO - [2025-02-11T00:22:16.307+0000] {dagbag.py:588} INFO - Filling up the DagBag from /opt/airflow/dags/my_first_dag.py
[2025-02-11T00:22:16.323+0000] {processor.py:925} INFO - DAG(s) 'my_first_dag' retrieved from /opt/airflow/dags/my_first_dag.py
[2025-02-11T00:22:16.346+0000] {logging_mixin.py:190} INFO - [2025-02-11T00:22:16.346+0000] {dag.py:3239} INFO - Sync 1 DAGs
[2025-02-11T00:22:16.371+0000] {logging_mixin.py:190} INFO - [2025-02-11T00:22:16.370+0000] {dag.py:4180} INFO - Setting next_dagrun for my_first_dag to 2025-01-26 00:00:00+00:00, run_after=2025-02-25 00:00:00+00:00
[2025-02-11T00:22:16.390+0000] {processor.py:208} INFO - Processing /opt/airflow/dags/my_first_dag.py took 0.093 seconds
[2025-02-11T00:22:47.809+0000] {processor.py:186} INFO - Started process (PID=15270) to work on /opt/airflow/dags/my_first_dag.py
[2025-02-11T00:22:47.810+0000] {processor.py:914} INFO - Processing file /opt/airflow/dags/my_first_dag.py for tasks to queue
[2025-02-11T00:22:47.813+0000] {logging_mixin.py:190} INFO - [2025-02-11T00:22:47.812+0000] {dagbag.py:588} INFO - Filling up the DagBag from /opt/airflow/dags/my_first_dag.py
[2025-02-11T00:22:47.840+0000] {processor.py:925} INFO - DAG(s) 'my_first_dag' retrieved from /opt/airflow/dags/my_first_dag.py
[2025-02-11T00:22:47.866+0000] {logging_mixin.py:190} INFO - [2025-02-11T00:22:47.866+0000] {dag.py:3239} INFO - Sync 1 DAGs
[2025-02-11T00:22:47.893+0000] {logging_mixin.py:190} INFO - [2025-02-11T00:22:47.893+0000] {dag.py:4180} INFO - Setting next_dagrun for my_first_dag to 2025-01-26 00:00:00+00:00, run_after=2025-02-25 00:00:00+00:00
[2025-02-11T00:22:47.920+0000] {processor.py:208} INFO - Processing /opt/airflow/dags/my_first_dag.py took 0.118 seconds
[2025-02-11T00:23:18.481+0000] {processor.py:186} INFO - Started process (PID=15330) to work on /opt/airflow/dags/my_first_dag.py
[2025-02-11T00:23:18.488+0000] {processor.py:914} INFO - Processing file /opt/airflow/dags/my_first_dag.py for tasks to queue
[2025-02-11T00:23:18.493+0000] {logging_mixin.py:190} INFO - [2025-02-11T00:23:18.492+0000] {dagbag.py:588} INFO - Filling up the DagBag from /opt/airflow/dags/my_first_dag.py
[2025-02-11T00:23:18.535+0000] {processor.py:925} INFO - DAG(s) 'my_first_dag' retrieved from /opt/airflow/dags/my_first_dag.py
[2025-02-11T00:23:18.577+0000] {logging_mixin.py:190} INFO - [2025-02-11T00:23:18.577+0000] {dag.py:3239} INFO - Sync 1 DAGs
[2025-02-11T00:23:18.614+0000] {logging_mixin.py:190} INFO - [2025-02-11T00:23:18.614+0000] {dag.py:4180} INFO - Setting next_dagrun for my_first_dag to 2025-01-26 00:00:00+00:00, run_after=2025-02-25 00:00:00+00:00
[2025-02-11T00:23:18.646+0000] {processor.py:208} INFO - Processing /opt/airflow/dags/my_first_dag.py took 0.177 seconds
[2025-02-11T00:23:49.020+0000] {processor.py:186} INFO - Started process (PID=15392) to work on /opt/airflow/dags/my_first_dag.py
[2025-02-11T00:23:49.021+0000] {processor.py:914} INFO - Processing file /opt/airflow/dags/my_first_dag.py for tasks to queue
[2025-02-11T00:23:49.024+0000] {logging_mixin.py:190} INFO - [2025-02-11T00:23:49.024+0000] {dagbag.py:588} INFO - Filling up the DagBag from /opt/airflow/dags/my_first_dag.py
[2025-02-11T00:23:49.045+0000] {processor.py:925} INFO - DAG(s) 'my_first_dag' retrieved from /opt/airflow/dags/my_first_dag.py
[2025-02-11T00:23:49.069+0000] {logging_mixin.py:190} INFO - [2025-02-11T00:23:49.068+0000] {dag.py:3239} INFO - Sync 1 DAGs
[2025-02-11T00:23:49.098+0000] {logging_mixin.py:190} INFO - [2025-02-11T00:23:49.098+0000] {dag.py:4180} INFO - Setting next_dagrun for my_first_dag to 2025-01-26 00:00:00+00:00, run_after=2025-02-25 00:00:00+00:00
[2025-02-11T00:23:49.120+0000] {processor.py:208} INFO - Processing /opt/airflow/dags/my_first_dag.py took 0.109 seconds
[2025-02-11T00:24:19.945+0000] {processor.py:186} INFO - Started process (PID=15462) to work on /opt/airflow/dags/my_first_dag.py
[2025-02-11T00:24:19.946+0000] {processor.py:914} INFO - Processing file /opt/airflow/dags/my_first_dag.py for tasks to queue
[2025-02-11T00:24:19.948+0000] {logging_mixin.py:190} INFO - [2025-02-11T00:24:19.947+0000] {dagbag.py:588} INFO - Filling up the DagBag from /opt/airflow/dags/my_first_dag.py
[2025-02-11T00:24:19.961+0000] {processor.py:925} INFO - DAG(s) 'my_first_dag' retrieved from /opt/airflow/dags/my_first_dag.py
[2025-02-11T00:24:19.979+0000] {logging_mixin.py:190} INFO - [2025-02-11T00:24:19.978+0000] {dag.py:3239} INFO - Sync 1 DAGs
[2025-02-11T00:24:20.001+0000] {logging_mixin.py:190} INFO - [2025-02-11T00:24:20.000+0000] {dag.py:4180} INFO - Setting next_dagrun for my_first_dag to 2025-01-26 00:00:00+00:00, run_after=2025-02-25 00:00:00+00:00
[2025-02-11T00:24:20.020+0000] {processor.py:208} INFO - Processing /opt/airflow/dags/my_first_dag.py took 0.080 seconds
[2025-02-11T00:24:50.059+0000] {processor.py:186} INFO - Started process (PID=15525) to work on /opt/airflow/dags/my_first_dag.py
[2025-02-11T00:24:50.059+0000] {processor.py:914} INFO - Processing file /opt/airflow/dags/my_first_dag.py for tasks to queue
[2025-02-11T00:24:50.061+0000] {logging_mixin.py:190} INFO - [2025-02-11T00:24:50.061+0000] {dagbag.py:588} INFO - Filling up the DagBag from /opt/airflow/dags/my_first_dag.py
[2025-02-11T00:24:50.073+0000] {processor.py:925} INFO - DAG(s) 'my_first_dag' retrieved from /opt/airflow/dags/my_first_dag.py
[2025-02-11T00:24:50.087+0000] {logging_mixin.py:190} INFO - [2025-02-11T00:24:50.087+0000] {dag.py:3239} INFO - Sync 1 DAGs
[2025-02-11T00:24:50.105+0000] {logging_mixin.py:190} INFO - [2025-02-11T00:24:50.105+0000] {dag.py:4180} INFO - Setting next_dagrun for my_first_dag to 2025-01-26 00:00:00+00:00, run_after=2025-02-25 00:00:00+00:00
[2025-02-11T00:24:50.122+0000] {processor.py:208} INFO - Processing /opt/airflow/dags/my_first_dag.py took 0.070 seconds
[2025-02-11T00:25:20.612+0000] {processor.py:186} INFO - Started process (PID=15591) to work on /opt/airflow/dags/my_first_dag.py
[2025-02-11T00:25:20.612+0000] {processor.py:914} INFO - Processing file /opt/airflow/dags/my_first_dag.py for tasks to queue
[2025-02-11T00:25:20.614+0000] {logging_mixin.py:190} INFO - [2025-02-11T00:25:20.614+0000] {dagbag.py:588} INFO - Filling up the DagBag from /opt/airflow/dags/my_first_dag.py
[2025-02-11T00:25:20.625+0000] {processor.py:925} INFO - DAG(s) 'my_first_dag' retrieved from /opt/airflow/dags/my_first_dag.py
[2025-02-11T00:25:20.640+0000] {logging_mixin.py:190} INFO - [2025-02-11T00:25:20.639+0000] {dag.py:3239} INFO - Sync 1 DAGs
[2025-02-11T00:25:20.658+0000] {logging_mixin.py:190} INFO - [2025-02-11T00:25:20.658+0000] {dag.py:4180} INFO - Setting next_dagrun for my_first_dag to 2025-01-26 00:00:00+00:00, run_after=2025-02-25 00:00:00+00:00
[2025-02-11T00:25:20.677+0000] {processor.py:208} INFO - Processing /opt/airflow/dags/my_first_dag.py took 0.070 seconds
[2025-02-11T00:25:50.935+0000] {processor.py:186} INFO - Started process (PID=15662) to work on /opt/airflow/dags/my_first_dag.py
[2025-02-11T00:25:50.936+0000] {processor.py:914} INFO - Processing file /opt/airflow/dags/my_first_dag.py for tasks to queue
[2025-02-11T00:25:50.938+0000] {logging_mixin.py:190} INFO - [2025-02-11T00:25:50.937+0000] {dagbag.py:588} INFO - Filling up the DagBag from /opt/airflow/dags/my_first_dag.py
[2025-02-11T00:25:50.949+0000] {processor.py:925} INFO - DAG(s) 'my_first_dag' retrieved from /opt/airflow/dags/my_first_dag.py
[2025-02-11T00:25:50.965+0000] {logging_mixin.py:190} INFO - [2025-02-11T00:25:50.965+0000] {dag.py:3239} INFO - Sync 1 DAGs
[2025-02-11T00:25:50.983+0000] {logging_mixin.py:190} INFO - [2025-02-11T00:25:50.983+0000] {dag.py:4180} INFO - Setting next_dagrun for my_first_dag to 2025-01-26 00:00:00+00:00, run_after=2025-02-25 00:00:00+00:00
[2025-02-11T00:25:51.000+0000] {processor.py:208} INFO - Processing /opt/airflow/dags/my_first_dag.py took 0.070 seconds
[2025-02-11T00:26:21.222+0000] {processor.py:186} INFO - Started process (PID=15728) to work on /opt/airflow/dags/my_first_dag.py
[2025-02-11T00:26:21.222+0000] {processor.py:914} INFO - Processing file /opt/airflow/dags/my_first_dag.py for tasks to queue
[2025-02-11T00:26:21.224+0000] {logging_mixin.py:190} INFO - [2025-02-11T00:26:21.224+0000] {dagbag.py:588} INFO - Filling up the DagBag from /opt/airflow/dags/my_first_dag.py
[2025-02-11T00:26:21.236+0000] {processor.py:925} INFO - DAG(s) 'my_first_dag' retrieved from /opt/airflow/dags/my_first_dag.py
[2025-02-11T00:26:21.254+0000] {logging_mixin.py:190} INFO - [2025-02-11T00:26:21.254+0000] {dag.py:3239} INFO - Sync 1 DAGs
[2025-02-11T00:26:21.276+0000] {logging_mixin.py:190} INFO - [2025-02-11T00:26:21.275+0000] {dag.py:4180} INFO - Setting next_dagrun for my_first_dag to 2025-01-26 00:00:00+00:00, run_after=2025-02-25 00:00:00+00:00
[2025-02-11T00:26:21.296+0000] {processor.py:208} INFO - Processing /opt/airflow/dags/my_first_dag.py took 0.079 seconds
[2025-02-11T00:26:51.401+0000] {processor.py:186} INFO - Started process (PID=15794) to work on /opt/airflow/dags/my_first_dag.py
[2025-02-11T00:26:51.402+0000] {processor.py:914} INFO - Processing file /opt/airflow/dags/my_first_dag.py for tasks to queue
[2025-02-11T00:26:51.404+0000] {logging_mixin.py:190} INFO - [2025-02-11T00:26:51.403+0000] {dagbag.py:588} INFO - Filling up the DagBag from /opt/airflow/dags/my_first_dag.py
[2025-02-11T00:26:51.415+0000] {processor.py:925} INFO - DAG(s) 'my_first_dag' retrieved from /opt/airflow/dags/my_first_dag.py
[2025-02-11T00:26:51.429+0000] {logging_mixin.py:190} INFO - [2025-02-11T00:26:51.429+0000] {dag.py:3239} INFO - Sync 1 DAGs
[2025-02-11T00:26:51.446+0000] {logging_mixin.py:190} INFO - [2025-02-11T00:26:51.445+0000] {dag.py:4180} INFO - Setting next_dagrun for my_first_dag to 2025-01-26 00:00:00+00:00, run_after=2025-02-25 00:00:00+00:00
[2025-02-11T00:26:51.465+0000] {processor.py:208} INFO - Processing /opt/airflow/dags/my_first_dag.py took 0.069 seconds
[2025-02-11T00:27:21.907+0000] {processor.py:186} INFO - Started process (PID=15860) to work on /opt/airflow/dags/my_first_dag.py
[2025-02-11T00:27:21.908+0000] {processor.py:914} INFO - Processing file /opt/airflow/dags/my_first_dag.py for tasks to queue
[2025-02-11T00:27:21.910+0000] {logging_mixin.py:190} INFO - [2025-02-11T00:27:21.910+0000] {dagbag.py:588} INFO - Filling up the DagBag from /opt/airflow/dags/my_first_dag.py
[2025-02-11T00:27:21.922+0000] {processor.py:925} INFO - DAG(s) 'my_first_dag' retrieved from /opt/airflow/dags/my_first_dag.py
[2025-02-11T00:27:21.937+0000] {logging_mixin.py:190} INFO - [2025-02-11T00:27:21.937+0000] {dag.py:3239} INFO - Sync 1 DAGs
[2025-02-11T00:27:21.962+0000] {logging_mixin.py:190} INFO - [2025-02-11T00:27:21.961+0000] {dag.py:4180} INFO - Setting next_dagrun for my_first_dag to 2025-01-26 00:00:00+00:00, run_after=2025-02-25 00:00:00+00:00
[2025-02-11T00:27:21.984+0000] {processor.py:208} INFO - Processing /opt/airflow/dags/my_first_dag.py took 0.082 seconds
[2025-02-11T00:27:52.140+0000] {processor.py:186} INFO - Started process (PID=15926) to work on /opt/airflow/dags/my_first_dag.py
[2025-02-11T00:27:52.141+0000] {processor.py:914} INFO - Processing file /opt/airflow/dags/my_first_dag.py for tasks to queue
[2025-02-11T00:27:52.144+0000] {logging_mixin.py:190} INFO - [2025-02-11T00:27:52.143+0000] {dagbag.py:588} INFO - Filling up the DagBag from /opt/airflow/dags/my_first_dag.py
[2025-02-11T00:27:52.157+0000] {processor.py:925} INFO - DAG(s) 'my_first_dag' retrieved from /opt/airflow/dags/my_first_dag.py
[2025-02-11T00:27:52.175+0000] {logging_mixin.py:190} INFO - [2025-02-11T00:27:52.175+0000] {dag.py:3239} INFO - Sync 1 DAGs
[2025-02-11T00:27:52.203+0000] {logging_mixin.py:190} INFO - [2025-02-11T00:27:52.203+0000] {dag.py:4180} INFO - Setting next_dagrun for my_first_dag to 2025-01-26 00:00:00+00:00, run_after=2025-02-25 00:00:00+00:00
[2025-02-11T00:27:52.224+0000] {processor.py:208} INFO - Processing /opt/airflow/dags/my_first_dag.py took 0.088 seconds
[2025-02-11T00:28:22.258+0000] {processor.py:186} INFO - Started process (PID=15992) to work on /opt/airflow/dags/my_first_dag.py
[2025-02-11T00:28:22.259+0000] {processor.py:914} INFO - Processing file /opt/airflow/dags/my_first_dag.py for tasks to queue
[2025-02-11T00:28:22.263+0000] {logging_mixin.py:190} INFO - [2025-02-11T00:28:22.262+0000] {dagbag.py:588} INFO - Filling up the DagBag from /opt/airflow/dags/my_first_dag.py
[2025-02-11T00:28:22.275+0000] {processor.py:925} INFO - DAG(s) 'my_first_dag' retrieved from /opt/airflow/dags/my_first_dag.py
[2025-02-11T00:28:22.291+0000] {logging_mixin.py:190} INFO - [2025-02-11T00:28:22.291+0000] {dag.py:3239} INFO - Sync 1 DAGs
[2025-02-11T00:28:22.312+0000] {logging_mixin.py:190} INFO - [2025-02-11T00:28:22.312+0000] {dag.py:4180} INFO - Setting next_dagrun for my_first_dag to 2025-01-26 00:00:00+00:00, run_after=2025-02-25 00:00:00+00:00
[2025-02-11T00:28:22.332+0000] {processor.py:208} INFO - Processing /opt/airflow/dags/my_first_dag.py took 0.079 seconds
[2025-02-11T00:28:52.543+0000] {processor.py:186} INFO - Started process (PID=16058) to work on /opt/airflow/dags/my_first_dag.py
[2025-02-11T00:28:52.543+0000] {processor.py:914} INFO - Processing file /opt/airflow/dags/my_first_dag.py for tasks to queue
[2025-02-11T00:28:52.545+0000] {logging_mixin.py:190} INFO - [2025-02-11T00:28:52.545+0000] {dagbag.py:588} INFO - Filling up the DagBag from /opt/airflow/dags/my_first_dag.py
[2025-02-11T00:28:52.556+0000] {processor.py:925} INFO - DAG(s) 'my_first_dag' retrieved from /opt/airflow/dags/my_first_dag.py
[2025-02-11T00:28:52.570+0000] {logging_mixin.py:190} INFO - [2025-02-11T00:28:52.569+0000] {dag.py:3239} INFO - Sync 1 DAGs
[2025-02-11T00:28:52.587+0000] {logging_mixin.py:190} INFO - [2025-02-11T00:28:52.587+0000] {dag.py:4180} INFO - Setting next_dagrun for my_first_dag to 2025-01-26 00:00:00+00:00, run_after=2025-02-25 00:00:00+00:00
[2025-02-11T00:28:52.605+0000] {processor.py:208} INFO - Processing /opt/airflow/dags/my_first_dag.py took 0.066 seconds
[2025-02-11T00:29:22.738+0000] {processor.py:186} INFO - Started process (PID=16124) to work on /opt/airflow/dags/my_first_dag.py
[2025-02-11T00:29:22.740+0000] {processor.py:914} INFO - Processing file /opt/airflow/dags/my_first_dag.py for tasks to queue
[2025-02-11T00:29:22.743+0000] {logging_mixin.py:190} INFO - [2025-02-11T00:29:22.743+0000] {dagbag.py:588} INFO - Filling up the DagBag from /opt/airflow/dags/my_first_dag.py
[2025-02-11T00:29:22.758+0000] {processor.py:925} INFO - DAG(s) 'my_first_dag' retrieved from /opt/airflow/dags/my_first_dag.py
[2025-02-11T00:29:22.779+0000] {logging_mixin.py:190} INFO - [2025-02-11T00:29:22.778+0000] {dag.py:3239} INFO - Sync 1 DAGs
[2025-02-11T00:29:22.799+0000] {logging_mixin.py:190} INFO - [2025-02-11T00:29:22.799+0000] {dag.py:4180} INFO - Setting next_dagrun for my_first_dag to 2025-01-26 00:00:00+00:00, run_after=2025-02-25 00:00:00+00:00
[2025-02-11T00:29:22.821+0000] {processor.py:208} INFO - Processing /opt/airflow/dags/my_first_dag.py took 0.089 seconds
[2025-02-11T00:29:53.310+0000] {processor.py:186} INFO - Started process (PID=16190) to work on /opt/airflow/dags/my_first_dag.py
[2025-02-11T00:29:53.311+0000] {processor.py:914} INFO - Processing file /opt/airflow/dags/my_first_dag.py for tasks to queue
[2025-02-11T00:29:53.313+0000] {logging_mixin.py:190} INFO - [2025-02-11T00:29:53.313+0000] {dagbag.py:588} INFO - Filling up the DagBag from /opt/airflow/dags/my_first_dag.py
[2025-02-11T00:29:53.329+0000] {processor.py:925} INFO - DAG(s) 'my_first_dag' retrieved from /opt/airflow/dags/my_first_dag.py
[2025-02-11T00:29:53.347+0000] {logging_mixin.py:190} INFO - [2025-02-11T00:29:53.347+0000] {dag.py:3239} INFO - Sync 1 DAGs
[2025-02-11T00:29:53.368+0000] {logging_mixin.py:190} INFO - [2025-02-11T00:29:53.368+0000] {dag.py:4180} INFO - Setting next_dagrun for my_first_dag to 2025-01-26 00:00:00+00:00, run_after=2025-02-25 00:00:00+00:00
[2025-02-11T00:29:53.388+0000] {processor.py:208} INFO - Processing /opt/airflow/dags/my_first_dag.py took 0.083 seconds
[2025-02-11T00:30:23.584+0000] {processor.py:186} INFO - Started process (PID=16256) to work on /opt/airflow/dags/my_first_dag.py
[2025-02-11T00:30:23.585+0000] {processor.py:914} INFO - Processing file /opt/airflow/dags/my_first_dag.py for tasks to queue
[2025-02-11T00:30:23.587+0000] {logging_mixin.py:190} INFO - [2025-02-11T00:30:23.586+0000] {dagbag.py:588} INFO - Filling up the DagBag from /opt/airflow/dags/my_first_dag.py
[2025-02-11T00:30:23.598+0000] {processor.py:925} INFO - DAG(s) 'my_first_dag' retrieved from /opt/airflow/dags/my_first_dag.py
[2025-02-11T00:30:23.612+0000] {logging_mixin.py:190} INFO - [2025-02-11T00:30:23.612+0000] {dag.py:3239} INFO - Sync 1 DAGs
[2025-02-11T00:30:23.632+0000] {logging_mixin.py:190} INFO - [2025-02-11T00:30:23.631+0000] {dag.py:4180} INFO - Setting next_dagrun for my_first_dag to 2025-01-26 00:00:00+00:00, run_after=2025-02-25 00:00:00+00:00
[2025-02-11T00:30:23.650+0000] {processor.py:208} INFO - Processing /opt/airflow/dags/my_first_dag.py took 0.070 seconds
[2025-02-11T00:30:53.744+0000] {processor.py:186} INFO - Started process (PID=16323) to work on /opt/airflow/dags/my_first_dag.py
[2025-02-11T00:30:53.745+0000] {processor.py:914} INFO - Processing file /opt/airflow/dags/my_first_dag.py for tasks to queue
[2025-02-11T00:30:53.748+0000] {logging_mixin.py:190} INFO - [2025-02-11T00:30:53.748+0000] {dagbag.py:588} INFO - Filling up the DagBag from /opt/airflow/dags/my_first_dag.py
[2025-02-11T00:30:53.765+0000] {processor.py:925} INFO - DAG(s) 'my_first_dag' retrieved from /opt/airflow/dags/my_first_dag.py
[2025-02-11T00:30:53.784+0000] {logging_mixin.py:190} INFO - [2025-02-11T00:30:53.784+0000] {dag.py:3239} INFO - Sync 1 DAGs
[2025-02-11T00:30:53.812+0000] {logging_mixin.py:190} INFO - [2025-02-11T00:30:53.812+0000] {dag.py:4180} INFO - Setting next_dagrun for my_first_dag to 2025-01-26 00:00:00+00:00, run_after=2025-02-25 00:00:00+00:00
[2025-02-11T00:30:53.836+0000] {processor.py:208} INFO - Processing /opt/airflow/dags/my_first_dag.py took 0.098 seconds
[2025-02-11T00:31:24.339+0000] {processor.py:186} INFO - Started process (PID=16391) to work on /opt/airflow/dags/my_first_dag.py
[2025-02-11T00:31:24.341+0000] {processor.py:914} INFO - Processing file /opt/airflow/dags/my_first_dag.py for tasks to queue
[2025-02-11T00:31:24.344+0000] {logging_mixin.py:190} INFO - [2025-02-11T00:31:24.343+0000] {dagbag.py:588} INFO - Filling up the DagBag from /opt/airflow/dags/my_first_dag.py
[2025-02-11T00:31:24.363+0000] {processor.py:925} INFO - DAG(s) 'my_first_dag' retrieved from /opt/airflow/dags/my_first_dag.py
[2025-02-11T00:31:24.383+0000] {logging_mixin.py:190} INFO - [2025-02-11T00:31:24.382+0000] {dag.py:3239} INFO - Sync 1 DAGs
[2025-02-11T00:31:24.405+0000] {logging_mixin.py:190} INFO - [2025-02-11T00:31:24.405+0000] {dag.py:4180} INFO - Setting next_dagrun for my_first_dag to 2025-01-26 00:00:00+00:00, run_after=2025-02-25 00:00:00+00:00
[2025-02-11T00:31:24.426+0000] {processor.py:208} INFO - Processing /opt/airflow/dags/my_first_dag.py took 0.093 seconds
[2025-02-11T00:31:54.978+0000] {processor.py:186} INFO - Started process (PID=16457) to work on /opt/airflow/dags/my_first_dag.py
[2025-02-11T00:31:54.979+0000] {processor.py:914} INFO - Processing file /opt/airflow/dags/my_first_dag.py for tasks to queue
[2025-02-11T00:31:54.981+0000] {logging_mixin.py:190} INFO - [2025-02-11T00:31:54.981+0000] {dagbag.py:588} INFO - Filling up the DagBag from /opt/airflow/dags/my_first_dag.py
[2025-02-11T00:31:54.993+0000] {processor.py:925} INFO - DAG(s) 'my_first_dag' retrieved from /opt/airflow/dags/my_first_dag.py
[2025-02-11T00:31:55.007+0000] {logging_mixin.py:190} INFO - [2025-02-11T00:31:55.007+0000] {dag.py:3239} INFO - Sync 1 DAGs
[2025-02-11T00:31:55.025+0000] {logging_mixin.py:190} INFO - [2025-02-11T00:31:55.025+0000] {dag.py:4180} INFO - Setting next_dagrun for my_first_dag to 2025-01-26 00:00:00+00:00, run_after=2025-02-25 00:00:00+00:00
[2025-02-11T00:31:55.043+0000] {processor.py:208} INFO - Processing /opt/airflow/dags/my_first_dag.py took 0.070 seconds
[2025-02-11T00:32:25.630+0000] {processor.py:186} INFO - Started process (PID=16525) to work on /opt/airflow/dags/my_first_dag.py
[2025-02-11T00:32:25.632+0000] {processor.py:914} INFO - Processing file /opt/airflow/dags/my_first_dag.py for tasks to queue
[2025-02-11T00:32:25.635+0000] {logging_mixin.py:190} INFO - [2025-02-11T00:32:25.635+0000] {dagbag.py:588} INFO - Filling up the DagBag from /opt/airflow/dags/my_first_dag.py
[2025-02-11T00:32:25.665+0000] {processor.py:925} INFO - DAG(s) 'my_first_dag' retrieved from /opt/airflow/dags/my_first_dag.py
[2025-02-11T00:32:25.699+0000] {logging_mixin.py:190} INFO - [2025-02-11T00:32:25.699+0000] {dag.py:3239} INFO - Sync 1 DAGs
[2025-02-11T00:32:25.760+0000] {logging_mixin.py:190} INFO - [2025-02-11T00:32:25.759+0000] {dag.py:4180} INFO - Setting next_dagrun for my_first_dag to 2025-01-26 00:00:00+00:00, run_after=2025-02-25 00:00:00+00:00
[2025-02-11T00:32:25.784+0000] {processor.py:208} INFO - Processing /opt/airflow/dags/my_first_dag.py took 0.160 seconds
[2025-02-11T00:32:56.528+0000] {processor.py:186} INFO - Started process (PID=16591) to work on /opt/airflow/dags/my_first_dag.py
[2025-02-11T00:32:56.530+0000] {processor.py:914} INFO - Processing file /opt/airflow/dags/my_first_dag.py for tasks to queue
[2025-02-11T00:32:56.533+0000] {logging_mixin.py:190} INFO - [2025-02-11T00:32:56.533+0000] {dagbag.py:588} INFO - Filling up the DagBag from /opt/airflow/dags/my_first_dag.py
[2025-02-11T00:32:56.550+0000] {processor.py:925} INFO - DAG(s) 'my_first_dag' retrieved from /opt/airflow/dags/my_first_dag.py
[2025-02-11T00:32:56.574+0000] {logging_mixin.py:190} INFO - [2025-02-11T00:32:56.573+0000] {dag.py:3239} INFO - Sync 1 DAGs
[2025-02-11T00:32:56.600+0000] {logging_mixin.py:190} INFO - [2025-02-11T00:32:56.600+0000] {dag.py:4180} INFO - Setting next_dagrun for my_first_dag to 2025-01-26 00:00:00+00:00, run_after=2025-02-25 00:00:00+00:00
[2025-02-11T00:32:56.621+0000] {processor.py:208} INFO - Processing /opt/airflow/dags/my_first_dag.py took 0.102 seconds
[2025-02-11T00:33:27.019+0000] {processor.py:186} INFO - Started process (PID=16657) to work on /opt/airflow/dags/my_first_dag.py
[2025-02-11T00:33:27.020+0000] {processor.py:914} INFO - Processing file /opt/airflow/dags/my_first_dag.py for tasks to queue
[2025-02-11T00:33:27.025+0000] {logging_mixin.py:190} INFO - [2025-02-11T00:33:27.025+0000] {dagbag.py:588} INFO - Filling up the DagBag from /opt/airflow/dags/my_first_dag.py
[2025-02-11T00:33:27.049+0000] {processor.py:925} INFO - DAG(s) 'my_first_dag' retrieved from /opt/airflow/dags/my_first_dag.py
[2025-02-11T00:33:27.076+0000] {logging_mixin.py:190} INFO - [2025-02-11T00:33:27.076+0000] {dag.py:3239} INFO - Sync 1 DAGs
[2025-02-11T00:33:27.108+0000] {logging_mixin.py:190} INFO - [2025-02-11T00:33:27.108+0000] {dag.py:4180} INFO - Setting next_dagrun for my_first_dag to 2025-01-26 00:00:00+00:00, run_after=2025-02-25 00:00:00+00:00
[2025-02-11T00:33:27.130+0000] {processor.py:208} INFO - Processing /opt/airflow/dags/my_first_dag.py took 0.117 seconds
[2025-02-11T00:33:57.248+0000] {processor.py:186} INFO - Started process (PID=16723) to work on /opt/airflow/dags/my_first_dag.py
[2025-02-11T00:33:57.248+0000] {processor.py:914} INFO - Processing file /opt/airflow/dags/my_first_dag.py for tasks to queue
[2025-02-11T00:33:57.250+0000] {logging_mixin.py:190} INFO - [2025-02-11T00:33:57.250+0000] {dagbag.py:588} INFO - Filling up the DagBag from /opt/airflow/dags/my_first_dag.py
[2025-02-11T00:33:57.263+0000] {processor.py:925} INFO - DAG(s) 'my_first_dag' retrieved from /opt/airflow/dags/my_first_dag.py
[2025-02-11T00:33:57.281+0000] {logging_mixin.py:190} INFO - [2025-02-11T00:33:57.281+0000] {dag.py:3239} INFO - Sync 1 DAGs
[2025-02-11T00:33:57.302+0000] {logging_mixin.py:190} INFO - [2025-02-11T00:33:57.302+0000] {dag.py:4180} INFO - Setting next_dagrun for my_first_dag to 2025-01-26 00:00:00+00:00, run_after=2025-02-25 00:00:00+00:00
[2025-02-11T00:33:57.320+0000] {processor.py:208} INFO - Processing /opt/airflow/dags/my_first_dag.py took 0.076 seconds
[2025-02-11T00:34:27.774+0000] {processor.py:186} INFO - Started process (PID=16789) to work on /opt/airflow/dags/my_first_dag.py
[2025-02-11T00:34:27.775+0000] {processor.py:914} INFO - Processing file /opt/airflow/dags/my_first_dag.py for tasks to queue
[2025-02-11T00:34:27.777+0000] {logging_mixin.py:190} INFO - [2025-02-11T00:34:27.776+0000] {dagbag.py:588} INFO - Filling up the DagBag from /opt/airflow/dags/my_first_dag.py
[2025-02-11T00:34:27.787+0000] {processor.py:925} INFO - DAG(s) 'my_first_dag' retrieved from /opt/airflow/dags/my_first_dag.py
[2025-02-11T00:34:27.803+0000] {logging_mixin.py:190} INFO - [2025-02-11T00:34:27.803+0000] {dag.py:3239} INFO - Sync 1 DAGs
[2025-02-11T00:34:27.822+0000] {logging_mixin.py:190} INFO - [2025-02-11T00:34:27.822+0000] {dag.py:4180} INFO - Setting next_dagrun for my_first_dag to 2025-01-26 00:00:00+00:00, run_after=2025-02-25 00:00:00+00:00
[2025-02-11T00:34:27.843+0000] {processor.py:208} INFO - Processing /opt/airflow/dags/my_first_dag.py took 0.073 seconds
[2025-02-11T00:34:58.075+0000] {processor.py:186} INFO - Started process (PID=16855) to work on /opt/airflow/dags/my_first_dag.py
[2025-02-11T00:34:58.076+0000] {processor.py:914} INFO - Processing file /opt/airflow/dags/my_first_dag.py for tasks to queue
[2025-02-11T00:34:58.078+0000] {logging_mixin.py:190} INFO - [2025-02-11T00:34:58.078+0000] {dagbag.py:588} INFO - Filling up the DagBag from /opt/airflow/dags/my_first_dag.py
[2025-02-11T00:34:58.087+0000] {processor.py:925} INFO - DAG(s) 'my_first_dag' retrieved from /opt/airflow/dags/my_first_dag.py
[2025-02-11T00:34:58.103+0000] {logging_mixin.py:190} INFO - [2025-02-11T00:34:58.103+0000] {dag.py:3239} INFO - Sync 1 DAGs
[2025-02-11T00:34:58.122+0000] {logging_mixin.py:190} INFO - [2025-02-11T00:34:58.122+0000] {dag.py:4180} INFO - Setting next_dagrun for my_first_dag to 2025-01-26 00:00:00+00:00, run_after=2025-02-25 00:00:00+00:00
[2025-02-11T00:34:58.141+0000] {processor.py:208} INFO - Processing /opt/airflow/dags/my_first_dag.py took 0.070 seconds
[2025-02-11T00:35:28.375+0000] {processor.py:186} INFO - Started process (PID=16921) to work on /opt/airflow/dags/my_first_dag.py
[2025-02-11T00:35:28.376+0000] {processor.py:914} INFO - Processing file /opt/airflow/dags/my_first_dag.py for tasks to queue
[2025-02-11T00:35:28.378+0000] {logging_mixin.py:190} INFO - [2025-02-11T00:35:28.378+0000] {dagbag.py:588} INFO - Filling up the DagBag from /opt/airflow/dags/my_first_dag.py
[2025-02-11T00:35:28.390+0000] {processor.py:925} INFO - DAG(s) 'my_first_dag' retrieved from /opt/airflow/dags/my_first_dag.py
[2025-02-11T00:35:28.406+0000] {logging_mixin.py:190} INFO - [2025-02-11T00:35:28.406+0000] {dag.py:3239} INFO - Sync 1 DAGs
[2025-02-11T00:35:28.427+0000] {logging_mixin.py:190} INFO - [2025-02-11T00:35:28.427+0000] {dag.py:4180} INFO - Setting next_dagrun for my_first_dag to 2025-01-26 00:00:00+00:00, run_after=2025-02-25 00:00:00+00:00
[2025-02-11T00:35:28.447+0000] {processor.py:208} INFO - Processing /opt/airflow/dags/my_first_dag.py took 0.076 seconds
[2025-02-11T00:35:58.560+0000] {processor.py:186} INFO - Started process (PID=16986) to work on /opt/airflow/dags/my_first_dag.py
[2025-02-11T00:35:58.561+0000] {processor.py:914} INFO - Processing file /opt/airflow/dags/my_first_dag.py for tasks to queue
[2025-02-11T00:35:58.565+0000] {logging_mixin.py:190} INFO - [2025-02-11T00:35:58.564+0000] {dagbag.py:588} INFO - Filling up the DagBag from /opt/airflow/dags/my_first_dag.py
[2025-02-11T00:35:58.587+0000] {processor.py:925} INFO - DAG(s) 'my_first_dag' retrieved from /opt/airflow/dags/my_first_dag.py
[2025-02-11T00:35:58.610+0000] {logging_mixin.py:190} INFO - [2025-02-11T00:35:58.610+0000] {dag.py:3239} INFO - Sync 1 DAGs
[2025-02-11T00:35:58.642+0000] {logging_mixin.py:190} INFO - [2025-02-11T00:35:58.641+0000] {dag.py:4180} INFO - Setting next_dagrun for my_first_dag to 2025-01-26 00:00:00+00:00, run_after=2025-02-25 00:00:00+00:00
[2025-02-11T00:35:58.665+0000] {processor.py:208} INFO - Processing /opt/airflow/dags/my_first_dag.py took 0.111 seconds
[2025-02-11T00:36:29.290+0000] {processor.py:186} INFO - Started process (PID=17058) to work on /opt/airflow/dags/my_first_dag.py
[2025-02-11T00:36:29.291+0000] {processor.py:914} INFO - Processing file /opt/airflow/dags/my_first_dag.py for tasks to queue
[2025-02-11T00:36:29.293+0000] {logging_mixin.py:190} INFO - [2025-02-11T00:36:29.293+0000] {dagbag.py:588} INFO - Filling up the DagBag from /opt/airflow/dags/my_first_dag.py
[2025-02-11T00:36:29.311+0000] {processor.py:925} INFO - DAG(s) 'my_first_dag' retrieved from /opt/airflow/dags/my_first_dag.py
[2025-02-11T00:36:29.336+0000] {logging_mixin.py:190} INFO - [2025-02-11T00:36:29.336+0000] {dag.py:3239} INFO - Sync 1 DAGs
[2025-02-11T00:36:29.362+0000] {logging_mixin.py:190} INFO - [2025-02-11T00:36:29.362+0000] {dag.py:4180} INFO - Setting next_dagrun for my_first_dag to 2025-01-26 00:00:00+00:00, run_after=2025-02-25 00:00:00+00:00
[2025-02-11T00:36:29.386+0000] {processor.py:208} INFO - Processing /opt/airflow/dags/my_first_dag.py took 0.102 seconds
[2025-02-11T00:36:59.998+0000] {processor.py:186} INFO - Started process (PID=17124) to work on /opt/airflow/dags/my_first_dag.py
[2025-02-11T00:37:00.000+0000] {processor.py:914} INFO - Processing file /opt/airflow/dags/my_first_dag.py for tasks to queue
[2025-02-11T00:37:00.004+0000] {logging_mixin.py:190} INFO - [2025-02-11T00:37:00.003+0000] {dagbag.py:588} INFO - Filling up the DagBag from /opt/airflow/dags/my_first_dag.py
[2025-02-11T00:37:00.021+0000] {processor.py:925} INFO - DAG(s) 'my_first_dag' retrieved from /opt/airflow/dags/my_first_dag.py
[2025-02-11T00:37:00.038+0000] {logging_mixin.py:190} INFO - [2025-02-11T00:37:00.038+0000] {dag.py:3239} INFO - Sync 1 DAGs
[2025-02-11T00:37:00.058+0000] {logging_mixin.py:190} INFO - [2025-02-11T00:37:00.058+0000] {dag.py:4180} INFO - Setting next_dagrun for my_first_dag to 2025-01-26 00:00:00+00:00, run_after=2025-02-25 00:00:00+00:00
[2025-02-11T00:37:00.077+0000] {processor.py:208} INFO - Processing /opt/airflow/dags/my_first_dag.py took 0.084 seconds
[2025-02-11T00:37:30.743+0000] {processor.py:186} INFO - Started process (PID=17190) to work on /opt/airflow/dags/my_first_dag.py
[2025-02-11T00:37:30.744+0000] {processor.py:914} INFO - Processing file /opt/airflow/dags/my_first_dag.py for tasks to queue
[2025-02-11T00:37:30.745+0000] {logging_mixin.py:190} INFO - [2025-02-11T00:37:30.745+0000] {dagbag.py:588} INFO - Filling up the DagBag from /opt/airflow/dags/my_first_dag.py
[2025-02-11T00:37:30.757+0000] {processor.py:925} INFO - DAG(s) 'my_first_dag' retrieved from /opt/airflow/dags/my_first_dag.py
[2025-02-11T00:37:30.771+0000] {logging_mixin.py:190} INFO - [2025-02-11T00:37:30.771+0000] {dag.py:3239} INFO - Sync 1 DAGs
[2025-02-11T00:37:30.789+0000] {logging_mixin.py:190} INFO - [2025-02-11T00:37:30.789+0000] {dag.py:4180} INFO - Setting next_dagrun for my_first_dag to 2025-01-26 00:00:00+00:00, run_after=2025-02-25 00:00:00+00:00
[2025-02-11T00:37:30.807+0000] {processor.py:208} INFO - Processing /opt/airflow/dags/my_first_dag.py took 0.069 seconds
[2025-02-11T00:38:01.658+0000] {processor.py:186} INFO - Started process (PID=17256) to work on /opt/airflow/dags/my_first_dag.py
[2025-02-11T00:38:01.659+0000] {processor.py:914} INFO - Processing file /opt/airflow/dags/my_first_dag.py for tasks to queue
[2025-02-11T00:38:01.661+0000] {logging_mixin.py:190} INFO - [2025-02-11T00:38:01.661+0000] {dagbag.py:588} INFO - Filling up the DagBag from /opt/airflow/dags/my_first_dag.py
[2025-02-11T00:38:01.679+0000] {processor.py:925} INFO - DAG(s) 'my_first_dag' retrieved from /opt/airflow/dags/my_first_dag.py
[2025-02-11T00:38:01.699+0000] {logging_mixin.py:190} INFO - [2025-02-11T00:38:01.698+0000] {dag.py:3239} INFO - Sync 1 DAGs
[2025-02-11T00:38:01.728+0000] {logging_mixin.py:190} INFO - [2025-02-11T00:38:01.728+0000] {dag.py:4180} INFO - Setting next_dagrun for my_first_dag to 2025-01-26 00:00:00+00:00, run_after=2025-02-25 00:00:00+00:00
[2025-02-11T00:38:01.752+0000] {processor.py:208} INFO - Processing /opt/airflow/dags/my_first_dag.py took 0.100 seconds
[2025-02-11T00:38:32.288+0000] {processor.py:186} INFO - Started process (PID=17322) to work on /opt/airflow/dags/my_first_dag.py
[2025-02-11T00:38:32.289+0000] {processor.py:914} INFO - Processing file /opt/airflow/dags/my_first_dag.py for tasks to queue
[2025-02-11T00:38:32.291+0000] {logging_mixin.py:190} INFO - [2025-02-11T00:38:32.291+0000] {dagbag.py:588} INFO - Filling up the DagBag from /opt/airflow/dags/my_first_dag.py
[2025-02-11T00:38:32.302+0000] {processor.py:925} INFO - DAG(s) 'my_first_dag' retrieved from /opt/airflow/dags/my_first_dag.py
[2025-02-11T00:38:32.316+0000] {logging_mixin.py:190} INFO - [2025-02-11T00:38:32.315+0000] {dag.py:3239} INFO - Sync 1 DAGs
[2025-02-11T00:38:32.333+0000] {logging_mixin.py:190} INFO - [2025-02-11T00:38:32.333+0000] {dag.py:4180} INFO - Setting next_dagrun for my_first_dag to 2025-01-26 00:00:00+00:00, run_after=2025-02-25 00:00:00+00:00
[2025-02-11T00:38:32.351+0000] {processor.py:208} INFO - Processing /opt/airflow/dags/my_first_dag.py took 0.067 seconds
[2025-02-11T00:39:03.363+0000] {processor.py:186} INFO - Started process (PID=17389) to work on /opt/airflow/dags/my_first_dag.py
[2025-02-11T00:39:03.364+0000] {processor.py:914} INFO - Processing file /opt/airflow/dags/my_first_dag.py for tasks to queue
[2025-02-11T00:39:03.368+0000] {logging_mixin.py:190} INFO - [2025-02-11T00:39:03.367+0000] {dagbag.py:588} INFO - Filling up the DagBag from /opt/airflow/dags/my_first_dag.py
[2025-02-11T00:39:03.391+0000] {processor.py:925} INFO - DAG(s) 'my_first_dag' retrieved from /opt/airflow/dags/my_first_dag.py
[2025-02-11T00:39:03.419+0000] {logging_mixin.py:190} INFO - [2025-02-11T00:39:03.418+0000] {dag.py:3239} INFO - Sync 1 DAGs
[2025-02-11T00:39:03.450+0000] {logging_mixin.py:190} INFO - [2025-02-11T00:39:03.450+0000] {dag.py:4180} INFO - Setting next_dagrun for my_first_dag to 2025-01-26 00:00:00+00:00, run_after=2025-02-25 00:00:00+00:00
[2025-02-11T00:39:03.477+0000] {processor.py:208} INFO - Processing /opt/airflow/dags/my_first_dag.py took 0.124 seconds
[2025-02-11T00:39:34.463+0000] {processor.py:186} INFO - Started process (PID=17455) to work on /opt/airflow/dags/my_first_dag.py
[2025-02-11T00:39:34.464+0000] {processor.py:914} INFO - Processing file /opt/airflow/dags/my_first_dag.py for tasks to queue
[2025-02-11T00:39:34.467+0000] {logging_mixin.py:190} INFO - [2025-02-11T00:39:34.466+0000] {dagbag.py:588} INFO - Filling up the DagBag from /opt/airflow/dags/my_first_dag.py
[2025-02-11T00:39:34.484+0000] {processor.py:925} INFO - DAG(s) 'my_first_dag' retrieved from /opt/airflow/dags/my_first_dag.py
[2025-02-11T00:39:34.507+0000] {logging_mixin.py:190} INFO - [2025-02-11T00:39:34.506+0000] {dag.py:3239} INFO - Sync 1 DAGs
[2025-02-11T00:39:34.538+0000] {logging_mixin.py:190} INFO - [2025-02-11T00:39:34.538+0000] {dag.py:4180} INFO - Setting next_dagrun for my_first_dag to 2025-01-26 00:00:00+00:00, run_after=2025-02-25 00:00:00+00:00
[2025-02-11T00:39:34.562+0000] {processor.py:208} INFO - Processing /opt/airflow/dags/my_first_dag.py took 0.106 seconds
[2025-02-11T00:40:04.616+0000] {processor.py:186} INFO - Started process (PID=17522) to work on /opt/airflow/dags/my_first_dag.py
[2025-02-11T00:40:04.617+0000] {processor.py:914} INFO - Processing file /opt/airflow/dags/my_first_dag.py for tasks to queue
[2025-02-11T00:40:04.620+0000] {logging_mixin.py:190} INFO - [2025-02-11T00:40:04.620+0000] {dagbag.py:588} INFO - Filling up the DagBag from /opt/airflow/dags/my_first_dag.py
[2025-02-11T00:40:04.641+0000] {processor.py:925} INFO - DAG(s) 'my_first_dag' retrieved from /opt/airflow/dags/my_first_dag.py
[2025-02-11T00:40:04.670+0000] {logging_mixin.py:190} INFO - [2025-02-11T00:40:04.669+0000] {dag.py:3239} INFO - Sync 1 DAGs
[2025-02-11T00:40:04.704+0000] {logging_mixin.py:190} INFO - [2025-02-11T00:40:04.704+0000] {dag.py:4180} INFO - Setting next_dagrun for my_first_dag to 2025-01-26 00:00:00+00:00, run_after=2025-02-25 00:00:00+00:00
[2025-02-11T00:40:04.730+0000] {processor.py:208} INFO - Processing /opt/airflow/dags/my_first_dag.py took 0.121 seconds
[2025-02-11T00:40:34.880+0000] {processor.py:186} INFO - Started process (PID=17588) to work on /opt/airflow/dags/my_first_dag.py
[2025-02-11T00:40:34.881+0000] {processor.py:914} INFO - Processing file /opt/airflow/dags/my_first_dag.py for tasks to queue
[2025-02-11T00:40:34.883+0000] {logging_mixin.py:190} INFO - [2025-02-11T00:40:34.883+0000] {dagbag.py:588} INFO - Filling up the DagBag from /opt/airflow/dags/my_first_dag.py
[2025-02-11T00:40:34.905+0000] {processor.py:925} INFO - DAG(s) 'my_first_dag' retrieved from /opt/airflow/dags/my_first_dag.py
[2025-02-11T00:40:34.928+0000] {logging_mixin.py:190} INFO - [2025-02-11T00:40:34.928+0000] {dag.py:3239} INFO - Sync 1 DAGs
[2025-02-11T00:40:34.955+0000] {logging_mixin.py:190} INFO - [2025-02-11T00:40:34.955+0000] {dag.py:4180} INFO - Setting next_dagrun for my_first_dag to 2025-01-26 00:00:00+00:00, run_after=2025-02-25 00:00:00+00:00
[2025-02-11T00:40:34.980+0000] {processor.py:208} INFO - Processing /opt/airflow/dags/my_first_dag.py took 0.106 seconds
[2025-02-11T00:41:05.749+0000] {processor.py:186} INFO - Started process (PID=17654) to work on /opt/airflow/dags/my_first_dag.py
[2025-02-11T00:41:05.750+0000] {processor.py:914} INFO - Processing file /opt/airflow/dags/my_first_dag.py for tasks to queue
[2025-02-11T00:41:05.752+0000] {logging_mixin.py:190} INFO - [2025-02-11T00:41:05.752+0000] {dagbag.py:588} INFO - Filling up the DagBag from /opt/airflow/dags/my_first_dag.py
[2025-02-11T00:41:05.764+0000] {processor.py:925} INFO - DAG(s) 'my_first_dag' retrieved from /opt/airflow/dags/my_first_dag.py
[2025-02-11T00:41:05.779+0000] {logging_mixin.py:190} INFO - [2025-02-11T00:41:05.779+0000] {dag.py:3239} INFO - Sync 1 DAGs
[2025-02-11T00:41:05.799+0000] {logging_mixin.py:190} INFO - [2025-02-11T00:41:05.799+0000] {dag.py:4180} INFO - Setting next_dagrun for my_first_dag to 2025-01-26 00:00:00+00:00, run_after=2025-02-25 00:00:00+00:00
[2025-02-11T00:41:05.819+0000] {processor.py:208} INFO - Processing /opt/airflow/dags/my_first_dag.py took 0.074 seconds
[2025-02-11T00:41:36.279+0000] {processor.py:186} INFO - Started process (PID=17720) to work on /opt/airflow/dags/my_first_dag.py
[2025-02-11T00:41:36.279+0000] {processor.py:914} INFO - Processing file /opt/airflow/dags/my_first_dag.py for tasks to queue
[2025-02-11T00:41:36.281+0000] {logging_mixin.py:190} INFO - [2025-02-11T00:41:36.281+0000] {dagbag.py:588} INFO - Filling up the DagBag from /opt/airflow/dags/my_first_dag.py
[2025-02-11T00:41:36.292+0000] {processor.py:925} INFO - DAG(s) 'my_first_dag' retrieved from /opt/airflow/dags/my_first_dag.py
[2025-02-11T00:41:36.305+0000] {logging_mixin.py:190} INFO - [2025-02-11T00:41:36.305+0000] {dag.py:3239} INFO - Sync 1 DAGs
[2025-02-11T00:41:36.325+0000] {logging_mixin.py:190} INFO - [2025-02-11T00:41:36.325+0000] {dag.py:4180} INFO - Setting next_dagrun for my_first_dag to 2025-01-26 00:00:00+00:00, run_after=2025-02-25 00:00:00+00:00
[2025-02-11T00:41:36.342+0000] {processor.py:208} INFO - Processing /opt/airflow/dags/my_first_dag.py took 0.069 seconds
[2025-02-11T00:42:06.813+0000] {processor.py:186} INFO - Started process (PID=17783) to work on /opt/airflow/dags/my_first_dag.py
[2025-02-11T00:42:06.814+0000] {processor.py:914} INFO - Processing file /opt/airflow/dags/my_first_dag.py for tasks to queue
[2025-02-11T00:42:06.817+0000] {logging_mixin.py:190} INFO - [2025-02-11T00:42:06.816+0000] {dagbag.py:588} INFO - Filling up the DagBag from /opt/airflow/dags/my_first_dag.py
[2025-02-11T00:42:06.830+0000] {processor.py:925} INFO - DAG(s) 'my_first_dag' retrieved from /opt/airflow/dags/my_first_dag.py
[2025-02-11T00:42:06.850+0000] {logging_mixin.py:190} INFO - [2025-02-11T00:42:06.850+0000] {dag.py:3239} INFO - Sync 1 DAGs
[2025-02-11T00:42:06.883+0000] {logging_mixin.py:190} INFO - [2025-02-11T00:42:06.883+0000] {dag.py:4180} INFO - Setting next_dagrun for my_first_dag to 2025-01-26 00:00:00+00:00, run_after=2025-02-25 00:00:00+00:00
[2025-02-11T00:42:06.904+0000] {processor.py:208} INFO - Processing /opt/airflow/dags/my_first_dag.py took 0.097 seconds
[2025-02-11T00:42:37.383+0000] {processor.py:186} INFO - Started process (PID=17845) to work on /opt/airflow/dags/my_first_dag.py
[2025-02-11T00:42:37.385+0000] {processor.py:914} INFO - Processing file /opt/airflow/dags/my_first_dag.py for tasks to queue
[2025-02-11T00:42:37.388+0000] {logging_mixin.py:190} INFO - [2025-02-11T00:42:37.387+0000] {dagbag.py:588} INFO - Filling up the DagBag from /opt/airflow/dags/my_first_dag.py
[2025-02-11T00:42:37.404+0000] {processor.py:925} INFO - DAG(s) 'my_first_dag' retrieved from /opt/airflow/dags/my_first_dag.py
[2025-02-11T00:42:37.424+0000] {logging_mixin.py:190} INFO - [2025-02-11T00:42:37.424+0000] {dag.py:3239} INFO - Sync 1 DAGs
[2025-02-11T00:42:37.450+0000] {logging_mixin.py:190} INFO - [2025-02-11T00:42:37.450+0000] {dag.py:4180} INFO - Setting next_dagrun for my_first_dag to 2025-01-26 00:00:00+00:00, run_after=2025-02-25 00:00:00+00:00
[2025-02-11T00:42:37.477+0000] {processor.py:208} INFO - Processing /opt/airflow/dags/my_first_dag.py took 0.099 seconds
[2025-02-11T00:43:07.691+0000] {processor.py:186} INFO - Started process (PID=17906) to work on /opt/airflow/dags/my_first_dag.py
[2025-02-11T00:43:07.692+0000] {processor.py:914} INFO - Processing file /opt/airflow/dags/my_first_dag.py for tasks to queue
[2025-02-11T00:43:07.695+0000] {logging_mixin.py:190} INFO - [2025-02-11T00:43:07.695+0000] {dagbag.py:588} INFO - Filling up the DagBag from /opt/airflow/dags/my_first_dag.py
[2025-02-11T00:43:07.718+0000] {processor.py:925} INFO - DAG(s) 'my_first_dag' retrieved from /opt/airflow/dags/my_first_dag.py
[2025-02-11T00:43:07.742+0000] {logging_mixin.py:190} INFO - [2025-02-11T00:43:07.742+0000] {dag.py:3239} INFO - Sync 1 DAGs
[2025-02-11T00:43:07.767+0000] {logging_mixin.py:190} INFO - [2025-02-11T00:43:07.767+0000] {dag.py:4180} INFO - Setting next_dagrun for my_first_dag to 2025-01-26 00:00:00+00:00, run_after=2025-02-25 00:00:00+00:00
[2025-02-11T00:43:07.791+0000] {processor.py:208} INFO - Processing /opt/airflow/dags/my_first_dag.py took 0.109 seconds
[2025-02-11T00:43:38.062+0000] {processor.py:186} INFO - Started process (PID=17968) to work on /opt/airflow/dags/my_first_dag.py
[2025-02-11T00:43:38.063+0000] {processor.py:914} INFO - Processing file /opt/airflow/dags/my_first_dag.py for tasks to queue
[2025-02-11T00:43:38.065+0000] {logging_mixin.py:190} INFO - [2025-02-11T00:43:38.064+0000] {dagbag.py:588} INFO - Filling up the DagBag from /opt/airflow/dags/my_first_dag.py
[2025-02-11T00:43:38.077+0000] {processor.py:925} INFO - DAG(s) 'my_first_dag' retrieved from /opt/airflow/dags/my_first_dag.py
[2025-02-11T00:43:38.093+0000] {logging_mixin.py:190} INFO - [2025-02-11T00:43:38.093+0000] {dag.py:3239} INFO - Sync 1 DAGs
[2025-02-11T00:43:38.113+0000] {logging_mixin.py:190} INFO - [2025-02-11T00:43:38.113+0000] {dag.py:4180} INFO - Setting next_dagrun for my_first_dag to 2025-01-26 00:00:00+00:00, run_after=2025-02-25 00:00:00+00:00
[2025-02-11T00:43:38.130+0000] {processor.py:208} INFO - Processing /opt/airflow/dags/my_first_dag.py took 0.073 seconds
[2025-02-11T00:44:09.022+0000] {processor.py:186} INFO - Started process (PID=18034) to work on /opt/airflow/dags/my_first_dag.py
[2025-02-11T00:44:09.023+0000] {processor.py:914} INFO - Processing file /opt/airflow/dags/my_first_dag.py for tasks to queue
[2025-02-11T00:44:09.025+0000] {logging_mixin.py:190} INFO - [2025-02-11T00:44:09.024+0000] {dagbag.py:588} INFO - Filling up the DagBag from /opt/airflow/dags/my_first_dag.py
[2025-02-11T00:44:09.035+0000] {processor.py:925} INFO - DAG(s) 'my_first_dag' retrieved from /opt/airflow/dags/my_first_dag.py
[2025-02-11T00:44:09.052+0000] {logging_mixin.py:190} INFO - [2025-02-11T00:44:09.051+0000] {dag.py:3239} INFO - Sync 1 DAGs
[2025-02-11T00:44:09.071+0000] {logging_mixin.py:190} INFO - [2025-02-11T00:44:09.071+0000] {dag.py:4180} INFO - Setting next_dagrun for my_first_dag to 2025-01-26 00:00:00+00:00, run_after=2025-02-25 00:00:00+00:00
[2025-02-11T00:44:09.091+0000] {processor.py:208} INFO - Processing /opt/airflow/dags/my_first_dag.py took 0.074 seconds
[2025-02-11T00:44:39.656+0000] {processor.py:186} INFO - Started process (PID=18100) to work on /opt/airflow/dags/my_first_dag.py
[2025-02-11T00:44:39.657+0000] {processor.py:914} INFO - Processing file /opt/airflow/dags/my_first_dag.py for tasks to queue
[2025-02-11T00:44:39.658+0000] {logging_mixin.py:190} INFO - [2025-02-11T00:44:39.658+0000] {dagbag.py:588} INFO - Filling up the DagBag from /opt/airflow/dags/my_first_dag.py
[2025-02-11T00:44:39.673+0000] {processor.py:925} INFO - DAG(s) 'my_first_dag' retrieved from /opt/airflow/dags/my_first_dag.py
[2025-02-11T00:44:39.689+0000] {logging_mixin.py:190} INFO - [2025-02-11T00:44:39.688+0000] {dag.py:3239} INFO - Sync 1 DAGs
[2025-02-11T00:44:39.707+0000] {logging_mixin.py:190} INFO - [2025-02-11T00:44:39.707+0000] {dag.py:4180} INFO - Setting next_dagrun for my_first_dag to 2025-01-26 00:00:00+00:00, run_after=2025-02-25 00:00:00+00:00
[2025-02-11T00:44:39.724+0000] {processor.py:208} INFO - Processing /opt/airflow/dags/my_first_dag.py took 0.073 seconds
[2025-02-11T00:45:09.827+0000] {processor.py:186} INFO - Started process (PID=18166) to work on /opt/airflow/dags/my_first_dag.py
[2025-02-11T00:45:09.828+0000] {processor.py:914} INFO - Processing file /opt/airflow/dags/my_first_dag.py for tasks to queue
[2025-02-11T00:45:09.830+0000] {logging_mixin.py:190} INFO - [2025-02-11T00:45:09.830+0000] {dagbag.py:588} INFO - Filling up the DagBag from /opt/airflow/dags/my_first_dag.py
[2025-02-11T00:45:09.842+0000] {processor.py:925} INFO - DAG(s) 'my_first_dag' retrieved from /opt/airflow/dags/my_first_dag.py
[2025-02-11T00:45:09.859+0000] {logging_mixin.py:190} INFO - [2025-02-11T00:45:09.859+0000] {dag.py:3239} INFO - Sync 1 DAGs
[2025-02-11T00:45:09.883+0000] {logging_mixin.py:190} INFO - [2025-02-11T00:45:09.883+0000] {dag.py:4180} INFO - Setting next_dagrun for my_first_dag to 2025-01-26 00:00:00+00:00, run_after=2025-02-25 00:00:00+00:00
[2025-02-11T00:45:09.906+0000] {processor.py:208} INFO - Processing /opt/airflow/dags/my_first_dag.py took 0.084 seconds
[2025-02-11T00:45:40.263+0000] {processor.py:186} INFO - Started process (PID=18232) to work on /opt/airflow/dags/my_first_dag.py
[2025-02-11T00:45:40.265+0000] {processor.py:914} INFO - Processing file /opt/airflow/dags/my_first_dag.py for tasks to queue
[2025-02-11T00:45:40.267+0000] {logging_mixin.py:190} INFO - [2025-02-11T00:45:40.266+0000] {dagbag.py:588} INFO - Filling up the DagBag from /opt/airflow/dags/my_first_dag.py
[2025-02-11T00:45:40.281+0000] {processor.py:925} INFO - DAG(s) 'my_first_dag' retrieved from /opt/airflow/dags/my_first_dag.py
[2025-02-11T00:45:40.302+0000] {logging_mixin.py:190} INFO - [2025-02-11T00:45:40.302+0000] {dag.py:3239} INFO - Sync 1 DAGs
[2025-02-11T00:45:40.327+0000] {logging_mixin.py:190} INFO - [2025-02-11T00:45:40.327+0000] {dag.py:4180} INFO - Setting next_dagrun for my_first_dag to 2025-01-26 00:00:00+00:00, run_after=2025-02-25 00:00:00+00:00
[2025-02-11T00:45:40.346+0000] {processor.py:208} INFO - Processing /opt/airflow/dags/my_first_dag.py took 0.089 seconds
[2025-02-11T00:46:10.420+0000] {processor.py:186} INFO - Started process (PID=18298) to work on /opt/airflow/dags/my_first_dag.py
[2025-02-11T00:46:10.421+0000] {processor.py:914} INFO - Processing file /opt/airflow/dags/my_first_dag.py for tasks to queue
[2025-02-11T00:46:10.423+0000] {logging_mixin.py:190} INFO - [2025-02-11T00:46:10.423+0000] {dagbag.py:588} INFO - Filling up the DagBag from /opt/airflow/dags/my_first_dag.py
[2025-02-11T00:46:10.432+0000] {processor.py:925} INFO - DAG(s) 'my_first_dag' retrieved from /opt/airflow/dags/my_first_dag.py
[2025-02-11T00:46:10.447+0000] {logging_mixin.py:190} INFO - [2025-02-11T00:46:10.447+0000] {dag.py:3239} INFO - Sync 1 DAGs
[2025-02-11T00:46:10.466+0000] {logging_mixin.py:190} INFO - [2025-02-11T00:46:10.466+0000] {dag.py:4180} INFO - Setting next_dagrun for my_first_dag to 2025-01-26 00:00:00+00:00, run_after=2025-02-25 00:00:00+00:00
[2025-02-11T00:46:10.484+0000] {processor.py:208} INFO - Processing /opt/airflow/dags/my_first_dag.py took 0.068 seconds
[2025-02-11T00:46:40.529+0000] {processor.py:186} INFO - Started process (PID=18365) to work on /opt/airflow/dags/my_first_dag.py
[2025-02-11T00:46:40.530+0000] {processor.py:914} INFO - Processing file /opt/airflow/dags/my_first_dag.py for tasks to queue
[2025-02-11T00:46:40.532+0000] {logging_mixin.py:190} INFO - [2025-02-11T00:46:40.532+0000] {dagbag.py:588} INFO - Filling up the DagBag from /opt/airflow/dags/my_first_dag.py
[2025-02-11T00:46:40.542+0000] {processor.py:925} INFO - DAG(s) 'my_first_dag' retrieved from /opt/airflow/dags/my_first_dag.py
[2025-02-11T00:46:40.557+0000] {logging_mixin.py:190} INFO - [2025-02-11T00:46:40.556+0000] {dag.py:3239} INFO - Sync 1 DAGs
[2025-02-11T00:46:40.574+0000] {logging_mixin.py:190} INFO - [2025-02-11T00:46:40.573+0000] {dag.py:4180} INFO - Setting next_dagrun for my_first_dag to 2025-01-26 00:00:00+00:00, run_after=2025-02-25 00:00:00+00:00
[2025-02-11T00:46:40.591+0000] {processor.py:208} INFO - Processing /opt/airflow/dags/my_first_dag.py took 0.066 seconds
[2025-02-11T00:47:11.055+0000] {processor.py:186} INFO - Started process (PID=18431) to work on /opt/airflow/dags/my_first_dag.py
[2025-02-11T00:47:11.056+0000] {processor.py:914} INFO - Processing file /opt/airflow/dags/my_first_dag.py for tasks to queue
[2025-02-11T00:47:11.058+0000] {logging_mixin.py:190} INFO - [2025-02-11T00:47:11.058+0000] {dagbag.py:588} INFO - Filling up the DagBag from /opt/airflow/dags/my_first_dag.py
[2025-02-11T00:47:11.068+0000] {processor.py:925} INFO - DAG(s) 'my_first_dag' retrieved from /opt/airflow/dags/my_first_dag.py
[2025-02-11T00:47:11.082+0000] {logging_mixin.py:190} INFO - [2025-02-11T00:47:11.082+0000] {dag.py:3239} INFO - Sync 1 DAGs
[2025-02-11T00:47:11.102+0000] {logging_mixin.py:190} INFO - [2025-02-11T00:47:11.102+0000] {dag.py:4180} INFO - Setting next_dagrun for my_first_dag to 2025-01-26 00:00:00+00:00, run_after=2025-02-25 00:00:00+00:00
[2025-02-11T00:47:11.121+0000] {processor.py:208} INFO - Processing /opt/airflow/dags/my_first_dag.py took 0.070 seconds
[2025-02-11T00:47:41.545+0000] {processor.py:186} INFO - Started process (PID=18497) to work on /opt/airflow/dags/my_first_dag.py
[2025-02-11T00:47:41.545+0000] {processor.py:914} INFO - Processing file /opt/airflow/dags/my_first_dag.py for tasks to queue
[2025-02-11T00:47:41.547+0000] {logging_mixin.py:190} INFO - [2025-02-11T00:47:41.547+0000] {dagbag.py:588} INFO - Filling up the DagBag from /opt/airflow/dags/my_first_dag.py
[2025-02-11T00:47:41.556+0000] {processor.py:925} INFO - DAG(s) 'my_first_dag' retrieved from /opt/airflow/dags/my_first_dag.py
[2025-02-11T00:47:41.569+0000] {logging_mixin.py:190} INFO - [2025-02-11T00:47:41.569+0000] {dag.py:3239} INFO - Sync 1 DAGs
[2025-02-11T00:47:41.586+0000] {logging_mixin.py:190} INFO - [2025-02-11T00:47:41.586+0000] {dag.py:4180} INFO - Setting next_dagrun for my_first_dag to 2025-01-26 00:00:00+00:00, run_after=2025-02-25 00:00:00+00:00
[2025-02-11T00:47:41.603+0000] {processor.py:208} INFO - Processing /opt/airflow/dags/my_first_dag.py took 0.064 seconds
