[2025-02-02T10:21:23.928+0000] {local_task_job_runner.py:123} INFO - ::group::Pre task execution logs
[2025-02-02T10:21:23.952+0000] {taskinstance.py:2613} INFO - Dependencies all met for dep_context=non-requeueable deps ti=<TaskInstance: directory_and_file_verification_dag.read_files manual__2025-02-02T10:21:16.870061+00:00 [queued]>
[2025-02-02T10:21:23.966+0000] {taskinstance.py:2613} INFO - Dependencies all met for dep_context=requeueable deps ti=<TaskInstance: directory_and_file_verification_dag.read_files manual__2025-02-02T10:21:16.870061+00:00 [queued]>
[2025-02-02T10:21:23.967+0000] {taskinstance.py:2866} INFO - Starting attempt 1 of 1
[2025-02-02T10:21:23.984+0000] {taskinstance.py:2889} INFO - Executing <Task(BranchPythonOperator): read_files> on 2025-02-02 10:21:16.870061+00:00
[2025-02-02T10:21:23.990+0000] {warnings.py:112} WARNING - /home/***/.local/lib/python3.12/site-packages/***/task/task_runner/standard_task_runner.py:70: DeprecationWarning: This process (pid=935) is multi-threaded, use of fork() may lead to deadlocks in the child.
  pid = os.fork()

[2025-02-02T10:21:23.992+0000] {standard_task_runner.py:72} INFO - Started process 937 to run task
[2025-02-02T10:21:23.992+0000] {standard_task_runner.py:104} INFO - Running: ['***', 'tasks', 'run', 'directory_and_file_verification_dag', 'read_files', 'manual__2025-02-02T10:21:16.870061+00:00', '--job-id', '83', '--raw', '--subdir', 'DAGS_FOLDER/my_directory_and_file_checker.py', '--cfg-path', '/tmp/tmpnpe7t_ba']
[2025-02-02T10:21:23.995+0000] {standard_task_runner.py:105} INFO - Job 83: Subtask read_files
[2025-02-02T10:21:24.312+0000] {task_command.py:467} INFO - Running <TaskInstance: directory_and_file_verification_dag.read_files manual__2025-02-02T10:21:16.870061+00:00 [running]> on host 003b7fbea265
[2025-02-02T10:21:24.402+0000] {taskinstance.py:3132} INFO - Exporting env vars: AIRFLOW_CTX_DAG_OWNER='***' AIRFLOW_CTX_DAG_ID='directory_and_file_verification_dag' AIRFLOW_CTX_TASK_ID='read_files' AIRFLOW_CTX_EXECUTION_DATE='2025-02-02T10:21:16.870061+00:00' AIRFLOW_CTX_TRY_NUMBER='1' AIRFLOW_CTX_DAG_RUN_ID='manual__2025-02-02T10:21:16.870061+00:00'
[2025-02-02T10:21:24.403+0000] {logging_mixin.py:190} INFO - Task instance is in running state
[2025-02-02T10:21:24.404+0000] {logging_mixin.py:190} INFO -  Previous state of the Task instance: queued
[2025-02-02T10:21:24.404+0000] {logging_mixin.py:190} INFO - Current task name:read_files state:running start_date:2025-02-02 10:21:23.953271+00:00
[2025-02-02T10:21:24.405+0000] {logging_mixin.py:190} INFO - Dag name:directory_and_file_verification_dag and current dag run status:running
[2025-02-02T10:21:24.405+0000] {taskinstance.py:731} INFO - ::endgroup::
[2025-02-02T10:21:24.406+0000] {baseoperator.py:421} WARNING - BranchPythonOperator.execute cannot be called outside TaskInstance!
[2025-02-02T10:21:24.508+0000] {logging_mixin.py:190} INFO - 
📂 Contenu du fichier: Écritures comptables article.csv
[2025-02-02T10:21:24.548+0000] {logging_mixin.py:190} INFO -      Date comptabilisation       N° lot  ... KOR par Réception KOR INPUT
0               31/12/2024  A-BNDK 2304  ...             0,000     0,000
1               31/12/2024  B-BNDK 2304  ...             0,000     0,000
2               31/12/2024  C-BNDK 2304  ...             0,000     0,000
3               31/12/2024  D-BNDK 2304  ...             0,000     0,000
4               31/12/2024  E-BNDK 2304  ...             0,000     0,000
...                    ...          ...  ...               ...       ...
9850            31/07/2024   C-BOK22B02  ...             0,000     0,000
9851            31/07/2024    C-BOK2305  ...             0,000     0,000
9852            31/07/2024   D-TIEB2301  ...             0,000     0,000
9853            31/07/2024   E-TIEB2301  ...             0,000     0,000
9854                   NaN          NaN  ...             0,000     0,000

[9855 rows x 27 columns]
[2025-02-02T10:21:24.551+0000] {python.py:240} INFO - Done. Returned value was: None
[2025-02-02T10:21:24.552+0000] {branch.py:38} INFO - Branch into None
[2025-02-02T10:21:24.553+0000] {skipmixin.py:230} INFO - Following branch ()
[2025-02-02T10:21:24.568+0000] {skipmixin.py:278} INFO - Skipping tasks [('verify_file_reliability', -1), ('end', -1)]
[2025-02-02T10:21:24.590+0000] {taskinstance.py:340} INFO - ::group::Post task execution logs
[2025-02-02T10:21:24.591+0000] {taskinstance.py:352} INFO - Marking task as SUCCESS. dag_id=directory_and_file_verification_dag, task_id=read_files, run_id=manual__2025-02-02T10:21:16.870061+00:00, execution_date=20250202T102116, start_date=20250202T102123, end_date=20250202T102124
[2025-02-02T10:21:24.603+0000] {logging_mixin.py:190} INFO - Task instance in success state
[2025-02-02T10:21:24.604+0000] {logging_mixin.py:190} INFO -  Previous state of the Task instance: running
[2025-02-02T10:21:24.605+0000] {logging_mixin.py:190} INFO - Dag name:directory_and_file_verification_dag queued_at:2025-02-02 10:21:16.880363+00:00
[2025-02-02T10:21:24.605+0000] {logging_mixin.py:190} INFO - Task hostname:003b7fbea265 operator:BranchPythonOperator
[2025-02-02T10:21:24.651+0000] {local_task_job_runner.py:266} INFO - Task exited with return code 0
[2025-02-02T10:21:24.672+0000] {taskinstance.py:3895} INFO - 0 downstream tasks scheduled from follow-on schedule check
[2025-02-02T10:21:24.675+0000] {local_task_job_runner.py:245} INFO - ::endgroup::
