[2025-02-11T09:55:04.784+0000] {local_task_job_runner.py:123} INFO - ::group::Pre task execution logs
[2025-02-11T09:55:04.914+0000] {taskinstance.py:2613} INFO - Dependencies all met for dep_context=non-requeueable deps ti=<TaskInstance: IMPORTATION_ECRITURE_COMPTABLES_ARTICLE_dag.check_file_in_directory scheduled__2025-02-11T09:54:00+00:00 [queued]>
[2025-02-11T09:55:04.923+0000] {taskinstance.py:2613} INFO - Dependencies all met for dep_context=requeueable deps ti=<TaskInstance: IMPORTATION_ECRITURE_COMPTABLES_ARTICLE_dag.check_file_in_directory scheduled__2025-02-11T09:54:00+00:00 [queued]>
[2025-02-11T09:55:04.925+0000] {taskinstance.py:2866} INFO - Starting attempt 1 of 2
[2025-02-11T09:55:04.938+0000] {taskinstance.py:2889} INFO - Executing <Task(BranchPythonOperator): check_file_in_directory> on 2025-02-11 09:54:00+00:00
[2025-02-11T09:55:04.944+0000] {warnings.py:112} WARNING - /home/***/.local/lib/python3.12/site-packages/***/task/task_runner/standard_task_runner.py:70: DeprecationWarning: This process (pid=6451) is multi-threaded, use of fork() may lead to deadlocks in the child.
  pid = os.fork()

[2025-02-11T09:55:04.946+0000] {standard_task_runner.py:72} INFO - Started process 6453 to run task
[2025-02-11T09:55:04.946+0000] {standard_task_runner.py:104} INFO - Running: ['***', 'tasks', 'run', 'IMPORTATION_ECRITURE_COMPTABLES_ARTICLE_dag', 'check_file_in_directory', 'scheduled__2025-02-11T09:54:00+00:00', '--job-id', '2101', '--raw', '--subdir', 'DAGS_FOLDER/my_directory_and_file_checker.py', '--cfg-path', '/tmp/tmplj3iudwf']
[2025-02-11T09:55:04.947+0000] {standard_task_runner.py:105} INFO - Job 2101: Subtask check_file_in_directory
[2025-02-11T09:55:04.989+0000] {task_command.py:467} INFO - Running <TaskInstance: IMPORTATION_ECRITURE_COMPTABLES_ARTICLE_dag.check_file_in_directory scheduled__2025-02-11T09:54:00+00:00 [running]> on host b6443be51f35
[2025-02-11T09:55:05.059+0000] {taskinstance.py:3132} INFO - Exporting env vars: AIRFLOW_CTX_DAG_OWNER='***' AIRFLOW_CTX_DAG_ID='IMPORTATION_ECRITURE_COMPTABLES_ARTICLE_dag' AIRFLOW_CTX_TASK_ID='check_file_in_directory' AIRFLOW_CTX_EXECUTION_DATE='2025-02-11T09:54:00+00:00' AIRFLOW_CTX_TRY_NUMBER='1' AIRFLOW_CTX_DAG_RUN_ID='scheduled__2025-02-11T09:54:00+00:00'
[2025-02-11T09:55:05.060+0000] {logging_mixin.py:190} INFO - Task instance is in running state
[2025-02-11T09:55:05.061+0000] {logging_mixin.py:190} INFO -  Previous state of the Task instance: queued
[2025-02-11T09:55:05.061+0000] {logging_mixin.py:190} INFO - Current task name:check_file_in_directory state:running start_date:2025-02-11 09:55:04.915499+00:00
[2025-02-11T09:55:05.062+0000] {logging_mixin.py:190} INFO - Dag name:IMPORTATION_ECRITURE_COMPTABLES_ARTICLE_dag and current dag run status:running
[2025-02-11T09:55:05.062+0000] {taskinstance.py:731} INFO - ::endgroup::
[2025-02-11T09:55:05.063+0000] {baseoperator.py:421} WARNING - BranchPythonOperator.execute cannot be called outside TaskInstance!
[2025-02-11T09:55:05.063+0000] {logging_mixin.py:190} INFO - ca marche /opt/***/files/in ['.csv']
[2025-02-11T09:55:05.067+0000] {python.py:240} INFO - Done. Returned value was: verify_file_reliability
[2025-02-11T09:55:05.067+0000] {branch.py:38} INFO - Branch into verify_file_reliability
[2025-02-11T09:55:05.068+0000] {skipmixin.py:230} INFO - Following branch ('verify_file_reliability',)
[2025-02-11T09:55:05.076+0000] {skipmixin.py:278} INFO - Skipping tasks []
[2025-02-11T09:55:05.100+0000] {taskinstance.py:340} INFO - ::group::Post task execution logs
[2025-02-11T09:55:05.100+0000] {taskinstance.py:352} INFO - Marking task as SUCCESS. dag_id=IMPORTATION_ECRITURE_COMPTABLES_ARTICLE_dag, task_id=check_file_in_directory, run_id=scheduled__2025-02-11T09:54:00+00:00, execution_date=20250211T095400, start_date=20250211T095504, end_date=20250211T095505
[2025-02-11T09:55:05.110+0000] {logging_mixin.py:190} INFO - Task instance in success state
[2025-02-11T09:55:05.110+0000] {logging_mixin.py:190} INFO -  Previous state of the Task instance: running
[2025-02-11T09:55:05.111+0000] {logging_mixin.py:190} INFO - Dag name:IMPORTATION_ECRITURE_COMPTABLES_ARTICLE_dag queued_at:2025-02-11 09:55:00.937920+00:00
[2025-02-11T09:55:05.111+0000] {logging_mixin.py:190} INFO - Task hostname:b6443be51f35 operator:BranchPythonOperator
[2025-02-11T09:55:05.122+0000] {local_task_job_runner.py:266} INFO - Task exited with return code 0
[2025-02-11T09:55:05.150+0000] {taskinstance.py:3895} INFO - 1 downstream tasks scheduled from follow-on schedule check
[2025-02-11T09:55:05.152+0000] {local_task_job_runner.py:245} INFO - ::endgroup::
[2025-02-11T09:56:01.037+0000] {local_task_job_runner.py:123} INFO - ::group::Pre task execution logs
[2025-02-11T09:56:01.316+0000] {taskinstance.py:2613} INFO - Dependencies all met for dep_context=non-requeueable deps ti=<TaskInstance: IMPORTATION_ECRITURE_COMPTABLES_ARTICLE_dag.check_file_in_directory scheduled__2025-02-11T09:54:00+00:00 [queued]>
[2025-02-11T09:56:01.340+0000] {taskinstance.py:2613} INFO - Dependencies all met for dep_context=requeueable deps ti=<TaskInstance: IMPORTATION_ECRITURE_COMPTABLES_ARTICLE_dag.check_file_in_directory scheduled__2025-02-11T09:54:00+00:00 [queued]>
[2025-02-11T09:56:01.341+0000] {taskinstance.py:2866} INFO - Starting attempt 1 of 2
[2025-02-11T09:56:01.368+0000] {taskinstance.py:2889} INFO - Executing <Task(BranchPythonOperator): check_file_in_directory> on 2025-02-11 09:54:00+00:00
[2025-02-11T09:56:01.384+0000] {warnings.py:112} WARNING - /home/***/.local/lib/python3.12/site-packages/***/task/task_runner/standard_task_runner.py:70: DeprecationWarning: This process (pid=6490) is multi-threaded, use of fork() may lead to deadlocks in the child.
  pid = os.fork()

[2025-02-11T09:56:01.388+0000] {standard_task_runner.py:72} INFO - Started process 6501 to run task
[2025-02-11T09:56:01.389+0000] {standard_task_runner.py:104} INFO - Running: ['***', 'tasks', 'run', 'IMPORTATION_ECRITURE_COMPTABLES_ARTICLE_dag', 'check_file_in_directory', 'scheduled__2025-02-11T09:54:00+00:00', '--job-id', '2109', '--raw', '--subdir', 'DAGS_FOLDER/my_directory_and_file_checker.py', '--cfg-path', '/tmp/tmp1hod2hkk']
[2025-02-11T09:56:01.392+0000] {standard_task_runner.py:105} INFO - Job 2109: Subtask check_file_in_directory
[2025-02-11T09:56:01.483+0000] {task_command.py:467} INFO - Running <TaskInstance: IMPORTATION_ECRITURE_COMPTABLES_ARTICLE_dag.check_file_in_directory scheduled__2025-02-11T09:54:00+00:00 [running]> on host b6443be51f35
[2025-02-11T09:56:01.647+0000] {taskinstance.py:3132} INFO - Exporting env vars: AIRFLOW_CTX_DAG_OWNER='***' AIRFLOW_CTX_DAG_ID='IMPORTATION_ECRITURE_COMPTABLES_ARTICLE_dag' AIRFLOW_CTX_TASK_ID='check_file_in_directory' AIRFLOW_CTX_EXECUTION_DATE='2025-02-11T09:54:00+00:00' AIRFLOW_CTX_TRY_NUMBER='1' AIRFLOW_CTX_DAG_RUN_ID='scheduled__2025-02-11T09:54:00+00:00'
[2025-02-11T09:56:01.650+0000] {logging_mixin.py:190} INFO - Task instance is in running state
[2025-02-11T09:56:01.650+0000] {logging_mixin.py:190} INFO -  Previous state of the Task instance: queued
[2025-02-11T09:56:01.651+0000] {logging_mixin.py:190} INFO - Current task name:check_file_in_directory state:running start_date:2025-02-11 09:56:01.317367+00:00
[2025-02-11T09:56:01.652+0000] {logging_mixin.py:190} INFO - Dag name:IMPORTATION_ECRITURE_COMPTABLES_ARTICLE_dag and current dag run status:running
[2025-02-11T09:56:01.653+0000] {taskinstance.py:731} INFO - ::endgroup::
[2025-02-11T09:56:01.654+0000] {baseoperator.py:421} WARNING - BranchPythonOperator.execute cannot be called outside TaskInstance!
[2025-02-11T09:56:01.655+0000] {logging_mixin.py:190} INFO - ca marche /opt/***/files/in ['.csv']
[2025-02-11T09:56:01.659+0000] {python.py:240} INFO - Done. Returned value was: verify_file_reliability
[2025-02-11T09:56:01.660+0000] {branch.py:38} INFO - Branch into verify_file_reliability
[2025-02-11T09:56:01.661+0000] {skipmixin.py:230} INFO - Following branch ('verify_file_reliability',)
[2025-02-11T09:56:01.693+0000] {skipmixin.py:278} INFO - Skipping tasks []
[2025-02-11T09:56:01.731+0000] {taskinstance.py:340} INFO - ::group::Post task execution logs
[2025-02-11T09:56:01.732+0000] {taskinstance.py:352} INFO - Marking task as SUCCESS. dag_id=IMPORTATION_ECRITURE_COMPTABLES_ARTICLE_dag, task_id=check_file_in_directory, run_id=scheduled__2025-02-11T09:54:00+00:00, execution_date=20250211T095400, start_date=20250211T095601, end_date=20250211T095601
[2025-02-11T09:56:01.751+0000] {logging_mixin.py:190} INFO - Task instance in success state
[2025-02-11T09:56:01.752+0000] {logging_mixin.py:190} INFO -  Previous state of the Task instance: running
[2025-02-11T09:56:01.753+0000] {logging_mixin.py:190} INFO - Dag name:IMPORTATION_ECRITURE_COMPTABLES_ARTICLE_dag queued_at:2025-02-11 09:55:55.980956+00:00
[2025-02-11T09:56:01.754+0000] {logging_mixin.py:190} INFO - Task hostname:b6443be51f35 operator:BranchPythonOperator
[2025-02-11T09:56:01.767+0000] {local_task_job_runner.py:266} INFO - Task exited with return code 0
[2025-02-11T09:56:01.823+0000] {taskinstance.py:3895} INFO - 1 downstream tasks scheduled from follow-on schedule check
[2025-02-11T09:56:01.825+0000] {local_task_job_runner.py:245} INFO - ::endgroup::
