[2025-02-07T22:32:53.830+0000] {local_task_job_runner.py:123} INFO - ::group::Pre task execution logs
[2025-02-07T22:32:54.772+0000] {taskinstance.py:2613} INFO - Dependencies all met for dep_context=non-requeueable deps ti=<TaskInstance: directory_and_file_verification_dag.check_file_in_directory scheduled__2025-02-07T02:10:00+00:00 [queued]>
[2025-02-07T22:32:54.814+0000] {taskinstance.py:2613} INFO - Dependencies all met for dep_context=requeueable deps ti=<TaskInstance: directory_and_file_verification_dag.check_file_in_directory scheduled__2025-02-07T02:10:00+00:00 [queued]>
[2025-02-07T22:32:54.820+0000] {taskinstance.py:2866} INFO - Starting attempt 1 of 1
[2025-02-07T22:32:54.940+0000] {taskinstance.py:2889} INFO - Executing <Task(BranchPythonOperator): check_file_in_directory> on 2025-02-07 02:10:00+00:00
[2025-02-07T22:32:55.033+0000] {standard_task_runner.py:104} INFO - Running: ['***', 'tasks', 'run', 'directory_and_file_verification_dag', 'check_file_in_directory', 'scheduled__2025-02-07T02:10:00+00:00', '--job-id', '967', '--raw', '--subdir', 'DAGS_FOLDER/my_directory_and_file_checker.py', '--cfg-path', '/tmp/tmpr4mykeeg']
[2025-02-07T22:32:55.041+0000] {warnings.py:112} WARNING - /home/***/.local/lib/python3.12/site-packages/***/task/task_runner/standard_task_runner.py:70: DeprecationWarning: This process (pid=19584) is multi-threaded, use of fork() may lead to deadlocks in the child.
  pid = os.fork()

[2025-02-07T22:32:55.058+0000] {standard_task_runner.py:72} INFO - Started process 19610 to run task
[2025-02-07T22:32:55.055+0000] {standard_task_runner.py:105} INFO - Job 967: Subtask check_file_in_directory
[2025-02-07T22:32:55.379+0000] {task_command.py:467} INFO - Running <TaskInstance: directory_and_file_verification_dag.check_file_in_directory scheduled__2025-02-07T02:10:00+00:00 [running]> on host 003b7fbea265
[2025-02-07T22:32:55.836+0000] {taskinstance.py:3132} INFO - Exporting env vars: AIRFLOW_CTX_DAG_OWNER='***' AIRFLOW_CTX_DAG_ID='directory_and_file_verification_dag' AIRFLOW_CTX_TASK_ID='check_file_in_directory' AIRFLOW_CTX_EXECUTION_DATE='2025-02-07T02:10:00+00:00' AIRFLOW_CTX_TRY_NUMBER='1' AIRFLOW_CTX_DAG_RUN_ID='scheduled__2025-02-07T02:10:00+00:00'
[2025-02-07T22:32:55.850+0000] {logging_mixin.py:190} INFO - Task instance is in running state
[2025-02-07T22:32:55.869+0000] {logging_mixin.py:190} INFO -  Previous state of the Task instance: queued
[2025-02-07T22:32:55.878+0000] {logging_mixin.py:190} INFO - Current task name:check_file_in_directory state:running start_date:2025-02-07 22:32:54.774114+00:00
[2025-02-07T22:32:55.879+0000] {logging_mixin.py:190} INFO - Dag name:directory_and_file_verification_dag and current dag run status:running
[2025-02-07T22:32:55.881+0000] {taskinstance.py:731} INFO - ::endgroup::
[2025-02-07T22:32:55.896+0000] {baseoperator.py:421} WARNING - BranchPythonOperator.execute cannot be called outside TaskInstance!
[2025-02-07T22:32:55.917+0000] {python.py:240} INFO - Done. Returned value was: end
[2025-02-07T22:32:55.919+0000] {branch.py:38} INFO - Branch into end
[2025-02-07T22:32:55.920+0000] {skipmixin.py:230} INFO - Following branch ('end',)
[2025-02-07T22:32:56.024+0000] {skipmixin.py:278} INFO - Skipping tasks [('verify_file_reliability', -1)]
[2025-02-07T22:32:56.242+0000] {taskinstance.py:340} INFO - ::group::Post task execution logs
[2025-02-07T22:32:56.253+0000] {taskinstance.py:352} INFO - Marking task as SUCCESS. dag_id=directory_and_file_verification_dag, task_id=check_file_in_directory, run_id=scheduled__2025-02-07T02:10:00+00:00, execution_date=20250207T021000, start_date=20250207T223254, end_date=20250207T223256
[2025-02-07T22:32:56.340+0000] {logging_mixin.py:190} INFO - Task instance in success state
[2025-02-07T22:32:56.344+0000] {logging_mixin.py:190} INFO -  Previous state of the Task instance: running
[2025-02-07T22:32:56.356+0000] {logging_mixin.py:190} INFO - Dag name:directory_and_file_verification_dag queued_at:2025-02-07 22:32:27.081336+00:00
[2025-02-07T22:32:56.359+0000] {logging_mixin.py:190} INFO - Task hostname:003b7fbea265 operator:BranchPythonOperator
[2025-02-07T22:32:56.500+0000] {local_task_job_runner.py:266} INFO - Task exited with return code 0
[2025-02-07T22:32:56.547+0000] {local_task_job_runner.py:245} INFO - ::endgroup::
