[2025-02-11T09:58:19.536+0000] {local_task_job_runner.py:123} INFO - ::group::Pre task execution logs
[2025-02-11T09:58:19.666+0000] {taskinstance.py:2613} INFO - Dependencies all met for dep_context=non-requeueable deps ti=<TaskInstance: IMPORTATION_ECRITURE_COMPTABLES_ARTICLE_dag.import_temp_ecc_to_ecc scheduled__2025-02-11T09:57:00+00:00 [queued]>
[2025-02-11T09:58:19.675+0000] {taskinstance.py:2613} INFO - Dependencies all met for dep_context=requeueable deps ti=<TaskInstance: IMPORTATION_ECRITURE_COMPTABLES_ARTICLE_dag.import_temp_ecc_to_ecc scheduled__2025-02-11T09:57:00+00:00 [queued]>
[2025-02-11T09:58:19.676+0000] {taskinstance.py:2866} INFO - Starting attempt 1 of 2
[2025-02-11T09:58:19.690+0000] {taskinstance.py:2889} INFO - Executing <Task(BranchPythonOperator): import_temp_ecc_to_ecc> on 2025-02-11 09:57:00+00:00
[2025-02-11T09:58:19.696+0000] {warnings.py:112} WARNING - /home/***/.local/lib/python3.12/site-packages/***/task/task_runner/standard_task_runner.py:70: DeprecationWarning: This process (pid=6613) is multi-threaded, use of fork() may lead to deadlocks in the child.
  pid = os.fork()

[2025-02-11T09:58:19.697+0000] {standard_task_runner.py:72} INFO - Started process 6615 to run task
[2025-02-11T09:58:19.697+0000] {standard_task_runner.py:104} INFO - Running: ['***', 'tasks', 'run', 'IMPORTATION_ECRITURE_COMPTABLES_ARTICLE_dag', 'import_temp_ecc_to_ecc', 'scheduled__2025-02-11T09:57:00+00:00', '--job-id', '2131', '--raw', '--subdir', 'DAGS_FOLDER/my_directory_and_file_checker.py', '--cfg-path', '/tmp/tmpmxf5gtl3']
[2025-02-11T09:58:19.698+0000] {standard_task_runner.py:105} INFO - Job 2131: Subtask import_temp_ecc_to_ecc
[2025-02-11T09:58:19.739+0000] {task_command.py:467} INFO - Running <TaskInstance: IMPORTATION_ECRITURE_COMPTABLES_ARTICLE_dag.import_temp_ecc_to_ecc scheduled__2025-02-11T09:57:00+00:00 [running]> on host b6443be51f35
[2025-02-11T09:58:19.810+0000] {taskinstance.py:3132} INFO - Exporting env vars: AIRFLOW_CTX_DAG_OWNER='***' AIRFLOW_CTX_DAG_ID='IMPORTATION_ECRITURE_COMPTABLES_ARTICLE_dag' AIRFLOW_CTX_TASK_ID='import_temp_ecc_to_ecc' AIRFLOW_CTX_EXECUTION_DATE='2025-02-11T09:57:00+00:00' AIRFLOW_CTX_TRY_NUMBER='1' AIRFLOW_CTX_DAG_RUN_ID='scheduled__2025-02-11T09:57:00+00:00'
[2025-02-11T09:58:19.812+0000] {logging_mixin.py:190} INFO - Task instance is in running state
[2025-02-11T09:58:19.812+0000] {logging_mixin.py:190} INFO -  Previous state of the Task instance: queued
[2025-02-11T09:58:19.813+0000] {logging_mixin.py:190} INFO - Current task name:import_temp_ecc_to_ecc state:running start_date:2025-02-11 09:58:19.667306+00:00
[2025-02-11T09:58:19.814+0000] {logging_mixin.py:190} INFO - Dag name:IMPORTATION_ECRITURE_COMPTABLES_ARTICLE_dag and current dag run status:running
[2025-02-11T09:58:19.814+0000] {taskinstance.py:731} INFO - ::endgroup::
[2025-02-11T09:58:19.815+0000] {baseoperator.py:421} WARNING - BranchPythonOperator.execute cannot be called outside TaskInstance!
[2025-02-11T09:58:19.819+0000] {logging_mixin.py:190} INFO - toto  SELECT * FROM {TABLE_TEMP_ECC}; 
[2025-02-11T09:58:19.829+0000] {base.py:84} INFO - Retrieving connection 'mysql_conn'
[2025-02-11T09:58:19.843+0000] {sql.py:553} INFO - Running statement:  SELECT * FROM {TABLE_TEMP_ECC}; , parameters: None
[2025-02-11T09:58:19.845+0000] {logging_mixin.py:190} INFO - ❌ Erreur  lors de l'importation des données Temp_to_ECC : (1064, "You have an error in your SQL syntax; check the manual that corresponds to your MariaDB server version for the right syntax to use near '}' at line 1")
[2025-02-11T09:58:19.845+0000] {python.py:240} INFO - Done. Returned value was: None
[2025-02-11T09:58:19.846+0000] {branch.py:38} INFO - Branch into None
[2025-02-11T09:58:19.846+0000] {skipmixin.py:230} INFO - Following branch ()
[2025-02-11T09:58:19.853+0000] {skipmixin.py:278} INFO - Skipping tasks [('end', -1)]
[2025-02-11T09:58:19.871+0000] {taskinstance.py:340} INFO - ::group::Post task execution logs
[2025-02-11T09:58:19.872+0000] {taskinstance.py:352} INFO - Marking task as SUCCESS. dag_id=IMPORTATION_ECRITURE_COMPTABLES_ARTICLE_dag, task_id=import_temp_ecc_to_ecc, run_id=scheduled__2025-02-11T09:57:00+00:00, execution_date=20250211T095700, start_date=20250211T095819, end_date=20250211T095819
[2025-02-11T09:58:19.882+0000] {logging_mixin.py:190} INFO - Task instance in success state
[2025-02-11T09:58:19.883+0000] {logging_mixin.py:190} INFO -  Previous state of the Task instance: running
[2025-02-11T09:58:19.884+0000] {logging_mixin.py:190} INFO - Dag name:IMPORTATION_ECRITURE_COMPTABLES_ARTICLE_dag queued_at:2025-02-11 09:58:00.077363+00:00
[2025-02-11T09:58:19.884+0000] {logging_mixin.py:190} INFO - Task hostname:b6443be51f35 operator:BranchPythonOperator
[2025-02-11T09:58:19.913+0000] {local_task_job_runner.py:266} INFO - Task exited with return code 0
[2025-02-11T09:58:19.928+0000] {taskinstance.py:3895} INFO - 0 downstream tasks scheduled from follow-on schedule check
[2025-02-11T09:58:19.931+0000] {local_task_job_runner.py:245} INFO - ::endgroup::
