[2025-02-02T12:55:21.382+0000] {local_task_job_runner.py:123} INFO - ::group::Pre task execution logs
[2025-02-02T12:55:21.401+0000] {taskinstance.py:2613} INFO - Dependencies all met for dep_context=non-requeueable deps ti=<TaskInstance: directory_and_file_verification_dag.check_directory manual__2025-02-02T12:55:18.833811+00:00 [queued]>
[2025-02-02T12:55:21.411+0000] {taskinstance.py:2613} INFO - Dependencies all met for dep_context=requeueable deps ti=<TaskInstance: directory_and_file_verification_dag.check_directory manual__2025-02-02T12:55:18.833811+00:00 [queued]>
[2025-02-02T12:55:21.412+0000] {taskinstance.py:2866} INFO - Starting attempt 1 of 1
[2025-02-02T12:55:21.431+0000] {taskinstance.py:2889} INFO - Executing <Task(BranchPythonOperator): check_directory> on 2025-02-02 12:55:18.833811+00:00
[2025-02-02T12:55:21.439+0000] {warnings.py:112} WARNING - /home/***/.local/lib/python3.12/site-packages/***/task/task_runner/standard_task_runner.py:70: DeprecationWarning: This process (pid=1959) is multi-threaded, use of fork() may lead to deadlocks in the child.
  pid = os.fork()

[2025-02-02T12:55:21.441+0000] {standard_task_runner.py:72} INFO - Started process 1964 to run task
[2025-02-02T12:55:21.442+0000] {standard_task_runner.py:104} INFO - Running: ['***', 'tasks', 'run', 'directory_and_file_verification_dag', 'check_directory', 'manual__2025-02-02T12:55:18.833811+00:00', '--job-id', '108', '--raw', '--subdir', 'DAGS_FOLDER/my_directory_and_file_checker.py', '--cfg-path', '/tmp/tmp617rejal']
[2025-02-02T12:55:21.444+0000] {standard_task_runner.py:105} INFO - Job 108: Subtask check_directory
[2025-02-02T12:55:21.507+0000] {task_command.py:467} INFO - Running <TaskInstance: directory_and_file_verification_dag.check_directory manual__2025-02-02T12:55:18.833811+00:00 [running]> on host 003b7fbea265
[2025-02-02T12:55:21.883+0000] {taskinstance.py:3132} INFO - Exporting env vars: AIRFLOW_CTX_DAG_OWNER='***' AIRFLOW_CTX_DAG_ID='directory_and_file_verification_dag' AIRFLOW_CTX_TASK_ID='check_directory' AIRFLOW_CTX_EXECUTION_DATE='2025-02-02T12:55:18.833811+00:00' AIRFLOW_CTX_TRY_NUMBER='1' AIRFLOW_CTX_DAG_RUN_ID='manual__2025-02-02T12:55:18.833811+00:00'
[2025-02-02T12:55:21.885+0000] {logging_mixin.py:190} INFO - Task instance is in running state
[2025-02-02T12:55:21.885+0000] {logging_mixin.py:190} INFO -  Previous state of the Task instance: queued
[2025-02-02T12:55:21.886+0000] {logging_mixin.py:190} INFO - Current task name:check_directory state:running start_date:2025-02-02 12:55:21.402523+00:00
[2025-02-02T12:55:21.887+0000] {logging_mixin.py:190} INFO - Dag name:directory_and_file_verification_dag and current dag run status:running
[2025-02-02T12:55:21.887+0000] {taskinstance.py:731} INFO - ::endgroup::
[2025-02-02T12:55:21.888+0000] {baseoperator.py:421} WARNING - BranchPythonOperator.execute cannot be called outside TaskInstance!
[2025-02-02T12:55:21.892+0000] {logging_mixin.py:190} INFO - borusss ['Écritures comptables article.csv', 'Écritures comptables article.csv.bak', 'Écritures comptables article.xlsx']
[2025-02-02T12:55:21.893+0000] {python.py:240} INFO - Done. Returned value was: check_file_in_directory
[2025-02-02T12:55:21.894+0000] {branch.py:38} INFO - Branch into check_file_in_directory
[2025-02-02T12:55:21.895+0000] {skipmixin.py:230} INFO - Following branch ('check_file_in_directory',)
[2025-02-02T12:55:21.907+0000] {skipmixin.py:278} INFO - Skipping tasks []
[2025-02-02T12:55:21.936+0000] {taskinstance.py:340} INFO - ::group::Post task execution logs
[2025-02-02T12:55:21.937+0000] {taskinstance.py:352} INFO - Marking task as SUCCESS. dag_id=directory_and_file_verification_dag, task_id=check_directory, run_id=manual__2025-02-02T12:55:18.833811+00:00, execution_date=20250202T125518, start_date=20250202T125521, end_date=20250202T125521
[2025-02-02T12:55:21.947+0000] {logging_mixin.py:190} INFO - Task instance in success state
[2025-02-02T12:55:21.948+0000] {logging_mixin.py:190} INFO -  Previous state of the Task instance: running
[2025-02-02T12:55:21.949+0000] {logging_mixin.py:190} INFO - Dag name:directory_and_file_verification_dag queued_at:2025-02-02 12:55:18.851484+00:00
[2025-02-02T12:55:21.950+0000] {logging_mixin.py:190} INFO - Task hostname:003b7fbea265 operator:BranchPythonOperator
[2025-02-02T12:55:21.980+0000] {local_task_job_runner.py:266} INFO - Task exited with return code 0
[2025-02-02T12:55:22.119+0000] {taskinstance.py:3895} INFO - 1 downstream tasks scheduled from follow-on schedule check
[2025-02-02T12:55:22.123+0000] {local_task_job_runner.py:245} INFO - ::endgroup::
