[2025-02-14T09:14:07.680+0000] {local_task_job_runner.py:123} INFO - ::group::Pre task execution logs
[2025-02-14T09:14:08.466+0000] {taskinstance.py:2613} INFO - Dependencies all met for dep_context=non-requeueable deps ti=<TaskInstance: IMPORTATION_ECRITURE_COMPTABLES_ARTICLE_dag.check_directory scheduled__2025-02-14T02:52:00+00:00 [queued]>
[2025-02-14T09:14:08.503+0000] {taskinstance.py:2613} INFO - Dependencies all met for dep_context=requeueable deps ti=<TaskInstance: IMPORTATION_ECRITURE_COMPTABLES_ARTICLE_dag.check_directory scheduled__2025-02-14T02:52:00+00:00 [queued]>
[2025-02-14T09:14:08.514+0000] {taskinstance.py:2866} INFO - Starting attempt 1 of 2
[2025-02-14T09:14:08.587+0000] {taskinstance.py:2889} INFO - Executing <Task(BranchPythonOperator): check_directory> on 2025-02-14 02:52:00+00:00
[2025-02-14T09:14:08.616+0000] {standard_task_runner.py:104} INFO - Running: ['***', 'tasks', 'run', 'IMPORTATION_ECRITURE_COMPTABLES_ARTICLE_dag', 'check_directory', 'scheduled__2025-02-14T02:52:00+00:00', '--job-id', '9012', '--raw', '--subdir', 'DAGS_FOLDER/my_directory_and_file_checker.py', '--cfg-path', '/tmp/tmpoxzppxrp']
[2025-02-14T09:14:08.605+0000] {warnings.py:112} WARNING - /home/***/.local/lib/python3.12/site-packages/***/task/task_runner/standard_task_runner.py:70: DeprecationWarning: This process (pid=2886) is multi-threaded, use of fork() may lead to deadlocks in the child.
  pid = os.fork()

[2025-02-14T09:14:08.632+0000] {standard_task_runner.py:105} INFO - Job 9012: Subtask check_directory
[2025-02-14T09:14:08.634+0000] {standard_task_runner.py:72} INFO - Started process 2894 to run task
[2025-02-14T09:14:08.871+0000] {task_command.py:467} INFO - Running <TaskInstance: IMPORTATION_ECRITURE_COMPTABLES_ARTICLE_dag.check_directory scheduled__2025-02-14T02:52:00+00:00 [running]> on host b6443be51f35
[2025-02-14T09:14:09.308+0000] {taskinstance.py:3132} INFO - Exporting env vars: AIRFLOW_CTX_DAG_OWNER='***' AIRFLOW_CTX_DAG_ID='IMPORTATION_ECRITURE_COMPTABLES_ARTICLE_dag' AIRFLOW_CTX_TASK_ID='check_directory' AIRFLOW_CTX_EXECUTION_DATE='2025-02-14T02:52:00+00:00' AIRFLOW_CTX_TRY_NUMBER='1' AIRFLOW_CTX_DAG_RUN_ID='scheduled__2025-02-14T02:52:00+00:00'
[2025-02-14T09:14:09.314+0000] {logging_mixin.py:190} INFO - Task instance is in running state
[2025-02-14T09:14:09.321+0000] {logging_mixin.py:190} INFO -  Previous state of the Task instance: queued
[2025-02-14T09:14:09.325+0000] {logging_mixin.py:190} INFO - Current task name:check_directory state:running start_date:2025-02-14 09:14:08.478166+00:00
[2025-02-14T09:14:09.340+0000] {logging_mixin.py:190} INFO - Dag name:IMPORTATION_ECRITURE_COMPTABLES_ARTICLE_dag and current dag run status:running
[2025-02-14T09:14:09.342+0000] {taskinstance.py:731} INFO - ::endgroup::
[2025-02-14T09:14:09.346+0000] {baseoperator.py:421} WARNING - BranchPythonOperator.execute cannot be called outside TaskInstance!
[2025-02-14T09:14:09.377+0000] {python.py:240} INFO - Done. Returned value was: check_file_in_directory
[2025-02-14T09:14:09.428+0000] {branch.py:38} INFO - Branch into check_file_in_directory
[2025-02-14T09:14:09.448+0000] {skipmixin.py:230} INFO - Following branch ('check_file_in_directory',)
[2025-02-14T09:14:09.485+0000] {skipmixin.py:278} INFO - Skipping tasks []
[2025-02-14T09:14:09.620+0000] {taskinstance.py:340} INFO - ::group::Post task execution logs
[2025-02-14T09:14:09.631+0000] {taskinstance.py:352} INFO - Marking task as SUCCESS. dag_id=IMPORTATION_ECRITURE_COMPTABLES_ARTICLE_dag, task_id=check_directory, run_id=scheduled__2025-02-14T02:52:00+00:00, execution_date=20250214T025200, start_date=20250214T091408, end_date=20250214T091409
[2025-02-14T09:14:09.658+0000] {logging_mixin.py:190} INFO - Task instance in success state
[2025-02-14T09:14:09.671+0000] {logging_mixin.py:190} INFO -  Previous state of the Task instance: running
[2025-02-14T09:14:09.681+0000] {logging_mixin.py:190} INFO - Dag name:IMPORTATION_ECRITURE_COMPTABLES_ARTICLE_dag queued_at:2025-02-14 02:53:46.421583+00:00
[2025-02-14T09:14:09.697+0000] {logging_mixin.py:190} INFO - Task hostname:b6443be51f35 operator:BranchPythonOperator
[2025-02-14T09:14:09.750+0000] {local_task_job_runner.py:266} INFO - Task exited with return code 0
[2025-02-14T09:14:09.927+0000] {taskinstance.py:3895} INFO - 1 downstream tasks scheduled from follow-on schedule check
[2025-02-14T09:14:09.957+0000] {local_task_job_runner.py:245} INFO - ::endgroup::
