[2025-02-13T23:02:02.353+0000] {local_task_job_runner.py:123} INFO - ::group::Pre task execution logs
[2025-02-13T23:02:02.523+0000] {taskinstance.py:2613} INFO - Dependencies all met for dep_context=non-requeueable deps ti=<TaskInstance: IMPORTATION_ECRITURE_COMPTABLES_ARTICLE_dag.check_directory scheduled__2025-02-13T23:01:00+00:00 [queued]>
[2025-02-13T23:02:02.532+0000] {taskinstance.py:2613} INFO - Dependencies all met for dep_context=requeueable deps ti=<TaskInstance: IMPORTATION_ECRITURE_COMPTABLES_ARTICLE_dag.check_directory scheduled__2025-02-13T23:01:00+00:00 [queued]>
[2025-02-13T23:02:02.533+0000] {taskinstance.py:2866} INFO - Starting attempt 1 of 2
[2025-02-13T23:02:02.547+0000] {taskinstance.py:2889} INFO - Executing <Task(BranchPythonOperator): check_directory> on 2025-02-13 23:01:00+00:00
[2025-02-13T23:02:02.552+0000] {warnings.py:112} WARNING - /home/***/.local/lib/python3.12/site-packages/***/task/task_runner/standard_task_runner.py:70: DeprecationWarning: This process (pid=1158) is multi-threaded, use of fork() may lead to deadlocks in the child.
  pid = os.fork()

[2025-02-13T23:02:02.553+0000] {standard_task_runner.py:72} INFO - Started process 1160 to run task
[2025-02-13T23:02:02.554+0000] {standard_task_runner.py:104} INFO - Running: ['***', 'tasks', 'run', 'IMPORTATION_ECRITURE_COMPTABLES_ARTICLE_dag', 'check_directory', 'scheduled__2025-02-13T23:01:00+00:00', '--job-id', '8434', '--raw', '--subdir', 'DAGS_FOLDER/my_directory_and_file_checker.py', '--cfg-path', '/tmp/tmpk1rmw6nj']
[2025-02-13T23:02:02.555+0000] {standard_task_runner.py:105} INFO - Job 8434: Subtask check_directory
[2025-02-13T23:02:02.604+0000] {task_command.py:467} INFO - Running <TaskInstance: IMPORTATION_ECRITURE_COMPTABLES_ARTICLE_dag.check_directory scheduled__2025-02-13T23:01:00+00:00 [running]> on host b6443be51f35
[2025-02-13T23:02:02.690+0000] {taskinstance.py:3132} INFO - Exporting env vars: AIRFLOW_CTX_DAG_OWNER='***' AIRFLOW_CTX_DAG_ID='IMPORTATION_ECRITURE_COMPTABLES_ARTICLE_dag' AIRFLOW_CTX_TASK_ID='check_directory' AIRFLOW_CTX_EXECUTION_DATE='2025-02-13T23:01:00+00:00' AIRFLOW_CTX_TRY_NUMBER='1' AIRFLOW_CTX_DAG_RUN_ID='scheduled__2025-02-13T23:01:00+00:00'
[2025-02-13T23:02:02.692+0000] {logging_mixin.py:190} INFO - Task instance is in running state
[2025-02-13T23:02:02.693+0000] {logging_mixin.py:190} INFO -  Previous state of the Task instance: queued
[2025-02-13T23:02:02.693+0000] {logging_mixin.py:190} INFO - Current task name:check_directory state:running start_date:2025-02-13 23:02:02.524293+00:00
[2025-02-13T23:02:02.694+0000] {logging_mixin.py:190} INFO - Dag name:IMPORTATION_ECRITURE_COMPTABLES_ARTICLE_dag and current dag run status:running
[2025-02-13T23:02:02.694+0000] {taskinstance.py:731} INFO - ::endgroup::
[2025-02-13T23:02:02.695+0000] {baseoperator.py:421} WARNING - BranchPythonOperator.execute cannot be called outside TaskInstance!
[2025-02-13T23:02:02.697+0000] {python.py:240} INFO - Done. Returned value was: check_file_in_directory
[2025-02-13T23:02:02.698+0000] {branch.py:38} INFO - Branch into check_file_in_directory
[2025-02-13T23:02:02.698+0000] {skipmixin.py:230} INFO - Following branch ('check_file_in_directory',)
[2025-02-13T23:02:02.712+0000] {skipmixin.py:278} INFO - Skipping tasks []
[2025-02-13T23:02:02.739+0000] {taskinstance.py:340} INFO - ::group::Post task execution logs
[2025-02-13T23:02:02.740+0000] {taskinstance.py:352} INFO - Marking task as SUCCESS. dag_id=IMPORTATION_ECRITURE_COMPTABLES_ARTICLE_dag, task_id=check_directory, run_id=scheduled__2025-02-13T23:01:00+00:00, execution_date=20250213T230100, start_date=20250213T230202, end_date=20250213T230202
[2025-02-13T23:02:02.750+0000] {logging_mixin.py:190} INFO - Task instance in success state
[2025-02-13T23:02:02.751+0000] {logging_mixin.py:190} INFO -  Previous state of the Task instance: running
[2025-02-13T23:02:02.751+0000] {logging_mixin.py:190} INFO - Dag name:IMPORTATION_ECRITURE_COMPTABLES_ARTICLE_dag queued_at:2025-02-13 23:02:00.986416+00:00
[2025-02-13T23:02:02.752+0000] {logging_mixin.py:190} INFO - Task hostname:b6443be51f35 operator:BranchPythonOperator
[2025-02-13T23:02:02.770+0000] {local_task_job_runner.py:266} INFO - Task exited with return code 0
[2025-02-13T23:02:02.802+0000] {taskinstance.py:3895} INFO - 1 downstream tasks scheduled from follow-on schedule check
[2025-02-13T23:02:02.804+0000] {local_task_job_runner.py:245} INFO - ::endgroup::
[2025-02-13T23:02:54.834+0000] {local_task_job_runner.py:123} INFO - ::group::Pre task execution logs
[2025-02-13T23:02:55.002+0000] {taskinstance.py:2613} INFO - Dependencies all met for dep_context=non-requeueable deps ti=<TaskInstance: IMPORTATION_ECRITURE_COMPTABLES_ARTICLE_dag.check_directory scheduled__2025-02-13T23:01:00+00:00 [queued]>
[2025-02-13T23:02:55.015+0000] {taskinstance.py:2613} INFO - Dependencies all met for dep_context=requeueable deps ti=<TaskInstance: IMPORTATION_ECRITURE_COMPTABLES_ARTICLE_dag.check_directory scheduled__2025-02-13T23:01:00+00:00 [queued]>
[2025-02-13T23:02:55.015+0000] {taskinstance.py:2866} INFO - Starting attempt 1 of 2
[2025-02-13T23:02:55.033+0000] {taskinstance.py:2889} INFO - Executing <Task(BranchPythonOperator): check_directory> on 2025-02-13 23:01:00+00:00
[2025-02-13T23:02:55.042+0000] {warnings.py:112} WARNING - /home/***/.local/lib/python3.12/site-packages/***/task/task_runner/standard_task_runner.py:70: DeprecationWarning: This process (pid=1196) is multi-threaded, use of fork() may lead to deadlocks in the child.
  pid = os.fork()

[2025-02-13T23:02:55.045+0000] {standard_task_runner.py:72} INFO - Started process 1198 to run task
[2025-02-13T23:02:55.046+0000] {standard_task_runner.py:104} INFO - Running: ['***', 'tasks', 'run', 'IMPORTATION_ECRITURE_COMPTABLES_ARTICLE_dag', 'check_directory', 'scheduled__2025-02-13T23:01:00+00:00', '--job-id', '8440', '--raw', '--subdir', 'DAGS_FOLDER/my_directory_and_file_checker.py', '--cfg-path', '/tmp/tmp494847aw']
[2025-02-13T23:02:55.049+0000] {standard_task_runner.py:105} INFO - Job 8440: Subtask check_directory
[2025-02-13T23:02:55.131+0000] {task_command.py:467} INFO - Running <TaskInstance: IMPORTATION_ECRITURE_COMPTABLES_ARTICLE_dag.check_directory scheduled__2025-02-13T23:01:00+00:00 [running]> on host b6443be51f35
[2025-02-13T23:02:55.259+0000] {taskinstance.py:3132} INFO - Exporting env vars: AIRFLOW_CTX_DAG_OWNER='***' AIRFLOW_CTX_DAG_ID='IMPORTATION_ECRITURE_COMPTABLES_ARTICLE_dag' AIRFLOW_CTX_TASK_ID='check_directory' AIRFLOW_CTX_EXECUTION_DATE='2025-02-13T23:01:00+00:00' AIRFLOW_CTX_TRY_NUMBER='1' AIRFLOW_CTX_DAG_RUN_ID='scheduled__2025-02-13T23:01:00+00:00'
[2025-02-13T23:02:55.262+0000] {logging_mixin.py:190} INFO - Task instance is in running state
[2025-02-13T23:02:55.263+0000] {logging_mixin.py:190} INFO -  Previous state of the Task instance: queued
[2025-02-13T23:02:55.263+0000] {logging_mixin.py:190} INFO - Current task name:check_directory state:running start_date:2025-02-13 23:02:55.003649+00:00
[2025-02-13T23:02:55.265+0000] {logging_mixin.py:190} INFO - Dag name:IMPORTATION_ECRITURE_COMPTABLES_ARTICLE_dag and current dag run status:running
[2025-02-13T23:02:55.266+0000] {taskinstance.py:731} INFO - ::endgroup::
[2025-02-13T23:02:55.267+0000] {baseoperator.py:421} WARNING - BranchPythonOperator.execute cannot be called outside TaskInstance!
[2025-02-13T23:02:55.269+0000] {python.py:240} INFO - Done. Returned value was: check_file_in_directory
[2025-02-13T23:02:55.269+0000] {branch.py:38} INFO - Branch into check_file_in_directory
[2025-02-13T23:02:55.270+0000] {skipmixin.py:230} INFO - Following branch ('check_file_in_directory',)
[2025-02-13T23:02:55.290+0000] {skipmixin.py:278} INFO - Skipping tasks []
[2025-02-13T23:02:55.328+0000] {taskinstance.py:340} INFO - ::group::Post task execution logs
[2025-02-13T23:02:55.329+0000] {taskinstance.py:352} INFO - Marking task as SUCCESS. dag_id=IMPORTATION_ECRITURE_COMPTABLES_ARTICLE_dag, task_id=check_directory, run_id=scheduled__2025-02-13T23:01:00+00:00, execution_date=20250213T230100, start_date=20250213T230255, end_date=20250213T230255
[2025-02-13T23:02:55.343+0000] {logging_mixin.py:190} INFO - Task instance in success state
[2025-02-13T23:02:55.343+0000] {logging_mixin.py:190} INFO -  Previous state of the Task instance: running
[2025-02-13T23:02:55.344+0000] {logging_mixin.py:190} INFO - Dag name:IMPORTATION_ECRITURE_COMPTABLES_ARTICLE_dag queued_at:2025-02-13 23:02:53.458682+00:00
[2025-02-13T23:02:55.344+0000] {logging_mixin.py:190} INFO - Task hostname:b6443be51f35 operator:BranchPythonOperator
[2025-02-13T23:02:55.382+0000] {local_task_job_runner.py:266} INFO - Task exited with return code 0
[2025-02-13T23:02:55.448+0000] {taskinstance.py:3895} INFO - 1 downstream tasks scheduled from follow-on schedule check
[2025-02-13T23:02:55.453+0000] {local_task_job_runner.py:245} INFO - ::endgroup::
