[2025-02-10T23:46:05.418+0000] {local_task_job_runner.py:123} INFO - ::group::Pre task execution logs
[2025-02-10T23:46:05.683+0000] {taskinstance.py:2613} INFO - Dependencies all met for dep_context=non-requeueable deps ti=<TaskInstance: IMPORTATION_ECRITURE_COMPTABLES_ARTICLE_dag.check_file_in_directory scheduled__2025-02-10T23:45:00+00:00 [queued]>
[2025-02-10T23:46:05.693+0000] {taskinstance.py:2613} INFO - Dependencies all met for dep_context=requeueable deps ti=<TaskInstance: IMPORTATION_ECRITURE_COMPTABLES_ARTICLE_dag.check_file_in_directory scheduled__2025-02-10T23:45:00+00:00 [queued]>
[2025-02-10T23:46:05.694+0000] {taskinstance.py:2866} INFO - Starting attempt 1 of 2
[2025-02-10T23:46:05.709+0000] {taskinstance.py:2889} INFO - Executing <Task(BranchPythonOperator): check_file_in_directory> on 2025-02-10 23:45:00+00:00
[2025-02-10T23:46:05.717+0000] {warnings.py:112} WARNING - /home/***/.local/lib/python3.12/site-packages/***/task/task_runner/standard_task_runner.py:70: DeprecationWarning: This process (pid=2445) is multi-threaded, use of fork() may lead to deadlocks in the child.
  pid = os.fork()

[2025-02-10T23:46:05.719+0000] {standard_task_runner.py:72} INFO - Started process 2447 to run task
[2025-02-10T23:46:05.720+0000] {standard_task_runner.py:104} INFO - Running: ['***', 'tasks', 'run', 'IMPORTATION_ECRITURE_COMPTABLES_ARTICLE_dag', 'check_file_in_directory', 'scheduled__2025-02-10T23:45:00+00:00', '--job-id', '1549', '--raw', '--subdir', 'DAGS_FOLDER/my_directory_and_file_checker.py', '--cfg-path', '/tmp/tmpv80ir72k']
[2025-02-10T23:46:05.722+0000] {standard_task_runner.py:105} INFO - Job 1549: Subtask check_file_in_directory
[2025-02-10T23:46:05.773+0000] {task_command.py:467} INFO - Running <TaskInstance: IMPORTATION_ECRITURE_COMPTABLES_ARTICLE_dag.check_file_in_directory scheduled__2025-02-10T23:45:00+00:00 [running]> on host b6443be51f35
[2025-02-10T23:46:05.878+0000] {taskinstance.py:3132} INFO - Exporting env vars: AIRFLOW_CTX_DAG_OWNER='***' AIRFLOW_CTX_DAG_ID='IMPORTATION_ECRITURE_COMPTABLES_ARTICLE_dag' AIRFLOW_CTX_TASK_ID='check_file_in_directory' AIRFLOW_CTX_EXECUTION_DATE='2025-02-10T23:45:00+00:00' AIRFLOW_CTX_TRY_NUMBER='1' AIRFLOW_CTX_DAG_RUN_ID='scheduled__2025-02-10T23:45:00+00:00'
[2025-02-10T23:46:05.881+0000] {logging_mixin.py:190} INFO - Task instance is in running state
[2025-02-10T23:46:05.881+0000] {logging_mixin.py:190} INFO -  Previous state of the Task instance: queued
[2025-02-10T23:46:05.882+0000] {logging_mixin.py:190} INFO - Current task name:check_file_in_directory state:running start_date:2025-02-10 23:46:05.683922+00:00
[2025-02-10T23:46:05.882+0000] {logging_mixin.py:190} INFO - Dag name:IMPORTATION_ECRITURE_COMPTABLES_ARTICLE_dag and current dag run status:running
[2025-02-10T23:46:05.882+0000] {taskinstance.py:731} INFO - ::endgroup::
[2025-02-10T23:46:05.883+0000] {baseoperator.py:421} WARNING - BranchPythonOperator.execute cannot be called outside TaskInstance!
[2025-02-10T23:46:05.884+0000] {logging_mixin.py:190} INFO - ca marche /opt/***/files/in ['.csv']
[2025-02-10T23:46:05.886+0000] {python.py:240} INFO - Done. Returned value was: verify_file_reliability
[2025-02-10T23:46:05.886+0000] {branch.py:38} INFO - Branch into verify_file_reliability
[2025-02-10T23:46:05.887+0000] {skipmixin.py:230} INFO - Following branch ('verify_file_reliability',)
[2025-02-10T23:46:05.902+0000] {skipmixin.py:278} INFO - Skipping tasks []
[2025-02-10T23:46:05.936+0000] {taskinstance.py:340} INFO - ::group::Post task execution logs
[2025-02-10T23:46:05.937+0000] {taskinstance.py:352} INFO - Marking task as SUCCESS. dag_id=IMPORTATION_ECRITURE_COMPTABLES_ARTICLE_dag, task_id=check_file_in_directory, run_id=scheduled__2025-02-10T23:45:00+00:00, execution_date=20250210T234500, start_date=20250210T234605, end_date=20250210T234605
[2025-02-10T23:46:05.948+0000] {logging_mixin.py:190} INFO - Task instance in success state
[2025-02-10T23:46:05.949+0000] {logging_mixin.py:190} INFO -  Previous state of the Task instance: running
[2025-02-10T23:46:05.949+0000] {logging_mixin.py:190} INFO - Dag name:IMPORTATION_ECRITURE_COMPTABLES_ARTICLE_dag queued_at:2025-02-10 23:46:00.390409+00:00
[2025-02-10T23:46:05.950+0000] {logging_mixin.py:190} INFO - Task hostname:b6443be51f35 operator:BranchPythonOperator
[2025-02-10T23:46:05.975+0000] {local_task_job_runner.py:266} INFO - Task exited with return code 0
[2025-02-10T23:46:06.021+0000] {taskinstance.py:3895} INFO - 1 downstream tasks scheduled from follow-on schedule check
[2025-02-10T23:46:06.023+0000] {local_task_job_runner.py:245} INFO - ::endgroup::
[2025-02-10T23:46:59.677+0000] {local_task_job_runner.py:123} INFO - ::group::Pre task execution logs
[2025-02-10T23:46:59.910+0000] {taskinstance.py:2613} INFO - Dependencies all met for dep_context=non-requeueable deps ti=<TaskInstance: IMPORTATION_ECRITURE_COMPTABLES_ARTICLE_dag.check_file_in_directory scheduled__2025-02-10T23:45:00+00:00 [queued]>
[2025-02-10T23:46:59.923+0000] {taskinstance.py:2613} INFO - Dependencies all met for dep_context=requeueable deps ti=<TaskInstance: IMPORTATION_ECRITURE_COMPTABLES_ARTICLE_dag.check_file_in_directory scheduled__2025-02-10T23:45:00+00:00 [queued]>
[2025-02-10T23:46:59.924+0000] {taskinstance.py:2866} INFO - Starting attempt 1 of 2
[2025-02-10T23:46:59.943+0000] {taskinstance.py:2889} INFO - Executing <Task(BranchPythonOperator): check_file_in_directory> on 2025-02-10 23:45:00+00:00
[2025-02-10T23:46:59.952+0000] {warnings.py:112} WARNING - /home/***/.local/lib/python3.12/site-packages/***/task/task_runner/standard_task_runner.py:70: DeprecationWarning: This process (pid=2476) is multi-threaded, use of fork() may lead to deadlocks in the child.
  pid = os.fork()

[2025-02-10T23:46:59.954+0000] {standard_task_runner.py:72} INFO - Started process 2478 to run task
[2025-02-10T23:46:59.954+0000] {standard_task_runner.py:104} INFO - Running: ['***', 'tasks', 'run', 'IMPORTATION_ECRITURE_COMPTABLES_ARTICLE_dag', 'check_file_in_directory', 'scheduled__2025-02-10T23:45:00+00:00', '--job-id', '1555', '--raw', '--subdir', 'DAGS_FOLDER/my_directory_and_file_checker.py', '--cfg-path', '/tmp/tmpi12czwdf']
[2025-02-10T23:46:59.955+0000] {standard_task_runner.py:105} INFO - Job 1555: Subtask check_file_in_directory
[2025-02-10T23:47:00.020+0000] {task_command.py:467} INFO - Running <TaskInstance: IMPORTATION_ECRITURE_COMPTABLES_ARTICLE_dag.check_file_in_directory scheduled__2025-02-10T23:45:00+00:00 [running]> on host b6443be51f35
[2025-02-10T23:47:00.121+0000] {taskinstance.py:3132} INFO - Exporting env vars: AIRFLOW_CTX_DAG_OWNER='***' AIRFLOW_CTX_DAG_ID='IMPORTATION_ECRITURE_COMPTABLES_ARTICLE_dag' AIRFLOW_CTX_TASK_ID='check_file_in_directory' AIRFLOW_CTX_EXECUTION_DATE='2025-02-10T23:45:00+00:00' AIRFLOW_CTX_TRY_NUMBER='1' AIRFLOW_CTX_DAG_RUN_ID='scheduled__2025-02-10T23:45:00+00:00'
[2025-02-10T23:47:00.123+0000] {logging_mixin.py:190} INFO - Task instance is in running state
[2025-02-10T23:47:00.123+0000] {logging_mixin.py:190} INFO -  Previous state of the Task instance: queued
[2025-02-10T23:47:00.124+0000] {logging_mixin.py:190} INFO - Current task name:check_file_in_directory state:running start_date:2025-02-10 23:46:59.911499+00:00
[2025-02-10T23:47:00.125+0000] {logging_mixin.py:190} INFO - Dag name:IMPORTATION_ECRITURE_COMPTABLES_ARTICLE_dag and current dag run status:running
[2025-02-10T23:47:00.126+0000] {taskinstance.py:731} INFO - ::endgroup::
[2025-02-10T23:47:00.126+0000] {baseoperator.py:421} WARNING - BranchPythonOperator.execute cannot be called outside TaskInstance!
[2025-02-10T23:47:00.127+0000] {logging_mixin.py:190} INFO - ca marche /opt/***/files/in ['.csv']
[2025-02-10T23:47:00.131+0000] {python.py:240} INFO - Done. Returned value was: verify_file_reliability
[2025-02-10T23:47:00.132+0000] {branch.py:38} INFO - Branch into verify_file_reliability
[2025-02-10T23:47:00.133+0000] {skipmixin.py:230} INFO - Following branch ('verify_file_reliability',)
[2025-02-10T23:47:00.150+0000] {skipmixin.py:278} INFO - Skipping tasks []
[2025-02-10T23:47:00.188+0000] {taskinstance.py:340} INFO - ::group::Post task execution logs
[2025-02-10T23:47:00.189+0000] {taskinstance.py:352} INFO - Marking task as SUCCESS. dag_id=IMPORTATION_ECRITURE_COMPTABLES_ARTICLE_dag, task_id=check_file_in_directory, run_id=scheduled__2025-02-10T23:45:00+00:00, execution_date=20250210T234500, start_date=20250210T234659, end_date=20250210T234700
[2025-02-10T23:47:00.204+0000] {logging_mixin.py:190} INFO - Task instance in success state
[2025-02-10T23:47:00.205+0000] {logging_mixin.py:190} INFO -  Previous state of the Task instance: running
[2025-02-10T23:47:00.206+0000] {logging_mixin.py:190} INFO - Dag name:IMPORTATION_ECRITURE_COMPTABLES_ARTICLE_dag queued_at:2025-02-10 23:46:53.412080+00:00
[2025-02-10T23:47:00.206+0000] {logging_mixin.py:190} INFO - Task hostname:b6443be51f35 operator:BranchPythonOperator
[2025-02-10T23:47:00.250+0000] {local_task_job_runner.py:266} INFO - Task exited with return code 0
[2025-02-10T23:47:00.288+0000] {taskinstance.py:3895} INFO - 1 downstream tasks scheduled from follow-on schedule check
[2025-02-10T23:47:00.291+0000] {local_task_job_runner.py:245} INFO - ::endgroup::
