[2025-02-11T09:39:01.853+0000] {local_task_job_runner.py:123} INFO - ::group::Pre task execution logs
[2025-02-11T09:39:02.145+0000] {taskinstance.py:2613} INFO - Dependencies all met for dep_context=non-requeueable deps ti=<TaskInstance: IMPORTATION_ECRITURE_COMPTABLES_ARTICLE_dag.check_directory scheduled__2025-02-11T09:38:00+00:00 [queued]>
[2025-02-11T09:39:02.153+0000] {taskinstance.py:2613} INFO - Dependencies all met for dep_context=requeueable deps ti=<TaskInstance: IMPORTATION_ECRITURE_COMPTABLES_ARTICLE_dag.check_directory scheduled__2025-02-11T09:38:00+00:00 [queued]>
[2025-02-11T09:39:02.153+0000] {taskinstance.py:2866} INFO - Starting attempt 1 of 2
[2025-02-11T09:39:02.167+0000] {taskinstance.py:2889} INFO - Executing <Task(BranchPythonOperator): check_directory> on 2025-02-11 09:38:00+00:00
[2025-02-11T09:39:02.174+0000] {warnings.py:112} WARNING - /home/***/.local/lib/python3.12/site-packages/***/task/task_runner/standard_task_runner.py:70: DeprecationWarning: This process (pid=5979) is multi-threaded, use of fork() may lead to deadlocks in the child.
  pid = os.fork()

[2025-02-11T09:39:02.176+0000] {standard_task_runner.py:72} INFO - Started process 5981 to run task
[2025-02-11T09:39:02.177+0000] {standard_task_runner.py:104} INFO - Running: ['***', 'tasks', 'run', 'IMPORTATION_ECRITURE_COMPTABLES_ARTICLE_dag', 'check_directory', 'scheduled__2025-02-11T09:38:00+00:00', '--job-id', '2034', '--raw', '--subdir', 'DAGS_FOLDER/my_directory_and_file_checker.py', '--cfg-path', '/tmp/tmp3q6zfgku']
[2025-02-11T09:39:02.178+0000] {standard_task_runner.py:105} INFO - Job 2034: Subtask check_directory
[2025-02-11T09:39:02.228+0000] {task_command.py:467} INFO - Running <TaskInstance: IMPORTATION_ECRITURE_COMPTABLES_ARTICLE_dag.check_directory scheduled__2025-02-11T09:38:00+00:00 [running]> on host b6443be51f35
[2025-02-11T09:39:02.318+0000] {taskinstance.py:3132} INFO - Exporting env vars: AIRFLOW_CTX_DAG_OWNER='***' AIRFLOW_CTX_DAG_ID='IMPORTATION_ECRITURE_COMPTABLES_ARTICLE_dag' AIRFLOW_CTX_TASK_ID='check_directory' AIRFLOW_CTX_EXECUTION_DATE='2025-02-11T09:38:00+00:00' AIRFLOW_CTX_TRY_NUMBER='1' AIRFLOW_CTX_DAG_RUN_ID='scheduled__2025-02-11T09:38:00+00:00'
[2025-02-11T09:39:02.320+0000] {logging_mixin.py:190} INFO - Task instance is in running state
[2025-02-11T09:39:02.320+0000] {logging_mixin.py:190} INFO -  Previous state of the Task instance: queued
[2025-02-11T09:39:02.321+0000] {logging_mixin.py:190} INFO - Current task name:check_directory state:running start_date:2025-02-11 09:39:02.145816+00:00
[2025-02-11T09:39:02.321+0000] {logging_mixin.py:190} INFO - Dag name:IMPORTATION_ECRITURE_COMPTABLES_ARTICLE_dag and current dag run status:running
[2025-02-11T09:39:02.321+0000] {taskinstance.py:731} INFO - ::endgroup::
[2025-02-11T09:39:02.322+0000] {baseoperator.py:421} WARNING - BranchPythonOperator.execute cannot be called outside TaskInstance!
[2025-02-11T09:39:02.323+0000] {python.py:240} INFO - Done. Returned value was: check_file_in_directory
[2025-02-11T09:39:02.323+0000] {branch.py:38} INFO - Branch into check_file_in_directory
[2025-02-11T09:39:02.324+0000] {skipmixin.py:230} INFO - Following branch ('check_file_in_directory',)
[2025-02-11T09:39:02.334+0000] {skipmixin.py:278} INFO - Skipping tasks []
[2025-02-11T09:39:02.361+0000] {taskinstance.py:340} INFO - ::group::Post task execution logs
[2025-02-11T09:39:02.362+0000] {taskinstance.py:352} INFO - Marking task as SUCCESS. dag_id=IMPORTATION_ECRITURE_COMPTABLES_ARTICLE_dag, task_id=check_directory, run_id=scheduled__2025-02-11T09:38:00+00:00, execution_date=20250211T093800, start_date=20250211T093902, end_date=20250211T093902
[2025-02-11T09:39:02.372+0000] {logging_mixin.py:190} INFO - Task instance in success state
[2025-02-11T09:39:02.373+0000] {logging_mixin.py:190} INFO -  Previous state of the Task instance: running
[2025-02-11T09:39:02.373+0000] {logging_mixin.py:190} INFO - Dag name:IMPORTATION_ECRITURE_COMPTABLES_ARTICLE_dag queued_at:2025-02-11 09:39:00.178486+00:00
[2025-02-11T09:39:02.374+0000] {logging_mixin.py:190} INFO - Task hostname:b6443be51f35 operator:BranchPythonOperator
[2025-02-11T09:39:02.391+0000] {local_task_job_runner.py:266} INFO - Task exited with return code 0
[2025-02-11T09:39:02.426+0000] {taskinstance.py:3895} INFO - 1 downstream tasks scheduled from follow-on schedule check
[2025-02-11T09:39:02.428+0000] {local_task_job_runner.py:245} INFO - ::endgroup::
[2025-02-11T09:39:34.343+0000] {local_task_job_runner.py:123} INFO - ::group::Pre task execution logs
[2025-02-11T09:39:34.636+0000] {taskinstance.py:2613} INFO - Dependencies all met for dep_context=non-requeueable deps ti=<TaskInstance: IMPORTATION_ECRITURE_COMPTABLES_ARTICLE_dag.check_directory scheduled__2025-02-11T09:38:00+00:00 [queued]>
[2025-02-11T09:39:34.655+0000] {taskinstance.py:2613} INFO - Dependencies all met for dep_context=requeueable deps ti=<TaskInstance: IMPORTATION_ECRITURE_COMPTABLES_ARTICLE_dag.check_directory scheduled__2025-02-11T09:38:00+00:00 [queued]>
[2025-02-11T09:39:34.656+0000] {taskinstance.py:2866} INFO - Starting attempt 1 of 2
[2025-02-11T09:39:34.686+0000] {taskinstance.py:2889} INFO - Executing <Task(BranchPythonOperator): check_directory> on 2025-02-11 09:38:00+00:00
[2025-02-11T09:39:34.701+0000] {warnings.py:112} WARNING - /home/***/.local/lib/python3.12/site-packages/***/task/task_runner/standard_task_runner.py:70: DeprecationWarning: This process (pid=6001) is multi-threaded, use of fork() may lead to deadlocks in the child.
  pid = os.fork()

[2025-02-11T09:39:34.705+0000] {standard_task_runner.py:72} INFO - Started process 6012 to run task
[2025-02-11T09:39:34.708+0000] {standard_task_runner.py:104} INFO - Running: ['***', 'tasks', 'run', 'IMPORTATION_ECRITURE_COMPTABLES_ARTICLE_dag', 'check_directory', 'scheduled__2025-02-11T09:38:00+00:00', '--job-id', '2040', '--raw', '--subdir', 'DAGS_FOLDER/my_directory_and_file_checker.py', '--cfg-path', '/tmp/tmpiatbhq30']
[2025-02-11T09:39:34.710+0000] {standard_task_runner.py:105} INFO - Job 2040: Subtask check_directory
[2025-02-11T09:39:34.810+0000] {task_command.py:467} INFO - Running <TaskInstance: IMPORTATION_ECRITURE_COMPTABLES_ARTICLE_dag.check_directory scheduled__2025-02-11T09:38:00+00:00 [running]> on host b6443be51f35
[2025-02-11T09:39:34.965+0000] {taskinstance.py:3132} INFO - Exporting env vars: AIRFLOW_CTX_DAG_OWNER='***' AIRFLOW_CTX_DAG_ID='IMPORTATION_ECRITURE_COMPTABLES_ARTICLE_dag' AIRFLOW_CTX_TASK_ID='check_directory' AIRFLOW_CTX_EXECUTION_DATE='2025-02-11T09:38:00+00:00' AIRFLOW_CTX_TRY_NUMBER='1' AIRFLOW_CTX_DAG_RUN_ID='scheduled__2025-02-11T09:38:00+00:00'
[2025-02-11T09:39:34.967+0000] {logging_mixin.py:190} INFO - Task instance is in running state
[2025-02-11T09:39:34.968+0000] {logging_mixin.py:190} INFO -  Previous state of the Task instance: queued
[2025-02-11T09:39:34.969+0000] {logging_mixin.py:190} INFO - Current task name:check_directory state:running start_date:2025-02-11 09:39:34.637431+00:00
[2025-02-11T09:39:34.969+0000] {logging_mixin.py:190} INFO - Dag name:IMPORTATION_ECRITURE_COMPTABLES_ARTICLE_dag and current dag run status:running
[2025-02-11T09:39:34.970+0000] {taskinstance.py:731} INFO - ::endgroup::
[2025-02-11T09:39:34.971+0000] {baseoperator.py:421} WARNING - BranchPythonOperator.execute cannot be called outside TaskInstance!
[2025-02-11T09:39:34.972+0000] {python.py:240} INFO - Done. Returned value was: check_file_in_directory
[2025-02-11T09:39:34.973+0000] {branch.py:38} INFO - Branch into check_file_in_directory
[2025-02-11T09:39:34.974+0000] {skipmixin.py:230} INFO - Following branch ('check_file_in_directory',)
[2025-02-11T09:39:34.995+0000] {skipmixin.py:278} INFO - Skipping tasks []
[2025-02-11T09:39:35.040+0000] {taskinstance.py:340} INFO - ::group::Post task execution logs
[2025-02-11T09:39:35.041+0000] {taskinstance.py:352} INFO - Marking task as SUCCESS. dag_id=IMPORTATION_ECRITURE_COMPTABLES_ARTICLE_dag, task_id=check_directory, run_id=scheduled__2025-02-11T09:38:00+00:00, execution_date=20250211T093800, start_date=20250211T093934, end_date=20250211T093935
[2025-02-11T09:39:35.056+0000] {logging_mixin.py:190} INFO - Task instance in success state
[2025-02-11T09:39:35.057+0000] {logging_mixin.py:190} INFO -  Previous state of the Task instance: running
[2025-02-11T09:39:35.058+0000] {logging_mixin.py:190} INFO - Dag name:IMPORTATION_ECRITURE_COMPTABLES_ARTICLE_dag queued_at:2025-02-11 09:39:31.349801+00:00
[2025-02-11T09:39:35.058+0000] {logging_mixin.py:190} INFO - Task hostname:b6443be51f35 operator:BranchPythonOperator
[2025-02-11T09:39:35.083+0000] {local_task_job_runner.py:266} INFO - Task exited with return code 0
[2025-02-11T09:39:35.148+0000] {taskinstance.py:3895} INFO - 1 downstream tasks scheduled from follow-on schedule check
[2025-02-11T09:39:35.151+0000] {local_task_job_runner.py:245} INFO - ::endgroup::
