[2025-02-10T23:42:02.428+0000] {local_task_job_runner.py:123} INFO - ::group::Pre task execution logs
[2025-02-10T23:42:02.556+0000] {taskinstance.py:2613} INFO - Dependencies all met for dep_context=non-requeueable deps ti=<TaskInstance: IMPORTATION_ECRITURE_COMPTABLES_ARTICLE_dag.check_directory scheduled__2025-02-10T23:41:00+00:00 [queued]>
[2025-02-10T23:42:02.566+0000] {taskinstance.py:2613} INFO - Dependencies all met for dep_context=requeueable deps ti=<TaskInstance: IMPORTATION_ECRITURE_COMPTABLES_ARTICLE_dag.check_directory scheduled__2025-02-10T23:41:00+00:00 [queued]>
[2025-02-10T23:42:02.567+0000] {taskinstance.py:2866} INFO - Starting attempt 1 of 2
[2025-02-10T23:42:02.581+0000] {taskinstance.py:2889} INFO - Executing <Task(BranchPythonOperator): check_directory> on 2025-02-10 23:41:00+00:00
[2025-02-10T23:42:02.589+0000] {warnings.py:112} WARNING - /home/***/.local/lib/python3.12/site-packages/***/task/task_runner/standard_task_runner.py:70: DeprecationWarning: This process (pid=2313) is multi-threaded, use of fork() may lead to deadlocks in the child.
  pid = os.fork()

[2025-02-10T23:42:02.591+0000] {standard_task_runner.py:72} INFO - Started process 2315 to run task
[2025-02-10T23:42:02.592+0000] {standard_task_runner.py:104} INFO - Running: ['***', 'tasks', 'run', 'IMPORTATION_ECRITURE_COMPTABLES_ARTICLE_dag', 'check_directory', 'scheduled__2025-02-10T23:41:00+00:00', '--job-id', '1530', '--raw', '--subdir', 'DAGS_FOLDER/my_directory_and_file_checker.py', '--cfg-path', '/tmp/tmpcc20ans4']
[2025-02-10T23:42:02.594+0000] {standard_task_runner.py:105} INFO - Job 1530: Subtask check_directory
[2025-02-10T23:42:02.651+0000] {task_command.py:467} INFO - Running <TaskInstance: IMPORTATION_ECRITURE_COMPTABLES_ARTICLE_dag.check_directory scheduled__2025-02-10T23:41:00+00:00 [running]> on host b6443be51f35
[2025-02-10T23:42:02.748+0000] {taskinstance.py:3132} INFO - Exporting env vars: AIRFLOW_CTX_DAG_OWNER='***' AIRFLOW_CTX_DAG_ID='IMPORTATION_ECRITURE_COMPTABLES_ARTICLE_dag' AIRFLOW_CTX_TASK_ID='check_directory' AIRFLOW_CTX_EXECUTION_DATE='2025-02-10T23:41:00+00:00' AIRFLOW_CTX_TRY_NUMBER='1' AIRFLOW_CTX_DAG_RUN_ID='scheduled__2025-02-10T23:41:00+00:00'
[2025-02-10T23:42:02.749+0000] {logging_mixin.py:190} INFO - Task instance is in running state
[2025-02-10T23:42:02.750+0000] {logging_mixin.py:190} INFO -  Previous state of the Task instance: queued
[2025-02-10T23:42:02.751+0000] {logging_mixin.py:190} INFO - Current task name:check_directory state:running start_date:2025-02-10 23:42:02.557820+00:00
[2025-02-10T23:42:02.751+0000] {logging_mixin.py:190} INFO - Dag name:IMPORTATION_ECRITURE_COMPTABLES_ARTICLE_dag and current dag run status:running
[2025-02-10T23:42:02.752+0000] {taskinstance.py:731} INFO - ::endgroup::
[2025-02-10T23:42:02.752+0000] {baseoperator.py:421} WARNING - BranchPythonOperator.execute cannot be called outside TaskInstance!
[2025-02-10T23:42:02.754+0000] {python.py:240} INFO - Done. Returned value was: check_file_in_directory
[2025-02-10T23:42:02.755+0000] {branch.py:38} INFO - Branch into check_file_in_directory
[2025-02-10T23:42:02.756+0000] {skipmixin.py:230} INFO - Following branch ('check_file_in_directory',)
[2025-02-10T23:42:02.771+0000] {skipmixin.py:278} INFO - Skipping tasks []
[2025-02-10T23:42:02.811+0000] {taskinstance.py:340} INFO - ::group::Post task execution logs
[2025-02-10T23:42:02.812+0000] {taskinstance.py:352} INFO - Marking task as SUCCESS. dag_id=IMPORTATION_ECRITURE_COMPTABLES_ARTICLE_dag, task_id=check_directory, run_id=scheduled__2025-02-10T23:41:00+00:00, execution_date=20250210T234100, start_date=20250210T234202, end_date=20250210T234202
[2025-02-10T23:42:02.824+0000] {logging_mixin.py:190} INFO - Task instance in success state
[2025-02-10T23:42:02.825+0000] {logging_mixin.py:190} INFO -  Previous state of the Task instance: running
[2025-02-10T23:42:02.826+0000] {logging_mixin.py:190} INFO - Dag name:IMPORTATION_ECRITURE_COMPTABLES_ARTICLE_dag queued_at:2025-02-10 23:42:00.314007+00:00
[2025-02-10T23:42:02.827+0000] {logging_mixin.py:190} INFO - Task hostname:b6443be51f35 operator:BranchPythonOperator
[2025-02-10T23:42:02.849+0000] {local_task_job_runner.py:266} INFO - Task exited with return code 0
[2025-02-10T23:42:02.888+0000] {taskinstance.py:3895} INFO - 1 downstream tasks scheduled from follow-on schedule check
[2025-02-10T23:42:02.891+0000] {local_task_job_runner.py:245} INFO - ::endgroup::
[2025-02-10T23:42:35.813+0000] {local_task_job_runner.py:123} INFO - ::group::Pre task execution logs
[2025-02-10T23:42:35.927+0000] {taskinstance.py:2613} INFO - Dependencies all met for dep_context=non-requeueable deps ti=<TaskInstance: IMPORTATION_ECRITURE_COMPTABLES_ARTICLE_dag.check_directory scheduled__2025-02-10T23:41:00+00:00 [queued]>
[2025-02-10T23:42:35.935+0000] {taskinstance.py:2613} INFO - Dependencies all met for dep_context=requeueable deps ti=<TaskInstance: IMPORTATION_ECRITURE_COMPTABLES_ARTICLE_dag.check_directory scheduled__2025-02-10T23:41:00+00:00 [queued]>
[2025-02-10T23:42:35.936+0000] {taskinstance.py:2866} INFO - Starting attempt 1 of 2
[2025-02-10T23:42:35.949+0000] {taskinstance.py:2889} INFO - Executing <Task(BranchPythonOperator): check_directory> on 2025-02-10 23:41:00+00:00
[2025-02-10T23:42:35.955+0000] {warnings.py:112} WARNING - /home/***/.local/lib/python3.12/site-packages/***/task/task_runner/standard_task_runner.py:70: DeprecationWarning: This process (pid=2345) is multi-threaded, use of fork() may lead to deadlocks in the child.
  pid = os.fork()

[2025-02-10T23:42:35.956+0000] {standard_task_runner.py:72} INFO - Started process 2347 to run task
[2025-02-10T23:42:35.957+0000] {standard_task_runner.py:104} INFO - Running: ['***', 'tasks', 'run', 'IMPORTATION_ECRITURE_COMPTABLES_ARTICLE_dag', 'check_directory', 'scheduled__2025-02-10T23:41:00+00:00', '--job-id', '1536', '--raw', '--subdir', 'DAGS_FOLDER/my_directory_and_file_checker.py', '--cfg-path', '/tmp/tmpg8es1tlk']
[2025-02-10T23:42:35.958+0000] {standard_task_runner.py:105} INFO - Job 1536: Subtask check_directory
[2025-02-10T23:42:36.021+0000] {task_command.py:467} INFO - Running <TaskInstance: IMPORTATION_ECRITURE_COMPTABLES_ARTICLE_dag.check_directory scheduled__2025-02-10T23:41:00+00:00 [running]> on host b6443be51f35
[2025-02-10T23:42:36.104+0000] {taskinstance.py:3132} INFO - Exporting env vars: AIRFLOW_CTX_DAG_OWNER='***' AIRFLOW_CTX_DAG_ID='IMPORTATION_ECRITURE_COMPTABLES_ARTICLE_dag' AIRFLOW_CTX_TASK_ID='check_directory' AIRFLOW_CTX_EXECUTION_DATE='2025-02-10T23:41:00+00:00' AIRFLOW_CTX_TRY_NUMBER='1' AIRFLOW_CTX_DAG_RUN_ID='scheduled__2025-02-10T23:41:00+00:00'
[2025-02-10T23:42:36.105+0000] {logging_mixin.py:190} INFO - Task instance is in running state
[2025-02-10T23:42:36.105+0000] {logging_mixin.py:190} INFO -  Previous state of the Task instance: queued
[2025-02-10T23:42:36.106+0000] {logging_mixin.py:190} INFO - Current task name:check_directory state:running start_date:2025-02-10 23:42:35.928705+00:00
[2025-02-10T23:42:36.106+0000] {logging_mixin.py:190} INFO - Dag name:IMPORTATION_ECRITURE_COMPTABLES_ARTICLE_dag and current dag run status:running
[2025-02-10T23:42:36.107+0000] {taskinstance.py:731} INFO - ::endgroup::
[2025-02-10T23:42:36.107+0000] {baseoperator.py:421} WARNING - BranchPythonOperator.execute cannot be called outside TaskInstance!
[2025-02-10T23:42:36.108+0000] {python.py:240} INFO - Done. Returned value was: check_file_in_directory
[2025-02-10T23:42:36.108+0000] {branch.py:38} INFO - Branch into check_file_in_directory
[2025-02-10T23:42:36.108+0000] {skipmixin.py:230} INFO - Following branch ('check_file_in_directory',)
[2025-02-10T23:42:36.121+0000] {skipmixin.py:278} INFO - Skipping tasks []
[2025-02-10T23:42:36.147+0000] {taskinstance.py:340} INFO - ::group::Post task execution logs
[2025-02-10T23:42:36.147+0000] {taskinstance.py:352} INFO - Marking task as SUCCESS. dag_id=IMPORTATION_ECRITURE_COMPTABLES_ARTICLE_dag, task_id=check_directory, run_id=scheduled__2025-02-10T23:41:00+00:00, execution_date=20250210T234100, start_date=20250210T234235, end_date=20250210T234236
[2025-02-10T23:42:36.155+0000] {logging_mixin.py:190} INFO - Task instance in success state
[2025-02-10T23:42:36.156+0000] {logging_mixin.py:190} INFO -  Previous state of the Task instance: running
[2025-02-10T23:42:36.156+0000] {logging_mixin.py:190} INFO - Dag name:IMPORTATION_ECRITURE_COMPTABLES_ARTICLE_dag queued_at:2025-02-10 23:42:34.369287+00:00
[2025-02-10T23:42:36.157+0000] {logging_mixin.py:190} INFO - Task hostname:b6443be51f35 operator:BranchPythonOperator
[2025-02-10T23:42:36.171+0000] {local_task_job_runner.py:266} INFO - Task exited with return code 0
[2025-02-10T23:42:36.199+0000] {taskinstance.py:3895} INFO - 1 downstream tasks scheduled from follow-on schedule check
[2025-02-10T23:42:36.201+0000] {local_task_job_runner.py:245} INFO - ::endgroup::
