[2025-02-09T09:53:44.218+0000] {local_task_job_runner.py:123} INFO - ::group::Pre task execution logs
[2025-02-09T09:53:44.246+0000] {taskinstance.py:2613} INFO - Dependencies all met for dep_context=non-requeueable deps ti=<TaskInstance: directory_and_file_verification_dag.verify_file_reliability manual__2025-02-09T09:53:35.449572+00:00 [queued]>
[2025-02-09T09:53:44.268+0000] {taskinstance.py:2613} INFO - Dependencies all met for dep_context=requeueable deps ti=<TaskInstance: directory_and_file_verification_dag.verify_file_reliability manual__2025-02-09T09:53:35.449572+00:00 [queued]>
[2025-02-09T09:53:44.269+0000] {taskinstance.py:2866} INFO - Starting attempt 1 of 1
[2025-02-09T09:53:44.297+0000] {taskinstance.py:2889} INFO - Executing <Task(BranchPythonOperator): verify_file_reliability> on 2025-02-09 09:53:35.449572+00:00
[2025-02-09T09:53:44.305+0000] {warnings.py:112} WARNING - /home/***/.local/lib/python3.12/site-packages/***/task/task_runner/standard_task_runner.py:70: DeprecationWarning: This process (pid=1547) is multi-threaded, use of fork() may lead to deadlocks in the child.
  pid = os.fork()

[2025-02-09T09:53:44.307+0000] {standard_task_runner.py:72} INFO - Started process 1549 to run task
[2025-02-09T09:53:44.309+0000] {standard_task_runner.py:104} INFO - Running: ['***', 'tasks', 'run', 'directory_and_file_verification_dag', 'verify_file_reliability', 'manual__2025-02-09T09:53:35.449572+00:00', '--job-id', '1437', '--raw', '--subdir', 'DAGS_FOLDER/my_directory_and_file_checker.py', '--cfg-path', '/tmp/tmpzc0lm16g']
[2025-02-09T09:53:44.310+0000] {standard_task_runner.py:105} INFO - Job 1437: Subtask verify_file_reliability
[2025-02-09T09:53:44.354+0000] {task_command.py:467} INFO - Running <TaskInstance: directory_and_file_verification_dag.verify_file_reliability manual__2025-02-09T09:53:35.449572+00:00 [running]> on host 003b7fbea265
[2025-02-09T09:53:44.646+0000] {taskinstance.py:3132} INFO - Exporting env vars: AIRFLOW_CTX_DAG_OWNER='***' AIRFLOW_CTX_DAG_ID='directory_and_file_verification_dag' AIRFLOW_CTX_TASK_ID='verify_file_reliability' AIRFLOW_CTX_EXECUTION_DATE='2025-02-09T09:53:35.449572+00:00' AIRFLOW_CTX_TRY_NUMBER='1' AIRFLOW_CTX_DAG_RUN_ID='manual__2025-02-09T09:53:35.449572+00:00'
[2025-02-09T09:53:44.647+0000] {logging_mixin.py:190} INFO - Task instance is in running state
[2025-02-09T09:53:44.648+0000] {logging_mixin.py:190} INFO -  Previous state of the Task instance: queued
[2025-02-09T09:53:44.649+0000] {logging_mixin.py:190} INFO - Current task name:verify_file_reliability state:running start_date:2025-02-09 09:53:44.247322+00:00
[2025-02-09T09:53:44.650+0000] {logging_mixin.py:190} INFO - Dag name:directory_and_file_verification_dag and current dag run status:running
[2025-02-09T09:53:44.651+0000] {taskinstance.py:731} INFO - ::endgroup::
[2025-02-09T09:53:44.652+0000] {baseoperator.py:421} WARNING - BranchPythonOperator.execute cannot be called outside TaskInstance!
[2025-02-09T09:53:44.653+0000] {logging_mixin.py:190} INFO - camarche22 /opt/***/files ['.csv'] ['utf-8', 'ISO-8859-1', 'Windows-1252']
[2025-02-09T09:53:44.665+0000] {my_directory_and_file_checker.py:98} ERROR - ❌ Erreur d'encodage (utf-8) pour Écritures.csv: 'utf-8' codec can't decode byte 0xb0 in position 1: invalid start byte
[2025-02-09T09:53:44.697+0000] {logging_mixin.py:190} INFO - 
📂 Contenu du fichier (ISO-8859-1): Écritures.csv
[2025-02-09T09:53:44.708+0000] {logging_mixin.py:190} INFO -   Date comptabilisation       N° lot Type écriture
0            31/12/2024  A-BNDK 2304    Production
1            31/12/2024  B-BNDK 2304    Production
2            31/12/2024  C-BNDK 2304    Production
3            31/12/2024  D-BNDK 2304    Production
4            31/12/2024  E-BNDK 2304    Production
[2025-02-09T09:53:45.932+0000] {logging_mixin.py:190} INFO - ✅Lignes  ('✅ Le fichier respecte les colonnes attendues et les types de données.', True) 9854
[2025-02-09T09:53:45.940+0000] {logging_mixin.py:190} INFO - merci
[2025-02-09T09:53:45.952+0000] {base.py:84} INFO - Retrieving connection 'mysql_conn'
[2025-02-09T09:53:45.968+0000] {logging_mixin.py:190} INFO - (('attendancedb',), ('caprostockdb',), ('information_schema',), ('mysql',), ('netvision_db',), ('performance_schema',), ('pointing_db',), ('posgpt_db',), ('pythondb',), ('sys',), ('testimportdb',))
[2025-02-09T09:53:46.014+0000] {logging_mixin.py:190} INFO - ⚠️ Données supprimées avant insertion.
[2025-02-09T09:53:46.741+0000] {sql.py:691} INFO - Loaded 1000 rows into temp_ecc so far
[2025-02-09T09:53:47.403+0000] {sql.py:691} INFO - Loaded 2000 rows into temp_ecc so far
[2025-02-09T09:53:48.117+0000] {sql.py:691} INFO - Loaded 3000 rows into temp_ecc so far
[2025-02-09T09:53:48.922+0000] {sql.py:691} INFO - Loaded 4000 rows into temp_ecc so far
[2025-02-09T09:53:49.636+0000] {sql.py:691} INFO - Loaded 5000 rows into temp_ecc so far
[2025-02-09T09:53:50.298+0000] {sql.py:691} INFO - Loaded 6000 rows into temp_ecc so far
[2025-02-09T09:53:50.982+0000] {sql.py:691} INFO - Loaded 7000 rows into temp_ecc so far
[2025-02-09T09:53:51.619+0000] {sql.py:691} INFO - Loaded 8000 rows into temp_ecc so far
[2025-02-09T09:53:52.282+0000] {sql.py:691} INFO - Loaded 9000 rows into temp_ecc so far
[2025-02-09T09:53:52.825+0000] {sql.py:694} INFO - Done loading. Loaded a total of 9854 rows into temp_ecc
[2025-02-09T09:53:52.827+0000] {logging_mixin.py:190} INFO - connexion sql reussie True
[2025-02-09T09:53:52.828+0000] {python.py:240} INFO - Done. Returned value was: end
[2025-02-09T09:53:52.829+0000] {branch.py:38} INFO - Branch into end
[2025-02-09T09:53:52.830+0000] {skipmixin.py:230} INFO - Following branch ('end',)
[2025-02-09T09:53:52.840+0000] {skipmixin.py:278} INFO - Skipping tasks []
[2025-02-09T09:53:52.868+0000] {taskinstance.py:340} INFO - ::group::Post task execution logs
[2025-02-09T09:53:52.869+0000] {taskinstance.py:352} INFO - Marking task as SUCCESS. dag_id=directory_and_file_verification_dag, task_id=verify_file_reliability, run_id=manual__2025-02-09T09:53:35.449572+00:00, execution_date=20250209T095335, start_date=20250209T095344, end_date=20250209T095352
[2025-02-09T09:53:52.881+0000] {logging_mixin.py:190} INFO - Task instance in success state
[2025-02-09T09:53:52.881+0000] {logging_mixin.py:190} INFO -  Previous state of the Task instance: running
[2025-02-09T09:53:52.882+0000] {logging_mixin.py:190} INFO - Dag name:directory_and_file_verification_dag queued_at:2025-02-09 09:53:35.463800+00:00
[2025-02-09T09:53:52.882+0000] {logging_mixin.py:190} INFO - Task hostname:003b7fbea265 operator:BranchPythonOperator
[2025-02-09T09:53:52.914+0000] {local_task_job_runner.py:266} INFO - Task exited with return code 0
[2025-02-09T09:53:52.940+0000] {taskinstance.py:3895} INFO - 0 downstream tasks scheduled from follow-on schedule check
[2025-02-09T09:53:52.944+0000] {local_task_job_runner.py:245} INFO - ::endgroup::
