[2025-02-07T22:30:49.144+0000] {local_task_job_runner.py:123} INFO - ::group::Pre task execution logs
[2025-02-07T22:30:49.564+0000] {taskinstance.py:2613} INFO - Dependencies all met for dep_context=non-requeueable deps ti=<TaskInstance: directory_and_file_verification_dag.verify_file_reliability scheduled__2025-02-07T01:04:00+00:00 [queued]>
[2025-02-07T22:30:49.604+0000] {taskinstance.py:2613} INFO - Dependencies all met for dep_context=requeueable deps ti=<TaskInstance: directory_and_file_verification_dag.verify_file_reliability scheduled__2025-02-07T01:04:00+00:00 [queued]>
[2025-02-07T22:30:49.607+0000] {taskinstance.py:2866} INFO - Starting attempt 1 of 1
[2025-02-07T22:30:49.662+0000] {taskinstance.py:2889} INFO - Executing <Task(BranchPythonOperator): verify_file_reliability> on 2025-02-07 01:04:00+00:00
[2025-02-07T22:30:49.724+0000] {warnings.py:112} WARNING - /home/***/.local/lib/python3.12/site-packages/***/task/task_runner/standard_task_runner.py:70: DeprecationWarning: This process (pid=19437) is multi-threaded, use of fork() may lead to deadlocks in the child.
  pid = os.fork()

[2025-02-07T22:30:49.735+0000] {standard_task_runner.py:72} INFO - Started process 19449 to run task
[2025-02-07T22:30:49.746+0000] {standard_task_runner.py:104} INFO - Running: ['***', 'tasks', 'run', 'directory_and_file_verification_dag', 'verify_file_reliability', 'scheduled__2025-02-07T01:04:00+00:00', '--job-id', '935', '--raw', '--subdir', 'DAGS_FOLDER/my_directory_and_file_checker.py', '--cfg-path', '/tmp/tmpsp7yk_30']
[2025-02-07T22:30:49.753+0000] {standard_task_runner.py:105} INFO - Job 935: Subtask verify_file_reliability
[2025-02-07T22:30:49.995+0000] {task_command.py:467} INFO - Running <TaskInstance: directory_and_file_verification_dag.verify_file_reliability scheduled__2025-02-07T01:04:00+00:00 [running]> on host 003b7fbea265
[2025-02-07T22:30:50.368+0000] {taskinstance.py:3132} INFO - Exporting env vars: AIRFLOW_CTX_DAG_OWNER='***' AIRFLOW_CTX_DAG_ID='directory_and_file_verification_dag' AIRFLOW_CTX_TASK_ID='verify_file_reliability' AIRFLOW_CTX_EXECUTION_DATE='2025-02-07T01:04:00+00:00' AIRFLOW_CTX_TRY_NUMBER='1' AIRFLOW_CTX_DAG_RUN_ID='scheduled__2025-02-07T01:04:00+00:00'
[2025-02-07T22:30:50.371+0000] {logging_mixin.py:190} INFO - Task instance is in running state
[2025-02-07T22:30:50.373+0000] {logging_mixin.py:190} INFO -  Previous state of the Task instance: queued
[2025-02-07T22:30:50.373+0000] {logging_mixin.py:190} INFO - Current task name:verify_file_reliability state:running start_date:2025-02-07 22:30:49.566133+00:00
[2025-02-07T22:30:50.375+0000] {logging_mixin.py:190} INFO - Dag name:directory_and_file_verification_dag and current dag run status:running
[2025-02-07T22:30:50.376+0000] {taskinstance.py:731} INFO - ::endgroup::
[2025-02-07T22:30:50.383+0000] {baseoperator.py:421} WARNING - BranchPythonOperator.execute cannot be called outside TaskInstance!
[2025-02-07T22:30:50.468+0000] {my_directory_and_file_checker.py:118} ERROR - ❌ Erreur d'encodage (utf-8) pour Écritures.csv: 'utf-8' codec can't decode byte 0xb0 in position 1: invalid start byte
[2025-02-07T22:30:50.530+0000] {logging_mixin.py:190} INFO - 
📂 Contenu du fichier (ISO-8859-1): Écritures.csv
[2025-02-07T22:30:50.556+0000] {logging_mixin.py:190} INFO -   Date comptabilisation       N° lot Type écriture
0            31/12/2024  A-BNDK 2304    Production
1            31/12/2024  B-BNDK 2304    Production
2            31/12/2024  C-BNDK 2304    Production
3            31/12/2024  D-BNDK 2304    Production
4            31/12/2024  E-BNDK 2304    Production
[2025-02-07T22:30:50.578+0000] {logging_mixin.py:190} INFO - borisPanda3 <class 'pandas.core.frame.DataFrame'>   Accounting_Date   Lot_Number Type_ecriture
0      31/12/2024  A-BNDK 2304    Production
1      31/12/2024  B-BNDK 2304    Production
2      31/12/2024  C-BNDK 2304    Production
3      31/12/2024  D-BNDK 2304    Production
4      31/12/2024  E-BNDK 2304    Production
[2025-02-07T22:35:03.127+0000] {logging_mixin.py:190} INFO - ✅Lignes  ('✅ Le fichier respecte les colonnes attendues et les types de données.', True) 9854
[2025-02-07T22:35:03.141+0000] {logging_mixin.py:190} INFO - merci
[2025-02-07T22:35:03.232+0000] {base.py:84} INFO - Retrieving connection 'mysql_conn'
[2025-02-07T22:35:03.293+0000] {logging_mixin.py:190} INFO - (('attendancedb',), ('caprostockdb',), ('information_schema',), ('mysql',), ('netvision_db',), ('performance_schema',), ('pointing_db',), ('posgpt_db',), ('pythondb',), ('sys',), ('testimportdb',))
[2025-02-07T22:35:03.427+0000] {logging_mixin.py:190} INFO - ⚠️ Données supprimées avant insertion.
[2025-02-07T22:35:04.828+0000] {sql.py:691} INFO - Loaded 1000 rows into temp_ecc so far
[2025-02-07T22:35:06.259+0000] {sql.py:691} INFO - Loaded 2000 rows into temp_ecc so far
[2025-02-07T22:35:08.305+0000] {sql.py:691} INFO - Loaded 3000 rows into temp_ecc so far
[2025-02-07T22:35:09.963+0000] {sql.py:691} INFO - Loaded 4000 rows into temp_ecc so far
[2025-02-07T22:35:10.799+0000] {sql.py:691} INFO - Loaded 5000 rows into temp_ecc so far
[2025-02-07T22:35:11.697+0000] {sql.py:691} INFO - Loaded 6000 rows into temp_ecc so far
[2025-02-07T22:35:12.548+0000] {sql.py:691} INFO - Loaded 7000 rows into temp_ecc so far
[2025-02-07T22:35:13.342+0000] {sql.py:691} INFO - Loaded 8000 rows into temp_ecc so far
[2025-02-07T22:35:14.239+0000] {sql.py:691} INFO - Loaded 9000 rows into temp_ecc so far
[2025-02-07T22:35:14.915+0000] {sql.py:694} INFO - Done loading. Loaded a total of 9854 rows into temp_ecc
[2025-02-07T22:35:14.918+0000] {logging_mixin.py:190} INFO - connexion sql reussie True
[2025-02-07T22:35:14.938+0000] {logging_mixin.py:190} INFO - Afficher   Accounting_Date   Lot_Number Type_ecriture
0      2024-12-31  A-BNDK 2304    Production
1      2024-12-31  B-BNDK 2304    Production
2      2024-12-31  C-BNDK 2304    Production
3      2024-12-31  D-BNDK 2304    Production
4      2024-12-31  E-BNDK 2304    Production
[2025-02-07T22:35:14.941+0000] {python.py:240} INFO - Done. Returned value was: end
[2025-02-07T22:35:14.942+0000] {branch.py:38} INFO - Branch into end
[2025-02-07T22:35:14.947+0000] {skipmixin.py:230} INFO - Following branch ('end',)
[2025-02-07T22:35:14.967+0000] {skipmixin.py:278} INFO - Skipping tasks []
[2025-02-07T22:35:15.046+0000] {taskinstance.py:340} INFO - ::group::Post task execution logs
[2025-02-07T22:35:15.049+0000] {taskinstance.py:352} INFO - Marking task as SUCCESS. dag_id=directory_and_file_verification_dag, task_id=verify_file_reliability, run_id=scheduled__2025-02-07T01:04:00+00:00, execution_date=20250207T010400, start_date=20250207T223049, end_date=20250207T223515
[2025-02-07T22:35:15.076+0000] {logging_mixin.py:190} INFO - Task instance in success state
[2025-02-07T22:35:15.077+0000] {logging_mixin.py:190} INFO -  Previous state of the Task instance: running
[2025-02-07T22:35:15.078+0000] {logging_mixin.py:190} INFO - Dag name:directory_and_file_verification_dag queued_at:2025-02-07 22:30:17.263994+00:00
[2025-02-07T22:35:15.078+0000] {logging_mixin.py:190} INFO - Task hostname:003b7fbea265 operator:BranchPythonOperator
[2025-02-07T22:35:15.131+0000] {local_task_job_runner.py:266} INFO - Task exited with return code 0
[2025-02-07T22:35:15.185+0000] {taskinstance.py:3895} INFO - 0 downstream tasks scheduled from follow-on schedule check
[2025-02-07T22:35:15.188+0000] {local_task_job_runner.py:245} INFO - ::endgroup::
