[2025-02-07T23:00:04.432+0000] {local_task_job_runner.py:123} INFO - ::group::Pre task execution logs
[2025-02-07T23:00:04.458+0000] {taskinstance.py:2613} INFO - Dependencies all met for dep_context=non-requeueable deps ti=<TaskInstance: directory_and_file_verification_dag.check_file_in_directory scheduled__2025-02-07T22:00:00+00:00 [queued]>
[2025-02-07T23:00:04.471+0000] {taskinstance.py:2613} INFO - Dependencies all met for dep_context=requeueable deps ti=<TaskInstance: directory_and_file_verification_dag.check_file_in_directory scheduled__2025-02-07T22:00:00+00:00 [queued]>
[2025-02-07T23:00:04.471+0000] {taskinstance.py:2866} INFO - Starting attempt 1 of 1
[2025-02-07T23:00:04.488+0000] {taskinstance.py:2889} INFO - Executing <Task(BranchPythonOperator): check_file_in_directory> on 2025-02-07 22:00:00+00:00
[2025-02-07T23:00:04.498+0000] {standard_task_runner.py:104} INFO - Running: ['***', 'tasks', 'run', 'directory_and_file_verification_dag', 'check_file_in_directory', 'scheduled__2025-02-07T22:00:00+00:00', '--job-id', '1132', '--raw', '--subdir', 'DAGS_FOLDER/my_directory_and_file_checker.py', '--cfg-path', '/tmp/tmpy4t3imev']
[2025-02-07T23:00:04.495+0000] {warnings.py:112} WARNING - /home/***/.local/lib/python3.12/site-packages/***/task/task_runner/standard_task_runner.py:70: DeprecationWarning: This process (pid=20601) is multi-threaded, use of fork() may lead to deadlocks in the child.
  pid = os.fork()

[2025-02-07T23:00:04.500+0000] {standard_task_runner.py:105} INFO - Job 1132: Subtask check_file_in_directory
[2025-02-07T23:00:04.503+0000] {standard_task_runner.py:72} INFO - Started process 20603 to run task
[2025-02-07T23:00:04.545+0000] {task_command.py:467} INFO - Running <TaskInstance: directory_and_file_verification_dag.check_file_in_directory scheduled__2025-02-07T22:00:00+00:00 [running]> on host 003b7fbea265
[2025-02-07T23:00:04.769+0000] {taskinstance.py:3132} INFO - Exporting env vars: AIRFLOW_CTX_DAG_OWNER='***' AIRFLOW_CTX_DAG_ID='directory_and_file_verification_dag' AIRFLOW_CTX_TASK_ID='check_file_in_directory' AIRFLOW_CTX_EXECUTION_DATE='2025-02-07T22:00:00+00:00' AIRFLOW_CTX_TRY_NUMBER='1' AIRFLOW_CTX_DAG_RUN_ID='scheduled__2025-02-07T22:00:00+00:00'
[2025-02-07T23:00:04.770+0000] {logging_mixin.py:190} INFO - Task instance is in running state
[2025-02-07T23:00:04.770+0000] {logging_mixin.py:190} INFO -  Previous state of the Task instance: queued
[2025-02-07T23:00:04.771+0000] {logging_mixin.py:190} INFO - Current task name:check_file_in_directory state:running start_date:2025-02-07 23:00:04.459408+00:00
[2025-02-07T23:00:04.771+0000] {logging_mixin.py:190} INFO - Dag name:directory_and_file_verification_dag and current dag run status:running
[2025-02-07T23:00:04.772+0000] {taskinstance.py:731} INFO - ::endgroup::
[2025-02-07T23:00:04.772+0000] {baseoperator.py:421} WARNING - BranchPythonOperator.execute cannot be called outside TaskInstance!
[2025-02-07T23:00:04.773+0000] {python.py:240} INFO - Done. Returned value was: end
[2025-02-07T23:00:04.774+0000] {branch.py:38} INFO - Branch into end
[2025-02-07T23:00:04.774+0000] {skipmixin.py:230} INFO - Following branch ('end',)
[2025-02-07T23:00:04.782+0000] {skipmixin.py:278} INFO - Skipping tasks [('verify_file_reliability', -1)]
[2025-02-07T23:00:04.810+0000] {taskinstance.py:340} INFO - ::group::Post task execution logs
[2025-02-07T23:00:04.811+0000] {taskinstance.py:352} INFO - Marking task as SUCCESS. dag_id=directory_and_file_verification_dag, task_id=check_file_in_directory, run_id=scheduled__2025-02-07T22:00:00+00:00, execution_date=20250207T220000, start_date=20250207T230004, end_date=20250207T230004
[2025-02-07T23:00:04.820+0000] {logging_mixin.py:190} INFO - Task instance in success state
[2025-02-07T23:00:04.821+0000] {logging_mixin.py:190} INFO -  Previous state of the Task instance: running
[2025-02-07T23:00:04.821+0000] {logging_mixin.py:190} INFO - Dag name:directory_and_file_verification_dag queued_at:2025-02-07 23:00:00.790318+00:00
[2025-02-07T23:00:04.822+0000] {logging_mixin.py:190} INFO - Task hostname:003b7fbea265 operator:BranchPythonOperator
[2025-02-07T23:00:04.839+0000] {local_task_job_runner.py:266} INFO - Task exited with return code 0
[2025-02-07T23:00:04.864+0000] {taskinstance.py:3895} INFO - 0 downstream tasks scheduled from follow-on schedule check
[2025-02-07T23:00:04.870+0000] {local_task_job_runner.py:245} INFO - ::endgroup::
[2025-02-07T23:12:28.290+0000] {local_task_job_runner.py:123} INFO - ::group::Pre task execution logs
[2025-02-07T23:12:28.996+0000] {taskinstance.py:2613} INFO - Dependencies all met for dep_context=non-requeueable deps ti=<TaskInstance: directory_and_file_verification_dag.check_file_in_directory scheduled__2025-02-07T22:00:00+00:00 [queued]>
[2025-02-07T23:12:29.028+0000] {taskinstance.py:2613} INFO - Dependencies all met for dep_context=requeueable deps ti=<TaskInstance: directory_and_file_verification_dag.check_file_in_directory scheduled__2025-02-07T22:00:00+00:00 [queued]>
[2025-02-07T23:12:29.030+0000] {taskinstance.py:2866} INFO - Starting attempt 1 of 1
[2025-02-07T23:12:29.079+0000] {taskinstance.py:2889} INFO - Executing <Task(BranchPythonOperator): check_file_in_directory> on 2025-02-07 22:00:00+00:00
[2025-02-07T23:12:29.097+0000] {warnings.py:112} WARNING - /home/***/.local/lib/python3.12/site-packages/***/task/task_runner/standard_task_runner.py:70: DeprecationWarning: This process (pid=20937) is multi-threaded, use of fork() may lead to deadlocks in the child.
  pid = os.fork()

[2025-02-07T23:12:29.108+0000] {standard_task_runner.py:72} INFO - Started process 20951 to run task
[2025-02-07T23:12:29.103+0000] {standard_task_runner.py:104} INFO - Running: ['***', 'tasks', 'run', 'directory_and_file_verification_dag', 'check_file_in_directory', 'scheduled__2025-02-07T22:00:00+00:00', '--job-id', '1180', '--raw', '--subdir', 'DAGS_FOLDER/my_directory_and_file_checker.py', '--cfg-path', '/tmp/tmpmpo_op0q']
[2025-02-07T23:12:29.138+0000] {standard_task_runner.py:105} INFO - Job 1180: Subtask check_file_in_directory
[2025-02-07T23:12:29.284+0000] {task_command.py:467} INFO - Running <TaskInstance: directory_and_file_verification_dag.check_file_in_directory scheduled__2025-02-07T22:00:00+00:00 [running]> on host 003b7fbea265
[2025-02-07T23:12:29.585+0000] {taskinstance.py:3132} INFO - Exporting env vars: AIRFLOW_CTX_DAG_OWNER='***' AIRFLOW_CTX_DAG_ID='directory_and_file_verification_dag' AIRFLOW_CTX_TASK_ID='check_file_in_directory' AIRFLOW_CTX_EXECUTION_DATE='2025-02-07T22:00:00+00:00' AIRFLOW_CTX_TRY_NUMBER='1' AIRFLOW_CTX_DAG_RUN_ID='scheduled__2025-02-07T22:00:00+00:00'
[2025-02-07T23:12:29.588+0000] {logging_mixin.py:190} INFO - Task instance is in running state
[2025-02-07T23:12:29.588+0000] {logging_mixin.py:190} INFO -  Previous state of the Task instance: queued
[2025-02-07T23:12:29.593+0000] {logging_mixin.py:190} INFO - Current task name:check_file_in_directory state:running start_date:2025-02-07 23:12:28.998526+00:00
[2025-02-07T23:12:29.594+0000] {logging_mixin.py:190} INFO - Dag name:directory_and_file_verification_dag and current dag run status:running
[2025-02-07T23:12:29.595+0000] {taskinstance.py:731} INFO - ::endgroup::
[2025-02-07T23:12:29.598+0000] {baseoperator.py:421} WARNING - BranchPythonOperator.execute cannot be called outside TaskInstance!
[2025-02-07T23:12:29.602+0000] {python.py:240} INFO - Done. Returned value was: end
[2025-02-07T23:12:29.603+0000] {branch.py:38} INFO - Branch into end
[2025-02-07T23:12:29.604+0000] {skipmixin.py:230} INFO - Following branch ('end',)
[2025-02-07T23:12:29.629+0000] {skipmixin.py:278} INFO - Skipping tasks [('verify_file_reliability', -1)]
[2025-02-07T23:12:29.703+0000] {taskinstance.py:340} INFO - ::group::Post task execution logs
[2025-02-07T23:12:29.705+0000] {taskinstance.py:352} INFO - Marking task as SUCCESS. dag_id=directory_and_file_verification_dag, task_id=check_file_in_directory, run_id=scheduled__2025-02-07T22:00:00+00:00, execution_date=20250207T220000, start_date=20250207T231228, end_date=20250207T231229
[2025-02-07T23:12:29.755+0000] {logging_mixin.py:190} INFO - Task instance in success state
[2025-02-07T23:12:29.759+0000] {logging_mixin.py:190} INFO -  Previous state of the Task instance: running
[2025-02-07T23:12:29.761+0000] {logging_mixin.py:190} INFO - Dag name:directory_and_file_verification_dag queued_at:2025-02-07 23:12:09.405909+00:00
[2025-02-07T23:12:29.762+0000] {logging_mixin.py:190} INFO - Task hostname:003b7fbea265 operator:BranchPythonOperator
[2025-02-07T23:12:29.795+0000] {local_task_job_runner.py:266} INFO - Task exited with return code 0
[2025-02-07T23:12:29.874+0000] {taskinstance.py:3895} INFO - 0 downstream tasks scheduled from follow-on schedule check
[2025-02-07T23:12:29.882+0000] {local_task_job_runner.py:245} INFO - ::endgroup::
