[2025-02-06T23:05:27.772+0000] {local_task_job_runner.py:123} INFO - ::group::Pre task execution logs
[2025-02-06T23:05:27.788+0000] {taskinstance.py:2613} INFO - Dependencies all met for dep_context=non-requeueable deps ti=<TaskInstance: directory_and_file_verification_dag.check_directory manual__2025-02-06T23:05:25.703893+00:00 [queued]>
[2025-02-06T23:05:27.799+0000] {taskinstance.py:2613} INFO - Dependencies all met for dep_context=requeueable deps ti=<TaskInstance: directory_and_file_verification_dag.check_directory manual__2025-02-06T23:05:25.703893+00:00 [queued]>
[2025-02-06T23:05:27.800+0000] {taskinstance.py:2866} INFO - Starting attempt 1 of 1
[2025-02-06T23:05:27.814+0000] {taskinstance.py:2889} INFO - Executing <Task(BranchPythonOperator): check_directory> on 2025-02-06 23:05:25.703893+00:00
[2025-02-06T23:05:27.820+0000] {warnings.py:112} WARNING - /home/***/.local/lib/python3.12/site-packages/***/task/task_runner/standard_task_runner.py:70: DeprecationWarning: This process (pid=8826) is multi-threaded, use of fork() may lead to deadlocks in the child.
  pid = os.fork()

[2025-02-06T23:05:27.821+0000] {standard_task_runner.py:72} INFO - Started process 8828 to run task
[2025-02-06T23:05:27.821+0000] {standard_task_runner.py:104} INFO - Running: ['***', 'tasks', 'run', 'directory_and_file_verification_dag', 'check_directory', 'manual__2025-02-06T23:05:25.703893+00:00', '--job-id', '725', '--raw', '--subdir', 'DAGS_FOLDER/my_directory_and_file_checker.py', '--cfg-path', '/tmp/tmpzvqvq9pm']
[2025-02-06T23:05:27.822+0000] {standard_task_runner.py:105} INFO - Job 725: Subtask check_directory
[2025-02-06T23:05:27.866+0000] {task_command.py:467} INFO - Running <TaskInstance: directory_and_file_verification_dag.check_directory manual__2025-02-06T23:05:25.703893+00:00 [running]> on host 003b7fbea265
[2025-02-06T23:05:28.104+0000] {taskinstance.py:3132} INFO - Exporting env vars: AIRFLOW_CTX_DAG_OWNER='***' AIRFLOW_CTX_DAG_ID='directory_and_file_verification_dag' AIRFLOW_CTX_TASK_ID='check_directory' AIRFLOW_CTX_EXECUTION_DATE='2025-02-06T23:05:25.703893+00:00' AIRFLOW_CTX_TRY_NUMBER='1' AIRFLOW_CTX_DAG_RUN_ID='manual__2025-02-06T23:05:25.703893+00:00'
[2025-02-06T23:05:28.105+0000] {logging_mixin.py:190} INFO - Task instance is in running state
[2025-02-06T23:05:28.105+0000] {logging_mixin.py:190} INFO -  Previous state of the Task instance: queued
[2025-02-06T23:05:28.106+0000] {logging_mixin.py:190} INFO - Current task name:check_directory state:running start_date:2025-02-06 23:05:27.789657+00:00
[2025-02-06T23:05:28.106+0000] {logging_mixin.py:190} INFO - Dag name:directory_and_file_verification_dag and current dag run status:running
[2025-02-06T23:05:28.107+0000] {taskinstance.py:731} INFO - ::endgroup::
[2025-02-06T23:05:28.107+0000] {baseoperator.py:421} WARNING - BranchPythonOperator.execute cannot be called outside TaskInstance!
[2025-02-06T23:05:28.109+0000] {logging_mixin.py:190} INFO - borusss ['error_date_execution.txt', 'statu_date_execution.txt', 'succes_date_execution.txt', 'test', 'Écritures comptables article.csv.bak', 'Écritures.csv', 'Écritures.csv.bak']
[2025-02-06T23:05:28.110+0000] {python.py:240} INFO - Done. Returned value was: check_file_in_directory
[2025-02-06T23:05:28.111+0000] {branch.py:38} INFO - Branch into check_file_in_directory
[2025-02-06T23:05:28.112+0000] {skipmixin.py:230} INFO - Following branch ('check_file_in_directory',)
[2025-02-06T23:05:28.123+0000] {skipmixin.py:278} INFO - Skipping tasks []
[2025-02-06T23:05:28.150+0000] {taskinstance.py:340} INFO - ::group::Post task execution logs
[2025-02-06T23:05:28.151+0000] {taskinstance.py:352} INFO - Marking task as SUCCESS. dag_id=directory_and_file_verification_dag, task_id=check_directory, run_id=manual__2025-02-06T23:05:25.703893+00:00, execution_date=20250206T230525, start_date=20250206T230527, end_date=20250206T230528
[2025-02-06T23:05:28.160+0000] {logging_mixin.py:190} INFO - Task instance in success state
[2025-02-06T23:05:28.161+0000] {logging_mixin.py:190} INFO -  Previous state of the Task instance: running
[2025-02-06T23:05:28.162+0000] {logging_mixin.py:190} INFO - Dag name:directory_and_file_verification_dag queued_at:2025-02-06 23:05:25.727008+00:00
[2025-02-06T23:05:28.163+0000] {logging_mixin.py:190} INFO - Task hostname:003b7fbea265 operator:BranchPythonOperator
[2025-02-06T23:05:28.197+0000] {local_task_job_runner.py:266} INFO - Task exited with return code 0
[2025-02-06T23:05:28.224+0000] {taskinstance.py:3895} INFO - 1 downstream tasks scheduled from follow-on schedule check
[2025-02-06T23:05:28.226+0000] {local_task_job_runner.py:245} INFO - ::endgroup::
