[2025-02-14T12:34:02.893+0000] {local_task_job_runner.py:123} INFO - ::group::Pre task execution logs
[2025-02-14T12:34:03.080+0000] {taskinstance.py:2613} INFO - Dependencies all met for dep_context=non-requeueable deps ti=<TaskInstance: IMPORTATION_ECRITURE_COMPTABLES_ARTICLE_dag.check_directory scheduled__2025-02-14T12:33:00+00:00 [queued]>
[2025-02-14T12:34:03.090+0000] {taskinstance.py:2613} INFO - Dependencies all met for dep_context=requeueable deps ti=<TaskInstance: IMPORTATION_ECRITURE_COMPTABLES_ARTICLE_dag.check_directory scheduled__2025-02-14T12:33:00+00:00 [queued]>
[2025-02-14T12:34:03.091+0000] {taskinstance.py:2866} INFO - Starting attempt 1 of 2
[2025-02-14T12:34:03.106+0000] {taskinstance.py:2889} INFO - Executing <Task(BranchPythonOperator): check_directory> on 2025-02-14 12:33:00+00:00
[2025-02-14T12:34:03.113+0000] {warnings.py:112} WARNING - /home/***/.local/lib/python3.12/site-packages/***/task/task_runner/standard_task_runner.py:70: DeprecationWarning: This process (pid=1256) is multi-threaded, use of fork() may lead to deadlocks in the child.
  pid = os.fork()

[2025-02-14T12:34:03.115+0000] {standard_task_runner.py:72} INFO - Started process 1258 to run task
[2025-02-14T12:34:03.115+0000] {standard_task_runner.py:104} INFO - Running: ['***', 'tasks', 'run', 'IMPORTATION_ECRITURE_COMPTABLES_ARTICLE_dag', 'check_directory', 'scheduled__2025-02-14T12:33:00+00:00', '--job-id', '9789', '--raw', '--subdir', 'DAGS_FOLDER/my_directory_and_file_checker.py', '--cfg-path', '/tmp/tmpeya_sjja']
[2025-02-14T12:34:03.117+0000] {standard_task_runner.py:105} INFO - Job 9789: Subtask check_directory
[2025-02-14T12:34:03.165+0000] {task_command.py:467} INFO - Running <TaskInstance: IMPORTATION_ECRITURE_COMPTABLES_ARTICLE_dag.check_directory scheduled__2025-02-14T12:33:00+00:00 [running]> on host b6443be51f35
[2025-02-14T12:34:03.266+0000] {taskinstance.py:3132} INFO - Exporting env vars: AIRFLOW_CTX_DAG_OWNER='***' AIRFLOW_CTX_DAG_ID='IMPORTATION_ECRITURE_COMPTABLES_ARTICLE_dag' AIRFLOW_CTX_TASK_ID='check_directory' AIRFLOW_CTX_EXECUTION_DATE='2025-02-14T12:33:00+00:00' AIRFLOW_CTX_TRY_NUMBER='1' AIRFLOW_CTX_DAG_RUN_ID='scheduled__2025-02-14T12:33:00+00:00'
[2025-02-14T12:34:03.268+0000] {logging_mixin.py:190} INFO - Task instance is in running state
[2025-02-14T12:34:03.269+0000] {logging_mixin.py:190} INFO -  Previous state of the Task instance: queued
[2025-02-14T12:34:03.270+0000] {logging_mixin.py:190} INFO - Current task name:check_directory state:running start_date:2025-02-14 12:34:03.080860+00:00
[2025-02-14T12:34:03.271+0000] {logging_mixin.py:190} INFO - Dag name:IMPORTATION_ECRITURE_COMPTABLES_ARTICLE_dag and current dag run status:running
[2025-02-14T12:34:03.271+0000] {taskinstance.py:731} INFO - ::endgroup::
[2025-02-14T12:34:03.272+0000] {baseoperator.py:421} WARNING - BranchPythonOperator.execute cannot be called outside TaskInstance!
[2025-02-14T12:34:03.273+0000] {logging_mixin.py:190} INFO - 📁 Répertoire trouvé : /opt/***/files
[2025-02-14T12:34:03.274+0000] {python.py:240} INFO - Done. Returned value was: check_file_in_directory
[2025-02-14T12:34:03.275+0000] {branch.py:38} INFO - Branch into check_file_in_directory
[2025-02-14T12:34:03.276+0000] {skipmixin.py:230} INFO - Following branch ('check_file_in_directory',)
[2025-02-14T12:34:03.288+0000] {skipmixin.py:278} INFO - Skipping tasks []
[2025-02-14T12:34:03.326+0000] {taskinstance.py:340} INFO - ::group::Post task execution logs
[2025-02-14T12:34:03.327+0000] {taskinstance.py:352} INFO - Marking task as SUCCESS. dag_id=IMPORTATION_ECRITURE_COMPTABLES_ARTICLE_dag, task_id=check_directory, run_id=scheduled__2025-02-14T12:33:00+00:00, execution_date=20250214T123300, start_date=20250214T123403, end_date=20250214T123403
[2025-02-14T12:34:03.339+0000] {logging_mixin.py:190} INFO - Task instance in success state
[2025-02-14T12:34:03.340+0000] {logging_mixin.py:190} INFO -  Previous state of the Task instance: running
[2025-02-14T12:34:03.340+0000] {logging_mixin.py:190} INFO - Dag name:IMPORTATION_ECRITURE_COMPTABLES_ARTICLE_dag queued_at:2025-02-14 12:34:00.819454+00:00
[2025-02-14T12:34:03.341+0000] {logging_mixin.py:190} INFO - Task hostname:b6443be51f35 operator:BranchPythonOperator
[2025-02-14T12:34:03.372+0000] {local_task_job_runner.py:266} INFO - Task exited with return code 0
[2025-02-14T12:34:03.408+0000] {taskinstance.py:3895} INFO - 1 downstream tasks scheduled from follow-on schedule check
[2025-02-14T12:34:03.411+0000] {local_task_job_runner.py:245} INFO - ::endgroup::
[2025-02-14T12:34:38.164+0000] {local_task_job_runner.py:123} INFO - ::group::Pre task execution logs
[2025-02-14T12:34:38.315+0000] {taskinstance.py:2613} INFO - Dependencies all met for dep_context=non-requeueable deps ti=<TaskInstance: IMPORTATION_ECRITURE_COMPTABLES_ARTICLE_dag.check_directory scheduled__2025-02-14T12:33:00+00:00 [queued]>
[2025-02-14T12:34:38.326+0000] {taskinstance.py:2613} INFO - Dependencies all met for dep_context=requeueable deps ti=<TaskInstance: IMPORTATION_ECRITURE_COMPTABLES_ARTICLE_dag.check_directory scheduled__2025-02-14T12:33:00+00:00 [queued]>
[2025-02-14T12:34:38.327+0000] {taskinstance.py:2866} INFO - Starting attempt 1 of 2
[2025-02-14T12:34:38.348+0000] {taskinstance.py:2889} INFO - Executing <Task(BranchPythonOperator): check_directory> on 2025-02-14 12:33:00+00:00
[2025-02-14T12:34:38.360+0000] {warnings.py:112} WARNING - /home/***/.local/lib/python3.12/site-packages/***/task/task_runner/standard_task_runner.py:70: DeprecationWarning: This process (pid=1275) is multi-threaded, use of fork() may lead to deadlocks in the child.
  pid = os.fork()

[2025-02-14T12:34:38.362+0000] {standard_task_runner.py:72} INFO - Started process 1277 to run task
[2025-02-14T12:34:38.363+0000] {standard_task_runner.py:104} INFO - Running: ['***', 'tasks', 'run', 'IMPORTATION_ECRITURE_COMPTABLES_ARTICLE_dag', 'check_directory', 'scheduled__2025-02-14T12:33:00+00:00', '--job-id', '9792', '--raw', '--subdir', 'DAGS_FOLDER/my_directory_and_file_checker.py', '--cfg-path', '/tmp/tmp6i_sc6cu']
[2025-02-14T12:34:38.365+0000] {standard_task_runner.py:105} INFO - Job 9792: Subtask check_directory
[2025-02-14T12:34:38.442+0000] {task_command.py:467} INFO - Running <TaskInstance: IMPORTATION_ECRITURE_COMPTABLES_ARTICLE_dag.check_directory scheduled__2025-02-14T12:33:00+00:00 [running]> on host b6443be51f35
[2025-02-14T12:34:38.537+0000] {taskinstance.py:3132} INFO - Exporting env vars: AIRFLOW_CTX_DAG_OWNER='***' AIRFLOW_CTX_DAG_ID='IMPORTATION_ECRITURE_COMPTABLES_ARTICLE_dag' AIRFLOW_CTX_TASK_ID='check_directory' AIRFLOW_CTX_EXECUTION_DATE='2025-02-14T12:33:00+00:00' AIRFLOW_CTX_TRY_NUMBER='1' AIRFLOW_CTX_DAG_RUN_ID='scheduled__2025-02-14T12:33:00+00:00'
[2025-02-14T12:34:38.539+0000] {logging_mixin.py:190} INFO - Task instance is in running state
[2025-02-14T12:34:38.540+0000] {logging_mixin.py:190} INFO -  Previous state of the Task instance: queued
[2025-02-14T12:34:38.541+0000] {logging_mixin.py:190} INFO - Current task name:check_directory state:running start_date:2025-02-14 12:34:38.316227+00:00
[2025-02-14T12:34:38.541+0000] {logging_mixin.py:190} INFO - Dag name:IMPORTATION_ECRITURE_COMPTABLES_ARTICLE_dag and current dag run status:running
[2025-02-14T12:34:38.542+0000] {taskinstance.py:731} INFO - ::endgroup::
[2025-02-14T12:34:38.543+0000] {baseoperator.py:421} WARNING - BranchPythonOperator.execute cannot be called outside TaskInstance!
[2025-02-14T12:34:38.544+0000] {logging_mixin.py:190} INFO - 📁 Répertoire trouvé : /opt/***/files
[2025-02-14T12:34:38.544+0000] {python.py:240} INFO - Done. Returned value was: check_file_in_directory
[2025-02-14T12:34:38.545+0000] {branch.py:38} INFO - Branch into check_file_in_directory
[2025-02-14T12:34:38.545+0000] {skipmixin.py:230} INFO - Following branch ('check_file_in_directory',)
[2025-02-14T12:34:38.570+0000] {skipmixin.py:278} INFO - Skipping tasks []
[2025-02-14T12:34:38.598+0000] {taskinstance.py:340} INFO - ::group::Post task execution logs
[2025-02-14T12:34:38.599+0000] {taskinstance.py:352} INFO - Marking task as SUCCESS. dag_id=IMPORTATION_ECRITURE_COMPTABLES_ARTICLE_dag, task_id=check_directory, run_id=scheduled__2025-02-14T12:33:00+00:00, execution_date=20250214T123300, start_date=20250214T123438, end_date=20250214T123438
[2025-02-14T12:34:38.611+0000] {logging_mixin.py:190} INFO - Task instance in success state
[2025-02-14T12:34:38.612+0000] {logging_mixin.py:190} INFO -  Previous state of the Task instance: running
[2025-02-14T12:34:38.613+0000] {logging_mixin.py:190} INFO - Dag name:IMPORTATION_ECRITURE_COMPTABLES_ARTICLE_dag queued_at:2025-02-14 12:34:36.186716+00:00
[2025-02-14T12:34:38.613+0000] {logging_mixin.py:190} INFO - Task hostname:b6443be51f35 operator:BranchPythonOperator
[2025-02-14T12:34:38.658+0000] {local_task_job_runner.py:266} INFO - Task exited with return code 0
[2025-02-14T12:34:38.692+0000] {taskinstance.py:3895} INFO - 1 downstream tasks scheduled from follow-on schedule check
[2025-02-14T12:34:38.696+0000] {local_task_job_runner.py:245} INFO - ::endgroup::
