[2025-02-13T23:27:05.541+0000] {local_task_job_runner.py:123} INFO - ::group::Pre task execution logs
[2025-02-13T23:27:05.713+0000] {taskinstance.py:2613} INFO - Dependencies all met for dep_context=non-requeueable deps ti=<TaskInstance: IMPORTATION_ECRITURE_COMPTABLES_ARTICLE_dag.check_file_in_directory scheduled__2025-02-13T23:26:00+00:00 [queued]>
[2025-02-13T23:27:05.725+0000] {taskinstance.py:2613} INFO - Dependencies all met for dep_context=requeueable deps ti=<TaskInstance: IMPORTATION_ECRITURE_COMPTABLES_ARTICLE_dag.check_file_in_directory scheduled__2025-02-13T23:26:00+00:00 [queued]>
[2025-02-13T23:27:05.726+0000] {taskinstance.py:2866} INFO - Starting attempt 1 of 2
[2025-02-13T23:27:05.742+0000] {taskinstance.py:2889} INFO - Executing <Task(BranchPythonOperator): check_file_in_directory> on 2025-02-13 23:26:00+00:00
[2025-02-13T23:27:05.750+0000] {warnings.py:112} WARNING - /home/***/.local/lib/python3.12/site-packages/***/task/task_runner/standard_task_runner.py:70: DeprecationWarning: This process (pid=1917) is multi-threaded, use of fork() may lead to deadlocks in the child.
  pid = os.fork()

[2025-02-13T23:27:05.752+0000] {standard_task_runner.py:72} INFO - Started process 1919 to run task
[2025-02-13T23:27:05.752+0000] {standard_task_runner.py:104} INFO - Running: ['***', 'tasks', 'run', 'IMPORTATION_ECRITURE_COMPTABLES_ARTICLE_dag', 'check_file_in_directory', 'scheduled__2025-02-13T23:26:00+00:00', '--job-id', '8543', '--raw', '--subdir', 'DAGS_FOLDER/my_directory_and_file_checker.py', '--cfg-path', '/tmp/tmpx5k_9blw']
[2025-02-13T23:27:05.754+0000] {standard_task_runner.py:105} INFO - Job 8543: Subtask check_file_in_directory
[2025-02-13T23:27:05.803+0000] {task_command.py:467} INFO - Running <TaskInstance: IMPORTATION_ECRITURE_COMPTABLES_ARTICLE_dag.check_file_in_directory scheduled__2025-02-13T23:26:00+00:00 [running]> on host b6443be51f35
[2025-02-13T23:27:05.893+0000] {taskinstance.py:3132} INFO - Exporting env vars: AIRFLOW_CTX_DAG_OWNER='***' AIRFLOW_CTX_DAG_ID='IMPORTATION_ECRITURE_COMPTABLES_ARTICLE_dag' AIRFLOW_CTX_TASK_ID='check_file_in_directory' AIRFLOW_CTX_EXECUTION_DATE='2025-02-13T23:26:00+00:00' AIRFLOW_CTX_TRY_NUMBER='1' AIRFLOW_CTX_DAG_RUN_ID='scheduled__2025-02-13T23:26:00+00:00'
[2025-02-13T23:27:05.895+0000] {logging_mixin.py:190} INFO - Task instance is in running state
[2025-02-13T23:27:05.896+0000] {logging_mixin.py:190} INFO -  Previous state of the Task instance: queued
[2025-02-13T23:27:05.897+0000] {logging_mixin.py:190} INFO - Current task name:check_file_in_directory state:running start_date:2025-02-13 23:27:05.713876+00:00
[2025-02-13T23:27:05.898+0000] {logging_mixin.py:190} INFO - Dag name:IMPORTATION_ECRITURE_COMPTABLES_ARTICLE_dag and current dag run status:running
[2025-02-13T23:27:05.899+0000] {taskinstance.py:731} INFO - ::endgroup::
[2025-02-13T23:27:05.899+0000] {baseoperator.py:421} WARNING - BranchPythonOperator.execute cannot be called outside TaskInstance!
[2025-02-13T23:27:05.900+0000] {logging_mixin.py:190} INFO - ca marche /opt/***/files/in ['.csv']
[2025-02-13T23:27:05.907+0000] {python.py:240} INFO - Done. Returned value was: verify_file_reliability
[2025-02-13T23:27:05.908+0000] {branch.py:38} INFO - Branch into verify_file_reliability
[2025-02-13T23:27:05.909+0000] {skipmixin.py:230} INFO - Following branch ('verify_file_reliability',)
[2025-02-13T23:27:05.920+0000] {skipmixin.py:278} INFO - Skipping tasks []
[2025-02-13T23:27:05.953+0000] {taskinstance.py:340} INFO - ::group::Post task execution logs
[2025-02-13T23:27:05.954+0000] {taskinstance.py:352} INFO - Marking task as SUCCESS. dag_id=IMPORTATION_ECRITURE_COMPTABLES_ARTICLE_dag, task_id=check_file_in_directory, run_id=scheduled__2025-02-13T23:26:00+00:00, execution_date=20250213T232600, start_date=20250213T232705, end_date=20250213T232705
[2025-02-13T23:27:05.966+0000] {logging_mixin.py:190} INFO - Task instance in success state
[2025-02-13T23:27:05.967+0000] {logging_mixin.py:190} INFO -  Previous state of the Task instance: running
[2025-02-13T23:27:05.968+0000] {logging_mixin.py:190} INFO - Dag name:IMPORTATION_ECRITURE_COMPTABLES_ARTICLE_dag queued_at:2025-02-13 23:27:00.510387+00:00
[2025-02-13T23:27:05.969+0000] {logging_mixin.py:190} INFO - Task hostname:b6443be51f35 operator:BranchPythonOperator
[2025-02-13T23:27:06.010+0000] {local_task_job_runner.py:266} INFO - Task exited with return code 0
[2025-02-13T23:27:06.045+0000] {taskinstance.py:3895} INFO - 1 downstream tasks scheduled from follow-on schedule check
[2025-02-13T23:27:06.048+0000] {local_task_job_runner.py:245} INFO - ::endgroup::
