[2025-02-10T21:22:02.648+0000] {local_task_job_runner.py:123} INFO - ::group::Pre task execution logs
[2025-02-10T21:22:02.787+0000] {taskinstance.py:2613} INFO - Dependencies all met for dep_context=non-requeueable deps ti=<TaskInstance: IMPORTATION_ECRITURE_COMPTABLES_ARTICLE_dag.check_directory scheduled__2025-02-10T21:21:00+00:00 [queued]>
[2025-02-10T21:22:02.797+0000] {taskinstance.py:2613} INFO - Dependencies all met for dep_context=requeueable deps ti=<TaskInstance: IMPORTATION_ECRITURE_COMPTABLES_ARTICLE_dag.check_directory scheduled__2025-02-10T21:21:00+00:00 [queued]>
[2025-02-10T21:22:02.798+0000] {taskinstance.py:2866} INFO - Starting attempt 1 of 2
[2025-02-10T21:22:02.814+0000] {taskinstance.py:2889} INFO - Executing <Task(BranchPythonOperator): check_directory> on 2025-02-10 21:21:00+00:00
[2025-02-10T21:22:02.820+0000] {warnings.py:112} WARNING - /home/***/.local/lib/python3.12/site-packages/***/task/task_runner/standard_task_runner.py:70: DeprecationWarning: This process (pid=2714) is multi-threaded, use of fork() may lead to deadlocks in the child.
  pid = os.fork()

[2025-02-10T21:22:02.823+0000] {standard_task_runner.py:72} INFO - Started process 2716 to run task
[2025-02-10T21:22:02.823+0000] {standard_task_runner.py:104} INFO - Running: ['***', 'tasks', 'run', 'IMPORTATION_ECRITURE_COMPTABLES_ARTICLE_dag', 'check_directory', 'scheduled__2025-02-10T21:21:00+00:00', '--job-id', '1084', '--raw', '--subdir', 'DAGS_FOLDER/my_directory_and_file_checker.py', '--cfg-path', '/tmp/tmpvwajrdh8']
[2025-02-10T21:22:02.825+0000] {standard_task_runner.py:105} INFO - Job 1084: Subtask check_directory
[2025-02-10T21:22:02.887+0000] {task_command.py:467} INFO - Running <TaskInstance: IMPORTATION_ECRITURE_COMPTABLES_ARTICLE_dag.check_directory scheduled__2025-02-10T21:21:00+00:00 [running]> on host b6443be51f35
[2025-02-10T21:22:03.005+0000] {taskinstance.py:3132} INFO - Exporting env vars: AIRFLOW_CTX_DAG_OWNER='***' AIRFLOW_CTX_DAG_ID='IMPORTATION_ECRITURE_COMPTABLES_ARTICLE_dag' AIRFLOW_CTX_TASK_ID='check_directory' AIRFLOW_CTX_EXECUTION_DATE='2025-02-10T21:21:00+00:00' AIRFLOW_CTX_TRY_NUMBER='1' AIRFLOW_CTX_DAG_RUN_ID='scheduled__2025-02-10T21:21:00+00:00'
[2025-02-10T21:22:03.006+0000] {logging_mixin.py:190} INFO - Task instance is in running state
[2025-02-10T21:22:03.007+0000] {logging_mixin.py:190} INFO -  Previous state of the Task instance: queued
[2025-02-10T21:22:03.008+0000] {logging_mixin.py:190} INFO - Current task name:check_directory state:running start_date:2025-02-10 21:22:02.788651+00:00
[2025-02-10T21:22:03.009+0000] {logging_mixin.py:190} INFO - Dag name:IMPORTATION_ECRITURE_COMPTABLES_ARTICLE_dag and current dag run status:running
[2025-02-10T21:22:03.010+0000] {taskinstance.py:731} INFO - ::endgroup::
[2025-02-10T21:22:03.011+0000] {baseoperator.py:421} WARNING - BranchPythonOperator.execute cannot be called outside TaskInstance!
[2025-02-10T21:22:03.012+0000] {python.py:240} INFO - Done. Returned value was: check_file_in_directory
[2025-02-10T21:22:03.013+0000] {branch.py:38} INFO - Branch into check_file_in_directory
[2025-02-10T21:22:03.014+0000] {skipmixin.py:230} INFO - Following branch ('check_file_in_directory',)
[2025-02-10T21:22:03.027+0000] {skipmixin.py:278} INFO - Skipping tasks []
[2025-02-10T21:22:03.060+0000] {taskinstance.py:340} INFO - ::group::Post task execution logs
[2025-02-10T21:22:03.062+0000] {taskinstance.py:352} INFO - Marking task as SUCCESS. dag_id=IMPORTATION_ECRITURE_COMPTABLES_ARTICLE_dag, task_id=check_directory, run_id=scheduled__2025-02-10T21:21:00+00:00, execution_date=20250210T212100, start_date=20250210T212202, end_date=20250210T212203
[2025-02-10T21:22:03.075+0000] {logging_mixin.py:190} INFO - Task instance in success state
[2025-02-10T21:22:03.076+0000] {logging_mixin.py:190} INFO -  Previous state of the Task instance: running
[2025-02-10T21:22:03.077+0000] {logging_mixin.py:190} INFO - Dag name:IMPORTATION_ECRITURE_COMPTABLES_ARTICLE_dag queued_at:2025-02-10 21:22:00.858245+00:00
[2025-02-10T21:22:03.077+0000] {logging_mixin.py:190} INFO - Task hostname:b6443be51f35 operator:BranchPythonOperator
[2025-02-10T21:22:03.121+0000] {local_task_job_runner.py:266} INFO - Task exited with return code 0
[2025-02-10T21:22:03.152+0000] {taskinstance.py:3895} INFO - 1 downstream tasks scheduled from follow-on schedule check
[2025-02-10T21:22:03.156+0000] {local_task_job_runner.py:245} INFO - ::endgroup::
[2025-02-10T21:22:53.616+0000] {local_task_job_runner.py:123} INFO - ::group::Pre task execution logs
[2025-02-10T21:22:53.815+0000] {taskinstance.py:2613} INFO - Dependencies all met for dep_context=non-requeueable deps ti=<TaskInstance: IMPORTATION_ECRITURE_COMPTABLES_ARTICLE_dag.check_directory scheduled__2025-02-10T21:21:00+00:00 [queued]>
[2025-02-10T21:22:53.828+0000] {taskinstance.py:2613} INFO - Dependencies all met for dep_context=requeueable deps ti=<TaskInstance: IMPORTATION_ECRITURE_COMPTABLES_ARTICLE_dag.check_directory scheduled__2025-02-10T21:21:00+00:00 [queued]>
[2025-02-10T21:22:53.829+0000] {taskinstance.py:2866} INFO - Starting attempt 1 of 2
[2025-02-10T21:22:53.854+0000] {taskinstance.py:2889} INFO - Executing <Task(BranchPythonOperator): check_directory> on 2025-02-10 21:21:00+00:00
[2025-02-10T21:22:53.865+0000] {warnings.py:112} WARNING - /home/***/.local/lib/python3.12/site-packages/***/task/task_runner/standard_task_runner.py:70: DeprecationWarning: This process (pid=2748) is multi-threaded, use of fork() may lead to deadlocks in the child.
  pid = os.fork()

[2025-02-10T21:22:53.867+0000] {standard_task_runner.py:104} INFO - Running: ['***', 'tasks', 'run', 'IMPORTATION_ECRITURE_COMPTABLES_ARTICLE_dag', 'check_directory', 'scheduled__2025-02-10T21:21:00+00:00', '--job-id', '1089', '--raw', '--subdir', 'DAGS_FOLDER/my_directory_and_file_checker.py', '--cfg-path', '/tmp/tmp9o5shykb']
[2025-02-10T21:22:53.868+0000] {standard_task_runner.py:72} INFO - Started process 2752 to run task
[2025-02-10T21:22:53.869+0000] {standard_task_runner.py:105} INFO - Job 1089: Subtask check_directory
[2025-02-10T21:22:53.957+0000] {task_command.py:467} INFO - Running <TaskInstance: IMPORTATION_ECRITURE_COMPTABLES_ARTICLE_dag.check_directory scheduled__2025-02-10T21:21:00+00:00 [running]> on host b6443be51f35
[2025-02-10T21:22:54.081+0000] {taskinstance.py:3132} INFO - Exporting env vars: AIRFLOW_CTX_DAG_OWNER='***' AIRFLOW_CTX_DAG_ID='IMPORTATION_ECRITURE_COMPTABLES_ARTICLE_dag' AIRFLOW_CTX_TASK_ID='check_directory' AIRFLOW_CTX_EXECUTION_DATE='2025-02-10T21:21:00+00:00' AIRFLOW_CTX_TRY_NUMBER='1' AIRFLOW_CTX_DAG_RUN_ID='scheduled__2025-02-10T21:21:00+00:00'
[2025-02-10T21:22:54.084+0000] {logging_mixin.py:190} INFO - Task instance is in running state
[2025-02-10T21:22:54.085+0000] {logging_mixin.py:190} INFO -  Previous state of the Task instance: queued
[2025-02-10T21:22:54.085+0000] {logging_mixin.py:190} INFO - Current task name:check_directory state:running start_date:2025-02-10 21:22:53.816020+00:00
[2025-02-10T21:22:54.086+0000] {logging_mixin.py:190} INFO - Dag name:IMPORTATION_ECRITURE_COMPTABLES_ARTICLE_dag and current dag run status:running
[2025-02-10T21:22:54.086+0000] {taskinstance.py:731} INFO - ::endgroup::
[2025-02-10T21:22:54.087+0000] {baseoperator.py:421} WARNING - BranchPythonOperator.execute cannot be called outside TaskInstance!
[2025-02-10T21:22:54.088+0000] {python.py:240} INFO - Done. Returned value was: check_file_in_directory
[2025-02-10T21:22:54.089+0000] {branch.py:38} INFO - Branch into check_file_in_directory
[2025-02-10T21:22:54.089+0000] {skipmixin.py:230} INFO - Following branch ('check_file_in_directory',)
[2025-02-10T21:22:54.107+0000] {skipmixin.py:278} INFO - Skipping tasks []
[2025-02-10T21:22:54.140+0000] {taskinstance.py:340} INFO - ::group::Post task execution logs
[2025-02-10T21:22:54.141+0000] {taskinstance.py:352} INFO - Marking task as SUCCESS. dag_id=IMPORTATION_ECRITURE_COMPTABLES_ARTICLE_dag, task_id=check_directory, run_id=scheduled__2025-02-10T21:21:00+00:00, execution_date=20250210T212100, start_date=20250210T212253, end_date=20250210T212254
[2025-02-10T21:22:54.158+0000] {logging_mixin.py:190} INFO - Task instance in success state
[2025-02-10T21:22:54.159+0000] {logging_mixin.py:190} INFO -  Previous state of the Task instance: running
[2025-02-10T21:22:54.160+0000] {logging_mixin.py:190} INFO - Dag name:IMPORTATION_ECRITURE_COMPTABLES_ARTICLE_dag queued_at:2025-02-10 21:22:51.207544+00:00
[2025-02-10T21:22:54.161+0000] {logging_mixin.py:190} INFO - Task hostname:b6443be51f35 operator:BranchPythonOperator
[2025-02-10T21:22:54.208+0000] {local_task_job_runner.py:266} INFO - Task exited with return code 0
[2025-02-10T21:22:54.258+0000] {taskinstance.py:3895} INFO - 1 downstream tasks scheduled from follow-on schedule check
[2025-02-10T21:22:54.261+0000] {local_task_job_runner.py:245} INFO - ::endgroup::
