[2025-02-09T21:40:03.012+0000] {local_task_job_runner.py:123} INFO - ::group::Pre task execution logs
[2025-02-09T21:40:03.060+0000] {taskinstance.py:2613} INFO - Dependencies all met for dep_context=non-requeueable deps ti=<TaskInstance: directory_and_file_verification_dag.check_file_in_directory manual__2025-02-09T21:39:54.724578+00:00 [queued]>
[2025-02-09T21:40:03.290+0000] {taskinstance.py:2613} INFO - Dependencies all met for dep_context=requeueable deps ti=<TaskInstance: directory_and_file_verification_dag.check_file_in_directory manual__2025-02-09T21:39:54.724578+00:00 [queued]>
[2025-02-09T21:40:03.291+0000] {taskinstance.py:2866} INFO - Starting attempt 1 of 1
[2025-02-09T21:40:03.317+0000] {taskinstance.py:2889} INFO - Executing <Task(BranchPythonOperator): check_file_in_directory> on 2025-02-09 21:39:54.724578+00:00
[2025-02-09T21:40:03.329+0000] {warnings.py:112} WARNING - /home/***/.local/lib/python3.12/site-packages/***/task/task_runner/standard_task_runner.py:70: DeprecationWarning: This process (pid=3525) is multi-threaded, use of fork() may lead to deadlocks in the child.
  pid = os.fork()

[2025-02-09T21:40:03.333+0000] {standard_task_runner.py:72} INFO - Started process 3527 to run task
[2025-02-09T21:40:03.334+0000] {standard_task_runner.py:104} INFO - Running: ['***', 'tasks', 'run', 'directory_and_file_verification_dag', 'check_file_in_directory', 'manual__2025-02-09T21:39:54.724578+00:00', '--job-id', '102', '--raw', '--subdir', 'DAGS_FOLDER/my_directory_and_file_checker.py', '--cfg-path', '/tmp/tmpt8r2le2d']
[2025-02-09T21:40:03.336+0000] {standard_task_runner.py:105} INFO - Job 102: Subtask check_file_in_directory
[2025-02-09T21:40:03.412+0000] {task_command.py:467} INFO - Running <TaskInstance: directory_and_file_verification_dag.check_file_in_directory manual__2025-02-09T21:39:54.724578+00:00 [running]> on host b6443be51f35
[2025-02-09T21:40:03.525+0000] {taskinstance.py:3132} INFO - Exporting env vars: AIRFLOW_CTX_DAG_OWNER='***' AIRFLOW_CTX_DAG_ID='directory_and_file_verification_dag' AIRFLOW_CTX_TASK_ID='check_file_in_directory' AIRFLOW_CTX_EXECUTION_DATE='2025-02-09T21:39:54.724578+00:00' AIRFLOW_CTX_TRY_NUMBER='1' AIRFLOW_CTX_DAG_RUN_ID='manual__2025-02-09T21:39:54.724578+00:00'
[2025-02-09T21:40:03.527+0000] {logging_mixin.py:190} INFO - Task instance is in running state
[2025-02-09T21:40:03.527+0000] {logging_mixin.py:190} INFO -  Previous state of the Task instance: queued
[2025-02-09T21:40:03.528+0000] {logging_mixin.py:190} INFO - Current task name:check_file_in_directory state:running start_date:2025-02-09 21:40:03.061382+00:00
[2025-02-09T21:40:03.529+0000] {logging_mixin.py:190} INFO - Dag name:directory_and_file_verification_dag and current dag run status:running
[2025-02-09T21:40:03.529+0000] {taskinstance.py:731} INFO - ::endgroup::
[2025-02-09T21:40:03.530+0000] {baseoperator.py:421} WARNING - BranchPythonOperator.execute cannot be called outside TaskInstance!
[2025-02-09T21:40:03.531+0000] {logging_mixin.py:190} INFO - ca marche /opt/***/files/in ['.csv']
[2025-02-09T21:40:03.534+0000] {python.py:240} INFO - Done. Returned value was: verify_file_reliability
[2025-02-09T21:40:03.535+0000] {branch.py:38} INFO - Branch into verify_file_reliability
[2025-02-09T21:40:03.535+0000] {skipmixin.py:230} INFO - Following branch ('verify_file_reliability',)
[2025-02-09T21:40:03.556+0000] {skipmixin.py:278} INFO - Skipping tasks []
[2025-02-09T21:40:03.591+0000] {taskinstance.py:340} INFO - ::group::Post task execution logs
[2025-02-09T21:40:03.592+0000] {taskinstance.py:352} INFO - Marking task as SUCCESS. dag_id=directory_and_file_verification_dag, task_id=check_file_in_directory, run_id=manual__2025-02-09T21:39:54.724578+00:00, execution_date=20250209T213954, start_date=20250209T214003, end_date=20250209T214003
[2025-02-09T21:40:03.607+0000] {logging_mixin.py:190} INFO - Task instance in success state
[2025-02-09T21:40:03.607+0000] {logging_mixin.py:190} INFO -  Previous state of the Task instance: running
[2025-02-09T21:40:03.608+0000] {logging_mixin.py:190} INFO - Dag name:directory_and_file_verification_dag queued_at:2025-02-09 21:39:54.743239+00:00
[2025-02-09T21:40:03.609+0000] {logging_mixin.py:190} INFO - Task hostname:b6443be51f35 operator:BranchPythonOperator
[2025-02-09T21:40:03.630+0000] {local_task_job_runner.py:266} INFO - Task exited with return code 0
[2025-02-09T21:40:03.670+0000] {taskinstance.py:3895} INFO - 1 downstream tasks scheduled from follow-on schedule check
[2025-02-09T21:40:03.672+0000] {local_task_job_runner.py:245} INFO - ::endgroup::
