[2025-02-10T20:50:21.582+0000] {local_task_job_runner.py:123} INFO - ::group::Pre task execution logs
[2025-02-10T20:50:21.773+0000] {taskinstance.py:2613} INFO - Dependencies all met for dep_context=non-requeueable deps ti=<TaskInstance: IMPORTATION_ECRITURE_COMPTABLES_ARTICLE_dag.check_file_in_directory manual__2025-02-10T20:50:16.491956+00:00 [queued]>
[2025-02-10T20:50:21.786+0000] {taskinstance.py:2613} INFO - Dependencies all met for dep_context=requeueable deps ti=<TaskInstance: IMPORTATION_ECRITURE_COMPTABLES_ARTICLE_dag.check_file_in_directory manual__2025-02-10T20:50:16.491956+00:00 [queued]>
[2025-02-10T20:50:21.787+0000] {taskinstance.py:2866} INFO - Starting attempt 1 of 2
[2025-02-10T20:50:21.806+0000] {taskinstance.py:2889} INFO - Executing <Task(BranchPythonOperator): check_file_in_directory> on 2025-02-10 20:50:16.491956+00:00
[2025-02-10T20:50:21.817+0000] {warnings.py:112} WARNING - /home/***/.local/lib/python3.12/site-packages/***/task/task_runner/standard_task_runner.py:70: DeprecationWarning: This process (pid=1750) is multi-threaded, use of fork() may lead to deadlocks in the child.
  pid = os.fork()

[2025-02-10T20:50:21.819+0000] {standard_task_runner.py:72} INFO - Started process 1752 to run task
[2025-02-10T20:50:21.820+0000] {standard_task_runner.py:104} INFO - Running: ['***', 'tasks', 'run', 'IMPORTATION_ECRITURE_COMPTABLES_ARTICLE_dag', 'check_file_in_directory', 'manual__2025-02-10T20:50:16.491956+00:00', '--job-id', '944', '--raw', '--subdir', 'DAGS_FOLDER/my_directory_and_file_checker.py', '--cfg-path', '/tmp/tmp4yeikwe7']
[2025-02-10T20:50:21.821+0000] {standard_task_runner.py:105} INFO - Job 944: Subtask check_file_in_directory
[2025-02-10T20:50:21.870+0000] {task_command.py:467} INFO - Running <TaskInstance: IMPORTATION_ECRITURE_COMPTABLES_ARTICLE_dag.check_file_in_directory manual__2025-02-10T20:50:16.491956+00:00 [running]> on host b6443be51f35
[2025-02-10T20:50:21.964+0000] {taskinstance.py:3132} INFO - Exporting env vars: AIRFLOW_CTX_DAG_OWNER='***' AIRFLOW_CTX_DAG_ID='IMPORTATION_ECRITURE_COMPTABLES_ARTICLE_dag' AIRFLOW_CTX_TASK_ID='check_file_in_directory' AIRFLOW_CTX_EXECUTION_DATE='2025-02-10T20:50:16.491956+00:00' AIRFLOW_CTX_TRY_NUMBER='1' AIRFLOW_CTX_DAG_RUN_ID='manual__2025-02-10T20:50:16.491956+00:00'
[2025-02-10T20:50:21.966+0000] {logging_mixin.py:190} INFO - Task instance is in running state
[2025-02-10T20:50:21.967+0000] {logging_mixin.py:190} INFO -  Previous state of the Task instance: queued
[2025-02-10T20:50:21.968+0000] {logging_mixin.py:190} INFO - Current task name:check_file_in_directory state:running start_date:2025-02-10 20:50:21.773797+00:00
[2025-02-10T20:50:21.968+0000] {logging_mixin.py:190} INFO - Dag name:IMPORTATION_ECRITURE_COMPTABLES_ARTICLE_dag and current dag run status:running
[2025-02-10T20:50:21.969+0000] {taskinstance.py:731} INFO - ::endgroup::
[2025-02-10T20:50:21.970+0000] {baseoperator.py:421} WARNING - BranchPythonOperator.execute cannot be called outside TaskInstance!
[2025-02-10T20:50:21.971+0000] {logging_mixin.py:190} INFO - ca marche /opt/***/files/in ['.csv']
[2025-02-10T20:50:21.975+0000] {python.py:240} INFO - Done. Returned value was: verify_file_reliability
[2025-02-10T20:50:21.976+0000] {branch.py:38} INFO - Branch into verify_file_reliability
[2025-02-10T20:50:21.976+0000] {skipmixin.py:230} INFO - Following branch ('verify_file_reliability',)
[2025-02-10T20:50:21.988+0000] {skipmixin.py:278} INFO - Skipping tasks []
[2025-02-10T20:50:22.019+0000] {taskinstance.py:340} INFO - ::group::Post task execution logs
[2025-02-10T20:50:22.020+0000] {taskinstance.py:352} INFO - Marking task as SUCCESS. dag_id=IMPORTATION_ECRITURE_COMPTABLES_ARTICLE_dag, task_id=check_file_in_directory, run_id=manual__2025-02-10T20:50:16.491956+00:00, execution_date=20250210T205016, start_date=20250210T205021, end_date=20250210T205022
[2025-02-10T20:50:22.031+0000] {logging_mixin.py:190} INFO - Task instance in success state
[2025-02-10T20:50:22.032+0000] {logging_mixin.py:190} INFO -  Previous state of the Task instance: running
[2025-02-10T20:50:22.032+0000] {logging_mixin.py:190} INFO - Dag name:IMPORTATION_ECRITURE_COMPTABLES_ARTICLE_dag queued_at:2025-02-10 20:50:16.507553+00:00
[2025-02-10T20:50:22.033+0000] {logging_mixin.py:190} INFO - Task hostname:b6443be51f35 operator:BranchPythonOperator
[2025-02-10T20:50:22.075+0000] {local_task_job_runner.py:266} INFO - Task exited with return code 0
[2025-02-10T20:50:22.109+0000] {taskinstance.py:3895} INFO - 1 downstream tasks scheduled from follow-on schedule check
[2025-02-10T20:50:22.112+0000] {local_task_job_runner.py:245} INFO - ::endgroup::
