[2025-02-07T22:33:51.097+0000] {local_task_job_runner.py:123} INFO - ::group::Pre task execution logs
[2025-02-07T22:33:51.570+0000] {taskinstance.py:2613} INFO - Dependencies all met for dep_context=non-requeueable deps ti=<TaskInstance: directory_and_file_verification_dag.check_file_in_directory scheduled__2025-02-07T01:12:00+00:00 [queued]>
[2025-02-07T22:33:51.635+0000] {taskinstance.py:2613} INFO - Dependencies all met for dep_context=requeueable deps ti=<TaskInstance: directory_and_file_verification_dag.check_file_in_directory scheduled__2025-02-07T01:12:00+00:00 [queued]>
[2025-02-07T22:33:51.641+0000] {taskinstance.py:2866} INFO - Starting attempt 1 of 1
[2025-02-07T22:33:51.696+0000] {taskinstance.py:2889} INFO - Executing <Task(BranchPythonOperator): check_file_in_directory> on 2025-02-07 01:12:00+00:00
[2025-02-07T22:33:51.734+0000] {warnings.py:112} WARNING - /home/***/.local/lib/python3.12/site-packages/***/task/task_runner/standard_task_runner.py:70: DeprecationWarning: This process (pid=19692) is multi-threaded, use of fork() may lead to deadlocks in the child.
  pid = os.fork()

[2025-02-07T22:33:51.750+0000] {standard_task_runner.py:72} INFO - Started process 19718 to run task
[2025-02-07T22:33:51.761+0000] {standard_task_runner.py:104} INFO - Running: ['***', 'tasks', 'run', 'directory_and_file_verification_dag', 'check_file_in_directory', 'scheduled__2025-02-07T01:12:00+00:00', '--job-id', '994', '--raw', '--subdir', 'DAGS_FOLDER/my_directory_and_file_checker.py', '--cfg-path', '/tmp/tmpux97n1ri']
[2025-02-07T22:33:51.766+0000] {standard_task_runner.py:105} INFO - Job 994: Subtask check_file_in_directory
[2025-02-07T22:33:51.986+0000] {task_command.py:467} INFO - Running <TaskInstance: directory_and_file_verification_dag.check_file_in_directory scheduled__2025-02-07T01:12:00+00:00 [running]> on host 003b7fbea265
[2025-02-07T22:33:52.406+0000] {taskinstance.py:3132} INFO - Exporting env vars: AIRFLOW_CTX_DAG_OWNER='***' AIRFLOW_CTX_DAG_ID='directory_and_file_verification_dag' AIRFLOW_CTX_TASK_ID='check_file_in_directory' AIRFLOW_CTX_EXECUTION_DATE='2025-02-07T01:12:00+00:00' AIRFLOW_CTX_TRY_NUMBER='1' AIRFLOW_CTX_DAG_RUN_ID='scheduled__2025-02-07T01:12:00+00:00'
[2025-02-07T22:33:52.409+0000] {logging_mixin.py:190} INFO - Task instance is in running state
[2025-02-07T22:33:52.410+0000] {logging_mixin.py:190} INFO -  Previous state of the Task instance: queued
[2025-02-07T22:33:52.411+0000] {logging_mixin.py:190} INFO - Current task name:check_file_in_directory state:running start_date:2025-02-07 22:33:51.572520+00:00
[2025-02-07T22:33:52.412+0000] {logging_mixin.py:190} INFO - Dag name:directory_and_file_verification_dag and current dag run status:running
[2025-02-07T22:33:52.413+0000] {taskinstance.py:731} INFO - ::endgroup::
[2025-02-07T22:33:52.415+0000] {baseoperator.py:421} WARNING - BranchPythonOperator.execute cannot be called outside TaskInstance!
[2025-02-07T22:33:52.423+0000] {python.py:240} INFO - Done. Returned value was: end
[2025-02-07T22:33:52.424+0000] {branch.py:38} INFO - Branch into end
[2025-02-07T22:33:52.425+0000] {skipmixin.py:230} INFO - Following branch ('end',)
[2025-02-07T22:33:52.457+0000] {skipmixin.py:278} INFO - Skipping tasks [('verify_file_reliability', -1)]
[2025-02-07T22:33:52.579+0000] {taskinstance.py:340} INFO - ::group::Post task execution logs
[2025-02-07T22:33:52.584+0000] {taskinstance.py:352} INFO - Marking task as SUCCESS. dag_id=directory_and_file_verification_dag, task_id=check_file_in_directory, run_id=scheduled__2025-02-07T01:12:00+00:00, execution_date=20250207T011200, start_date=20250207T223351, end_date=20250207T223352
[2025-02-07T22:33:52.621+0000] {logging_mixin.py:190} INFO - Task instance in success state
[2025-02-07T22:33:52.627+0000] {logging_mixin.py:190} INFO -  Previous state of the Task instance: running
[2025-02-07T22:33:52.630+0000] {logging_mixin.py:190} INFO - Dag name:directory_and_file_verification_dag queued_at:2025-02-07 22:33:16.507230+00:00
[2025-02-07T22:33:52.632+0000] {logging_mixin.py:190} INFO - Task hostname:003b7fbea265 operator:BranchPythonOperator
[2025-02-07T22:33:52.705+0000] {local_task_job_runner.py:266} INFO - Task exited with return code 0
[2025-02-07T22:33:52.751+0000] {local_task_job_runner.py:245} INFO - ::endgroup::
