[2025-02-09T20:25:04.952+0000] {local_task_job_runner.py:123} INFO - ::group::Pre task execution logs
[2025-02-09T20:25:05.104+0000] {taskinstance.py:2613} INFO - Dependencies all met for dep_context=non-requeueable deps ti=<TaskInstance: directory_and_file_verification_dag.check_file_in_directory manual__2025-02-09T20:24:45.794300+00:00 [queued]>
[2025-02-09T20:25:05.789+0000] {taskinstance.py:2613} INFO - Dependencies all met for dep_context=requeueable deps ti=<TaskInstance: directory_and_file_verification_dag.check_file_in_directory manual__2025-02-09T20:24:45.794300+00:00 [queued]>
[2025-02-09T20:25:05.794+0000] {taskinstance.py:2866} INFO - Starting attempt 1 of 1
[2025-02-09T20:25:05.875+0000] {taskinstance.py:2889} INFO - Executing <Task(BranchPythonOperator): check_file_in_directory> on 2025-02-09 20:24:45.794300+00:00
[2025-02-09T20:25:05.909+0000] {warnings.py:112} WARNING - /home/***/.local/lib/python3.12/site-packages/***/task/task_runner/standard_task_runner.py:70: DeprecationWarning: This process (pid=2528) is multi-threaded, use of fork() may lead to deadlocks in the child.
  pid = os.fork()

[2025-02-09T20:25:05.914+0000] {standard_task_runner.py:72} INFO - Started process 2530 to run task
[2025-02-09T20:25:05.920+0000] {standard_task_runner.py:104} INFO - Running: ['***', 'tasks', 'run', 'directory_and_file_verification_dag', 'check_file_in_directory', 'manual__2025-02-09T20:24:45.794300+00:00', '--job-id', '69', '--raw', '--subdir', 'DAGS_FOLDER/my_directory_and_file_checker.py', '--cfg-path', '/tmp/tmp9ywmp1v_']
[2025-02-09T20:25:05.926+0000] {standard_task_runner.py:105} INFO - Job 69: Subtask check_file_in_directory
[2025-02-09T20:25:06.122+0000] {task_command.py:467} INFO - Running <TaskInstance: directory_and_file_verification_dag.check_file_in_directory manual__2025-02-09T20:24:45.794300+00:00 [running]> on host b6443be51f35
[2025-02-09T20:25:06.474+0000] {taskinstance.py:3132} INFO - Exporting env vars: AIRFLOW_CTX_DAG_OWNER='***' AIRFLOW_CTX_DAG_ID='directory_and_file_verification_dag' AIRFLOW_CTX_TASK_ID='check_file_in_directory' AIRFLOW_CTX_EXECUTION_DATE='2025-02-09T20:24:45.794300+00:00' AIRFLOW_CTX_TRY_NUMBER='1' AIRFLOW_CTX_DAG_RUN_ID='manual__2025-02-09T20:24:45.794300+00:00'
[2025-02-09T20:25:06.478+0000] {logging_mixin.py:190} INFO - Task instance is in running state
[2025-02-09T20:25:06.481+0000] {logging_mixin.py:190} INFO -  Previous state of the Task instance: queued
[2025-02-09T20:25:06.506+0000] {logging_mixin.py:190} INFO - Current task name:check_file_in_directory state:running start_date:2025-02-09 20:25:05.117519+00:00
[2025-02-09T20:25:06.517+0000] {logging_mixin.py:190} INFO - Dag name:directory_and_file_verification_dag and current dag run status:running
[2025-02-09T20:25:06.520+0000] {taskinstance.py:731} INFO - ::endgroup::
[2025-02-09T20:25:06.522+0000] {baseoperator.py:421} WARNING - BranchPythonOperator.execute cannot be called outside TaskInstance!
[2025-02-09T20:25:06.524+0000] {logging_mixin.py:190} INFO - ca marche /opt/***/files/in ['.csv']
[2025-02-09T20:25:06.531+0000] {python.py:240} INFO - Done. Returned value was: verify_file_reliability
[2025-02-09T20:25:06.533+0000] {branch.py:38} INFO - Branch into verify_file_reliability
[2025-02-09T20:25:06.534+0000] {skipmixin.py:230} INFO - Following branch ('verify_file_reliability',)
[2025-02-09T20:25:06.588+0000] {skipmixin.py:278} INFO - Skipping tasks []
[2025-02-09T20:25:06.703+0000] {taskinstance.py:340} INFO - ::group::Post task execution logs
[2025-02-09T20:25:06.705+0000] {taskinstance.py:352} INFO - Marking task as SUCCESS. dag_id=directory_and_file_verification_dag, task_id=check_file_in_directory, run_id=manual__2025-02-09T20:24:45.794300+00:00, execution_date=20250209T202445, start_date=20250209T202505, end_date=20250209T202506
[2025-02-09T20:25:06.748+0000] {logging_mixin.py:190} INFO - Task instance in success state
[2025-02-09T20:25:06.753+0000] {logging_mixin.py:190} INFO -  Previous state of the Task instance: running
[2025-02-09T20:25:06.755+0000] {logging_mixin.py:190} INFO - Dag name:directory_and_file_verification_dag queued_at:2025-02-09 20:24:45.830462+00:00
[2025-02-09T20:25:06.756+0000] {logging_mixin.py:190} INFO - Task hostname:b6443be51f35 operator:BranchPythonOperator
[2025-02-09T20:25:06.845+0000] {local_task_job_runner.py:266} INFO - Task exited with return code 0
[2025-02-09T20:25:07.023+0000] {taskinstance.py:3895} INFO - 0 downstream tasks scheduled from follow-on schedule check
[2025-02-09T20:25:07.088+0000] {local_task_job_runner.py:245} INFO - ::endgroup::
