[2025-02-09T15:50:01.806+0000] {local_task_job_runner.py:123} INFO - ::group::Pre task execution logs
[2025-02-09T15:50:01.839+0000] {taskinstance.py:2613} INFO - Dependencies all met for dep_context=non-requeueable deps ti=<TaskInstance: directory_and_file_verification_dag.verify_file_reliability manual__2025-02-09T15:49:50.700081+00:00 [queued]>
[2025-02-09T15:50:01.996+0000] {taskinstance.py:2613} INFO - Dependencies all met for dep_context=requeueable deps ti=<TaskInstance: directory_and_file_verification_dag.verify_file_reliability manual__2025-02-09T15:49:50.700081+00:00 [queued]>
[2025-02-09T15:50:01.997+0000] {taskinstance.py:2866} INFO - Starting attempt 1 of 1
[2025-02-09T15:50:02.014+0000] {taskinstance.py:2889} INFO - Executing <Task(BranchPythonOperator): verify_file_reliability> on 2025-02-09 15:49:50.700081+00:00
[2025-02-09T15:50:02.022+0000] {warnings.py:112} WARNING - /home/***/.local/lib/python3.12/site-packages/***/task/task_runner/standard_task_runner.py:70: DeprecationWarning: This process (pid=367) is multi-threaded, use of fork() may lead to deadlocks in the child.
  pid = os.fork()

[2025-02-09T15:50:02.024+0000] {standard_task_runner.py:72} INFO - Started process 369 to run task
[2025-02-09T15:50:02.025+0000] {standard_task_runner.py:104} INFO - Running: ['***', 'tasks', 'run', 'directory_and_file_verification_dag', 'verify_file_reliability', 'manual__2025-02-09T15:49:50.700081+00:00', '--job-id', '26', '--raw', '--subdir', 'DAGS_FOLDER/my_directory_and_file_checker.py', '--cfg-path', '/tmp/tmps9d4j5u0']
[2025-02-09T15:50:02.026+0000] {standard_task_runner.py:105} INFO - Job 26: Subtask verify_file_reliability
[2025-02-09T15:50:02.083+0000] {task_command.py:467} INFO - Running <TaskInstance: directory_and_file_verification_dag.verify_file_reliability manual__2025-02-09T15:49:50.700081+00:00 [running]> on host d4cc7d48468b
[2025-02-09T15:50:02.188+0000] {taskinstance.py:3132} INFO - Exporting env vars: AIRFLOW_CTX_DAG_OWNER='***' AIRFLOW_CTX_DAG_ID='directory_and_file_verification_dag' AIRFLOW_CTX_TASK_ID='verify_file_reliability' AIRFLOW_CTX_EXECUTION_DATE='2025-02-09T15:49:50.700081+00:00' AIRFLOW_CTX_TRY_NUMBER='1' AIRFLOW_CTX_DAG_RUN_ID='manual__2025-02-09T15:49:50.700081+00:00'
[2025-02-09T15:50:02.190+0000] {logging_mixin.py:190} INFO - Task instance is in running state
[2025-02-09T15:50:02.191+0000] {logging_mixin.py:190} INFO -  Previous state of the Task instance: queued
[2025-02-09T15:50:02.191+0000] {logging_mixin.py:190} INFO - Current task name:verify_file_reliability state:running start_date:2025-02-09 15:50:01.840598+00:00
[2025-02-09T15:50:02.192+0000] {logging_mixin.py:190} INFO - Dag name:directory_and_file_verification_dag and current dag run status:running
[2025-02-09T15:50:02.193+0000] {taskinstance.py:731} INFO - ::endgroup::
[2025-02-09T15:50:02.193+0000] {baseoperator.py:421} WARNING - BranchPythonOperator.execute cannot be called outside TaskInstance!
[2025-02-09T15:50:02.195+0000] {logging_mixin.py:190} INFO - camarche22 /opt/***/files/in ['.csv'] ['utf-8', 'ISO-8859-1', 'Windows-1252']
[2025-02-09T15:50:02.209+0000] {my_directory_and_file_checker.py:139} ERROR - ❌ Erreur d'encodage (utf-8) pour Écritures.csv: 'utf-8' codec can't decode byte 0xb0 in position 1: invalid start byte
[2025-02-09T15:50:02.243+0000] {logging_mixin.py:190} INFO - 
📂 Contenu du fichier (ISO-8859-1): Écritures.csv
[2025-02-09T15:50:02.253+0000] {logging_mixin.py:190} INFO -   Date comptabilisation       N° lot Type écriture
0            31/12/2024  A-BNDK 2304    Production
1            31/12/2024  B-BNDK 2304    Production
2            31/12/2024  C-BNDK 2304    Production
3            31/12/2024  D-BNDK 2304    Production
4            31/12/2024  E-BNDK 2304    Production
[2025-02-09T15:50:03.764+0000] {logging_mixin.py:190} INFO - ✅Lignes  ('✅ Le fichier respecte les colonnes attendues et les types de données.', True) 9854
[2025-02-09T15:50:03.769+0000] {logging_mixin.py:190} INFO - merci
[2025-02-09T15:50:03.790+0000] {base.py:84} INFO - Retrieving connection 'mysql_conn'
[2025-02-09T15:50:03.816+0000] {logging_mixin.py:190} INFO - (('attendancedb',), ('caprostockdb',), ('information_schema',), ('mysql',), ('netvision_db',), ('performance_schema',), ('pointing_db',), ('posgpt_db',), ('pythondb',), ('sys',), ('testimportdb',))
[2025-02-09T15:50:03.893+0000] {logging_mixin.py:190} INFO - ⚠️ Données supprimées avant insertion.
[2025-02-09T15:50:05.224+0000] {sql.py:691} INFO - Loaded 1000 rows into temp_ecc so far
[2025-02-09T15:50:07.005+0000] {sql.py:691} INFO - Loaded 2000 rows into temp_ecc so far
[2025-02-09T15:50:08.713+0000] {sql.py:691} INFO - Loaded 3000 rows into temp_ecc so far
[2025-02-09T15:50:10.372+0000] {sql.py:691} INFO - Loaded 4000 rows into temp_ecc so far
[2025-02-09T15:50:12.529+0000] {sql.py:691} INFO - Loaded 5000 rows into temp_ecc so far
[2025-02-09T15:50:13.979+0000] {sql.py:691} INFO - Loaded 6000 rows into temp_ecc so far
[2025-02-09T15:50:15.288+0000] {sql.py:691} INFO - Loaded 7000 rows into temp_ecc so far
[2025-02-09T15:50:16.384+0000] {sql.py:691} INFO - Loaded 8000 rows into temp_ecc so far
[2025-02-09T15:50:17.594+0000] {sql.py:691} INFO - Loaded 9000 rows into temp_ecc so far
[2025-02-09T15:50:18.447+0000] {sql.py:694} INFO - Done loading. Loaded a total of 9854 rows into temp_ecc
[2025-02-09T15:50:18.451+0000] {logging_mixin.py:190} INFO - connexion sql reussie True
[2025-02-09T15:50:18.470+0000] {logging_mixin.py:190} INFO - ❌ Erreur lors du déplacement du fichier : [Errno 2] No such file or directory: '/opt/***/files/out/success/Écritures_20250209_155018.csv'
[2025-02-09T15:50:18.476+0000] {python.py:240} INFO - Done. Returned value was: end
[2025-02-09T15:50:18.477+0000] {branch.py:38} INFO - Branch into end
[2025-02-09T15:50:18.478+0000] {skipmixin.py:230} INFO - Following branch ('end',)
[2025-02-09T15:50:18.498+0000] {skipmixin.py:278} INFO - Skipping tasks []
[2025-02-09T15:50:18.539+0000] {taskinstance.py:340} INFO - ::group::Post task execution logs
[2025-02-09T15:50:18.541+0000] {taskinstance.py:352} INFO - Marking task as SUCCESS. dag_id=directory_and_file_verification_dag, task_id=verify_file_reliability, run_id=manual__2025-02-09T15:49:50.700081+00:00, execution_date=20250209T154950, start_date=20250209T155001, end_date=20250209T155018
[2025-02-09T15:50:18.554+0000] {logging_mixin.py:190} INFO - Task instance in success state
[2025-02-09T15:50:18.555+0000] {logging_mixin.py:190} INFO -  Previous state of the Task instance: running
[2025-02-09T15:50:18.555+0000] {logging_mixin.py:190} INFO - Dag name:directory_and_file_verification_dag queued_at:2025-02-09 15:49:50.760215+00:00
[2025-02-09T15:50:18.556+0000] {logging_mixin.py:190} INFO - Task hostname:d4cc7d48468b operator:BranchPythonOperator
[2025-02-09T15:50:18.579+0000] {local_task_job_runner.py:266} INFO - Task exited with return code 0
[2025-02-09T15:50:18.607+0000] {taskinstance.py:3895} INFO - 0 downstream tasks scheduled from follow-on schedule check
[2025-02-09T15:50:18.610+0000] {local_task_job_runner.py:245} INFO - ::endgroup::
