[2025-02-13T23:24:04.966+0000] {local_task_job_runner.py:123} INFO - ::group::Pre task execution logs
[2025-02-13T23:24:05.140+0000] {taskinstance.py:2613} INFO - Dependencies all met for dep_context=non-requeueable deps ti=<TaskInstance: IMPORTATION_ECRITURE_COMPTABLES_ARTICLE_dag.check_file_in_directory scheduled__2025-02-13T23:23:00+00:00 [queued]>
[2025-02-13T23:24:05.155+0000] {taskinstance.py:2613} INFO - Dependencies all met for dep_context=requeueable deps ti=<TaskInstance: IMPORTATION_ECRITURE_COMPTABLES_ARTICLE_dag.check_file_in_directory scheduled__2025-02-13T23:23:00+00:00 [queued]>
[2025-02-13T23:24:05.156+0000] {taskinstance.py:2866} INFO - Starting attempt 1 of 2
[2025-02-13T23:24:05.182+0000] {taskinstance.py:2889} INFO - Executing <Task(BranchPythonOperator): check_file_in_directory> on 2025-02-13 23:23:00+00:00
[2025-02-13T23:24:05.193+0000] {warnings.py:112} WARNING - /home/***/.local/lib/python3.12/site-packages/***/task/task_runner/standard_task_runner.py:70: DeprecationWarning: This process (pid=1815) is multi-threaded, use of fork() may lead to deadlocks in the child.
  pid = os.fork()

[2025-02-13T23:24:05.195+0000] {standard_task_runner.py:72} INFO - Started process 1817 to run task
[2025-02-13T23:24:05.195+0000] {standard_task_runner.py:104} INFO - Running: ['***', 'tasks', 'run', 'IMPORTATION_ECRITURE_COMPTABLES_ARTICLE_dag', 'check_file_in_directory', 'scheduled__2025-02-13T23:23:00+00:00', '--job-id', '8528', '--raw', '--subdir', 'DAGS_FOLDER/my_directory_and_file_checker.py', '--cfg-path', '/tmp/tmpzmv7ytjy']
[2025-02-13T23:24:05.197+0000] {standard_task_runner.py:105} INFO - Job 8528: Subtask check_file_in_directory
[2025-02-13T23:24:05.253+0000] {task_command.py:467} INFO - Running <TaskInstance: IMPORTATION_ECRITURE_COMPTABLES_ARTICLE_dag.check_file_in_directory scheduled__2025-02-13T23:23:00+00:00 [running]> on host b6443be51f35
[2025-02-13T23:24:05.377+0000] {taskinstance.py:3132} INFO - Exporting env vars: AIRFLOW_CTX_DAG_OWNER='***' AIRFLOW_CTX_DAG_ID='IMPORTATION_ECRITURE_COMPTABLES_ARTICLE_dag' AIRFLOW_CTX_TASK_ID='check_file_in_directory' AIRFLOW_CTX_EXECUTION_DATE='2025-02-13T23:23:00+00:00' AIRFLOW_CTX_TRY_NUMBER='1' AIRFLOW_CTX_DAG_RUN_ID='scheduled__2025-02-13T23:23:00+00:00'
[2025-02-13T23:24:05.378+0000] {logging_mixin.py:190} INFO - Task instance is in running state
[2025-02-13T23:24:05.379+0000] {logging_mixin.py:190} INFO -  Previous state of the Task instance: queued
[2025-02-13T23:24:05.379+0000] {logging_mixin.py:190} INFO - Current task name:check_file_in_directory state:running start_date:2025-02-13 23:24:05.141513+00:00
[2025-02-13T23:24:05.380+0000] {logging_mixin.py:190} INFO - Dag name:IMPORTATION_ECRITURE_COMPTABLES_ARTICLE_dag and current dag run status:running
[2025-02-13T23:24:05.380+0000] {taskinstance.py:731} INFO - ::endgroup::
[2025-02-13T23:24:05.381+0000] {baseoperator.py:421} WARNING - BranchPythonOperator.execute cannot be called outside TaskInstance!
[2025-02-13T23:24:05.382+0000] {logging_mixin.py:190} INFO - ca marche /opt/***/files/in ['.csv']
[2025-02-13T23:24:05.384+0000] {python.py:240} INFO - Done. Returned value was: verify_file_reliability
[2025-02-13T23:24:05.384+0000] {branch.py:38} INFO - Branch into verify_file_reliability
[2025-02-13T23:24:05.385+0000] {skipmixin.py:230} INFO - Following branch ('verify_file_reliability',)
[2025-02-13T23:24:05.396+0000] {skipmixin.py:278} INFO - Skipping tasks []
[2025-02-13T23:24:05.430+0000] {taskinstance.py:340} INFO - ::group::Post task execution logs
[2025-02-13T23:24:05.431+0000] {taskinstance.py:352} INFO - Marking task as SUCCESS. dag_id=IMPORTATION_ECRITURE_COMPTABLES_ARTICLE_dag, task_id=check_file_in_directory, run_id=scheduled__2025-02-13T23:23:00+00:00, execution_date=20250213T232300, start_date=20250213T232405, end_date=20250213T232405
[2025-02-13T23:24:05.441+0000] {logging_mixin.py:190} INFO - Task instance in success state
[2025-02-13T23:24:05.442+0000] {logging_mixin.py:190} INFO -  Previous state of the Task instance: running
[2025-02-13T23:24:05.442+0000] {logging_mixin.py:190} INFO - Dag name:IMPORTATION_ECRITURE_COMPTABLES_ARTICLE_dag queued_at:2025-02-13 23:24:00.742146+00:00
[2025-02-13T23:24:05.442+0000] {logging_mixin.py:190} INFO - Task hostname:b6443be51f35 operator:BranchPythonOperator
[2025-02-13T23:24:05.490+0000] {local_task_job_runner.py:266} INFO - Task exited with return code 0
[2025-02-13T23:24:05.537+0000] {taskinstance.py:3895} INFO - 1 downstream tasks scheduled from follow-on schedule check
[2025-02-13T23:24:05.541+0000] {local_task_job_runner.py:245} INFO - ::endgroup::
[2025-02-13T23:24:26.624+0000] {local_task_job_runner.py:123} INFO - ::group::Pre task execution logs
[2025-02-13T23:24:26.790+0000] {taskinstance.py:2613} INFO - Dependencies all met for dep_context=non-requeueable deps ti=<TaskInstance: IMPORTATION_ECRITURE_COMPTABLES_ARTICLE_dag.check_file_in_directory scheduled__2025-02-13T23:23:00+00:00 [queued]>
[2025-02-13T23:24:26.804+0000] {taskinstance.py:2613} INFO - Dependencies all met for dep_context=requeueable deps ti=<TaskInstance: IMPORTATION_ECRITURE_COMPTABLES_ARTICLE_dag.check_file_in_directory scheduled__2025-02-13T23:23:00+00:00 [queued]>
[2025-02-13T23:24:26.805+0000] {taskinstance.py:2866} INFO - Starting attempt 1 of 2
[2025-02-13T23:24:26.820+0000] {taskinstance.py:2889} INFO - Executing <Task(BranchPythonOperator): check_file_in_directory> on 2025-02-13 23:23:00+00:00
[2025-02-13T23:24:26.827+0000] {warnings.py:112} WARNING - /home/***/.local/lib/python3.12/site-packages/***/task/task_runner/standard_task_runner.py:70: DeprecationWarning: This process (pid=1834) is multi-threaded, use of fork() may lead to deadlocks in the child.
  pid = os.fork()

[2025-02-13T23:24:26.828+0000] {standard_task_runner.py:72} INFO - Started process 1839 to run task
[2025-02-13T23:24:26.830+0000] {standard_task_runner.py:104} INFO - Running: ['***', 'tasks', 'run', 'IMPORTATION_ECRITURE_COMPTABLES_ARTICLE_dag', 'check_file_in_directory', 'scheduled__2025-02-13T23:23:00+00:00', '--job-id', '8531', '--raw', '--subdir', 'DAGS_FOLDER/my_directory_and_file_checker.py', '--cfg-path', '/tmp/tmpy8lodawo']
[2025-02-13T23:24:26.832+0000] {standard_task_runner.py:105} INFO - Job 8531: Subtask check_file_in_directory
[2025-02-13T23:24:26.899+0000] {task_command.py:467} INFO - Running <TaskInstance: IMPORTATION_ECRITURE_COMPTABLES_ARTICLE_dag.check_file_in_directory scheduled__2025-02-13T23:23:00+00:00 [running]> on host b6443be51f35
[2025-02-13T23:24:27.011+0000] {taskinstance.py:3132} INFO - Exporting env vars: AIRFLOW_CTX_DAG_OWNER='***' AIRFLOW_CTX_DAG_ID='IMPORTATION_ECRITURE_COMPTABLES_ARTICLE_dag' AIRFLOW_CTX_TASK_ID='check_file_in_directory' AIRFLOW_CTX_EXECUTION_DATE='2025-02-13T23:23:00+00:00' AIRFLOW_CTX_TRY_NUMBER='1' AIRFLOW_CTX_DAG_RUN_ID='scheduled__2025-02-13T23:23:00+00:00'
[2025-02-13T23:24:27.013+0000] {logging_mixin.py:190} INFO - Task instance is in running state
[2025-02-13T23:24:27.014+0000] {logging_mixin.py:190} INFO -  Previous state of the Task instance: queued
[2025-02-13T23:24:27.014+0000] {logging_mixin.py:190} INFO - Current task name:check_file_in_directory state:running start_date:2025-02-13 23:24:26.791419+00:00
[2025-02-13T23:24:27.015+0000] {logging_mixin.py:190} INFO - Dag name:IMPORTATION_ECRITURE_COMPTABLES_ARTICLE_dag and current dag run status:running
[2025-02-13T23:24:27.016+0000] {taskinstance.py:731} INFO - ::endgroup::
[2025-02-13T23:24:27.016+0000] {baseoperator.py:421} WARNING - BranchPythonOperator.execute cannot be called outside TaskInstance!
[2025-02-13T23:24:27.017+0000] {logging_mixin.py:190} INFO - ca marche /opt/***/files/in ['.csv']
[2025-02-13T23:24:27.021+0000] {python.py:240} INFO - Done. Returned value was: verify_file_reliability
[2025-02-13T23:24:27.022+0000] {branch.py:38} INFO - Branch into verify_file_reliability
[2025-02-13T23:24:27.022+0000] {skipmixin.py:230} INFO - Following branch ('verify_file_reliability',)
[2025-02-13T23:24:27.038+0000] {skipmixin.py:278} INFO - Skipping tasks []
[2025-02-13T23:24:27.067+0000] {taskinstance.py:340} INFO - ::group::Post task execution logs
[2025-02-13T23:24:27.068+0000] {taskinstance.py:352} INFO - Marking task as SUCCESS. dag_id=IMPORTATION_ECRITURE_COMPTABLES_ARTICLE_dag, task_id=check_file_in_directory, run_id=scheduled__2025-02-13T23:23:00+00:00, execution_date=20250213T232300, start_date=20250213T232426, end_date=20250213T232427
[2025-02-13T23:24:27.080+0000] {logging_mixin.py:190} INFO - Task instance in success state
[2025-02-13T23:24:27.081+0000] {logging_mixin.py:190} INFO -  Previous state of the Task instance: running
[2025-02-13T23:24:27.081+0000] {logging_mixin.py:190} INFO - Dag name:IMPORTATION_ECRITURE_COMPTABLES_ARTICLE_dag queued_at:2025-02-13 23:24:22.200770+00:00
[2025-02-13T23:24:27.081+0000] {logging_mixin.py:190} INFO - Task hostname:b6443be51f35 operator:BranchPythonOperator
[2025-02-13T23:24:27.124+0000] {local_task_job_runner.py:266} INFO - Task exited with return code 0
[2025-02-13T23:24:27.159+0000] {taskinstance.py:3895} INFO - 1 downstream tasks scheduled from follow-on schedule check
[2025-02-13T23:24:27.162+0000] {local_task_job_runner.py:245} INFO - ::endgroup::
