[2025-02-07T11:57:03.352+0000] {local_task_job_runner.py:123} INFO - ::group::Pre task execution logs
[2025-02-07T11:57:03.524+0000] {taskinstance.py:2613} INFO - Dependencies all met for dep_context=non-requeueable deps ti=<TaskInstance: directory_and_file_verification_dag.verify_file_reliability manual__2025-02-07T11:56:55.935173+00:00 [queued]>
[2025-02-07T11:57:03.535+0000] {taskinstance.py:2613} INFO - Dependencies all met for dep_context=requeueable deps ti=<TaskInstance: directory_and_file_verification_dag.verify_file_reliability manual__2025-02-07T11:56:55.935173+00:00 [queued]>
[2025-02-07T11:57:03.536+0000] {taskinstance.py:2866} INFO - Starting attempt 1 of 1
[2025-02-07T11:57:03.549+0000] {taskinstance.py:2889} INFO - Executing <Task(BranchPythonOperator): verify_file_reliability> on 2025-02-07 11:56:55.935173+00:00
[2025-02-07T11:57:03.555+0000] {warnings.py:112} WARNING - /home/***/.local/lib/python3.12/site-packages/***/task/task_runner/standard_task_runner.py:70: DeprecationWarning: This process (pid=14012) is multi-threaded, use of fork() may lead to deadlocks in the child.
  pid = os.fork()

[2025-02-07T11:57:03.557+0000] {standard_task_runner.py:72} INFO - Started process 14014 to run task
[2025-02-07T11:57:03.557+0000] {standard_task_runner.py:104} INFO - Running: ['***', 'tasks', 'run', 'directory_and_file_verification_dag', 'verify_file_reliability', 'manual__2025-02-07T11:56:55.935173+00:00', '--job-id', '811', '--raw', '--subdir', 'DAGS_FOLDER/my_directory_and_file_checker.py', '--cfg-path', '/tmp/tmphur8a54z']
[2025-02-07T11:57:03.558+0000] {standard_task_runner.py:105} INFO - Job 811: Subtask verify_file_reliability
[2025-02-07T11:57:03.601+0000] {task_command.py:467} INFO - Running <TaskInstance: directory_and_file_verification_dag.verify_file_reliability manual__2025-02-07T11:56:55.935173+00:00 [running]> on host 003b7fbea265
[2025-02-07T11:57:03.669+0000] {taskinstance.py:3132} INFO - Exporting env vars: AIRFLOW_CTX_DAG_OWNER='***' AIRFLOW_CTX_DAG_ID='directory_and_file_verification_dag' AIRFLOW_CTX_TASK_ID='verify_file_reliability' AIRFLOW_CTX_EXECUTION_DATE='2025-02-07T11:56:55.935173+00:00' AIRFLOW_CTX_TRY_NUMBER='1' AIRFLOW_CTX_DAG_RUN_ID='manual__2025-02-07T11:56:55.935173+00:00'
[2025-02-07T11:57:03.670+0000] {logging_mixin.py:190} INFO - Task instance is in running state
[2025-02-07T11:57:03.671+0000] {logging_mixin.py:190} INFO -  Previous state of the Task instance: queued
[2025-02-07T11:57:03.672+0000] {logging_mixin.py:190} INFO - Current task name:verify_file_reliability state:running start_date:2025-02-07 11:57:03.525163+00:00
[2025-02-07T11:57:03.672+0000] {logging_mixin.py:190} INFO - Dag name:directory_and_file_verification_dag and current dag run status:running
[2025-02-07T11:57:03.673+0000] {taskinstance.py:731} INFO - ::endgroup::
[2025-02-07T11:57:03.673+0000] {baseoperator.py:421} WARNING - BranchPythonOperator.execute cannot be called outside TaskInstance!
[2025-02-07T11:57:03.695+0000] {my_directory_and_file_checker.py:101} ERROR - ❌ Erreur d'encodage (utf-8) pour Écritures.csv: 'utf-8' codec can't decode byte 0xb0 in position 1: invalid start byte
[2025-02-07T11:57:03.711+0000] {logging_mixin.py:190} INFO - 
📂 Contenu du fichier (ISO-8859-1): Écritures.csv
[2025-02-07T11:57:03.721+0000] {logging_mixin.py:190} INFO -   Date comptabilisation       N° lot Type écriture
0            31/12/2024  A-BNDK 2304    Production
1            31/12/2024  B-BNDK 2304    Production
2            31/12/2024  C-BNDK 2304    Production
3            31/12/2024  D-BNDK 2304    Production
4            31/12/2024  E-BNDK 2304    Production
[2025-02-07T11:57:03.730+0000] {logging_mixin.py:190} INFO - borisPanda3 <class 'pandas.core.frame.DataFrame'>   Accounting_Date   Lot_Number Type_ecriture
0      31/12/2024  A-BNDK 2304    Production
1      31/12/2024  B-BNDK 2304    Production
2      31/12/2024  C-BNDK 2304    Production
3      31/12/2024  D-BNDK 2304    Production
4      31/12/2024  E-BNDK 2304    Production
[2025-02-07T11:58:19.546+0000] {logging_mixin.py:190} INFO - ✅Lignes  ('✅ Le fichier respecte les colonnes attendues et les types de données.', True) 9854
[2025-02-07T11:58:19.549+0000] {logging_mixin.py:190} INFO - merci
[2025-02-07T11:58:19.564+0000] {base.py:84} INFO - Retrieving connection 'mysql_conn'
[2025-02-07T11:58:19.584+0000] {logging_mixin.py:190} INFO - (('attendancedb',), ('caprostockdb',), ('information_schema',), ('mysql',), ('netvision_db',), ('performance_schema',), ('pointing_db',), ('posgpt_db',), ('pythondb',), ('sys',), ('testimportdb',))
[2025-02-07T11:58:20.569+0000] {sql.py:691} INFO - Loaded 1000 rows into temp_ecc so far
[2025-02-07T11:58:21.971+0000] {sql.py:691} INFO - Loaded 2000 rows into temp_ecc so far
[2025-02-07T11:58:23.021+0000] {sql.py:691} INFO - Loaded 3000 rows into temp_ecc so far
[2025-02-07T11:58:23.984+0000] {sql.py:691} INFO - Loaded 4000 rows into temp_ecc so far
[2025-02-07T11:58:25.012+0000] {sql.py:691} INFO - Loaded 5000 rows into temp_ecc so far
[2025-02-07T11:58:26.003+0000] {sql.py:691} INFO - Loaded 6000 rows into temp_ecc so far
[2025-02-07T11:58:26.986+0000] {sql.py:691} INFO - Loaded 7000 rows into temp_ecc so far
[2025-02-07T11:58:28.177+0000] {sql.py:691} INFO - Loaded 8000 rows into temp_ecc so far
[2025-02-07T11:58:29.515+0000] {sql.py:691} INFO - Loaded 9000 rows into temp_ecc so far
[2025-02-07T11:58:30.531+0000] {sql.py:694} INFO - Done loading. Loaded a total of 9854 rows into temp_ecc
[2025-02-07T11:58:30.534+0000] {logging_mixin.py:190} INFO - connexion sql reussie True
[2025-02-07T11:58:30.544+0000] {logging_mixin.py:190} INFO - Afficher   Accounting_Date   Lot_Number Type_ecriture
0      2024-12-31  A-BNDK 2304    Production
1      2024-12-31  B-BNDK 2304    Production
2      2024-12-31  C-BNDK 2304    Production
3      2024-12-31  D-BNDK 2304    Production
4      2024-12-31  E-BNDK 2304    Production
[2025-02-07T11:58:30.546+0000] {python.py:240} INFO - Done. Returned value was: end
[2025-02-07T11:58:30.547+0000] {branch.py:38} INFO - Branch into end
[2025-02-07T11:58:30.548+0000] {skipmixin.py:230} INFO - Following branch ('end',)
[2025-02-07T11:58:30.566+0000] {skipmixin.py:278} INFO - Skipping tasks []
[2025-02-07T11:58:30.610+0000] {taskinstance.py:340} INFO - ::group::Post task execution logs
[2025-02-07T11:58:30.611+0000] {taskinstance.py:352} INFO - Marking task as SUCCESS. dag_id=directory_and_file_verification_dag, task_id=verify_file_reliability, run_id=manual__2025-02-07T11:56:55.935173+00:00, execution_date=20250207T115655, start_date=20250207T115703, end_date=20250207T115830
[2025-02-07T11:58:30.632+0000] {logging_mixin.py:190} INFO - Task instance in success state
[2025-02-07T11:58:30.633+0000] {logging_mixin.py:190} INFO -  Previous state of the Task instance: running
[2025-02-07T11:58:30.635+0000] {logging_mixin.py:190} INFO - Dag name:directory_and_file_verification_dag queued_at:2025-02-07 11:56:56.010114+00:00
[2025-02-07T11:58:30.635+0000] {logging_mixin.py:190} INFO - Task hostname:003b7fbea265 operator:BranchPythonOperator
[2025-02-07T11:58:30.680+0000] {local_task_job_runner.py:266} INFO - Task exited with return code 0
[2025-02-07T11:58:30.708+0000] {taskinstance.py:3895} INFO - 0 downstream tasks scheduled from follow-on schedule check
[2025-02-07T11:58:30.710+0000] {local_task_job_runner.py:245} INFO - ::endgroup::
