[2025-02-11T00:05:03.682+0000] {local_task_job_runner.py:123} INFO - ::group::Pre task execution logs
[2025-02-11T00:05:03.868+0000] {taskinstance.py:2613} INFO - Dependencies all met for dep_context=non-requeueable deps ti=<TaskInstance: IMPORTATION_ECRITURE_COMPTABLES_ARTICLE_dag.check_file_in_directory scheduled__2025-02-11T00:04:00+00:00 [queued]>
[2025-02-11T00:05:03.881+0000] {taskinstance.py:2613} INFO - Dependencies all met for dep_context=requeueable deps ti=<TaskInstance: IMPORTATION_ECRITURE_COMPTABLES_ARTICLE_dag.check_file_in_directory scheduled__2025-02-11T00:04:00+00:00 [queued]>
[2025-02-11T00:05:03.882+0000] {taskinstance.py:2866} INFO - Starting attempt 1 of 2
[2025-02-11T00:05:03.896+0000] {taskinstance.py:2889} INFO - Executing <Task(BranchPythonOperator): check_file_in_directory> on 2025-02-11 00:04:00+00:00
[2025-02-11T00:05:03.904+0000] {warnings.py:112} WARNING - /home/***/.local/lib/python3.12/site-packages/***/task/task_runner/standard_task_runner.py:70: DeprecationWarning: This process (pid=2993) is multi-threaded, use of fork() may lead to deadlocks in the child.
  pid = os.fork()

[2025-02-11T00:05:03.906+0000] {standard_task_runner.py:72} INFO - Started process 2995 to run task
[2025-02-11T00:05:03.907+0000] {standard_task_runner.py:104} INFO - Running: ['***', 'tasks', 'run', 'IMPORTATION_ECRITURE_COMPTABLES_ARTICLE_dag', 'check_file_in_directory', 'scheduled__2025-02-11T00:04:00+00:00', '--job-id', '1627', '--raw', '--subdir', 'DAGS_FOLDER/my_directory_and_file_checker.py', '--cfg-path', '/tmp/tmpshevfdgu']
[2025-02-11T00:05:03.908+0000] {standard_task_runner.py:105} INFO - Job 1627: Subtask check_file_in_directory
[2025-02-11T00:05:03.962+0000] {task_command.py:467} INFO - Running <TaskInstance: IMPORTATION_ECRITURE_COMPTABLES_ARTICLE_dag.check_file_in_directory scheduled__2025-02-11T00:04:00+00:00 [running]> on host b6443be51f35
[2025-02-11T00:05:04.070+0000] {taskinstance.py:3132} INFO - Exporting env vars: AIRFLOW_CTX_DAG_OWNER='***' AIRFLOW_CTX_DAG_ID='IMPORTATION_ECRITURE_COMPTABLES_ARTICLE_dag' AIRFLOW_CTX_TASK_ID='check_file_in_directory' AIRFLOW_CTX_EXECUTION_DATE='2025-02-11T00:04:00+00:00' AIRFLOW_CTX_TRY_NUMBER='1' AIRFLOW_CTX_DAG_RUN_ID='scheduled__2025-02-11T00:04:00+00:00'
[2025-02-11T00:05:04.071+0000] {logging_mixin.py:190} INFO - Task instance is in running state
[2025-02-11T00:05:04.072+0000] {logging_mixin.py:190} INFO -  Previous state of the Task instance: queued
[2025-02-11T00:05:04.072+0000] {logging_mixin.py:190} INFO - Current task name:check_file_in_directory state:running start_date:2025-02-11 00:05:03.869572+00:00
[2025-02-11T00:05:04.073+0000] {logging_mixin.py:190} INFO - Dag name:IMPORTATION_ECRITURE_COMPTABLES_ARTICLE_dag and current dag run status:running
[2025-02-11T00:05:04.073+0000] {taskinstance.py:731} INFO - ::endgroup::
[2025-02-11T00:05:04.074+0000] {baseoperator.py:421} WARNING - BranchPythonOperator.execute cannot be called outside TaskInstance!
[2025-02-11T00:05:04.075+0000] {logging_mixin.py:190} INFO - ca marche /opt/***/files/in ['.csv']
[2025-02-11T00:05:04.077+0000] {python.py:240} INFO - Done. Returned value was: verify_file_reliability
[2025-02-11T00:05:04.077+0000] {branch.py:38} INFO - Branch into verify_file_reliability
[2025-02-11T00:05:04.078+0000] {skipmixin.py:230} INFO - Following branch ('verify_file_reliability',)
[2025-02-11T00:05:04.090+0000] {skipmixin.py:278} INFO - Skipping tasks []
[2025-02-11T00:05:04.118+0000] {taskinstance.py:340} INFO - ::group::Post task execution logs
[2025-02-11T00:05:04.119+0000] {taskinstance.py:352} INFO - Marking task as SUCCESS. dag_id=IMPORTATION_ECRITURE_COMPTABLES_ARTICLE_dag, task_id=check_file_in_directory, run_id=scheduled__2025-02-11T00:04:00+00:00, execution_date=20250211T000400, start_date=20250211T000503, end_date=20250211T000504
[2025-02-11T00:05:04.129+0000] {logging_mixin.py:190} INFO - Task instance in success state
[2025-02-11T00:05:04.130+0000] {logging_mixin.py:190} INFO -  Previous state of the Task instance: running
[2025-02-11T00:05:04.130+0000] {logging_mixin.py:190} INFO - Dag name:IMPORTATION_ECRITURE_COMPTABLES_ARTICLE_dag queued_at:2025-02-11 00:05:00.239219+00:00
[2025-02-11T00:05:04.131+0000] {logging_mixin.py:190} INFO - Task hostname:b6443be51f35 operator:BranchPythonOperator
[2025-02-11T00:05:04.162+0000] {local_task_job_runner.py:266} INFO - Task exited with return code 0
[2025-02-11T00:05:04.198+0000] {taskinstance.py:3895} INFO - 1 downstream tasks scheduled from follow-on schedule check
[2025-02-11T00:05:04.200+0000] {local_task_job_runner.py:245} INFO - ::endgroup::
