[2025-02-11T08:57:03.980+0000] {local_task_job_runner.py:123} INFO - ::group::Pre task execution logs
[2025-02-11T08:57:04.096+0000] {taskinstance.py:2613} INFO - Dependencies all met for dep_context=non-requeueable deps ti=<TaskInstance: IMPORTATION_ECRITURE_COMPTABLES_ARTICLE_dag.check_file_in_directory scheduled__2025-02-11T08:56:00+00:00 [queued]>
[2025-02-11T08:57:04.105+0000] {taskinstance.py:2613} INFO - Dependencies all met for dep_context=requeueable deps ti=<TaskInstance: IMPORTATION_ECRITURE_COMPTABLES_ARTICLE_dag.check_file_in_directory scheduled__2025-02-11T08:56:00+00:00 [queued]>
[2025-02-11T08:57:04.106+0000] {taskinstance.py:2866} INFO - Starting attempt 1 of 2
[2025-02-11T08:57:04.116+0000] {taskinstance.py:2889} INFO - Executing <Task(BranchPythonOperator): check_file_in_directory> on 2025-02-11 08:56:00+00:00
[2025-02-11T08:57:04.125+0000] {warnings.py:112} WARNING - /home/***/.local/lib/python3.12/site-packages/***/task/task_runner/standard_task_runner.py:70: DeprecationWarning: This process (pid=4871) is multi-threaded, use of fork() may lead to deadlocks in the child.
  pid = os.fork()

[2025-02-11T08:57:04.126+0000] {standard_task_runner.py:72} INFO - Started process 4880 to run task
[2025-02-11T08:57:04.127+0000] {standard_task_runner.py:104} INFO - Running: ['***', 'tasks', 'run', 'IMPORTATION_ECRITURE_COMPTABLES_ARTICLE_dag', 'check_file_in_directory', 'scheduled__2025-02-11T08:56:00+00:00', '--job-id', '1897', '--raw', '--subdir', 'DAGS_FOLDER/my_directory_and_file_checker.py', '--cfg-path', '/tmp/tmpn8vldqvs']
[2025-02-11T08:57:04.128+0000] {standard_task_runner.py:105} INFO - Job 1897: Subtask check_file_in_directory
[2025-02-11T08:57:04.166+0000] {task_command.py:467} INFO - Running <TaskInstance: IMPORTATION_ECRITURE_COMPTABLES_ARTICLE_dag.check_file_in_directory scheduled__2025-02-11T08:56:00+00:00 [running]> on host b6443be51f35
[2025-02-11T08:57:04.244+0000] {taskinstance.py:3132} INFO - Exporting env vars: AIRFLOW_CTX_DAG_OWNER='***' AIRFLOW_CTX_DAG_ID='IMPORTATION_ECRITURE_COMPTABLES_ARTICLE_dag' AIRFLOW_CTX_TASK_ID='check_file_in_directory' AIRFLOW_CTX_EXECUTION_DATE='2025-02-11T08:56:00+00:00' AIRFLOW_CTX_TRY_NUMBER='1' AIRFLOW_CTX_DAG_RUN_ID='scheduled__2025-02-11T08:56:00+00:00'
[2025-02-11T08:57:04.246+0000] {logging_mixin.py:190} INFO - Task instance is in running state
[2025-02-11T08:57:04.246+0000] {logging_mixin.py:190} INFO -  Previous state of the Task instance: queued
[2025-02-11T08:57:04.247+0000] {logging_mixin.py:190} INFO - Current task name:check_file_in_directory state:running start_date:2025-02-11 08:57:04.097695+00:00
[2025-02-11T08:57:04.247+0000] {logging_mixin.py:190} INFO - Dag name:IMPORTATION_ECRITURE_COMPTABLES_ARTICLE_dag and current dag run status:running
[2025-02-11T08:57:04.248+0000] {taskinstance.py:731} INFO - ::endgroup::
[2025-02-11T08:57:04.248+0000] {baseoperator.py:421} WARNING - BranchPythonOperator.execute cannot be called outside TaskInstance!
[2025-02-11T08:57:04.249+0000] {logging_mixin.py:190} INFO - ca marche /opt/***/files/in ['.csv']
[2025-02-11T08:57:04.251+0000] {python.py:240} INFO - Done. Returned value was: verify_file_reliability
[2025-02-11T08:57:04.251+0000] {branch.py:38} INFO - Branch into verify_file_reliability
[2025-02-11T08:57:04.252+0000] {skipmixin.py:230} INFO - Following branch ('verify_file_reliability',)
[2025-02-11T08:57:04.264+0000] {skipmixin.py:278} INFO - Skipping tasks []
[2025-02-11T08:57:04.295+0000] {taskinstance.py:340} INFO - ::group::Post task execution logs
[2025-02-11T08:57:04.296+0000] {taskinstance.py:352} INFO - Marking task as SUCCESS. dag_id=IMPORTATION_ECRITURE_COMPTABLES_ARTICLE_dag, task_id=check_file_in_directory, run_id=scheduled__2025-02-11T08:56:00+00:00, execution_date=20250211T085600, start_date=20250211T085704, end_date=20250211T085704
[2025-02-11T08:57:04.305+0000] {logging_mixin.py:190} INFO - Task instance in success state
[2025-02-11T08:57:04.306+0000] {logging_mixin.py:190} INFO -  Previous state of the Task instance: running
[2025-02-11T08:57:04.306+0000] {logging_mixin.py:190} INFO - Dag name:IMPORTATION_ECRITURE_COMPTABLES_ARTICLE_dag queued_at:2025-02-11 08:57:00.630732+00:00
[2025-02-11T08:57:04.307+0000] {logging_mixin.py:190} INFO - Task hostname:b6443be51f35 operator:BranchPythonOperator
[2025-02-11T08:57:04.341+0000] {local_task_job_runner.py:266} INFO - Task exited with return code 0
[2025-02-11T08:57:04.367+0000] {taskinstance.py:3895} INFO - 1 downstream tasks scheduled from follow-on schedule check
[2025-02-11T08:57:04.370+0000] {local_task_job_runner.py:245} INFO - ::endgroup::
[2025-02-11T08:57:53.439+0000] {local_task_job_runner.py:123} INFO - ::group::Pre task execution logs
[2025-02-11T08:57:53.579+0000] {taskinstance.py:2613} INFO - Dependencies all met for dep_context=non-requeueable deps ti=<TaskInstance: IMPORTATION_ECRITURE_COMPTABLES_ARTICLE_dag.check_file_in_directory scheduled__2025-02-11T08:56:00+00:00 [queued]>
[2025-02-11T08:57:53.589+0000] {taskinstance.py:2613} INFO - Dependencies all met for dep_context=requeueable deps ti=<TaskInstance: IMPORTATION_ECRITURE_COMPTABLES_ARTICLE_dag.check_file_in_directory scheduled__2025-02-11T08:56:00+00:00 [queued]>
[2025-02-11T08:57:53.589+0000] {taskinstance.py:2866} INFO - Starting attempt 1 of 2
[2025-02-11T08:57:53.601+0000] {taskinstance.py:2889} INFO - Executing <Task(BranchPythonOperator): check_file_in_directory> on 2025-02-11 08:56:00+00:00
[2025-02-11T08:57:53.608+0000] {warnings.py:112} WARNING - /home/***/.local/lib/python3.12/site-packages/***/task/task_runner/standard_task_runner.py:70: DeprecationWarning: This process (pid=4897) is multi-threaded, use of fork() may lead to deadlocks in the child.
  pid = os.fork()

[2025-02-11T08:57:53.609+0000] {standard_task_runner.py:72} INFO - Started process 4899 to run task
[2025-02-11T08:57:53.609+0000] {standard_task_runner.py:104} INFO - Running: ['***', 'tasks', 'run', 'IMPORTATION_ECRITURE_COMPTABLES_ARTICLE_dag', 'check_file_in_directory', 'scheduled__2025-02-11T08:56:00+00:00', '--job-id', '1900', '--raw', '--subdir', 'DAGS_FOLDER/my_directory_and_file_checker.py', '--cfg-path', '/tmp/tmp5nadivet']
[2025-02-11T08:57:53.610+0000] {standard_task_runner.py:105} INFO - Job 1900: Subtask check_file_in_directory
[2025-02-11T08:57:53.650+0000] {task_command.py:467} INFO - Running <TaskInstance: IMPORTATION_ECRITURE_COMPTABLES_ARTICLE_dag.check_file_in_directory scheduled__2025-02-11T08:56:00+00:00 [running]> on host b6443be51f35
[2025-02-11T08:57:53.713+0000] {taskinstance.py:3132} INFO - Exporting env vars: AIRFLOW_CTX_DAG_OWNER='***' AIRFLOW_CTX_DAG_ID='IMPORTATION_ECRITURE_COMPTABLES_ARTICLE_dag' AIRFLOW_CTX_TASK_ID='check_file_in_directory' AIRFLOW_CTX_EXECUTION_DATE='2025-02-11T08:56:00+00:00' AIRFLOW_CTX_TRY_NUMBER='1' AIRFLOW_CTX_DAG_RUN_ID='scheduled__2025-02-11T08:56:00+00:00'
[2025-02-11T08:57:53.715+0000] {logging_mixin.py:190} INFO - Task instance is in running state
[2025-02-11T08:57:53.716+0000] {logging_mixin.py:190} INFO -  Previous state of the Task instance: queued
[2025-02-11T08:57:53.716+0000] {logging_mixin.py:190} INFO - Current task name:check_file_in_directory state:running start_date:2025-02-11 08:57:53.580524+00:00
[2025-02-11T08:57:53.717+0000] {logging_mixin.py:190} INFO - Dag name:IMPORTATION_ECRITURE_COMPTABLES_ARTICLE_dag and current dag run status:running
[2025-02-11T08:57:53.717+0000] {taskinstance.py:731} INFO - ::endgroup::
[2025-02-11T08:57:53.718+0000] {baseoperator.py:421} WARNING - BranchPythonOperator.execute cannot be called outside TaskInstance!
[2025-02-11T08:57:53.719+0000] {logging_mixin.py:190} INFO - ca marche /opt/***/files/in ['.csv']
[2025-02-11T08:57:53.722+0000] {python.py:240} INFO - Done. Returned value was: verify_file_reliability
[2025-02-11T08:57:53.723+0000] {branch.py:38} INFO - Branch into verify_file_reliability
[2025-02-11T08:57:53.723+0000] {skipmixin.py:230} INFO - Following branch ('verify_file_reliability',)
[2025-02-11T08:57:53.736+0000] {skipmixin.py:278} INFO - Skipping tasks []
[2025-02-11T08:57:53.760+0000] {taskinstance.py:340} INFO - ::group::Post task execution logs
[2025-02-11T08:57:53.761+0000] {taskinstance.py:352} INFO - Marking task as SUCCESS. dag_id=IMPORTATION_ECRITURE_COMPTABLES_ARTICLE_dag, task_id=check_file_in_directory, run_id=scheduled__2025-02-11T08:56:00+00:00, execution_date=20250211T085600, start_date=20250211T085753, end_date=20250211T085753
[2025-02-11T08:57:53.770+0000] {logging_mixin.py:190} INFO - Task instance in success state
[2025-02-11T08:57:53.771+0000] {logging_mixin.py:190} INFO -  Previous state of the Task instance: running
[2025-02-11T08:57:53.771+0000] {logging_mixin.py:190} INFO - Dag name:IMPORTATION_ECRITURE_COMPTABLES_ARTICLE_dag queued_at:2025-02-11 08:57:49.972937+00:00
[2025-02-11T08:57:53.772+0000] {logging_mixin.py:190} INFO - Task hostname:b6443be51f35 operator:BranchPythonOperator
[2025-02-11T08:57:53.785+0000] {local_task_job_runner.py:266} INFO - Task exited with return code 0
[2025-02-11T08:57:53.811+0000] {taskinstance.py:3895} INFO - 1 downstream tasks scheduled from follow-on schedule check
[2025-02-11T08:57:53.814+0000] {local_task_job_runner.py:245} INFO - ::endgroup::
