[2025-02-10T14:53:26.802+0000] {local_task_job_runner.py:123} INFO - ::group::Pre task execution logs
[2025-02-10T14:53:26.821+0000] {taskinstance.py:2613} INFO - Dependencies all met for dep_context=non-requeueable deps ti=<TaskInstance: directory_and_file_verification_dag.import_temp_ecc_to_ecc manual__2025-02-10T14:53:18.087043+00:00 [queued]>
[2025-02-10T14:53:26.831+0000] {taskinstance.py:2613} INFO - Dependencies all met for dep_context=requeueable deps ti=<TaskInstance: directory_and_file_verification_dag.import_temp_ecc_to_ecc manual__2025-02-10T14:53:18.087043+00:00 [queued]>
[2025-02-10T14:53:26.832+0000] {taskinstance.py:2866} INFO - Starting attempt 1 of 1
[2025-02-10T14:53:26.845+0000] {taskinstance.py:2889} INFO - Executing <Task(BranchPythonOperator): import_temp_ecc_to_ecc> on 2025-02-10 14:53:18.087043+00:00
[2025-02-10T14:53:26.850+0000] {warnings.py:112} WARNING - /home/***/.local/lib/python3.12/site-packages/***/task/task_runner/standard_task_runner.py:70: DeprecationWarning: This process (pid=6023) is multi-threaded, use of fork() may lead to deadlocks in the child.
  pid = os.fork()

[2025-02-10T14:53:26.852+0000] {standard_task_runner.py:72} INFO - Started process 6025 to run task
[2025-02-10T14:53:26.852+0000] {standard_task_runner.py:104} INFO - Running: ['***', 'tasks', 'run', 'directory_and_file_verification_dag', 'import_temp_ecc_to_ecc', 'manual__2025-02-10T14:53:18.087043+00:00', '--job-id', '264', '--raw', '--subdir', 'DAGS_FOLDER/my_directory_and_file_checker.py', '--cfg-path', '/tmp/tmpmeyergs3']
[2025-02-10T14:53:26.854+0000] {standard_task_runner.py:105} INFO - Job 264: Subtask import_temp_ecc_to_ecc
[2025-02-10T14:53:26.895+0000] {task_command.py:467} INFO - Running <TaskInstance: directory_and_file_verification_dag.import_temp_ecc_to_ecc manual__2025-02-10T14:53:18.087043+00:00 [running]> on host b6443be51f35
[2025-02-10T14:53:27.112+0000] {taskinstance.py:3132} INFO - Exporting env vars: AIRFLOW_CTX_DAG_OWNER='***' AIRFLOW_CTX_DAG_ID='directory_and_file_verification_dag' AIRFLOW_CTX_TASK_ID='import_temp_ecc_to_ecc' AIRFLOW_CTX_EXECUTION_DATE='2025-02-10T14:53:18.087043+00:00' AIRFLOW_CTX_TRY_NUMBER='1' AIRFLOW_CTX_DAG_RUN_ID='manual__2025-02-10T14:53:18.087043+00:00'
[2025-02-10T14:53:27.113+0000] {logging_mixin.py:190} INFO - Task instance is in running state
[2025-02-10T14:53:27.114+0000] {logging_mixin.py:190} INFO -  Previous state of the Task instance: queued
[2025-02-10T14:53:27.115+0000] {logging_mixin.py:190} INFO - Current task name:import_temp_ecc_to_ecc state:running start_date:2025-02-10 14:53:26.822529+00:00
[2025-02-10T14:53:27.115+0000] {logging_mixin.py:190} INFO - Dag name:directory_and_file_verification_dag and current dag run status:running
[2025-02-10T14:53:27.116+0000] {taskinstance.py:731} INFO - ::endgroup::
[2025-02-10T14:53:27.117+0000] {baseoperator.py:421} WARNING - BranchPythonOperator.execute cannot be called outside TaskInstance!
[2025-02-10T14:53:27.124+0000] {base.py:84} INFO - Retrieving connection 'mysql_conn'
[2025-02-10T14:53:27.135+0000] {sql.py:553} INFO - Running statement:  SELECT * FROM temp_ecc; , parameters: None
[2025-02-10T14:53:27.136+0000] {sql.py:562} INFO - Rows affected: 2
[2025-02-10T14:53:27.142+0000] {python.py:240} INFO - Done. Returned value was: end
[2025-02-10T14:53:27.143+0000] {branch.py:38} INFO - Branch into end
[2025-02-10T14:53:27.143+0000] {skipmixin.py:230} INFO - Following branch ('end',)
[2025-02-10T14:53:27.151+0000] {skipmixin.py:278} INFO - Skipping tasks []
[2025-02-10T14:53:27.174+0000] {taskinstance.py:340} INFO - ::group::Post task execution logs
[2025-02-10T14:53:27.175+0000] {taskinstance.py:352} INFO - Marking task as SUCCESS. dag_id=directory_and_file_verification_dag, task_id=import_temp_ecc_to_ecc, run_id=manual__2025-02-10T14:53:18.087043+00:00, execution_date=20250210T145318, start_date=20250210T145326, end_date=20250210T145327
[2025-02-10T14:53:27.184+0000] {logging_mixin.py:190} INFO - Task instance in success state
[2025-02-10T14:53:27.185+0000] {logging_mixin.py:190} INFO -  Previous state of the Task instance: running
[2025-02-10T14:53:27.185+0000] {logging_mixin.py:190} INFO - Dag name:directory_and_file_verification_dag queued_at:2025-02-10 14:53:18.097462+00:00
[2025-02-10T14:53:27.186+0000] {logging_mixin.py:190} INFO - Task hostname:b6443be51f35 operator:BranchPythonOperator
[2025-02-10T14:53:27.228+0000] {local_task_job_runner.py:266} INFO - Task exited with return code 0
[2025-02-10T14:53:27.251+0000] {taskinstance.py:3895} INFO - 0 downstream tasks scheduled from follow-on schedule check
[2025-02-10T14:53:27.254+0000] {local_task_job_runner.py:245} INFO - ::endgroup::
