[2025-02-10T00:44:08.456+0000] {local_task_job_runner.py:123} INFO - ::group::Pre task execution logs
[2025-02-10T00:44:08.471+0000] {taskinstance.py:2613} INFO - Dependencies all met for dep_context=non-requeueable deps ti=<TaskInstance: directory_and_file_verification_dag.check_directory manual__2025-02-10T00:44:06.411162+00:00 [queued]>
[2025-02-10T00:44:08.478+0000] {taskinstance.py:2613} INFO - Dependencies all met for dep_context=requeueable deps ti=<TaskInstance: directory_and_file_verification_dag.check_directory manual__2025-02-10T00:44:06.411162+00:00 [queued]>
[2025-02-10T00:44:08.479+0000] {taskinstance.py:2866} INFO - Starting attempt 1 of 1
[2025-02-10T00:44:08.587+0000] {taskinstance.py:2889} INFO - Executing <Task(BranchPythonOperator): check_directory> on 2025-02-10 00:44:06.411162+00:00
[2025-02-10T00:44:08.592+0000] {warnings.py:112} WARNING - /home/***/.local/lib/python3.12/site-packages/***/task/task_runner/standard_task_runner.py:70: DeprecationWarning: This process (pid=627) is multi-threaded, use of fork() may lead to deadlocks in the child.
  pid = os.fork()

[2025-02-10T00:44:08.594+0000] {standard_task_runner.py:72} INFO - Started process 629 to run task
[2025-02-10T00:44:08.594+0000] {standard_task_runner.py:104} INFO - Running: ['***', 'tasks', 'run', 'directory_and_file_verification_dag', 'check_directory', 'manual__2025-02-10T00:44:06.411162+00:00', '--job-id', '161', '--raw', '--subdir', 'DAGS_FOLDER/my_directory_and_file_checker.py', '--cfg-path', '/tmp/tmpphkxr60u']
[2025-02-10T00:44:08.595+0000] {standard_task_runner.py:105} INFO - Job 161: Subtask check_directory
[2025-02-10T00:44:08.641+0000] {task_command.py:467} INFO - Running <TaskInstance: directory_and_file_verification_dag.check_directory manual__2025-02-10T00:44:06.411162+00:00 [running]> on host b6443be51f35
[2025-02-10T00:44:08.711+0000] {taskinstance.py:3132} INFO - Exporting env vars: AIRFLOW_CTX_DAG_OWNER='***' AIRFLOW_CTX_DAG_ID='directory_and_file_verification_dag' AIRFLOW_CTX_TASK_ID='check_directory' AIRFLOW_CTX_EXECUTION_DATE='2025-02-10T00:44:06.411162+00:00' AIRFLOW_CTX_TRY_NUMBER='1' AIRFLOW_CTX_DAG_RUN_ID='manual__2025-02-10T00:44:06.411162+00:00'
[2025-02-10T00:44:08.713+0000] {logging_mixin.py:190} INFO - Task instance is in running state
[2025-02-10T00:44:08.713+0000] {logging_mixin.py:190} INFO -  Previous state of the Task instance: queued
[2025-02-10T00:44:08.714+0000] {logging_mixin.py:190} INFO - Current task name:check_directory state:running start_date:2025-02-10 00:44:08.472483+00:00
[2025-02-10T00:44:08.715+0000] {logging_mixin.py:190} INFO - Dag name:directory_and_file_verification_dag and current dag run status:running
[2025-02-10T00:44:08.715+0000] {taskinstance.py:731} INFO - ::endgroup::
[2025-02-10T00:44:08.716+0000] {baseoperator.py:421} WARNING - BranchPythonOperator.execute cannot be called outside TaskInstance!
[2025-02-10T00:44:08.718+0000] {python.py:240} INFO - Done. Returned value was: check_file_in_directory
[2025-02-10T00:44:08.718+0000] {branch.py:38} INFO - Branch into check_file_in_directory
[2025-02-10T00:44:08.719+0000] {skipmixin.py:230} INFO - Following branch ('check_file_in_directory',)
[2025-02-10T00:44:08.731+0000] {skipmixin.py:278} INFO - Skipping tasks []
[2025-02-10T00:44:08.757+0000] {taskinstance.py:340} INFO - ::group::Post task execution logs
[2025-02-10T00:44:08.758+0000] {taskinstance.py:352} INFO - Marking task as SUCCESS. dag_id=directory_and_file_verification_dag, task_id=check_directory, run_id=manual__2025-02-10T00:44:06.411162+00:00, execution_date=20250210T004406, start_date=20250210T004408, end_date=20250210T004408
[2025-02-10T00:44:08.767+0000] {logging_mixin.py:190} INFO - Task instance in success state
[2025-02-10T00:44:08.767+0000] {logging_mixin.py:190} INFO -  Previous state of the Task instance: running
[2025-02-10T00:44:08.768+0000] {logging_mixin.py:190} INFO - Dag name:directory_and_file_verification_dag queued_at:2025-02-10 00:44:06.418174+00:00
[2025-02-10T00:44:08.769+0000] {logging_mixin.py:190} INFO - Task hostname:b6443be51f35 operator:BranchPythonOperator
[2025-02-10T00:44:08.809+0000] {local_task_job_runner.py:266} INFO - Task exited with return code 0
[2025-02-10T00:44:08.837+0000] {taskinstance.py:3895} INFO - 1 downstream tasks scheduled from follow-on schedule check
[2025-02-10T00:44:08.840+0000] {local_task_job_runner.py:245} INFO - ::endgroup::
