[2025-02-07T22:42:45.467+0000] {local_task_job_runner.py:123} INFO - ::group::Pre task execution logs
[2025-02-07T22:42:45.768+0000] {taskinstance.py:2613} INFO - Dependencies all met for dep_context=non-requeueable deps ti=<TaskInstance: directory_and_file_verification_dag.check_directory scheduled__2025-02-07T21:00:00+00:00 [queued]>
[2025-02-07T22:42:45.783+0000] {taskinstance.py:2613} INFO - Dependencies all met for dep_context=requeueable deps ti=<TaskInstance: directory_and_file_verification_dag.check_directory scheduled__2025-02-07T21:00:00+00:00 [queued]>
[2025-02-07T22:42:45.795+0000] {taskinstance.py:2866} INFO - Starting attempt 1 of 1
[2025-02-07T22:42:45.830+0000] {taskinstance.py:2889} INFO - Executing <Task(BranchPythonOperator): check_directory> on 2025-02-07 21:00:00+00:00
[2025-02-07T22:42:45.842+0000] {warnings.py:112} WARNING - /home/***/.local/lib/python3.12/site-packages/***/task/task_runner/standard_task_runner.py:70: DeprecationWarning: This process (pid=20153) is multi-threaded, use of fork() may lead to deadlocks in the child.
  pid = os.fork()

[2025-02-07T22:42:45.845+0000] {standard_task_runner.py:72} INFO - Started process 20165 to run task
[2025-02-07T22:42:45.846+0000] {standard_task_runner.py:104} INFO - Running: ['***', 'tasks', 'run', 'directory_and_file_verification_dag', 'check_directory', 'scheduled__2025-02-07T21:00:00+00:00', '--job-id', '1078', '--raw', '--subdir', 'DAGS_FOLDER/my_directory_and_file_checker.py', '--cfg-path', '/tmp/tmpu36ta_v4']
[2025-02-07T22:42:45.848+0000] {standard_task_runner.py:105} INFO - Job 1078: Subtask check_directory
[2025-02-07T22:42:45.913+0000] {task_command.py:467} INFO - Running <TaskInstance: directory_and_file_verification_dag.check_directory scheduled__2025-02-07T21:00:00+00:00 [running]> on host 003b7fbea265
[2025-02-07T22:42:46.046+0000] {taskinstance.py:3132} INFO - Exporting env vars: AIRFLOW_CTX_DAG_OWNER='***' AIRFLOW_CTX_DAG_ID='directory_and_file_verification_dag' AIRFLOW_CTX_TASK_ID='check_directory' AIRFLOW_CTX_EXECUTION_DATE='2025-02-07T21:00:00+00:00' AIRFLOW_CTX_TRY_NUMBER='1' AIRFLOW_CTX_DAG_RUN_ID='scheduled__2025-02-07T21:00:00+00:00'
[2025-02-07T22:42:46.049+0000] {logging_mixin.py:190} INFO - Task instance is in running state
[2025-02-07T22:42:46.050+0000] {logging_mixin.py:190} INFO -  Previous state of the Task instance: queued
[2025-02-07T22:42:46.050+0000] {logging_mixin.py:190} INFO - Current task name:check_directory state:running start_date:2025-02-07 22:42:45.768953+00:00
[2025-02-07T22:42:46.051+0000] {logging_mixin.py:190} INFO - Dag name:directory_and_file_verification_dag and current dag run status:running
[2025-02-07T22:42:46.052+0000] {taskinstance.py:731} INFO - ::endgroup::
[2025-02-07T22:42:46.052+0000] {baseoperator.py:421} WARNING - BranchPythonOperator.execute cannot be called outside TaskInstance!
[2025-02-07T22:42:46.055+0000] {logging_mixin.py:190} INFO - borusss ['in', 'logs', 'out', 'statu_date_execution.txt', 'succes_date_execution.txt', 'test', 'Écritures - Copie.csv.bak', 'Écritures comptables article.csv.bak', 'Écritures.csv.bak']
[2025-02-07T22:42:46.056+0000] {python.py:240} INFO - Done. Returned value was: check_file_in_directory
[2025-02-07T22:42:46.056+0000] {branch.py:38} INFO - Branch into check_file_in_directory
[2025-02-07T22:42:46.057+0000] {skipmixin.py:230} INFO - Following branch ('check_file_in_directory',)
[2025-02-07T22:42:46.070+0000] {skipmixin.py:278} INFO - Skipping tasks []
[2025-02-07T22:42:46.104+0000] {taskinstance.py:340} INFO - ::group::Post task execution logs
[2025-02-07T22:42:46.105+0000] {taskinstance.py:352} INFO - Marking task as SUCCESS. dag_id=directory_and_file_verification_dag, task_id=check_directory, run_id=scheduled__2025-02-07T21:00:00+00:00, execution_date=20250207T210000, start_date=20250207T224245, end_date=20250207T224246
[2025-02-07T22:42:46.116+0000] {logging_mixin.py:190} INFO - Task instance in success state
[2025-02-07T22:42:46.117+0000] {logging_mixin.py:190} INFO -  Previous state of the Task instance: running
[2025-02-07T22:42:46.117+0000] {logging_mixin.py:190} INFO - Dag name:directory_and_file_verification_dag queued_at:2025-02-07 22:42:40.612377+00:00
[2025-02-07T22:42:46.118+0000] {logging_mixin.py:190} INFO - Task hostname:003b7fbea265 operator:BranchPythonOperator
[2025-02-07T22:42:46.143+0000] {local_task_job_runner.py:266} INFO - Task exited with return code 0
[2025-02-07T22:42:46.180+0000] {taskinstance.py:3895} INFO - 1 downstream tasks scheduled from follow-on schedule check
[2025-02-07T22:42:46.182+0000] {local_task_job_runner.py:245} INFO - ::endgroup::
[2025-02-07T22:44:08.802+0000] {local_task_job_runner.py:123} INFO - ::group::Pre task execution logs
[2025-02-07T22:44:09.058+0000] {taskinstance.py:2613} INFO - Dependencies all met for dep_context=non-requeueable deps ti=<TaskInstance: directory_and_file_verification_dag.check_directory scheduled__2025-02-07T21:00:00+00:00 [queued]>
[2025-02-07T22:44:09.073+0000] {taskinstance.py:2613} INFO - Dependencies all met for dep_context=requeueable deps ti=<TaskInstance: directory_and_file_verification_dag.check_directory scheduled__2025-02-07T21:00:00+00:00 [queued]>
[2025-02-07T22:44:09.073+0000] {taskinstance.py:2866} INFO - Starting attempt 1 of 1
[2025-02-07T22:44:09.108+0000] {taskinstance.py:2889} INFO - Executing <Task(BranchPythonOperator): check_directory> on 2025-02-07 21:00:00+00:00
[2025-02-07T22:44:09.123+0000] {warnings.py:112} WARNING - /home/***/.local/lib/python3.12/site-packages/***/task/task_runner/standard_task_runner.py:70: DeprecationWarning: This process (pid=20357) is multi-threaded, use of fork() may lead to deadlocks in the child.
  pid = os.fork()

[2025-02-07T22:44:09.126+0000] {standard_task_runner.py:72} INFO - Started process 20367 to run task
[2025-02-07T22:44:09.128+0000] {standard_task_runner.py:104} INFO - Running: ['***', 'tasks', 'run', 'directory_and_file_verification_dag', 'check_directory', 'scheduled__2025-02-07T21:00:00+00:00', '--job-id', '1125', '--raw', '--subdir', 'DAGS_FOLDER/my_directory_and_file_checker.py', '--cfg-path', '/tmp/tmpkagkpiws']
[2025-02-07T22:44:09.130+0000] {standard_task_runner.py:105} INFO - Job 1125: Subtask check_directory
[2025-02-07T22:44:09.213+0000] {task_command.py:467} INFO - Running <TaskInstance: directory_and_file_verification_dag.check_directory scheduled__2025-02-07T21:00:00+00:00 [running]> on host 003b7fbea265
[2025-02-07T22:44:09.393+0000] {taskinstance.py:3132} INFO - Exporting env vars: AIRFLOW_CTX_DAG_OWNER='***' AIRFLOW_CTX_DAG_ID='directory_and_file_verification_dag' AIRFLOW_CTX_TASK_ID='check_directory' AIRFLOW_CTX_EXECUTION_DATE='2025-02-07T21:00:00+00:00' AIRFLOW_CTX_TRY_NUMBER='1' AIRFLOW_CTX_DAG_RUN_ID='scheduled__2025-02-07T21:00:00+00:00'
[2025-02-07T22:44:09.396+0000] {logging_mixin.py:190} INFO - Task instance is in running state
[2025-02-07T22:44:09.397+0000] {logging_mixin.py:190} INFO -  Previous state of the Task instance: queued
[2025-02-07T22:44:09.398+0000] {logging_mixin.py:190} INFO - Current task name:check_directory state:running start_date:2025-02-07 22:44:09.059559+00:00
[2025-02-07T22:44:09.398+0000] {logging_mixin.py:190} INFO - Dag name:directory_and_file_verification_dag and current dag run status:running
[2025-02-07T22:44:09.399+0000] {taskinstance.py:731} INFO - ::endgroup::
[2025-02-07T22:44:09.400+0000] {baseoperator.py:421} WARNING - BranchPythonOperator.execute cannot be called outside TaskInstance!
[2025-02-07T22:44:09.403+0000] {logging_mixin.py:190} INFO - borusss ['in', 'logs', 'out', 'statu_date_execution.txt', 'succes_date_execution.txt', 'test', 'Écritures - Copie.csv.bak', 'Écritures comptables article.csv.bak', 'Écritures.csv.bak']
[2025-02-07T22:44:09.403+0000] {python.py:240} INFO - Done. Returned value was: check_file_in_directory
[2025-02-07T22:44:09.404+0000] {branch.py:38} INFO - Branch into check_file_in_directory
[2025-02-07T22:44:09.405+0000] {skipmixin.py:230} INFO - Following branch ('check_file_in_directory',)
[2025-02-07T22:44:09.420+0000] {skipmixin.py:278} INFO - Skipping tasks []
[2025-02-07T22:44:09.460+0000] {taskinstance.py:340} INFO - ::group::Post task execution logs
[2025-02-07T22:44:09.461+0000] {taskinstance.py:352} INFO - Marking task as SUCCESS. dag_id=directory_and_file_verification_dag, task_id=check_directory, run_id=scheduled__2025-02-07T21:00:00+00:00, execution_date=20250207T210000, start_date=20250207T224409, end_date=20250207T224409
[2025-02-07T22:44:09.475+0000] {logging_mixin.py:190} INFO - Task instance in success state
[2025-02-07T22:44:09.476+0000] {logging_mixin.py:190} INFO -  Previous state of the Task instance: running
[2025-02-07T22:44:09.477+0000] {logging_mixin.py:190} INFO - Dag name:directory_and_file_verification_dag queued_at:2025-02-07 22:44:05.295186+00:00
[2025-02-07T22:44:09.477+0000] {logging_mixin.py:190} INFO - Task hostname:003b7fbea265 operator:BranchPythonOperator
[2025-02-07T22:44:09.512+0000] {local_task_job_runner.py:266} INFO - Task exited with return code 0
[2025-02-07T22:44:09.559+0000] {taskinstance.py:3895} INFO - 1 downstream tasks scheduled from follow-on schedule check
[2025-02-07T22:44:09.561+0000] {local_task_job_runner.py:245} INFO - ::endgroup::
[2025-02-07T23:12:14.995+0000] {local_task_job_runner.py:123} INFO - ::group::Pre task execution logs
[2025-02-07T23:12:15.511+0000] {taskinstance.py:2613} INFO - Dependencies all met for dep_context=non-requeueable deps ti=<TaskInstance: directory_and_file_verification_dag.check_directory scheduled__2025-02-07T21:00:00+00:00 [queued]>
[2025-02-07T23:12:15.664+0000] {taskinstance.py:2613} INFO - Dependencies all met for dep_context=requeueable deps ti=<TaskInstance: directory_and_file_verification_dag.check_directory scheduled__2025-02-07T21:00:00+00:00 [queued]>
[2025-02-07T23:12:15.673+0000] {taskinstance.py:2866} INFO - Starting attempt 1 of 1
[2025-02-07T23:12:15.801+0000] {taskinstance.py:2889} INFO - Executing <Task(BranchPythonOperator): check_directory> on 2025-02-07 21:00:00+00:00
[2025-02-07T23:12:15.819+0000] {warnings.py:112} WARNING - /home/***/.local/lib/python3.12/site-packages/***/task/task_runner/standard_task_runner.py:70: DeprecationWarning: This process (pid=20907) is multi-threaded, use of fork() may lead to deadlocks in the child.
  pid = os.fork()

[2025-02-07T23:12:15.829+0000] {standard_task_runner.py:72} INFO - Started process 20923 to run task
[2025-02-07T23:12:15.825+0000] {standard_task_runner.py:104} INFO - Running: ['***', 'tasks', 'run', 'directory_and_file_verification_dag', 'check_directory', 'scheduled__2025-02-07T21:00:00+00:00', '--job-id', '1172', '--raw', '--subdir', 'DAGS_FOLDER/my_directory_and_file_checker.py', '--cfg-path', '/tmp/tmp45g57_5b']
[2025-02-07T23:12:15.833+0000] {standard_task_runner.py:105} INFO - Job 1172: Subtask check_directory
[2025-02-07T23:12:16.102+0000] {task_command.py:467} INFO - Running <TaskInstance: directory_and_file_verification_dag.check_directory scheduled__2025-02-07T21:00:00+00:00 [running]> on host 003b7fbea265
[2025-02-07T23:12:16.655+0000] {taskinstance.py:3132} INFO - Exporting env vars: AIRFLOW_CTX_DAG_OWNER='***' AIRFLOW_CTX_DAG_ID='directory_and_file_verification_dag' AIRFLOW_CTX_TASK_ID='check_directory' AIRFLOW_CTX_EXECUTION_DATE='2025-02-07T21:00:00+00:00' AIRFLOW_CTX_TRY_NUMBER='1' AIRFLOW_CTX_DAG_RUN_ID='scheduled__2025-02-07T21:00:00+00:00'
[2025-02-07T23:12:16.666+0000] {logging_mixin.py:190} INFO - Task instance is in running state
[2025-02-07T23:12:16.672+0000] {logging_mixin.py:190} INFO -  Previous state of the Task instance: queued
[2025-02-07T23:12:16.673+0000] {logging_mixin.py:190} INFO - Current task name:check_directory state:running start_date:2025-02-07 23:12:15.624203+00:00
[2025-02-07T23:12:16.686+0000] {logging_mixin.py:190} INFO - Dag name:directory_and_file_verification_dag and current dag run status:running
[2025-02-07T23:12:16.688+0000] {taskinstance.py:731} INFO - ::endgroup::
[2025-02-07T23:12:16.695+0000] {baseoperator.py:421} WARNING - BranchPythonOperator.execute cannot be called outside TaskInstance!
[2025-02-07T23:12:16.735+0000] {logging_mixin.py:190} INFO - borusss ['in', 'logs', 'out', 'statu_date_execution.txt', 'succes_date_execution.txt', 'test', 'Écritures - Copie.csv.bak', 'Écritures comptables article.csv.bak', 'Écritures.csv.bak']
[2025-02-07T23:12:16.736+0000] {python.py:240} INFO - Done. Returned value was: check_file_in_directory
[2025-02-07T23:12:16.737+0000] {branch.py:38} INFO - Branch into check_file_in_directory
[2025-02-07T23:12:16.738+0000] {skipmixin.py:230} INFO - Following branch ('check_file_in_directory',)
[2025-02-07T23:12:16.778+0000] {skipmixin.py:278} INFO - Skipping tasks []
[2025-02-07T23:12:16.942+0000] {taskinstance.py:340} INFO - ::group::Post task execution logs
[2025-02-07T23:12:16.963+0000] {taskinstance.py:352} INFO - Marking task as SUCCESS. dag_id=directory_and_file_verification_dag, task_id=check_directory, run_id=scheduled__2025-02-07T21:00:00+00:00, execution_date=20250207T210000, start_date=20250207T231215, end_date=20250207T231216
[2025-02-07T23:12:17.048+0000] {logging_mixin.py:190} INFO - Task instance in success state
[2025-02-07T23:12:17.055+0000] {logging_mixin.py:190} INFO -  Previous state of the Task instance: running
[2025-02-07T23:12:17.059+0000] {logging_mixin.py:190} INFO - Dag name:directory_and_file_verification_dag queued_at:2025-02-07 23:12:09.125627+00:00
[2025-02-07T23:12:17.072+0000] {logging_mixin.py:190} INFO - Task hostname:003b7fbea265 operator:BranchPythonOperator
[2025-02-07T23:12:17.136+0000] {local_task_job_runner.py:266} INFO - Task exited with return code 0
[2025-02-07T23:12:17.277+0000] {taskinstance.py:3895} INFO - 1 downstream tasks scheduled from follow-on schedule check
[2025-02-07T23:12:17.289+0000] {local_task_job_runner.py:245} INFO - ::endgroup::
