[2025-02-12T23:29:03.381+0000] {local_task_job_runner.py:123} INFO - ::group::Pre task execution logs
[2025-02-12T23:29:03.487+0000] {taskinstance.py:2613} INFO - Dependencies all met for dep_context=non-requeueable deps ti=<TaskInstance: IMPORTATION_ECRITURE_COMPTABLES_ARTICLE_dag.check_file_in_directory scheduled__2025-02-12T23:28:00+00:00 [queued]>
[2025-02-12T23:29:03.495+0000] {taskinstance.py:2613} INFO - Dependencies all met for dep_context=requeueable deps ti=<TaskInstance: IMPORTATION_ECRITURE_COMPTABLES_ARTICLE_dag.check_file_in_directory scheduled__2025-02-12T23:28:00+00:00 [queued]>
[2025-02-12T23:29:03.496+0000] {taskinstance.py:2866} INFO - Starting attempt 1 of 2
[2025-02-12T23:29:03.509+0000] {taskinstance.py:2889} INFO - Executing <Task(BranchPythonOperator): check_file_in_directory> on 2025-02-12 23:28:00+00:00
[2025-02-12T23:29:03.514+0000] {warnings.py:112} WARNING - /home/***/.local/lib/python3.12/site-packages/***/task/task_runner/standard_task_runner.py:70: DeprecationWarning: This process (pid=2086) is multi-threaded, use of fork() may lead to deadlocks in the child.
  pid = os.fork()

[2025-02-12T23:29:03.515+0000] {standard_task_runner.py:104} INFO - Running: ['***', 'tasks', 'run', 'IMPORTATION_ECRITURE_COMPTABLES_ARTICLE_dag', 'check_file_in_directory', 'scheduled__2025-02-12T23:28:00+00:00', '--job-id', '5748', '--raw', '--subdir', 'DAGS_FOLDER/my_directory_and_file_checker.py', '--cfg-path', '/tmp/tmptc2vxaov']
[2025-02-12T23:29:03.515+0000] {standard_task_runner.py:72} INFO - Started process 2088 to run task
[2025-02-12T23:29:03.516+0000] {standard_task_runner.py:105} INFO - Job 5748: Subtask check_file_in_directory
[2025-02-12T23:29:03.554+0000] {task_command.py:467} INFO - Running <TaskInstance: IMPORTATION_ECRITURE_COMPTABLES_ARTICLE_dag.check_file_in_directory scheduled__2025-02-12T23:28:00+00:00 [running]> on host b6443be51f35
[2025-02-12T23:29:03.626+0000] {taskinstance.py:3132} INFO - Exporting env vars: AIRFLOW_CTX_DAG_OWNER='***' AIRFLOW_CTX_DAG_ID='IMPORTATION_ECRITURE_COMPTABLES_ARTICLE_dag' AIRFLOW_CTX_TASK_ID='check_file_in_directory' AIRFLOW_CTX_EXECUTION_DATE='2025-02-12T23:28:00+00:00' AIRFLOW_CTX_TRY_NUMBER='1' AIRFLOW_CTX_DAG_RUN_ID='scheduled__2025-02-12T23:28:00+00:00'
[2025-02-12T23:29:03.627+0000] {logging_mixin.py:190} INFO - Task instance is in running state
[2025-02-12T23:29:03.627+0000] {logging_mixin.py:190} INFO -  Previous state of the Task instance: queued
[2025-02-12T23:29:03.628+0000] {logging_mixin.py:190} INFO - Current task name:check_file_in_directory state:running start_date:2025-02-12 23:29:03.488835+00:00
[2025-02-12T23:29:03.628+0000] {logging_mixin.py:190} INFO - Dag name:IMPORTATION_ECRITURE_COMPTABLES_ARTICLE_dag and current dag run status:running
[2025-02-12T23:29:03.629+0000] {taskinstance.py:731} INFO - ::endgroup::
[2025-02-12T23:29:03.630+0000] {baseoperator.py:421} WARNING - BranchPythonOperator.execute cannot be called outside TaskInstance!
[2025-02-12T23:29:03.630+0000] {logging_mixin.py:190} INFO - ca marche /opt/***/files/in ['.csv']
[2025-02-12T23:29:03.633+0000] {python.py:240} INFO - Done. Returned value was: verify_file_reliability
[2025-02-12T23:29:03.633+0000] {branch.py:38} INFO - Branch into verify_file_reliability
[2025-02-12T23:29:03.634+0000] {skipmixin.py:230} INFO - Following branch ('verify_file_reliability',)
[2025-02-12T23:29:03.642+0000] {skipmixin.py:278} INFO - Skipping tasks []
[2025-02-12T23:29:03.664+0000] {taskinstance.py:340} INFO - ::group::Post task execution logs
[2025-02-12T23:29:03.665+0000] {taskinstance.py:352} INFO - Marking task as SUCCESS. dag_id=IMPORTATION_ECRITURE_COMPTABLES_ARTICLE_dag, task_id=check_file_in_directory, run_id=scheduled__2025-02-12T23:28:00+00:00, execution_date=20250212T232800, start_date=20250212T232903, end_date=20250212T232903
[2025-02-12T23:29:03.672+0000] {logging_mixin.py:190} INFO - Task instance in success state
[2025-02-12T23:29:03.672+0000] {logging_mixin.py:190} INFO -  Previous state of the Task instance: running
[2025-02-12T23:29:03.673+0000] {logging_mixin.py:190} INFO - Dag name:IMPORTATION_ECRITURE_COMPTABLES_ARTICLE_dag queued_at:2025-02-12 23:29:00.656931+00:00
[2025-02-12T23:29:03.673+0000] {logging_mixin.py:190} INFO - Task hostname:b6443be51f35 operator:BranchPythonOperator
[2025-02-12T23:29:03.691+0000] {local_task_job_runner.py:266} INFO - Task exited with return code 0
[2025-02-12T23:29:03.714+0000] {taskinstance.py:3895} INFO - 1 downstream tasks scheduled from follow-on schedule check
[2025-02-12T23:29:03.717+0000] {local_task_job_runner.py:245} INFO - ::endgroup::
[2025-02-12T23:29:38.136+0000] {local_task_job_runner.py:123} INFO - ::group::Pre task execution logs
[2025-02-12T23:29:38.275+0000] {taskinstance.py:2613} INFO - Dependencies all met for dep_context=non-requeueable deps ti=<TaskInstance: IMPORTATION_ECRITURE_COMPTABLES_ARTICLE_dag.check_file_in_directory scheduled__2025-02-12T23:28:00+00:00 [queued]>
[2025-02-12T23:29:38.285+0000] {taskinstance.py:2613} INFO - Dependencies all met for dep_context=requeueable deps ti=<TaskInstance: IMPORTATION_ECRITURE_COMPTABLES_ARTICLE_dag.check_file_in_directory scheduled__2025-02-12T23:28:00+00:00 [queued]>
[2025-02-12T23:29:38.286+0000] {taskinstance.py:2866} INFO - Starting attempt 1 of 2
[2025-02-12T23:29:38.300+0000] {taskinstance.py:2889} INFO - Executing <Task(BranchPythonOperator): check_file_in_directory> on 2025-02-12 23:28:00+00:00
[2025-02-12T23:29:38.307+0000] {warnings.py:112} WARNING - /home/***/.local/lib/python3.12/site-packages/***/task/task_runner/standard_task_runner.py:70: DeprecationWarning: This process (pid=2109) is multi-threaded, use of fork() may lead to deadlocks in the child.
  pid = os.fork()

[2025-02-12T23:29:38.309+0000] {standard_task_runner.py:72} INFO - Started process 2111 to run task
[2025-02-12T23:29:38.309+0000] {standard_task_runner.py:104} INFO - Running: ['***', 'tasks', 'run', 'IMPORTATION_ECRITURE_COMPTABLES_ARTICLE_dag', 'check_file_in_directory', 'scheduled__2025-02-12T23:28:00+00:00', '--job-id', '5752', '--raw', '--subdir', 'DAGS_FOLDER/my_directory_and_file_checker.py', '--cfg-path', '/tmp/tmp77p0im73']
[2025-02-12T23:29:38.310+0000] {standard_task_runner.py:105} INFO - Job 5752: Subtask check_file_in_directory
[2025-02-12T23:29:38.358+0000] {task_command.py:467} INFO - Running <TaskInstance: IMPORTATION_ECRITURE_COMPTABLES_ARTICLE_dag.check_file_in_directory scheduled__2025-02-12T23:28:00+00:00 [running]> on host b6443be51f35
[2025-02-12T23:29:38.431+0000] {taskinstance.py:3132} INFO - Exporting env vars: AIRFLOW_CTX_DAG_OWNER='***' AIRFLOW_CTX_DAG_ID='IMPORTATION_ECRITURE_COMPTABLES_ARTICLE_dag' AIRFLOW_CTX_TASK_ID='check_file_in_directory' AIRFLOW_CTX_EXECUTION_DATE='2025-02-12T23:28:00+00:00' AIRFLOW_CTX_TRY_NUMBER='1' AIRFLOW_CTX_DAG_RUN_ID='scheduled__2025-02-12T23:28:00+00:00'
[2025-02-12T23:29:38.432+0000] {logging_mixin.py:190} INFO - Task instance is in running state
[2025-02-12T23:29:38.433+0000] {logging_mixin.py:190} INFO -  Previous state of the Task instance: queued
[2025-02-12T23:29:38.434+0000] {logging_mixin.py:190} INFO - Current task name:check_file_in_directory state:running start_date:2025-02-12 23:29:38.276369+00:00
[2025-02-12T23:29:38.434+0000] {logging_mixin.py:190} INFO - Dag name:IMPORTATION_ECRITURE_COMPTABLES_ARTICLE_dag and current dag run status:running
[2025-02-12T23:29:38.435+0000] {taskinstance.py:731} INFO - ::endgroup::
[2025-02-12T23:29:38.436+0000] {baseoperator.py:421} WARNING - BranchPythonOperator.execute cannot be called outside TaskInstance!
[2025-02-12T23:29:38.437+0000] {logging_mixin.py:190} INFO - ca marche /opt/***/files/in ['.csv']
[2025-02-12T23:29:38.442+0000] {python.py:240} INFO - Done. Returned value was: verify_file_reliability
[2025-02-12T23:29:38.443+0000] {branch.py:38} INFO - Branch into verify_file_reliability
[2025-02-12T23:29:38.444+0000] {skipmixin.py:230} INFO - Following branch ('verify_file_reliability',)
[2025-02-12T23:29:38.457+0000] {skipmixin.py:278} INFO - Skipping tasks []
[2025-02-12T23:29:38.483+0000] {taskinstance.py:340} INFO - ::group::Post task execution logs
[2025-02-12T23:29:38.484+0000] {taskinstance.py:352} INFO - Marking task as SUCCESS. dag_id=IMPORTATION_ECRITURE_COMPTABLES_ARTICLE_dag, task_id=check_file_in_directory, run_id=scheduled__2025-02-12T23:28:00+00:00, execution_date=20250212T232800, start_date=20250212T232938, end_date=20250212T232938
[2025-02-12T23:29:38.493+0000] {logging_mixin.py:190} INFO - Task instance in success state
[2025-02-12T23:29:38.494+0000] {logging_mixin.py:190} INFO -  Previous state of the Task instance: running
[2025-02-12T23:29:38.495+0000] {logging_mixin.py:190} INFO - Dag name:IMPORTATION_ECRITURE_COMPTABLES_ARTICLE_dag queued_at:2025-02-12 23:29:34.615296+00:00
[2025-02-12T23:29:38.495+0000] {logging_mixin.py:190} INFO - Task hostname:b6443be51f35 operator:BranchPythonOperator
[2025-02-12T23:29:38.525+0000] {local_task_job_runner.py:266} INFO - Task exited with return code 0
[2025-02-12T23:29:38.553+0000] {taskinstance.py:3895} INFO - 1 downstream tasks scheduled from follow-on schedule check
[2025-02-12T23:29:38.556+0000] {local_task_job_runner.py:245} INFO - ::endgroup::
