[2025-02-10T00:33:04.657+0000] {local_task_job_runner.py:123} INFO - ::group::Pre task execution logs
[2025-02-10T00:33:04.786+0000] {taskinstance.py:2613} INFO - Dependencies all met for dep_context=non-requeueable deps ti=<TaskInstance: directory_and_file_verification_dag.verify_file_reliability manual__2025-02-10T00:32:57.937490+00:00 [queued]>
[2025-02-10T00:33:04.795+0000] {taskinstance.py:2613} INFO - Dependencies all met for dep_context=requeueable deps ti=<TaskInstance: directory_and_file_verification_dag.verify_file_reliability manual__2025-02-10T00:32:57.937490+00:00 [queued]>
[2025-02-10T00:33:04.795+0000] {taskinstance.py:2866} INFO - Starting attempt 1 of 1
[2025-02-10T00:33:04.808+0000] {taskinstance.py:2889} INFO - Executing <Task(BranchPythonOperator): verify_file_reliability> on 2025-02-10 00:32:57.937490+00:00
[2025-02-10T00:33:04.813+0000] {warnings.py:112} WARNING - /home/***/.local/lib/python3.12/site-packages/***/task/task_runner/standard_task_runner.py:70: DeprecationWarning: This process (pid=437) is multi-threaded, use of fork() may lead to deadlocks in the child.
  pid = os.fork()

[2025-02-10T00:33:04.814+0000] {standard_task_runner.py:72} INFO - Started process 439 to run task
[2025-02-10T00:33:04.815+0000] {standard_task_runner.py:104} INFO - Running: ['***', 'tasks', 'run', 'directory_and_file_verification_dag', 'verify_file_reliability', 'manual__2025-02-10T00:32:57.937490+00:00', '--job-id', '149', '--raw', '--subdir', 'DAGS_FOLDER/my_directory_and_file_checker.py', '--cfg-path', '/tmp/tmp31tgjjw0']
[2025-02-10T00:33:04.816+0000] {standard_task_runner.py:105} INFO - Job 149: Subtask verify_file_reliability
[2025-02-10T00:33:04.866+0000] {task_command.py:467} INFO - Running <TaskInstance: directory_and_file_verification_dag.verify_file_reliability manual__2025-02-10T00:32:57.937490+00:00 [running]> on host b6443be51f35
[2025-02-10T00:33:04.950+0000] {taskinstance.py:3132} INFO - Exporting env vars: AIRFLOW_CTX_DAG_OWNER='***' AIRFLOW_CTX_DAG_ID='directory_and_file_verification_dag' AIRFLOW_CTX_TASK_ID='verify_file_reliability' AIRFLOW_CTX_EXECUTION_DATE='2025-02-10T00:32:57.937490+00:00' AIRFLOW_CTX_TRY_NUMBER='1' AIRFLOW_CTX_DAG_RUN_ID='manual__2025-02-10T00:32:57.937490+00:00'
[2025-02-10T00:33:04.951+0000] {logging_mixin.py:190} INFO - Task instance is in running state
[2025-02-10T00:33:04.951+0000] {logging_mixin.py:190} INFO -  Previous state of the Task instance: queued
[2025-02-10T00:33:04.952+0000] {logging_mixin.py:190} INFO - Current task name:verify_file_reliability state:running start_date:2025-02-10 00:33:04.786934+00:00
[2025-02-10T00:33:04.952+0000] {logging_mixin.py:190} INFO - Dag name:directory_and_file_verification_dag and current dag run status:running
[2025-02-10T00:33:04.953+0000] {taskinstance.py:731} INFO - ::endgroup::
[2025-02-10T00:33:04.953+0000] {baseoperator.py:421} WARNING - BranchPythonOperator.execute cannot be called outside TaskInstance!
[2025-02-10T00:33:04.954+0000] {logging_mixin.py:190} INFO - camarche22 /opt/***/files/in ['.csv'] ['utf-8', 'ISO-8859-1', 'Windows-1252']
[2025-02-10T00:33:04.962+0000] {logging_mixin.py:190} INFO - 
📂 Contenu du fichier (utf-8): Écritures comptables article - Copie.csv
[2025-02-10T00:33:04.970+0000] {logging_mixin.py:190} INFO -   Date comptabilisation      N° lot Type écriture N° document  N° séquence
0            16/12/2024         NaN         Vente   BL1900145        15735
1            16/12/2024         NaN         Vente      107012        15734
2            11/01/2025  16LABCDE24    Production   RPO000460        15733
3            11/01/2025  16LABCDE24    Production   RPO000460        15731
[2025-02-10T00:33:04.971+0000] {logging_mixin.py:190} INFO - Erreur Type de donnée invalide dans la colonne  Ligne 0 : accounting_date': 16/12/2024 n'est pas du type <class 'datetime.date'>
[2025-02-10T00:33:04.975+0000] {logging_mixin.py:190} INFO - Erreur Type de donnée invalide dans la colonne  Ligne 1 : accounting_date': 16/12/2024 n'est pas du type <class 'datetime.date'>
[2025-02-10T00:33:04.978+0000] {logging_mixin.py:190} INFO - Erreur Type de donnée invalide dans la colonne  Ligne 2 : accounting_date': 11/01/2025 n'est pas du type <class 'datetime.date'>
[2025-02-10T00:33:04.980+0000] {logging_mixin.py:190} INFO - Erreur Type de donnée invalide dans la colonne  Ligne 3 : accounting_date': 11/01/2025 n'est pas du type <class 'datetime.date'>
[2025-02-10T00:33:04.982+0000] {logging_mixin.py:190} INFO - ✅Lignes  ('✅ Le fichier respecte les colonnes attendues et les types de données.', False) 4
[2025-02-10T00:33:04.984+0000] {logging_mixin.py:190} INFO - Merde
[2025-02-10T00:33:04.986+0000] {python.py:240} INFO - Done. Returned value was: end
[2025-02-10T00:33:04.987+0000] {branch.py:38} INFO - Branch into end
[2025-02-10T00:33:04.988+0000] {skipmixin.py:230} INFO - Following branch ('end',)
[2025-02-10T00:33:04.998+0000] {skipmixin.py:278} INFO - Skipping tasks [('import_temp_ecc_to_ecc', -1)]
[2025-02-10T00:33:05.026+0000] {taskinstance.py:340} INFO - ::group::Post task execution logs
[2025-02-10T00:33:05.027+0000] {taskinstance.py:352} INFO - Marking task as SUCCESS. dag_id=directory_and_file_verification_dag, task_id=verify_file_reliability, run_id=manual__2025-02-10T00:32:57.937490+00:00, execution_date=20250210T003257, start_date=20250210T003304, end_date=20250210T003305
[2025-02-10T00:33:05.035+0000] {logging_mixin.py:190} INFO - Task instance in success state
[2025-02-10T00:33:05.035+0000] {logging_mixin.py:190} INFO -  Previous state of the Task instance: running
[2025-02-10T00:33:05.036+0000] {logging_mixin.py:190} INFO - Dag name:directory_and_file_verification_dag queued_at:2025-02-10 00:32:57.950998+00:00
[2025-02-10T00:33:05.036+0000] {logging_mixin.py:190} INFO - Task hostname:b6443be51f35 operator:BranchPythonOperator
[2025-02-10T00:33:05.070+0000] {local_task_job_runner.py:266} INFO - Task exited with return code 0
[2025-02-10T00:33:05.094+0000] {taskinstance.py:3895} INFO - 0 downstream tasks scheduled from follow-on schedule check
[2025-02-10T00:33:05.099+0000] {local_task_job_runner.py:245} INFO - ::endgroup::
